Java HotSpot(TM) 64-Bit Server VM warning: ignoring option MaxPermSize=1g; support was removed in 8.0
Picked up _JAVA_OPTIONS: -Xss16M
[0m[[0minfo[0m] [0mLoading global plugins from /home/yaqiz/.sbt/0.13/plugins[0m
[0m[[0minfo[0m] [0mLoading project definition from /home/yaqiz/spatial-lang/project[0m
[0m[[0minfo[0m] [0mSet current project to spatial-lang (in build file:/home/yaqiz/spatial-lang/)[0m
[0m[[33mwarn[0m] [0mThe `-` command is deprecated in favor of `onFailure` and will be removed in 0.14.0[0m
[0m[[0minfo[0m] [0mCompiling 1 Scala source to /home/yaqiz/spatial-lang/apps/target/scala-2.12/classes...[0m
[0m[[0minfo[0m] [0mRunning Kmeans__I_2_N_16384_K_64_D_64_ts_1024_op_1_mp1_4_mp2_1_mp3_1 --dot --cgra+ --pirsrc /home/yaqiz/pir/pir/apps/src[0m
Loaded RoutingLUTs model from file
Loaded FanoutRegisters model from file
Loaded UnavailableALMs model from file
Loaded TileLoadModel model from file
Compiling Kmeans__I_2_N_16384_K_64_D_64_ts_1024_op_1_mp1_4_mp2_1_mp3_1 to /home/yaqiz/spatial-lang/gen/Kmeans__I_2_N_16384_K_64_D_64_ts_1024_op_1_mp1_4_mp2_1_mp3_1
[[33mwarn[0m] Plasticine only support 32 bit wordwidth. FixConvert to LongType. Use single precision instead Kmeans__I_2_N_16384_K_64_D_64_ts_1024_op_1_mp1_4_mp2_1_mp3_1.scala:41:11
[[33mwarn[0m] Plasticine only support 32 bit wordwidth. FixConvert to LongType. Use single precision instead Kmeans__I_2_N_16384_K_64_D_64_ts_1024_op_1_mp1_4_mp2_1_mp3_1.scala:46:15
[[33mwarn[0m] Plasticine only support 32 bit wordwidth. FixConvert to LongType. Use single precision instead Kmeans__I_2_N_16384_K_64_D_64_ts_1024_op_1_mp1_4_mp2_1_mp3_1.scala:78:33
[[34minfo[0m] mkdir -p /home/yaqiz/pir/pir/apps/src
cp /home/yaqiz/spatial-lang/gen/Kmeans__I_2_N_16384_K_64_D_64_ts_1024_op_1_mp1_4_mp2_1_mp3_1/pir/main.scala /home/yaqiz/pir/pir/apps/src/Kmeans__I_2_N_16384_K_64_D_64_ts_1024_op_1_mp1_4_mp2_1_mp3_1.scala
rm /home/yaqiz/pir/out/Kmeans__I_2_N_16384_K_64_D_64_ts_1024_op_1_mp1_4_mp2_1_mp3_1/Kmeans__I_2_N_16384_K_64_D_64_ts_1024_op_1_mp1_4_mp2_1_mp3_1.pir
[[32mcompleted[0m] Total time: 25.6790 seconds
[0m[[32msuccess[0m] [0mTotal time: 54 s, completed Jul 23, 2018 10:07:45 AM[0m
sbt -batch "apps/run-main Kmeans__I_2_N_16384_K_64_D_64_ts_1024_op_1_mp1_4_mp2_1_mp3_1 --dot --cgra+ --pirsrc /home/yaqiz/pir/pir/apps/src"
-------------PASS (DONE)------------
