Java HotSpot(TM) 64-Bit Server VM warning: ignoring option MaxPermSize=1g; support was removed in 8.0
Picked up _JAVA_OPTIONS: -Xss8192k
[0m[[0minfo[0m] [0mLoading global plugins from /home/yaqiz/.sbt/0.13/plugins[0m
[0m[[0minfo[0m] [0mLoading project definition from /home/yaqiz/pir/project[0m
[0m[[0minfo[0m] [0mSet current project to default-675fdc (in build file:/home/yaqiz/pir/)[0m
[0m[[0minfo[0m] [0mSet current project to apps (in build file:/home/yaqiz/pir/)[0m
[0m[[0minfo[0m] [0mRunning GDA__C_128_R_4096_ts_512_op_1_mp_4 --debug --mapping=true --load-pir=true --save-pir=false --net=static --psim=true --psim_out=/home/yaqiz/plastisim/configs/gen/GDA__C_128_R_4096_ts_512_op_1_mp_4_static/ --run-psim=true --trace=false --ctrl=true --bp=false --stat=false --arch=MyDesign --row=16 --col=8 --argin=64 --tokenout=32[0m
[pir] args=[--load-pir=true, --save-pir=true, --load-spade=false, --save-spade=false, --mapping=true, --splitting=true, --splitting-algo=alias_weighted_igraph, --psim=true, --ctrl=true, --trace=true, --bp=false, --snapint=10, --snapshot=false, --dot=true, --arch=MyDesign, --row=4, --col=4, --net=dynamic, --topo=mesh, --nn=false, --dag=true, --pattern=checkerboard, --argin=20, --argout=4, --tokenout=5, --routing-algo=dor, --routing-cost=H-hop, --debug, --mapping=true, --load-pir=true, --save-pir=false, --net=static, --psim=true, --psim_out=/home/yaqiz/plastisim/configs/gen/GDA__C_128_R_4096_ts_512_op_1_mp_4_static/, --run-psim=true, --trace=false, --ctrl=true, --bp=false, --stat=false, --arch=MyDesign, --row=16, --col=8, --argin=64, --tokenout=32]
[pir] Loading from /home/yaqiz/pir/out/GDA__C_128_R_4096_ts_512_op_1_mp_4/GDA__C_128_R_4096_ts_512_op_1_mp_4.pir[pir] Loading PIRDesign() from /home/yaqiz/pir/out/GDA__C_128_R_4096_ts_512_op_1_mp_4/GDA__C_128_R_4096_ts_512_op_1_mp_4.pir
[pir] Configuring spade MyDesign ...
[pir] Loading from /home/yaqiz/pir/out/GDA__C_128_R_4096_ts_512_op_1_mp_4/GDA__C_128_R_4096_ts_512_op_1_mp_4.sess[pir] Loading prism.Session@7698cb78 from /home/yaqiz/pir/out/GDA__C_128_R_4096_ts_512_op_1_mp_4/GDA__C_128_R_4096_ts_512_op_1_mp_4.sess
[pir] Running 49-CUStatistics ...[pir] Finished 49-CUStatistics to [36mout/GDA__C_128_R_4096_ts_512_op_1_mp_4/stat.json[0m in 1400.720426ms
[pir] Running 50-PlastisimLinkAnalyzer ...[pir] Finished 50-PlastisimLinkAnalyzer in 3809.536915ms
[pir] Running 51-ControllerDotCodegen ...[pir] Finished 51-ControllerDotCodegen to [36mout/GDA__C_128_R_4096_ts_512_op_1_mp_4/controller.dot[0m in 1491.277009ms
[pir] Running 52-PIRIRDotCodegen ...[pir] Finished 52-PIRIRDotCodegen to [36mout/GDA__C_128_R_4096_ts_512_op_1_mp_4/top.dot[0m in 2187.396076ms
[pir] Running 53-SimpleIRDotCodegen ...[pir] Finished 53-SimpleIRDotCodegen to [36mout/GDA__C_128_R_4096_ts_512_op_1_mp_4/simple.dot[0m in 330.089091ms
[pir] Running 54-PIRPrinter ...[pir] Finished 54-PIRPrinter to [36mout/GDA__C_128_R_4096_ts_512_op_1_mp_4/IR.txt[0m in 2093.790715ms
[pir] Running 55-PlastisimDotCodegen ...[pir] [33mcreating output directory: [36m/home/yaqiz/plastisim/configs/gen/GDA__C_128_R_4096_ts_512_op_1_mp_4_static/[0m[0m
[pir] Finished 55-PlastisimDotCodegen to [36mout/GDA__C_128_R_4096_ts_512_op_1_mp_4/psim.dot[0m in 1855.017785ms
[pir] Running 56-CUPruning ...[pir] Finished 56-CUPruning in 2056.08389ms
[pir] Running 57-CUPlacer ...[[32msuccess[0m] CUPlacer succeeded
[pir] Finished 57-CUPlacer in 261484.045599ms
[pir] Running 58-PIRNetworkDotCodegen ...[pir] Finished 58-PIRNetworkDotCodegen to [36mout/GDA__C_128_R_4096_ts_512_op_1_mp_4/control.dot[0m in 707.220609ms
[pir] Running 59-PIRNetworkDotCodegen ...[pir] Finished 59-PIRNetworkDotCodegen to [36mout/GDA__C_128_R_4096_ts_512_op_1_mp_4/scalar.dot[0m in 697.624165ms
[pir] Running 60-PIRNetworkDotCodegen ...[pir] Finished 60-PIRNetworkDotCodegen to [36mout/GDA__C_128_R_4096_ts_512_op_1_mp_4/vector.dot[0m in 657.207937ms
[pir] Running 61-TerminalCSVCodegen ...[pir] Finished 61-TerminalCSVCodegen to [36mout/GDA__C_128_R_4096_ts_512_op_1_mp_4/node.csv[0m in 198.183561ms
[pir] Running 62-LinkCSVCodegen ...[pir] Finished 62-LinkCSVCodegen to [36mout/GDA__C_128_R_4096_ts_512_op_1_mp_4/link.csv[0m in 2144.679798ms
[pir] Running 63-PlastisimPlacementCodegen ...[pir] Finished 63-PlastisimPlacementCodegen to [36mout/GDA__C_128_R_4096_ts_512_op_1_mp_4/pir.place[0m in 1764.216857ms
[pir] Running 65-PlastisimDotCodegen ...[pir] Finished 65-PlastisimDotCodegen to [36mout/GDA__C_128_R_4096_ts_512_op_1_mp_4/psim.dot[0m in 2112.654387ms
[pir] Running 66-PlastisimConfigCodegen ...[[33mcommand[0m] ln -f /home/yaqiz/plastisim/configs/mesh_generic.cfg /home/yaqiz/plastisim/configs/gen/GDA__C_128_R_4096_ts_512_op_1_mp_4_static//
[[33mpsim[0m] /home/yaqiz/plastisim/plastisim -f /home/yaqiz/plastisim/configs/gen/GDA__C_128_R_4096_ts_512_op_1_mp_4_static//config.psim
[[33mpsim[0m] log in /home/yaqiz/pir/out/GDA__C_128_R_4096_ts_512_op_1_mp_4/psim.log
[[32mpsim[0m] Simulation complete at cycle: 4217213
[pir] Finished 66-PlastisimConfigCodegen to [36mout/GDA__C_128_R_4096_ts_512_op_1_mp_4/config.psim[0m in 187503.308939ms
compilation elapsed time: 484.373s
[0m[[32msuccess[0m] [0mTotal time: 487 s, completed Jul 1, 2018 11:04:51 PM[0m
-------------PASS (DONE)------------
