Java HotSpot(TM) 64-Bit Server VM warning: ignoring option MaxPermSize=1g; support was removed in 8.0
Picked up _JAVA_OPTIONS: -Xss8192k
[0m[[0minfo[0m] [0mLoading global plugins from /home/yaqiz/.sbt/0.13/plugins[0m
[0m[[0minfo[0m] [0mLoading project definition from /home/yaqiz/pir/project[0m
[0m[[0minfo[0m] [0mSet current project to default-675fdc (in build file:/home/yaqiz/pir/)[0m
[0m[[0minfo[0m] [0mSet current project to apps (in build file:/home/yaqiz/pir/)[0m
[0m[[0minfo[0m] [0mRunning GDA__C_128_R_4096_ts_256_op_4_mp_1 --debug --mapping=true --load-pir=true --save-pir=false --net=asic --psim=true --psim_out=/home/yaqiz/plastisim/configs/gen/GDA__C_128_R_4096_ts_256_op_4_mp_1_asic/ --run-psim=true --trace=false --ctrl=true --bp=false --stat=false --arch=MyDesign --row=16 --col=8 --argin=64 --tokenout=32[0m
[pir] args=[--load-pir=true, --save-pir=true, --load-spade=false, --save-spade=false, --mapping=true, --splitting=true, --splitting-algo=alias_weighted_igraph, --psim=true, --ctrl=true, --trace=true, --bp=false, --snapint=10, --snapshot=false, --dot=true, --arch=MyDesign, --row=4, --col=4, --net=dynamic, --topo=mesh, --nn=false, --dag=true, --pattern=checkerboard, --argin=20, --argout=4, --tokenout=5, --routing-algo=dor, --routing-cost=H-hop, --debug, --mapping=true, --load-pir=true, --save-pir=false, --net=asic, --psim=true, --psim_out=/home/yaqiz/plastisim/configs/gen/GDA__C_128_R_4096_ts_256_op_4_mp_1_asic/, --run-psim=true, --trace=false, --ctrl=true, --bp=false, --stat=false, --arch=MyDesign, --row=16, --col=8, --argin=64, --tokenout=32]
[pir] Loading from /home/yaqiz/pir/out/GDA__C_128_R_4096_ts_256_op_4_mp_1/GDA__C_128_R_4096_ts_256_op_4_mp_1.pir[pir] Loading PIRDesign() from /home/yaqiz/pir/out/GDA__C_128_R_4096_ts_256_op_4_mp_1/GDA__C_128_R_4096_ts_256_op_4_mp_1.pir
[pir] Configuring spade MyDesign ...
[pir] Loading from /home/yaqiz/pir/out/GDA__C_128_R_4096_ts_256_op_4_mp_1/GDA__C_128_R_4096_ts_256_op_4_mp_1.sess[pir] Loading prism.Session@3a07be7b from /home/yaqiz/pir/out/GDA__C_128_R_4096_ts_256_op_4_mp_1/GDA__C_128_R_4096_ts_256_op_4_mp_1.sess
[pir] Running 49-CUStatistics ...[pir] Finished 49-CUStatistics to [36mout/GDA__C_128_R_4096_ts_256_op_4_mp_1/stat.json[0m in 764.159035ms
[pir] Running 50-PlastisimLinkAnalyzer ...[pir] Finished 50-PlastisimLinkAnalyzer in 7714.948482ms
[pir] Running 51-ControllerDotCodegen ...[pir] Finished 51-ControllerDotCodegen to [36mout/GDA__C_128_R_4096_ts_256_op_4_mp_1/controller.dot[0m in 2727.165981ms
[pir] Running 52-PIRIRDotCodegen ...[pir] Finished 52-PIRIRDotCodegen to [36mout/GDA__C_128_R_4096_ts_256_op_4_mp_1/top.dot[0m in 4809.964182ms
[pir] Running 53-SimpleIRDotCodegen ...[pir] Finished 53-SimpleIRDotCodegen to [36mout/GDA__C_128_R_4096_ts_256_op_4_mp_1/simple.dot[0m in 980.189162ms
[pir] Running 54-PIRPrinter ...[pir] Finished 54-PIRPrinter to [36mout/GDA__C_128_R_4096_ts_256_op_4_mp_1/IR.txt[0m in 5025.680085ms
[pir] Running 55-PlastisimDotCodegen ...[pir] [33mcreating output directory: [36m/home/yaqiz/plastisim/configs/gen/GDA__C_128_R_4096_ts_256_op_4_mp_1_asic/[0m[0m
[pir] Finished 55-PlastisimDotCodegen to [36mout/GDA__C_128_R_4096_ts_256_op_4_mp_1/psim.dot[0m in 5569.605833ms
[pir] Running 56-CUPruning ...[pir] Finished 56-CUPruning in 134.830136ms
[pir] Running 57-CUPlacer ...[[32msuccess[0m] CUPlacer succeeded
[pir] Finished 57-CUPlacer in 7.004737ms
[pir] Running 58-PIRNetworkDotCodegen ...[pir] Finished 58-PIRNetworkDotCodegen to [36mout/GDA__C_128_R_4096_ts_256_op_4_mp_1/control.dot[0m in 0.724842ms
[pir] Running 59-PIRNetworkDotCodegen ...[pir] Finished 59-PIRNetworkDotCodegen to [36mout/GDA__C_128_R_4096_ts_256_op_4_mp_1/scalar.dot[0m in 0.267632ms
[pir] Running 60-PIRNetworkDotCodegen ...[pir] Finished 60-PIRNetworkDotCodegen to [36mout/GDA__C_128_R_4096_ts_256_op_4_mp_1/vector.dot[0m in 0.248433ms
[pir] Running 61-TerminalCSVCodegen ...[pir] Finished 61-TerminalCSVCodegen to [36mout/GDA__C_128_R_4096_ts_256_op_4_mp_1/node.csv[0m in 523.302511ms
[pir] Running 62-LinkCSVCodegen ...[pir] Finished 62-LinkCSVCodegen to [36mout/GDA__C_128_R_4096_ts_256_op_4_mp_1/link.csv[0m in 4465.876671ms
[pir] Running 65-PlastisimDotCodegen ...[pir] Finished 65-PlastisimDotCodegen to [36mout/GDA__C_128_R_4096_ts_256_op_4_mp_1/psim.dot[0m in 5393.051575ms
[pir] Running 66-PlastisimConfigCodegen ...[[33mcommand[0m] ln -f /home/yaqiz/plastisim/configs/mesh_generic.cfg /home/yaqiz/plastisim/configs/gen/GDA__C_128_R_4096_ts_256_op_4_mp_1_asic//
[[33mpsim[0m] /home/yaqiz/plastisim/plastisim -f /home/yaqiz/plastisim/configs/gen/GDA__C_128_R_4096_ts_256_op_4_mp_1_asic//config.psim
[[33mpsim[0m] log in /home/yaqiz/pir/out/GDA__C_128_R_4096_ts_256_op_4_mp_1/psim.log
[[32mpsim[0m] Simulation complete at cycle: 4214856
[pir] Finished 66-PlastisimConfigCodegen to [36mout/GDA__C_128_R_4096_ts_256_op_4_mp_1/config.psim[0m in 274102.594283ms
compilation elapsed time: 314.689s
[0m[[32msuccess[0m] [0mTotal time: 317 s, completed Jul 1, 2018 10:59:26 PM[0m
-------------PASS (DONE)------------
