Java HotSpot(TM) 64-Bit Server VM warning: ignoring option MaxPermSize=1g; support was removed in 8.0
Picked up _JAVA_OPTIONS: -Xss8192k
[0m[[0minfo[0m] [0mLoading global plugins from /home/yaqiz/.sbt/0.13/plugins[0m
[0m[[0minfo[0m] [0mLoading project definition from /home/yaqiz/pir/project[0m
[0m[[0minfo[0m] [0mSet current project to default-675fdc (in build file:/home/yaqiz/pir/)[0m
[0m[[0minfo[0m] [0mSet current project to apps (in build file:/home/yaqiz/pir/)[0m
[0m[[0minfo[0m] [0mRunning GEMM_Blocked__DIM_512_IDIM_256_ts_256_its_128_loop_ii_1_loop_jj_1_loop_kk_1_loop_i_1_loop_k_16 --out=/home/yaqiz/pir/out/GEMM_Blocked__DIM_512_IDIM_256_ts_256_its_128_loop_ii_1_loop_jj_1_loop_kk_1_loop_i_1_loop_k_16_dynamic_v0_s0 --psim-out=/home/yaqiz/plastisim/configs/finals/GEMM_Blocked__DIM_512_IDIM_256_ts_256_its_128_loop_ii_1_loop_jj_1_loop_kk_1_loop_i_1_loop_k_16_dynamic_v0_s0 --debug=false --verbose=true --dot=false --mapping=true --load-pir=true --save-pir=true --psim=true --trace=true --ctrl=true --bp=false --stat=true --net=dynamic --routing-algo=proute --proute-iter=1000 --run-psim=true --arch=MyDesign --row=16 --col=8 --topo=mesh --argin=64 --tokenout=32 --fifo-depth=4 --vfifo=4 --vc=8 --vlink=0 --slink=0[0m
[pir] args=[--load-pir=true, --run-psim=false, --trace=false, --net=static, --stat=false, --vlink=2, --slink=6, --vfifo=4, --row=16, --col=8, --topo=mesh, --routing-algo=dor, --psim-timeout=100000000, --mapping=true, --splitting=true, --save-pir=true, --load-spade=false, --save-spade=false, --splitting-algo=alias_weighted_igraph, --ctrl=true, --bp=false, --snapint=10, --snapshot=false, --dot=true, --psim=false, --arch=MyDesign, --nn=false, --dag=true, --pattern=checkerboard, --argin=20, --argout=4, --tokenout=5, --fifo-depth=10, --vc=10, --routing-cost=H-hop, --out=/home/yaqiz/pir/out/GEMM_Blocked__DIM_512_IDIM_256_ts_256_its_128_loop_ii_1_loop_jj_1_loop_kk_1_loop_i_1_loop_k_16_dynamic_v0_s0, --psim-out=/home/yaqiz/plastisim/configs/finals/GEMM_Blocked__DIM_512_IDIM_256_ts_256_its_128_loop_ii_1_loop_jj_1_loop_kk_1_loop_i_1_loop_k_16_dynamic_v0_s0, --debug=false, --verbose=true, --dot=false, --mapping=true, --load-pir=true, --save-pir=true, --psim=true, --trace=true, --ctrl=true, --bp=false, --stat=true, --net=dynamic, --routing-algo=proute, --proute-iter=1000, --run-psim=true, --arch=MyDesign, --row=16, --col=8, --topo=mesh, --argin=64, --tokenout=32, --fifo-depth=4, --vfifo=4, --vc=8, --vlink=0, --slink=0]
[pir] Output directory set to [36m/home/yaqiz/pir/out/GEMM_Blocked__DIM_512_IDIM_256_ts_256_its_128_loop_ii_1_loop_jj_1_loop_kk_1_loop_i_1_loop_k_16_dynamic_v0_s0[0m
[pir] Loading from /home/yaqiz/pir/out/GEMM_Blocked__DIM_512_IDIM_256_ts_256_its_128_loop_ii_1_loop_jj_1_loop_kk_1_loop_i_1_loop_k_16_dynamic_v0_s0/GEMM_Blocked__DIM_512_IDIM_256_ts_256_its_128_loop_ii_1_loop_jj_1_loop_kk_1_loop_i_1_loop_k_16.pir[pir] Loading PIRDesign() from /home/yaqiz/pir/out/GEMM_Blocked__DIM_512_IDIM_256_ts_256_its_128_loop_ii_1_loop_jj_1_loop_kk_1_loop_i_1_loop_k_16_dynamic_v0_s0/GEMM_Blocked__DIM_512_IDIM_256_ts_256_its_128_loop_ii_1_loop_jj_1_loop_kk_1_loop_i_1_loop_k_16.pir
[pir] Configuring spade MyDesign ...
[pir] Loading from /home/yaqiz/pir/out/GEMM_Blocked__DIM_512_IDIM_256_ts_256_its_128_loop_ii_1_loop_jj_1_loop_kk_1_loop_i_1_loop_k_16_dynamic_v0_s0/GEMM_Blocked__DIM_512_IDIM_256_ts_256_its_128_loop_ii_1_loop_jj_1_loop_kk_1_loop_i_1_loop_k_16.sess[pir] Loading prism.Session@64cb461b from /home/yaqiz/pir/out/GEMM_Blocked__DIM_512_IDIM_256_ts_256_its_128_loop_ii_1_loop_jj_1_loop_kk_1_loop_i_1_loop_k_16_dynamic_v0_s0/GEMM_Blocked__DIM_512_IDIM_256_ts_256_its_128_loop_ii_1_loop_jj_1_loop_kk_1_loop_i_1_loop_k_16.sess
[pir] Saving node PIRDesign() to /home/yaqiz/pir/out/GEMM_Blocked__DIM_512_IDIM_256_ts_256_its_128_loop_ii_1_loop_jj_1_loop_kk_1_loop_i_1_loop_k_16_dynamic_v0_s0/GEMM_Blocked__DIM_512_IDIM_256_ts_256_its_128_loop_ii_1_loop_jj_1_loop_kk_1_loop_i_1_loop_k_16.pir
[pir] Running 50-PlastisimTraceCodegen ...[[33mcommand[0m] mkdir -p /home/yaqiz/plastisim/configs/finals/GEMM_Blocked__DIM_512_IDIM_256_ts_256_its_128_loop_ii_1_loop_jj_1_loop_kk_1_loop_i_1_loop_k_16_dynamic_v0_s0/traces
[[33mcommand[0m] mkdir -p /home/yaqiz/plastisim/configs/finals/GEMM_Blocked__DIM_512_IDIM_256_ts_256_its_128_loop_ii_1_loop_jj_1_loop_kk_1_loop_i_1_loop_k_16_dynamic_v0_s0/trace_classes
[[33mtrace[0m] /home/yaqiz/pir/bin/run_trace /home/yaqiz/pir/out/GEMM_Blocked__DIM_512_IDIM_256_ts_256_its_128_loop_ii_1_loop_jj_1_loop_kk_1_loop_i_1_loop_k_16_dynamic_v0_s0 /home/yaqiz/plastisim/configs/finals/GEMM_Blocked__DIM_512_IDIM_256_ts_256_its_128_loop_ii_1_loop_jj_1_loop_kk_1_loop_i_1_loop_k_16_dynamic_v0_s0
[[33mtrace[0m] log in /home/yaqiz/pir/out/GEMM_Blocked__DIM_512_IDIM_256_ts_256_its_128_loop_ii_1_loop_jj_1_loop_kk_1_loop_i_1_loop_k_16_dynamic_v0_s0/trace.log
[pir] Finished 50-PlastisimTraceCodegen to [36mgen_trace.scala[0m in 20990.384527ms
[pir] Running 51-PlastisimLinkAnalyzer ...[pir] Finished 51-PlastisimLinkAnalyzer in 22046.890495ms
[pir] Running 52-PlastisimDotCodegen ...[pir] Finished 52-PlastisimDotCodegen to [36mpsim.dot[0m in 17113.922089ms
[pir] Running 53-PlastisimCountCheck ...[pir] Finished 53-PlastisimCountCheck in 919.949048ms
[pir] Running 58-CUPruning ...[pir] Finished 58-CUPruning in 3575.743375ms
[pir] Running 59-CUPlacer ...[[32msuccess[0m] CUPlacer succeeded
[pir] Finished 59-CUPlacer in 71759.421595ms
[pir] Running 60-CUStatistics ...[pir] =========== Post-splitting CU Statistics ==================
[pir] 
[pir] number of cus=87
[pir] number of ocu = 17
[pir] - cin (0.00,0.06,1.00) sin (1.00,1.06,2.00) vin (0.00,0.00,0.00)
[pir] - cout (0.00,0.06,1.00) sout (0.00,0.94,1.00) vout (0.00,0.00,0.00)
[pir] - stages (0.00,0.00,0.00)
[pir] number of pcu = 24
[pir] - cin (0.00,0.04,1.00) sin (0.00,0.83,2.00) vin (0.00,1.67,4.00)
[pir] - cout (0.00,0.00,0.00) sout (0.00,0.00,0.00) vout (1.00,1.00,1.00)
[pir] - stages (1.00,1.63,5.00)
[pir] number of dag = 3
[pir] - cin (0.00,0.00,0.00) sin (3.00,3.33,4.00) vin (0.00,0.00,0.00)
[pir] - cout (0.00,0.00,0.00) sout (2.00,2.00,2.00) vout (0.00,0.00,0.00)
[pir] - stages (5.00,5.00,5.00)
[pir] number of pmu = 38
[pir] - cin (0.00,0.00,0.00) sin (0.00,0.05,2.00) vin (1.00,1.42,2.00)
[pir] - cout (0.00,0.00,0.00) sout (0.00,0.03,1.00) vout (0.00,0.97,1.00)
[pir] - stages (0.00,1.16,4.00)
[pir] number of dfg = 3
[pir] - cin (0.00,0.00,0.00) sin (2.00,2.00,2.00) vin (0.00,0.33,1.00)
[pir] - cout (0.00,0.33,1.00) sout (0.00,0.00,0.00) vout (0.00,0.67,1.00)
[pir] - stages (0.00,0.00,0.00)
[pir] number of scu = 1
[pir] - cin (0.00,0.00,0.00) sin (2.00,2.00,2.00) vin (0.00,0.00,0.00)
[pir] - cout (0.00,0.00,0.00) sout (1.00,1.00,1.00) vout (0.00,0.00,0.00)
[pir] - stages (1.00,1.00,1.00)
[pir] number of afg = 1
[pir] - cin (1.00,1.00,1.00) sin (0.00,0.00,0.00) vin (0.00,0.00,0.00)
[pir] - cout (1.00,1.00,1.00) sout (5.00,5.00,5.00) vout (0.00,0.00,0.00)
[pir] - stages (0.00,0.00,0.00)
[pir] compute CU = 42
[pir] memory CU = 38
[pir] mc CU = 3
[pir] Total = 45
[pir] PCU = 32 / 64 (50.00%)
[pir] PMU-comp = 2 / 63 (3.17%)
[pir] PMU-mem = 38 / 63 (60.32%)
[pir] AG-ag = 1 / 32 (3.13%)
[pir] AG-comp = 10 / 32 (31.25%)
[pir] MC = 3 / 32 (9.38%)
[pir] Finished 60-CUStatistics to [36mstat.json[0m in 1462.095635ms
[pir] Running 61-PIRNetworkDotCodegen ...[pir] Finished 61-PIRNetworkDotCodegen to [36mcontrol.dot[0m in 1169.130336ms
[pir] Running 62-PIRNetworkDotCodegen ...[pir] Finished 62-PIRNetworkDotCodegen to [36mscalar.dot[0m in 893.138943ms
[pir] Running 63-PIRNetworkDotCodegen ...[pir] Finished 63-PIRNetworkDotCodegen to [36mvector.dot[0m in 913.679422ms
[pir] Running 64-TerminalCSVCodegen ...[pir] Finished 64-TerminalCSVCodegen to [36mnode.csv[0m in 4.971219ms
[pir] Running 65-LinkCSVCodegen ...[pir] Finished 65-LinkCSVCodegen to [36mlink.csv[0m in 13324.451594ms
[pir] Running 66-PlastisimPlacementCodegen ...[[33mproute[0m] /home/yaqiz/plastiroute/plastiroute -n /home/yaqiz/plastisim/configs/finals/GEMM_Blocked__DIM_512_IDIM_256_ts_256_its_128_loop_ii_1_loop_jj_1_loop_kk_1_loop_i_1_loop_k_16_dynamic_v0_s0/node.csv -l /home/yaqiz/plastisim/configs/finals/GEMM_Blocked__DIM_512_IDIM_256_ts_256_its_128_loop_ii_1_loop_jj_1_loop_kk_1_loop_i_1_loop_k_16_dynamic_v0_s0/link.csv -o /home/yaqiz/plastisim/configs/finals/GEMM_Blocked__DIM_512_IDIM_256_ts_256_its_128_loop_ii_1_loop_jj_1_loop_kk_1_loop_i_1_loop_k_16_dynamic_v0_s0/final.place -r 16 -c 8 -s1 -g /home/yaqiz/plastisim/configs/finals/GEMM_Blocked__DIM_512_IDIM_256_ts_256_its_128_loop_ii_1_loop_jj_1_loop_kk_1_loop_i_1_loop_k_16_dynamic_v0_s0/proute.dot -x0 -e 0 -i100 -p100 -t1 -d100 -a route_min_directed_valient -s0
[[33mproute[0m] log in /home/yaqiz/pir/out/GEMM_Blocked__DIM_512_IDIM_256_ts_256_its_128_loop_ii_1_loop_jj_1_loop_kk_1_loop_i_1_loop_k_16_dynamic_v0_s0/proute.log
Start scoring thread: 0
Start scoring thread: 0
100 scores: min 6517.95 	3.00/4.00/20/7.95/4 	max 28269.01 mean 16568.86
Start scoring thread: 0
100 scores: min 5415.88 	2.25/3.00/14/2.63/4 	max 27634.48 mean 9643.66
Start scoring thread: 0
100 scores: min 5414.37 	2.25/3.00/11/2.62/4 	max 27672.99 mean 9570.69
Start scoring thread: 0
100 scores: min 5335.04 	2.06/3.00/13/3.15/4 	max 27717.40 mean 9388.76
Start scoring thread: 0
100 scores: min 5309.73 	2.00/3.00/13/3.23/4 	max 19260.73 mean 9703.15
Start scoring thread: 0
100 scores: min 5309.70 	2.00/3.00/13/3.20/4 	max 27714.29 mean 9351.54
Start scoring thread: 0
100 scores: min 5309.46 	2.00/3.00/13/2.96/4 	max 27152.69 mean 9802.90
Start scoring thread: 0
100 scores: min 2309.97 	2.00/3.00/14/2.97/3 	max 28218.92 mean 9189.74
Start scoring thread: 0
100 scores: min 2309.93 	2.00/3.00/14/2.93/3 	max 28318.64 mean 9367.19
Start scoring thread: 0
100 scores: min 2309.89 	2.00/3.00/14/2.89/3 	max 19424.83 mean 7986.58
Start scoring thread: 0
100 scores: min 2309.86 	2.00/3.00/14/2.86/3 	max 28217.99 mean 8497.36
Start scoring thread: 0
100 scores: min 2309.83 	2.00/3.00/14/2.83/3 	max 27594.76 mean 7889.86
Start scoring thread: 0
100 scores: min 2309.82 	2.00/3.00/14/2.82/3 	max 18593.22 mean 7751.16
Start scoring thread: 0
100 scores: min 2309.75 	2.00/3.00/14/2.75/3 	max 19260.06 mean 8482.75
Start scoring thread: 0
100 scores: min 2309.75 	2.00/3.00/14/2.75/3 	max 19268.16 mean 8821.04
Start scoring thread: 0
100 scores: min 2309.71 	2.00/3.00/14/2.71/3 	max 27512.11 mean 7899.89
Start scoring thread: 0
100 scores: min 2309.69 	2.00/3.00/14/2.69/3 	max 27594.19 mean 8237.57
Start scoring thread: 0
100 scores: min 2309.69 	2.00/3.00/14/2.69/3 	max 27632.97 mean 8085.34
Start scoring thread: 0
100 scores: min 2309.63 	2.00/3.00/14/2.63/3 	max 28424.46 mean 7988.54
Start scoring thread: 0
100 scores: min 2309.63 	2.00/3.00/14/2.63/3 	max 19319.62 mean 7192.46
Start scoring thread: 0
100 scores: min 2309.50 	2.00/3.00/14/2.50/3 	max 51516.70 mean 8107.53
Start scoring thread: 0
100 scores: min 2309.50 	2.00/3.00/14/2.50/3 	max 27673.92 mean 6791.01
Start scoring thread: 0
100 scores: min 2309.49 	2.00/3.00/14/2.49/3 	max 19212.87 mean 7193.81
Start scoring thread: 0
100 scores: min 2309.46 	2.00/3.00/14/2.46/3 	max 27716.29 mean 7890.58
Start scoring thread: 0
100 scores: min 2309.45 	2.00/3.00/14/2.45/3 	max 18594.37 mean 7332.33
Start scoring thread: 0
100 scores: min 2309.22 	2.00/3.00/14/2.22/3 	max 27714.29 mean 9093.03
Start scoring thread: 0
100 scores: min 2309.17 	2.00/3.00/14/2.17/3 	max 19266.55 mean 7338.93
Start scoring thread: 0
100 scores: min 2309.07 	2.00/3.00/14/2.07/3 	max 18674.28 mean 7711.15
Start scoring thread: 0
100 scores: min 2309.07 	2.00/3.00/14/2.07/3 	max 19217.48 mean 6855.01
Start scoring thread: 0
100 scores: min 2309.07 	2.00/3.00/14/2.07/3 	max 18713.62 mean 6529.87
Start scoring thread: 0
100 scores: min 2309.04 	2.00/3.00/14/2.04/3 	max 27594.07 mean 6589.51
Start scoring thread: 0
100 scores: min 2309.04 	2.00/3.00/14/2.04/3 	max 19268.67 mean 5891.52
Start scoring thread: 0
100 scores: min 2308.01 	2.00/3.00/12/2.01/3 	max 38554.58 mean 6078.79
Start scoring thread: 0
100 scores: min 2307.98 	2.00/3.00/12/1.97/3 	max 27595.26 mean 5785.46
Start scoring thread: 0
100 scores: min 2307.98 	2.00/3.00/12/1.97/3 	max 19217.63 mean 6330.40
Start scoring thread: 0
100 scores: min 2307.98 	2.00/3.00/12/1.97/3 	max 28425.40 mean 6212.29
Start scoring thread: 0
100 scores: min 2307.97 	2.00/3.00/12/1.97/3 	max 27593.59 mean 6203.73
Start scoring thread: 0
100 scores: min 2307.93 	2.00/3.00/12/1.92/3 	max 39220.46 mean 6258.19
Start scoring thread: 0
100 scores: min 2307.93 	2.00/3.00/12/1.92/3 	max 27714.70 mean 4419.96
Start scoring thread: 0
100 scores: min 2307.91 	2.00/3.00/12/1.91/3 	max 27556.21 mean 5267.15
Start scoring thread: 0
100 scores: min 2307.91 	2.00/3.00/12/1.91/3 	max 18673.22 mean 4496.46
Start scoring thread: 0
100 scores: min 2307.91 	2.00/3.00/12/1.91/3 	max 19217.87 mean 4368.12
Start scoring thread: 0
100 scores: min 2307.86 	2.00/3.00/12/1.86/3 	max 29118.63 mean 5142.59
Start scoring thread: 0
100 scores: min 2307.86 	2.00/3.00/12/1.86/3 	max 27595.51 mean 5001.68
Start scoring thread: 0
100 scores: min 2307.86 	2.00/3.00/12/1.86/3 	max 18674.21 mean 4223.93
Start scoring thread: 0
100 scores: min 2307.86 	2.00/3.00/12/1.86/3 	max 27517.25 mean 5240.38
Start scoring thread: 0
100 scores: min 2307.86 	2.00/3.00/12/1.86/3 	max 38517.66 mean 4481.99
Start scoring thread: 0
100 scores: min 2307.83 	2.00/3.00/12/1.83/3 	max 27549.94 mean 5662.91
Start scoring thread: 0
100 scores: min 2307.83 	2.00/3.00/12/1.83/3 	max 27555.20 mean 4690.30
Start scoring thread: 0
100 scores: min 2307.83 	2.00/3.00/12/1.83/3 	max 28320.17 mean 4762.70
Start scoring thread: 0
100 scores: min 2307.83 	2.00/3.00/12/1.83/3 	max 18147.30 mean 4373.05
Start scoring thread: 0
100 scores: min 2307.83 	2.00/3.00/12/1.83/3 	max 19219.40 mean 5050.15
Start scoring thread: 0
100 scores: min 2307.83 	2.00/3.00/12/1.83/3 	max 18709.37 mean 4651.61
Start scoring thread: 0
100 scores: min 2307.79 	2.00/3.00/12/1.79/3 	max 19217.93 mean 4230.09
Start scoring thread: 0
100 scores: min 2307.79 	2.00/3.00/12/1.79/3 	max 27633.93 mean 4999.69
Start scoring thread: 0
100 scores: min 2307.50 	2.00/3.00/11/2.00/3 	max 18674.29 mean 4592.70
Start scoring thread: 0
100 scores: min 2307.31 	2.00/3.00/11/1.81/3 	max 27673.74 mean 6245.40
Start scoring thread: 0
100 scores: min 2307.31 	2.00/3.00/11/1.81/3 	max 18675.13 mean 6339.01
Start scoring thread: 0
100 scores: min 2307.31 	2.00/3.00/11/1.81/3 	max 27714.00 mean 6067.92
Start scoring thread: 0
100 scores: min 2307.31 	2.00/3.00/11/1.81/3 	max 38632.27 mean 5681.50
Start scoring thread: 0
100 scores: min 2307.31 	2.00/3.00/11/1.81/3 	max 18675.77 mean 5707.78
Start scoring thread: 0
100 scores: min 2307.31 	2.00/3.00/11/1.81/3 	max 18595.05 mean 6203.83
Start scoring thread: 0
100 scores: min 2307.31 	2.00/3.00/11/1.81/3 	max 28267.74 mean 6340.23
Start scoring thread: 0
100 scores: min 2307.31 	2.00/3.00/11/1.81/3 	max 18594.38 mean 5423.82
Start scoring thread: 0
100 scores: min 2307.23 	2.00/3.00/11/1.73/3 	max 28218.28 mean 6362.80
Start scoring thread: 0
100 scores: min 2307.23 	2.00/3.00/11/1.73/3 	max 27555.16 mean 5364.01
Start scoring thread: 0
100 scores: min 2307.21 	2.00/3.00/11/1.71/3 	max 18673.90 mean 4427.92
Start scoring thread: 0
100 scores: min 2307.21 	2.00/3.00/11/1.71/3 	max 28321.22 mean 4688.86
Start scoring thread: 0
100 scores: min 2307.21 	2.00/3.00/11/1.71/3 	max 18714.33 mean 4513.67
Start scoring thread: 0
100 scores: min 2307.21 	2.00/3.00/11/1.71/3 	max 27517.03 mean 4946.17
Start scoring thread: 0
100 scores: min 2307.21 	2.00/3.00/11/1.71/3 	max 27634.37 mean 5294.30
Start scoring thread: 0
100 scores: min 2307.21 	2.00/3.00/11/1.71/3 	max 39217.09 mean 5127.13
Start scoring thread: 0
100 scores: min 2307.21 	2.00/3.00/11/1.71/3 	max 28317.82 mean 5544.82
Start scoring thread: 0
100 scores: min 2307.21 	2.00/3.00/11/1.71/3 	max 19412.84 mean 4534.53
Start scoring thread: 0
100 scores: min 2307.21 	2.00/3.00/11/1.71/3 	max 19219.51 mean 4706.51
Start scoring thread: 0
100 scores: min 2307.21 	2.00/3.00/11/1.71/3 	max 28218.50 mean 4915.08
Start scoring thread: 0
100 scores: min 2307.21 	2.00/3.00/11/1.71/3 	max 38713.41 mean 4757.14
Start scoring thread: 0
100 scores: min 2307.21 	2.00/3.00/11/1.71/3 	max 38592.93 mean 5248.04
Start scoring thread: 0
100 scores: min 2307.21 	2.00/3.00/11/1.71/3 	max 27594.37 mean 4721.02
Start scoring thread: 0
100 scores: min 2307.21 	2.00/3.00/11/1.71/3 	max 27633.97 mean 5029.94
Start scoring thread: 0
100 scores: min 2307.21 	2.00/3.00/11/1.71/3 	max 27594.93 mean 5313.15
Start scoring thread: 0
100 scores: min 2307.21 	2.00/3.00/11/1.71/3 	max 27594.73 mean 4933.66
Start scoring thread: 0
100 scores: min 2307.16 	2.00/3.00/11/1.66/3 	max 18594.11 mean 4364.73
Start scoring thread: 0
100 scores: min 2307.16 	2.00/3.00/11/1.66/3 	max 28218.45 mean 5312.55
Start scoring thread: 0
100 scores: min 2307.16 	2.00/3.00/11/1.66/3 	max 28217.50 mean 4223.60
Start scoring thread: 0
100 scores: min 2307.16 	2.00/3.00/11/1.66/3 	max 18715.14 mean 4265.20
Start scoring thread: 0
100 scores: min 2307.16 	2.00/3.00/11/1.66/3 	max 28270.07 mean 5407.53
Start scoring thread: 0
100 scores: min 2307.16 	2.00/3.00/11/1.66/3 	max 53118.11 mean 4985.91
Start scoring thread: 0
100 scores: min 2307.16 	2.00/3.00/11/1.66/3 	max 38594.71 mean 5530.85
Start scoring thread: 0
100 scores: min 2307.16 	2.00/3.00/11/1.66/3 	max 18673.92 mean 4521.37
Start scoring thread: 0
100 scores: min 2307.11 	2.00/3.00/11/1.61/3 	max 27595.40 mean 4295.21
Start scoring thread: 0
100 scores: min 2307.11 	2.00/3.00/11/1.61/3 	max 19219.34 mean 4669.07
Start scoring thread: 0
100 scores: min 2307.11 	2.00/3.00/11/1.61/3 	max 27517.68 mean 4605.13
Start scoring thread: 0
100 scores: min 2307.06 	2.00/3.00/11/1.56/3 	max 12211.38 mean 4105.87
Start scoring thread: 0
100 scores: min 2307.06 	2.00/3.00/11/1.56/3 	max 18673.47 mean 4771.90
Start scoring thread: 0
100 scores: min 2307.06 	2.00/3.00/11/1.56/3 	max 27554.97 mean 4400.30
Start scoring thread: 0
100 scores: min 2307.06 	2.00/3.00/11/1.56/3 	max 27117.44 mean 4492.01
Start scoring thread: 0
100 scores: min 2307.05 	2.00/3.00/11/1.55/3 	max 19218.69 mean 4766.93
Start scoring thread: 0
100 scores: min 2307.05 	2.00/3.00/11/1.55/3 	max 18635.65 mean 4360.02
Start scoring thread: 0
100 scores: min 2307.05 	2.00/3.00/11/1.55/3 	max 27673.65 mean 4695.20
Best score is 2307.05
Used 3 VCs for endpoint coloring.
	Used 3 VCs.
[[32mproute[0m] 	Used 3 VCs.
[pir] Finished 66-PlastisimPlacementCodegen to [36mfinal.place[0m in 83934.621424ms
[pir] Running 67-PlastisimDotCodegen ...[pir] Finished 67-PlastisimDotCodegen to [36mpsim.dot[0m in 17494.916289ms
[pir] Running 68-PlastisimConfigCodegen ...[[33mcommand[0m] ln -f /home/yaqiz/plastisim/configs/mesh_generic.cfg /home/yaqiz/plastisim/configs/finals/GEMM_Blocked__DIM_512_IDIM_256_ts_256_its_128_loop_ii_1_loop_jj_1_loop_kk_1_loop_i_1_loop_k_16_dynamic_v0_s0/
[[33mpsim[0m] /home/yaqiz/plastisim/plastisim -f /home/yaqiz/plastisim/configs/finals/GEMM_Blocked__DIM_512_IDIM_256_ts_256_its_128_loop_ii_1_loop_jj_1_loop_kk_1_loop_i_1_loop_k_16_dynamic_v0_s0/config.psim -p /home/yaqiz/plastisim/configs/finals/GEMM_Blocked__DIM_512_IDIM_256_ts_256_its_128_loop_ii_1_loop_jj_1_loop_kk_1_loop_i_1_loop_k_16_dynamic_v0_s0/final.place -c 100000000 -l B
[[33mpsim[0m] log in /home/yaqiz/pir/out/GEMM_Blocked__DIM_512_IDIM_256_ts_256_its_128_loop_ii_1_loop_jj_1_loop_kk_1_loop_i_1_loop_k_16_dynamic_v0_s0/psim.log
Changing to config directory: /home/yaqiz/plastisim/configs/finals/GEMM_Blocked__DIM_512_IDIM_256_ts_256_its_128_loop_ii_1_loop_jj_1_loop_kk_1_loop_i_1_loop_k_16_dynamic_v0_s0
Constructing NetworkLink.
Constructing NetworkLink.
Constructing NetworkLink.
Constructing NetworkLink.
Constructing NetworkLink.
Constructing NetworkLink.
Constructing NetworkLink.
Constructing NetworkLink.
Constructing NetworkLink.
Constructing NetworkLink.
Constructing NetworkLink.
Constructing NetworkLink.
Constructing NetworkLink.
Constructing NetworkLink.
Constructing NetworkLink.
Constructing NetworkLink.
Constructing NetworkLink.
Constructing NetworkLink.
Constructing NetworkLink.
Constructing NetworkLink.
Constructing NetworkLink.
Constructing NetworkLink.
Constructing NetworkLink.
Constructing NetworkLink.
Constructing NetworkLink.
Constructing NetworkLink.
Constructing NetworkLink.
Constructing NetworkLink.
Constructing NetworkLink.
Constructing NetworkLink.
Constructing NetworkLink.
Constructing NetworkLink.
Constructing NetworkLink.
Constructing NetworkLink.
Constructing NetworkLink.
Constructing NetworkLink.
Constructing NetworkLink.
Constructing NetworkLink.
Constructing NetworkLink.
Constructing NetworkLink.
Constructing NetworkLink.
Constructing NetworkLink.
Constructing NetworkLink.
Constructing NetworkLink.
Constructing NetworkLink.
Constructing NetworkLink.
Constructing NetworkLink.
Constructing NetworkLink.
Constructing NetworkLink.
Constructing NetworkLink.
Constructing NetworkLink.
Constructing NetworkLink.
Constructing NetworkLink.
Constructing NetworkLink.
Constructing NetworkLink.
Constructing NetworkLink.
Constructing NetworkLink.
Constructing NetworkLink.
Constructing NetworkLink.
Constructing NetworkLink.
Constructing NetworkLink.
Constructing NetworkLink.
Constructing NetworkLink.
Constructing NetworkLink.
Constructing NetworkLink.
Constructing NetworkLink.
Constructing NetworkLink.
Constructing NetworkLink.
Constructing NetworkLink.
Constructing NetworkLink.
Constructing NetworkLink.
Constructing NetworkLink.
Constructing NetworkLink.
Constructing NetworkLink.
Constructing NetworkLink.
Constructing NetworkLink.
Constructing NetworkLink.
Constructing NetworkLink.
Constructing NetworkLink.
Constructing NetworkLink.
Constructing NetworkLink.
Constructing NetworkLink.
Constructing NetworkLink.
Constructing NetworkLink.
Constructing NetworkLink.
Constructing NetworkLink.
Constructing NetworkLink.
Constructing NetworkLink.
Constructing NetworkLink.
Constructing NetworkLink.
Constructing NetworkLink.
Constructing NetworkLink.
Constructing NetworkLink.
Constructing NetworkLink.
Constructing NetworkLink.
Added all names to the symbol table.
Adding static hop for route 12544 (3070->6663, lat 1).
Adding static hop for route 12450 (3064->6661, lat 1).
Adding static hop for route 12381 (3065->6661, lat 1).
Adding static hop for route 12285 (3058->6660, lat 1).
Adding static hop for route 12216 (3060->6659, lat 1).
Adding static hop for route 12168 (3074->6655, lat 1).
Adding static hop for route 12145 (3073->6655, lat 1).
Adding static hop for route 12074 (3036->3074, lat 1).
Adding static hop for route 11982 (3034->3072, lat 1).
Adding static hop for route 11936 (3033->3071, lat 1).
Adding static hop for route 11844 (3031->3069, lat 1).
Adding static hop for route 11798 (3030->3068, lat 1).
Adding static hop for route 11752 (3029->3067, lat 1).
Adding static hop for route 11660 (3027->3065, lat 1).
Adding static hop for route 11568 (3025->3063, lat 1).
Adding static hop for route 11522 (3024->3062, lat 1).
Adding static hop for route 11476 (3023->3061, lat 1).
Adding static hop for route 11430 (3022->3060, lat 1).
Adding static hop for route 11384 (3021->3059, lat 1).
Adding static hop for route 9289 (3055->3036, lat 1).
Adding static hop for route 9234 (3054->3035, lat 1).
Adding static hop for route 9179 (3053->3034, lat 1).
Adding static hop for route 9124 (3052->3033, lat 1).
Adding static hop for route 9069 (3051->3032, lat 1).
Adding static hop for route 9014 (3050->3031, lat 1).
Adding static hop for route 8959 (3049->3030, lat 1).
Adding static hop for route 8904 (3048->3029, lat 1).
Adding static hop for route 8849 (3047->3028, lat 1).
Adding static hop for route 8794 (3046->3027, lat 1).
Adding static hop for route 8739 (3045->3026, lat 1).
Adding static hop for route 8684 (3044->3025, lat 1).
Adding static hop for route 8629 (3043->3024, lat 1).
Adding static hop for route 8574 (3042->3023, lat 1).
Adding static hop for route 8519 (3041->3022, lat 1).
Adding static hop for route 8763 (3011->3027, lat 1).
Adding static hop for route 8598 (3008->3024, lat 1).
Adding static hop for route 8543 (3007->3023, lat 1).
Adding static hop for route 7706 (3038->2987, lat 1).
Adding static hop for route 7442 (2681->2809, lat 1).
Adding static hop for route 7234 (2999->378, lat 1).
Adding static hop for route 7205 (2999->378, lat 1).
Adding static hop for route 7496 (2693->3037, lat 1).
Adding static hop for route 7496 (2693->2993, lat 6).
Adding static hop for route 7496 (2693->2987, lat 4).
Adding static hop for route 7496 (2693->2809, lat 6).
Adding static hop for route 7496 (2693->2992, lat 2).
Adding static hop for route 7496 (2693->2988, lat 6).
Adding static hop for route 7496 (2693->2995, lat 7).
Adding static hop for route 7496 (2693->2999, lat 5).
Adding static hop for route 7466 (2693->3037, lat 1).
Adding static hop for route 7466 (2693->2993, lat 6).
Adding static hop for route 7466 (2693->2987, lat 4).
Adding static hop for route 7466 (2693->2809, lat 6).
Adding static hop for route 7466 (2693->2992, lat 2).
Adding static hop for route 7466 (2693->2988, lat 6).
Adding static hop for route 7466 (2693->2995, lat 7).
Adding static hop for route 7466 (2693->2999, lat 5).
Adding static hop for route 12854 (2693->2993, lat 6).
Adding static hop for route 8068 (2693->2999, lat 5).
Adding static hop for route 7870 (2693->2992, lat 2).
Adding static hop for route 7784 (2693->2988, lat 6).
Printing hop routes
0	8092: XS, vc0
	8653: E, vc0
	11234: E, vc1
1	8092: W, vc0
	8653: S, vc0
	11234: E, vc0
2	8092: W, vc0
	11234: E, vc0
3	7311: S, vc0
	8092: SW, vc0
	9362: X, vc0
	11234: E, vc0
4	7416: X, vc0
	8092: WS, vc0
	11234: E, vc0
5	8092: SWE, vc0
	11234: X, vc0
6	7152: S, vc0
	7181: E, vc0
	8092: SE, vc1
7	7181: E, vc0
	8092: SE, vc1
	9544: X, vc1
	9568: X, vc0
8	7181: S, vc0
	8092: E, vc0
9	8092: XS, vc0
16	7960: X, vc0
	8092: S, vc0
	11234: N, vc0
17	8653: S, vc0
	12191: X, vc3
	12239: X, vc1
	12262: X, vc0
	12358: E, vc0
18	9451: S, vc0
	11295: X, vc0
	12191: W, vc0
	12262: W, vc1
	12358: S, vc1
19	7311: S, vc0
	8092: X, vc0
	9148: S, vc1
	9362: N, vc0
	12191: W, vc0
	12262: W, vc1
20	7416: N, vc0
	8092: S, vc0
	12191: W, vc0
	12262: W, vc1
21	8092: X, vc0
	8818: S, vc0
	12262: W, vc0
22	7152: S, vc0
	8092: X, vc0
	9258: S, vc1
	12262: W, vc0
23	8092: XS, vc0
	8983: S, vc1
	9544: N, vc0
	9568: N, vc1
	12262: W, vc0
24	7181: S, vc0
	12262: W, vc0
25	8092: XS, vc0
	8488: S, vc1
32	7258: X, vc3
	7287: X, vc2
	7311: X, vc1
	7416: E, vc0
	7960: N, vc0
	8092: S, vc0
33	7311: W, vc0
	7416: E, vc0
	8653: S, vc0
	12239: N, vc0
34	7311: W, vc0
	7416: E, vc0
	8488: X, vc1
	9451: S, vc0
	11295: N, vc0
	12358: S, vc1
35	7311: W, vc0
	7416: E, vc0
	8488: W, vc1
	9148: S, vc0
	9362: N, vc0
	9544: X, vc1
	9568: X, vc0
	12521: S, vc1
36	7416: N, vc0
	8092: S, vc0
	8433: X, vc1
	8464: X, vc0
	8488: W, vc0
	12521: W, vc1
37	8433: W, vc0
	8488: W, vc1
	8818: S, vc0
	12521: W, vc2
38	7152: E, vc0
	8433: W, vc0
	8488: W, vc1
	8983: X, vc1
	9258: S, vc0
39	7152: E, vc0
	8092: S, vc0
	8433: W, vc0
	8488: W, vc1
	8983: W, vc2
	9544: XN, vc0
	9568: XN, vc1
40	7152: S, vc0
	7181: S, vc1
	8433: W, vc0
	8488: W, vc1
41	8092: XS, vc0
	8433: W, vc0
	8488: W, vc1
48	7258: N, vc0
	7287: N, vc1
	7960: N, vc2
	8092: S, vc0
49	7258: W, vc0
	7287: W, vc1
	8653: E, vc0
	12239: N, vc0
50	7681: E, vc0
	8653: E, vc1
	9451: S, vc0
	11295: XN, vc0
	12358: S, vc1
51	7681: E, vc0
	8653: X, vc1
	9148: S, vc0
	9362: N, vc0
	9544: N, vc1
	9568: N, vc2
	12521: S, vc1
52	7681: E, vc0
	8092: S, vc0
	8464: N, vc0
	9362: W, vc0
	12427: E, vc1
53	7681: X, vc1
	8464: W, vc0
	8818: S, vc0
	9362: WE, vc0
	12427: S, vc1
54	8708: S, vc0
	9258: S, vc1
	9362: X, vc0
	11614: E, vc0
55	8092: XS, vc0
	8708: W, vc0
	9544: N, vc0
	9568: N, vc1
	11614: E, vc0
56	7152: S, vc0
	7181: S, vc1
	11614: X, vc0
57	8092: XS, vc0
	8873: S, vc1
64	8092: S, vc0
65	12239: N, vc0
66	7681: N, vc0
	9451: S, vc0
	11295: N, vc1
	12309: X, vc2
	12334: X, vc1
	12358: X, vc0
67	9148: S, vc0
	9544: XN, vc0
	9568: XN, vc1
	12334: W, vc0
	12521: S, vc1
68	8092: X, vc0
	9203: S, vc0
	12334: W, vc0
69	8464: N, vc0
	8818: S, vc0
	9544: X, vc1
	9568: X, vc0
	12334: W, vc0
	12427: E, vc0
70	8708: X, vc1
	9258: S, vc0
	11614: N, vc0
	12334: W, vc0
	12427: E, vc0
71	8092: S, vc0
	9544: XN, vc0
	9568: XN, vc1
	12334: W, vc0
	12427: E, vc0
72	7152: S, vc0
	7181: S, vc1
	12334: W, vc0
	12404: X, vc2
	12427: X, vc1
73	8092: S, vc0
	8873: S, vc1
80	8092: X, vc0
81	9544: S, vc0
	9568: S, vc1
82	7681: N, vc0
	9451: X, vc0
	9544: W, vc0
	9568: W, vc1
	12309: N, vc1
83	9148: X, vc1
	9544: WN, vc0
	9568: WN, vc1
	12521: S, vc0
84	9203: S, vc0
	9544: XWS, vc1
	9568: XSW, vc1
85	8818: S, vc0
	9544: NSW, vc0
	9568: NEWS, vc2
86	9038: S, vc0
	9258: S, vc1
	9544: XW, vc0
	9568: XE, vc0
87	8092: XS, vc0
	9038: W, vc0
	9544: NSW, vc1
	9568: SEN, vc1
88	7152: E, vc0
	7181: E, vc1
	9544: WS, vc0
	9568: S, vc1
	12404: N, vc0
89	7152: X, vc1
	7181: X, vc0
	8092: S, vc0
	8873: S, vc1
	9544: W, vc0
97	9544: X, vc1
	9568: X, vc0
98	11890: S, vc0
	12309: N, vc0
99	11890: W, vc0
	12028: S, vc0
	12122: E, vc0
	12521: S, vc1
100	9203: X, vc1
	9544: S, vc0
	9568: S, vc1
	11890: W, vc0
	12028: W, vc1
	12122: S, vc2
101	8818: S, vc0
	9544: XS, vc1
	9568: XS, vc2
	11890: W, vc0
102	9038: X, vc1
	9258: S, vc0
	11890: W, vc0
103	8092: S, vc0
	9544: X, vc1
	9568: X, vc0
104	9544: S, vc0
	9568: S, vc1
	12404: N, vc0
105	8092: XS, vc0
	8873: S, vc1
114	11890: X, vc0
	12309: N, vc0
115	12028: S, vc0
	12309: W, vc0
	12521: X, vc3
	12567: X, vc1
	12590: X, vc0
116	9544: XS, vc0
	9568: XS, vc1
	12122: S, vc2
	12567: W, vc0
117	8818: S, vc0
	9258: X, vc1
	9544: S, vc1
	9568: S, vc2
118	9258: W, vc0
	12097: S, vc0
119	8092: S, vc0
	9093: X, vc1
	12404: E, vc0
120	9093: W, vc0
	9544: XS, vc0
	9568: XS, vc1
	12404: N, vc0
121	8092: X, vc0
	8873: S, vc0
	9093: W, vc0
131	12028: X, vc0
	12590: N, vc0
132	9544: S, vc0
	9568: S, vc1
	12097: X, vc3
	12122: X, vc2
	12567: N, vc0
	12590: W, vc0
133	8818: S, vc0
	9544: S, vc1
	9568: S, vc2
	11706: E, vc0
	12097: W, vc0
134	8873: S, vc0
	11706: E, vc0
	12097: W, vc0
135	8092: S, vc0
	8873: W, vc0
	11706: X, vc0
	12404: N, vc0
136	8873: W, vc0
	9544: S, vc0
	9568: S, vc1
137	8873: W, vc0
148	9544: X, vc1
	9568: X, vc0
	12567: N, vc0
149	8818: X, vc1
	9544: S, vc0
	9568: S, vc1
	11706: N, vc0
	12567: W, vc0
150	8873: S, vc0
	12473: X, vc1
	12498: X, vc0
	12567: W, vc0
151	8092: X, vc0
	8928: S, vc0
	12498: W, vc0
152	9544: S, vc0
	9568: S, vc1
	12498: W, vc0
165	9544: X, vc1
	9568: X, vc0
166	8873: X, vc1
	12473: N, vc0
167	8928: E, vc0
	12473: W, vc0
168	8928: X, vc1
	9544: S, vc0
	9568: S, vc1
184	9544: X, vc1
	9568: X, vc0
Parsed placement file.
Set ejection VC at addr 49 to 0
Set ejection VC at addr 16 to 0
Set ejection VC at addr 6 to 0
Set ejection VC at addr 3 to 0
Set ejection VC at addr 32 to 0
Set ejection VC at addr 48 to 0
Set ejection VC at addr 53 to 0
Set ejection VC at addr 85 to 0
Link specified in placement file.
Changing link to static with placed latencies.
Set lat 6 from 0 to 0
Set lat 5 from 0 to 1
Set lat 2 from 0 to 2
Set lat 1 from 0 to 3
Set lat 6 from 0 to 4
Set lat 7 from 0 to 5
Set lat 4 from 0 to 6
Set lat 6 from 0 to 7
Set ejection VC at addr 49 to 0
Set ejection VC at addr 16 to 0
Set ejection VC at addr 6 to 0
Set ejection VC at addr 3 to 0
Set ejection VC at addr 32 to 0
Set ejection VC at addr 48 to 0
Set ejection VC at addr 53 to 0
Set ejection VC at addr 85 to 0
Link specified in placement file.
Changing link to static with placed latencies.
Set lat 6 from 0 to 0
Set lat 5 from 0 to 1
Set lat 2 from 0 to 2
Set lat 1 from 0 to 3
Set lat 6 from 0 to 4
Set lat 7 from 0 to 5
Set lat 4 from 0 to 6
Set lat 6 from 0 to 7
Set ejection VC at addr 53 to 0
Link specified in placement file.
Changing link to static with placed latencies.
Set lat 1 from 0 to 0
Set ejection VC at addr 117 to 0
Link specified in placement file.
Changing link to static with placed latencies.
Set lat 1 from 0 to 0
Set ejection VC at addr 100 to 0
Link specified in placement file.
Changing link to static with placed latencies.
Set lat 1 from 0 to 0
Set ejection VC at addr 83 to 0
Link specified in placement file.
Changing link to static with placed latencies.
Set lat 1 from 0 to 0
Set ejection VC at addr 119 to 0
Link specified in placement file.
Changing link to static with placed latencies.
Set lat 1 from 0 to 0
Set ejection VC at addr 102 to 0
Link specified in placement file.
Changing link to static with placed latencies.
Set lat 1 from 0 to 0
Set ejection VC at addr 38 to 0
Link specified in placement file.
Changing link to static with placed latencies.
Set lat 1 from 0 to 0
Set ejection VC at addr 168 to 0
Link specified in placement file.
Changing link to static with placed latencies.
Set lat 1 from 0 to 0
Set ejection VC at addr 166 to 0
Link specified in placement file.
Changing link to static with placed latencies.
Set lat 1 from 0 to 0
Set ejection VC at addr 149 to 0
Link specified in placement file.
Changing link to static with placed latencies.
Set lat 1 from 0 to 0
Set ejection VC at addr 104 to 0
Link specified in placement file.
Changing link to static with placed latencies.
Set lat 1 from 0 to 0
Set ejection VC at addr 70 to 0
Link specified in placement file.
Changing link to static with placed latencies.
Set lat 1 from 0 to 0
Set ejection VC at addr 51 to 0
Link specified in placement file.
Changing link to static with placed latencies.
Set lat 1 from 0 to 0
Set ejection VC at addr 81 to 0
Link specified in placement file.
Changing link to static with placed latencies.
Set lat 1 from 0 to 0
Set ejection VC at addr 8 to 0
Link specified in placement file.
Changing link to static with placed latencies.
Set lat 1 from 0 to 0
Set ejection VC at addr 34 to 0
Link specified in placement file.
Changing link to static with placed latencies.
Set lat 1 from 0 to 0
Set ejection VC at addr 36 to 0
Link specified in placement file.
Updating dynamic link exit VCs.
1 hops for route 8464
Set exit class for pos 0 to 0 (rt 8464)
1 hops for route 8464
1 hops for route 8464
1 hops for route 8464
Set ejection VC at addr 5 to 0
Link specified in placement file.
Updating dynamic link exit VCs.
1 hops for route 11234
1 hops for route 11234
1 hops for route 11234
1 hops for route 11234
1 hops for route 11234
1 hops for route 11234
Set exit class for pos 0 to 0 (rt 11234)
1 hops for route 11234
Set ejection VC at addr 20 to 0
Link specified in placement file.
Changing link to static with placed latencies.
Set lat 1 from 0 to 0
Set ejection VC at addr 33 to 0
Link specified in placement file.
Changing link to static with placed latencies.
Set lat 1 from 0 to 0
Set ejection VC at addr 24 to 0
Link specified in placement file.
Changing link to static with placed latencies.
Set lat 1 from 0 to 0
Set ejection VC at addr 65 to 0
Link specified in placement file.
Changing link to static with placed latencies.
Set lat 1 from 0 to 0
Set ejection VC at addr 52 to 0
Link specified in placement file.
Changing link to static with placed latencies.
Set lat 1 from 0 to 0
Set ejection VC at addr 56 to 0
Link specified in placement file.
Updating dynamic link exit VCs.
1 hops for route 11614
1 hops for route 11614
1 hops for route 11614
Set exit class for pos 0 to 0 (rt 11614)
1 hops for route 11614
Set ejection VC at addr 88 to 0
Link specified in placement file.
Changing link to static with placed latencies.
Set lat 1 from 0 to 0
Set ejection VC at addr 135 to 0
Link specified in placement file.
Updating dynamic link exit VCs.
1 hops for route 11706
1 hops for route 11706
1 hops for route 11706
Set exit class for pos 0 to 0 (rt 11706)
1 hops for route 11706
Set ejection VC at addr 167 to 0
Link specified in placement file.
Changing link to static with placed latencies.
Set lat 1 from 0 to 0
Set ejection VC at addr 152 to 0
Link specified in placement file.
Changing link to static with placed latencies.
Set lat 1 from 0 to 0
Set ejection VC at addr 37 to 0
Link specified in placement file.
Changing link to static with placed latencies.
Set lat 1 from 0 to 0
Set ejection VC at addr 114 to 0
Link specified in placement file.
Updating dynamic link exit VCs.
1 hops for route 11890
1 hops for route 11890
1 hops for route 11890
1 hops for route 11890
1 hops for route 11890
1 hops for route 11890
Set exit class for pos 0 to 0 (rt 11890)
Set ejection VC at addr 118 to 0
Link specified in placement file.
Changing link to static with placed latencies.
Set lat 1 from 0 to 0
Set ejection VC at addr 99 to 0
Link specified in placement file.
Changing link to static with placed latencies.
Set lat 1 from 0 to 0
Set ejection VC at addr 131 to 0
Link specified in placement file.
Updating dynamic link exit VCs.
1 hops for route 12028
1 hops for route 12028
1 hops for route 12028
1 hops for route 12028
Set exit class for pos 0 to 0 (rt 12028)
Set ejection VC at addr 133 to 0
Link specified in placement file.
Changing link to static with placed latencies.
Set lat 1 from 0 to 0
Set ejection VC at addr 17 to 3
Link specified in placement file.
Updating dynamic link exit VCs.
1 hops for route 12191
Set exit class for pos 0 to 3 (rt 12191)
1 hops for route 12191
1 hops for route 12191
1 hops for route 12191
Set ejection VC at addr 17 to 0
Link specified in placement file.
Changing link to static with placed latencies.
Set lat 1 from 0 to 0
Set ejection VC at addr 17 to 0
Link specified in placement file.
Updating dynamic link exit VCs.
1 hops for route 12262
Set exit class for pos 0 to 0 (rt 12262)
1 hops for route 12262
1 hops for route 12262
1 hops for route 12262
1 hops for route 12262
1 hops for route 12262
1 hops for route 12262
1 hops for route 12262
Set ejection VC at addr 17 to 1
Link specified in placement file.
Updating dynamic link exit VCs.
1 hops for route 12239
Set exit class for pos 0 to 1 (rt 12239)
1 hops for route 12239
1 hops for route 12239
1 hops for route 12239
Set ejection VC at addr 66 to 0
Link specified in placement file.
Updating dynamic link exit VCs.
1 hops for route 12358
1 hops for route 12358
1 hops for route 12358
1 hops for route 12358
1 hops for route 12358
Set exit class for pos 0 to 0 (rt 12358)
Set ejection VC at addr 72 to 1
Link specified in placement file.
Updating dynamic link exit VCs.
1 hops for route 12427
1 hops for route 12427
1 hops for route 12427
1 hops for route 12427
1 hops for route 12427
1 hops for route 12427
Set exit class for pos 0 to 1 (rt 12427)
Set ejection VC at addr 72 to 0
Link specified in placement file.
Changing link to static with placed latencies.
Set lat 1 from 0 to 0
Set ejection VC at addr 72 to 0
Link specified in placement file.
Changing link to static with placed latencies.
Set lat 1 from 0 to 0
Set ejection VC at addr 72 to 2
Link specified in placement file.
Updating dynamic link exit VCs.
1 hops for route 12404
Set exit class for pos 0 to 2 (rt 12404)
1 hops for route 12404
1 hops for route 12404
1 hops for route 12404
1 hops for route 12404
1 hops for route 12404
Set ejection VC at addr 66 to 1
Link specified in placement file.
Updating dynamic link exit VCs.
1 hops for route 12334
Set exit class for pos 0 to 1 (rt 12334)
1 hops for route 12334
1 hops for route 12334
1 hops for route 12334
1 hops for route 12334
1 hops for route 12334
1 hops for route 12334
Set ejection VC at addr 150 to 1
Link specified in placement file.
Updating dynamic link exit VCs.
1 hops for route 12473
Set exit class for pos 0 to 1 (rt 12473)
1 hops for route 12473
1 hops for route 12473
Set ejection VC at addr 150 to 0
Link specified in placement file.
Updating dynamic link exit VCs.
1 hops for route 12498
Set exit class for pos 0 to 0 (rt 12498)
1 hops for route 12498
1 hops for route 12498
Set ejection VC at addr 115 to 1
Link specified in placement file.
Updating dynamic link exit VCs.
1 hops for route 12567
Set exit class for pos 0 to 1 (rt 12567)
1 hops for route 12567
1 hops for route 12567
1 hops for route 12567
1 hops for route 12567
1 hops for route 12567
Set ejection VC at addr 115 to 3
Link specified in placement file.
Updating dynamic link exit VCs.
1 hops for route 12521
1 hops for route 12521
1 hops for route 12521
1 hops for route 12521
1 hops for route 12521
1 hops for route 12521
1 hops for route 12521
1 hops for route 12521
Set exit class for pos 0 to 3 (rt 12521)
Set ejection VC at addr 115 to 0
Link specified in placement file.
Changing link to static with placed latencies.
Set lat 1 from 0 to 0
Set ejection VC at addr 132 to 3
Link specified in placement file.
Updating dynamic link exit VCs.
1 hops for route 12097
1 hops for route 12097
Set exit class for pos 0 to 3 (rt 12097)
1 hops for route 12097
1 hops for route 12097
Set ejection VC at addr 132 to 2
Link specified in placement file.
Updating dynamic link exit VCs.
1 hops for route 12122
1 hops for route 12122
1 hops for route 12122
1 hops for route 12122
Set exit class for pos 0 to 2 (rt 12122)
Set ejection VC at addr 132 to 0
Link specified in placement file.
Changing link to static with placed latencies.
Set lat 1 from 0 to 0
Set ejection VC at addr 132 to 0
Link specified in placement file.
Changing link to static with placed latencies.
Set lat 1 from 0 to 0
Set ejection VC at addr 115 to 0
Link specified in placement file.
Updating dynamic link exit VCs.
1 hops for route 12590
Set exit class for pos 0 to 0 (rt 12590)
1 hops for route 12590
1 hops for route 12590
Set ejection VC at addr 66 to 2
Link specified in placement file.
Updating dynamic link exit VCs.
1 hops for route 12309
Set exit class for pos 0 to 2 (rt 12309)
1 hops for route 12309
1 hops for route 12309
1 hops for route 12309
1 hops for route 12309
Set ejection VC at addr 82 to 0
Link specified in placement file.
Updating dynamic link exit VCs.
1 hops for route 9451
1 hops for route 9451
1 hops for route 9451
1 hops for route 9451
1 hops for route 9451
Set exit class for pos 0 to 0 (rt 9451)
Set ejection VC at addr 53 to 1
Link specified in placement file.
Updating dynamic link exit VCs.
1 hops for route 7681
1 hops for route 7681
1 hops for route 7681
1 hops for route 7681
Set exit class for pos 0 to 1 (rt 7681)
1 hops for route 7681
1 hops for route 7681
Set ejection VC at addr 66 to 0
Link specified in placement file.
Changing link to static with placed latencies.
Set lat 1 from 0 to 0
Set ejection VC at addr 16 to 0
Link specified in placement file.
Changing link to static with placed latencies.
Set lat 1 from 0 to 0
Set ejection VC at addr 89 to 1
Link specified in placement file.
Updating dynamic link exit VCs.
1 hops for route 7152
1 hops for route 7152
1 hops for route 7152
1 hops for route 7152
1 hops for route 7152
1 hops for route 7152
1 hops for route 7152
1 hops for route 7152
1 hops for route 7152
Set exit class for pos 0 to 1 (rt 7152)
Set ejection VC at addr 32 to 3
Link specified in placement file.
Updating dynamic link exit VCs.
1 hops for route 7258
Set exit class for pos 0 to 3 (rt 7258)
1 hops for route 7258
1 hops for route 7258
Set ejection VC at addr 16 to 0
Link specified in placement file.
Changing link to static with placed latencies.
Set lat 1 from 0 to 0
Set ejection VC at addr 89 to 0
Link specified in placement file.
Updating dynamic link exit VCs.
1 hops for route 7181
1 hops for route 7181
1 hops for route 7181
1 hops for route 7181
1 hops for route 7181
1 hops for route 7181
1 hops for route 7181
1 hops for route 7181
1 hops for route 7181
Set exit class for pos 0 to 0 (rt 7181)
Set ejection VC at addr 32 to 2
Link specified in placement file.
Updating dynamic link exit VCs.
1 hops for route 7287
Set exit class for pos 0 to 2 (rt 7287)
1 hops for route 7287
1 hops for route 7287
Set lat 1 from 0 to 0
Set lat 1 from 0 to 0
Set lat 1 from 0 to 0
Set lat 1 from 0 to 0
Set lat 1 from 0 to 0
Set lat 1 from 0 to 0
Set lat 1 from 0 to 0
Set lat 1 from 0 to 0
Set lat 1 from 0 to 0
Set lat 1 from 0 to 0
Set lat 1 from 0 to 0
Set lat 1 from 0 to 0
Set lat 1 from 0 to 0
Set lat 1 from 0 to 0
Set lat 1 from 0 to 0
Set lat 1 from 0 to 0
Set lat 1 from 0 to 0
Set lat 1 from 0 to 0
Set lat 1 from 0 to 0
Set ejection VC at addr 41 to 0
Set ejection VC at addr 25 to 0
Set ejection VC at addr 9 to 0
Set ejection VC at addr 80 to 0
Set ejection VC at addr 0 to 0
Set ejection VC at addr 55 to 0
Set ejection VC at addr 105 to 0
Set ejection VC at addr 21 to 0
Set ejection VC at addr 57 to 0
Set ejection VC at addr 151 to 0
Set ejection VC at addr 23 to 0
Set ejection VC at addr 87 to 0
Set ejection VC at addr 121 to 0
Set ejection VC at addr 19 to 0
Set ejection VC at addr 68 to 0
Set ejection VC at addr 22 to 0
Link specified in placement file.
Updating dynamic link exit VCs.
2 hops for route 8092
Set exit class for pos 4 to 0 (rt 8092)
1 hops for route 8092
1 hops for route 8092
2 hops for route 8092
2 hops for route 8092
3 hops for route 8092
2 hops for route 8092
2 hops for route 8092
1 hops for route 8092
2 hops for route 8092
Set exit class for pos 2 to 0 (rt 8092)
1 hops for route 8092
1 hops for route 8092
Set exit class for pos 13 to 0 (rt 8092)
1 hops for route 8092
1 hops for route 8092
Set exit class for pos 7 to 0 (rt 8092)
1 hops for route 8092
Set exit class for pos 15 to 0 (rt 8092)
2 hops for route 8092
Set exit class for pos 10 to 0 (rt 8092)
2 hops for route 8092
Set exit class for pos 1 to 0 (rt 8092)
1 hops for route 8092
1 hops for route 8092
1 hops for route 8092
2 hops for route 8092
Set exit class for pos 0 to 0 (rt 8092)
1 hops for route 8092
1 hops for route 8092
2 hops for route 8092
Set exit class for pos 5 to 0 (rt 8092)
2 hops for route 8092
Set exit class for pos 8 to 0 (rt 8092)
1 hops for route 8092
1 hops for route 8092
Set exit class for pos 14 to 0 (rt 8092)
1 hops for route 8092
1 hops for route 8092
1 hops for route 8092
Set exit class for pos 3 to 0 (rt 8092)
2 hops for route 8092
Set exit class for pos 11 to 0 (rt 8092)
1 hops for route 8092
1 hops for route 8092
2 hops for route 8092
Set exit class for pos 6 to 0 (rt 8092)
1 hops for route 8092
1 hops for route 8092
Set exit class for pos 12 to 0 (rt 8092)
1 hops for route 8092
1 hops for route 8092
Set exit class for pos 9 to 0 (rt 8092)
Set ejection VC at addr 69 to 0
Set ejection VC at addr 35 to 0
Set ejection VC at addr 7 to 0
Set ejection VC at addr 97 to 0
Set ejection VC at addr 67 to 0
Set ejection VC at addr 71 to 0
Set ejection VC at addr 103 to 0
Set ejection VC at addr 148 to 0
Set ejection VC at addr 165 to 0
Set ejection VC at addr 184 to 0
Set ejection VC at addr 39 to 0
Set ejection VC at addr 86 to 0
Set ejection VC at addr 120 to 0
Set ejection VC at addr 84 to 0
Set ejection VC at addr 101 to 0
Set ejection VC at addr 116 to 0
Link specified in placement file.
Updating dynamic link exit VCs.
1 hops for route 9568
Set exit class for pos 2 to 0 (rt 9568)
1 hops for route 9568
1 hops for route 9568
Set exit class for pos 1 to 0 (rt 9568)
2 hops for route 9568
Set exit class for pos 10 to 0 (rt 9568)
1 hops for route 9568
1 hops for route 9568
2 hops for route 9568
Set exit class for pos 4 to 0 (rt 9568)
1 hops for route 9568
Set exit class for pos 0 to 0 (rt 9568)
2 hops for route 9568
Set exit class for pos 5 to 0 (rt 9568)
1 hops for route 9568
1 hops for route 9568
2 hops for route 9568
3 hops for route 9568
Set exit class for pos 13 to 0 (rt 9568)
4 hops for route 9568
2 hops for route 9568
Set exit class for pos 11 to 0 (rt 9568)
3 hops for route 9568
1 hops for route 9568
1 hops for route 9568
Set exit class for pos 3 to 0 (rt 9568)
1 hops for route 9568
2 hops for route 9568
Set exit class for pos 14 to 0 (rt 9568)
1 hops for route 9568
Set exit class for pos 6 to 0 (rt 9568)
1 hops for route 9568
2 hops for route 9568
Set exit class for pos 15 to 0 (rt 9568)
1 hops for route 9568
2 hops for route 9568
Set exit class for pos 12 to 0 (rt 9568)
1 hops for route 9568
1 hops for route 9568
1 hops for route 9568
1 hops for route 9568
Set exit class for pos 7 to 0 (rt 9568)
1 hops for route 9568
1 hops for route 9568
1 hops for route 9568
Set exit class for pos 8 to 0 (rt 9568)
1 hops for route 9568
1 hops for route 9568
Set exit class for pos 9 to 0 (rt 9568)
Set ejection VC at addr 69 to 1
Set ejection VC at addr 35 to 1
Set ejection VC at addr 7 to 1
Set ejection VC at addr 97 to 1
Set ejection VC at addr 67 to 1
Set ejection VC at addr 71 to 1
Set ejection VC at addr 103 to 1
Set ejection VC at addr 148 to 1
Set ejection VC at addr 165 to 1
Set ejection VC at addr 184 to 1
Set ejection VC at addr 39 to 1
Set ejection VC at addr 86 to 1
Set ejection VC at addr 120 to 1
Set ejection VC at addr 84 to 1
Set ejection VC at addr 101 to 1
Set ejection VC at addr 116 to 1
Link specified in placement file.
Updating dynamic link exit VCs.
1 hops for route 9544
Set exit class for pos 2 to 1 (rt 9544)
1 hops for route 9544
1 hops for route 9544
Set exit class for pos 1 to 1 (rt 9544)
2 hops for route 9544
Set exit class for pos 10 to 1 (rt 9544)
1 hops for route 9544
1 hops for route 9544
2 hops for route 9544
Set exit class for pos 4 to 1 (rt 9544)
1 hops for route 9544
Set exit class for pos 0 to 1 (rt 9544)
2 hops for route 9544
Set exit class for pos 5 to 1 (rt 9544)
1 hops for route 9544
1 hops for route 9544
2 hops for route 9544
3 hops for route 9544
Set exit class for pos 13 to 1 (rt 9544)
3 hops for route 9544
2 hops for route 9544
Set exit class for pos 11 to 1 (rt 9544)
3 hops for route 9544
2 hops for route 9544
1 hops for route 9544
1 hops for route 9544
Set exit class for pos 3 to 1 (rt 9544)
1 hops for route 9544
2 hops for route 9544
Set exit class for pos 14 to 1 (rt 9544)
1 hops for route 9544
Set exit class for pos 6 to 1 (rt 9544)
1 hops for route 9544
2 hops for route 9544
Set exit class for pos 15 to 1 (rt 9544)
1 hops for route 9544
2 hops for route 9544
Set exit class for pos 12 to 1 (rt 9544)
1 hops for route 9544
1 hops for route 9544
1 hops for route 9544
1 hops for route 9544
Set exit class for pos 7 to 1 (rt 9544)
1 hops for route 9544
1 hops for route 9544
1 hops for route 9544
Set exit class for pos 8 to 1 (rt 9544)
1 hops for route 9544
1 hops for route 9544
Set exit class for pos 9 to 1 (rt 9544)
Set ejection VC at addr 18 to 0
Set ejection VC at addr 50 to 0
Link specified in placement file.
Updating dynamic link exit VCs.
1 hops for route 11295
Set exit class for pos 0 to 0 (rt 11295)
1 hops for route 11295
2 hops for route 11295
Set exit class for pos 1 to 0 (rt 11295)
1 hops for route 11295
Set ejection VC at addr 3 to 0
Set ejection VC at addr 54 to 0
Link specified in placement file.
Updating dynamic link exit VCs.
1 hops for route 9362
Set exit class for pos 0 to 0 (rt 9362)
1 hops for route 9362
1 hops for route 9362
1 hops for route 9362
1 hops for route 9362
2 hops for route 9362
1 hops for route 9362
Set exit class for pos 1 to 0 (rt 9362)
Set ejection VC at addr 49 to 0
Link specified in placement file.
Changing link to static with placed latencies.
Set lat 6 from 0 to 0
Set ejection VC at addr 16 to 0
Link specified in placement file.
Changing link to static with placed latencies.
Set lat 5 from 0 to 0
Set ejection VC at addr 6 to 0
Link specified in placement file.
Changing link to static with placed latencies.
Set lat 2 from 0 to 0
Set lat 1 from 0 to 0
Set lat 1 from 0 to 0
Set lat 1 from 0 to 0
Set lat 1 from 0 to 0
Set lat 1 from 0 to 0
Set lat 1 from 0 to 0
Set lat 1 from 0 to 0
Set lat 1 from 0 to 0
Set lat 1 from 0 to 0
Set lat 1 from 0 to 0
Set lat 1 from 0 to 0
Set lat 1 from 0 to 0
Set lat 1 from 0 to 0
Set lat 1 from 0 to 0
Set lat 1 from 0 to 0
Set lat 1 from 0 to 0
Set ejection VC at addr 32 to 0
Link specified in placement file.
Changing link to static with placed latencies.
Set lat 1 from 0 to 0
Set ejection VC at addr 4 to 0
Link specified in placement file.
Updating dynamic link exit VCs.
1 hops for route 7416
Set exit class for pos 0 to 0 (rt 7416)
1 hops for route 7416
1 hops for route 7416
1 hops for route 7416
1 hops for route 7416
1 hops for route 7416
1 hops for route 7416
Set ejection VC at addr 85 to 0
Link specified in placement file.
Changing link to static with placed latencies.
Set lat 6 from 0 to 0
Set lat 1 from 0 to 0
Set lat 1 from 0 to 0
Set lat 1 from 0 to 0
Set ejection VC at addr 32 to 1
Link specified in placement file.
Updating dynamic link exit VCs.
1 hops for route 7311
1 hops for route 7311
1 hops for route 7311
Set exit class for pos 0 to 1 (rt 7311)
1 hops for route 7311
1 hops for route 7311
1 hops for route 7311
Set ejection VC at addr 16 to 0
Link specified in placement file.
Updating dynamic link exit VCs.
1 hops for route 7960
Set exit class for pos 0 to 0 (rt 7960)
1 hops for route 7960
1 hops for route 7960
Set ejection VC at addr 36 to 1
Link specified in placement file.
Updating dynamic link exit VCs.
1 hops for route 8433
Set exit class for pos 0 to 1 (rt 8433)
1 hops for route 8433
1 hops for route 8433
1 hops for route 8433
1 hops for route 8433
1 hops for route 8433
Set ejection VC at addr 34 to 1
Link specified in placement file.
Updating dynamic link exit VCs.
1 hops for route 8488
1 hops for route 8488
Set exit class for pos 0 to 1 (rt 8488)
1 hops for route 8488
1 hops for route 8488
1 hops for route 8488
1 hops for route 8488
1 hops for route 8488
1 hops for route 8488
1 hops for route 8488
Set ejection VC at addr 8 to 0
Link specified in placement file.
Changing link to static with placed latencies.
Set lat 1 from 0 to 0
Set ejection VC at addr 81 to 0
Link specified in placement file.
Changing link to static with placed latencies.
Set lat 1 from 0 to 0
Set ejection VC at addr 51 to 1
Link specified in placement file.
Updating dynamic link exit VCs.
1 hops for route 8653
1 hops for route 8653
1 hops for route 8653
1 hops for route 8653
1 hops for route 8653
1 hops for route 8653
1 hops for route 8653
Set exit class for pos 0 to 1 (rt 8653)
Set ejection VC at addr 70 to 1
Link specified in placement file.
Updating dynamic link exit VCs.
1 hops for route 8708
1 hops for route 8708
1 hops for route 8708
Set exit class for pos 0 to 1 (rt 8708)
Set ejection VC at addr 104 to 0
Link specified in placement file.
Changing link to static with placed latencies.
Set lat 1 from 0 to 0
Set ejection VC at addr 149 to 1
Link specified in placement file.
Updating dynamic link exit VCs.
1 hops for route 8818
1 hops for route 8818
1 hops for route 8818
1 hops for route 8818
1 hops for route 8818
1 hops for route 8818
1 hops for route 8818
1 hops for route 8818
1 hops for route 8818
Set exit class for pos 0 to 1 (rt 8818)
Set ejection VC at addr 166 to 1
Link specified in placement file.
Updating dynamic link exit VCs.
1 hops for route 8873
1 hops for route 8873
1 hops for route 8873
1 hops for route 8873
1 hops for route 8873
1 hops for route 8873
1 hops for route 8873
1 hops for route 8873
1 hops for route 8873
1 hops for route 8873
1 hops for route 8873
Set exit class for pos 0 to 1 (rt 8873)
Set ejection VC at addr 168 to 1
Link specified in placement file.
Updating dynamic link exit VCs.
1 hops for route 8928
1 hops for route 8928
1 hops for route 8928
Set exit class for pos 0 to 1 (rt 8928)
Set ejection VC at addr 38 to 1
Link specified in placement file.
Updating dynamic link exit VCs.
1 hops for route 8983
1 hops for route 8983
Set exit class for pos 0 to 1 (rt 8983)
1 hops for route 8983
Set ejection VC at addr 102 to 1
Link specified in placement file.
Updating dynamic link exit VCs.
1 hops for route 9038
1 hops for route 9038
1 hops for route 9038
Set exit class for pos 0 to 1 (rt 9038)
Set ejection VC at addr 119 to 1
Link specified in placement file.
Updating dynamic link exit VCs.
1 hops for route 9093
Set exit class for pos 0 to 1 (rt 9093)
1 hops for route 9093
1 hops for route 9093
Set ejection VC at addr 83 to 1
Link specified in placement file.
Updating dynamic link exit VCs.
1 hops for route 9148
1 hops for route 9148
1 hops for route 9148
1 hops for route 9148
1 hops for route 9148
Set exit class for pos 0 to 1 (rt 9148)
Set ejection VC at addr 100 to 1
Link specified in placement file.
Updating dynamic link exit VCs.
1 hops for route 9203
1 hops for route 9203
1 hops for route 9203
Set exit class for pos 0 to 1 (rt 9203)
Set ejection VC at addr 117 to 1
Link specified in placement file.
Updating dynamic link exit VCs.
1 hops for route 9258
1 hops for route 9258
1 hops for route 9258
1 hops for route 9258
1 hops for route 9258
1 hops for route 9258
1 hops for route 9258
Set exit class for pos 0 to 1 (rt 9258)
1 hops for route 9258
Child process has pid 5517
Parsed definitions of all elements.
Total of 133 links:
  0: ArgIn3098_ArgIn3681_ArgIn7336_ArgIn7628_ArgIn7823_ArgIn8003_ArgIn12781_ArgIn12874
    
  1: ArgIn3528_ArgIn3076_ArgIn3634_ArgIn3723_ArgIn7355_ArgIn7909_ArgIn9314_ArgIn12893
    
  2: RetimingFIFO3856
    
  3: RetimingFIFO6549
    
  4: RetimingFIFO6467
    
  5: RetimingFIFO6385
    
  6: RetimingFIFO6303
    
  7: RetimingFIFO6221
    
  8: RetimingFIFO6139
    
  9: RetimingFIFO6057
    
  10: RetimingFIFO5975
    
  11: RetimingFIFO5893
    
  12: RetimingFIFO5811
    
  13: RetimingFIFO5729
    
  14: RetimingFIFO5647
    
  15: RetimingFIFO5565
    
  16: RetimingFIFO5483
    
  17: RetimingFIFO5401
    
  18: RetimingFIFO5319
    
  19: RetimingFIFO4460
    
  20: RetimingFIFO5329
    
  21: RetimingFIFO5411
    
  22: RetimingFIFO5493
    
  23: RetimingFIFO5575
    
  24: RetimingFIFO5657
    
  25: RetimingFIFO5739
    
  26: RetimingFIFO5821
    
  27: RetimingFIFO5903
    
  28: RetimingFIFO5985
    
  29: RetimingFIFO6067
    
  30: RetimingFIFO6149
    
  31: RetimingFIFO6231
    
  32: RetimingFIFO6313
    
  33: RetimingFIFO6395
    
  34: RetimingFIFO6477
    
  35: RetimingFIFO6559
    
  36: RetimingFIFO4507
    
  37: RetimingFIFO4535
    
  38: RetimingFIFO4563
    
  39: RetimingFIFO4591
    
  40: RetimingFIFO6682
    
  41: RetimingFIFO4619
    
  42: RetimingFIFO4647
    
  43: RetimingFIFO4675
    
  44: RetimingFIFO4703
    
  45: RetimingFIFO6673
    
  46: RetimingFIFO4731
    
  47: RetimingFIFO4759
    
  48: RetimingFIFO6691
    
  49: RetimingFIFO4787
    
  50: RetimingFIFO4815
    
  51: RetimingFIFO4843
    
  52: RetimingFIFO4871
    
  53: RetimingFIFO4899
    
  54: RetimingFIFO4927
    
  55: RetimingFIFO6700
    
  56: RetimingFIFO6664
    
  57: RetimingFIFO4406
    
  58: RetimingFIFO3803
    
  59: RetimingFIFO4955
    
  60: StreamOut313
    
  61: StreamOut127
    
  62: StreamOut2588
    
  63: StreamOut314
    
  64: StreamOut128
    
  65: StreamOut2589
    
  66: SRAM262
    
  67: SRAM488
    
  68: SRAM489
    
  69: SRAM490
    
  70: SRAM491
    
  71: SRAM492
    
  72: SRAM493
    
  73: SRAM494
    
  74: SRAM495
    
  75: SRAM496
    
  76: SRAM497
    
  77: SRAM498
    
  78: SRAM499
    
  79: SRAM500
    
  80: SRAM501
    
  81: SRAM502
    
  82: SRAM503
    
  83: SRAM425
    
  84: SRAM426
    
  85: RetimingFIFO5026_RetimingFIFO5042_RetimingFIFO5058_RetimingFIFO5074_RetimingFIFO5090_RetimingFIFO5106_RetimingFIFO5122_RetimingFIFO5138_RetimingFIFO5154_RetimingFIFO5170_RetimingFIFO5186_RetimingFIFO5202_RetimingFIFO5218_RetimingFIFO5234_RetimingFIFO5250_RetimingFIFO5266
    
  86: RetimingFIFO4017_RetimingFIFO4041_RetimingFIFO4064_RetimingFIFO4087_RetimingFIFO4110_RetimingFIFO4133_RetimingFIFO4156_RetimingFIFO4179_RetimingFIFO4202_RetimingFIFO4225_RetimingFIFO4248_RetimingFIFO4271_RetimingFIFO4294_RetimingFIFO4317_RetimingFIFO4340_RetimingFIFO4363
    
  87: RetimingFIFO4009_RetimingFIFO4033_RetimingFIFO4056_RetimingFIFO4079_RetimingFIFO4102_RetimingFIFO4125_RetimingFIFO4148_RetimingFIFO4171_RetimingFIFO4194_RetimingFIFO4217_RetimingFIFO4240_RetimingFIFO4263_RetimingFIFO4286_RetimingFIFO4309_RetimingFIFO4332_RetimingFIFO4355
    
  88: RetimingFIFO4965_RetimingFIFO4994
    
  89: RetimingFIFO3866_RetimingFIFO3920
    
  90: DramAddress2614
    
  91: DramAddress342
    
  92: DramAddress152
    
  93: SRAM97
    
  94: SRAM96
    
  95: SRAM95
    
  96: SRAM94
    
  97: SRAM93
    
  98: SRAM92
    
  99: SRAM91
    
  100: SRAM90
    
  101: SRAM89
    
  102: SRAM88
    
  103: SRAM87
    
  104: SRAM86
    
  105: SRAM85
    
  106: SRAM84
    
  107: SRAM83
    
  108: SRAM82
    
  109: StreamIn2591
    
  110: TokenOut2816
    
  111: TokenIn12841
    
  112: SRAM81
    
  113: SRAM62
    
  114: SRAM63
    
  115: StreamOut2590
    
  116: Reg263
    
  117: Reg504
    
  118: Reg505
    
  119: Reg506
    
  120: Reg507
    
  121: Reg508
    
  122: Reg509
    
  123: Reg510
    
  124: Reg511
    
  125: Reg512
    
  126: Reg513
    
  127: Reg514
    
  128: Reg515
    
  129: Reg516
    
  130: Reg517
    
  131: Reg518
    
  132: Reg519
    
Total of 126 nodes:
  0: CE12991
    [StreamOut128 *16 /1] [StreamOut127 *16 /1]  => [RetimingFIFO4009_RetimingFIFO4033_RetimingFIFO4056_RetimingFIFO4079_RetimingFIFO4102_RetimingFIFO4125_RetimingFIFO4148_RetimingFIFO4171_RetimingFIFO4194_RetimingFIFO4217_RetimingFIFO4240_RetimingFIFO4263_RetimingFIFO4286_RetimingFIFO4309_RetimingFIFO4332_RetimingFIFO4355] 
  1: CE13005
    [StreamOut314 *16 /1] [StreamOut313 *16 /1]  => [RetimingFIFO4460] 
  2: CE14055
    [RetimingFIFO4460 *1 /1]  => [SRAM262] 
  3: CE14045
    [SRAM262 *16 /1]  => [RetimingFIFO5026_RetimingFIFO5042_RetimingFIFO5058_RetimingFIFO5074_RetimingFIFO5090_RetimingFIFO5106_RetimingFIFO5122_RetimingFIFO5138_RetimingFIFO5154_RetimingFIFO5170_RetimingFIFO5186_RetimingFIFO5202_RetimingFIFO5218_RetimingFIFO5234_RetimingFIFO5250_RetimingFIFO5266] 
  4: CE13209
    [RetimingFIFO5026_RetimingFIFO5042_RetimingFIFO5058_RetimingFIFO5074_RetimingFIFO5090_RetimingFIFO5106_RetimingFIFO5122_RetimingFIFO5138_RetimingFIFO5154_RetimingFIFO5170_RetimingFIFO5186_RetimingFIFO5202_RetimingFIFO5218_RetimingFIFO5234_RetimingFIFO5250_RetimingFIFO5266 *1 /1]  => [Reg504] 
  5: CE13219
    [RetimingFIFO5026_RetimingFIFO5042_RetimingFIFO5058_RetimingFIFO5074_RetimingFIFO5090_RetimingFIFO5106_RetimingFIFO5122_RetimingFIFO5138_RetimingFIFO5154_RetimingFIFO5170_RetimingFIFO5186_RetimingFIFO5202_RetimingFIFO5218_RetimingFIFO5234_RetimingFIFO5250_RetimingFIFO5266 *1 /1]  => [Reg505] 
  6: CE13229
    [RetimingFIFO5026_RetimingFIFO5042_RetimingFIFO5058_RetimingFIFO5074_RetimingFIFO5090_RetimingFIFO5106_RetimingFIFO5122_RetimingFIFO5138_RetimingFIFO5154_RetimingFIFO5170_RetimingFIFO5186_RetimingFIFO5202_RetimingFIFO5218_RetimingFIFO5234_RetimingFIFO5250_RetimingFIFO5266 *1 /1]  => [Reg506] 
  7: CE13239
    [RetimingFIFO5026_RetimingFIFO5042_RetimingFIFO5058_RetimingFIFO5074_RetimingFIFO5090_RetimingFIFO5106_RetimingFIFO5122_RetimingFIFO5138_RetimingFIFO5154_RetimingFIFO5170_RetimingFIFO5186_RetimingFIFO5202_RetimingFIFO5218_RetimingFIFO5234_RetimingFIFO5250_RetimingFIFO5266 *1 /1]  => [Reg507] 
  8: CE13249
    [RetimingFIFO5026_RetimingFIFO5042_RetimingFIFO5058_RetimingFIFO5074_RetimingFIFO5090_RetimingFIFO5106_RetimingFIFO5122_RetimingFIFO5138_RetimingFIFO5154_RetimingFIFO5170_RetimingFIFO5186_RetimingFIFO5202_RetimingFIFO5218_RetimingFIFO5234_RetimingFIFO5250_RetimingFIFO5266 *1 /1]  => [Reg508] 
  9: CE13259
    [RetimingFIFO5026_RetimingFIFO5042_RetimingFIFO5058_RetimingFIFO5074_RetimingFIFO5090_RetimingFIFO5106_RetimingFIFO5122_RetimingFIFO5138_RetimingFIFO5154_RetimingFIFO5170_RetimingFIFO5186_RetimingFIFO5202_RetimingFIFO5218_RetimingFIFO5234_RetimingFIFO5250_RetimingFIFO5266 *1 /1]  => [Reg509] 
  10: CE13269
    [RetimingFIFO5026_RetimingFIFO5042_RetimingFIFO5058_RetimingFIFO5074_RetimingFIFO5090_RetimingFIFO5106_RetimingFIFO5122_RetimingFIFO5138_RetimingFIFO5154_RetimingFIFO5170_RetimingFIFO5186_RetimingFIFO5202_RetimingFIFO5218_RetimingFIFO5234_RetimingFIFO5250_RetimingFIFO5266 *1 /1]  => [Reg510] 
  11: CE13279
    [RetimingFIFO5026_RetimingFIFO5042_RetimingFIFO5058_RetimingFIFO5074_RetimingFIFO5090_RetimingFIFO5106_RetimingFIFO5122_RetimingFIFO5138_RetimingFIFO5154_RetimingFIFO5170_RetimingFIFO5186_RetimingFIFO5202_RetimingFIFO5218_RetimingFIFO5234_RetimingFIFO5250_RetimingFIFO5266 *1 /1]  => [Reg511] 
  12: CE13289
    [RetimingFIFO5026_RetimingFIFO5042_RetimingFIFO5058_RetimingFIFO5074_RetimingFIFO5090_RetimingFIFO5106_RetimingFIFO5122_RetimingFIFO5138_RetimingFIFO5154_RetimingFIFO5170_RetimingFIFO5186_RetimingFIFO5202_RetimingFIFO5218_RetimingFIFO5234_RetimingFIFO5250_RetimingFIFO5266 *1 /1]  => [Reg512] 
  13: CE13299
    [RetimingFIFO5026_RetimingFIFO5042_RetimingFIFO5058_RetimingFIFO5074_RetimingFIFO5090_RetimingFIFO5106_RetimingFIFO5122_RetimingFIFO5138_RetimingFIFO5154_RetimingFIFO5170_RetimingFIFO5186_RetimingFIFO5202_RetimingFIFO5218_RetimingFIFO5234_RetimingFIFO5250_RetimingFIFO5266 *1 /1]  => [Reg513] 
  14: CE13309
    [RetimingFIFO5026_RetimingFIFO5042_RetimingFIFO5058_RetimingFIFO5074_RetimingFIFO5090_RetimingFIFO5106_RetimingFIFO5122_RetimingFIFO5138_RetimingFIFO5154_RetimingFIFO5170_RetimingFIFO5186_RetimingFIFO5202_RetimingFIFO5218_RetimingFIFO5234_RetimingFIFO5250_RetimingFIFO5266 *1 /1]  => [Reg514] 
  15: CE13319
    [RetimingFIFO5026_RetimingFIFO5042_RetimingFIFO5058_RetimingFIFO5074_RetimingFIFO5090_RetimingFIFO5106_RetimingFIFO5122_RetimingFIFO5138_RetimingFIFO5154_RetimingFIFO5170_RetimingFIFO5186_RetimingFIFO5202_RetimingFIFO5218_RetimingFIFO5234_RetimingFIFO5250_RetimingFIFO5266 *1 /1]  => [Reg515] 
  16: CE13329
    [RetimingFIFO5026_RetimingFIFO5042_RetimingFIFO5058_RetimingFIFO5074_RetimingFIFO5090_RetimingFIFO5106_RetimingFIFO5122_RetimingFIFO5138_RetimingFIFO5154_RetimingFIFO5170_RetimingFIFO5186_RetimingFIFO5202_RetimingFIFO5218_RetimingFIFO5234_RetimingFIFO5250_RetimingFIFO5266 *1 /1]  => [Reg516] 
  17: CE13339
    [RetimingFIFO5026_RetimingFIFO5042_RetimingFIFO5058_RetimingFIFO5074_RetimingFIFO5090_RetimingFIFO5106_RetimingFIFO5122_RetimingFIFO5138_RetimingFIFO5154_RetimingFIFO5170_RetimingFIFO5186_RetimingFIFO5202_RetimingFIFO5218_RetimingFIFO5234_RetimingFIFO5250_RetimingFIFO5266 *1 /1]  => [Reg517] 
  18: CE13349
    [RetimingFIFO5026_RetimingFIFO5042_RetimingFIFO5058_RetimingFIFO5074_RetimingFIFO5090_RetimingFIFO5106_RetimingFIFO5122_RetimingFIFO5138_RetimingFIFO5154_RetimingFIFO5170_RetimingFIFO5186_RetimingFIFO5202_RetimingFIFO5218_RetimingFIFO5234_RetimingFIFO5250_RetimingFIFO5266 *1 /1]  => [Reg518] 
  19: CE13359
    [RetimingFIFO5026_RetimingFIFO5042_RetimingFIFO5058_RetimingFIFO5074_RetimingFIFO5090_RetimingFIFO5106_RetimingFIFO5122_RetimingFIFO5138_RetimingFIFO5154_RetimingFIFO5170_RetimingFIFO5186_RetimingFIFO5202_RetimingFIFO5218_RetimingFIFO5234_RetimingFIFO5250_RetimingFIFO5266 *1 /1]  => [Reg519] 
  20: CE13043
     => [ArgIn3098_ArgIn3681_ArgIn7336_ArgIn7628_ArgIn7823_ArgIn8003_ArgIn12781_ArgIn12874] [ArgIn3528_ArgIn3076_ArgIn3634_ArgIn3723_ArgIn7355_ArgIn7909_ArgIn9314_ArgIn12893] [DramAddress2614] [DramAddress152] [DramAddress342] [TokenIn12841] 
  21: CE13059
    [TokenOut2816 *1 /1]  => 
  22: CE13113
    [ArgIn3528_ArgIn3076_ArgIn3634_ArgIn3723_ArgIn7355_ArgIn7909_ArgIn9314_ArgIn12893 *512 /1] [ArgIn3098_ArgIn3681_ArgIn7336_ArgIn7628_ArgIn7823_ArgIn8003_ArgIn12781_ArgIn12874 *512 /1] [DramAddress2614 *512 /1]  => [StreamOut2589] [StreamOut2588] 
  23: CE13135
    [ArgIn3528_ArgIn3076_ArgIn3634_ArgIn3723_ArgIn7355_ArgIn7909_ArgIn9314_ArgIn12893 *2048 /1] [ArgIn3098_ArgIn3681_ArgIn7336_ArgIn7628_ArgIn7823_ArgIn8003_ArgIn12781_ArgIn12874 *2048 /1] [DramAddress152 *2048 /1]  => [StreamOut128] [StreamOut127] 
  24: CE13155
    [TokenIn12841 *32768 /1] [ArgIn3098_ArgIn3681_ArgIn7336_ArgIn7628_ArgIn7823_ArgIn8003_ArgIn12781_ArgIn12874 *32768 /1] [ArgIn3528_ArgIn3076_ArgIn3634_ArgIn3723_ArgIn7355_ArgIn7909_ArgIn9314_ArgIn12893 *32768 /1]  => [RetimingFIFO4017_RetimingFIFO4041_RetimingFIFO4064_RetimingFIFO4087_RetimingFIFO4110_RetimingFIFO4133_RetimingFIFO4156_RetimingFIFO4179_RetimingFIFO4202_RetimingFIFO4225_RetimingFIFO4248_RetimingFIFO4271_RetimingFIFO4294_RetimingFIFO4317_RetimingFIFO4340_RetimingFIFO4363] 
  25: CE13171
    [ArgIn3098_ArgIn3681_ArgIn7336_ArgIn7628_ArgIn7823_ArgIn8003_ArgIn12781_ArgIn12874 *1024 /1] [ArgIn3528_ArgIn3076_ArgIn3634_ArgIn3723_ArgIn7355_ArgIn7909_ArgIn9314_ArgIn12893 *1024 /1]  => [Reg263] 
  26: CE13191
    [ArgIn3528_ArgIn3076_ArgIn3634_ArgIn3723_ArgIn7355_ArgIn7909_ArgIn9314_ArgIn12893 *1024 /1] [ArgIn3098_ArgIn3681_ArgIn7336_ArgIn7628_ArgIn7823_ArgIn8003_ArgIn12781_ArgIn12874 *1024 /1] [DramAddress342 *1024 /1] [Reg263 *1 /1]  => [StreamOut314] [StreamOut313] 
  27: CE13673
    [RetimingFIFO4009_RetimingFIFO4033_RetimingFIFO4056_RetimingFIFO4079_RetimingFIFO4102_RetimingFIFO4125_RetimingFIFO4148_RetimingFIFO4171_RetimingFIFO4194_RetimingFIFO4217_RetimingFIFO4240_RetimingFIFO4263_RetimingFIFO4286_RetimingFIFO4309_RetimingFIFO4332_RetimingFIFO4355 *1 /1] [RetimingFIFO4017_RetimingFIFO4041_RetimingFIFO4064_RetimingFIFO4087_RetimingFIFO4110_RetimingFIFO4133_RetimingFIFO4156_RetimingFIFO4179_RetimingFIFO4202_RetimingFIFO4225_RetimingFIFO4248_RetimingFIFO4271_RetimingFIFO4294_RetimingFIFO4317_RetimingFIFO4340_RetimingFIFO4363 *1 /1]  => [SRAM82] 
  28: CE13661
    [SRAM82 *32768 /1]  => [RetimingFIFO5319] 
  29: CE13697
    [RetimingFIFO4009_RetimingFIFO4033_RetimingFIFO4056_RetimingFIFO4079_RetimingFIFO4102_RetimingFIFO4125_RetimingFIFO4148_RetimingFIFO4171_RetimingFIFO4194_RetimingFIFO4217_RetimingFIFO4240_RetimingFIFO4263_RetimingFIFO4286_RetimingFIFO4309_RetimingFIFO4332_RetimingFIFO4355 *1 /1] [RetimingFIFO4017_RetimingFIFO4041_RetimingFIFO4064_RetimingFIFO4087_RetimingFIFO4110_RetimingFIFO4133_RetimingFIFO4156_RetimingFIFO4179_RetimingFIFO4202_RetimingFIFO4225_RetimingFIFO4248_RetimingFIFO4271_RetimingFIFO4294_RetimingFIFO4317_RetimingFIFO4340_RetimingFIFO4363 *1 /1]  => [SRAM83] 
  30: CE13685
    [SRAM83 *32768 /1]  => [RetimingFIFO5401] 
  31: CE13721
    [RetimingFIFO4009_RetimingFIFO4033_RetimingFIFO4056_RetimingFIFO4079_RetimingFIFO4102_RetimingFIFO4125_RetimingFIFO4148_RetimingFIFO4171_RetimingFIFO4194_RetimingFIFO4217_RetimingFIFO4240_RetimingFIFO4263_RetimingFIFO4286_RetimingFIFO4309_RetimingFIFO4332_RetimingFIFO4355 *1 /1] [RetimingFIFO4017_RetimingFIFO4041_RetimingFIFO4064_RetimingFIFO4087_RetimingFIFO4110_RetimingFIFO4133_RetimingFIFO4156_RetimingFIFO4179_RetimingFIFO4202_RetimingFIFO4225_RetimingFIFO4248_RetimingFIFO4271_RetimingFIFO4294_RetimingFIFO4317_RetimingFIFO4340_RetimingFIFO4363 *1 /1]  => [SRAM84] 
  32: CE13709
    [SRAM84 *32768 /1]  => [RetimingFIFO5483] 
  33: CE13745
    [RetimingFIFO4009_RetimingFIFO4033_RetimingFIFO4056_RetimingFIFO4079_RetimingFIFO4102_RetimingFIFO4125_RetimingFIFO4148_RetimingFIFO4171_RetimingFIFO4194_RetimingFIFO4217_RetimingFIFO4240_RetimingFIFO4263_RetimingFIFO4286_RetimingFIFO4309_RetimingFIFO4332_RetimingFIFO4355 *1 /1] [RetimingFIFO4017_RetimingFIFO4041_RetimingFIFO4064_RetimingFIFO4087_RetimingFIFO4110_RetimingFIFO4133_RetimingFIFO4156_RetimingFIFO4179_RetimingFIFO4202_RetimingFIFO4225_RetimingFIFO4248_RetimingFIFO4271_RetimingFIFO4294_RetimingFIFO4317_RetimingFIFO4340_RetimingFIFO4363 *1 /1]  => [SRAM85] 
  34: CE13733
    [SRAM85 *32768 /1]  => [RetimingFIFO5565] 
  35: CE13769
    [RetimingFIFO4009_RetimingFIFO4033_RetimingFIFO4056_RetimingFIFO4079_RetimingFIFO4102_RetimingFIFO4125_RetimingFIFO4148_RetimingFIFO4171_RetimingFIFO4194_RetimingFIFO4217_RetimingFIFO4240_RetimingFIFO4263_RetimingFIFO4286_RetimingFIFO4309_RetimingFIFO4332_RetimingFIFO4355 *1 /1] [RetimingFIFO4017_RetimingFIFO4041_RetimingFIFO4064_RetimingFIFO4087_RetimingFIFO4110_RetimingFIFO4133_RetimingFIFO4156_RetimingFIFO4179_RetimingFIFO4202_RetimingFIFO4225_RetimingFIFO4248_RetimingFIFO4271_RetimingFIFO4294_RetimingFIFO4317_RetimingFIFO4340_RetimingFIFO4363 *1 /1]  => [SRAM86] 
  36: CE13757
    [SRAM86 *32768 /1]  => [RetimingFIFO5647] 
  37: CE13793
    [RetimingFIFO4009_RetimingFIFO4033_RetimingFIFO4056_RetimingFIFO4079_RetimingFIFO4102_RetimingFIFO4125_RetimingFIFO4148_RetimingFIFO4171_RetimingFIFO4194_RetimingFIFO4217_RetimingFIFO4240_RetimingFIFO4263_RetimingFIFO4286_RetimingFIFO4309_RetimingFIFO4332_RetimingFIFO4355 *1 /1] [RetimingFIFO4017_RetimingFIFO4041_RetimingFIFO4064_RetimingFIFO4087_RetimingFIFO4110_RetimingFIFO4133_RetimingFIFO4156_RetimingFIFO4179_RetimingFIFO4202_RetimingFIFO4225_RetimingFIFO4248_RetimingFIFO4271_RetimingFIFO4294_RetimingFIFO4317_RetimingFIFO4340_RetimingFIFO4363 *1 /1]  => [SRAM87] 
  38: CE13781
    [SRAM87 *32768 /1]  => [RetimingFIFO5729] 
  39: CE13817
    [RetimingFIFO4009_RetimingFIFO4033_RetimingFIFO4056_RetimingFIFO4079_RetimingFIFO4102_RetimingFIFO4125_RetimingFIFO4148_RetimingFIFO4171_RetimingFIFO4194_RetimingFIFO4217_RetimingFIFO4240_RetimingFIFO4263_RetimingFIFO4286_RetimingFIFO4309_RetimingFIFO4332_RetimingFIFO4355 *1 /1] [RetimingFIFO4017_RetimingFIFO4041_RetimingFIFO4064_RetimingFIFO4087_RetimingFIFO4110_RetimingFIFO4133_RetimingFIFO4156_RetimingFIFO4179_RetimingFIFO4202_RetimingFIFO4225_RetimingFIFO4248_RetimingFIFO4271_RetimingFIFO4294_RetimingFIFO4317_RetimingFIFO4340_RetimingFIFO4363 *1 /1]  => [SRAM88] 
  40: CE13805
    [SRAM88 *32768 /1]  => [RetimingFIFO5811] 
  41: CE13841
    [RetimingFIFO4009_RetimingFIFO4033_RetimingFIFO4056_RetimingFIFO4079_RetimingFIFO4102_RetimingFIFO4125_RetimingFIFO4148_RetimingFIFO4171_RetimingFIFO4194_RetimingFIFO4217_RetimingFIFO4240_RetimingFIFO4263_RetimingFIFO4286_RetimingFIFO4309_RetimingFIFO4332_RetimingFIFO4355 *1 /1] [RetimingFIFO4017_RetimingFIFO4041_RetimingFIFO4064_RetimingFIFO4087_RetimingFIFO4110_RetimingFIFO4133_RetimingFIFO4156_RetimingFIFO4179_RetimingFIFO4202_RetimingFIFO4225_RetimingFIFO4248_RetimingFIFO4271_RetimingFIFO4294_RetimingFIFO4317_RetimingFIFO4340_RetimingFIFO4363 *1 /1]  => [SRAM89] 
  42: CE13829
    [SRAM89 *32768 /1]  => [RetimingFIFO5893] 
  43: CE13865
    [RetimingFIFO4009_RetimingFIFO4033_RetimingFIFO4056_RetimingFIFO4079_RetimingFIFO4102_RetimingFIFO4125_RetimingFIFO4148_RetimingFIFO4171_RetimingFIFO4194_RetimingFIFO4217_RetimingFIFO4240_RetimingFIFO4263_RetimingFIFO4286_RetimingFIFO4309_RetimingFIFO4332_RetimingFIFO4355 *1 /1] [RetimingFIFO4017_RetimingFIFO4041_RetimingFIFO4064_RetimingFIFO4087_RetimingFIFO4110_RetimingFIFO4133_RetimingFIFO4156_RetimingFIFO4179_RetimingFIFO4202_RetimingFIFO4225_RetimingFIFO4248_RetimingFIFO4271_RetimingFIFO4294_RetimingFIFO4317_RetimingFIFO4340_RetimingFIFO4363 *1 /1]  => [SRAM90] 
  44: CE13853
    [SRAM90 *32768 /1]  => [RetimingFIFO5975] 
  45: CE13889
    [RetimingFIFO4009_RetimingFIFO4033_RetimingFIFO4056_RetimingFIFO4079_RetimingFIFO4102_RetimingFIFO4125_RetimingFIFO4148_RetimingFIFO4171_RetimingFIFO4194_RetimingFIFO4217_RetimingFIFO4240_RetimingFIFO4263_RetimingFIFO4286_RetimingFIFO4309_RetimingFIFO4332_RetimingFIFO4355 *1 /1] [RetimingFIFO4017_RetimingFIFO4041_RetimingFIFO4064_RetimingFIFO4087_RetimingFIFO4110_RetimingFIFO4133_RetimingFIFO4156_RetimingFIFO4179_RetimingFIFO4202_RetimingFIFO4225_RetimingFIFO4248_RetimingFIFO4271_RetimingFIFO4294_RetimingFIFO4317_RetimingFIFO4340_RetimingFIFO4363 *1 /1]  => [SRAM91] 
  46: CE13877
    [SRAM91 *32768 /1]  => [RetimingFIFO6057] 
  47: CE13913
    [RetimingFIFO4009_RetimingFIFO4033_RetimingFIFO4056_RetimingFIFO4079_RetimingFIFO4102_RetimingFIFO4125_RetimingFIFO4148_RetimingFIFO4171_RetimingFIFO4194_RetimingFIFO4217_RetimingFIFO4240_RetimingFIFO4263_RetimingFIFO4286_RetimingFIFO4309_RetimingFIFO4332_RetimingFIFO4355 *1 /1] [RetimingFIFO4017_RetimingFIFO4041_RetimingFIFO4064_RetimingFIFO4087_RetimingFIFO4110_RetimingFIFO4133_RetimingFIFO4156_RetimingFIFO4179_RetimingFIFO4202_RetimingFIFO4225_RetimingFIFO4248_RetimingFIFO4271_RetimingFIFO4294_RetimingFIFO4317_RetimingFIFO4340_RetimingFIFO4363 *1 /1]  => [SRAM92] 
  48: CE13901
    [SRAM92 *32768 /1]  => [RetimingFIFO6139] 
  49: CE13937
    [RetimingFIFO4009_RetimingFIFO4033_RetimingFIFO4056_RetimingFIFO4079_RetimingFIFO4102_RetimingFIFO4125_RetimingFIFO4148_RetimingFIFO4171_RetimingFIFO4194_RetimingFIFO4217_RetimingFIFO4240_RetimingFIFO4263_RetimingFIFO4286_RetimingFIFO4309_RetimingFIFO4332_RetimingFIFO4355 *1 /1] [RetimingFIFO4017_RetimingFIFO4041_RetimingFIFO4064_RetimingFIFO4087_RetimingFIFO4110_RetimingFIFO4133_RetimingFIFO4156_RetimingFIFO4179_RetimingFIFO4202_RetimingFIFO4225_RetimingFIFO4248_RetimingFIFO4271_RetimingFIFO4294_RetimingFIFO4317_RetimingFIFO4340_RetimingFIFO4363 *1 /1]  => [SRAM93] 
  50: CE13925
    [SRAM93 *32768 /1]  => [RetimingFIFO6221] 
  51: CE13961
    [RetimingFIFO4009_RetimingFIFO4033_RetimingFIFO4056_RetimingFIFO4079_RetimingFIFO4102_RetimingFIFO4125_RetimingFIFO4148_RetimingFIFO4171_RetimingFIFO4194_RetimingFIFO4217_RetimingFIFO4240_RetimingFIFO4263_RetimingFIFO4286_RetimingFIFO4309_RetimingFIFO4332_RetimingFIFO4355 *1 /1] [RetimingFIFO4017_RetimingFIFO4041_RetimingFIFO4064_RetimingFIFO4087_RetimingFIFO4110_RetimingFIFO4133_RetimingFIFO4156_RetimingFIFO4179_RetimingFIFO4202_RetimingFIFO4225_RetimingFIFO4248_RetimingFIFO4271_RetimingFIFO4294_RetimingFIFO4317_RetimingFIFO4340_RetimingFIFO4363 *1 /1]  => [SRAM94] 
  52: CE13949
    [SRAM94 *32768 /1]  => [RetimingFIFO6303] 
  53: CE13985
    [RetimingFIFO4009_RetimingFIFO4033_RetimingFIFO4056_RetimingFIFO4079_RetimingFIFO4102_RetimingFIFO4125_RetimingFIFO4148_RetimingFIFO4171_RetimingFIFO4194_RetimingFIFO4217_RetimingFIFO4240_RetimingFIFO4263_RetimingFIFO4286_RetimingFIFO4309_RetimingFIFO4332_RetimingFIFO4355 *1 /1] [RetimingFIFO4017_RetimingFIFO4041_RetimingFIFO4064_RetimingFIFO4087_RetimingFIFO4110_RetimingFIFO4133_RetimingFIFO4156_RetimingFIFO4179_RetimingFIFO4202_RetimingFIFO4225_RetimingFIFO4248_RetimingFIFO4271_RetimingFIFO4294_RetimingFIFO4317_RetimingFIFO4340_RetimingFIFO4363 *1 /1]  => [SRAM95] 
  54: CE13973
    [SRAM95 *32768 /1]  => [RetimingFIFO6385] 
  55: CE14009
    [RetimingFIFO4009_RetimingFIFO4033_RetimingFIFO4056_RetimingFIFO4079_RetimingFIFO4102_RetimingFIFO4125_RetimingFIFO4148_RetimingFIFO4171_RetimingFIFO4194_RetimingFIFO4217_RetimingFIFO4240_RetimingFIFO4263_RetimingFIFO4286_RetimingFIFO4309_RetimingFIFO4332_RetimingFIFO4355 *1 /1] [RetimingFIFO4017_RetimingFIFO4041_RetimingFIFO4064_RetimingFIFO4087_RetimingFIFO4110_RetimingFIFO4133_RetimingFIFO4156_RetimingFIFO4179_RetimingFIFO4202_RetimingFIFO4225_RetimingFIFO4248_RetimingFIFO4271_RetimingFIFO4294_RetimingFIFO4317_RetimingFIFO4340_RetimingFIFO4363 *1 /1]  => [SRAM96] 
  56: CE13997
    [SRAM96 *32768 /1]  => [RetimingFIFO6467] 
  57: CE14033
    [RetimingFIFO4009_RetimingFIFO4033_RetimingFIFO4056_RetimingFIFO4079_RetimingFIFO4102_RetimingFIFO4125_RetimingFIFO4148_RetimingFIFO4171_RetimingFIFO4194_RetimingFIFO4217_RetimingFIFO4240_RetimingFIFO4263_RetimingFIFO4286_RetimingFIFO4309_RetimingFIFO4332_RetimingFIFO4355 *1 /1] [RetimingFIFO4017_RetimingFIFO4041_RetimingFIFO4064_RetimingFIFO4087_RetimingFIFO4110_RetimingFIFO4133_RetimingFIFO4156_RetimingFIFO4179_RetimingFIFO4202_RetimingFIFO4225_RetimingFIFO4248_RetimingFIFO4271_RetimingFIFO4294_RetimingFIFO4317_RetimingFIFO4340_RetimingFIFO4363 *1 /1]  => [SRAM97] 
  58: CE14021
    [SRAM97 *32768 /1]  => [RetimingFIFO6549] 
  59: CE13371
    [Reg504 *16 /1] [RetimingFIFO5319 *1 /1]  => [RetimingFIFO5329] 
  60: CE13385
    [Reg505 *16 /1] [RetimingFIFO5401 *1 /1]  => [RetimingFIFO5411] 
  61: CE13399
    [Reg506 *16 /1] [RetimingFIFO5483 *1 /1]  => [RetimingFIFO5493] 
  62: CE13413
    [Reg507 *16 /1] [RetimingFIFO5565 *1 /1]  => [RetimingFIFO5575] 
  63: CE13427
    [Reg508 *16 /1] [RetimingFIFO5647 *1 /1]  => [RetimingFIFO5657] 
  64: CE13441
    [Reg509 *16 /1] [RetimingFIFO5729 *1 /1]  => [RetimingFIFO5739] 
  65: CE13455
    [Reg510 *16 /1] [RetimingFIFO5811 *1 /1]  => [RetimingFIFO5821] 
  66: CE13469
    [Reg511 *16 /1] [RetimingFIFO5893 *1 /1]  => [RetimingFIFO5903] 
  67: CE13483
    [Reg512 *16 /1] [RetimingFIFO5975 *1 /1]  => [RetimingFIFO5985] 
  68: CE13497
    [Reg513 *16 /1] [RetimingFIFO6057 *1 /1]  => [RetimingFIFO6067] 
  69: CE13511
    [Reg514 *16 /1] [RetimingFIFO6139 *1 /1]  => [RetimingFIFO6149] 
  70: CE13525
    [Reg515 *16 /1] [RetimingFIFO6221 *1 /1]  => [RetimingFIFO6231] 
  71: CE13539
    [Reg516 *16 /1] [RetimingFIFO6303 *1 /1]  => [RetimingFIFO6313] 
  72: CE13553
    [Reg517 *16 /1] [RetimingFIFO6385 *1 /1]  => [RetimingFIFO6395] 
  73: CE13567
    [Reg518 *16 /1] [RetimingFIFO6467 *1 /1]  => [RetimingFIFO6477] 
  74: CE13581
    [Reg519 *16 /1] [RetimingFIFO6549 *1 /1]  => [RetimingFIFO6559] 
  75: CE14115
    [RetimingFIFO5329 *1 /1]  => [SRAM488] 
  76: CE14105
    [SRAM488 *16 /1]  => [RetimingFIFO4507] 
  77: CE14135
    [RetimingFIFO5411 *1 /1]  => [SRAM489] 
  78: CE14125
    [SRAM489 *16 /1]  => [RetimingFIFO4535] 
  79: CE14155
    [RetimingFIFO5493 *1 /1]  => [SRAM490] 
  80: CE14145
    [SRAM490 *16 /1]  => [RetimingFIFO4563] 
  81: CE14175
    [RetimingFIFO5575 *1 /1]  => [SRAM491] 
  82: CE14165
    [SRAM491 *16 /1]  => [RetimingFIFO4591] 
  83: CE14195
    [RetimingFIFO5657 *1 /1]  => [SRAM492] 
  84: CE14185
    [SRAM492 *16 /1]  => [RetimingFIFO4619] 
  85: CE14215
    [RetimingFIFO5739 *1 /1]  => [SRAM493] 
  86: CE14205
    [SRAM493 *16 /1]  => [RetimingFIFO4647] 
  87: CE14235
    [RetimingFIFO5821 *1 /1]  => [SRAM494] 
  88: CE14225
    [SRAM494 *16 /1]  => [RetimingFIFO4675] 
  89: CE14255
    [RetimingFIFO5903 *1 /1]  => [SRAM495] 
  90: CE14245
    [SRAM495 *16 /1]  => [RetimingFIFO4703] 
  91: CE14275
    [RetimingFIFO5985 *1 /1]  => [SRAM496] 
  92: CE1426558
1 hops for route 9258
1 hops for route 9258
1 hops for route 9258
1 hops for route 9258
Set exit class for pos 0 to 1 (rt 9258)
1 hops for route 9258
I'm the child process!
GPGPU-Sim uArch: interconnect node map (shaderID+MemID to icntID)
GPGPU-Sim uArch: Memory nodes ID start from index: 256
GPGPU-Sim uArch:    0   1   2   3   4   5   6   7   8   9  10  11  12  13  14  15
GPGPU-Sim uArch:   16  17  18  19  20  21  22  23  24  25  26  27  28  29  30  31
GPGPU-Sim uArch:   32  33  34  35  36  37  38  39  40  41  42  43  44  45  46  47
GPGPU-Sim uArch:   48  49  50  51  52  53  54  55  56  57  58  59  60  61  62  63
GPGPU-Sim uArch:   64  65  66  67  68  69  70  71  72  73  74  75  76  77  78  79
GPGPU-Sim uArch:   80  81  82  83  84  85  86  87  88  89  90  91  92  93  94  95
GPGPU-Sim uArch:   96  97  98  99 100 101 102 103 104 105 106 107 108 109 110 111
GPGPU-Sim uArch:  112 113 114 115 116 117 118 119 120 121 122 123 124 125 126 127
GPGPU-Sim uArch:  128 129 130 131 132 133 134 135 136 137 138 139 140 141 142 143
GPGPU-Sim uArch:  144 145 146 147 148 149 150 151 152 153 154 155 156 157 158 159
GPGPU-Sim uArch:  160 161 162 163 164 165 166 167 168 169 170 171 172 173 174 175
GPGPU-Sim uArch:  176 177 178 179 180 181 182 183 184 185 186 187 188 189 190 191
GPGPU-Sim uArch:  192 193 194 195 196 197 198 199 200 201 202 203 204 205 206 207
GPGPU-Sim uArch:  208 209 210 211 212 213 214 215 216 217 218 219 220 221 222 223
GPGPU-Sim uArch:  224 225 226 227 228 229 230 231 232 233 234 235 236 237 238 239
GPGPU-Sim uArch:  240 241 242 243 244 245 246 247 248 249 250 251 252 253 254 255
GPGPU-Sim uArch: interconnect node reverse map (icntID to shaderID+MemID)
GPGPU-Sim uArch: Memory nodes start from ID: 256
GPGPU-Sim uArch:    0   1   2   3   4   5   6   7   8   9  10  11  12  13  14  15
GPGPU-Sim uArch:   16  17  18  19  20  21  22  23  24  25  26  27  28  29  30  31
GPGPU-Sim uArch:   32  33  34  35  36  37  38  39  40  41  42  43  44  45  46  47
GPGPU-Sim uArch:   48  49  50  51  52  53  54  55  56  57  58  59  60  61  62  63
GPGPU-Sim uArch:   64  65  66  67  68  69  70  71  72  73  74  75  76  77  78  79
GPGPU-Sim uArch:   80  81  82  83  84  85  86  87  88  89  90  91  92  93  94  95
GPGPU-Sim uArch:   96  97  98  99 100 101 102 103 104 105 106 107 108 109 110 111
GPGPU-Sim uArch:  112 113 114 115 116 117 118 119 120 121 122 123 124 125 126 127
GPGPU-Sim uArch:  128 129 130 131 132 133 134 135 136 137 138 139 140 141 142 143
GPGPU-Sim uArch:  144 145 146 147 148 149 150 151 152 153 154 155 156 157 158 159
GPGPU-Sim uArch:  160 161 162 163 164 165 166 167 168 169 170 171 172 173 174 175
GPGPU-Sim uArch:  176 177 178 179 180 181 182 183 184 185 186 187 188 189 190 191
GPGPU-Sim uArch:  192 193 194 195 196 197 198 199 200 201 202 203 204 205 206 207
GPGPU-Sim uArch:  208 209 210 211 212 213 214 215 216 217 218 219 220 221 222 223
GPGPU-Sim uArch:  224 225 226 227 228 229 230 231 232 233 234 235 236 237 238 239
GPGPU-Sim uArch:  240 241 242 243 244 245 246 247 248 249 250 251 252 253 254 255

    [SRAM496 *16 /1]  => [RetimingFIFO4731] 
  93: CE14295
    [RetimingFIFO6067 *1 /1]  => [SRAM497] 
  94: CE14285
    [SRAM497 *16 /1]  => [RetimingFIFO4759] 
  95: CE14315
    [RetimingFIFO6149 *1 /1]  => [SRAM498] 
  96: CE14305
    [SRAM498 *16 /1]  => [RetimingFIFO4787] 
  97: CE14335
    [RetimingFIFO6231 *1 /1]  => [SRAM499] 
  98: CE14325
    [SRAM499 *16 /1]  => [RetimingFIFO4815] 
  99: CE14355
    [RetimingFIFO6313 *1 /1]  => [SRAM500] 
  100: CE14345
    [SRAM500 *16 /1]  => [RetimingFIFO4843] 
  101: CE14375
    [RetimingFIFO6395 *1 /1]  => [SRAM501] 
  102: CE14365
    [SRAM501 *16 /1]  => [RetimingFIFO4871] 
  103: CE14395
    [RetimingFIFO6477 *1 /1]  => [SRAM502] 
  104: CE14385
    [SRAM502 *16 /1]  => [RetimingFIFO4899] 
  105: CE14415
    [RetimingFIFO6559 *1 /1]  => [SRAM503] 
  106: CE14405
    [SRAM503 *16 /1]  => [RetimingFIFO4927] 
  107: CE14431
    [RetimingFIFO4843 *1 /1] [RetimingFIFO4871 *1 /1] [RetimingFIFO4899 *1 /1] [RetimingFIFO4927 *1 /1]  => [RetimingFIFO6700] 
  108: CE14453
    [RetimingFIFO4507 *1 /1] [RetimingFIFO4535 *1 /1] [RetimingFIFO4591 *1 /1] [RetimingFIFO4563 *1 /1]  => [RetimingFIFO6682] 
  109: CE14497
    [RetimingFIFO4675 *1 /1] [RetimingFIFO4703 *1 /1] [RetimingFIFO4619 *1 /1] [RetimingFIFO4647 *1 /1]  => [RetimingFIFO6673] 
  110: CE14515
    [RetimingFIFO4731 *1 /1] [RetimingFIFO4759 *1 /1]  => [RetimingFIFO6691] 
  111: CE14533
    [RetimingFIFO4787 *1 /1] [RetimingFIFO4815 *1 /1] [RetimingFIFO6691 *1 /1] [RetimingFIFO6700 *1 /1]  => [RetimingFIFO6664] 
  112: CE13631
    [RetimingFIFO3866_RetimingFIFO3920 *1 /1]  => [SRAM63] 
  113: CE13621
    [SRAM63 *2048 /1]  => [RetimingFIFO3856] 
  114: CE13651
    [RetimingFIFO4406 *1 /1]  => [SRAM81] 
  115: CE13641
    [SRAM81 *2048 /1]  => [RetimingFIFO3803] 
  116: CE13091
    [ArgIn3528_ArgIn3076_ArgIn3634_ArgIn3723_ArgIn7355_ArgIn7909_ArgIn9314_ArgIn12893 *16384 /1] [ArgIn3098_ArgIn3681_ArgIn7336_ArgIn7628_ArgIn7823_ArgIn8003_ArgIn12781_ArgIn12874 *16384 /1] [RetimingFIFO3803 *1 /1] [RetimingFIFO3856 *1 /1]  => [RetimingFIFO3866_RetimingFIFO3920] 
  117: CE13607
    [ArgIn3528_ArgIn3076_ArgIn3634_ArgIn3723_ArgIn7355_ArgIn7909_ArgIn9314_ArgIn12893 *16384 /1] [ArgIn3098_ArgIn3681_ArgIn7336_ArgIn7628_ArgIn7823_ArgIn8003_ArgIn12781_ArgIn12874 *16384 /1] [RetimingFIFO3866_RetimingFIFO3920 *1 /1]  => [SRAM62] 
  118: CE13593
    [SRAM62 *2048 /1]  => [StreamOut2590] 
  119: CE13021
    [StreamOut2589 *16 /1] [StreamOut2590 *1 /1] [StreamOut2588 *16 /1]  => [StreamIn2591] 
  120: CE13071
    [ArgIn3098_ArgIn3681_ArgIn7336_ArgIn7628_ArgIn7823_ArgIn8003_ArgIn12781_ArgIn12874 *8192 /1] [ArgIn3528_ArgIn3076_ArgIn3634_ArgIn3723_ArgIn7355_ArgIn7909_ArgIn9314_ArgIn12893 *8192 /1] [StreamIn2591 *1 /1]  => [TokenOut2816] 
  121: CE14075
    [RetimingFIFO4965_RetimingFIFO4994 *1 /1]  => [SRAM425] 
  122: CE14065
    [SRAM425 *16 /1]  => [RetimingFIFO4406] 
  123: CE14095
    [RetimingFIFO4965_RetimingFIFO4994 *1 /1]  => [SRAM426] 
  124: CE14085
    [SRAM426 *16 /1]  => [RetimingFIFO4955] 
  125: CE14475
    [RetimingFIFO4955 *1 /1] [RetimingFIFO6664 *1 /1] [RetimingFIFO6673 *1 /1] [RetimingFIFO6682 *1 /1]  => [RetimingFIFO4965_RetimingFIFO4994] 

10000...
20000...
30000...
40000...
50000...
60000...
70000...
80000...
90000...
100000...
110000...
120000...
130000...
140000...
150000...
160000...
170000...
180000...
190000...
200000...
210000...
220000...
230000...
240000...
250000...
260000...
270000...
280000...
290000...
300000...
310000...
320000...
330000...
340000...
350000...
360000...
370000...
380000...
390000...
400000...
410000...
420000...
430000...
440000...
450000...
460000...
470000...
480000...
490000...
500000...
510000...
520000...
530000...
540000...
550000...
560000...
570000...
580000...
590000...
600000...
610000...
620000...
630000...
640000...
650000...
660000...
670000...
680000...
690000...
700000...
710000...
720000...
730000...
740000...
750000...
760000...
770000...
780000...
790000...
800000...
810000...
820000...
830000...
840000...
850000...
860000...
870000...
880000...
890000...
900000...
910000...
920000...
930000...
940000...
950000...
960000...
970000...
980000...
990000...
1000000...
1010000...
1020000...
1030000...
1040000...
1050000...
1060000...
1070000...
1080000...
1090000...
1100000...
1110000...
1120000...
1130000...
1140000...
1150000...
1160000...
1170000...
1180000...
1190000...
1200000...
1210000...
1220000...
1230000...
1240000...
1250000...
1260000...
1270000...
1280000...
1290000...
1300000...
1310000...
1320000...
1330000...
1340000...
1350000...
1360000...
1370000...
1380000...
1390000...
1400000...
1410000...
1420000...
1430000...
1440000...
1450000...
1460000...
1470000...
1480000...
1490000...
1500000...
1510000...
1520000...
1530000...
1540000...
1550000...
Simulation complete at cycle: 1555510
[[32mpsim[0m] Simulation complete at cycle: 1555510
CE12991: Active:   2.1 Stalled:  14.7 Starved:  83.2 Total Active:    32768 Total Output:    32768 Expected Active:    32768 Last Activity: 1294379 
[0m[[31merror[0m] [0m(Thread-17) java.lang.NumberFormatException: For input string: "32768 Total Output:    32768"[0m
java.lang.NumberFormatException: For input string: "32768 Total Output:    32768"
	at java.lang.NumberFormatException.forInputString(NumberFormatException.java:65)
	at java.lang.Long.parseLong(Long.java:589)
	at java.lang.Long.parseLong(Long.java:631)
	at scala.collection.immutable.StringLike.toLong(StringLike.scala:306)
	at scala.collection.immutable.StringLike.toLong$(StringLike.scala:306)
	at scala.collection.immutable.StringOps.toLong(StringOps.scala:29)
	at pir.codegen.PlastisimConfigCodegen.$anonfun$processOutput$1(PlastisimConfigCodegen.scala:55)
	at pir.codegen.PlastisimConfigCodegen.$anonfun$processOutput$1$adapted(PlastisimConfigCodegen.scala:54)
	at scala.Option.foreach(Option.scala:257)
	at pir.codegen.PlastisimConfigCodegen.processOutput(PlastisimConfigCodegen.scala:54)
	at pir.codegen.PlastisimConfigCodegen.$anonfun$runPsim$5(PlastisimConfigCodegen.scala:82)
	at pir.codegen.PlastisimConfigCodegen.$anonfun$runPsim$5$adapted(PlastisimConfigCodegen.scala:82)
	at prism.util.Misc.$anonfun$shell$7(Misc.scala:88)
	at prism.util.Misc.$anonfun$shell$7$adapted(Misc.scala:88)
	at scala.Option.foreach(Option.scala:257)
	at prism.util.Misc.$anonfun$shell$5(Misc.scala:88)
	at prism.util.Misc.$anonfun$shell$5$adapted(Misc.scala:88)
	at scala.sys.process.ProcessLogger$$anon$1.out(ProcessLogger.scala:97)
	at scala.sys.process.BasicIO$.$anonfun$processOutFully$1(BasicIO.scala:136)
	at scala.sys.process.BasicIO$.$anonfun$processOutFully$1$adapted(BasicIO.scala:136)
	at scala.sys.process.BasicIO$.readFully$1(BasicIO.scala:184)
	at scala.sys.process.BasicIO$.$anonfun$processFully$1$adapted(BasicIO.scala:188)
	at scala.sys.process.ProcessBuilderImpl$Simple.$anonfun$run$3(ProcessBuilderImpl.scala:76)
	at scala.sys.process.ProcessImpl$Spawn$$anon$1.run(ProcessImpl.scala:23)
[0m[[31mtrace[0m] [0mStack trace suppressed: run [34mlast apps/compile:runMain[0m for the full output.[0m
[pir] Finished 68-PlastisimConfigCodegen to [36mconfig.psim[0m in 677585.003063ms
[pir] Running 69-PlastisimDotCodegen ...[pir] Finished 69-PlastisimDotCodegen to [36mpsim.dot[0m in 14474.072925ms
[pir] Saving node prism.Session@64cb461b to /home/yaqiz/pir/out/GEMM_Blocked__DIM_512_IDIM_256_ts_256_its_128_loop_ii_1_loop_jj_1_loop_kk_1_loop_i_1_loop_k_16_dynamic_v0_s0/GEMM_Blocked__DIM_512_IDIM_256_ts_256_its_128_loop_ii_1_loop_jj_1_loop_kk_1_loop_i_1_loop_k_16.sess
[0m[[32msuccess[0m] [0mTotal time: 957 s, completed Aug 2, 2018 2:48:15 AM[0m
-------------PASS (DONE)------------
