Java HotSpot(TM) 64-Bit Server VM warning: ignoring option MaxPermSize=1g; support was removed in 8.0
Picked up _JAVA_OPTIONS: -Xss8192k
[0m[[0minfo[0m] [0mLoading global plugins from /home/yaqiz/.sbt/0.13/plugins[0m
[0m[[0minfo[0m] [0mLoading project definition from /home/yaqiz/pir/project[0m
[0m[[0minfo[0m] [0mSet current project to default-675fdc (in build file:/home/yaqiz/pir/)[0m
[0m[[0minfo[0m] [0mSet current project to apps (in build file:/home/yaqiz/pir/)[0m
Waiting for lock on /home/yaqiz/.ivy2/.sbt.ivy.lock to be available...
[0m[[0minfo[0m] [0mRunning DotProduct__N_330301440_ts_65536_op_8 --debug --mapping=true --load-pir=true --save-pir=false --net=static --psim=true --psim_out=/home/yaqiz/plastisim/configs/gen/DotProduct__N_330301440_ts_65536_op_8_static/ --run-psim=true --trace=false --ctrl=true --bp=false --stat=false --arch=MyDesign --row=16 --col=8 --argin=64 --tokenout=32[0m
[pir] args=[--load-pir=true, --save-pir=true, --load-spade=false, --save-spade=false, --mapping=true, --splitting=true, --splitting-algo=alias_weighted_igraph, --psim=true, --ctrl=true, --trace=true, --bp=false, --snapint=10, --snapshot=false, --dot=true, --arch=MyDesign, --row=4, --col=4, --net=dynamic, --topo=mesh, --nn=false, --dag=true, --pattern=checkerboard, --argin=20, --argout=4, --tokenout=5, --routing-algo=dor, --routing-cost=H-hop, --debug, --mapping=true, --load-pir=true, --save-pir=false, --net=static, --psim=true, --psim_out=/home/yaqiz/plastisim/configs/gen/DotProduct__N_330301440_ts_65536_op_8_static/, --run-psim=true, --trace=false, --ctrl=true, --bp=false, --stat=false, --arch=MyDesign, --row=16, --col=8, --argin=64, --tokenout=32]
[pir] Loading from /home/yaqiz/pir/out/DotProduct__N_330301440_ts_65536_op_8/DotProduct__N_330301440_ts_65536_op_8.pir[pir] Loading PIRDesign() from /home/yaqiz/pir/out/DotProduct__N_330301440_ts_65536_op_8/DotProduct__N_330301440_ts_65536_op_8.pir
[pir] Configuring spade MyDesign ...
[pir] Loading from /home/yaqiz/pir/out/DotProduct__N_330301440_ts_65536_op_8/DotProduct__N_330301440_ts_65536_op_8.sess[pir] Loading prism.Session@48936ccf from /home/yaqiz/pir/out/DotProduct__N_330301440_ts_65536_op_8/DotProduct__N_330301440_ts_65536_op_8.sess
[pir] Running 49-CUStatistics ...[pir] Finished 49-CUStatistics to [36mout/DotProduct__N_330301440_ts_65536_op_8/stat.json[0m in 1074.953856ms
[pir] Running 50-PlastisimLinkAnalyzer ...[pir] Finished 50-PlastisimLinkAnalyzer in 2807.161387ms
[pir] Running 51-ControllerDotCodegen ...[pir] Finished 51-ControllerDotCodegen to [36mout/DotProduct__N_330301440_ts_65536_op_8/controller.dot[0m in 1419.534544ms
[pir] Running 52-PIRIRDotCodegen ...[pir] Finished 52-PIRIRDotCodegen to [36mout/DotProduct__N_330301440_ts_65536_op_8/top.dot[0m in 2924.709945ms
[pir] Running 53-SimpleIRDotCodegen ...[pir] Finished 53-SimpleIRDotCodegen to [36mout/DotProduct__N_330301440_ts_65536_op_8/simple.dot[0m in 662.873237ms
[pir] Running 54-PIRPrinter ...[pir] Finished 54-PIRPrinter to [36mout/DotProduct__N_330301440_ts_65536_op_8/IR.txt[0m in 2448.432913ms
[pir] Running 55-PlastisimDotCodegen ...[pir] [33mcreating output directory: [36m/home/yaqiz/plastisim/configs/gen/DotProduct__N_330301440_ts_65536_op_8_static/[0m[0m
[pir] Finished 55-PlastisimDotCodegen to [36mout/DotProduct__N_330301440_ts_65536_op_8/psim.dot[0m in 3354.867147ms
[pir] Running 56-CUPruning ...[pir] Finished 56-CUPruning in 1720.405815ms
[pir] Running 57-CUPlacer ...[[32msuccess[0m] CUPlacer succeeded
[pir] Finished 57-CUPlacer in 548837.888559ms
[pir] Running 58-PIRNetworkDotCodegen ...[pir] Finished 58-PIRNetworkDotCodegen to [36mout/DotProduct__N_330301440_ts_65536_op_8/control.dot[0m in 720.137636ms
[pir] Running 59-PIRNetworkDotCodegen ...[pir] Finished 59-PIRNetworkDotCodegen to [36mout/DotProduct__N_330301440_ts_65536_op_8/scalar.dot[0m in 764.151325ms
[pir] Running 60-PIRNetworkDotCodegen ...[pir] Finished 60-PIRNetworkDotCodegen to [36mout/DotProduct__N_330301440_ts_65536_op_8/vector.dot[0m in 715.005427ms
[pir] Running 61-TerminalCSVCodegen ...[pir] Finished 61-TerminalCSVCodegen to [36mout/DotProduct__N_330301440_ts_65536_op_8/node.csv[0m in 374.52747ms
[pir] Running 62-LinkCSVCodegen ...[pir] Finished 62-LinkCSVCodegen to [36mout/DotProduct__N_330301440_ts_65536_op_8/link.csv[0m in 2555.156944ms
[pir] Running 63-PlastisimPlacementCodegen ...[pir] Finished 63-PlastisimPlacementCodegen to [36mout/DotProduct__N_330301440_ts_65536_op_8/pir.place[0m in 2379.343719ms
[pir] Running 65-PlastisimDotCodegen ...[pir] Finished 65-PlastisimDotCodegen to [36mout/DotProduct__N_330301440_ts_65536_op_8/psim.dot[0m in 3362.676663ms
[pir] Running 66-PlastisimConfigCodegen ...[[33mcommand[0m] ln -f /home/yaqiz/plastisim/configs/mesh_generic.cfg /home/yaqiz/plastisim/configs/gen/DotProduct__N_330301440_ts_65536_op_8_static//
[[33mpsim[0m] /home/yaqiz/plastisim/plastisim -f /home/yaqiz/plastisim/configs/gen/DotProduct__N_330301440_ts_65536_op_8_static//config.psim
[[33mpsim[0m] log in /home/yaqiz/pir/out/DotProduct__N_330301440_ts_65536_op_8/psim.log
[[32mpsim[0m] Simulation complete at cycle: 2584763
[pir] Finished 66-PlastisimConfigCodegen to [36mout/DotProduct__N_330301440_ts_65536_op_8/config.psim[0m in 153937.146062ms
compilation elapsed time: 741.726s
[0m[[32msuccess[0m] [0mTotal time: 744 s, completed Jul 1, 2018 10:33:40 PM[0m
-------------PASS (DONE)------------
