Java HotSpot(TM) 64-Bit Server VM warning: ignoring option MaxPermSize=1g; support was removed in 8.0
Picked up _JAVA_OPTIONS: -Xss16M
[0m[[0minfo[0m] [0mLoading global plugins from /home/yaqiz/.sbt/0.13/plugins[0m
[0m[[0minfo[0m] [0mLoading project definition from /home/yaqiz/spatial-lang/project[0m
[0m[[0minfo[0m] [0mSet current project to spatial-lang (in build file:/home/yaqiz/spatial-lang/)[0m
[0m[[33mwarn[0m] [0mThe `-` command is deprecated in favor of `onFailure` and will be removed in 0.14.0[0m
[0m[[0minfo[0m] [0mRunning GDA__C_128_R_4096_ts_256_op_2_mp_4 --dot --cgra+ --pirsrc /home/yaqiz/pir/pir/apps/src/gen[0m
Loaded RoutingLUTs model from file
Loaded FanoutRegisters model from file
Loaded UnavailableALMs model from file
Loaded TileLoadModel model from file
Compiling GDA__C_128_R_4096_ts_256_op_2_mp_4 to /home/yaqiz/spatial-lang/gen/GDA__C_128_R_4096_ts_256_op_2_mp_4
[[33mwarn[0m] Plasticine only support 32 bit wordwidth. FixConvert to LongType. Use single precision instead GDA__C_128_R_4096_ts_256_op_2_mp_4.scala:40:17
[[33mwarn[0m] Plasticine only support 32 bit wordwidth. FixConvert to LongType. Use single precision instead GDA__C_128_R_4096_ts_256_op_2_mp_4.scala:41:17
[[33mwarn[0m] Plasticine only support 32 bit wordwidth. FixConvert to LongType. Use single precision instead GDA__C_128_R_4096_ts_256_op_2_mp_4.scala:51:20
[[33mwarn[0m] Plasticine only support 32 bit wordwidth. FixConvert to LongType. Use single precision instead GDA__C_128_R_4096_ts_256_op_2_mp_4.scala:52:20
[[33mwarn[0m] Plasticine only support 32 bit wordwidth. FixConvert to LongType. Use single precision instead GDA__C_128_R_4096_ts_256_op_2_mp_4.scala:51:20
[[33mwarn[0m] Plasticine only support 32 bit wordwidth. FixConvert to LongType. Use single precision instead GDA__C_128_R_4096_ts_256_op_2_mp_4.scala:52:20
[[33mwarn[0m] Plasticine only support 32 bit wordwidth. FixConvert to LongType. Use single precision instead GDA__C_128_R_4096_ts_256_op_2_mp_4.scala:70:36
[[34minfo[0m] mkdir -p /home/yaqiz/pir/pir/apps/src/gen
cp /home/yaqiz/spatial-lang/gen/GDA__C_128_R_4096_ts_256_op_2_mp_4/pir/main.scala /home/yaqiz/pir/pir/apps/src/gen/GDA__C_128_R_4096_ts_256_op_2_mp_4.scala
rm /home/yaqiz/pir/out/GDA__C_128_R_4096_ts_256_op_2_mp_4/GDA__C_128_R_4096_ts_256_op_2_mp_4.pir
rm: cannot remove ‘/home/yaqiz/pir/out/GDA__C_128_R_4096_ts_256_op_2_mp_4/GDA__C_128_R_4096_ts_256_op_2_mp_4.pir’: No such file or directory
[[32mcompleted[0m] Total time: 11.9370 seconds
[0m[[32msuccess[0m] [0mTotal time: 16 s, completed Jul 10, 2018 3:43:18 PM[0m
sbt -batch "apps/run-main GDA__C_128_R_4096_ts_256_op_2_mp_4 --dot --cgra+ --pirsrc /home/yaqiz/pir/pir/apps/src/gen"
-------------PASS (DONE)------------
