Java HotSpot(TM) 64-Bit Server VM warning: ignoring option MaxPermSize=1g; support was removed in 8.0
Picked up _JAVA_OPTIONS: -Xss16M
[0m[[0minfo[0m] [0mLoading global plugins from /home/yaqiz/.sbt/0.13/plugins[0m
[0m[[0minfo[0m] [0mLoading project definition from /home/yaqiz/spatial-lang/project[0m
[0m[[0minfo[0m] [0mSet current project to spatial-lang (in build file:/home/yaqiz/spatial-lang/)[0m
[0m[[33mwarn[0m] [0mThe `-` command is deprecated in favor of `onFailure` and will be removed in 0.14.0[0m
[0m[[0minfo[0m] [0mCompiling 10 Scala sources to /home/yaqiz/spatial-lang/apps/target/scala-2.12/classes...[0m
[0m[[0minfo[0m] [0mRunning GDA__C_96_R_5456_ts_682_op_1_mp1_1_mp2_1 --dot --cgra+ --pirsrc /home/yaqiz/pir/pir/apps/src[0m
Loaded RoutingLUTs model from file
Loaded FanoutRegisters model from file
Loaded UnavailableALMs model from file
Loaded TileLoadModel model from file
Compiling GDA__C_96_R_5456_ts_682_op_1_mp1_1_mp2_1 to /home/yaqiz/spatial-lang/gen/GDA__C_96_R_5456_ts_682_op_1_mp1_1_mp2_1
[[33mwarn[0m] Unaligned load is not efficient for plasticine! target=spatial.targets.DefaultTarget$@8259105 GDA__C_96_R_5456_ts_682_op_1_mp1_1_mp2_1.scala:52:20
[[33mwarn[0m] y (x988) => gdaYtile (x1042): Using unaligned load (requestLength=682 * bits=32 % burstSize=512 * (bits % burstSize=320))
[[33mwarn[0m] Plasticine only support 32 bit wordwidth. FixConvert to LongType. Use single precision instead GDA__C_96_R_5456_ts_682_op_1_mp1_1_mp2_1.scala:41:17
[[33mwarn[0m] Plasticine only support 32 bit wordwidth. FixConvert to LongType. Use single precision instead GDA__C_96_R_5456_ts_682_op_1_mp1_1_mp2_1.scala:42:17
[[33mwarn[0m] Plasticine only support 32 bit wordwidth. FixConvert to LongType. Use single precision instead GDA__C_96_R_5456_ts_682_op_1_mp1_1_mp2_1.scala:52:20
[[33mwarn[0m] Plasticine only support 32 bit wordwidth. FixConvert to LongType. Use single precision instead GDA__C_96_R_5456_ts_682_op_1_mp1_1_mp2_1.scala:53:20
[[33mwarn[0m] Plasticine only support 32 bit wordwidth. FixConvert to LongType. Use single precision instead GDA__C_96_R_5456_ts_682_op_1_mp1_1_mp2_1.scala:73:36
[[34minfo[0m] mkdir -p /home/yaqiz/pir/pir/apps/src
cp /home/yaqiz/spatial-lang/gen/GDA__C_96_R_5456_ts_682_op_1_mp1_1_mp2_1/pir/main.scala /home/yaqiz/pir/pir/apps/src/GDA__C_96_R_5456_ts_682_op_1_mp1_1_mp2_1.scala
rm /home/yaqiz/pir/out/GDA__C_96_R_5456_ts_682_op_1_mp1_1_mp2_1/GDA__C_96_R_5456_ts_682_op_1_mp1_1_mp2_1.pir
rm: cannot remove ‘/home/yaqiz/pir/out/GDA__C_96_R_5456_ts_682_op_1_mp1_1_mp2_1/GDA__C_96_R_5456_ts_682_op_1_mp1_1_mp2_1.pir’: No such file or directory
[[32mcompleted[0m] Total time: 13.0450 seconds
[0m[[32msuccess[0m] [0mTotal time: 48 s, completed Jul 21, 2018 3:03:35 PM[0m
sbt -batch "apps/run-main GDA__C_96_R_5456_ts_682_op_1_mp1_1_mp2_1 --dot --cgra+ --pirsrc /home/yaqiz/pir/pir/apps/src"
-------------PASS (DONE)------------
