Java HotSpot(TM) 64-Bit Server VM warning: ignoring option MaxPermSize=1g; support was removed in 8.0
Picked up _JAVA_OPTIONS: -Xss16M
[0m[[0minfo[0m] [0mLoading global plugins from /home/yaqiz/.sbt/0.13/plugins[0m
Waiting for lock on /home/yaqiz/.ivy2/.sbt.ivy.lock to be available...
[0m[[0minfo[0m] [0mLoading project definition from /home/yaqiz/spatial-lang/project[0m
[0m[[0minfo[0m] [0mSet current project to spatial-lang (in build file:/home/yaqiz/spatial-lang/)[0m
[0m[[33mwarn[0m] [0mThe `-` command is deprecated in favor of `onFailure` and will be removed in 0.14.0[0m
[0m[[0minfo[0m] [0mRunning GDA__C_128_R_4096_ts_512_op_4_mp_4 --dot --cgra+ --pirsrc /home/yaqiz/pir/pir/apps/src/gen[0m
Loaded RoutingLUTs model from file
Loaded FanoutRegisters model from file
Loaded UnavailableALMs model from file
Loaded TileLoadModel model from file
Compiling GDA__C_128_R_4096_ts_512_op_4_mp_4 to /home/yaqiz/spatial-lang/gen/GDA__C_128_R_4096_ts_512_op_4_mp_4
[[33mwarn[0m] Plasticine only support 32 bit wordwidth. FixConvert to LongType. Use single precision instead GDA__C_128_R_4096_ts_512_op_4_mp_4.scala:40:17
[[33mwarn[0m] Plasticine only support 32 bit wordwidth. FixConvert to LongType. Use single precision instead GDA__C_128_R_4096_ts_512_op_4_mp_4.scala:41:17
[[31merror[0m] Cannot handle unaligned iterator range: 
(end=1024 - start=0) % (step=512 * par=4) != 0
GDA__C_128_R_4096_ts_512_op_4_mp_4.scala:68:8
sbt -batch "apps/run-main GDA__C_128_R_4096_ts_512_op_4_mp_4 --dot --cgra+ --pirsrc /home/yaqiz/pir/pir/apps/src/gen"
-------------PASS (DONE)------------
