Java HotSpot(TM) 64-Bit Server VM warning: ignoring option MaxPermSize=1g; support was removed in 8.0
Picked up _JAVA_OPTIONS: -Xss16M
[0m[[0minfo[0m] [0mLoading global plugins from /home/yaqiz/.sbt/0.13/plugins[0m
[0m[[0minfo[0m] [0mLoading project definition from /home/yaqiz/spatial-lang/project[0m
[0m[[0minfo[0m] [0mSet current project to spatial-lang (in build file:/home/yaqiz/spatial-lang/)[0m
[0m[[33mwarn[0m] [0mThe `-` command is deprecated in favor of `onFailure` and will be removed in 0.14.0[0m
Waiting for lock on /home/yaqiz/.ivy2/.sbt.ivy.lock to be available...
Waiting for lock on /home/yaqiz/.ivy2/.sbt.ivy.lock to be available...
Waiting for lock on /home/yaqiz/.ivy2/.sbt.ivy.lock to be available...
Waiting for lock on /home/yaqiz/.ivy2/.sbt.ivy.lock to be available...
Waiting for lock on /home/yaqiz/.ivy2/.sbt.ivy.lock to be available...
Waiting for lock on /home/yaqiz/.ivy2/.sbt.ivy.lock to be available...
[0m[[0minfo[0m] [0mCompiling 22 Scala sources to /home/yaqiz/spatial-lang/apps/target/scala-2.12/classes...[0m
[0m[[0minfo[0m] [0mRunning OuterProduct__op1_1_op2_10_ip2_16_ip1_1_ts1_64_ts2_1024_M_4194304_N_4194304 --dot --cgra+ --pirsrc /home/yaqiz/pir/pir/apps/src/gen[0m
Loaded RoutingLUTs model from file
Loaded FanoutRegisters model from file
Loaded UnavailableALMs model from file
Loaded TileLoadModel model from file
Compiling OuterProduct__op1_1_op2_10_ip2_16_ip1_1_ts1_64_ts2_1024_M_4194304_N_4194304 to /home/yaqiz/spatial-lang/gen/OuterProduct__op1_1_op2_10_ip2_16_ip1_1_ts1_64_ts2_1024_M_4194304_N_4194304
[[33mwarn[0m] Plasticine only support 32 bit wordwidth. FixConvert to LongType. Use single precision instead OuterProduct__op1_1_op2_10_ip2_16_ip1_1_ts1_64_ts2_1024_M_4194304_N_4194304.scala:36:12
[[31merror[0m] Cannot handle unaligned iterator range: 
(end=4194304 - start=0) % (step=1024 * par=10) != 0
OuterProduct__op1_1_op2_10_ip2_16_ip1_1_ts1_64_ts2_1024_M_4194304_N_4194304.scala:37:39
sbt -batch "apps/run-main OuterProduct__op1_1_op2_10_ip2_16_ip1_1_ts1_64_ts2_1024_M_4194304_N_4194304 --dot --cgra+ --pirsrc /home/yaqiz/pir/pir/apps/src/gen"
-------------PASS (DONE)------------
