Java HotSpot(TM) 64-Bit Server VM warning: ignoring option MaxPermSize=1g; support was removed in 8.0
Picked up _JAVA_OPTIONS: -Xss16M
[0m[[0minfo[0m] [0mLoading global plugins from /home/yaqiz/.sbt/0.13/plugins[0m
[0m[[0minfo[0m] [0mLoading project definition from /home/yaqiz/spatial-lang/project[0m
[0m[[0minfo[0m] [0mSet current project to spatial-lang (in build file:/home/yaqiz/spatial-lang/)[0m
[0m[[33mwarn[0m] [0mThe `-` command is deprecated in favor of `onFailure` and will be removed in 0.14.0[0m
[0m[[0minfo[0m] [0mCompiling 1 Scala source to /home/yaqiz/spatial-lang/apps/target/scala-2.12/classes...[0m
[0m[[0minfo[0m] [0mRunning TPCHQ6__N_1048576_ts_65536_op_1 --dot --cgra+ --pirsrc /home/yaqiz/pir/pir/apps/src[0m
Loaded RoutingLUTs model from file
Loaded FanoutRegisters model from file
Loaded UnavailableALMs model from file
Loaded TileLoadModel model from file
Compiling TPCHQ6__N_1048576_ts_65536_op_1 to /home/yaqiz/spatial-lang/gen/TPCHQ6__N_1048576_ts_65536_op_1
[[33mwarn[0m] Plasticine only support 32 bit wordwidth. FixConvert to LongType. Use single precision instead TPCHQ6__N_1048576_ts_65536_op_1.scala:50:22
[[33mwarn[0m] Plasticine only support 32 bit wordwidth. FixConvert to LongType. Use single precision instead TPCHQ6__N_1048576_ts_65536_op_1.scala:51:22
[[33mwarn[0m] Plasticine only support 32 bit wordwidth. FixConvert to LongType. Use single precision instead TPCHQ6__N_1048576_ts_65536_op_1.scala:52:22
[[33mwarn[0m] Plasticine only support 32 bit wordwidth. FixConvert to LongType. Use single precision instead TPCHQ6__N_1048576_ts_65536_op_1.scala:53:22
[[34minfo[0m] mkdir -p /home/yaqiz/pir/pir/apps/src
cp /home/yaqiz/spatial-lang/gen/TPCHQ6__N_1048576_ts_65536_op_1/pir/main.scala /home/yaqiz/pir/pir/apps/src/TPCHQ6__N_1048576_ts_65536_op_1.scala
rm /home/yaqiz/pir/out/TPCHQ6__N_1048576_ts_65536_op_1/TPCHQ6__N_1048576_ts_65536_op_1.pir
[[32mcompleted[0m] Total time: 9.2470 seconds
[0m[[32msuccess[0m] [0mTotal time: 34 s, completed Jul 23, 2018 10:07:17 AM[0m
sbt -batch "apps/run-main TPCHQ6__N_1048576_ts_65536_op_1 --dot --cgra+ --pirsrc /home/yaqiz/pir/pir/apps/src"
-------------PASS (DONE)------------
