Java HotSpot(TM) 64-Bit Server VM warning: ignoring option MaxPermSize=1g; support was removed in 8.0
Picked up _JAVA_OPTIONS: -Xss8192k
[0m[[0minfo[0m] [0mLoading global plugins from /home/yaqiz/.sbt/0.13/plugins[0m
[0m[[0minfo[0m] [0mLoading project definition from /home/yaqiz/pir/project[0m
[0m[[0minfo[0m] [0mSet current project to default-675fdc (in build file:/home/yaqiz/pir/)[0m
[0m[[0minfo[0m] [0mSet current project to apps (in build file:/home/yaqiz/pir/)[0m
[0m[[0minfo[0m] [0mRunning TPCHQ6__N_1048576_ts_65536_op_1 --out=/home/yaqiz/pir/out/TPCHQ6__N_1048576_ts_65536_op_1_dynamic_v0_s0 --psim-out=/home/yaqiz/plastisim/configs/finals/TPCHQ6__N_1048576_ts_65536_op_1_dynamic_v0_s0 --debug=false --verbose=true --dot=false --mapping=true --load-pir=true --save-pir=true --psim=true --trace=true --ctrl=true --bp=false --stat=true --net=dynamic --routing-algo=proute --proute-iter=1000 --run-psim=true --arch=MyDesign --row=16 --col=8 --topo=mesh --argin=64 --tokenout=32 --fifo-depth=4 --vfifo=4 --vc=8 --vlink=0 --slink=0[0m
[pir] args=[--load-pir=false, --run-psim=false, --trace=false, --net=static, --stat=false, --vlink=2, --slink=6, --vfifo=4, --row=16, --col=8, --topo=mesh, --routing-algo=dor, --psim-timeout=100000000, --mapping=true, --splitting=true, --save-pir=true, --load-spade=false, --save-spade=false, --splitting-algo=alias_weighted_igraph, --ctrl=true, --bp=false, --snapint=10, --snapshot=false, --dot=true, --psim=false, --arch=MyDesign, --nn=false, --dag=true, --pattern=checkerboard, --argin=20, --argout=4, --tokenout=5, --fifo-depth=10, --vc=10, --routing-cost=H-hop, --out=/home/yaqiz/pir/out/TPCHQ6__N_1048576_ts_65536_op_1_dynamic_v0_s0, --psim-out=/home/yaqiz/plastisim/configs/finals/TPCHQ6__N_1048576_ts_65536_op_1_dynamic_v0_s0, --debug=false, --verbose=true, --dot=false, --mapping=true, --load-pir=true, --save-pir=true, --psim=true, --trace=true, --ctrl=true, --bp=false, --stat=true, --net=dynamic, --routing-algo=proute, --proute-iter=1000, --run-psim=true, --arch=MyDesign, --row=16, --col=8, --topo=mesh, --argin=64, --tokenout=32, --fifo-depth=4, --vfifo=4, --vc=8, --vlink=0, --slink=0]
[pir] Output directory set to [36m/home/yaqiz/pir/out/TPCHQ6__N_1048576_ts_65536_op_1_dynamic_v0_s0[0m
[pir] Loading from /home/yaqiz/pir/out/TPCHQ6__N_1048576_ts_65536_op_1_dynamic_v0_s0/TPCHQ6__N_1048576_ts_65536_op_1.pir[pir] Loading PIRDesign() from /home/yaqiz/pir/out/TPCHQ6__N_1048576_ts_65536_op_1_dynamic_v0_s0/TPCHQ6__N_1048576_ts_65536_op_1.pir
[pir] Configuring spade MyDesign ...
[pir] Loading from /home/yaqiz/pir/out/TPCHQ6__N_1048576_ts_65536_op_1_dynamic_v0_s0/TPCHQ6__N_1048576_ts_65536_op_1.sess[pir] Loading prism.Session@3e5e1a88 from /home/yaqiz/pir/out/TPCHQ6__N_1048576_ts_65536_op_1_dynamic_v0_s0/TPCHQ6__N_1048576_ts_65536_op_1.sess
[pir] Saving node PIRDesign() to /home/yaqiz/pir/out/TPCHQ6__N_1048576_ts_65536_op_1_dynamic_v0_s0/TPCHQ6__N_1048576_ts_65536_op_1.pir
[pir] Running 50-PlastisimTraceCodegen ...[[33mcommand[0m] mkdir -p /home/yaqiz/plastisim/configs/finals/TPCHQ6__N_1048576_ts_65536_op_1_dynamic_v0_s0/traces
[[33mcommand[0m] mkdir -p /home/yaqiz/plastisim/configs/finals/TPCHQ6__N_1048576_ts_65536_op_1_dynamic_v0_s0/trace_classes
[[33mtrace[0m] /home/yaqiz/pir/bin/run_trace /home/yaqiz/pir/out/TPCHQ6__N_1048576_ts_65536_op_1_dynamic_v0_s0 /home/yaqiz/plastisim/configs/finals/TPCHQ6__N_1048576_ts_65536_op_1_dynamic_v0_s0
[[33mtrace[0m] log in /home/yaqiz/pir/out/TPCHQ6__N_1048576_ts_65536_op_1_dynamic_v0_s0/trace.log
[pir] Finished 50-PlastisimTraceCodegen to [36mgen_trace.scala[0m in 14327.690302ms
[pir] Running 51-PlastisimLinkAnalyzer ...[pir] Finished 51-PlastisimLinkAnalyzer in 522.267037ms
[pir] Running 52-PlastisimDotCodegen ...[pir] Finished 52-PlastisimDotCodegen to [36mpsim.dot[0m in 494.184192ms
[pir] Running 53-PlastisimCountCheck ...[pir] Finished 53-PlastisimCountCheck in 78.772862ms
[pir] Running 58-CUPruning ...[pir] Finished 58-CUPruning in 1921.416215ms
[pir] Running 59-CUPlacer ...[[32msuccess[0m] CUPlacer succeeded
[pir] Finished 59-CUPlacer in 28999.336134ms
[pir] Running 60-CUStatistics ...[pir] =========== Post-splitting CU Statistics ==================
[pir] 
[pir] number of cus=18
[pir] number of pcu = 4
[pir] - cin (0.00,0.00,0.00) sin (0.00,0.00,0.00) vin (1.00,2.00,4.00)
[pir] - cout (0.00,0.00,0.00) sout (0.00,0.25,1.00) vout (0.00,0.75,1.00)
[pir] - stages (3.00,4.00,5.00)
[pir] number of dag = 4
[pir] - cin (0.00,0.00,0.00) sin (2.00,2.00,2.00) vin (0.00,0.00,0.00)
[pir] - cout (0.00,0.00,0.00) sout (2.00,2.00,2.00) vout (0.00,0.00,0.00)
[pir] - stages (2.00,2.00,2.00)
[pir] number of pmu = 4
[pir] - cin (0.00,0.00,0.00) sin (0.00,0.00,0.00) vin (1.00,1.00,1.00)
[pir] - cout (0.00,0.00,0.00) sout (0.00,0.00,0.00) vout (1.00,1.00,1.00)
[pir] - stages (0.00,0.00,0.00)
[pir] number of dfg = 4
[pir] - cin (0.00,0.00,0.00) sin (2.00,2.00,2.00) vin (0.00,0.00,0.00)
[pir] - cout (0.00,0.00,0.00) sout (0.00,0.00,0.00) vout (1.00,1.00,1.00)
[pir] - stages (0.00,0.00,0.00)
[pir] number of scu = 1
[pir] - cin (0.00,0.00,0.00) sin (2.00,2.00,2.00) vin (0.00,0.00,0.00)
[pir] - cout (0.00,0.00,0.00) sout (1.00,1.00,1.00) vout (0.00,0.00,0.00)
[pir] - stages (1.00,1.00,1.00)
[pir] number of afg = 1
[pir] - cin (0.00,0.00,0.00) sin (1.00,1.00,1.00) vin (0.00,0.00,0.00)
[pir] - cout (0.00,0.00,0.00) sout (5.00,5.00,5.00) vout (0.00,0.00,0.00)
[pir] - stages (0.00,0.00,0.00)
[pir] compute CU = 5
[pir] memory CU = 4
[pir] mc CU = 4
[pir] Total = 9
[pir] PCU = 4 / 64 (6.25%)
[pir] PMU-comp = 1 / 63 (1.59%)
[pir] PMU-mem = 4 / 63 (6.35%)
[pir] AG-ag = 4 / 32 (12.50%)
[pir] AG-comp = 0 / 32 (0.00%)
[pir] MC = 4 / 32 (12.50%)
[pir] Finished 60-CUStatistics to [36mstat.json[0m in 1848.272083ms
[pir] Running 61-PIRNetworkDotCodegen ...[pir] Finished 61-PIRNetworkDotCodegen to [36mcontrol.dot[0m in 949.373369ms
[pir] Running 62-PIRNetworkDotCodegen ...[pir] Finished 62-PIRNetworkDotCodegen to [36mscalar.dot[0m in 917.063161ms
[pir] Running 63-PIRNetworkDotCodegen ...[pir] Finished 63-PIRNetworkDotCodegen to [36mvector.dot[0m in 782.637008ms
[pir] Running 64-TerminalCSVCodegen ...[pir] Finished 64-TerminalCSVCodegen to [36mnode.csv[0m in 4.249765ms
[pir] Running 65-LinkCSVCodegen ...[pir] Finished 65-LinkCSVCodegen to [36mlink.csv[0m in 287.372424ms
[pir] Running 66-PlastisimPlacementCodegen ...[[33mproute[0m] /home/yaqiz/plastiroute/plastiroute -n /home/yaqiz/plastisim/configs/finals/TPCHQ6__N_1048576_ts_65536_op_1_dynamic_v0_s0/node.csv -l /home/yaqiz/plastisim/configs/finals/TPCHQ6__N_1048576_ts_65536_op_1_dynamic_v0_s0/link.csv -o /home/yaqiz/plastisim/configs/finals/TPCHQ6__N_1048576_ts_65536_op_1_dynamic_v0_s0/final.place -r 16 -c 8 -s1 -g /home/yaqiz/plastisim/configs/finals/TPCHQ6__N_1048576_ts_65536_op_1_dynamic_v0_s0/proute.dot -x0 -e 0 -i100 -p100 -t1 -d100 -a route_min_directed_valient -s0
[[33mproute[0m] log in /home/yaqiz/pir/out/TPCHQ6__N_1048576_ts_65536_op_1_dynamic_v0_s0/proute.log
Start scoring thread: 0
Start scoring thread: 0
100 scores: min 805.33 	2.00/2.00/7/1.83/2 	max 3520.67 mean 1866.39
Start scoring thread: 0
100 scores: min 505.33 	1.00/2.00/7/1.83/1 	max 3517.58 mean 967.97
Start scoring thread: 0
100 scores: min 505.33 	1.00/2.00/7/1.83/1 	max 2023.58 mean 714.02
Start scoring thread: 0
100 scores: min 505.33 	1.00/2.00/7/1.83/1 	max 2016.67 mean 664.72
Start scoring thread: 0
100 scores: min 505.33 	1.00/2.00/7/1.83/1 	max 2020.33 mean 660.56
Start scoring thread: 0
100 scores: min 505.33 	1.00/2.00/7/1.83/1 	max 2022.42 mean 653.15
Start scoring thread: 0
100 scores: min 505.33 	1.00/2.00/7/1.83/1 	max 2806.75 mean 691.85
Start scoring thread: 0
100 scores: min 504.50 	1.00/2.00/6/1.50/1 	max 2015.83 mean 676.29
Start scoring thread: 0
100 scores: min 504.50 	1.00/2.00/6/1.50/1 	max 3514.08 mean 692.00
Start scoring thread: 0
100 scores: min 504.50 	1.00/2.00/6/1.50/1 	max 2019.75 mean 637.87
Start scoring thread: 0
100 scores: min 504.50 	1.00/2.00/6/1.50/1 	max 2019.75 mean 648.42
Start scoring thread: 0
100 scores: min 504.50 	1.00/2.00/6/1.50/1 	max 3514.92 mean 692.62
Start scoring thread: 0
100 scores: min 504.50 	1.00/2.00/6/1.50/1 	max 3516.42 mean 736.72
Start scoring thread: 0
100 scores: min 504.50 	1.00/2.00/6/1.50/1 	max 2814.42 mean 643.32
Start scoring thread: 0
100 scores: min 504.50 	1.00/2.00/6/1.50/1 	max 2021.00 mean 706.97
Start scoring thread: 0
100 scores: min 504.50 	1.00/2.00/6/1.50/1 	max 3506.42 mean 742.29
Start scoring thread: 0
100 scores: min 504.50 	1.00/2.00/6/1.50/1 	max 3519.17 mean 724.11
Start scoring thread: 0
100 scores: min 504.50 	1.00/2.00/6/1.50/1 	max 3021.33 mean 701.40
Start scoring thread: 0
100 scores: min 504.50 	1.00/2.00/6/1.50/1 	max 3022.03 mean 685.40
Start scoring thread: 0
100 scores: min 504.50 	1.00/2.00/6/1.50/1 	max 2806.83 mean 663.97
Start scoring thread: 0
100 scores: min 504.50 	1.00/2.00/6/1.50/1 	max 2021.92 mean 641.06
Start scoring thread: 0
100 scores: min 504.50 	1.00/2.00/6/1.50/1 	max 2021.42 mean 619.42
Start scoring thread: 0
100 scores: min 504.42 	1.00/2.00/6/1.42/1 	max 2019.75 mean 646.53
Start scoring thread: 0
100 scores: min 504.42 	1.00/2.00/6/1.42/1 	max 2020.42 mean 690.73
Start scoring thread: 0
100 scores: min 504.42 	1.00/2.00/6/1.42/1 	max 2016.17 mean 620.46
Start scoring thread: 0
100 scores: min 504.42 	1.00/2.00/6/1.42/1 	max 2015.50 mean 573.09
Start scoring thread: 0
100 scores: min 504.42 	1.00/2.00/6/1.42/1 	max 2021.75 mean 617.31
Start scoring thread: 0
100 scores: min 504.42 	1.00/2.00/6/1.42/1 	max 2019.92 mean 625.29
Start scoring thread: 0
100 scores: min 504.42 	1.00/2.00/6/1.42/1 	max 3511.83 mean 685.58
Start scoring thread: 0
100 scores: min 504.42 	1.00/2.00/6/1.42/1 	max 3518.17 mean 672.96
Start scoring thread: 0
100 scores: min 504.42 	1.00/2.00/6/1.42/1 	max 2019.00 mean 603.96
Start scoring thread: 0
100 scores: min 504.42 	1.00/2.00/6/1.42/1 	max 3507.08 mean 688.55
Start scoring thread: 0
100 scores: min 504.42 	1.00/2.00/6/1.42/1 	max 2019.83 mean 660.78
Start scoring thread: 0
100 scores: min 504.42 	1.00/2.00/6/1.42/1 	max 2019.67 mean 694.87
Start scoring thread: 0
100 scores: min 504.42 	1.00/2.00/6/1.42/1 	max 2020.42 mean 673.05
Start scoring thread: 0
100 scores: min 504.42 	1.00/2.00/6/1.42/1 	max 3514.83 mean 738.60
Start scoring thread: 0
100 scores: min 504.42 	1.00/2.00/6/1.42/1 	max 3518.50 mean 803.15
Start scoring thread: 0
100 scores: min 504.42 	1.00/2.00/6/1.42/1 	max 3018.45 mean 652.28
Start scoring thread: 0
100 scores: min 504.42 	1.00/2.00/6/1.42/1 	max 2019.75 mean 636.33
Start scoring thread: 0
100 scores: min 504.42 	1.00/2.00/6/1.42/1 	max 2017.86 mean 576.13
Start scoring thread: 0
100 scores: min 504.42 	1.00/2.00/6/1.42/1 	max 3507.58 mean 832.10
Start scoring thread: 0
100 scores: min 504.42 	1.00/2.00/6/1.42/1 	max 2019.42 mean 686.62
Start scoring thread: 0
100 scores: min 504.42 	1.00/2.00/6/1.42/1 	max 2806.83 mean 666.41
Start scoring thread: 0
100 scores: min 504.42 	1.00/2.00/6/1.42/1 	max 3516.42 mean 699.40
Start scoring thread: 0
100 scores: min 504.42 	1.00/2.00/6/1.42/1 	max 2022.00 mean 649.46
Start scoring thread: 0
100 scores: min 504.42 	1.00/2.00/6/1.42/1 	max 3510.42 mean 628.65
Start scoring thread: 0
100 scores: min 504.42 	1.00/2.00/6/1.42/1 	max 2012.00 mean 573.87
Start scoring thread: 0
100 scores: min 504.42 	1.00/2.00/6/1.42/1 	max 2019.25 mean 660.54
Start scoring thread: 0
100 scores: min 504.42 	1.00/2.00/6/1.42/1 	max 2023.25 mean 638.64
Start scoring thread: 0
100 scores: min 504.42 	1.00/2.00/6/1.42/1 	max 2021.75 mean 627.10
Start scoring thread: 0
100 scores: min 504.42 	1.00/2.00/6/1.42/1 	max 3018.33 mean 687.55
Start scoring thread: 0
100 scores: min 504.42 	1.00/2.00/6/1.42/1 	max 3517.58 mean 807.65
Start scoring thread: 0
100 scores: min 504.42 	1.00/2.00/6/1.42/1 	max 3515.75 mean 667.89
Start scoring thread: 0
100 scores: min 504.42 	1.00/2.00/6/1.42/1 	max 2020.00 mean 640.29
Start scoring thread: 0
100 scores: min 504.42 	1.00/2.00/6/1.42/1 	max 3018.35 mean 676.49
Start scoring thread: 0
100 scores: min 504.42 	1.00/2.00/6/1.42/1 	max 2021.08 mean 675.79
Start scoring thread: 0
100 scores: min 504.42 	1.00/2.00/6/1.42/1 	max 3518.17 mean 735.12
Start scoring thread: 0
100 scores: min 504.42 	1.00/2.00/6/1.42/1 	max 3019.00 mean 646.28
Start scoring thread: 0
100 scores: min 504.42 	1.00/2.00/6/1.42/1 	max 2020.67 mean 636.44
Start scoring thread: 0
100 scores: min 504.42 	1.00/2.00/6/1.42/1 	max 2020.16 mean 659.23
Start scoring thread: 0
100 scores: min 504.42 	1.00/2.00/6/1.42/1 	max 2019.58 mean 658.89
Start scoring thread: 0
100 scores: min 504.42 	1.00/2.00/6/1.42/1 	max 2020.00 mean 644.32
Start scoring thread: 0
100 scores: min 504.42 	1.00/2.00/6/1.42/1 	max 2807.17 mean 702.85
Start scoring thread: 0
100 scores: min 504.42 	1.00/2.00/6/1.42/1 	max 3516.83 mean 763.81
Start scoring thread: 0
100 scores: min 504.42 	1.00/2.00/6/1.42/1 	max 3516.58 mean 709.84
Start scoring thread: 0
100 scores: min 504.42 	1.00/2.00/6/1.42/1 	max 2807.25 mean 632.53
Start scoring thread: 0
100 scores: min 504.42 	1.00/2.00/6/1.42/1 	max 2018.67 mean 621.37
Start scoring thread: 0
100 scores: min 504.42 	1.00/2.00/6/1.42/1 	max 3511.42 mean 716.94
Start scoring thread: 0
100 scores: min 504.42 	1.00/2.00/6/1.42/1 	max 3519.08 mean 704.21
Start scoring thread: 0
100 scores: min 504.42 	1.00/2.00/6/1.42/1 	max 3510.33 mean 676.17
Start scoring thread: 0
100 scores: min 504.42 	1.00/2.00/6/1.42/1 	max 2019.58 mean 673.31
Start scoring thread: 0
100 scores: min 504.42 	1.00/2.00/6/1.42/1 	max 3512.92 mean 760.71
Start scoring thread: 0
100 scores: min 504.42 	1.00/2.00/6/1.42/1 	max 2022.33 mean 696.85
Start scoring thread: 0
100 scores: min 504.42 	1.00/2.00/6/1.42/1 	max 3015.25 mean 687.76
Start scoring thread: 0
100 scores: min 504.42 	1.00/2.00/6/1.42/1 	max 3017.17 mean 634.31
Start scoring thread: 0
100 scores: min 504.42 	1.00/2.00/6/1.42/1 	max 3506.42 mean 710.05
Start scoring thread: 0
100 scores: min 504.42 	1.00/2.00/6/1.42/1 	max 2020.75 mean 598.32
Start scoring thread: 0
100 scores: min 504.42 	1.00/2.00/6/1.42/1 	max 2019.42 mean 630.27
Start scoring thread: 0
100 scores: min 504.42 	1.00/2.00/6/1.42/1 	max 3018.25 mean 680.63
Start scoring thread: 0
100 scores: min 504.42 	1.00/2.00/6/1.42/1 	max 2019.25 mean 728.93
Start scoring thread: 0
100 scores: min 504.42 	1.00/2.00/6/1.42/1 	max 2018.50 mean 634.74
Start scoring thread: 0
100 scores: min 504.42 	1.00/2.00/6/1.42/1 	max 2019.92 mean 641.38
Start scoring thread: 0
100 scores: min 504.42 	1.00/2.00/6/1.42/1 	max 2306.85 mean 639.45
Start scoring thread: 0
100 scores: min 504.42 	1.00/2.00/6/1.42/1 	max 2020.67 mean 622.23
Start scoring thread: 0
100 scores: min 504.42 	1.00/2.00/6/1.42/1 	max 3517.58 mean 691.61
Start scoring thread: 0
100 scores: min 504.42 	1.00/2.00/6/1.42/1 	max 2806.50 mean 703.00
Start scoring thread: 0
100 scores: min 504.42 	1.00/2.00/6/1.42/1 	max 2019.92 mean 634.44
Start scoring thread: 0
100 scores: min 504.42 	1.00/2.00/6/1.42/1 	max 3519.67 mean 633.02
Start scoring thread: 0
100 scores: min 504.42 	1.00/2.00/6/1.42/1 	max 2806.00 mean 677.45
Start scoring thread: 0
100 scores: min 504.42 	1.00/2.00/6/1.42/1 	max 3516.92 mean 691.43
Start scoring thread: 0
100 scores: min 504.42 	1.00/2.00/6/1.42/1 	max 3021.09 mean 645.47
Start scoring thread: 0
100 scores: min 504.42 	1.00/2.00/6/1.42/1 	max 2021.67 mean 704.42
Start scoring thread: 0
100 scores: min 504.42 	1.00/2.00/6/1.42/1 	max 2021.67 mean 657.25
Start scoring thread: 0
100 scores: min 504.42 	1.00/2.00/6/1.42/1 	max 2023.08 mean 588.15
Start scoring thread: 0
100 scores: min 504.42 	1.00/2.00/6/1.42/1 	max 3512.08 mean 667.90
Start scoring thread: 0
100 scores: min 504.42 	1.00/2.00/6/1.42/1 	max 3512.67 mean 764.34
Start scoring thread: 0
100 scores: min 504.42 	1.00/2.00/6/1.42/1 	max 2020.00 mean 627.26
Start scoring thread: 0
100 scores: min 504.42 	1.00/2.00/6/1.42/1 	max 2021.50 mean 658.86
Start scoring thread: 0
100 scores: min 504.42 	1.00/2.00/6/1.42/1 	max 2018.75 mean 622.08
Start scoring thread: 0
100 scores: min 504.42 	1.00/2.00/6/1.42/1 	max 2020.25 mean 669.54
Best score is 504.42
Used 1 VCs for endpoint coloring.
	Used 1 VCs.
[[32mproute[0m] 	Used 1 VCs.
[pir] Finished 66-PlastisimPlacementCodegen to [36mfinal.place[0m in 28657.406012ms
[pir] Running 67-PlastisimDotCodegen ...[pir] Finished 67-PlastisimDotCodegen to [36mpsim.dot[0m in 799.804299ms
[pir] Running 68-PlastisimConfigCodegen ...[[33mcommand[0m] ln -f /home/yaqiz/plastisim/configs/mesh_generic.cfg /home/yaqiz/plastisim/configs/finals/TPCHQ6__N_1048576_ts_65536_op_1_dynamic_v0_s0/
[[33mpsim[0m] /home/yaqiz/plastisim/plastisim -f /home/yaqiz/plastisim/configs/finals/TPCHQ6__N_1048576_ts_65536_op_1_dynamic_v0_s0/config.psim -p /home/yaqiz/plastisim/configs/finals/TPCHQ6__N_1048576_ts_65536_op_1_dynamic_v0_s0/final.place -c 100000000 -l B
[[33mpsim[0m] log in /home/yaqiz/pir/out/TPCHQ6__N_1048576_ts_65536_op_1_dynamic_v0_s0/psim.log
Changing to config directory: /home/yaqiz/plastisim/configs/finals/TPCHQ6__N_1048576_ts_65536_op_1_dynamic_v0_s0
Constructing NetworkLink.
Constructing NetworkLink.
Constructing NetworkLink.
Constructing NetworkLink.
Constructing NetworkLink.
Constructing NetworkLink.
Constructing NetworkLink.
Constructing NetworkLink.
Constructing NetworkLink.
Constructing NetworkLink.
Constructing NetworkLink.
Constructing NetworkLink.
Constructing NetworkLink.
Constructing NetworkLink.
Constructing NetworkLink.
Constructing NetworkLink.
Constructing NetworkLink.
Constructing NetworkLink.
Constructing NetworkLink.
Constructing NetworkLink.
Constructing NetworkLink.
Constructing NetworkLink.
Constructing NetworkLink.
Constructing NetworkLink.
Constructing NetworkLink.
Constructing NetworkLink.
Added all names to the symbol table.
Adding static hop for route 1826 (605->927, lat 1).
Adding static hop for route 1803 (607->927, lat 1).
Adding static hop for route 1778 (604->925, lat 1).
Adding static hop for route 1684 (204->606, lat 1).
Adding static hop for route 1638 (143->605, lat 1).
Adding static hop for route 1314 (452->592, lat 6).
Adding static hop for route 1314 (452->601, lat 5).
Adding static hop for route 1314 (452->598, lat 4).
Adding static hop for route 1314 (452->586, lat 1).
Adding static hop for route 1314 (452->595, lat 6).
Adding static hop for route 1361 (924->586, lat 1).
Adding static hop for route 1239 (601->265, lat 1).
Adding static hop for route 1210 (601->265, lat 1).
Adding static hop for route 1186 (598->204, lat 1).
Adding static hop for route 1157 (598->204, lat 1).
Adding static hop for route 1133 (595->143, lat 1).
Adding static hop for route 1104 (595->143, lat 1).
Adding static hop for route 1080 (592->81, lat 1).
Adding static hop for route 1051 (592->81, lat 1).
Adding static hop for route 1546 (452->601, lat 5).
Adding static hop for route 1500 (452->598, lat 4).
Adding static hop for route 1454 (452->595, lat 6).
Adding static hop for route 1408 (452->592, lat 6).
Adding static hop for route 1287 (586->452, lat 1).
Printing hop routes
1	1874: ES, vc0
2	1754: X, vc0
	1874: S, vc0
16	1730: E, vc0
17	1730: E, vc0
	1850: S, vc0
	1874: X, vc0
	1916: X, vc1
18	1730: X, vc0
	1754: N, vc0
	1874: S, vc0
	1916: W, vc0
19	1916: W, vc0
20	1592: X, vc0
21	1592: W, vc0
22	1592: W, vc0
23	1592: W, vc0
24	1592: W, vc0
25	1592: W, vc0
33	1850: E, vc0
34	1754: N, vc0
	1850: X, vc1
	1874: X, vc0
Parsed placement file.
Link specified in placement file.
Changing link to static with placed latencies.
Set lat 5 from 0 to 0
Link specified in placement file.
Changing link to static with placed latencies.
Set lat 4 from 0 to 0
Link specified in placement file.
Changing link to static with placed latencies.
Set lat 6 from 0 to 0
Link specified in placement file.
Changing link to static with placed latencies.
Set lat 6 from 0 to 0
Link specified in placement file.
Updating dynamic link exit VCs.
1 hops for route 1754
Set exit class for pos 0 to 0 (rt 1754)
1 hops for route 1754
1 hops for route 1754
Link specified in placement file.
Updating dynamic link exit VCs.
1 hops for route 1850
1 hops for route 1850
1 hops for route 1850
Set exit class for pos 0 to 1 (rt 1850)
Link specified in placement file.
Updating dynamic link exit VCs.
1 hops for route 1916
Set exit class for pos 0 to 1 (rt 1916)
1 hops for route 1916
1 hops for route 1916
Link specified in placement file.
Changing link to static with placed latencies.
Set lat 1 from 0 to 0
Link specified in placement file.
Updating dynamic link exit VCs.
1 hops for route 1592
Set exit class for pos 0 to 0 (rt 1592)
1 hops for route 1592
1 hops for route 1592
1 hops for route 1592
1 hops for route 1592
1 hops for route 1592
Link specified in placement file.
Changing link to static with placed latencies.
Set lat 1 from 0 to 0
Link specified in placement file.
Changing link to static with placed latencies.
Set lat 1 from 0 to 0
Link specified in placement file.
Updating dynamic link exit VCs.
1 hops for route 1730
1 hops for route 1730
1 hops for route 1730
Set exit class for pos 0 to 0 (rt 1730)
Link specified in placement file.
Changing link to static with placed latencies.
Set lat 1 from 0 to 0
Link specified in placement file.
Changing link to static with placed latencies.
Set lat 1 from 0 to 0
Link specified in placement file.
Changing link to static with placed latencies.
Set lat 1 from 0 to 0
Link specified in placement file.
Changing link to static with placed latencies.
Set lat 1 from 0 to 0
Link specified in placement file.
Changing link to static with placed latencies.
Set lat 1 from 0 to 0
Link specified in placement file.
Changing link to static with placed latencies.
Set lat 1 from 0 to 0
Link specified in placement file.
Changing link to static with placed latencies.
Set lat 1 from 0 to 0
Link specified in placement file.
Changing link to static with placed latencies.
Set lat 1 from 0 to 0
Link specified in placement file.
Changing link to static with placed latencies.
Set lat 1 from 0 to 0
Link specified in placement file.
Changing link to static with placed latencies.
Set lat 1 from 0 to 0
Link specified in placement file.
Changing link to static with placed latencies.
Set lat 6 from 0 to 0
Set lat 6 from 0 to 1
Set lat 4 from 0 to 2
Set lat 5 from 0 to 3
Set lat 1 from 0 to 4
Set lat 1 from 0 to 0
Set lat 1 from 0 to 0
Set lat 1 from 0 to 0
Set lat 1 from 0 to 0
Link specified in placement file.
Updating dynamic link exit VCs.
2 hops for route 1874
1 hops for route 1874
1 hops for route 1874
Set exit class for pos 1 to 0 (rt 1874)
1 hops for route 1874
1 hops for route 1874
Set exit class for pos 0 to 0 (rt 1874)
Link specified in placement file.
Changing link to static with placed latencies.
Set lat 1 from 0 to 0
Link specified in placement file.
Changing link to static with placed latencies.
Set lat 1 from 0 to 0
Child process has pid -18412
to 0 (rt 1730)
Link specified in placement file.
Changing link to static with placed latencies.
Set lat 1 from 0 to 0
Link specified in placement file.
Changing link to static with placed latencies.
Set lat 1 from 0 to 0
Link specified in placement file.
Changing link to static with placed latencies.
Set lat 1 from 0 to 0
Link specified in placement file.
Changing link to static with placed latencies.
Set lat 1 from 0 to 0
Link specified in placement file.
Changing link to static with placed latencies.
Set lat 1 from 0 to 0
Link specified in placement file.
Changing link to static with placed latencies.
Set lat 1 from 0 to 0
Link specified in placement file.
Changing link to static with placed latencies.
Set lat 1 from 0 to 0
Link specified in placement file.
Changing link to static with placed latencies.
Set lat 1 from 0 to 0
Link specified in placement file.
Changing link to static with placed latencies.
Set lat 1 from 0 to 0
Link specified in placement file.
Changing link to static with placed latencies.
Set lat 1 from 0 to 0
Link specified in placement file.
Changing link to static with placed latencies.
Set lat 6 from 0 to 0
Set lat 6 from 0 to 1
Set lat 4 from 0 to 2
Set lat 5 from 0 to 3
Set lat 1 from 0 to 4
Set lat 1 from 0 to 0
Set lat 1 from 0 to 0
Set lat 1 from 0 to 0
Set lat 1 from 0 to 0
Link specified in placement file.
Updating dynamic link exit VCs.
2 hops for route 1874
1 hops for route 1874
1 hops for route 1874
Set exit class for pos 1 to 0 (rt 1874)
1 hops for route 1874
1 hops for route 1874
Set exit class for pos 0 to 0 (rt 1874)
Link specified in placement file.
Changing link to static with placed latencies.
Set lat 1 from 0 to 0
Link specified in placement file.
Changing link to static with placed latencies.
Set lat 1 from 0 to 0
I'm the child process!
GPGPU-Sim uArch: interconnect node map (shaderID+MemID to icntID)
GPGPU-Sim uArch: Memory nodes ID start from index: 256
GPGPU-Sim uArch:    0   1   2   3   4   5   6   7   8   9  10  11  12  13  14  15
GPGPU-Sim uArch:   16  17  18  19  20  21  22  23  24  25  26  27  28  29  30  31
GPGPU-Sim uArch:   32  33  34  35  36  37  38  39  40  41  42  43  44  45  46  47
GPGPU-Sim uArch:   48  49  50  51  52  53  54  55  56  57  58  59  60  61  62  63
GPGPU-Sim uArch:   64  65  66  67  68  69  70  71  72  73  74  75  76  77  78  79
GPGPU-Sim uArch:   80  81  82  83  84  85  86  87  88  89  90  91  92  93  94  95
GPGPU-Sim uArch:   96  97  98  99 100 101 102 103 104 105 106 107 108 109 110 111
GPGPU-Sim uArch:  112 113 114 115 116 117 118 119 120 121 122 123 124 125 126 127
GPGPU-Sim uArch:  128 129 130 131 132 133 134 135 136 137 138 139 140 141 142 143
GPGPU-Sim uArch:  144 145 146 147 148 149 150 151 152 153 154 155 156 157 158 159
GPGPU-Sim uArch:  160 161 162 163 164 165 166 167 168 169 170 171 172 173 174 175
GPGPU-Sim uArch:  176 177 178 179 180 181 182 183 184 185 186 187 188 189 190 191
GPGPU-Sim uArch:  192 193 194 195 196 197 198 199 200 201 202 203 204 205 206 207
GPGPU-Sim uArch:  208 209 210 211 212 213 214 215 216 217 218 219 220 221 222 223
GPGPU-Sim uArch:  224 225 226 227 228 229 230 231 232 233 234 235 236 237 238 239
GPGPU-Sim uArch:  240 241 242 243 244 245 246 247 248 249 250 251 252 253 254 255
GPGPU-Sim uArch: interconnect node reverse map (icntID to shaderID+MemID)
GPGPU-Sim uArch: Memory nodes start from ID: 256
GPGPU-Sim uArch:    0   1   2   3   4   5   6   7   8   9  10  11  12  13  14  15
GPGPU-Sim uArch:   16  17  18  19  20  21  22  23  24  25  26  27  28  29  30  31
GPGPU-Sim uArch:   32  33  34  35  36  37  38  39  40  41  42  43  44  45  46  47
GPGPU-Sim uArch:   48  49  50  51  52  53  54  55  56  57  58  59  60  61  62  63
GPGPU-Sim uArch:   64  65  66  67  68  69  70  71  72  73  74  75  76  77  78  79
GPGPU-Sim uArch:   80  81  82  83  84  85  86  87  88  89  90  91  92  93  94  95
GPGPU-Sim uArch:   96  97  98  99 100 101 102 103 104 105 106 107 108 109 110 111
GPGPU-Sim uArch:  112 113 114 115 116 117 118 119 120 121 122 123 124 125 126 127
GPGPU-Sim uArch:  128 129 130 131 132 133 134 135 136 137 138 139 140 141 142 143
GPGPU-Sim uArch:  144 145 146 147 148 149 150 151 152 153 154 155 156 157 158 159
GPGPU-Sim uArch:  160 161 162 163 164 165 166 167 168 169 170 171 172 173 174 175
GPGPU-Sim uArch:  176 177 178 179 180 181 182 183 184 185 186 187 188 189 190 191
GPGPU-Sim uArch:  192 193 194 195 196 197 198 199 200 201 202 203 204 205 206 207
GPGPU-Sim uArch:  208 209 210 211 212 213 214 215 216 217 218 219 220 221 222 223
GPGPU-Sim uArch:  224 225 226 227 228 229 230 231 232 233 234 235 236 237 238 239
GPGPU-Sim uArch:  240 241 242 243 244 245 246 247 248 249 250 251 252 253 254 255
Parsed definitions of all elements.
Total of 30 links:
  0: DramAddress245
    
  1: DramAddress184
    
  2: DramAddress61
    
  3: DramAddress123
    
  4: RetimingFIFO956
    
  5: RetimingFIFO929
    
  6: RetimingFIFO947
    
  7: RetimingFIFO795
    
  8: RetimingFIFO805
    
  9: RetimingFIFO834
    
  10: RetimingFIFO863
    
  11: RetimingFIFO892
    
  12: RetimingFIFO711
    
  13: RetimingFIFO767
    
  14: StreamOut52
    
  15: StreamOut114
    
  16: StreamOut175
    
  17: StreamOut236
    
  18: StreamOut115
    
  19: StreamOut53
    
  20: StreamOut176
    
  21: StreamOut237
    
  22: ArgIn609_ArgIn631_ArgIn675_ArgIn653_ArgIn1263
    
  23: SRAM42
    
  24: SRAM41
    
  25: SRAM39
    
  26: SRAM40
    
  27: RetimingFIFO938_RetimingFIFO739
    
  28: ArgOut18
    
  29: Reg296
    
Total of 23 nodes:
  0: CE1964
    [StreamOut53 *4096 /1] [StreamOut52 *4096 /1]  => [RetimingFIFO805] 
  1: CE2142
    [RetimingFIFO805 *1 /1]  => [SRAM39] 
  2: CE2132
    [SRAM39 *4096 /1]  => [RetimingFIFO711] 
  3: CE2222
    [RetimingFIFO711 *1 /1]  => [RetimingFIFO947] 
  4: CE1978
    [StreamOut115 *4096 /1] [StreamOut114 *4096 /1]  => [RetimingFIFO834] 
  5: CE2162
    [RetimingFIFO834 *1 /1]  => [SRAM40] 
  6: CE2152
    [SRAM40 *4096 /1]  => [RetimingFIFO767] 
  7: CE1992
    [StreamOut176 *4096 /1] [StreamOut175 *4096 /1]  => [RetimingFIFO863] 
  8: CE2182
    [RetimingFIFO863 *1 /1]  => [SRAM41] 
  9: CE2172
    [SRAM41 *4096 /1]  => [RetimingFIFO938_RetimingFIFO739] 
  10: CE2256
    [RetimingFIFO938_RetimingFIFO739 *1 /1] [RetimingFIFO947 *1 /1]  => [RetimingFIFO929] 
  11: CE2006
    [StreamOut237 *4096 /1] [StreamOut236 *4096 /1]  => [RetimingFIFO892] 
  12: CE2202
    [RetimingFIFO892 *1 /1]  => [SRAM42] 
  13: CE2192
    [SRAM42 *4096 /1]  => [RetimingFIFO795] 
  14: CE2238
    [RetimingFIFO938_RetimingFIFO739 *1 /1] [RetimingFIFO795 *1 /1] [RetimingFIFO767 *1 /1] [RetimingFIFO929 *1 /1]  => [RetimingFIFO956] 
  15: CE2212
    [RetimingFIFO956 *1 /1]  => [Reg296] 
  16: CE2024
     => [DramAddress61] [DramAddress123] [DramAddress184] [DramAddress245] [ArgIn609_ArgIn631_ArgIn675_ArgIn653_ArgIn1263] 
  17: CE2038
    [ArgOut18 *1 /1]  => 
  18: CE2048
    [ArgIn609_ArgIn631_ArgIn675_ArgIn653_ArgIn1263 *16 /1] [Reg296 *1 /1]  => [ArgOut18] 
  19: CE2064
    [ArgIn609_ArgIn631_ArgIn675_ArgIn653_ArgIn1263 *16 /1] [DramAddress61 *16 /1]  => [StreamOut53] [StreamOut52] 
  20: CE2082
    [ArgIn609_ArgIn631_ArgIn675_ArgIn653_ArgIn1263 *16 /1] [DramAddress123 *16 /1]  => [StreamOut115] [StreamOut114] 
  21: CE2100
    [ArgIn609_ArgIn631_ArgIn675_ArgIn653_ArgIn1263 *16 /1] [DramAddress184 *16 /1]  => [StreamOut176] [StreamOut175] 
  22: CE2118
    [ArgIn609_ArgIn631_ArgIn675_ArgIn653_ArgIn1263 *16 /1] [DramAddress245 *16 /1]  => [StreamOut237] [StreamOut236] 

10000...
20000...
30000...
40000...
50000...
60000...
70000...
80000...
90000...
100000...
110000...
120000...
130000...
140000...
150000...
160000...
170000...
180000...
190000...
200000...
210000...
220000...
230000...
240000...
250000...
260000...
270000...
280000...
290000...
300000...
310000...
320000...
330000...
340000...
350000...
Simulation complete at cycle: 355080
[[32mpsim[0m] Simulation complete at cycle: 355080
CE1964: Active:  18.5 Stalled:  17.1 Starved:   5.1 Total Active:    65536 Total Output:    65536 Expected Active:    65536 Last Activity: 17920
[0m[[31merror[0m] [0m(Thread-17) java.lang.NumberFormatException: For input string: "65536 Total Output:    65536"[0m
java.lang.NumberFormatException: For input string: "65536 Total Output:    65536"
	at java.lang.NumberFormatException.forInputString(NumberFormatException.java:65)
	at java.lang.Long.parseLong(Long.java:589)
	at java.lang.Long.parseLong(Long.java:631)
	at scala.collection.immutable.StringLike.toLong(StringLike.scala:306)
	at scala.collection.immutable.StringLike.toLong$(StringLike.scala:306)
	at scala.collection.immutable.StringOps.toLong(StringOps.scala:29)
	at pir.codegen.PlastisimConfigCodegen.$anonfun$processOutput$1(PlastisimConfigCodegen.scala:55)
	at pir.codegen.PlastisimConfigCodegen.$anonfun$processOutput$1$adapted(PlastisimConfigCodegen.scala:54)
	at scala.Option.foreach(Option.scala:257)
	at pir.codegen.PlastisimConfigCodegen.processOutput(PlastisimConfigCodegen.scala:54)
	at pir.codegen.PlastisimConfigCodegen.$anonfun$runPsim$5(PlastisimConfigCodegen.scala:82)
	at pir.codegen.PlastisimConfigCodegen.$anonfun$runPsim$5$adapted(PlastisimConfigCodegen.scala:82)
	at prism.util.Misc.$anonfun$shell$7(Misc.scala:88)
	at prism.util.Misc.$anonfun$shell$7$adapted(Misc.scala:88)
	at scala.Option.foreach(Option.scala:257)
	at prism.util.Misc.$anonfun$shell$5(Misc.scala:88)
	at prism.util.Misc.$anonfun$shell$5$adapted(Misc.scala:88)
	at scala.sys.process.ProcessLogger$$anon$1.out(ProcessLogger.scala:97)
	at scala.sys.process.BasicIO$.$anonfun$processOutFully$1(BasicIO.scala:136)
	at scala.sys.process.BasicIO$.$anonfun$processOutFully$1$adapted(BasicIO.scala:136)
	at scala.sys.process.BasicIO$.readFully$1(BasicIO.scala:184)
	at scala.sys.process.BasicIO$.$anonfun$processFully$1$adapted(BasicIO.scala:188)
	at scala.sys.process.ProcessBuilderImpl$Simple.$anonfun$run$3(ProcessBuilderImpl.scala:76)
	at scala.sys.process.ProcessImpl$Spawn$$anon$1.run(ProcessImpl.scala:23)
[0m[[31mtrace[0m] [0mStack trace suppressed: run [34mlast apps/compile:runMain[0m for the full output.[0m
[pir] Finished 68-PlastisimConfigCodegen to [36mconfig.psim[0m in 107156.664396ms
[pir] Running 69-PlastisimDotCodegen ...[pir] Finished 69-PlastisimDotCodegen to [36mpsim.dot[0m in 485.534658ms
[pir] Saving node prism.Session@3e5e1a88 to /home/yaqiz/pir/out/TPCHQ6__N_1048576_ts_65536_op_1_dynamic_v0_s0/TPCHQ6__N_1048576_ts_65536_op_1.sess
[0m[[32msuccess[0m] [0mTotal time: 198 s, completed Aug 1, 2018 7:51:53 PM[0m
-------------PASS (DONE)------------
