Java HotSpot(TM) 64-Bit Server VM warning: ignoring option MaxPermSize=1g; support was removed in 8.0
Picked up _JAVA_OPTIONS: -Xss8192k
[0m[[0minfo[0m] [0mLoading global plugins from /home/yaqiz/.sbt/0.13/plugins[0m
[0m[[0minfo[0m] [0mLoading project definition from /home/yaqiz/pir/project[0m
[0m[[0minfo[0m] [0mSet current project to default-675fdc (in build file:/home/yaqiz/pir/)[0m
[0m[[0minfo[0m] [0mSet current project to apps (in build file:/home/yaqiz/pir/)[0m
[0m[[0minfo[0m] [0mRunning TPCHQ6__N_1048576_ts_65536_op_1 --out=/home/yaqiz/pir/out/TPCHQ6__N_1048576_ts_65536_op_1_psim_D_v2_s4 --psim-out=/home/yaqiz/plastisim/configs/finals/TPCHQ6__N_1048576_ts_65536_op_1_psim_D_v2_s4 --debug=false --verbose=true --dot=false --load-pir=true --save-pir=true --psim=true --trace=true --ctrl=true --bp=false --stat=true --routing-algo=proute --proute-iter=1000 --run-psim=true --arch=MyDesign --row=16 --col=8 --topo=mesh --argin=64 --tokenout=32 --pcu-stage=6 --vc=4 --net=dynamic --vlink=2 --slink=4 --fifo-depth=4 --vfifo=4 --proute-algo=route_min_directed_valient --link-prop=db --flit-width=512 --proute-seed=2[0m
[pir] args=[--load-pir=true, --run-psim=false, --trace=false, --net=static, --stat=false, --vlink=2, --slink=4, --vfifo=4, --row=16, --col=8, --topo=mesh, --routing-algo=proute, --psim-timeout=100000000, --mapping=true, --splitting=true, --save-pir=true, --load-spade=false, --save-spade=false, --splitting-algo=alias_weighted_igraph, --ctrl=true, --bp=false, --snapint=10, --snapshot=false, --dot=true, --psim=true, --arch=MyDesign, --nn=false, --dag=true, --pattern=checkerboard, --argin=20, --argout=4, --tokenout=5, --fifo-depth=10, --vc=10, --routing-cost=H-hop, --out=/home/yaqiz/pir/out/TPCHQ6__N_1048576_ts_65536_op_1_psim_D_v2_s4, --psim-out=/home/yaqiz/plastisim/configs/finals/TPCHQ6__N_1048576_ts_65536_op_1_psim_D_v2_s4, --debug=false, --verbose=true, --dot=false, --load-pir=true, --save-pir=true, --psim=true, --trace=true, --ctrl=true, --bp=false, --stat=true, --routing-algo=proute, --proute-iter=1000, --run-psim=true, --arch=MyDesign, --row=16, --col=8, --topo=mesh, --argin=64, --tokenout=32, --pcu-stage=6, --vc=4, --net=dynamic, --vlink=2, --slink=4, --fifo-depth=4, --vfifo=4, --proute-algo=route_min_directed_valient, --link-prop=db, --flit-width=512, --proute-seed=2]
[pir] Output directory set to [36m/home/yaqiz/pir/out/TPCHQ6__N_1048576_ts_65536_op_1_psim_D_v2_s4[0m
[pir] Loading from /home/yaqiz/pir/out/TPCHQ6__N_1048576_ts_65536_op_1_psim_D_v2_s4/TPCHQ6__N_1048576_ts_65536_op_1.pir[pir] Loading PIRDesign() from /home/yaqiz/pir/out/TPCHQ6__N_1048576_ts_65536_op_1_psim_D_v2_s4/TPCHQ6__N_1048576_ts_65536_op_1.pir
[pir] Configuring spade MyDesign ...
[pir] Loading from /home/yaqiz/pir/out/TPCHQ6__N_1048576_ts_65536_op_1_psim_D_v2_s4/TPCHQ6__N_1048576_ts_65536_op_1.sess[pir] Loading prism.Session@518d6a49 from /home/yaqiz/pir/out/TPCHQ6__N_1048576_ts_65536_op_1_psim_D_v2_s4/TPCHQ6__N_1048576_ts_65536_op_1.sess
[pir] Saving node PIRDesign() to /home/yaqiz/pir/out/TPCHQ6__N_1048576_ts_65536_op_1_psim_D_v2_s4/TPCHQ6__N_1048576_ts_65536_op_1.pir
[pir] Running 53-PlastisimDotCodegen ...[pir] Finished 53-PlastisimDotCodegen to [36mpsim.dot[0m in 1111.299378ms
[pir] Running 54-ControllerDotCodegen ...[pir] Finished 54-ControllerDotCodegen to [36mcontroller.dot[0m in 266.218436ms
[pir] Running 55-PIRIRDotCodegen ...[pir] Finished 55-PIRIRDotCodegen to [36mtop.dot[0m in 774.298584ms
[pir] Running 56-SimpleIRDotCodegen ...[pir] Finished 56-SimpleIRDotCodegen to [36msimple.dot[0m in 146.102913ms
[pir] Running 58-CUPruning ...[pir] Finished 58-CUPruning in 1957.768529ms
[pir] Running 59-CUPlacer ...[[32msuccess[0m] CUPlacer succeeded
[pir] Finished 59-CUPlacer in 40449.653258ms
[pir] Running 60-CUStatistics ...[pir] =========== Post-splitting CU Statistics ==================
[pir] number of cus=18
[pir] number of pcu = 4
[pir] - cin (0.00,0.00,0.00) sin (0.00,0.00,0.00) vin (1.00,2.00,4.00)
[pir] - cout (0.00,0.00,0.00) sout (0.00,0.25,1.00) vout (0.00,0.75,1.00)
[pir] - stages (3.00,4.00,5.00)
[pir] number of dag = 4
[pir] - cin (0.00,0.00,0.00) sin (2.00,2.00,2.00) vin (0.00,0.00,0.00)
[pir] - cout (0.00,0.00,0.00) sout (2.00,2.00,2.00) vout (0.00,0.00,0.00)
[pir] - stages (2.00,2.00,2.00)
[pir] number of pmu = 4
[pir] - cin (0.00,0.00,0.00) sin (0.00,0.00,0.00) vin (1.00,1.00,1.00)
[pir] - cout (0.00,0.00,0.00) sout (0.00,0.00,0.00) vout (1.00,1.00,1.00)
[pir] - stages (0.00,0.00,0.00)
[pir] number of dfg = 4
[pir] - cin (0.00,0.00,0.00) sin (2.00,2.00,2.00) vin (0.00,0.00,0.00)
[pir] - cout (0.00,0.00,0.00) sout (0.00,0.00,0.00) vout (1.00,1.00,1.00)
[pir] - stages (0.00,0.00,0.00)
[pir] number of scu = 1
[pir] - cin (0.00,0.00,0.00) sin (2.00,2.00,2.00) vin (0.00,0.00,0.00)
[pir] - cout (0.00,0.00,0.00) sout (1.00,1.00,1.00) vout (0.00,0.00,0.00)
[pir] - stages (1.00,1.00,1.00)
[pir] number of afg = 1
[pir] - cin (0.00,0.00,0.00) sin (1.00,1.00,1.00) vin (0.00,0.00,0.00)
[pir] - cout (0.00,0.00,0.00) sout (5.00,5.00,5.00) vout (0.00,0.00,0.00)
[pir] - stages (0.00,0.00,0.00)
[pir] compute CU = 5
[pir] memory CU = 4
[pir] mc CU = 4
[pir] Total = 9
[pir] PCU = 4 / 64 (6.25%)
[pir] PMU-comp = 1 / 63 (1.59%)
[pir] PMU-mem = 4 / 63 (6.35%)
[pir] AG-ag = 4 / 32 (12.50%)
[pir] AG-comp = 0 / 32 (0.00%)
[pir] MC = 4 / 32 (12.50%)
[pir] Finished 60-CUStatistics to [36mstat.json[0m in 1036.945617ms
[pir] Running 61-PIRNetworkDotCodegen ...[pir] Finished 61-PIRNetworkDotCodegen to [36mcontrol.dot[0m in 725.405143ms
[pir] Running 62-PIRNetworkDotCodegen ...[pir] Finished 62-PIRNetworkDotCodegen to [36mscalar.dot[0m in 417.335851ms
[pir] Running 63-PIRNetworkDotCodegen ...[pir] Finished 63-PIRNetworkDotCodegen to [36mvector.dot[0m in 435.059743ms
[pir] Running 64-TerminalCSVCodegen ...[pir] Finished 64-TerminalCSVCodegen to [36mnode.csv[0m in 5.335816ms
[pir] Running 65-LinkCSVCodegen ...[pir] Finished 65-LinkCSVCodegen to [36mlink.csv[0m in 289.722966ms
[pir] Running 66-PlastisimPlacementCodegen ...[[33mproute[0m] /home/yaqiz/plastiroute/plastiroute -n /home/yaqiz/plastisim/configs/finals/TPCHQ6__N_1048576_ts_65536_op_1_psim_D_v2_s4/node.csv -l /home/yaqiz/plastisim/configs/finals/TPCHQ6__N_1048576_ts_65536_op_1_psim_D_v2_s4/link.csv -o /home/yaqiz/plastisim/configs/finals/TPCHQ6__N_1048576_ts_65536_op_1_psim_D_v2_s4/final.place -r 16 -c 8 -g /home/yaqiz/plastisim/configs/finals/TPCHQ6__N_1048576_ts_65536_op_1_psim_D_v2_s4/proute.dot -v /home/yaqiz/plastisim/configs/finals/TPCHQ6__N_1048576_ts_65536_op_1_psim_D_v2_s4/summary.csv -x2 -e 4 -a route_min_directed_valient  -q1  -s2  -i1000 -p100 -t1 -d100
[[33mproute[0m] log in /home/yaqiz/pir/out/TPCHQ6__N_1048576_ts_65536_op_1_psim_D_v2_s4/proute.log
Max static: 2vec 4scal
100 scores: min 3.01 	0.00/0.00/6/0.00/1 	max 1754.58 mean 84.21
100 scores: min 3.00 	0.00/0.00/6/0.00/0 	max 11.51 mean 4.30
100 scores: min 3.00 	0.00/0.00/6/0.00/0 	max 504.67 mean 9.40
100 scores: min 3.00 	0.00/0.00/6/0.00/0 	max 503.17 mean 9.17
100 scores: min 3.00 	0.00/0.00/6/0.00/0 	max 507.17 mean 9.88
100 scores: min 3.00 	0.00/0.00/6/0.00/0 	max 509.67 mean 14.58
100 scores: min 3.00 	0.00/0.00/6/0.00/0 	max 505.67 mean 9.34
100 scores: min 3.00 	0.00/0.00/6/0.00/0 	max 505.17 mean 9.85
100 scores: min 3.00 	0.00/0.00/6/0.00/0 	max 510.67 mean 24.95
100 scores: min 3.00 	0.00/0.00/6/0.00/0 	max 509.67 mean 9.62
100 scores: min 3.00 	0.00/0.00/6/0.00/0 	max 508.83 mean 19.77
100 scores: min 3.00 	0.00/0.00/6/0.00/0 	max 511.67 mean 14.98
100 scores: min 3.00 	0.00/0.00/6/0.00/0 	max 504.25 mean 14.67
100 scores: min 3.00 	0.00/0.00/6/0.00/0 	max 510.00 mean 19.12
100 scores: min 3.00 	0.00/0.00/6/0.00/0 	max 504.17 mean 19.42
100 scores: min 3.00 	0.00/0.00/6/0.00/0 	max 510.50 mean 19.70
100 scores: min 3.00 	0.00/0.00/6/0.00/0 	max 503.67 mean 10.11
100 scores: min 3.00 	0.00/0.00/6/0.00/0 	max 12.00 mean 4.73
100 scores: min 3.00 	0.00/0.00/6/0.00/0 	max 12.01 mean 4.89
100 scores: min 3.00 	0.00/0.00/6/0.00/0 	max 1753.58 mean 32.02
100 scores: min 3.00 	0.00/0.00/6/0.00/0 	max 11.51 mean 4.20
100 scores: min 3.00 	0.00/0.00/6/0.00/0 	max 510.50 mean 9.04
100 scores: min 3.00 	0.00/0.00/6/0.00/0 	max 14.00 mean 4.90
100 scores: min 3.00 	0.00/0.00/6/0.00/0 	max 506.58 mean 9.62
100 scores: min 3.00 	0.00/0.00/6/0.00/0 	max 510.31 mean 14.68
100 scores: min 3.00 	0.00/0.00/6/0.00/0 	max 14.50 mean 4.89
100 scores: min 3.00 	0.00/0.00/6/0.00/0 	max 13.50 mean 4.67
100 scores: min 3.00 	0.00/0.00/6/0.00/0 	max 12.02 mean 4.44
100 scores: min 3.00 	0.00/0.00/6/0.00/0 	max 16.00 mean 5.40
100 scores: min 3.00 	0.00/0.00/6/0.00/0 	max 509.00 mean 9.47
100 scores: min 3.00 	0.00/0.00/6/0.00/0 	max 12.01 mean 4.35
100 scores: min 3.00 	0.00/0.00/6/0.00/0 	max 509.33 mean 14.66
100 scores: min 3.00 	0.00/0.00/6/0.00/0 	max 509.33 mean 14.82
100 scores: min 3.00 	0.00/0.00/6/0.00/0 	max 512.00 mean 9.86
100 scores: min 3.00 	0.00/0.00/6/0.00/0 	max 512.67 mean 9.43
100 scores: min 3.00 	0.00/0.00/6/0.00/0 	max 504.67 mean 9.45
100 scores: min 3.00 	0.00/0.00/6/0.00/0 	max 504.17 mean 9.54
100 scores: min 3.00 	0.00/0.00/6/0.00/0 	max 512.17 mean 15.23
100 scores: min 3.00 	0.00/0.00/6/0.00/0 	max 510.00 mean 14.26
100 scores: min 3.00 	0.00/0.00/6/0.00/0 	max 503.67 mean 9.48
100 scores: min 3.00 	0.00/0.00/6/0.00/0 	max 504.08 mean 9.61
100 scores: min 3.00 	0.00/0.00/6/0.00/0 	max 505.67 mean 19.50
100 scores: min 3.00 	0.00/0.00/6/0.00/0 	max 12.00 mean 4.25
100 scores: min 3.00 	0.00/0.00/6/0.00/0 	max 504.17 mean 14.55
100 scores: min 3.00 	0.00/0.00/6/0.00/0 	max 504.83 mean 14.67
100 scores: min 3.00 	0.00/0.00/6/0.00/0 	max 503.58 mean 9.71
100 scores: min 3.00 	0.00/0.00/6/0.00/0 	max 504.00 mean 10.39
100 scores: min 3.00 	0.00/0.00/6/0.00/0 	max 504.83 mean 14.45
100 scores: min 3.00 	0.00/0.00/6/0.00/0 	max 510.83 mean 9.66
100 scores: min 3.00 	0.00/0.00/6/0.00/0 	max 504.17 mean 9.33
100 scores: min 3.00 	0.00/0.00/6/0.00/0 	max 503.83 mean 9.27
100 scores: min 3.00 	0.00/0.00/6/0.00/0 	max 504.17 mean 14.34
100 scores: min 3.00 	0.00/0.00/6/0.00/0 	max 503.67 mean 9.54
100 scores: min 3.00 	0.00/0.00/6/0.00/0 	max 511.67 mean 14.47
100 scores: min 3.00 	0.00/0.00/6/0.00/0 	max 510.50 mean 14.45
100 scores: min 3.00 	0.00/0.00/6/0.00/0 	max 12.01 mean 4.48
100 scores: min 3.00 	0.00/0.00/6/0.00/0 	max 11.51 mean 4.56
100 scores: min 3.00 	0.00/0.00/6/0.00/0 	max 504.67 mean 9.59
100 scores: min 3.00 	0.00/0.00/6/0.00/0 	max 13.50 mean 4.28
100 scores: min 3.00 	0.00/0.00/6/0.00/0 	max 504.33 mean 9.49
100 scores: min 3.00 	0.00/0.00/6/0.00/0 	max 505.17 mean 9.89
100 scores: min 3.00 	0.00/0.00/6/0.00/0 	max 503.17 mean 9.56
100 scores: min 3.00 	0.00/0.00/6/0.00/0 	max 510.00 mean 19.78
100 scores: min 3.00 	0.00/0.00/6/0.00/0 	max 504.67 mean 24.13
100 scores: min 3.00 	0.00/0.00/6/0.00/0 	max 504.17 mean 9.45
100 scores: min 3.00 	0.00/0.00/6/0.00/0 	max 14.00 mean 4.55
100 scores: min 3.00 	0.00/0.00/6/0.00/0 	max 506.00 mean 24.26
100 scores: min 3.00 	0.00/0.00/6/0.00/0 	max 504.17 mean 9.77
100 scores: min 3.00 	0.00/0.00/6/0.00/0 	max 503.67 mean 14.87
100 scores: min 3.00 	0.00/0.00/6/0.00/0 	max 504.17 mean 24.69
100 scores: min 3.00 	0.00/0.00/6/0.00/0 	max 504.17 mean 34.79
100 scores: min 3.00 	0.00/0.00/6/0.00/0 	max 504.17 mean 39.50
100 scores: min 3.00 	0.00/0.00/6/0.00/0 	max 508.50 mean 24.70
100 scores: min 3.00 	0.00/0.00/6/0.00/0 	max 504.25 mean 29.91
100 scores: min 3.00 	0.00/0.00/6/0.00/0 	max 503.17 mean 14.46
100 scores: min 3.00 	0.00/0.00/6/0.00/0 	max 503.67 mean 14.80
100 scores: min 3.00 	0.00/0.00/6/0.00/0 	max 509.13 mean 14.55
100 scores: min 3.00 	0.00/0.00/6/0.00/0 	max 505.50 mean 39.70
100 scores: min 3.00 	0.00/0.00/6/0.00/0 	max 509.67 mean 20.07
100 scores: min 3.00 	0.00/0.00/6/0.00/0 	max 512.00 mean 35.03
100 scores: min 3.00 	0.00/0.00/6/0.00/0 	max 507.83 mean 30.07
100 scores: min 3.00 	0.00/0.00/6/0.00/0 	max 505.17 mean 25.42
100 scores: min 3.00 	0.00/0.00/6/0.00/0 	max 503.17 mean 9.34
100 scores: min 3.00 	0.00/0.00/6/0.00/0 	max 504.67 mean 14.68
100 scores: min 3.00 	0.00/0.00/6/0.00/0 	max 509.67 mean 19.37
100 scores: min 3.00 	0.00/0.00/6/0.00/0 	max 14.00 mean 4.63
100 scores: min 3.00 	0.00/0.00/6/0.00/0 	max 505.17 mean 15.05
100 scores: min 3.00 	0.00/0.00/6/0.00/0 	max 504.17 mean 19.40
100 scores: min 3.00 	0.00/0.00/6/0.00/0 	max 503.67 mean 10.09
100 scores: min 3.00 	0.00/0.00/6/0.00/0 	max 504.17 mean 9.95
100 scores: min 3.00 	0.00/0.00/6/0.00/0 	max 510.75 mean 19.61
100 scores: min 3.00 	0.00/0.00/6/0.00/0 	max 504.17 mean 14.38
100 scores: min 3.00 	0.00/0.00/6/0.00/0 	max 508.17 mean 10.01
100 scores: min 3.00 	0.00/0.00/6/0.00/0 	max 503.75 mean 9.06
100 scores: min 3.00 	0.00/0.00/6/0.00/0 	max 504.33 mean 14.54
100 scores: min 3.00 	0.00/0.00/6/0.00/0 	max 504.17 mean 19.90
100 scores: min 3.00 	0.00/0.00/6/0.00/0 	max 12.01 mean 4.73
100 scores: min 3.00 	0.00/0.00/6/0.00/0 	max 508.33 mean 9.41
100 scores: min 3.00 	0.00/0.00/6/0.00/0 	max 511.33 mean 10.32
100 scores: min 3.00 	0.00/0.00/6/0.00/0 	max 510.17 mean 9.56
100 scores: min 3.00 	0.00/0.00/6/0.00/0 	max 504.67 mean 9.42
100 scores: min 3.00 	0.00/0.00/6/0.00/0 	max 1754.25 mean 26.75
100 scores: min 3.00 	0.00/0.00/6/0.00/0 	max 510.17 mean 14.58
100 scores: min 3.00 	0.00/0.00/6/0.00/0 	max 510.67 mean 19.24
100 scores: min 3.00 	0.00/0.00/6/0.00/0 	max 15.00 mean 4.84
100 scores: min 3.00 	0.00/0.00/6/0.00/0 	max 508.33 mean 14.76
100 scores: min 3.00 	0.00/0.00/6/0.00/0 	max 13.50 mean 4.45
100 scores: min 3.00 	0.00/0.00/6/0.00/0 	max 509.24 mean 24.72
100 scores: min 3.00 	0.00/0.00/6/0.00/0 	max 504.17 mean 10.02
100 scores: min 3.00 	0.00/0.00/6/0.00/0 	max 510.17 mean 19.68
100 scores: min 3.00 	0.00/0.00/6/0.00/0 	max 12.01 mean 4.90
100 scores: min 3.00 	0.00/0.00/6/0.00/0 	max 16.00 mean 4.63
100 scores: min 3.00 	0.00/0.00/6/0.00/0 	max 508.17 mean 9.74
100 scores: min 3.00 	0.00/0.00/6/0.00/0 	max 10.51 mean 4.33
100 scores: min 3.00 	0.00/0.00/6/0.00/0 	max 12.01 mean 4.83
100 scores: min 3.00 	0.00/0.00/6/0.00/0 	max 504.67 mean 19.25
100 scores: min 3.00 	0.00/0.00/6/0.00/0 	max 510.33 mean 19.97
100 scores: min 3.00 	0.00/0.00/6/0.00/0 	max 503.67 mean 9.50
100 scores: min 3.00 	0.00/0.00/6/0.00/0 	max 504.17 mean 14.99
100 scores: min 3.00 	0.00/0.00/6/0.00/0 	max 510.33 mean 14.32
100 scores: min 3.00 	0.00/0.00/6/0.00/0 	max 504.17 mean 9.74
100 scores: min 3.00 	0.00/0.00/6/0.00/0 	max 12.00 mean 4.50
100 scores: min 3.00 	0.00/0.00/6/0.00/0 	max 17.00 mean 4.77
100 scores: min 3.00 	0.00/0.00/6/0.00/0 	max 504.67 mean 24.71
100 scores: min 3.00 	0.00/0.00/6/0.00/0 	max 12.01 mean 4.36
100 scores: min 3.00 	0.00/0.00/6/0.00/0 	max 504.83 mean 9.66
100 scores: min 3.00 	0.00/0.00/6/0.00/0 	max 511.50 mean 10.06
100 scores: min 3.00 	0.00/0.00/6/0.00/0 	max 11.01 mean 4.22
100 scores: min 3.00 	0.00/0.00/6/0.00/0 	max 11.50 mean 4.37
100 scores: min 3.00 	0.00/0.00/6/0.00/0 	max 12.01 mean 4.38
100 scores: min 3.00 	0.00/0.00/6/0.00/0 	max 504.17 mean 9.78
100 scores: min 3.00 	0.00/0.00/6/0.00/0 	max 504.17 mean 9.24
100 scores: min 3.00 	0.00/0.00/6/0.00/0 	max 11.02 mean 4.54
100 scores: min 3.00 	0.00/0.00/6/0.00/0 	max 504.17 mean 14.65
100 scores: min 3.00 	0.00/0.00/6/0.00/0 	max 504.67 mean 14.41
100 scores: min 3.00 	0.00/0.00/6/0.00/0 	max 512.17 mean 294.91
100 scores: min 3.00 	0.00/0.00/6/0.00/0 	max 511.67 mean 274.98
100 scores: min 3.00 	0.00/0.00/6/0.00/0 	max 510.02 mean 14.82
100 scores: min 3.00 	0.00/0.00/6/0.00/0 	max 12.01 mean 5.01
100 scores: min 3.00 	0.00/0.00/6/0.00/0 	max 13.50 mean 4.90
100 scores: min 3.00 	0.00/0.00/6/0.00/0 	max 505.00 mean 14.65
100 scores: min 3.00 	0.00/0.00/6/0.00/0 	max 11.00 mean 4.32
100 scores: min 3.00 	0.00/0.00/6/0.00/0 	max 504.67 mean 9.58
100 scores: min 3.00 	0.00/0.00/6/0.00/0 	max 503.67 mean 10.01
100 scores: min 3.00 	0.00/0.00/6/0.00/0 	max 504.58 mean 9.85
100 scores: min 3.00 	0.00/0.00/6/0.00/0 	max 508.67 mean 9.90
100 scores: min 3.00 	0.00/0.00/6/0.00/0 	max 509.17 mean 9.29
100 scores: min 3.00 	0.00/0.00/6/0.00/0 	max 504.67 mean 9.39
100 scores: min 3.00 	0.00/0.00/6/0.00/0 	max 509.50 mean 14.78
100 scores: min 3.00 	0.00/0.00/6/0.00/0 	max 11.50 mean 4.60
100 scores: min 3.00 	0.00/0.00/6/0.00/0 	max 12.01 mean 4.55
100 scores: min 3.00 	0.00/0.00/6/0.00/0 	max 504.17 mean 9.70
100 scores: min 3.00 	0.00/0.00/6/0.00/0 	max 511.17 mean 24.34
100 scores: min 3.00 	0.00/0.00/6/0.00/0 	max 12.00 mean 5.24
100 scores: min 3.00 	0.00/0.00/6/0.00/0 	max 510.17 mean 24.92
100 scores: min 3.00 	0.00/0.00/6/0.00/0 	max 504.67 mean 10.03
100 scores: min 3.00 	0.00/0.00/6/0.00/0 	max 509.33 mean 14.57
100 scores: min 3.00 	0.00/0.00/6/0.00/0 	max 509.67 mean 14.21
100 scores: min 3.00 	0.00/0.00/6/0.00/0 	max 12.01 mean 4.48
100 scores: min 3.00 	0.00/0.00/6/0.00/0 	max 504.17 mean 9.46
100 scores: min 3.00 	0.00/0.00/6/0.00/0 	max 507.83 mean 9.21
100 scores: min 3.00 	0.00/0.00/6/0.00/0 	max 504.17 mean 9.21
100 scores: min 3.00 	0.00/0.00/6/0.00/0 	max 509.24 mean 9.21
100 scores: min 3.00 	0.00/0.00/6/0.00/0 	max 504.17 mean 9.88
100 scores: min 3.00 	0.00/0.00/6/0.00/0 	max 504.17 mean 9.70
100 scores: min 3.00 	0.00/0.00/6/0.00/0 	max 504.17 mean 14.68
100 scores: min 3.00 	0.00/0.00/6/0.00/0 	max 508.00 mean 10.73
100 scores: min 3.00 	0.00/0.00/6/0.00/0 	max 504.67 mean 14.55
100 scores: min 3.00 	0.00/0.00/6/0.00/0 	max 507.67 mean 14.24
100 scores: min 3.00 	0.00/0.00/6/0.00/0 	max 504.17 mean 9.92
100 scores: min 3.00 	0.00/0.00/6/0.00/0 	max 507.17 mean 9.53
100 scores: min 3.00 	0.00/0.00/6/0.00/0 	max 510.17 mean 14.82
100 scores: min 3.00 	0.00/0.00/6/0.00/0 	max 505.67 mean 9.15
100 scores: min 3.00 	0.00/0.00/6/0.00/0 	max 504.92 mean 14.95
100 scores: min 3.00 	0.00/0.00/6/0.00/0 	max 505.17 mean 24.77
100 scores: min 3.00 	0.00/0.00/6/0.00/0 	max 503.17 mean 9.60
100 scores: min 3.00 	0.00/0.00/6/0.00/0 	max 504.58 mean 9.29
100 scores: min 3.00 	0.00/0.00/6/0.00/0 	max 510.17 mean 24.71
100 scores: min 3.00 	0.00/0.00/6/0.00/0 	max 504.67 mean 9.74
100 scores: min 3.00 	0.00/0.00/6/0.00/0 	max 509.67 mean 9.79
100 scores: min 3.00 	0.00/0.00/6/0.00/0 	max 507.75 mean 14.46
100 scores: min 3.00 	0.00/0.00/6/0.00/0 	max 503.17 mean 14.76
100 scores: min 3.00 	0.00/0.00/6/0.00/0 	max 503.17 mean 9.31
100 scores: min 3.00 	0.00/0.00/6/0.00/0 	max 511.33 mean 20.13
100 scores: min 3.00 	0.00/0.00/6/0.00/0 	max 509.58 mean 19.48
100 scores: min 3.00 	0.00/0.00/6/0.00/0 	max 14.00 mean 4.49
100 scores: min 3.00 	0.00/0.00/6/0.00/0 	max 510.83 mean 14.40
100 scores: min 3.00 	0.00/0.00/6/0.00/0 	max 508.83 mean 29.35
100 scores: min 3.00 	0.00/0.00/6/0.00/0 	max 508.50 mean 9.75
100 scores: min 3.00 	0.00/0.00/6/0.00/0 	max 12.00 mean 4.25
100 scores: min 3.00 	0.00/0.00/6/0.00/0 	max 503.67 mean 19.66
100 scores: min 3.00 	0.00/0.00/6/0.00/0 	max 510.83 mean 14.76
100 scores: min 3.00 	0.00/0.00/6/0.00/0 	max 507.00 mean 24.19
100 scores: min 3.00 	0.00/0.00/6/0.00/0 	max 503.67 mean 14.58
100 scores: min 3.00 	0.00/0.00/6/0.00/0 	max 14.50 mean 4.98
100 scores: min 3.00 	0.00/0.00/6/0.00/0 	max 510.00 mean 9.84
100 scores: min 3.00 	0.00/0.00/6/0.00/0 	max 509.83 mean 19.92
100 scores: min 3.00 	0.00/0.00/6/0.00/0 	max 507.83 mean 15.01
100 scores: min 3.00 	0.00/0.00/6/0.00/0 	max 507.67 mean 19.31
100 scores: min 3.00 	0.00/0.00/6/0.00/0 	max 510.33 mean 15.05
100 scores: min 3.00 	0.00/0.00/6/0.00/0 	max 509.00 mean 19.91
100 scores: min 3.00 	0.00/0.00/6/0.00/0 	max 11.51 mean 4.47
100 scores: min 3.00 	0.00/0.00/6/0.00/0 	max 509.83 mean 34.69
100 scores: min 3.00 	0.00/0.00/6/0.00/0 	max 509.33 mean 94.81
100 scores: min 3.00 	0.00/0.00/6/0.00/0 	max 507.67 mean 14.99
100 scores: min 3.00 	0.00/0.00/6/0.00/0 	max 12.01 mean 4.70
100 scores: min 3.00 	0.00/0.00/6/0.00/0 	max 13.00 mean 4.88
100 scores: min 3.00 	0.00/0.00/6/0.00/0 	max 11.51 mean 4.99
100 scores: min 3.00 	0.00/0.00/6/0.00/0 	max 509.75 mean 19.83
100 scores: min 3.00 	0.00/0.00/6/0.00/0 	max 504.67 mean 14.12
100 scores: min 3.00 	0.00/0.00/6/0.00/0 	max 504.33 mean 9.78
100 scores: min 3.00 	0.00/0.00/6/0.00/0 	max 12.01 mean 4.43
100 scores: min 3.00 	0.00/0.00/6/0.00/0 	max 508.50 mean 15.24
100 scores: min 3.00 	0.00/0.00/6/0.00/0 	max 510.17 mean 9.47
100 scores: min 3.00 	0.00/0.00/6/0.00/0 	max 505.67 mean 14.82
100 scores: min 3.00 	0.00/0.00/6/0.00/0 	max 504.17 mean 14.40
100 scores: min 3.00 	0.00/0.00/6/0.00/0 	max 510.67 mean 39.75
100 scores: min 3.00 	0.00/0.00/6/0.00/0 	max 512.42 mean 24.36
100 scores: min 3.00 	0.00/0.00/6/0.00/0 	max 1504.58 mean 35.10
100 scores: min 3.00 	0.00/0.00/6/0.00/0 	max 506.17 mean 9.42
100 scores: min 3.00 	0.00/0.00/6/0.00/0 	max 512.00 mean 19.69
100 scores: min 3.00 	0.00/0.00/6/0.00/0 	max 504.17 mean 9.56
100 scores: min 3.00 	0.00/0.00/6/0.00/0 	max 507.83 mean 19.70
100 scores: min 3.00 	0.00/0.00/6/0.00/0 	max 504.33 mean 14.51
100 scores: min 3.00 	0.00/0.00/6/0.00/0 	max 504.67 mean 14.31
100 scores: min 3.00 	0.00/0.00/6/0.00/0 	max 509.83 mean 19.37
100 scores: min 3.00 	0.00/0.00/6/0.00/0 	max 509.17 mean 19.83
100 scores: min 3.00 	0.00/0.00/6/0.00/0 	max 510.00 mean 19.37
100 scores: min 3.00 	0.00/0.00/6/0.00/0 	max 510.17 mean 24.58
100 scores: min 3.00 	0.00/0.00/6/0.00/0 	max 510.00 mean 34.64
100 scores: min 3.00 	0.00/0.00/6/0.00/0 	max 509.33 mean 14.54
100 scores: min 3.00 	0.00/0.00/6/0.00/0 	max 509.50 mean 14.66
100 scores: min 3.00 	0.00/0.00/6/0.00/0 	max 503.67 mean 9.37
100 scores: min 3.00 	0.00/0.00/6/0.00/0 	max 11.51 mean 4.62
100 scores: min 3.00 	0.00/0.00/6/0.00/0 	max 510.33 mean 195.15
100 scores: min 3.00 	0.00/0.00/6/0.00/0 	max 512.33 mean 279.83
100 scores: min 3.00 	0.00/0.00/6/0.00/0 	max 504.83 mean 14.50
100 scores: min 3.00 	0.00/0.00/6/0.00/0 	max 509.33 mean 14.45
100 scores: min 3.00 	0.00/0.00/6/0.00/0 	max 11.51 mean 4.71
100 scores: min 3.00 	0.00/0.00/6/0.00/0 	max 506.50 mean 9.93
100 scores: min 3.00 	0.00/0.00/6/0.00/0 	max 505.67 mean 9.05
100 scores: min 3.00 	0.00/0.00/6/0.00/0 	max 504.17 mean 9.62
100 scores: min 3.00 	0.00/0.00/6/0.00/0 	max 504.17 mean 14.14
100 scores: min 3.00 	0.00/0.00/6/0.00/0 	max 504.67 mean 14.41
100 scores: min 3.00 	0.00/0.00/6/0.00/0 	max 509.67 mean 19.80
100 scores: min 3.00 	0.00/0.00/6/0.00/0 	max 507.08 mean 10.07
100 scores: min 3.00 	0.00/0.00/6/0.00/0 	max 505.33 mean 19.99
100 scores: min 3.00 	0.00/0.00/6/0.00/0 	max 506.00 mean 9.44
100 scores: min 3.00 	0.00/0.00/6/0.00/0 	max 504.17 mean 9.61
100 scores: min 3.00 	0.00/0.00/6/0.00/0 	max 504.33 mean 24.45
100 scores: min 3.00 	0.00/0.00/6/0.00/0 	max 510.17 mean 19.74
100 scores: min 3.00 	0.00/0.00/6/0.00/0 	max 754.42 mean 11.85
100 scores: min 3.00 	0.00/0.00/6/0.00/0 	max 1754.58 mean 26.51
100 scores: min 3.00 	0.00/0.00/6/0.00/0 	max 11.51 mean 4.50
100 scores: min 3.00 	0.00/0.00/6/0.00/0 	max 12.01 mean 4.63
100 scores: min 3.00 	0.00/0.00/6/0.00/0 	max 510.17 mean 19.98
100 scores: min 3.00 	0.00/0.00/6/0.00/0 	max 509.83 mean 9.58
100 scores: min 3.00 	0.00/0.00/6/0.00/0 	max 1253.34 mean 17.68
100 scores: min 3.00 	0.00/0.00/6/0.00/0 	max 504.17 mean 9.41
100 scores: min 3.00 	0.00/0.00/6/0.00/0 	max 504.17 mean 14.80
100 scores: min 3.00 	0.00/0.00/6/0.00/0 	max 508.50 mean 9.73
100 scores: min 3.00 	0.00/0.00/6/0.00/0 	max 13.50 mean 4.55
100 scores: min 3.00 	0.00/0.00/6/0.00/0 	max 12.01 mean 4.80
100 scores: min 3.00 	0.00/0.00/6/0.00/0 	max 16.50 mean 3.98
100 scores: min 3.00 	0.00/0.00/6/0.00/0 	max 511.83 mean 14.58
100 scores: min 3.00 	0.00/0.00/6/0.00/0 	max 506.83 mean 15.00
100 scores: min 3.00 	0.00/0.00/6/0.00/0 	max 506.17 mean 19.52
100 scores: min 3.00 	0.00/0.00/6/0.00/0 	max 507.67 mean 19.57
100 scores: min 3.00 	0.00/0.00/6/0.00/0 	max 509.08 mean 24.28
100 scores: min 3.00 	0.00/0.00/6/0.00/0 	max 509.83 mean 24.56
100 scores: min 3.00 	0.00/0.00/6/0.00/0 	max 509.33 mean 14.65
100 scores: min 3.00 	0.00/0.00/6/0.00/0 	max 511.17 mean 14.94
100 scores: min 3.00 	0.00/0.00/6/0.00/0 	max 1754.42 mean 37.39
100 scores: min 3.00 	0.00/0.00/6/0.00/0 	max 512.17 mean 14.46
100 scores: min 3.00 	0.00/0.00/6/0.00/0 	max 505.67 mean 15.11
100 scores: min 3.00 	0.00/0.00/6/0.00/0 	max 1254.17 mean 21.62
100 scores: min 3.00 	0.00/0.00/6/0.00/0 	max 1259.17 mean 17.05
100 scores: min 3.00 	0.00/0.00/6/0.00/0 	max 14.00 mean 4.66
100 scores: min 3.00 	0.00/0.00/6/0.00/0 	max 503.17 mean 9.18
100 scores: min 3.00 	0.00/0.00/6/0.00/0 	max 504.67 mean 14.38
100 scores: min 3.00 	0.00/0.00/6/0.00/0 	max 509.24 mean 19.55
100 scores: min 3.00 	0.00/0.00/6/0.00/0 	max 507.67 mean 9.61
100 scores: min 3.00 	0.00/0.00/6/0.00/0 	max 511.02 mean 10.25
100 scores: min 3.00 	0.00/0.00/6/0.00/0 	max 504.17 mean 19.95
100 scores: min 3.00 	0.00/0.00/6/0.00/0 	max 507.08 mean 24.41
100 scores: min 3.00 	0.00/0.00/6/0.00/0 	max 508.33 mean 24.43
100 scores: min 3.00 	0.00/0.00/6/0.00/0 	max 504.17 mean 19.81
100 scores: min 3.00 	0.00/0.00/6/0.00/0 	max 1259.00 mean 47.12
100 scores: min 3.00 	0.00/0.00/6/0.00/0 	max 755.92 mean 37.32
100 scores: min 3.00 	0.00/0.00/6/0.00/0 	max 1754.42 mean 27.11
100 scores: min 3.00 	0.00/0.00/6/0.00/0 	max 504.17 mean 19.33
100 scores: min 3.00 	0.00/0.00/6/0.00/0 	max 506.67 mean 24.47
100 scores: min 3.00 	0.00/0.00/6/0.00/0 	max 14.50 mean 4.51
100 scores: min 3.00 	0.00/0.00/6/0.00/0 	max 11.01 mean 4.00
100 scores: min 3.00 	0.00/0.00/6/0.00/0 	max 10.51 mean 4.12
100 scores: min 3.00 	0.00/0.00/6/0.00/0 	max 503.50 mean 9.66
100 scores: min 3.00 	0.00/0.00/6/0.00/0 	max 13.00 mean 4.41
100 scores: min 3.00 	0.00/0.00/6/0.00/0 	max 505.17 mean 14.50
100 scores: min 3.00 	0.00/0.00/6/0.00/0 	max 509.00 mean 9.55
100 scores: min 3.00 	0.00/0.00/6/0.00/0 	max 505.75 mean 9.34
100 scores: min 3.00 	0.00/0.00/6/0.00/0 	max 506.74 mean 24.08
100 scores: min 3.00 	0.00/0.00/6/0.00/0 	max 504.17 mean 9.35
100 scores: min 3.00 	0.00/0.00/6/0.00/0 	max 504.17 mean 14.46
100 scores: min 3.00 	0.00/0.00/6/0.00/0 	max 504.17 mean 9.24
100 scores: min 3.00 	0.00/0.00/6/0.00/0 	max 512.81 mean 14.51
100 scores: min 3.00 	0.00/0.00/6/0.00/0 	max 504.17 mean 9.92
100 scores: min 3.00 	0.00/0.00/6/0.00/0 	max 12.01 mean 4.58
100 scores: min 3.00 	0.00/0.00/6/0.00/0 	max 509.67 mean 14.77
100 scores: min 3.00 	0.00/0.00/6/0.00/0 	max 11.01 mean 4.63
100 scores: min 3.00 	0.00/0.00/6/0.00/0 	max 12.01 mean 4.68
100 scores: min 3.00 	0.00/0.00/6/0.00/0 	max 509.00 mean 19.83
100 scores: min 3.00 	0.00/0.00/6/0.00/0 	max 512.17 mean 19.60
100 scores: min 3.00 	0.00/0.00/6/0.00/0 	max 509.83 mean 14.35
100 scores: min 3.00 	0.00/0.00/6/0.00/0 	max 504.67 mean 9.24
100 scores: min 3.00 	0.00/0.00/6/0.00/0 	max 754.25 mean 11.95
100 scores: min 3.00 	0.00/0.00/6/0.00/0 	max 503.17 mean 9.48
100 scores: min 3.00 	0.00/0.00/6/0.00/0 	max 12.01 mean 4.67
100 scores: min 3.00 	0.00/0.00/6/0.00/0 	max 510.17 mean 9.61
100 scores: min 3.00 	0.00/0.00/6/0.00/0 	max 504.08 mean 14.80
100 scores: min 3.00 	0.00/0.00/6/0.00/0 	max 1754.92 mean 32.13
100 scores: min 3.00 	0.00/0.00/6/0.00/0 	max 511.17 mean 29.71
100 scores: min 3.00 	0.00/0.00/6/0.00/0 	max 1754.25 mean 32.12
100 scores: min 3.00 	0.00/0.00/6/0.00/0 	max 1754.75 mean 27.19
100 scores: min 3.00 	0.00/0.00/6/0.00/0 	max 504.17 mean 14.52
100 scores: min 3.00 	0.00/0.00/6/0.00/0 	max 508.58 mean 14.87
100 scores: min 3.00 	0.00/0.00/6/0.00/0 	max 12.01 mean 4.69
100 scores: min 3.00 	0.00/0.00/6/0.00/0 	max 504.67 mean 19.93
100 scores: min 3.00 	0.00/0.00/6/0.00/0 	max 1754.75 mean 31.75
100 scores: min 3.00 	0.00/0.00/6/0.00/0 	max 505.17 mean 20.02
100 scores: min 3.00 	0.00/0.00/6/0.00/0 	max 504.83 mean 19.67
100 scores: min 3.00 	0.00/0.00/6/0.00/0 	max 504.67 mean 19.75
100 scores: min 3.00 	0.00/0.00/6/0.00/0 	max 510.17 mean 24.18
100 scores: min 3.00 	0.00/0.00/6/0.00/0 	max 503.83 mean 9.98
100 scores: min 3.00 	0.00/0.00/6/0.00/0 	max 504.67 mean 9.29
100 scores: min 3.00 	0.00/0.00/6/0.00/0 	max 512.00 mean 14.36
100 scores: min 3.00 	0.00/0.00/6/0.00/0 	max 506.83 mean 14.34
100 scores: min 3.00 	0.00/0.00/6/0.00/0 	max 510.74 mean 19.55
100 scores: min 3.00 	0.00/0.00/6/0.00/0 	max 503.67 mean 9.89
100 scores: min 3.00 	0.00/0.00/6/0.00/0 	max 510.31 mean 14.46
100 scores: min 3.00 	0.00/0.00/6/0.00/0 	max 504.50 mean 9.55
100 scores: min 3.00 	0.00/0.00/6/0.00/0 	max 510.33 mean 14.73
100 scores: min 3.00 	0.00/0.00/6/0.00/0 	max 505.67 mean 29.35
100 scores: min 3.00 	0.00/0.00/6/0.00/0 	max 1754.92 mean 51.94
100 scores: min 3.00 	0.00/0.00/6/0.00/0 	max 511.17 mean 24.38
100 scores: min 3.00 	0.00/0.00/6/0.00/0 	max 511.17 mean 39.43
100 scores: min 3.00 	0.00/0.00/6/0.00/0 	max 505.00 mean 19.40
100 scores: min 3.00 	0.00/0.00/6/0.00/0 	max 510.17 mean 24.55
100 scores: min 3.00 	0.00/0.00/6/0.00/0 	max 509.50 mean 24.69
100 scores: min 3.00 	0.00/0.00/6/0.00/0 	max 504.33 mean 19.40
100 scores: min 3.00 	0.00/0.00/6/0.00/0 	max 503.17 mean 14.27
100 scores: min 3.00 	0.00/0.00/6/0.00/0 	max 504.17 mean 29.91
100 scores: min 3.00 	0.00/0.00/6/0.00/0 	max 508.50 mean 19.53
100 scores: min 3.00 	0.00/0.00/6/0.00/0 	max 504.17 mean 24.81
100 scores: min 3.00 	0.00/0.00/6/0.00/0 	max 504.33 mean 19.62
100 scores: min 3.00 	0.00/0.00/6/0.00/0 	max 504.67 mean 9.43
100 scores: min 3.00 	0.00/0.00/6/0.00/0 	max 507.63 mean 19.28
100 scores: min 3.00 	0.00/0.00/6/0.00/0 	max 504.17 mean 9.76
100 scores: min 3.00 	0.00/0.00/6/0.00/0 	max 14.00 mean 5.04
100 scores: min 3.00 	0.00/0.00/6/0.00/0 	max 511.17 mean 24.49
100 scores: min 3.00 	0.00/0.00/6/0.00/0 	max 17.50 mean 4.51
100 scores: min 3.00 	0.00/0.00/6/0.00/0 	max 17.50 mean 4.68
100 scores: min 3.00 	0.00/0.00/6/0.00/0 	max 503.17 mean 9.40
100 scores: min 3.00 	0.00/0.00/6/0.00/0 	max 507.74 mean 15.18
100 scores: min 3.00 	0.00/0.00/6/0.00/0 	max 504.17 mean 14.87
100 scores: min 3.00 	0.00/0.00/6/0.00/0 	max 12.50 mean 4.69
100 scores: min 3.00 	0.00/0.00/6/0.00/0 	max 1754.42 mean 52.44
100 scores: min 3.00 	0.00/0.00/6/0.00/0 	max 504.17 mean 10.47
100 scores: min 3.00 	0.00/0.00/6/0.00/0 	max 14.50 mean 4.38
100 scores: min 3.00 	0.00/0.00/6/0.00/0 	max 511.67 mean 15.23
100 scores: min 3.00 	0.00/0.00/6/0.00/0 	max 504.17 mean 14.37
100 scores: min 3.00 	0.00/0.00/6/0.00/0 	max 504.17 mean 9.83
100 scores: min 3.00 	0.00/0.00/6/0.00/0 	max 509.67 mean 14.61
100 scores: min 3.00 	0.00/0.00/6/0.00/0 	max 503.67 mean 9.78
100 scores: min 3.00 	0.00/0.00/6/0.00/0 	max 1754.58 mean 26.88
100 scores: min 3.00 	0.00/0.00/6/0.00/0 	max 504.83 mean 24.58
100 scores: min 3.00 	0.00/0.00/6/0.00/0 	max 504.67 mean 9.90
100 scores: min 3.00 	0.00/0.00/6/0.00/0 	max 510.17 mean 10.04
100 scores: min 3.00 	0.00/0.00/6/0.00/0 	max 15.50 mean 4.64
100 scores: min 3.00 	0.00/0.00/6/0.00/0 	max 504.92 mean 19.14
100 scores: min 3.00 	0.00/0.00/6/0.00/0 	max 509.33 mean 10.13
100 scores: min 3.00 	0.00/0.00/6/0.00/0 	max 509.52 mean 14.26
100 scores: min 3.00 	0.00/0.00/6/0.00/0 	max 11.51 mean 4.06
100 scores: min 3.00 	0.00/0.00/6/0.00/0 	max 511.00 mean 19.95
100 scores: min 3.00 	0.00/0.00/6/0.00/0 	max 15.50 mean 4.40
100 scores: min 3.00 	0.00/0.00/6/0.00/0 	max 511.25 mean 20.03
100 scores: min 3.00 	0.00/0.00/6/0.00/0 	max 11.51 mean 4.72
100 scores: min 3.00 	0.00/0.00/6/0.00/0 	max 13.50 mean 4.49
100 scores: min 3.00 	0.00/0.00/6/0.00/0 	max 509.24 mean 24.64
100 scores: min 3.00 	0.00/0.00/6/0.00/0 	max 503.83 mean 9.16
100 scores: min 3.00 	0.00/0.00/6/0.00/0 	max 511.67 mean 14.15
100 scores: min 3.00 	0.00/0.00/6/0.00/0 	max 11.51 mean 3.98
100 scores: min 3.00 	0.00/0.00/6/0.00/0 	max 508.67 mean 14.37
100 scores: min 3.00 	0.00/0.00/6/0.00/0 	max 511.33 mean 24.66
100 scores: min 3.00 	0.00/0.00/6/0.00/0 	max 511.17 mean 14.68
100 scores: min 3.00 	0.00/0.00/6/0.00/0 	max 505.25 mean 14.83
100 scores: min 3.00 	0.00/0.00/6/0.00/0 	max 503.67 mean 15.33
100 scores: min 3.00 	0.00/0.00/6/0.00/0 	max 505.83 mean 14.62
100 scores: min 3.00 	0.00/0.00/6/0.00/0 	max 511.17 mean 24.68
100 scores: min 3.00 	0.00/0.00/6/0.00/0 	max 509.83 mean 9.64
100 scores: min 3.00 	0.00/0.00/6/0.00/0 	max 507.53 mean 20.03
100 scores: min 3.00 	0.00/0.00/6/0.00/0 	max 511.17 mean 19.66
100 scores: min 3.00 	0.00/0.00/6/0.00/0 	max 510.02 mean 24.45
100 scores: min 3.00 	0.00/0.00/6/0.00/0 	max 503.17 mean 9.41
100 scores: min 3.00 	0.00/0.00/6/0.00/0 	max 504.03 mean 24.38
100 scores: min 3.00 	0.00/0.00/6/0.00/0 	max 16.00 mean 4.63
100 scores: min 3.00 	0.00/0.00/6/0.00/0 	max 504.67 mean 14.78
100 scores: min 3.00 	0.00/0.00/6/0.00/0 	max 510.02 mean 24.79
100 scores: min 3.00 	0.00/0.00/6/0.00/0 	max 509.17 mean 34.90
100 scores: min 3.00 	0.00/0.00/6/0.00/0 	max 508.53 mean 14.66
100 scores: min 3.00 	0.00/0.00/6/0.00/0 	max 504.17 mean 25.09
100 scores: min 3.00 	0.00/0.00/6/0.00/0 	max 503.67 mean 14.83
100 scores: min 3.00 	0.00/0.00/6/0.00/0 	max 510.67 mean 284.22
100 scores: min 3.00 	0.00/0.00/6/0.00/0 	max 511.17 mean 264.83
100 scores: min 3.00 	0.00/0.00/6/0.00/0 	max 511.17 mean 259.54
100 scores: min 3.00 	0.00/0.00/6/0.00/0 	max 509.25 mean 19.81
100 scores: min 3.00 	0.00/0.00/6/0.00/0 	max 510.67 mean 24.37
100 scores: min 3.00 	0.00/0.00/6/0.00/0 	max 12.00 mean 4.56
100 scores: min 3.00 	0.00/0.00/6/0.00/0 	max 504.08 mean 9.83
100 scores: min 3.00 	0.00/0.00/6/0.00/0 	max 15.00 mean 4.60
100 scores: min 3.00 	0.00/0.00/6/0.00/0 	max 507.53 mean 14.52
100 scores: min 3.00 	0.00/0.00/6/0.00/0 	max 11.51 mean 4.68
100 scores: min 3.00 	0.00/0.00/6/0.00/0 	max 510.17 mean 9.40
100 scores: min 3.00 	0.00/0.00/6/0.00/0 	max 504.67 mean 9.55
100 scores: min 3.00 	0.00/0.00/6/0.00/0 	max 510.33 mean 25.21
100 scores: min 3.00 	0.00/0.00/6/0.00/0 	max 503.17 mean 9.46
100 scores: min 3.00 	0.00/0.00/6/0.00/0 	max 510.17 mean 14.69
100 scores: min 3.00 	0.00/0.00/6/0.00/0 	max 505.17 mean 14.50
100 scores: min 3.00 	0.00/0.00/6/0.00/0 	max 508.83 mean 14.53
100 scores: min 3.00 	0.00/0.00/6/0.00/0 	max 11.50 mean 4.43
100 scores: min 3.00 	0.00/0.00/6/0.00/0 	max 510.50 mean 9.78
100 scores: min 3.00 	0.00/0.00/6/0.00/0 	max 17.00 mean 4.94
100 scores: min 3.00 	0.00/0.00/6/0.00/0 	max 503.17 mean 9.77
100 scores: min 3.00 	0.00/0.00/6/0.00/0 	max 505.67 mean 9.56
100 scores: min 3.00 	0.00/0.00/6/0.00/0 	max 504.17 mean 9.28
100 scores: min 3.00 	0.00/0.00/6/0.00/0 	max 503.33 mean 9.44
100 scores: min 3.00 	0.00/0.00/6/0.00/0 	max 504.67 mean 9.26
100 scores: min 3.00 	0.00/0.00/6/0.00/0 	max 504.75 mean 29.88
100 scores: min 3.00 	0.00/0.00/6/0.00/0 	max 16.50 mean 4.56
100 scores: min 3.00 	0.00/0.00/6/0.00/0 	max 504.67 mean 9.68
100 scores: min 3.00 	0.00/0.00/6/0.00/0 	max 508.58 mean 19.58
100 scores: min 3.00 	0.00/0.00/6/0.00/0 	max 509.67 mean 24.75
100 scores: min 3.00 	0.00/0.00/6/0.00/0 	max 508.50 mean 19.71
100 scores: min 3.00 	0.00/0.00/6/0.00/0 	max 504.67 mean 14.32
100 scores: min 3.00 	0.00/0.00/6/0.00/0 	max 10.51 mean 4.16
100 scores: min 3.00 	0.00/0.00/6/0.00/0 	max 510.00 mean 24.26
100 scores: min 3.00 	0.00/0.00/6/0.00/0 	max 11.51 mean 4.91
100 scores: min 3.00 	0.00/0.00/6/0.00/0 	max 505.17 mean 9.58
100 scores: min 3.00 	0.00/0.00/6/0.00/0 	max 14.00 mean 4.88
100 scores: min 3.00 	0.00/0.00/6/0.00/0 	max 504.17 mean 9.62
100 scores: min 3.00 	0.00/0.00/6/0.00/0 	max 14.00 mean 4.49
100 scores: min 3.00 	0.00/0.00/6/0.00/0 	max 503.17 mean 9.64
100 scores: min 3.00 	0.00/0.00/6/0.00/0 	max 1505.42 mean 24.74
100 scores: min 3.00 	0.00/0.00/6/0.00/0 	max 506.08 mean 14.56
100 scores: min 3.00 	0.00/0.00/6/0.00/0 	max 505.67 mean 9.79
100 scores: min 3.00 	0.00/0.00/6/0.00/0 	max 504.67 mean 9.69
100 scores: min 3.00 	0.00/0.00/6/0.00/0 	max 505.83 mean 14.56
100 scores: min 3.00 	0.00/0.00/6/0.00/0 	max 1004.67 mean 24.49
100 scores: min 3.00 	0.00/0.00/6/0.00/0 	max 11.50 mean 4.95
100 scores: min 3.00 	0.00/0.00/6/0.00/0 	max 507.08 mean 25.35
100 scores: min 3.00 	0.00/0.00/6/0.00/0 	max 508.33 mean 14.51
100 scores: min 3.00 	0.00/0.00/6/0.00/0 	max 504.17 mean 9.28
100 scores: min 3.00 	0.00/0.00/6/0.00/0 	max 504.33 mean 14.80
100 scores: min 3.00 	0.00/0.00/6/0.00/0 	max 504.67 mean 14.39
100 scores: min 3.00 	0.00/0.00/6/0.00/0 	max 505.67 mean 24.53
100 scores: min 3.00 	0.00/0.00/6/0.00/0 	max 510.50 mean 14.68
100 scores: min 3.00 	0.00/0.00/6/0.00/0 	max 509.58 mean 9.63
100 scores: min 3.00 	0.00/0.00/6/0.00/0 	max 17.50 mean 4.72
100 scores: min 3.00 	0.00/0.00/6/0.00/0 	max 11.50 mean 4.32
100 scores: min 3.00 	0.00/0.00/6/0.00/0 	max 506.83 mean 9.64
100 scores: min 3.00 	0.00/0.00/6/0.00/0 	max 511.33 mean 14.26
100 scores: min 3.00 	0.00/0.00/6/0.00/0 	max 1754.75 mean 21.66
100 scores: min 3.00 	0.00/0.00/6/0.00/0 	max 508.00 mean 9.58
100 scores: min 3.00 	0.00/0.00/6/0.00/0 	max 513.00 mean 9.77
100 scores: min 3.00 	0.00/0.00/6/0.00/0 	max 504.33 mean 9.34
100 scores: min 3.00 	0.00/0.00/6/0.00/0 	max 504.67 mean 9.71
100 scores: min 3.00 	0.00/0.00/6/0.00/0 	max 505.08 mean 14.63
100 scores: min 3.00 	0.00/0.00/6/0.00/0 	max 511.67 mean 25.00
100 scores: min 3.00 	0.00/0.00/6/0.00/0 	max 511.33 mean 14.65
100 scores: min 3.00 	0.00/0.00/6/0.00/0 	max 504.08 mean 9.85
100 scores: min 3.00 	0.00/0.00/6/0.00/0 	max 1755.25 mean 27.33
100 scores: min 3.00 	0.00/0.00/6/0.00/0 	max 508.74 mean 14.85
100 scores: min 3.00 	0.00/0.00/6/0.00/0 	max 1004.54 mean 15.02
100 scores: min 3.00 	0.00/0.00/6/0.00/0 	max 505.33 mean 14.53
100 scores: min 3.00 	0.00/0.00/6/0.00/0 	max 511.24 mean 19.82
100 scores: min 3.00 	0.00/0.00/6/0.00/0 	max 504.17 mean 14.83
100 scores: min 3.00 	0.00/0.00/6/0.00/0 	max 504.17 mean 9.39
100 scores: min 3.00 	0.00/0.00/6/0.00/0 	max 1754.75 mean 32.53
100 scores: min 3.00 	0.00/0.00/6/0.00/0 	max 504.33 mean 14.32
100 scores: min 3.00 	0.00/0.00/6/0.00/0 	max 506.83 mean 15.04
100 scores: min 3.00 	0.00/0.00/6/0.00/0 	max 504.83 mean 14.41
100 scores: min 3.00 	0.00/0.00/6/0.00/0 	max 504.67 mean 9.68
100 scores: min 3.00 	0.00/0.00/6/0.00/0 	max 505.00 mean 19.87
100 scores: min 3.00 	0.00/0.00/6/0.00/0 	max 511.83 mean 14.98
100 scores: min 3.00 	0.00/0.00/6/0.00/0 	max 511.17 mean 25.16
100 scores: min 3.00 	0.00/0.00/6/0.00/0 	max 509.83 mean 40.03
100 scores: min 3.00 	0.00/0.00/6/0.00/0 	max 509.67 mean 35.22
100 scores: min 3.00 	0.00/0.00/6/0.00/0 	max 504.67 mean 19.77
100 scores: min 3.00 	0.00/0.00/6/0.00/0 	max 503.17 mean 10.13
100 scores: min 3.00 	0.00/0.00/6/0.00/0 	max 510.50 mean 29.49
100 scores: min 3.00 	0.00/0.00/6/0.00/0 	max 503.17 mean 24.80
100 scores: min 3.00 	0.00/0.00/6/0.00/0 	max 503.17 mean 9.78
100 scores: min 3.00 	0.00/0.00/6/0.00/0 	max 504.33 mean 29.75
100 scores: min 3.00 	0.00/0.00/6/0.00/0 	max 509.17 mean 49.92
100 scores: min 3.00 	0.00/0.00/6/0.00/0 	max 504.67 mean 14.67
100 scores: min 3.00 	0.00/0.00/6/0.00/0 	max 505.67 mean 24.77
100 scores: min 3.00 	0.00/0.00/6/0.00/0 	max 505.67 mean 14.71
100 scores: min 3.00 	0.00/0.00/6/0.00/0 	max 509.50 mean 29.88
100 scores: min 3.00 	0.00/0.00/6/0.00/0 	max 509.67 mean 39.63
100 scores: min 3.00 	0.00/0.00/6/0.00/0 	max 510.33 mean 39.98
100 scores: min 3.00 	0.00/0.00/6/0.00/0 	max 506.67 mean 14.41
100 scores: min 3.00 	0.00/0.00/6/0.00/0 	max 505.67 mean 39.11
100 scores: min 3.00 	0.00/0.00/6/0.00/0 	max 504.17 mean 35.09
100 scores: min 3.00 	0.00/0.00/6/0.00/0 	max 504.67 mean 14.63
100 scores: min 3.00 	0.00/0.00/6/0.00/0 	max 504.67 mean 29.83
100 scores: min 3.00 	0.00/0.00/6/0.00/0 	max 509.00 mean 39.46
100 scores: min 3.00 	0.00/0.00/6/0.00/0 	max 504.50 mean 19.66
100 scores: min 3.00 	0.00/0.00/6/0.00/0 	max 510.67 mean 234.81
100 scores: min 3.00 	0.00/0.00/6/0.00/0 	max 509.00 mean 19.95
100 scores: min 3.00 	0.00/0.00/6/0.00/0 	max 509.67 mean 14.45
100 scores: min 3.00 	0.00/0.00/6/0.00/0 	max 510.58 mean 19.20
100 scores: min 3.00 	0.00/0.00/6/0.00/0 	max 508.17 mean 14.63
100 scores: min 3.00 	0.00/0.00/6/0.00/0 	max 511.17 mean 34.73
100 scores: min 3.00 	0.00/0.00/6/0.00/0 	max 510.83 mean 19.44
100 scores: min 3.00 	0.00/0.00/6/0.00/0 	max 509.17 mean 14.93
100 scores: min 3.00 	0.00/0.00/6/0.00/0 	max 13.00 mean 4.54
100 scores: min 3.00 	0.00/0.00/6/0.00/0 	max 504.17 mean 19.51
100 scores: min 3.00 	0.00/0.00/6/0.00/0 	max 15.00 mean 4.83
100 scores: min 3.00 	0.00/0.00/6/0.00/0 	max 509.67 mean 19.76
100 scores: min 3.00 	0.00/0.00/6/0.00/0 	max 510.67 mean 15.01
100 scores: min 3.00 	0.00/0.00/6/0.00/0 	max 12.01 mean 4.20
100 scores: min 3.00 	0.00/0.00/6/0.00/0 	max 510.67 mean 34.65
100 scores: min 3.00 	0.00/0.00/6/0.00/0 	max 511.67 mean 34.41
100 scores: min 3.00 	0.00/0.00/6/0.00/0 	max 511.67 mean 39.47
100 scores: min 3.00 	0.00/0.00/6/0.00/0 	max 504.67 mean 14.66
100 scores: min 3.00 	0.00/0.00/6/0.00/0 	max 504.17 mean 14.86
100 scores: min 3.00 	0.00/0.00/6/0.00/0 	max 505.08 mean 9.52
100 scores: min 3.00 	0.00/0.00/6/0.00/0 	max 508.83 mean 14.77
100 scores: min 3.00 	0.00/0.00/6/0.00/0 	max 13.00 mean 4.54
100 scores: min 3.00 	0.00/0.00/6/0.00/0 	max 14.00 mean 4.52
100 scores: min 3.00 	0.00/0.00/6/0.00/0 	max 504.42 mean 14.67
100 scores: min 3.00 	0.00/0.00/6/0.00/0 	max 507.74 mean 9.42
100 scores: min 3.00 	0.00/0.00/6/0.00/0 	max 512.17 mean 9.62
100 scores: min 3.00 	0.00/0.00/6/0.00/0 	max 12.50 mean 4.69
100 scores: min 3.00 	0.00/0.00/6/0.00/0 	max 506.17 mean 9.98
100 scores: min 3.00 	0.00/0.00/6/0.00/0 	max 504.67 mean 9.81
100 scores: min 3.00 	0.00/0.00/6/0.00/0 	max 503.17 mean 9.31
100 scores: min 3.00 	0.00/0.00/6/0.00/0 	max 509.67 mean 20.09
100 scores: min 3.00 	0.00/0.00/6/0.00/0 	max 11.50 mean 4.64
100 scores: min 3.00 	0.00/0.00/6/0.00/0 	max 506.17 mean 14.27
100 scores: min 3.00 	0.00/0.00/6/0.00/0 	max 511.83 mean 14.58
100 scores: min 3.00 	0.00/0.00/6/0.00/0 	max 509.74 mean 29.66
100 scores: min 3.00 	0.00/0.00/6/0.00/0 	max 511.67 mean 29.74
100 scores: min 3.00 	0.00/0.00/6/0.00/0 	max 12.01 mean 4.92
100 scores: min 3.00 	0.00/0.00/6/0.00/0 	max 511.50 mean 25.10
100 scores: min 3.00 	0.00/0.00/6/0.00/0 	max 509.53 mean 24.62
100 scores: min 3.00 	0.00/0.00/6/0.00/0 	max 504.67 mean 14.60
100 scores: min 3.00 	0.00/0.00/6/0.00/0 	max 509.17 mean 29.87
100 scores: min 3.00 	0.00/0.00/6/0.00/0 	max 510.17 mean 14.79
100 scores: min 3.00 	0.00/0.00/6/0.00/0 	max 509.67 mean 9.36
100 scores: min 3.00 	0.00/0.00/6/0.00/0 	max 504.67 mean 9.49
100 scores: min 3.00 	0.00/0.00/6/0.00/0 	max 505.83 mean 9.77
100 scores: min 3.00 	0.00/0.00/6/0.00/0 	max 512.17 mean 30.38
100 scores: min 3.00 	0.00/0.00/6/0.00/0 	max 504.25 mean 9.44
100 scores: min 3.00 	0.00/0.00/6/0.00/0 	max 504.75 mean 14.33
100 scores: min 3.00 	0.00/0.00/6/0.00/0 	max 14.00 mean 4.16
100 scores: min 3.00 	0.00/0.00/6/0.00/0 	max 13.50 mean 4.83
100 scores: min 3.00 	0.00/0.00/6/0.00/0 	max 508.50 mean 9.64
100 scores: min 3.00 	0.00/0.00/6/0.00/0 	max 503.17 mean 9.37
100 scores: min 3.00 	0.00/0.00/6/0.00/0 	max 510.25 mean 29.88
100 scores: min 3.00 	0.00/0.00/6/0.00/0 	max 505.58 mean 14.54
100 scores: min 3.00 	0.00/0.00/6/0.00/0 	max 504.67 mean 10.01
100 scores: min 3.00 	0.00/0.00/6/0.00/0 	max 504.17 mean 14.23
100 scores: min 3.00 	0.00/0.00/6/0.00/0 	max 505.67 mean 9.90
100 scores: min 3.00 	0.00/0.00/6/0.00/0 	max 12.01 mean 4.57
100 scores: min 3.00 	0.00/0.00/6/0.00/0 	max 510.83 mean 20.02
100 scores: min 3.00 	0.00/0.00/6/0.00/0 	max 508.24 mean 14.88
100 scores: min 3.00 	0.00/0.00/6/0.00/0 	max 505.17 mean 9.56
100 scores: min 3.00 	0.00/0.00/6/0.00/0 	max 13.50 mean 4.96
100 scores: min 3.00 	0.00/0.00/6/0.00/0 	max 11.02 mean 4.79
100 scores: min 3.00 	0.00/0.00/6/0.00/0 	max 1754.75 mean 26.89
100 scores: min 3.00 	0.00/0.00/6/0.00/0 	max 11.51 mean 4.19
100 scores: min 3.00 	0.00/0.00/6/0.00/0 	max 505.67 mean 14.34
100 scores: min 3.00 	0.00/0.00/6/0.00/0 	max 509.67 mean 24.76
100 scores: min 3.00 	0.00/0.00/6/0.00/0 	max 508.17 mean 39.64
100 scores: min 3.00 	0.00/0.00/6/0.00/0 	max 11.51 mean 3.98
100 scores: min 3.00 	0.00/0.00/6/0.00/0 	max 508.17 mean 14.58
100 scores: min 3.00 	0.00/0.00/6/0.00/0 	max 510.17 mean 9.30
100 scores: min 3.00 	0.00/0.00/6/0.00/0 	max 507.00 mean 19.37
100 scores: min 3.00 	0.00/0.00/6/0.00/0 	max 503.17 mean 9.33
100 scores: min 3.00 	0.00/0.00/6/0.00/0 	max 510.25 mean 24.68
100 scores: min 3.00 	0.00/0.00/6/0.00/0 	max 504.17 mean 9.77
100 scores: min 3.00 	0.00/0.00/6/0.00/0 	max 14.50 mean 4.28
100 scores: min 3.00 	0.00/0.00/6/0.00/0 	max 504.67 mean 9.80
100 scores: min 3.00 	0.00/0.00/6/0.00/0 	max 505.75 mean 24.86
100 scores: min 3.00 	0.00/0.00/6/0.00/0 	max 1008.75 mean 14.36
100 scores: min 3.00 	0.00/0.00/6/0.00/0 	max 506.67 mean 34.44
100 scores: min 3.00 	0.00/0.00/6/0.00/0 	max 12.01 mean 4.58
100 scores: min 3.00 	0.00/0.00/6/0.00/0 	max 12.12 mean 4.68
100 scores: min 3.00 	0.00/0.00/6/0.00/0 	max 504.67 mean 19.92
100 scores: min 3.00 	0.00/0.00/6/0.00/0 	max 13.50 mean 5.09
100 scores: min 3.00 	0.00/0.00/6/0.00/0 	max 511.42 mean 24.77
100 scores: min 3.00 	0.00/0.00/6/0.00/0 	max 13.50 mean 4.62
100 scores: min 3.00 	0.00/0.00/6/0.00/0 	max 13.00 mean 4.62
100 scores: min 3.00 	0.00/0.00/6/0.00/0 	max 15.00 mean 4.75
100 scores: min 3.00 	0.00/0.00/6/0.00/0 	max 510.67 mean 14.80
100 scores: min 3.00 	0.00/0.00/6/0.00/0 	max 11.51 mean 4.88
100 scores: min 3.00 	0.00/0.00/6/0.00/0 	max 11.01 mean 4.59
100 scores: min 3.00 	0.00/0.00/6/0.00/0 	max 508.17 mean 24.66
100 scores: min 3.00 	0.00/0.00/6/0.00/0 	max 11.51 mean 4.52
100 scores: min 3.00 	0.00/0.00/6/0.00/0 	max 510.17 mean 9.44
100 scores: min 3.00 	0.00/0.00/6/0.00/0 	max 510.67 mean 25.17
100 scores: min 3.00 	0.00/0.00/6/0.00/0 	max 511.67 mean 20.01
100 scores: min 3.00 	0.00/0.00/6/0.00/0 	max 511.13 mean 24.97
100 scores: min 3.00 	0.00/0.00/6/0.00/0 	max 510.17 mean 9.89
100 scores: min 3.00 	0.00/0.00/6/0.00/0 	max 503.17 mean 9.34
100 scores: min 3.00 	0.00/0.00/6/0.00/0 	max 511.33 mean 14.26
100 scores: min 3.00 	0.00/0.00/6/0.00/0 	max 504.67 mean 19.76
100 scores: min 3.00 	0.00/0.00/6/0.00/0 	max 505.67 mean 9.44
100 scores: min 3.00 	0.00/0.00/6/0.00/0 	max 509.33 mean 24.63
100 scores: min 3.00 	0.00/0.00/6/0.00/0 	max 1760.75 mean 37.25
100 scores: min 3.00 	0.00/0.00/6/0.00/0 	max 509.75 mean 24.45
100 scores: min 3.00 	0.00/0.00/6/0.00/0 	max 505.17 mean 15.06
100 scores: min 3.00 	0.00/0.00/6/0.00/0 	max 11.51 mean 4.48
100 scores: min 3.00 	0.00/0.00/6/0.00/0 	max 10.51 mean 4.64
100 scores: min 3.00 	0.00/0.00/6/0.00/0 	max 11.01 mean 5.16
100 scores: min 3.00 	0.00/0.00/6/0.00/0 	max 510.33 mean 9.65
100 scores: min 3.00 	0.00/0.00/6/0.00/0 	max 506.67 mean 14.95
100 scores: min 3.00 	0.00/0.00/6/0.00/0 	max 512.03 mean 14.86
100 scores: min 3.00 	0.00/0.00/6/0.00/0 	max 12.00 mean 4.94
100 scores: min 3.00 	0.00/0.00/6/0.00/0 	max 507.83 mean 10.02
100 scores: min 3.00 	0.00/0.00/6/0.00/0 	max 14.50 mean 5.05
100 scores: min 3.00 	0.00/0.00/6/0.00/0 	max 511.17 mean 24.69
100 scores: min 3.00 	0.00/0.00/6/0.00/0 	max 1004.04 mean 19.80
100 scores: min 3.00 	0.00/0.00/6/0.00/0 	max 10.51 mean 4.66
100 scores: min 3.00 	0.00/0.00/6/0.00/0 	max 508.83 mean 19.92
100 scores: min 3.00 	0.00/0.00/6/0.00/0 	max 509.33 mean 20.09
100 scores: min 3.00 	0.00/0.00/6/0.00/0 	max 507.83 mean 14.96
100 scores: min 3.00 	0.00/0.00/6/0.00/0 	max 504.67 mean 19.67
100 scores: min 3.00 	0.00/0.00/6/0.00/0 	max 10.51 mean 4.74
100 scores: min 3.00 	0.00/0.00/6/0.00/0 	max 505.58 mean 14.90
100 scores: min 3.00 	0.00/0.00/6/0.00/0 	max 505.67 mean 19.79
100 scores: min 3.00 	0.00/0.00/6/0.00/0 	max 14.00 mean 4.49
100 scores: min 3.00 	0.00/0.00/6/0.00/0 	max 13.00 mean 4.57
100 scores: min 3.00 	0.00/0.00/6/0.00/0 	max 504.67 mean 9.42
100 scores: min 3.00 	0.00/0.00/6/0.00/0 	max 14.50 mean 4.93
100 scores: min 3.00 	0.00/0.00/6/0.00/0 	max 511.31 mean 20.05
100 scores: min 3.00 	0.00/0.00/6/0.00/0 	max 504.67 mean 14.41
100 scores: min 3.00 	0.00/0.00/6/0.00/0 	max 509.81 mean 9.85
100 scores: min 3.00 	0.00/0.00/6/0.00/0 	max 504.17 mean 9.38
100 scores: min 3.00 	0.00/0.00/6/0.00/0 	max 510.17 mean 19.46
100 scores: min 3.00 	0.00/0.00/6/0.00/0 	max 511.31 mean 20.41
100 scores: min 3.00 	0.00/0.00/6/0.00/0 	max 506.67 mean 14.88
100 scores: min 3.00 	0.00/0.00/6/0.00/0 	max 510.83 mean 9.81
100 scores: min 3.00 	0.00/0.00/6/0.00/0 	max 510.17 mean 9.57
100 scores: min 3.00 	0.00/0.00/6/0.00/0 	max 504.67 mean 9.49
100 scores: min 3.00 	0.00/0.00/6/0.00/0 	max 509.67 mean 10.22
100 scores: min 3.00 	0.00/0.00/6/0.00/0 	max 505.67 mean 10.00
100 scores: min 3.00 	0.00/0.00/6/0.00/0 	max 504.67 mean 9.39
100 scores: min 3.00 	0.00/0.00/6/0.00/0 	max 509.17 mean 24.52
100 scores: min 3.00 	0.00/0.00/6/0.00/0 	max 511.17 mean 14.55
100 scores: min 3.00 	0.00/0.00/6/0.00/0 	max 14.50 mean 4.90
100 scores: min 3.00 	0.00/0.00/6/0.00/0 	max 509.67 mean 29.54
100 scores: min 3.00 	0.00/0.00/6/0.00/0 	max 506.17 mean 14.80
100 scores: min 3.00 	0.00/0.00/6/0.00/0 	max 511.17 mean 29.92
100 scores: min 3.00 	0.00/0.00/6/0.00/0 	max 510.67 mean 9.85
100 scores: min 3.00 	0.00/0.00/6/0.00/0 	max 12.02 mean 4.62
100 scores: min 3.00 	0.00/0.00/6/0.00/0 	max 510.67 mean 14.80
100 scores: min 3.00 	0.00/0.00/6/0.00/0 	max 504.67 mean 10.19
100 scores: min 3.00 	0.00/0.00/6/0.00/0 	max 504.67 mean 14.81
100 scores: min 3.00 	0.00/0.00/6/0.00/0 	max 504.67 mean 9.83
100 scores: min 3.00 	0.00/0.00/6/0.00/0 	max 13.00 mean 4.27
100 scores: min 3.00 	0.00/0.00/6/0.00/0 	max 504.67 mean 14.83
100 scores: min 3.00 	0.00/0.00/6/0.00/0 	max 14.50 mean 4.98
100 scores: min 3.00 	0.00/0.00/6/0.00/0 	max 505.67 mean 14.54
100 scores: min 3.00 	0.00/0.00/6/0.00/0 	max 505.67 mean 9.29
100 scores: min 3.00 	0.00/0.00/6/0.00/0 	max 508.67 mean 14.29
100 scores: min 3.00 	0.00/0.00/6/0.00/0 	max 509.83 mean 14.81
100 scores: min 3.00 	0.00/0.00/6/0.00/0 	max 506.17 mean 9.32
100 scores: min 3.00 	0.00/0.00/6/0.00/0 	max 511.17 mean 24.70
100 scores: min 3.00 	0.00/0.00/6/0.00/0 	max 510.75 mean 19.39
100 scores: min 3.00 	0.00/0.00/6/0.00/0 	max 506.17 mean 24.55
100 scores: min 3.00 	0.00/0.00/6/0.00/0 	max 508.67 mean 9.46
100 scores: min 3.00 	0.00/0.00/6/0.00/0 	max 506.67 mean 14.59
100 scores: min 3.00 	0.00/0.00/6/0.00/0 	max 12.00 mean 4.75
100 scores: min 3.00 	0.00/0.00/6/0.00/0 	max 11.62 mean 4.55
100 scores: min 3.00 	0.00/0.00/6/0.00/0 	max 504.67 mean 9.57
100 scores: min 3.00 	0.00/0.00/6/0.00/0 	max 13.50 mean 4.94
100 scores: min 3.00 	0.00/0.00/6/0.00/0 	max 505.67 mean 14.55
100 scores: min 3.00 	0.00/0.00/6/0.00/0 	max 511.83 mean 24.74
100 scores: min 3.00 	0.00/0.00/6/0.00/0 	max 12.01 mean 4.21
100 scores: min 3.00 	0.00/0.00/6/0.00/0 	max 17.00 mean 4.70
100 scores: min 3.00 	0.00/0.00/6/0.00/0 	max 508.17 mean 10.06
100 scores: min 3.00 	0.00/0.00/6/0.00/0 	max 11.51 mean 4.14
100 scores: min 3.00 	0.00/0.00/6/0.00/0 	max 12.00 mean 4.80
100 scores: min 3.00 	0.00/0.00/6/0.00/0 	max 505.17 mean 24.42
100 scores: min 3.00 	0.00/0.00/6/0.00/0 	max 511.24 mean 9.90
100 scores: min 3.00 	0.00/0.00/6/0.00/0 	max 16.00 mean 4.72
100 scores: min 3.00 	0.00/0.00/6/0.00/0 	max 505.17 mean 14.50
100 scores: min 3.00 	0.00/0.00/6/0.00/0 	max 13.50 mean 5.23
100 scores: min 3.00 	0.00/0.00/6/0.00/0 	max 511.17 mean 19.57
100 scores: min 3.00 	0.00/0.00/6/0.00/0 	max 506.17 mean 14.66
100 scores: min 3.00 	0.00/0.00/6/0.00/0 	max 11.51 mean 4.52
100 scores: min 3.00 	0.00/0.00/6/0.00/0 	max 510.33 mean 9.79
100 scores: min 3.00 	0.00/0.00/6/0.00/0 	max 509.92 mean 14.57
100 scores: min 3.00 	0.00/0.00/6/0.00/0 	max 509.08 mean 14.81
100 scores: min 3.00 	0.00/0.00/6/0.00/0 	max 504.83 mean 9.82
100 scores: min 3.00 	0.00/0.00/6/0.00/0 	max 12.00 mean 4.52
100 scores: min 3.00 	0.00/0.00/6/0.00/0 	max 504.17 mean 9.47
100 scores: min 3.00 	0.00/0.00/6/0.00/0 	max 504.17 mean 9.68
100 scores: min 3.00 	0.00/0.00/6/0.00/0 	max 505.67 mean 14.51
100 scores: min 3.00 	0.00/0.00/6/0.00/0 	max 11.51 mean 4.20
100 scores: min 3.00 	0.00/0.00/6/0.00/0 	max 508.83 mean 9.49
100 scores: min 3.00 	0.00/0.00/6/0.00/0 	max 11.01 mean 4.47
100 scores: min 3.00 	0.00/0.00/6/0.00/0 	max 11.51 mean 4.69
100 scores: min 3.00 	0.00/0.00/6/0.00/0 	max 505.67 mean 9.60
100 scores: min 3.00 	0.00/0.00/6/0.00/0 	max 13.00 mean 4.45
100 scores: min 3.00 	0.00/0.00/6/0.00/0 	max 509.33 mean 9.27
100 scores: min 3.00 	0.00/0.00/6/0.00/0 	max 509.17 mean 9.93
100 scores: min 3.00 	0.00/0.00/6/0.00/0 	max 12.01 mean 4.52
100 scores: min 3.00 	0.00/0.00/6/0.00/0 	max 504.33 mean 9.57
100 scores: min 3.00 	0.00/0.00/6/0.00/0 	max 13.50 mean 4.86
100 scores: min 3.00 	0.00/0.00/6/0.00/0 	max 19.00 mean 4.82
100 scores: min 3.00 	0.00/0.00/6/0.00/0 	max 1761.92 mean 22.24
100 scores: min 3.00 	0.00/0.00/6/0.00/0 	max 508.67 mean 9.55
100 scores: min 3.00 	0.00/0.00/6/0.00/0 	max 504.67 mean 19.63
100 scores: min 3.00 	0.00/0.00/6/0.00/0 	max 13.00 mean 4.45
100 scores: min 3.00 	0.00/0.00/6/0.00/0 	max 14.50 mean 5.25
100 scores: min 3.00 	0.00/0.00/6/0.00/0 	max 505.17 mean 9.61
100 scores: min 3.00 	0.00/0.00/6/0.00/0 	max 11.51 mean 4.69
100 scores: min 3.00 	0.00/0.00/6/0.00/0 	max 506.67 mean 9.54
100 scores: min 3.00 	0.00/0.00/6/0.00/0 	max 510.25 mean 19.79
100 scores: min 3.00 	0.00/0.00/6/0.00/0 	max 513.31 mean 19.64
100 scores: min 3.00 	0.00/0.00/6/0.00/0 	max 1759.92 mean 37.07
100 scores: min 3.00 	0.00/0.00/6/0.00/0 	max 506.67 mean 19.65
100 scores: min 3.00 	0.00/0.00/6/0.00/0 	max 505.52 mean 9.72
100 scores: min 3.00 	0.00/0.00/6/0.00/0 	max 510.17 mean 24.81
100 scores: min 3.00 	0.00/0.00/6/0.00/0 	max 504.17 mean 9.42
100 scores: min 3.00 	0.00/0.00/6/0.00/0 	max 504.67 mean 8.93
100 scores: min 3.00 	0.00/0.00/6/0.00/0 	max 511.83 mean 215.00
100 scores: min 3.00 	0.00/0.00/6/0.00/0 	max 510.83 mean 95.02
100 scores: min 3.00 	0.00/0.00/6/0.00/0 	max 509.63 mean 14.40
100 scores: min 3.00 	0.00/0.00/6/0.00/0 	max 510.83 mean 24.64
100 scores: min 3.00 	0.00/0.00/6/0.00/0 	max 504.67 mean 9.74
100 scores: min 3.00 	0.00/0.00/6/0.00/0 	max 510.50 mean 19.54
100 scores: min 3.00 	0.00/0.00/6/0.00/0 	max 11.51 mean 4.31
100 scores: min 3.00 	0.00/0.00/6/0.00/0 	max 12.50 mean 4.80
100 scores: min 3.00 	0.00/0.00/6/0.00/0 	max 11.51 mean 4.40
100 scores: min 3.00 	0.00/0.00/6/0.00/0 	max 512.50 mean 10.26
100 scores: min 3.00 	0.00/0.00/6/0.00/0 	max 505.25 mean 14.91
100 scores: min 3.00 	0.00/0.00/6/0.00/0 	max 504.83 mean 9.25
100 scores: min 3.00 	0.00/0.00/6/0.00/0 	max 504.58 mean 9.35
100 scores: min 3.00 	0.00/0.00/6/0.00/0 	max 504.67 mean 14.44
100 scores: min 3.00 	0.00/0.00/6/0.00/0 	max 508.03 mean 14.90
100 scores: min 3.00 	0.00/0.00/6/0.00/0 	max 509.33 mean 9.84
100 scores: min 3.00 	0.00/0.00/6/0.00/0 	max 505.17 mean 19.59
100 scores: min 3.00 	0.00/0.00/6/0.00/0 	max 509.83 mean 19.73
100 scores: min 3.00 	0.00/0.00/6/0.00/0 	max 511.03 mean 14.65
100 scores: min 3.00 	0.00/0.00/6/0.00/0 	max 504.67 mean 9.74
100 scores: min 3.00 	0.00/0.00/6/0.00/0 	max 504.53 mean 14.47
100 scores: min 3.00 	0.00/0.00/6/0.00/0 	max 504.67 mean 9.45
100 scores: min 3.00 	0.00/0.00/6/0.00/0 	max 506.17 mean 15.39
100 scores: min 3.00 	0.00/0.00/6/0.00/0 	max 503.67 mean 14.87
100 scores: min 3.00 	0.00/0.00/6/0.00/0 	max 506.67 mean 19.48
100 scores: min 3.00 	0.00/0.00/6/0.00/0 	max 510.17 mean 9.86
100 scores: min 3.00 	0.00/0.00/6/0.00/0 	max 505.17 mean 14.32
100 scores: min 3.00 	0.00/0.00/6/0.00/0 	max 503.17 mean 9.79
100 scores: min 3.00 	0.00/0.00/6/0.00/0 	max 506.17 mean 19.66
100 scores: min 3.00 	0.00/0.00/6/0.00/0 	max 504.67 mean 14.50
100 scores: min 3.00 	0.00/0.00/6/0.00/0 	max 509.00 mean 20.21
100 scores: min 3.00 	0.00/0.00/6/0.00/0 	max 11.01 mean 4.39
100 scores: min 3.00 	0.00/0.00/6/0.00/0 	max 504.67 mean 14.68
100 scores: min 3.00 	0.00/0.00/6/0.00/0 	max 13.50 mean 4.52
100 scores: min 3.00 	0.00/0.00/6/0.00/0 	max 510.17 mean 19.58
100 scores: min 3.00 	0.00/0.00/6/0.00/0 	max 503.67 mean 9.85
100 scores: min 3.00 	0.00/0.00/6/0.00/0 	max 17.00 mean 5.02
100 scores: min 3.00 	0.00/0.00/6/0.00/0 	max 503.17 mean 9.65
100 scores: min 3.00 	0.00/0.00/6/0.00/0 	max 15.00 mean 4.87
100 scores: min 3.00 	0.00/0.00/6/0.00/0 	max 512.50 mean 19.48
100 scores: min 3.00 	0.00/0.00/6/0.00/0 	max 509.17 mean 24.49
100 scores: min 3.00 	0.00/0.00/6/0.00/0 	max 504.17 mean 9.38
100 scores: min 3.00 	0.00/0.00/6/0.00/0 	max 504.67 mean 9.49
100 scores: min 3.00 	0.00/0.00/6/0.00/0 	max 504.17 mean 9.73
100 scores: min 3.00 	0.00/0.00/6/0.00/0 	max 506.67 mean 19.59
100 scores: min 3.00 	0.00/0.00/6/0.00/0 	max 12.00 mean 4.65
100 scores: min 3.00 	0.00/0.00/6/0.00/0 	max 505.67 mean 14.84
100 scores: min 3.00 	0.00/0.00/6/0.00/0 	max 503.67 mean 9.90
100 scores: min 3.00 	0.00/0.00/6/0.00/0 	max 14.50 mean 4.57
100 scores: min 3.00 	0.00/0.00/6/0.00/0 	max 511.52 mean 19.42
100 scores: min 3.00 	0.00/0.00/6/0.00/0 	max 504.67 mean 9.42
100 scores: min 3.00 	0.00/0.00/6/0.00/0 	max 14.00 mean 4.40
100 scores: min 3.00 	0.00/0.00/6/0.00/0 	max 504.67 mean 19.43
100 scores: min 3.00 	0.00/0.00/6/0.00/0 	max 504.75 mean 14.94
100 scores: min 3.00 	0.00/0.00/6/0.00/0 	max 504.67 mean 9.23
100 scores: min 3.00 	0.00/0.00/6/0.00/0 	max 510.17 mean 19.55
100 scores: min 3.00 	0.00/0.00/6/0.00/0 	max 13.00 mean 4.46
100 scores: min 3.00 	0.00/0.00/6/0.00/0 	max 12.01 mean 4.77
100 scores: min 3.00 	0.00/0.00/6/0.00/0 	max 504.53 mean 9.21
100 scores: min 3.00 	0.00/0.00/6/0.00/0 	max 508.52 mean 14.42
100 scores: min 3.00 	0.00/0.00/6/0.00/0 	max 509.67 mean 9.94
100 scores: min 3.00 	0.00/0.00/6/0.00/0 	max 505.83 mean 14.62
100 scores: min 3.00 	0.00/0.00/6/0.00/0 	max 13.00 mean 4.60
100 scores: min 3.00 	0.00/0.00/6/0.00/0 	max 508.83 mean 19.81
100 scores: min 3.00 	0.00/0.00/6/0.00/0 	max 504.75 mean 9.48
100 scores: min 3.00 	0.00/0.00/6/0.00/0 	max 504.17 mean 9.69
100 scores: min 3.00 	0.00/0.00/6/0.00/0 	max 514.74 mean 14.92
100 scores: min 3.00 	0.00/0.00/6/0.00/0 	max 508.67 mean 9.99
100 scores: min 3.00 	0.00/0.00/6/0.00/0 	max 505.67 mean 19.18
100 scores: min 3.00 	0.00/0.00/6/0.00/0 	max 511.52 mean 34.72
100 scores: min 3.00 	0.00/0.00/6/0.00/0 	max 504.67 mean 14.19
100 scores: min 3.00 	0.00/0.00/6/0.00/0 	max 1009.39 mean 14.59
100 scores: min 3.00 	0.00/0.00/6/0.00/0 	max 509.67 mean 19.52
100 scores: min 3.00 	0.00/0.00/6/0.00/0 	max 510.00 mean 24.46
100 scores: min 3.00 	0.00/0.00/6/0.00/0 	max 504.67 mean 10.02
100 scores: min 3.00 	0.00/0.00/6/0.00/0 	max 511.52 mean 34.71
100 scores: min 3.00 	0.00/0.00/6/0.00/0 	max 512.17 mean 14.41
100 scores: min 3.00 	0.00/0.00/6/0.00/0 	max 511.02 mean 24.59
100 scores: min 3.00 	0.00/0.00/6/0.00/0 	max 511.50 mean 14.41
100 scores: min 3.00 	0.00/0.00/6/0.00/0 	max 510.17 mean 14.44
100 scores: min 3.00 	0.00/0.00/6/0.00/0 	max 505.17 mean 9.51
100 scores: min 3.00 	0.00/0.00/6/0.00/0 	max 504.67 mean 14.29
100 scores: min 3.00 	0.00/0.00/6/0.00/0 	max 503.52 mean 9.76
100 scores: min 3.00 	0.00/0.00/6/0.00/0 	max 19.50 mean 4.88
100 scores: min 3.00 	0.00/0.00/6/0.00/0 	max 510.50 mean 9.71
100 scores: min 3.00 	0.00/0.00/6/0.00/0 	max 13.00 mean 4.97
100 scores: min 3.00 	0.00/0.00/6/0.00/0 	max 11.50 mean 4.75
100 scores: min 3.00 	0.00/0.00/6/0.00/0 	max 505.17 mean 14.73
100 scores: min 3.00 	0.00/0.00/6/0.00/0 	max 504.67 mean 14.37
100 scores: min 3.00 	0.00/0.00/6/0.00/0 	max 511.00 mean 19.54
100 scores: min 3.00 	0.00/0.00/6/0.00/0 	max 508.02 mean 24.35
100 scores: min 3.00 	0.00/0.00/6/0.00/0 	max 1761.08 mean 52.13
100 scores: min 3.00 	0.00/0.00/6/0.00/0 	max 510.42 mean 19.81
100 scores: min 3.00 	0.00/0.00/6/0.00/0 	max 511.52 mean 44.94
100 scores: min 3.00 	0.00/0.00/6/0.00/0 	max 1008.03 mean 64.89
100 scores: min 3.00 	0.00/0.00/6/0.00/0 	max 1011.00 mean 65.14
100 scores: min 3.00 	0.00/0.00/6/0.00/0 	max 509.67 mean 24.58
100 scores: min 3.00 	0.00/0.00/6/0.00/0 	max 507.02 mean 19.53
100 scores: min 3.00 	0.00/0.00/6/0.00/0 	max 503.17 mean 19.46
100 scores: min 3.00 	0.00/0.00/6/0.00/0 	max 510.52 mean 34.46
100 scores: min 3.00 	0.00/0.00/6/0.00/0 	max 509.67 mean 9.35
100 scores: min 3.00 	0.00/0.00/6/0.00/0 	max 511.83 mean 29.15
100 scores: min 3.00 	0.00/0.00/6/0.00/0 	max 508.00 mean 9.56
100 scores: min 3.00 	0.00/0.00/6/0.00/0 	max 508.67 mean 14.71
100 scores: min 3.00 	0.00/0.00/6/0.00/0 	max 504.67 mean 14.88
100 scores: min 3.00 	0.00/0.00/6/0.00/0 	max 508.83 mean 9.94
100 scores: min 3.00 	0.00/0.00/6/0.00/0 	max 505.50 mean 19.50
100 scores: min 3.00 	0.00/0.00/6/0.00/0 	max 510.67 mean 14.33
100 scores: min 3.00 	0.00/0.00/6/0.00/0 	max 510.53 mean 8.97
100 scores: min 3.00 	0.00/0.00/6/0.00/0 	max 504.67 mean 9.65
100 scores: min 3.00 	0.00/0.00/6/0.00/0 	max 509.50 mean 24.56
100 scores: min 3.00 	0.00/0.00/6/0.00/0 	max 11.51 mean 4.92
100 scores: min 3.00 	0.00/0.00/6/0.00/0 	max 505.83 mean 19.31
100 scores: min 3.00 	0.00/0.00/6/0.00/0 	max 504.67 mean 19.37
100 scores: min 3.00 	0.00/0.00/6/0.00/0 	max 510.33 mean 19.39
100 scores: min 3.00 	0.00/0.00/6/0.00/0 	max 510.67 mean 14.60
100 scores: min 3.00 	0.00/0.00/6/0.00/0 	max 505.67 mean 9.62
100 scores: min 3.00 	0.00/0.00/6/0.00/0 	max 511.17 mean 14.75
100 scores: min 3.00 	0.00/0.00/6/0.00/0 	max 504.67 mean 14.52
100 scores: min 3.00 	0.00/0.00/6/0.00/0 	max 11.51 mean 4.62
100 scores: min 3.00 	0.00/0.00/6/0.00/0 	max 505.67 mean 9.94
100 scores: min 3.00 	0.00/0.00/6/0.00/0 	max 508.17 mean 14.23
100 scores: min 3.00 	0.00/0.00/6/0.00/0 	max 14.00 mean 5.06
100 scores: min 3.00 	0.00/0.00/6/0.00/0 	max 504.67 mean 9.74
100 scores: min 3.00 	0.00/0.00/6/0.00/0 	max 504.67 mean 14.27
100 scores: min 3.00 	0.00/0.00/6/0.00/0 	max 12.01 mean 4.57
100 scores: min 3.00 	0.00/0.00/6/0.00/0 	max 511.50 mean 14.52
100 scores: min 3.00 	0.00/0.00/6/0.00/0 	max 11.51 mean 4.33
100 scores: min 3.00 	0.00/0.00/6/0.00/0 	max 510.00 mean 14.77
100 scores: min 3.00 	0.00/0.00/6/0.00/0 	max 511.50 mean 14.79
100 scores: min 3.00 	0.00/0.00/6/0.00/0 	max 504.67 mean 9.53
100 scores: min 3.00 	0.00/0.00/6/0.00/0 	max 505.52 mean 14.33
100 scores: min 3.00 	0.00/0.00/6/0.00/0 	max 504.17 mean 9.10
100 scores: min 3.00 	0.00/0.00/6/0.00/0 	max 510.17 mean 24.37
100 scores: min 3.00 	0.00/0.00/6/0.00/0 	max 11.01 mean 4.38
100 scores: min 3.00 	0.00/0.00/6/0.00/0 	max 505.67 mean 34.55
100 scores: min 3.00 	0.00/0.00/6/0.00/0 	max 14.50 mean 4.42
100 scores: min 3.00 	0.00/0.00/6/0.00/0 	max 505.25 mean 14.68
100 scores: min 3.00 	0.00/0.00/6/0.00/0 	max 503.17 mean 9.69
100 scores: min 3.00 	0.00/0.00/6/0.00/0 	max 2263.09 mean 31.99
100 scores: min 3.00 	0.00/0.00/6/0.00/0 	max 512.00 mean 20.04
100 scores: min 3.00 	0.00/0.00/6/0.00/0 	max 510.58 mean 19.81
100 scores: min 3.00 	0.00/0.00/6/0.00/0 	max 11.51 mean 4.38
100 scores: min 3.00 	0.00/0.00/6/0.00/0 	max 504.67 mean 14.92
100 scores: min 3.00 	0.00/0.00/6/0.00/0 	max 503.17 mean 14.97
100 scores: min 3.00 	0.00/0.00/6/0.00/0 	max 509.33 mean 19.29
100 scores: min 3.00 	0.00/0.00/6/0.00/0 	max 508.17 mean 24.30
100 scores: min 3.00 	0.00/0.00/6/0.00/0 	max 504.75 mean 19.77
100 scores: min 3.00 	0.00/0.00/6/0.00/0 	max 504.75 mean 14.40
100 scores: min 3.00 	0.00/0.00/6/0.00/0 	max 503.33 mean 14.31
100 scores: min 3.00 	0.00/0.00/6/0.00/0 	max 509.17 mean 9.58
100 scores: min 3.00 	0.00/0.00/6/0.00/0 	max 12.01 mean 4.42
100 scores: min 3.00 	0.00/0.00/6/0.00/0 	max 16.50 mean 5.21
100 scores: min 3.00 	0.00/0.00/6/0.00/0 	max 505.17 mean 9.58
100 scores: min 3.00 	0.00/0.00/6/0.00/0 	max 505.67 mean 14.72
100 scores: min 3.00 	0.00/0.00/6/0.00/0 	max 506.67 mean 9.45
100 scores: min 3.00 	0.00/0.00/6/0.00/0 	max 503.17 mean 9.59
100 scores: min 3.00 	0.00/0.00/6/0.00/0 	max 504.67 mean 14.82
100 scores: min 3.00 	0.00/0.00/6/0.00/0 	max 12.01 mean 4.57
100 scores: min 3.00 	0.00/0.00/6/0.00/0 	max 503.17 mean 9.51
100 scores: min 3.00 	0.00/0.00/6/0.00/0 	max 504.17 mean 9.64
100 scores: min 3.00 	0.00/0.00/6/0.00/0 	max 504.67 mean 14.54
100 scores: min 3.00 	0.00/0.00/6/0.00/0 	max 505.67 mean 14.98
100 scores: min 3.00 	0.00/0.00/6/0.00/0 	max 511.83 mean 14.89
100 scores: min 3.00 	0.00/0.00/6/0.00/0 	max 504.67 mean 8.96
100 scores: min 3.00 	0.00/0.00/6/0.00/0 	max 511.74 mean 14.81
100 scores: min 3.00 	0.00/0.00/6/0.00/0 	max 506.17 mean 14.79
100 scores: min 3.00 	0.00/0.00/6/0.00/0 	max 510.67 mean 14.44
100 scores: min 3.00 	0.00/0.00/6/0.00/0 	max 12.01 mean 4.56
100 scores: min 3.00 	0.00/0.00/6/0.00/0 	max 512.00 mean 9.71
100 scores: min 3.00 	0.00/0.00/6/0.00/0 	max 11.51 mean 4.21
100 scores: min 3.00 	0.00/0.00/6/0.00/0 	max 504.67 mean 9.19
100 scores: min 3.00 	0.00/0.00/6/0.00/0 	max 503.33 mean 10.16
100 scores: min 3.00 	0.00/0.00/6/0.00/0 	max 510.00 mean 14.73
100 scores: min 3.00 	0.00/0.00/6/0.00/0 	max 508.08 mean 9.35
100 scores: min 3.00 	0.00/0.00/6/0.00/0 	max 512.24 mean 19.44
100 scores: min 3.00 	0.00/0.00/6/0.00/0 	max 508.83 mean 19.60
100 scores: min 3.00 	0.00/0.00/6/0.00/0 	max 11.01 mean 4.18
100 scores: min 3.00 	0.00/0.00/6/0.00/0 	max 507.50 mean 9.89
100 scores: min 3.00 	0.00/0.00/6/0.00/0 	max 508.83 mean 9.31
100 scores: min 3.00 	0.00/0.00/6/0.00/0 	max 505.67 mean 24.34
100 scores: min 3.00 	0.00/0.00/6/0.00/0 	max 13.50 mean 4.56
100 scores: min 3.00 	0.00/0.00/6/0.00/0 	max 510.33 mean 15.20
100 scores: min 3.00 	0.00/0.00/6/0.00/0 	max 504.67 mean 15.06
100 scores: min 3.00 	0.00/0.00/6/0.00/0 	max 503.17 mean 9.94
100 scores: min 3.00 	0.00/0.00/6/0.00/0 	max 12.01 mean 4.44
100 scores: min 3.00 	0.00/0.00/6/0.00/0 	max 508.17 mean 13.98
100 scores: min 3.00 	0.00/0.00/6/0.00/0 	max 510.58 mean 19.70
100 scores: min 3.00 	0.00/0.00/6/0.00/0 	max 505.17 mean 24.59
100 scores: min 3.00 	0.00/0.00/6/0.00/0 	max 504.67 mean 15.23
100 scores: min 3.00 	0.00/0.00/6/0.00/0 	max 508.83 mean 9.96
100 scores: min 3.00 	0.00/0.00/6/0.00/0 	max 509.33 mean 9.68
100 scores: min 3.00 	0.00/0.00/6/0.00/0 	max 505.17 mean 14.55
100 scores: min 3.00 	0.00/0.00/6/0.00/0 	max 509.75 mean 19.65
100 scores: min 3.00 	0.00/0.00/6/0.00/0 	max 10.51 mean 4.29
100 scores: min 3.00 	0.00/0.00/6/0.00/0 	max 507.17 mean 19.92
100 scores: min 3.00 	0.00/0.00/6/0.00/0 	max 509.50 mean 29.99
100 scores: min 3.00 	0.00/0.00/6/0.00/0 	max 504.67 mean 14.71
100 scores: min 3.00 	0.00/0.00/6/0.00/0 	max 511.83 mean 19.34
100 scores: min 3.00 	0.00/0.00/6/0.00/0 	max 508.17 mean 9.64
100 scores: min 3.00 	0.00/0.00/6/0.00/0 	max 505.83 mean 9.22
100 scores: min 3.00 	0.00/0.00/6/0.00/0 	max 14.00 mean 4.73
100 scores: min 3.00 	0.00/0.00/6/0.00/0 	max 512.25 mean 24.67
100 scores: min 3.00 	0.00/0.00/6/0.00/0 	max 511.52 mean 19.53
100 scores: min 3.00 	0.00/0.00/6/0.00/0 	max 503.17 mean 9.37
100 scores: min 3.00 	0.00/0.00/6/0.00/0 	max 505.67 mean 19.74
100 scores: min 3.00 	0.00/0.00/6/0.00/0 	max 503.17 mean 9.64
100 scores: min 3.00 	0.00/0.00/6/0.00/0 	max 509.52 mean 14.93
100 scores: min 3.00 	0.00/0.00/6/0.00/0 	max 510.17 mean 14.47
100 scores: min 3.00 	0.00/0.00/6/0.00/0 	max 510.67 mean 24.59
100 scores: min 3.00 	0.00/0.00/6/0.00/0 	max 503.17 mean 9.43
100 scores: min 3.00 	0.00/0.00/6/0.00/0 	max 504.67 mean 24.32
100 scores: min 3.00 	0.00/0.00/6/0.00/0 	max 511.17 mean 279.19
100 scores: min 3.00 	0.00/0.00/6/0.00/0 	max 510.67 mean 284.45
100 scores: min 3.00 	0.00/0.00/6/0.00/0 	max 1004.54 mean 184.55
100 scores: min 3.00 	0.00/0.00/6/0.00/0 	max 511.67 mean 309.86
100 scores: min 3.00 	0.00/0.00/6/0.00/0 	max 510.67 mean 269.52
100 scores: min 3.00 	0.00/0.00/6/0.00/0 	max 510.67 mean 289.89
100 scores: min 3.00 	0.00/0.00/6/0.00/0 	max 515.81 mean 309.69
100 scores: min 3.00 	0.00/0.00/6/0.00/0 	max 512.67 mean 295.08
100 scores: min 3.00 	0.00/0.00/6/0.00/0 	max 510.17 mean 284.92
100 scores: min 3.00 	0.00/0.00/6/0.00/0 	max 512.17 mean 294.48
100 scores: min 3.00 	0.00/0.00/6/0.00/0 	max 511.17 mean 299.58
100 scores: min 3.00 	0.00/0.00/6/0.00/0 	max 510.67 mean 310.27
100 scores: min 3.00 	0.00/0.00/6/0.00/0 	max 511.17 mean 299.61
100 scores: min 3.00 	0.00/0.00/6/0.00/0 	max 510.17 mean 275.01
100 scores: min 3.00 	0.00/0.00/6/0.00/0 	max 511.17 mean 304.86
100 scores: min 3.00 	0.00/0.00/6/0.00/0 	max 511.17 mean 310.46
100 scores: min 3.00 	0.00/0.00/6/0.00/0 	max 511.67 mean 284.80
100 scores: min 3.00 	0.00/0.00/6/0.00/0 	max 510.67 mean 314.60
100 scores: min 3.00 	0.00/0.00/6/0.00/0 	max 510.67 mean 299.83
100 scores: min 3.00 	0.00/0.00/6/0.00/0 	max 511.67 mean 324.78
100 scores: min 3.00 	0.00/0.00/6/0.00/0 	max 510.67 mean 334.44
100 scores: min 3.00 	0.00/0.00/6/0.00/0 	max 511.17 mean 339.76
100 scores: min 3.00 	0.00/0.00/6/0.00/0 	max 509.67 mean 299.46
100 scores: min 3.00 	0.00/0.00/6/0.00/0 	max 14.00 mean 4.43
100 scores: min 3.00 	0.00/0.00/6/0.00/0 	max 11.51 mean 4.53
100 scores: min 3.00 	0.00/0.00/6/0.00/0 	max 11.01 mean 4.47
100 scores: min 3.00 	0.00/0.00/6/0.00/0 	max 504.17 mean 8.95
100 scores: min 3.00 	0.00/0.00/6/0.00/0 	max 503.33 mean 9.33
100 scores: min 3.00 	0.00/0.00/6/0.00/0 	max 11.50 mean 4.47
100 scores: min 3.00 	0.00/0.00/6/0.00/0 	max 16.50 mean 4.70
100 scores: min 3.00 	0.00/0.00/6/0.00/0 	max 509.17 mean 19.64
100 scores: min 3.00 	0.00/0.00/6/0.00/0 	max 15.00 mean 4.66
100 scores: min 3.00 	0.00/0.00/6/0.00/0 	max 11.51 mean 4.54
100 scores: min 3.00 	0.00/0.00/6/0.00/0 	max 508.83 mean 9.36
100 scores: min 3.00 	0.00/0.00/6/0.00/0 	max 16.00 mean 4.35
100 scores: min 3.00 	0.00/0.00/6/0.00/0 	max 510.17 mean 9.63
100 scores: min 3.00 	0.00/0.00/6/0.00/0 	max 512.33 mean 19.81
100 scores: min 3.00 	0.00/0.00/6/0.00/0 	max 504.67 mean 14.20
100 scores: min 3.00 	0.00/0.00/6/0.00/0 	max 505.17 mean 9.69
100 scores: min 3.00 	0.00/0.00/6/0.00/0 	max 506.58 mean 9.94
100 scores: min 3.00 	0.00/0.00/6/0.00/0 	max 508.67 mean 19.17
100 scores: min 3.00 	0.00/0.00/6/0.00/0 	max 505.67 mean 9.53
100 scores: min 3.00 	0.00/0.00/6/0.00/0 	max 510.67 mean 10.12
100 scores: min 3.00 	0.00/0.00/6/0.00/0 	max 505.17 mean 14.51
100 scores: min 3.00 	0.00/0.00/6/0.00/0 	max 510.58 mean 15.05
100 scores: min 3.00 	0.00/0.00/6/0.00/0 	max 15.50 mean 4.31
100 scores: min 3.00 	0.00/0.00/6/0.00/0 	max 505.17 mean 14.65
100 scores: min 3.00 	0.00/0.00/6/0.00/0 	max 509.33 mean 14.67
100 scores: min 3.00 	0.00/0.00/6/0.00/0 	max 12.00 mean 4.43
100 scores: min 3.00 	0.00/0.00/6/0.00/0 	max 509.83 mean 9.47
All static routes:
	1874:2:65536	1874:2:65536	1684:1:65536	1592:1:65536	1778:1:65536	1730:1:65536	1826:1:65536	1638:1:65536	1803:1:65536	1754:1:65536	1916:1:65536	1850:1:65536	1210:1:16	1104:1:16	1239:1:16	1361:1:16	1133:1:16	1051:1:16	1186:1:16	1080:1:16	1157:1:16	1314:5:1	1314:5:1	1314:5:1	1314:5:1	1314:5:1	1500:1:1	1408:1:1	1546:1:1	1454:1:1	1287:1:1
All dynamic routes:

Best score is 3.00
Used 0 VCs for endpoint coloring.
	Used 0 VCs.
[[32mproute[0m] 	Used 0 VCs.
[[32mproute[0m] 
StatHopsScal: 112,DynHopsScal: 0,StatHopsVec: 1966080,DynHopsVec: 0
[pir] Finished 66-PlastisimPlacementCodegen to [36mfinal.place[0m in 174776.87998ms
[pir] Running 67-PlastisimDotCodegen ...[pir] Finished 67-PlastisimDotCodegen to [36mpsim.dot[0m in 492.74883ms
[pir] Running 68-PlastisimConfigCodegen ...[[33mcommand[0m] ln -f /home/yaqiz/plastisim/configs/mesh_generic.cfg /home/yaqiz/plastisim/configs/finals/TPCHQ6__N_1048576_ts_65536_op_1_psim_D_v2_s4/
[[33mpsim[0m] /home/yaqiz/plastisim/plastisim -f /home/yaqiz/plastisim/configs/finals/TPCHQ6__N_1048576_ts_65536_op_1_psim_D_v2_s4/config.psim -p /home/yaqiz/plastisim/configs/finals/TPCHQ6__N_1048576_ts_65536_op_1_psim_D_v2_s4/final.place -c 100000000 -l B -w 512 -q1
[[33mpsim[0m] log in /home/yaqiz/pir/out/TPCHQ6__N_1048576_ts_65536_op_1_psim_D_v2_s4/psim.log
Set non-priority VC slowdown to 1
Changing to config directory: /home/yaqiz/plastisim/configs/finals/TPCHQ6__N_1048576_ts_65536_op_1_psim_D_v2_s4
Constructing NetworkLink.
Constructing NetworkLink.
Constructing NetworkLink.
Constructing NetworkLink.
Constructing NetworkLink.
Constructing NetworkLink.
Constructing NetworkLink.
Constructing NetworkLink.
Constructing NetworkLink.
Constructing NetworkLink.
Constructing NetworkLink.
Constructing NetworkLink.
Constructing NetworkLink.
Constructing NetworkLink.
Constructing NetworkLink.
Constructing NetworkLink.
Constructing NetworkLink.
Constructing NetworkLink.
Constructing NetworkLink.
Constructing NetworkLink.
Constructing NetworkLink.
Constructing NetworkLink.
Constructing NetworkLink.
Constructing NetworkLink.
Constructing NetworkLink.
Constructing NetworkLink.
Added all names to the symbol table.
Adding static hop for route 1874 (606->927, lat 1).
Adding static hop for route 1874 (606->928, lat 3).
Adding static hop for route 1684 (204->606, lat 4).
Adding static hop for route 1592 (81->604, lat 1).
Adding static hop for route 1778 (604->925, lat 3).
Adding static hop for route 1730 (265->607, lat 3).
Adding static hop for route 1826 (605->927, lat 3).
Adding static hop for route 1638 (143->605, lat 4).
Adding static hop for route 1803 (607->927, lat 1).
Adding static hop for route 1754 (927->924, lat 2).
Adding static hop for route 1916 (925->928, lat 4).
Adding static hop for route 1850 (928->927, lat 2).
Adding static hop for route 1210 (601->265, lat 1).
Adding static hop for route 1104 (595->143, lat 1).
Adding static hop for route 1239 (601->265, lat 1).
Adding static hop for route 1361 (924->586, lat 1).
Adding static hop for route 1133 (595->143, lat 1).
Adding static hop for route 1051 (592->81, lat 1).
Adding static hop for route 1186 (598->204, lat 1).
Adding static hop for route 1080 (592->81, lat 1).
Adding static hop for route 1157 (598->204, lat 1).
Adding static hop for route 1314 (452->598, lat 1).
Adding static hop for route 1314 (452->586, lat 4).
Adding static hop for route 1314 (452->592, lat 5).
Adding static hop for route 1314 (452->601, lat 6).
Adding static hop for route 1314 (452->595, lat 5).
Adding static hop for route 1500 (452->598, lat 4).
Adding static hop for route 1408 (452->592, lat 5).
Adding static hop for route 1546 (452->601, lat 6).
Adding static hop for route 1454 (452->595, lat 5).
Adding static hop for route 1287 (586->452, lat 1).
Printing hop routes
0	1051: X, vc0
	1080: X, vc1
	1314: X, vc2
	1500: X, vc3
1	1592: X, vc0
3	1314: X, vc1
	1361: X, vc0
4	1287: X, vc0
9	1104: X, vc0
	1133: X, vc1
Error setting saddr = 4
	1314: X, vc2
	1454: X, vc3
16	1157: X, vc1
	1186: X, vc0
	1314: X, vc2
	1408: X, vc3
19	1754: X, vc0
20	1684: X, vc0
22	1638: X, vc0
32	1210: X, vc0
	1239: X, vc1
	1314: X, vc2
	1546: X, vc3
35	1730: X, vc0
36	1803: X, vc2
	1826: X, vc1
	1850: X, vc3
	1874: X, vc0
49	1778: X, vc0
53	1874: X, vc0
	1916: X, vc1
Parsed placement file.
Set ejection VC at addr 16 to 3
Link specified in placement file.
Changing link to static with placed latencies.
Set lat 5 from 0 to 0
Set ejection VC at addr 9 to 3
Link specified in placement file.
Changing link to static with placed latencies.
Error setting daddr = 16
Set lat 5 from 0 to 0
Error setting class = 3
Set ejection VC at addr 0 to 3
Error setting lat = 5
Link specified in placement file.
Error setting saddr = 4
Changing link to static with placed latencies.
Set lat 4 from 0 to 0
Set ejection VC at addr 32 to 3
Link specified in placement file.
Changing link to static with placed latencies.
Set lat 6 from 0 to 0
Set ejection VC at addr 36 to 1
Link specified in placement file.
Changing link to static with placed latencies.
Set lat 3 from 0 to 0
Set ejection VC at addr 49 to 0
Error setting daddr = 9
Link specified in placement file.
Error setting class = 3
Changing link to static with placed latencies.
Error setting lat = 5
Set lat 3 from 0 to 0
Error setting saddr = 4
Set ejection VC at addr 35 to 0
Error setting daddr = 0
Link specified in placement file.
Changing link to static with placed latencies.
Set lat 3 from 0 to 0
Set ejection VC at addr 20 to 0
Link specified in placement file.
Changing link to static with placed latencies.
Set lat 4 from 0 to 0
Set ejection VC at addr 22 to 0
Link specified in placement file.
Changing link to static with placed latencies.
Set lat 4 from 0 to 0
Set ejection VC at addr 1 to 0
Link specified in placement file.
Error setting class = 3
Changing link to static with placed latencies.
Error setting lat = 4
Set lat 1 from 0 to 0
Error setting saddr = 4
Set ejection VC at addr 36 to 2
Error setting daddr = 32
Link specified in placement file.
Error setting class = 3
Changing link to static with placed latencies.
Set lat 1 from 0 to 0
Set ejection VC at addr 53 to 1
Link specified in placement file.
Error setting lat = 6
Changing link to static with placed latencies.
Error setting saddr = 22
Set lat 4 from 0 to 0
Error setting daddr = 36
Set ejection VC at addr 36 to 3
Error setting class = 1
Link specified in placement file.
Error setting lat = 3
Changing link to static with placed latencies.
Set lat 2 from 0 to 0
Set ejection VC at addr 19 to 0
Link specified in placement file.
Changing link to static with placed latencies.
Set lat 2 from 0 to 0
Set ejection VC at addr 32 to 0
Link specified in placement file.
Changing link to static with placed latencies.
Set lat 1 from 0 to 0
Error setting saddr = 1
Set ejection VC at addr 16 to 1
Error setting daddr = 49
Link specified in placement file.
Changing link to static with placed latencies.
Set lat 1 from 0 to 0
Set ejection VC at addr 9 to 0
Link specified in placement file.
Changing link to static with placed latencies.
Set lat 1 from 0 to 0
Set ejection VC at addr 0 to 0
Link specified in placement file.
Changing link to static with placed latencies.
Set lat 1 from 0 to 0
Set ejection VC at addr 32 to 1
Link specified in placement file.
Changing link to static with placed latencies.
Set lat 1 from 0 to 0
Set ejection VC at addr 16 to 0
Link specified in placement file.
Changing link to static with placed latencies.
Set lat 1 from 0 to 0
Set ejection VC at addr 0 to 1
Link specified in placement file.
Changing link to static with placed latencies.
Set lat 1 from 0 to 0
Set ejection VC at addr 9 to 1
Link specified in placement file.
Error setting class = 0
Changing link to static with placed latencies.
Error setting lat = 3
Set lat 1 from 0 to 0
Error setting saddr = 32
Set ejection VC at addr 16 to 2
Error setting daddr = 35
Set ejection VC at addr 9 to 2
Error setting class = 0
Set ejection VC at addr 0 to 2
Error setting lat = 3
Set ejection VC at addr 32 to 2
Error setting saddr = 16
Set ejection VC at addr 3 to 1
Error setting daddr = 20
Link specified in placement file.
Error setting class = 0
Changing link to static with placed latencies.
Set lat 5 from 0 to 0
Set lat 5 from 0 to 1
Set lat 1 from 0 to 2
Set lat 6 from 0 to 3
Set lat 4 from 0 to 4
Set lat 1 from 0 to 0
Set lat 1 from 0 to 0
Set lat 1 from 0 to 0
Set lat 1 from 0 to 0
Set ejection VC at addr 36 to 0
Set ejection VC at addr 53 to 0
Link specified in placement file.
Changing link to static with placed latencies.
Set lat 1 from 0 to 0
Set lat 3 from 0 to 1
Set ejection VC at addr 3 to 0
Link specified in placement file.
Changing link to static with placed latencies.
Set lat 1 from 0 to 0
Set ejection VC at addr 4 to 0
Link specified in placement file.
Changing link to static with placed latencies.
Set lat 1 from 0 to 0
Number of network classes: 4
Child process has pid 21243
Sleeping for other message queue.
Sleeping for other message queue.
Sleeping for other message queue.
Sleeping for other message queue.
Sleeping for other message queue.
Sleeping for other message queue.
Sleeping for other message queue.
Error setting lat = 4
Sleeping for other message queue.
Error setting saddr = 9
Sleeping for other message queue.
Error setting daddr = 22
Sleeping for other message queue.
Error setting class = 0
Sleeping for other message queue.
Error setting lat = 4
Sleeping for other message queue.
Error setting saddr = 0
Sleeping for other message queue.
Error setting daddr = 1
Sleeping for other message queue.
Error setting class = 0
Error setting lat = 1
Error setting saddr = 35
Error setting daddr = 36
Error setting class = 2
Error setting lat = 1
Error setting saddr = 49
Error setting daddr = 53
Error setting class = 1
Error setting lat = 4
Error setting saddr = 53
Error setting daddr = 36
Error setting class = 3
Error setting lat = 2
Error setting saddr = 36
Error setting daddr = 19
Error setting class = 0
Error setting lat = 2
Error setting saddr = 32
Error setting daddr = 32
Error setting class = 0
Error setting lat = 1
Error setting saddr = 0
Error setting daddr = 16
Error setting class = 1
Error setting lat = 1
Error setting saddr = 9
Error setting daddr = 9
Error setting class = 0
Error setting lat = 1
Error setting saddr = 16
Error setting daddr = 0
Error setting class = 0
Error setting lat = 1
Error setting saddr = 32
Error setting daddr = 32
Error setting class = 1
Error setting lat = 1
Error setting saddr = 0
Error setting daddr = 16
Error setting class = 0
Error setting lat = 1
Error setting saddr = 16
Error setting daddr = 0
Error setting class = 1
Error setting lat = 1
Error setting saddr = 9
Error setting daddr = 9
Error setting class = 1
Error setting lat = 1
Error setting saddr = 4
Error setting daddr = 16
Error setting daddr = 9
Error setting daddr = 0
Error setting daddr = 32
Error setting daddr = 3
Error setting class = 2
Error setting class = 2
Error setting class = 2
Error setting class = 2
Error setting class = 1
Error setting lat = 5
Error setting lat = 5
Error setting lat = 1
Error setting lat = 6
Error setting lat = 4
Error setting saddr = 20
Error setting daddr = 36
Error setting daddr = 53
Error setting class = 0
Error setting class = 0
Error setting lat = 1
Error setting lat = 3
Error setting saddr = 19
Error setting daddr = 3
Error setting class = 0
Error setting lat = 1
Error setting saddr = 3
Error setting daddr = 4
Error setting class = 0
Error setting lat = 1
== Loading device model file '/home/yaqiz/plastisim/configs/DDR3_micron_64M_8B_x4_sg15.ini' == 
== Loading system model file '/home/yaqiz/plastisim/configs/system.ini' == 
===== MemorySystem 0 =====
CH. 0 TOTAL_STORAGE : 4096MB | 1 Ranks | 16 Devices per rank
===== MemorySystem 1 =====
CH. 1 TOTAL_STORAGE : 4096MB | 1 Ranks | 16 Devices per rank
===== MemorySystem 2 =====
CH. 2 TOTAL_STORAGE : 4096MB | 1 Ranks | 16 Devices per rank
===== MemorySystem 3 =====
CH. 3 TOTAL_STORAGE : 4096MB | 1 Ranks | 16 Devices per rank
placement file.
Changing link to static with placed latencies.
Set lat 4 from 0 to 0
Set ejection VC at addr 1 to 0
Link specified in placement file.
Changing link to static with placed latencies.
Set lat 1 from 0 to 0
Set ejection VC at addr 36 to 2
Link specified in placement file.
Changing link to static with placed latencies.
Set lat 1 from 0 to 0
Set ejection VC at addr 53 to 1
Link specified in placement file.
Changing link to static with placed latencies.
Set lat 4 from 0 to 0
Set ejection VC at addr 36 to 3
Link specified in placement file.
Changing link to static with placed latencies.
Set lat 2 from 0 to 0
Set ejection VC at addr 19 to 0
Link specified in placement file.
Changing link to static with placed latencies.
Set lat 2 from 0 to 0
Set ejection VC at addr 32 to 0
Link specified in placement file.
Changing link to static with placed latencies.
Set lat 1 from 0 to 0
Set ejection VC at addr 16 to 1
Link specified in placement file.
Changing link to static with placed latencies.
Set lat 1 from 0 to 0
Set ejection VC at addr 9 to 0
Link specified in placement file.
Changing link to static with placed latencies.
Set lat 1 from 0 to 0
Set ejection VC at addr 0 to 0
Link specified in placement file.
Changing link to static with placed latencies.
Set lat 1 from 0 to 0
Set ejection VC at addr 32 to 1
Link specified in placement file.
Changing link to static with placed latencies.
Set lat 1 from 0 to 0
Set ejection VC at addr 16 to 0
Link specified in placement file.
Changing link to static with placed latencies.
Set lat 1 from 0 to 0
Set ejection VC at addr 0 to 1
Link specified in placement file.
Changing link to static with placed latencies.
Set lat 1 from 0 to 0
Set ejection VC at addr 9 to 1
Link specified in placement file.
Changing link to static with placed latencies.
Set lat 1 from 0 to 0
Set ejection VC at addr 16 to 2
Set ejection VC at addr 9 to 2
Set ejection VC at addr 0 to 2
Set ejection VC at addr 32 to 2
Set ejection VC at addr 3 to 1
Link specified in placement file.
Changing link to static with placed latencies.
Set lat 5 from 0 to 0
Set lat 5 from 0 to 1
Set lat 1 from 0 to 2
Set lat 6 from 0 to 3
Set lat 4 from 0 to 4
Set lat 1 from 0 to 0
Set lat 1 from 0 to 0
Set lat 1 from 0 to 0
Set lat 1 from 0 to 0
Set ejection VC at addr 36 to 0
Set ejection VC at addr 53 to 0
Link specified in placement file.
Changing link to static with placed latencies.
Set lat 1 from 0 to 0
Set lat 3 from 0 to 1
Set ejection VC at addr 3 to 0
Link specified in placement file.
Changing link to static with placed latencies.
Set lat 1 from 0 to 0
Set ejection VC at addr 4 to 0
Link specified in placement file.
Changing link to static with placed latencies.
Set lat 1 from 0 to 0
Number of network classes: 4
I'm the child process!
GPGPU-Sim uArch: interconnect node map (shaderID+MemID to icntID)
GPGPU-Sim uArch: Memory nodes ID start from index: 256
GPGPU-Sim uArch:    0   1   2   3   4   5   6   7   8   9  10  11  12  13  14  15
GPGPU-Sim uArch:   16  17  18  19  20  21  22  23  24  25  26  27  28  29  30  31
GPGPU-Sim uArch:   32  33  34  35  36  37  38  39  40  41  42  43  44  45  46  47
GPGPU-Sim uArch:   48  49  50  51  52  53  54  55  56  57  58  59  60  61  62  63
GPGPU-Sim uArch:   64  65  66  67  68  69  70  71  72  73  74  75  76  77  78  79
GPGPU-Sim uArch:   80  81  82  83  84  85  86  87  88  89  90  91  92  93  94  95
GPGPU-Sim uArch:   96  97  98  99 100 101 102 103 104 105 106 107 108 109 110 111
GPGPU-Sim uArch:  112 113 114 115 116 117 118 119 120 121 122 123 124 125 126 127
GPGPU-Sim uArch:  128 129 130 131 132 133 134 135 136 137 138 139 140 141 142 143
GPGPU-Sim uArch:  144 145 146 147 148 149 150 151 152 153 154 155 156 157 158 159
GPGPU-Sim uArch:  160 161 162 163 164 165 166 167 168 169 170 171 172 173 174 175
GPGPU-Sim uArch:  176 177 178 179 180 181 182 183 184 185 186 187 188 189 190 191
GPGPU-Sim uArch:  192 193 194 195 196 197 198 199 200 201 202 203 204 205 206 207
GPGPU-Sim uArch:  208 209 210 211 212 213 214 215 216 217 218 219 220 221 222 223
GPGPU-Sim uArch:  224 225 226 227 228 229 230 231 232 233 234 235 236 237 238 239
GPGPU-Sim uArch:  240 241 242 243 244 245 246 247 248 249 250 251 252 253 254 255
GPGPU-Sim uArch: interconnect node reverse map (icntID to shaderID+MemID)
GPGPU-Sim uArch: Memory nodes start from ID: 256
GPGPU-Sim uArch:    0   1   2   3   4   5   6   7   8   9  10  11  12  13  14  15
GPGPU-Sim uArch:   16  17  18  19  20  21  22  23  24  25  26  27  28  29  30  31
GPGPU-Sim uArch:   32  33  34  35  36  37  38  39  40  41  42  43  44  45  46  47
GPGPU-Sim uArch:   48  49  50  51  52  53  54  55  56  57  58  59  60  61  62  63
GPGPU-Sim uArch:   64  65  66  67  68  69  70  71  72  73  74  75  76  77  78  79
GPGPU-Sim uArch:   80  81  82  83  84  85  86  87  88  89  90  91  92  93  94  95
GPGPU-Sim uArch:   96  97  98  99 100 101 102 103 104 105 106 107 108 109 110 111
GPGPU-Sim uArch:  112 113 114 115 116 117 118 119 120 121 122 123 124 125 126 127
GPGPU-Sim uArch:  128 129 130 131 132 133 134 135 136 137 138 139 140 141 142 143
GPGPU-Sim uArch:  144 145 146 147 148 149 150 151 152 153 154 155 156 157 158 159
GPGPU-Sim uArch:  160 161 162 163 164 165 166 167 168 169 170 171 172 173 174 175
GPGPU-Sim uArch:  176 177 178 179 180 181 182 183 184 185 186 187 188 189 190 191
GPGPU-Sim uArch:  192 193 194 195 196 197 198 199 200 201 202 203 204 205 206 207
GPGPU-Sim uArch:  208 209 210 211 212 213 214 215 216 217 218 219 220 221 222 223
GPGPU-Sim uArch:  224 225 226 227 228 229 230 231 232 233 234 235 236 237 238 239
GPGPU-Sim uArch:  240 241 242 243 244 245 246 247 248 249 250 251 252 253 254 255
DRAMSim2 Clock Frequency =800000000Hz, CPU Clock Frequency=1000000000Hz
Parsed definitions of all elements.
Total of 30 links:
  0: DramAddress61
    
  1: DramAddress123
    
  2: DramAddress184
    
  3: DramAddress245
    
  4: RetimingFIFO767
    
  5: RetimingFIFO711
    
  6: RetimingFIFO892
    
  7: RetimingFIFO863
    
  8: RetimingFIFO834
    
  9: RetimingFIFO805
    
  10: RetimingFIFO795
    
  11: RetimingFIFO947
    
  12: RetimingFIFO929
    
  13: RetimingFIFO956
    
  14: StreamOut236
    
  15: StreamOut175
    
  16: StreamOut114
    
  17: StreamOut52
    
  18: StreamOut237
    
  19: StreamOut176
    
  20: StreamOut53
    
  21: StreamOut115
    
  22: ArgIn609_ArgIn631_ArgIn675_ArgIn653_ArgIn1263
    
  23: SRAM40
    
  24: SRAM39
    
  25: SRAM41
    
  26: SRAM42
    
  27: RetimingFIFO938_RetimingFIFO739
    
  28: Reg296
    
  29: ArgOut18
    
Total of 23 nodes:
  0: CE1964
    [StreamOut53 *4096 /1] [StreamOut52 *4096 /1]  => [RetimingFIFO805] 
  1: CE2142
    [RetimingFIFO805 *1 /1]  => [SRAM39] 
  2: CE2132
    [SRAM39 *4096 /1]  => [RetimingFIFO711] 
  3: CE2222
    [RetimingFIFO711 *1 /1]  => [RetimingFIFO947] 
  4: CE1978
    [StreamOut115 *4096 /1] [StreamOut114 *4096 /1]  => [RetimingFIFO834] 
  5: CE2162
    [RetimingFIFO834 *1 /1]  => [SRAM40] 
  6: CE2152
    [SRAM40 *4096 /1]  => [RetimingFIFO767] 
  7: CE1992
    [StreamOut176 *4096 /1] [StreamOut175 *4096 /1]  => [RetimingFIFO863] 
  8: CE2182
    [RetimingFIFO863 *1 /1]  => [SRAM41] 
  9: CE2172
    [SRAM41 *4096 /1]  => [RetimingFIFO938_RetimingFIFO739] 
  10: CE2256
    [RetimingFIFO938_RetimingFIFO739 *1 /1] [RetimingFIFO947 *1 /1]  => [RetimingFIFO929] 
  11: CE2006
    [StreamOut237 *4096 /1] [StreamOut236 *4096 /1]  => [RetimingFIFO892] 
  12: CE2202
    [RetimingFIFO892 *1 /1]  => [SRAM42] 
  13: CE2192
    [SRAM42 *4096 /1]  => [RetimingFIFO795] 
  14: CE2238
    [RetimingFIFO938_RetimingFIFO739 *1 /1] [RetimingFIFO795 *1 /1] [RetimingFIFO767 *1 /1] [RetimingFIFO929 *1 /1]  => [RetimingFIFO956] 
  15: CE2212
    [RetimingFIFO956 *1 /1]  => [Reg296] 
  16: CE2024
     => [DramAddress61] [DramAddress123] [DramAddress184] [DramAddress245] [ArgIn609_ArgIn631_ArgIn675_ArgIn653_ArgIn1263] 
  17: CE2038
    [ArgOut18 *1 /1]  => 
  18: CE2048
    [ArgIn609_ArgIn631_ArgIn675_ArgIn653_ArgIn1263 *16 /1] [Reg296 *1 /1]  => [ArgOut18] 
  19: CE2064
    [ArgIn609_ArgIn631_ArgIn675_ArgIn653_ArgIn1263 *16 /1] [DramAddress61 *16 /1]  => [StreamOut53] [StreamOut52] 
  20: CE2082
    [ArgIn609_ArgIn631_ArgIn675_ArgIn653_ArgIn1263 *16 /1] [DramAddress123 *16 /1]  => [StreamOut115] [StreamOut114] 
  21: CE2100
    [ArgIn609_ArgIn631_ArgIn675_ArgIn653_ArgIn1263 *16 /1] [DramAddress184 *16 /1]  => [StreamOut176] [StreamOut175] 
  22: CE2118
    [ArgIn609_ArgIn631_ArgIn675_ArgIn653_ArgIn1263 *16 /1] [DramAddress245 *16 /1]  => [StreamOut237] [StreamOut236] 

10000...
20000...
30000...
40000...
50000...
60000...
70000...
80000...
90000...
100000...
110000...
120000...
130000...
140000...
150000...
160000...
170000...
180000...
190000...
200000...
210000...
220000...
230000...
240000...
250000...
260000...
270000...
280000...
290000...
300000...
310000...
320000...
330000...
340000...
Simulation complete at cycle: 345784
[[32mpsim[0m] Simulation complete at cycle: 345784
CE1964: Active:  19.0 Stalled:   0.0 Starved:   2.3 Total Active:    65536 Total Output:    65536 Expected Active:    65536 Last Activity: 7981 
	   65536    65536 
	DRAM:  12.13 GB/s ( 12.13 GB/s R,   0.00 GB/s W)
	ROB remaining: 0
CE2142: Active:  19.0 Stalled:   0.0 Starved:  81.0 Total Active:    65536 Total Output:    65536 Expected Active:    65536 Last Activity: 7661 
	   65536 
CE2132: Active:  19.0 Stalled:  16.2 Starved:  64.9 Total Active:    65536 Total Output:    65536 Expected Active:    65536 Last Activity: 99 
	   65536 
CE2222: Active:  19.0 Stalled:  16.3 Starved:  64.8 Total Active:    65536 Total Output:    65536 Expected Active:    65536 Last Activity: 68 
	   65536 
CE1978: Active:  19.0 Stalled:   0.0 Starved:   2.5 Total Active:    65536 Total Output:    65536 Expected Active:    65536 Last Activity: 8723 
	   65536    65536 
	DRAM:  12.13 GB/s ( 12.13 GB/s R,   0.00 GB/s W)
	ROB remaining: 0
CE2162: Active:  19.0 Stalled:   0.0 Starved:  81.0 Total Active:    65536 Total Output:    65536 Expected Active:    65536 Last Activity: 8105 
	   65536 
CE2152: Active:  19.0 Stalled:  25.2 Starved:  55.8 Total Active:    65536 Total Output:    65536 Expected Active:    65536 Last Activity: 56 
	   65536 
CE1992: Active:  19.0 Stalled:   0.0 Starved:   2.6 Total Active:    65536 Total Output:    65536 Expected Active:    65536 Last Activity: 8897 
	   65536    65536 
	DRAM:  12.13 GB/s ( 12.13 GB/s R,   0.00 GB/s W)
	ROB remaining: 0
CE2182: Active:  19.0 Stalled:   0.0 Starved:  81.0 Total Active:    65536 Total Output:    65536 Expected Active:    65536 Last Activity: 7987 
	   65536 
CE2172: Active:  19.0 Stalled:  26.4 Starved:  54.7 Total Active:    65536 Total Output:    65536 Expected Active:    65536 Last Activity: 47 
	   65536 
CE2256: Active:  19.0 Stalled:   0.0 Starved:  81.0 Total Active:    65536 Total Output:    65536 Expected Active:    65536 Last Activity: 34 
	   65536    65536 
CE2006: Active:  19.0 Stalled:   0.0 Starved:   3.1 Total Active:    65536 Total Output:    65536 Expected Active:    65536 Last Activity: 10543 
	   65536    65536 
	DRAM:  12.13 GB/s ( 12.13 GB/s R,   0.00 GB/s W)
	ROB remaining: 0
CE2202: Active:  19.0 Stalled:   0.0 Starved:  81.0 Total Active:    65536 Total Output:    65536 Expected Active:    65536 Last Activity: 8962 
	   65536 
CE2192: Active:  19.0 Stalled:  30.3 Starved:  50.7 Total Active:    65536 Total Output:    65536 Expected Active:    65536 Last Activity: 47 
	   65536 
CE2238: Active:  19.0 Stalled:   0.0 Starved:  81.0 Total Active:    65536 Total Output:    65536 Expected Active:    65536 Last Activity: 25 
	   65536    65536    65536    65536 
CE2212: Active:  19.0 Stalled:   0.0 Starved:  81.0 Total Active:    65536 Total Output:    65536 Expected Active:    65536 Last Activity: 16 
	   65536 
CE2024: Active:   0.0 Stalled:   0.0 Starved: 100.0 Total Active:        1 Total Output:        1 Expected Active:        1 Last Activity: 345783 
	
CE2038: Active:   0.0 Stalled:   0.0 Starved: 100.0 Total Active:        1 Total Output:        1 Expected Active:        1 Last Activity: 1 
	       1 
CE2048: Active:   0.0 Stalled:   0.0 Starved: 100.0 Total Active:       16 Total Output:       16 Expected Active:       16 Last Activity: 8 
	      16       16 
CE2064: Active:   0.0 Stalled:   0.0 Starved: 100.0 Total Active:       16 Total Output:       16 Expected Active:       16 Last Activity: 345764 
	      16       16 
CE2082: Active:   0.0 Stalled:   0.0 Starved: 100.0 Total Active:       16 Total Output:       16 Expected Active:       16 Last Activity: 345764 
	      16       16 
CE2100: Active:   0.0 Stalled:   0.0 Starved: 100.0 Total Active:       16 Total Output:       16 Expected Active:       16 Last Activity: 345764 
	      16       16 
CE2118: Active:   0.0 Stalled:   0.0 Starved: 100.0 Total Active:       16 Total Output:       16 Expected Active:       16 Last Activity: 345764 
	      16       16 
Total DRAM:	  48.52 GB/s ( 48.52 GB/s R,   0.00 GB/s W)
[[32mpsim[0m] Total DRAM:	  48.52 GB/s ( 48.52 GB/s R,   0.00 GB/s W)
Pending Read: 0	 Pending Write: 0	
Sending shuStarting remote loop
Dumping flits:
IPC layer sent 345784 msgs recvd 345784 msgs
tdown IPC message.
IPC layer sent 345784 msgs recvd 345784 msgs
[pir] Finished 68-PlastisimConfigCodegen to [36mconfig.psim[0m in 95850.60857ms
[pir] Running 69-PlastisimDotCodegen ...[pir] Finished 69-PlastisimDotCodegen to [36mpsim.dot[0m in 327.174861ms
[pir] Running 70-AreaPowerStat ...
[pir] pcu_total_active = 262144
[pir] pmu_total_active = 262160
[pir] dag_total_active = 64
[[33mpir[0m] python /home/yaqiz/pir/out/TPCHQ6__N_1048576_ts_65536_op_1_psim_D_v2_s4/area_power_model.py
[[33mpir[0m] log in /home/yaqiz/pir/out/TPCHQ6__N_1048576_ts_65536_op_1_psim_D_v2_s4/area_power.log
router_unit_area                127695.32 (um^2)
vswitch_unit_area                66731.77 (um^2)
sswitch_unit_area                 9221.71 (um^2)
pcu_unit_area                   849000.00 (um^2)
pmu_unit_area                   532000.00 (um^2)
total_router_area                   20.43 (mm^2)
total_vswitch_area                  10.68 (mm^2)
total_sswitch_area                   1.48 (mm^2)
total_pcu_area                      54.34 (mm^2)
total_pmu_area                      33.52 (mm^2)
total_net_area                      32.58 (mm^2)
total_area                         120.44 (mm^2)
router_flit_energy                  18.49 (pJ)
router_flit_energy_scalar            9.66 (pJ)
vswitch_flit_energy                  7.25 (pJ)
sswitch_flit_energy                388.18 (fJ)
total_router_energy                  0.00 (fJ)
total_vswitch_energy                14.26 (uJ)
total_sswitch_energy                43.48 (pJ)
total_net_energy                    14.26 (uJ)
pcu_unit_energy                    224.00 (pJ)
pmu_unit_energy                    300.31 (pJ)
dag_unit_energy                     31.41 (pJ)
total_pcu_energy                    58.72 (uJ)
total_pmu_energy                    78.73 (uJ)
total_dag_energy                     2.01 (nJ)
total_energy                       151.71 (uJ)
total_router_power                   0.00 (pW)
total_vswitch_power                 41.24 (mW)
total_sswitch_power                125.73 (nW)
total_net_power                     41.24 (mW)
total_pcu_power                    169.82 (mW)
total_pmu_power                    227.69 (mW)
total_dag_power                      5.81 (uW)
total_power                        438.75 (mW)
[pir] Finished 70-AreaPowerStat to [36marea_power_model.py[0m in 1969.448558ms
[pir] Saving node prism.Session@518d6a49 to /home/yaqiz/pir/out/TPCHQ6__N_1048576_ts_65536_op_1_psim_D_v2_s4/TPCHQ6__N_1048576_ts_65536_op_1.sess
[0m[[32msuccess[0m] [0mTotal time: 334 s, completed Aug 17, 2018 4:52:54 PM[0m
-------------PASS (DONE)------------
