Java HotSpot(TM) 64-Bit Server VM warning: ignoring option MaxPermSize=1g; support was removed in 8.0
Picked up _JAVA_OPTIONS: -Xss8192k
[0m[[0minfo[0m] [0mLoading global plugins from /home/yaqiz/.sbt/0.13/plugins[0m
[0m[[0minfo[0m] [0mLoading project definition from /home/yaqiz/pir/project[0m
[0m[[0minfo[0m] [0mSet current project to default-675fdc (in build file:/home/yaqiz/pir/)[0m
[0m[[0minfo[0m] [0mSet current project to apps (in build file:/home/yaqiz/pir/)[0m
[0m[[0minfo[0m] [0mRunning TPCHQ6__N_1048576_ts_65536_op_1 --out=/home/yaqiz/pir/out/TPCHQ6__N_1048576_ts_65536_op_1_psim_D_v1_s4 --psim-out=/home/yaqiz/plastisim/configs/finals/TPCHQ6__N_1048576_ts_65536_op_1_psim_D_v1_s4 --debug=false --verbose=true --dot=false --load-pir=true --save-pir=true --psim=true --trace=true --ctrl=true --bp=false --stat=true --routing-algo=proute --proute-iter=1000 --run-psim=true --arch=MyDesign --row=16 --col=8 --topo=mesh --argin=64 --tokenout=32 --pcu-stage=6 --vc=4 --net=dynamic --vlink=1 --slink=4 --fifo-depth=4 --vfifo=4 --proute-algo=route_min_directed_valient --link-prop=db --flit-width=512 --proute-seed=2[0m
[pir] args=[--load-pir=true, --run-psim=false, --trace=false, --net=static, --stat=false, --vlink=2, --slink=4, --vfifo=4, --row=16, --col=8, --topo=mesh, --routing-algo=proute, --psim-timeout=100000000, --mapping=true, --splitting=true, --save-pir=true, --load-spade=false, --save-spade=false, --splitting-algo=alias_weighted_igraph, --ctrl=true, --bp=false, --snapint=10, --snapshot=false, --dot=true, --psim=true, --arch=MyDesign, --nn=false, --dag=true, --pattern=checkerboard, --argin=20, --argout=4, --tokenout=5, --fifo-depth=10, --vc=10, --routing-cost=H-hop, --out=/home/yaqiz/pir/out/TPCHQ6__N_1048576_ts_65536_op_1_psim_D_v1_s4, --psim-out=/home/yaqiz/plastisim/configs/finals/TPCHQ6__N_1048576_ts_65536_op_1_psim_D_v1_s4, --debug=false, --verbose=true, --dot=false, --load-pir=true, --save-pir=true, --psim=true, --trace=true, --ctrl=true, --bp=false, --stat=true, --routing-algo=proute, --proute-iter=1000, --run-psim=true, --arch=MyDesign, --row=16, --col=8, --topo=mesh, --argin=64, --tokenout=32, --pcu-stage=6, --vc=4, --net=dynamic, --vlink=1, --slink=4, --fifo-depth=4, --vfifo=4, --proute-algo=route_min_directed_valient, --link-prop=db, --flit-width=512, --proute-seed=2]
[pir] Output directory set to [36m/home/yaqiz/pir/out/TPCHQ6__N_1048576_ts_65536_op_1_psim_D_v1_s4[0m
[pir] Loading from /home/yaqiz/pir/out/TPCHQ6__N_1048576_ts_65536_op_1_psim_D_v1_s4/TPCHQ6__N_1048576_ts_65536_op_1.pir[pir] Loading PIRDesign() from /home/yaqiz/pir/out/TPCHQ6__N_1048576_ts_65536_op_1_psim_D_v1_s4/TPCHQ6__N_1048576_ts_65536_op_1.pir
[pir] Configuring spade MyDesign ...
[pir] Loading from /home/yaqiz/pir/out/TPCHQ6__N_1048576_ts_65536_op_1_psim_D_v1_s4/TPCHQ6__N_1048576_ts_65536_op_1.sess[pir] Loading prism.Session@16801e4f from /home/yaqiz/pir/out/TPCHQ6__N_1048576_ts_65536_op_1_psim_D_v1_s4/TPCHQ6__N_1048576_ts_65536_op_1.sess
[pir] Saving node PIRDesign() to /home/yaqiz/pir/out/TPCHQ6__N_1048576_ts_65536_op_1_psim_D_v1_s4/TPCHQ6__N_1048576_ts_65536_op_1.pir
[pir] Running 53-PlastisimDotCodegen ...[pir] Finished 53-PlastisimDotCodegen to [36mpsim.dot[0m in 722.951757ms
[pir] Running 54-ControllerDotCodegen ...[pir] Finished 54-ControllerDotCodegen to [36mcontroller.dot[0m in 211.861909ms
[pir] Running 55-PIRIRDotCodegen ...[pir] Finished 55-PIRIRDotCodegen to [36mtop.dot[0m in 485.419617ms
[pir] Running 56-SimpleIRDotCodegen ...[pir] Finished 56-SimpleIRDotCodegen to [36msimple.dot[0m in 132.107223ms
[pir] Running 58-CUPruning ...[pir] Finished 58-CUPruning in 1710.175895ms
[pir] Running 59-CUPlacer ...[[32msuccess[0m] CUPlacer succeeded
[pir] Finished 59-CUPlacer in 33728.261724ms
[pir] Running 60-CUStatistics ...[pir] =========== Post-splitting CU Statistics ==================
[pir] number of cus=18
[pir] number of pcu = 4
[pir] - cin (0.00,0.00,0.00) sin (0.00,0.00,0.00) vin (1.00,2.00,4.00)
[pir] - cout (0.00,0.00,0.00) sout (0.00,0.25,1.00) vout (0.00,0.75,1.00)
[pir] - stages (3.00,4.00,5.00)
[pir] number of dag = 4
[pir] - cin (0.00,0.00,0.00) sin (2.00,2.00,2.00) vin (0.00,0.00,0.00)
[pir] - cout (0.00,0.00,0.00) sout (2.00,2.00,2.00) vout (0.00,0.00,0.00)
[pir] - stages (2.00,2.00,2.00)
[pir] number of pmu = 4
[pir] - cin (0.00,0.00,0.00) sin (0.00,0.00,0.00) vin (1.00,1.00,1.00)
[pir] - cout (0.00,0.00,0.00) sout (0.00,0.00,0.00) vout (1.00,1.00,1.00)
[pir] - stages (0.00,0.00,0.00)
[pir] number of dfg = 4
[pir] - cin (0.00,0.00,0.00) sin (2.00,2.00,2.00) vin (0.00,0.00,0.00)
[pir] - cout (0.00,0.00,0.00) sout (0.00,0.00,0.00) vout (1.00,1.00,1.00)
[pir] - stages (0.00,0.00,0.00)
[pir] number of scu = 1
[pir] - cin (0.00,0.00,0.00) sin (2.00,2.00,2.00) vin (0.00,0.00,0.00)
[pir] - cout (0.00,0.00,0.00) sout (1.00,1.00,1.00) vout (0.00,0.00,0.00)
[pir] - stages (1.00,1.00,1.00)
[pir] number of afg = 1
[pir] - cin (0.00,0.00,0.00) sin (1.00,1.00,1.00) vin (0.00,0.00,0.00)
[pir] - cout (0.00,0.00,0.00) sout (5.00,5.00,5.00) vout (0.00,0.00,0.00)
[pir] - stages (0.00,0.00,0.00)
[pir] compute CU = 5
[pir] memory CU = 4
[pir] mc CU = 4
[pir] Total = 9
[pir] PCU = 4 / 64 (6.25%)
[pir] PMU-comp = 1 / 63 (1.59%)
[pir] PMU-mem = 4 / 63 (6.35%)
[pir] AG-ag = 4 / 32 (12.50%)
[pir] AG-comp = 0 / 32 (0.00%)
[pir] MC = 4 / 32 (12.50%)
[pir] Finished 60-CUStatistics to [36mstat.json[0m in 792.067242ms
[pir] Running 61-PIRNetworkDotCodegen ...[pir] Finished 61-PIRNetworkDotCodegen to [36mcontrol.dot[0m in 768.237712ms
[pir] Running 62-PIRNetworkDotCodegen ...[pir] Finished 62-PIRNetworkDotCodegen to [36mscalar.dot[0m in 721.837805ms
[pir] Running 63-PIRNetworkDotCodegen ...[pir] Finished 63-PIRNetworkDotCodegen to [36mvector.dot[0m in 537.249221ms
[pir] Running 64-TerminalCSVCodegen ...[pir] Finished 64-TerminalCSVCodegen to [36mnode.csv[0m in 5.327915ms
[pir] Running 65-LinkCSVCodegen ...[pir] Finished 65-LinkCSVCodegen to [36mlink.csv[0m in 286.720394ms
[pir] Running 66-PlastisimPlacementCodegen ...[[33mproute[0m] /home/yaqiz/plastiroute/plastiroute -n /home/yaqiz/plastisim/configs/finals/TPCHQ6__N_1048576_ts_65536_op_1_psim_D_v1_s4/node.csv -l /home/yaqiz/plastisim/configs/finals/TPCHQ6__N_1048576_ts_65536_op_1_psim_D_v1_s4/link.csv -o /home/yaqiz/plastisim/configs/finals/TPCHQ6__N_1048576_ts_65536_op_1_psim_D_v1_s4/final.place -r 16 -c 8 -g /home/yaqiz/plastisim/configs/finals/TPCHQ6__N_1048576_ts_65536_op_1_psim_D_v1_s4/proute.dot -v /home/yaqiz/plastisim/configs/finals/TPCHQ6__N_1048576_ts_65536_op_1_psim_D_v1_s4/summary.csv -x1 -e 4 -a route_min_directed_valient  -q1  -s2  -i1000 -p100 -t1 -d100
[[33mproute[0m] log in /home/yaqiz/pir/out/TPCHQ6__N_1048576_ts_65536_op_1_psim_D_v1_s4/proute.log
Max static: 1vec 4scal
100 scores: min 7.00 	0.00/0.00/14/0.00/0 	max 2754.83 mean 612.58
100 scores: min 5.51 	0.00/0.00/11/0.00/1 	max 1755.42 mean 191.70
100 scores: min 4.50 	0.00/0.00/9/0.00/0 	max 2005.67 mean 253.78
100 scores: min 4.50 	0.00/0.00/9/0.00/0 	max 1761.25 mean 431.60
100 scores: min 4.50 	0.00/0.00/9/0.00/0 	max 2005.58 mean 541.54
100 scores: min 4.50 	0.00/0.00/9/0.00/0 	max 2011.00 mean 449.14
100 scores: min 4.50 	0.00/0.00/9/0.00/0 	max 1755.75 mean 213.56
100 scores: min 4.01 	0.00/0.00/8/0.00/1 	max 2008.50 mean 421.84
100 scores: min 4.00 	0.00/0.00/8/0.00/0 	max 1754.58 mean 121.40
100 scores: min 3.51 	0.00/0.00/7/0.00/1 	max 759.92 mean 68.80
100 scores: min 3.01 	0.00/0.00/6/0.00/1 	max 1257.50 mean 169.97
100 scores: min 3.01 	0.00/0.00/6/0.00/1 	max 2254.00 mean 167.74
100 scores: min 3.00 	0.00/0.00/6/0.00/0 	max 1755.58 mean 137.39
100 scores: min 3.00 	0.00/0.00/6/0.00/0 	max 1757.75 mean 124.29
100 scores: min 3.00 	0.00/0.00/6/0.00/0 	max 1761.08 mean 177.31
100 scores: min 3.00 	0.00/0.00/6/0.00/0 	max 762.58 mean 99.81
100 scores: min 3.00 	0.00/0.00/6/0.00/0 	max 1761.92 mean 117.72
100 scores: min 3.00 	0.00/0.00/6/0.00/0 	max 759.08 mean 87.18
100 scores: min 3.00 	0.00/0.00/6/0.00/0 	max 1754.92 mean 172.67
100 scores: min 3.00 	0.00/0.00/6/0.00/0 	max 1753.25 mean 124.76
100 scores: min 3.00 	0.00/0.00/6/0.00/0 	max 1505.09 mean 129.74
100 scores: min 3.00 	0.00/0.00/6/0.00/0 	max 761.75 mean 51.56
100 scores: min 3.00 	0.00/0.00/6/0.00/0 	max 1761.83 mean 187.72
100 scores: min 3.00 	0.00/0.00/6/0.00/0 	max 2755.17 mean 154.93
100 scores: min 3.00 	0.00/0.00/6/0.00/0 	max 1504.42 mean 144.76
100 scores: min 3.00 	0.00/0.00/6/0.00/0 	max 762.42 mean 142.51
100 scores: min 3.00 	0.00/0.00/6/0.00/0 	max 1504.25 mean 410.12
100 scores: min 3.00 	0.00/0.00/6/0.00/0 	max 1754.08 mean 427.10
100 scores: min 3.00 	0.00/0.00/6/0.00/0 	max 1754.17 mean 393.26
100 scores: min 3.00 	0.00/0.00/6/0.00/0 	max 1503.92 mean 384.72
100 scores: min 3.00 	0.00/0.00/6/0.00/0 	max 1753.67 mean 432.52
100 scores: min 3.00 	0.00/0.00/6/0.00/0 	max 1504.08 mean 412.43
100 scores: min 3.00 	0.00/0.00/6/0.00/0 	max 1754.75 mean 430.24
100 scores: min 3.00 	0.00/0.00/6/0.00/0 	max 1755.50 mean 377.70
100 scores: min 3.00 	0.00/0.00/6/0.00/0 	max 1753.42 mean 402.37
100 scores: min 3.00 	0.00/0.00/6/0.00/0 	max 1753.25 mean 372.19
100 scores: min 3.00 	0.00/0.00/6/0.00/0 	max 2010.17 mean 464.77
100 scores: min 3.00 	0.00/0.00/6/0.00/0 	max 1761.08 mean 413.01
100 scores: min 3.00 	0.00/0.00/6/0.00/0 	max 2006.17 mean 402.05
100 scores: min 3.00 	0.00/0.00/6/0.00/0 	max 1754.92 mean 422.48
100 scores: min 3.00 	0.00/0.00/6/0.00/0 	max 1753.25 mean 437.28
100 scores: min 3.00 	0.00/0.00/6/0.00/0 	max 1753.25 mean 387.33
100 scores: min 3.00 	0.00/0.00/6/0.00/0 	max 2011.50 mean 452.33
100 scores: min 3.00 	0.00/0.00/6/0.00/0 	max 1755.08 mean 467.78
100 scores: min 3.00 	0.00/0.00/6/0.00/0 	max 1754.25 mean 467.60
100 scores: min 3.00 	0.00/0.00/6/0.00/0 	max 762.42 mean 425.35
100 scores: min 3.00 	0.00/0.00/6/0.00/0 	max 1760.58 mean 465.82
100 scores: min 3.00 	0.00/0.00/6/0.00/0 	max 1753.42 mean 419.98
100 scores: min 3.00 	0.00/0.00/6/0.00/0 	max 2013.33 mean 495.22
100 scores: min 3.00 	0.00/0.00/6/0.00/0 	max 1503.50 mean 402.29
100 scores: min 3.00 	0.00/0.00/6/0.00/0 	max 1755.58 mean 442.35
100 scores: min 3.00 	0.00/0.00/6/0.00/0 	max 1753.75 mean 407.42
100 scores: min 3.00 	0.00/0.00/6/0.00/0 	max 1760.75 mean 374.93
100 scores: min 3.00 	0.00/0.00/6/0.00/0 	max 1760.75 mean 430.01
100 scores: min 3.00 	0.00/0.00/6/0.00/0 	max 1754.75 mean 464.78
100 scores: min 3.00 	0.00/0.00/6/0.00/0 	max 1503.67 mean 392.47
100 scores: min 3.00 	0.00/0.00/6/0.00/0 	max 1757.17 mean 402.51
100 scores: min 3.00 	0.00/0.00/6/0.00/0 	max 1754.00 mean 422.53
100 scores: min 3.00 	0.00/0.00/6/0.00/0 	max 1006.67 mean 419.72
100 scores: min 3.00 	0.00/0.00/6/0.00/0 	max 763.08 mean 332.33
100 scores: min 3.00 	0.00/0.00/6/0.00/0 	max 1513.42 mean 402.39
100 scores: min 3.00 	0.00/0.00/6/0.00/0 	max 1759.67 mean 372.23
100 scores: min 3.00 	0.00/0.00/6/0.00/0 	max 1759.75 mean 439.89
100 scores: min 3.00 	0.00/0.00/6/0.00/0 	max 1753.75 mean 449.26
100 scores: min 3.00 	0.00/0.00/6/0.00/0 	max 1758.75 mean 432.18
100 scores: min 3.00 	0.00/0.00/6/0.00/0 	max 1759.58 mean 424.74
100 scores: min 3.00 	0.00/0.00/6/0.00/0 	max 1753.58 mean 416.94
100 scores: min 3.00 	0.00/0.00/6/0.00/0 	max 1757.75 mean 494.84
100 scores: min 3.00 	0.00/0.00/6/0.00/0 	max 1760.25 mean 509.88
100 scores: min 3.00 	0.00/0.00/6/0.00/0 	max 1761.75 mean 487.25
100 scores: min 3.00 	0.00/0.00/6/0.00/0 	max 1759.75 mean 542.44
100 scores: min 3.00 	0.00/0.00/6/0.00/0 	max 763.58 mean 472.09
100 scores: min 3.00 	0.00/0.00/6/0.00/0 	max 1761.75 mean 527.36
100 scores: min 3.00 	0.00/0.00/6/0.00/0 	max 1759.92 mean 522.62
100 scores: min 3.00 	0.00/0.00/6/0.00/0 	max 1753.42 mean 459.54
100 scores: min 3.00 	0.00/0.00/6/0.00/0 	max 1753.58 mean 497.36
100 scores: min 3.00 	0.00/0.00/6/0.00/0 	max 2005.50 mean 541.92
100 scores: min 3.00 	0.00/0.00/6/0.00/0 	max 1759.75 mean 547.34
100 scores: min 3.00 	0.00/0.00/6/0.00/0 	max 1761.42 mean 612.79
100 scores: min 3.00 	0.00/0.00/6/0.00/0 	max 1761.25 mean 577.84
100 scores: min 3.00 	0.00/0.00/6/0.00/0 	max 1761.42 mean 480.35
100 scores: min 3.00 	0.00/0.00/6/0.00/0 	max 2005.17 mean 530.15
100 scores: min 3.00 	0.00/0.00/6/0.00/0 	max 1763.33 mean 471.97
100 scores: min 3.00 	0.00/0.00/6/0.00/0 	max 1753.75 mean 467.26
100 scores: min 3.00 	0.00/0.00/6/0.00/0 	max 1760.75 mean 484.67
100 scores: min 3.00 	0.00/0.00/6/0.00/0 	max 1755.42 mean 537.49
100 scores: min 3.00 	0.00/0.00/6/0.00/0 	max 2004.83 mean 525.05
100 scores: min 3.00 	0.00/0.00/6/0.00/0 	max 2009.25 mean 546.96
100 scores: min 3.00 	0.00/0.00/6/0.00/0 	max 761.25 mean 394.76
100 scores: min 3.00 	0.00/0.00/6/0.00/0 	max 1761.75 mean 447.51
100 scores: min 3.00 	0.00/0.00/6/0.00/0 	max 1760.50 mean 552.35
100 scores: min 3.00 	0.00/0.00/6/0.00/0 	max 1759.25 mean 479.58
100 scores: min 3.00 	0.00/0.00/6/0.00/0 	max 1761.75 mean 470.06
100 scores: min 3.00 	0.00/0.00/6/0.00/0 	max 1754.08 mean 476.86
100 scores: min 3.00 	0.00/0.00/6/0.00/0 	max 1753.42 mean 504.96
100 scores: min 3.00 	0.00/0.00/6/0.00/0 	max 1760.08 mean 484.94
100 scores: min 3.00 	0.00/0.00/6/0.00/0 	max 1754.42 mean 450.14
100 scores: min 3.00 	0.00/0.00/6/0.00/0 	max 1754.58 mean 562.09
100 scores: min 3.00 	0.00/0.00/6/0.00/0 	max 1763.75 mean 527.70
100 scores: min 3.00 	0.00/0.00/6/0.00/0 	max 1757.42 mean 454.94
100 scores: min 3.00 	0.00/0.00/6/0.00/0 	max 1758.83 mean 522.18
100 scores: min 3.00 	0.00/0.00/6/0.00/0 	max 1759.92 mean 571.95
100 scores: min 3.00 	0.00/0.00/6/0.00/0 	max 1753.58 mean 494.75
100 scores: min 3.00 	0.00/0.00/6/0.00/0 	max 1760.00 mean 529.29
100 scores: min 3.00 	0.00/0.00/6/0.00/0 	max 1754.92 mean 539.94
100 scores: min 3.00 	0.00/0.00/6/0.00/0 	max 1761.08 mean 504.95
100 scores: min 3.00 	0.00/0.00/6/0.00/0 	max 1754.75 mean 494.75
100 scores: min 3.00 	0.00/0.00/6/0.00/0 	max 1758.08 mean 505.14
100 scores: min 3.00 	0.00/0.00/6/0.00/0 	max 2010.33 mean 470.18
100 scores: min 3.00 	0.00/0.00/6/0.00/0 	max 1759.58 mean 479.77
100 scores: min 3.00 	0.00/0.00/6/0.00/0 	max 1753.25 mean 477.59
100 scores: min 3.00 	0.00/0.00/6/0.00/0 	max 1759.75 mean 439.84
100 scores: min 3.00 	0.00/0.00/6/0.00/0 	max 1759.25 mean 459.93
100 scores: min 3.00 	0.00/0.00/6/0.00/0 	max 1753.58 mean 409.55
100 scores: min 3.00 	0.00/0.00/6/0.00/0 	max 2008.50 mean 424.86
100 scores: min 3.00 	0.00/0.00/6/0.00/0 	max 1759.75 mean 451.91
100 scores: min 3.00 	0.00/0.00/6/0.00/0 	max 1761.75 mean 505.25
100 scores: min 3.00 	0.00/0.00/6/0.00/0 	max 1759.75 mean 399.73
100 scores: min 3.00 	0.00/0.00/6/0.00/0 	max 1759.58 mean 542.85
100 scores: min 3.00 	0.00/0.00/6/0.00/0 	max 2006.33 mean 499.56
100 scores: min 3.00 	0.00/0.00/6/0.00/0 	max 1760.08 mean 412.45
100 scores: min 3.00 	0.00/0.00/6/0.00/0 	max 1760.08 mean 442.16
100 scores: min 3.00 	0.00/0.00/6/0.00/0 	max 1760.42 mean 1017.58
100 scores: min 3.00 	0.00/0.00/6/0.00/0 	max 2004.50 mean 1087.70
100 scores: min 3.00 	0.00/0.00/6/0.00/0 	max 1759.92 mean 1094.57
100 scores: min 3.00 	0.00/0.00/6/0.00/0 	max 1758.42 mean 897.38
100 scores: min 3.00 	0.00/0.00/6/0.00/0 	max 1761.92 mean 984.96
100 scores: min 3.00 	0.00/0.00/6/0.00/0 	max 1762.25 mean 1017.28
100 scores: min 3.00 	0.00/0.00/6/0.00/0 	max 1758.92 mean 1017.24
100 scores: min 3.00 	0.00/0.00/6/0.00/0 	max 1759.75 mean 999.80
100 scores: min 3.00 	0.00/0.00/6/0.00/0 	max 1761.92 mean 1130.23
100 scores: min 3.00 	0.00/0.00/6/0.00/0 	max 1762.75 mean 1019.55
100 scores: min 3.00 	0.00/0.00/6/0.00/0 	max 1764.08 mean 977.60
100 scores: min 3.00 	0.00/0.00/6/0.00/0 	max 1761.75 mean 887.69
100 scores: min 3.00 	0.00/0.00/6/0.00/0 	max 1757.42 mean 830.03
100 scores: min 3.00 	0.00/0.00/6/0.00/0 	max 1760.42 mean 542.48
100 scores: min 3.00 	0.00/0.00/6/0.00/0 	max 1755.58 mean 537.87
100 scores: min 3.00 	0.00/0.00/6/0.00/0 	max 2005.17 mean 497.49
100 scores: min 3.00 	0.00/0.00/6/0.00/0 	max 763.92 mean 525.13
100 scores: min 3.00 	0.00/0.00/6/0.00/0 	max 1760.08 mean 505.20
100 scores: min 3.00 	0.00/0.00/6/0.00/0 	max 2005.00 mean 582.46
100 scores: min 3.00 	0.00/0.00/6/0.00/0 	max 1010.98 mean 492.42
100 scores: min 3.00 	0.00/0.00/6/0.00/0 	max 762.58 mean 532.46
100 scores: min 3.00 	0.00/0.00/6/0.00/0 	max 1762.58 mean 585.29
100 scores: min 3.00 	0.00/0.00/6/0.00/0 	max 1761.25 mean 575.41
100 scores: min 3.00 	0.00/0.00/6/0.00/0 	max 1760.58 mean 555.20
100 scores: min 3.00 	0.00/0.00/6/0.00/0 	max 1755.50 mean 597.33
100 scores: min 3.00 	0.00/0.00/6/0.00/0 	max 2005.50 mean 499.59
100 scores: min 3.00 	0.00/0.00/6/0.00/0 	max 2005.17 mean 329.91
100 scores: min 3.00 	0.00/0.00/6/0.00/0 	max 762.08 mean 327.14
100 scores: min 3.00 	0.00/0.00/6/0.00/0 	max 1009.67 mean 367.43
100 scores: min 3.00 	0.00/0.00/6/0.00/0 	max 1755.75 mean 419.73
100 scores: min 3.00 	0.00/0.00/6/0.00/0 	max 1759.92 mean 431.90
100 scores: min 3.00 	0.00/0.00/6/0.00/0 	max 1262.09 mean 358.08
100 scores: min 3.00 	0.00/0.00/6/0.00/0 	max 760.75 mean 392.44
100 scores: min 3.00 	0.00/0.00/6/0.00/0 	max 1755.50 mean 382.35
100 scores: min 3.00 	0.00/0.00/6/0.00/0 	max 1506.08 mean 394.81
100 scores: min 3.00 	0.00/0.00/6/0.00/0 	max 759.75 mean 391.97
100 scores: min 3.00 	0.00/0.00/6/0.00/0 	max 1760.42 mean 419.68
100 scores: min 3.00 	0.00/0.00/6/0.00/0 	max 763.58 mean 377.03
100 scores: min 3.00 	0.00/0.00/6/0.00/0 	max 761.42 mean 429.44
100 scores: min 3.00 	0.00/0.00/6/0.00/0 	max 2005.50 mean 426.84
100 scores: min 3.00 	0.00/0.00/6/0.00/0 	max 755.58 mean 386.96
100 scores: min 3.00 	0.00/0.00/6/0.00/0 	max 1756.08 mean 462.62
100 scores: min 3.00 	0.00/0.00/6/0.00/0 	max 1754.92 mean 429.95
100 scores: min 3.00 	0.00/0.00/6/0.00/0 	max 1754.25 mean 459.84
100 scores: min 3.00 	0.00/0.00/6/0.00/0 	max 1760.00 mean 398.33
100 scores: min 3.00 	0.00/0.00/6/0.00/0 	max 761.42 mean 119.78
100 scores: min 3.00 	0.00/0.00/6/0.00/0 	max 1005.33 mean 94.47
100 scores: min 3.00 	0.00/0.00/6/0.00/0 	max 2010.83 mean 362.72
100 scores: min 3.00 	0.00/0.00/6/0.00/0 	max 1753.92 mean 425.00
100 scores: min 3.00 	0.00/0.00/6/0.00/0 	max 1763.08 mean 350.35
100 scores: min 3.00 	0.00/0.00/6/0.00/0 	max 1754.42 mean 392.17
100 scores: min 3.00 	0.00/0.00/6/0.00/0 	max 1761.83 mean 377.83
100 scores: min 3.00 	0.00/0.00/6/0.00/0 	max 1754.58 mean 447.43
100 scores: min 3.00 	0.00/0.00/6/0.00/0 	max 1754.58 mean 419.75
100 scores: min 3.00 	0.00/0.00/6/0.00/0 	max 1755.25 mean 434.39
100 scores: min 3.00 	0.00/0.00/6/0.00/0 	max 1756.17 mean 420.01
100 scores: min 3.00 	0.00/0.00/6/0.00/0 	max 1755.25 mean 437.67
100 scores: min 3.00 	0.00/0.00/6/0.00/0 	max 1755.33 mean 442.36
100 scores: min 3.00 	0.00/0.00/6/0.00/0 	max 1763.75 mean 422.33
100 scores: min 3.00 	0.00/0.00/6/0.00/0 	max 1755.92 mean 460.09
100 scores: min 3.00 	0.00/0.00/6/0.00/0 	max 511.17 mean 384.57
100 scores: min 3.00 	0.00/0.00/6/0.00/0 	max 761.08 mean 392.76
100 scores: min 3.00 	0.00/0.00/6/0.00/0 	max 1754.42 mean 394.77
100 scores: min 3.00 	0.00/0.00/6/0.00/0 	max 1763.75 mean 367.55
100 scores: min 3.00 	0.00/0.00/6/0.00/0 	max 1505.08 mean 379.51
100 scores: min 3.00 	0.00/0.00/6/0.00/0 	max 1504.92 mean 449.53
100 scores: min 3.00 	0.00/0.00/6/0.00/0 	max 2013.50 mean 407.35
100 scores: min 3.00 	0.00/0.00/6/0.00/0 	max 2015.50 mean 439.53
100 scores: min 3.00 	0.00/0.00/6/0.00/0 	max 764.92 mean 379.94
100 scores: min 3.00 	0.00/0.00/6/0.00/0 	max 1761.25 mean 424.86
100 scores: min 3.00 	0.00/0.00/6/0.00/0 	max 1756.58 mean 451.94
100 scores: min 3.00 	0.00/0.00/6/0.00/0 	max 1259.17 mean 377.23
100 scores: min 3.00 	0.00/0.00/6/0.00/0 	max 1510.59 mean 390.01
100 scores: min 3.00 	0.00/0.00/6/0.00/0 	max 1759.92 mean 462.82
100 scores: min 3.00 	0.00/0.00/6/0.00/0 	max 1759.25 mean 417.70
100 scores: min 3.00 	0.00/0.00/6/0.00/0 	max 2005.33 mean 430.28
100 scores: min 3.00 	0.00/0.00/6/0.00/0 	max 1754.92 mean 424.58
100 scores: min 3.00 	0.00/0.00/6/0.00/0 	max 2005.50 mean 427.80
100 scores: min 3.00 	0.00/0.00/6/0.00/0 	max 1755.67 mean 452.70
100 scores: min 3.00 	0.00/0.00/6/0.00/0 	max 1259.34 mean 437.18
100 scores: min 3.00 	0.00/0.00/6/0.00/0 	max 1761.75 mean 474.99
100 scores: min 3.00 	0.00/0.00/6/0.00/0 	max 2006.33 mean 382.40
100 scores: min 3.00 	0.00/0.00/6/0.00/0 	max 1756.25 mean 154.95
100 scores: min 3.00 	0.00/0.00/6/0.00/0 	max 759.25 mean 109.63
100 scores: min 3.00 	0.00/0.00/6/0.00/0 	max 1755.08 mean 107.25
100 scores: min 3.00 	0.00/0.00/6/0.00/0 	max 1504.92 mean 107.36
100 scores: min 3.00 	0.00/0.00/6/0.00/0 	max 1005.50 mean 149.86
100 scores: min 3.00 	0.00/0.00/6/0.00/0 	max 2506.17 mean 179.23
100 scores: min 3.00 	0.00/0.00/6/0.00/0 	max 2005.00 mean 142.46
100 scores: min 3.00 	0.00/0.00/6/0.00/0 	max 1755.42 mean 84.27
100 scores: min 3.00 	0.00/0.00/6/0.00/0 	max 1760.58 mean 155.34
100 scores: min 3.00 	0.00/0.00/6/0.00/0 	max 2006.67 mean 166.95
100 scores: min 3.00 	0.00/0.00/6/0.00/0 	max 1755.25 mean 134.90
100 scores: min 3.00 	0.00/0.00/6/0.00/0 	max 1258.67 mean 129.46
100 scores: min 3.00 	0.00/0.00/6/0.00/0 	max 1761.58 mean 132.32
100 scores: min 3.00 	0.00/0.00/6/0.00/0 	max 1755.92 mean 119.38
100 scores: min 3.00 	0.00/0.00/6/0.00/0 	max 762.75 mean 412.90
100 scores: min 3.00 	0.00/0.00/6/0.00/0 	max 1255.67 mean 424.31
100 scores: min 3.00 	0.00/0.00/6/0.00/0 	max 1760.42 mean 397.30
100 scores: min 3.00 	0.00/0.00/6/0.00/0 	max 1762.58 mean 462.08
100 scores: min 3.00 	0.00/0.00/6/0.00/0 	max 2755.83 mean 465.09
100 scores: min 3.00 	0.00/0.00/6/0.00/0 	max 1505.42 mean 436.82
100 scores: min 3.00 	0.00/0.00/6/0.00/0 	max 1760.08 mean 419.56
100 scores: min 3.00 	0.00/0.00/6/0.00/0 	max 1763.08 mean 464.66
100 scores: min 3.00 	0.00/0.00/6/0.00/0 	max 1755.42 mean 450.30
100 scores: min 3.00 	0.00/0.00/6/0.00/0 	max 1755.08 mean 432.19
100 scores: min 3.00 	0.00/0.00/6/0.00/0 	max 1755.00 mean 399.81
100 scores: min 3.00 	0.00/0.00/6/0.00/0 	max 2011.67 mean 422.08
100 scores: min 3.00 	0.00/0.00/6/0.00/0 	max 511.83 mean 384.81
100 scores: min 3.00 	0.00/0.00/6/0.00/0 	max 1759.42 mean 440.20
100 scores: min 3.00 	0.00/0.00/6/0.00/0 	max 1760.75 mean 514.68
100 scores: min 3.00 	0.00/0.00/6/0.00/0 	max 1759.42 mean 407.51
100 scores: min 3.00 	0.00/0.00/6/0.00/0 	max 1760.33 mean 435.63
100 scores: min 3.00 	0.00/0.00/6/0.00/0 	max 1756.25 mean 437.45
100 scores: min 3.00 	0.00/0.00/6/0.00/0 	max 764.08 mean 457.42
100 scores: min 3.00 	0.00/0.00/6/0.00/0 	max 2005.00 mean 522.31
100 scores: min 3.00 	0.00/0.00/6/0.00/0 	max 1755.17 mean 407.49
100 scores: min 3.00 	0.00/0.00/6/0.00/0 	max 1759.50 mean 475.21
100 scores: min 3.00 	0.00/0.00/6/0.00/0 	max 1760.50 mean 434.34
100 scores: min 3.00 	0.00/0.00/6/0.00/0 	max 2005.67 mean 537.77
100 scores: min 3.00 	0.00/0.00/6/0.00/0 	max 1760.67 mean 379.39
100 scores: min 3.00 	0.00/0.00/6/0.00/0 	max 2013.00 mean 519.75
100 scores: min 3.00 	0.00/0.00/6/0.00/0 	max 2004.83 mean 507.63
100 scores: min 3.00 	0.00/0.00/6/0.00/0 	max 1760.83 mean 427.55
100 scores: min 3.00 	0.00/0.00/6/0.00/0 	max 1759.67 mean 407.68
100 scores: min 3.00 	0.00/0.00/6/0.00/0 	max 2014.33 mean 494.85
100 scores: min 3.00 	0.00/0.00/6/0.00/0 	max 1761.67 mean 472.31
100 scores: min 3.00 	0.00/0.00/6/0.00/0 	max 1760.08 mean 457.21
100 scores: min 3.00 	0.00/0.00/6/0.00/0 	max 2010.00 mean 487.68
100 scores: min 3.00 	0.00/0.00/6/0.00/0 	max 1760.83 mean 479.69
100 scores: min 3.00 	0.00/0.00/6/0.00/0 	max 1756.83 mean 426.78
100 scores: min 3.00 	0.00/0.00/6/0.00/0 	max 1760.83 mean 477.41
100 scores: min 3.00 	0.00/0.00/6/0.00/0 	max 1761.25 mean 450.13
100 scores: min 3.00 	0.00/0.00/6/0.00/0 	max 2005.33 mean 510.28
100 scores: min 3.00 	0.00/0.00/6/0.00/0 	max 1761.83 mean 359.80
100 scores: min 3.00 	0.00/0.00/6/0.00/0 	max 1760.83 mean 515.74
100 scores: min 3.00 	0.00/0.00/6/0.00/0 	max 1758.92 mean 442.13
100 scores: min 3.00 	0.00/0.00/6/0.00/0 	max 1758.00 mean 465.36
100 scores: min 3.00 	0.00/0.00/6/0.00/0 	max 1758.92 mean 447.39
100 scores: min 3.00 	0.00/0.00/6/0.00/0 	max 1763.33 mean 477.21
100 scores: min 3.00 	0.00/0.00/6/0.00/0 	max 1760.17 mean 439.94
100 scores: min 3.00 	0.00/0.00/6/0.00/0 	max 1755.58 mean 369.23
100 scores: min 3.00 	0.00/0.00/6/0.00/0 	max 1759.42 mean 417.25
100 scores: min 3.00 	0.00/0.00/6/0.00/0 	max 1758.58 mean 437.75
100 scores: min 3.00 	0.00/0.00/6/0.00/0 	max 1755.08 mean 427.25
100 scores: min 3.00 	0.00/0.00/6/0.00/0 	max 762.67 mean 397.52
100 scores: min 3.00 	0.00/0.00/6/0.00/0 	max 1762.25 mean 399.73
100 scores: min 3.00 	0.00/0.00/6/0.00/0 	max 2005.33 mean 369.97
100 scores: min 3.00 	0.00/0.00/6/0.00/0 	max 1756.08 mean 380.13
100 scores: min 3.00 	0.00/0.00/6/0.00/0 	max 761.58 mean 380.27
100 scores: min 3.00 	0.00/0.00/6/0.00/0 	max 1762.58 mean 400.26
100 scores: min 3.00 	0.00/0.00/6/0.00/0 	max 1754.92 mean 424.64
100 scores: min 3.00 	0.00/0.00/6/0.00/0 	max 2005.83 mean 430.13
100 scores: min 3.00 	0.00/0.00/6/0.00/0 	max 1754.92 mean 357.00
100 scores: min 3.00 	0.00/0.00/6/0.00/0 	max 2005.17 mean 452.10
100 scores: min 3.00 	0.00/0.00/6/0.00/0 	max 2005.83 mean 437.41
100 scores: min 3.00 	0.00/0.00/6/0.00/0 	max 1755.25 mean 394.24
100 scores: min 3.00 	0.00/0.00/6/0.00/0 	max 1758.08 mean 467.30
100 scores: min 3.00 	0.00/0.00/6/0.00/0 	max 1759.92 mean 412.24
100 scores: min 3.00 	0.00/0.00/6/0.00/0 	max 1761.42 mean 434.75
100 scores: min 3.00 	0.00/0.00/6/0.00/0 	max 761.08 mean 435.28
100 scores: min 3.00 	0.00/0.00/6/0.00/0 	max 1761.42 mean 410.05
100 scores: min 3.00 	0.00/0.00/6/0.00/0 	max 1761.25 mean 412.17
100 scores: min 3.00 	0.00/0.00/6/0.00/0 	max 1755.67 mean 417.13
100 scores: min 3.00 	0.00/0.00/6/0.00/0 	max 762.58 mean 404.97
100 scores: min 3.00 	0.00/0.00/6/0.00/0 	max 761.92 mean 427.41
100 scores: min 3.00 	0.00/0.00/6/0.00/0 	max 1755.50 mean 442.57
100 scores: min 3.00 	0.00/0.00/6/0.00/0 	max 1759.50 mean 397.43
100 scores: min 3.00 	0.00/0.00/6/0.00/0 	max 1755.75 mean 437.53
100 scores: min 3.00 	0.00/0.00/6/0.00/0 	max 1011.89 mean 399.78
100 scores: min 3.00 	0.00/0.00/6/0.00/0 	max 1761.58 mean 459.93
100 scores: min 3.00 	0.00/0.00/6/0.00/0 	max 1757.50 mean 409.33
100 scores: min 3.00 	0.00/0.00/6/0.00/0 	max 2005.83 mean 472.12
100 scores: min 3.00 	0.00/0.00/6/0.00/0 	max 1755.83 mean 432.43
100 scores: min 3.00 	0.00/0.00/6/0.00/0 	max 1760.67 mean 402.29
100 scores: min 3.00 	0.00/0.00/6/0.00/0 	max 1760.58 mean 402.27
100 scores: min 3.00 	0.00/0.00/6/0.00/0 	max 762.25 mean 399.46
100 scores: min 3.00 	0.00/0.00/6/0.00/0 	max 1760.08 mean 444.53
100 scores: min 3.00 	0.00/0.00/6/0.00/0 	max 2005.42 mean 411.82
100 scores: min 3.00 	0.00/0.00/6/0.00/0 	max 1255.00 mean 399.63
100 scores: min 3.00 	0.00/0.00/6/0.00/0 	max 1754.92 mean 404.53
100 scores: min 3.00 	0.00/0.00/6/0.00/0 	max 1761.75 mean 447.16
100 scores: min 3.00 	0.00/0.00/6/0.00/0 	max 1260.84 mean 422.07
100 scores: min 3.00 	0.00/0.00/6/0.00/0 	max 1755.42 mean 377.69
100 scores: min 3.00 	0.00/0.00/6/0.00/0 	max 1761.25 mean 424.89
100 scores: min 3.00 	0.00/0.00/6/0.00/0 	max 1761.92 mean 399.95
100 scores: min 3.00 	0.00/0.00/6/0.00/0 	max 1761.42 mean 499.71
100 scores: min 3.00 	0.00/0.00/6/0.00/0 	max 1762.75 mean 465.10
100 scores: min 3.00 	0.00/0.00/6/0.00/0 	max 1762.25 mean 422.53
100 scores: min 3.00 	0.00/0.00/6/0.00/0 	max 1760.58 mean 477.63
100 scores: min 3.00 	0.00/0.00/6/0.00/0 	max 1755.25 mean 461.95
100 scores: min 3.00 	0.00/0.00/6/0.00/0 	max 759.25 mean 434.40
100 scores: min 3.00 	0.00/0.00/6/0.00/0 	max 762.58 mean 377.16
100 scores: min 3.00 	0.00/0.00/6/0.00/0 	max 2005.92 mean 422.12
100 scores: min 3.00 	0.00/0.00/6/0.00/0 	max 763.67 mean 392.39
100 scores: min 3.00 	0.00/0.00/6/0.00/0 	max 763.17 mean 332.20
100 scores: min 3.00 	0.00/0.00/6/0.00/0 	max 1260.92 mean 427.43
100 scores: min 3.00 	0.00/0.00/6/0.00/0 	max 1754.92 mean 392.40
100 scores: min 3.00 	0.00/0.00/6/0.00/0 	max 1757.58 mean 472.38
100 scores: min 3.00 	0.00/0.00/6/0.00/0 	max 1005.67 mean 394.95
100 scores: min 3.00 	0.00/0.00/6/0.00/0 	max 1005.17 mean 429.86
100 scores: min 3.00 	0.00/0.00/6/0.00/0 	max 1511.42 mean 442.30
100 scores: min 3.00 	0.00/0.00/6/0.00/0 	max 1760.75 mean 427.74
100 scores: min 3.00 	0.00/0.00/6/0.00/0 	max 1761.08 mean 447.30
100 scores: min 3.00 	0.00/0.00/6/0.00/0 	max 1004.84 mean 412.88
100 scores: min 3.00 	0.00/0.00/6/0.00/0 	max 2004.50 mean 399.37
100 scores: min 3.00 	0.00/0.00/6/0.00/0 	max 1754.75 mean 408.01
100 scores: min 3.00 	0.00/0.00/6/0.00/0 	max 1760.08 mean 420.00
100 scores: min 3.00 	0.00/0.00/6/0.00/0 	max 1254.84 mean 365.12
100 scores: min 3.00 	0.00/0.00/6/0.00/0 	max 1760.92 mean 406.86
100 scores: min 3.00 	0.00/0.00/6/0.00/0 	max 764.75 mean 412.89
100 scores: min 3.00 	0.00/0.00/6/0.00/0 	max 2004.50 mean 424.54
100 scores: min 3.00 	0.00/0.00/6/0.00/0 	max 1004.83 mean 384.66
100 scores: min 3.00 	0.00/0.00/6/0.00/0 	max 1756.00 mean 364.70
100 scores: min 3.00 	0.00/0.00/6/0.00/0 	max 1755.67 mean 447.30
100 scores: min 3.00 	0.00/0.00/6/0.00/0 	max 763.75 mean 387.69
100 scores: min 3.00 	0.00/0.00/6/0.00/0 	max 762.75 mean 379.91
100 scores: min 3.00 	0.00/0.00/6/0.00/0 	max 1755.58 mean 394.87
100 scores: min 3.00 	0.00/0.00/6/0.00/0 	max 1756.08 mean 454.92
100 scores: min 3.00 	0.00/0.00/6/0.00/0 	max 1755.83 mean 439.55
100 scores: min 3.00 	0.00/0.00/6/0.00/0 	max 1753.92 mean 407.05
100 scores: min 3.00 	0.00/0.00/6/0.00/0 	max 1756.67 mean 417.02
100 scores: min 3.00 	0.00/0.00/6/0.00/0 	max 1505.42 mean 429.72
100 scores: min 3.00 	0.00/0.00/6/0.00/0 	max 1755.92 mean 394.61
100 scores: min 3.00 	0.00/0.00/6/0.00/0 	max 2011.75 mean 379.82
100 scores: min 3.00 	0.00/0.00/6/0.00/0 	max 1761.75 mean 432.53
100 scores: min 3.00 	0.00/0.00/6/0.00/0 	max 1011.84 mean 399.64
100 scores: min 3.00 	0.00/0.00/6/0.00/0 	max 1753.92 mean 377.12
100 scores: min 3.00 	0.00/0.00/6/0.00/0 	max 1756.08 mean 435.21
100 scores: min 3.00 	0.00/0.00/6/0.00/0 	max 1761.25 mean 377.38
100 scores: min 3.00 	0.00/0.00/6/0.00/0 	max 2004.67 mean 394.80
100 scores: min 3.00 	0.00/0.00/6/0.00/0 	max 1755.33 mean 429.78
100 scores: min 3.00 	0.00/0.00/6/0.00/0 	max 762.33 mean 414.74
100 scores: min 3.00 	0.00/0.00/6/0.00/0 	max 1755.00 mean 449.45
100 scores: min 3.00 	0.00/0.00/6/0.00/0 	max 1503.42 mean 430.34
100 scores: min 3.00 	0.00/0.00/6/0.00/0 	max 2006.17 mean 447.55
100 scores: min 3.00 	0.00/0.00/6/0.00/0 	max 1259.67 mean 374.70
100 scores: min 3.00 	0.00/0.00/6/0.00/0 	max 2006.50 mean 429.69
100 scores: min 3.00 	0.00/0.00/6/0.00/0 	max 762.25 mean 375.00
100 scores: min 3.00 	0.00/0.00/6/0.00/0 	max 762.83 mean 439.79
100 scores: min 3.00 	0.00/0.00/6/0.00/0 	max 1256.67 mean 410.52
100 scores: min 3.00 	0.00/0.00/6/0.00/0 	max 762.83 mean 395.21
100 scores: min 3.00 	0.00/0.00/6/0.00/0 	max 2006.67 mean 452.63
100 scores: min 3.00 	0.00/0.00/6/0.00/0 	max 1755.25 mean 432.60
100 scores: min 3.00 	0.00/0.00/6/0.00/0 	max 1011.00 mean 425.75
100 scores: min 3.00 	0.00/0.00/6/0.00/0 	max 1760.92 mean 467.39
100 scores: min 3.00 	0.00/0.00/6/0.00/0 	max 1506.83 mean 375.37
100 scores: min 3.00 	0.00/0.00/6/0.00/0 	max 2755.75 mean 424.50
100 scores: min 3.00 	0.00/0.00/6/0.00/0 	max 2755.83 mean 392.67
100 scores: min 3.00 	0.00/0.00/6/0.00/0 	max 2012.25 mean 509.94
100 scores: min 3.00 	0.00/0.00/6/0.00/0 	max 1754.75 mean 432.47
100 scores: min 3.00 	0.00/0.00/6/0.00/0 	max 755.08 mean 364.57
100 scores: min 3.00 	0.00/0.00/6/0.00/0 	max 1762.25 mean 402.27
100 scores: min 3.00 	0.00/0.00/6/0.00/0 	max 1763.08 mean 437.49
100 scores: min 3.00 	0.00/0.00/6/0.00/0 	max 2012.00 mean 375.28
100 scores: min 3.00 	0.00/0.00/6/0.00/0 	max 2005.17 mean 467.32
100 scores: min 3.00 	0.00/0.00/6/0.00/0 	max 1759.42 mean 436.93
100 scores: min 3.00 	0.00/0.00/6/0.00/0 	max 1762.92 mean 435.31
100 scores: min 3.00 	0.00/0.00/6/0.00/0 	max 1760.42 mean 431.98
100 scores: min 3.00 	0.00/0.00/6/0.00/0 	max 2006.92 mean 406.78
100 scores: min 3.00 	0.00/0.00/6/0.00/0 	max 1762.25 mean 417.69
100 scores: min 3.00 	0.00/0.00/6/0.00/0 	max 760.75 mean 409.58
100 scores: min 3.00 	0.00/0.00/6/0.00/0 	max 762.08 mean 407.51
100 scores: min 3.00 	0.00/0.00/6/0.00/0 	max 1754.92 mean 437.57
100 scores: min 3.00 	0.00/0.00/6/0.00/0 	max 2007.00 mean 434.56
100 scores: min 3.00 	0.00/0.00/6/0.00/0 	max 1753.25 mean 469.88
100 scores: min 3.00 	0.00/0.00/6/0.00/0 	max 1760.25 mean 437.17
100 scores: min 3.00 	0.00/0.00/6/0.00/0 	max 1757.08 mean 399.72
100 scores: min 3.00 	0.00/0.00/6/0.00/0 	max 761.58 mean 406.58
100 scores: min 3.00 	0.00/0.00/6/0.00/0 	max 1762.58 mean 367.08
100 scores: min 3.00 	0.00/0.00/6/0.00/0 	max 1505.92 mean 394.87
100 scores: min 3.00 	0.00/0.00/6/0.00/0 	max 2005.67 mean 422.25
100 scores: min 3.00 	0.00/0.00/6/0.00/0 	max 1761.92 mean 462.35
100 scores: min 3.00 	0.00/0.00/6/0.00/0 	max 1761.75 mean 457.93
100 scores: min 3.00 	0.00/0.00/6/0.00/0 	max 1755.17 mean 369.79
100 scores: min 3.00 	0.00/0.00/6/0.00/0 	max 1005.00 mean 399.84
100 scores: min 3.00 	0.00/0.00/6/0.00/0 	max 2006.67 mean 399.81
100 scores: min 3.00 	0.00/0.00/6/0.00/0 	max 762.92 mean 397.95
100 scores: min 3.00 	0.00/0.00/6/0.00/0 	max 1755.75 mean 384.82
100 scores: min 3.00 	0.00/0.00/6/0.00/0 	max 1761.67 mean 389.54
100 scores: min 3.00 	0.00/0.00/6/0.00/0 	max 1763.17 mean 444.66
100 scores: min 3.00 	0.00/0.00/6/0.00/0 	max 1756.25 mean 404.49
100 scores: min 3.00 	0.00/0.00/6/0.00/0 	max 1759.42 mean 372.29
100 scores: min 3.00 	0.00/0.00/6/0.00/0 	max 1755.50 mean 394.98
100 scores: min 3.00 	0.00/0.00/6/0.00/0 	max 760.92 mean 427.70
100 scores: min 3.00 	0.00/0.00/6/0.00/0 	max 1763.08 mean 420.16
100 scores: min 3.00 	0.00/0.00/6/0.00/0 	max 1505.25 mean 414.71
100 scores: min 3.00 	0.00/0.00/6/0.00/0 	max 1755.25 mean 392.90
100 scores: min 3.00 	0.00/0.00/6/0.00/0 	max 1755.08 mean 417.40
100 scores: min 3.00 	0.00/0.00/6/0.00/0 	max 761.58 mean 366.85
100 scores: min 3.00 	0.00/0.00/6/0.00/0 	max 1755.92 mean 402.73
100 scores: min 3.00 	0.00/0.00/6/0.00/0 	max 1253.34 mean 392.04
100 scores: min 3.00 	0.00/0.00/6/0.00/0 	max 763.08 mean 134.83
100 scores: min 3.00 	0.00/0.00/6/0.00/0 	max 1759.42 mean 459.93
100 scores: min 3.00 	0.00/0.00/6/0.00/0 	max 1505.33 mean 379.68
100 scores: min 3.00 	0.00/0.00/6/0.00/0 	max 1754.00 mean 412.50
100 scores: min 3.00 	0.00/0.00/6/0.00/0 	max 1758.92 mean 399.93
100 scores: min 3.00 	0.00/0.00/6/0.00/0 	max 1760.25 mean 469.85
100 scores: min 3.00 	0.00/0.00/6/0.00/0 	max 1755.58 mean 99.80
100 scores: min 3.00 	0.00/0.00/6/0.00/0 	max 1753.50 mean 156.98
100 scores: min 3.00 	0.00/0.00/6/0.00/0 	max 1756.08 mean 146.98
100 scores: min 3.00 	0.00/0.00/6/0.00/0 	max 2013.50 mean 275.33
100 scores: min 3.00 	0.00/0.00/6/0.00/0 	max 755.42 mean 107.17
100 scores: min 3.00 	0.00/0.00/6/0.00/0 	max 1761.75 mean 129.67
100 scores: min 3.00 	0.00/0.00/6/0.00/0 	max 1755.50 mean 194.88
100 scores: min 3.00 	0.00/0.00/6/0.00/0 	max 2007.83 mean 164.65
100 scores: min 3.00 	0.00/0.00/6/0.00/0 	max 1755.75 mean 139.50
100 scores: min 3.00 	0.00/0.00/6/0.00/0 	max 1753.42 mean 127.47
100 scores: min 3.00 	0.00/0.00/6/0.00/0 	max 2010.17 mean 150.12
100 scores: min 3.00 	0.00/0.00/6/0.00/0 	max 1755.75 mean 154.87
100 scores: min 3.00 	0.00/0.00/6/0.00/0 	max 1753.42 mean 92.16
100 scores: min 3.00 	0.00/0.00/6/0.00/0 	max 1755.92 mean 96.88
100 scores: min 3.00 	0.00/0.00/6/0.00/0 	max 1259.50 mean 147.08
100 scores: min 3.00 	0.00/0.00/6/0.00/0 	max 758.58 mean 69.24
100 scores: min 3.00 	0.00/0.00/6/0.00/0 	max 1755.08 mean 189.96
100 scores: min 3.00 	0.00/0.00/6/0.00/0 	max 1755.58 mean 137.34
100 scores: min 3.00 	0.00/0.00/6/0.00/0 	max 1263.09 mean 154.95
100 scores: min 3.00 	0.00/0.00/6/0.00/0 	max 2005.25 mean 117.23
100 scores: min 3.00 	0.00/0.00/6/0.00/0 	max 1760.75 mean 477.34
100 scores: min 3.00 	0.00/0.00/6/0.00/0 	max 2755.83 mean 450.00
100 scores: min 3.00 	0.00/0.00/6/0.00/0 	max 1756.08 mean 434.57
100 scores: min 3.00 	0.00/0.00/6/0.00/0 	max 1754.83 mean 441.89
100 scores: min 3.00 	0.00/0.00/6/0.00/0 	max 1758.92 mean 427.18
100 scores: min 3.00 	0.00/0.00/6/0.00/0 	max 760.92 mean 420.02
100 scores: min 3.00 	0.00/0.00/6/0.00/0 	max 1258.25 mean 432.38
100 scores: min 3.00 	0.00/0.00/6/0.00/0 	max 1760.92 mean 467.41
100 scores: min 3.00 	0.00/0.00/6/0.00/0 	max 1753.58 mean 432.12
100 scores: min 3.00 	0.00/0.00/6/0.00/0 	max 1753.25 mean 404.55
100 scores: min 3.00 	0.00/0.00/6/0.00/0 	max 1760.92 mean 475.13
100 scores: min 3.00 	0.00/0.00/6/0.00/0 	max 1762.08 mean 475.02
100 scores: min 3.00 	0.00/0.00/6/0.00/0 	max 2009.50 mean 429.76
100 scores: min 3.00 	0.00/0.00/6/0.00/0 	max 1755.00 mean 454.93
100 scores: min 3.00 	0.00/0.00/6/0.00/0 	max 1759.75 mean 427.46
100 scores: min 3.00 	0.00/0.00/6/0.00/0 	max 1755.42 mean 429.72
100 scores: min 3.00 	0.00/0.00/6/0.00/0 	max 759.42 mean 354.62
100 scores: min 3.00 	0.00/0.00/6/0.00/0 	max 2005.25 mean 440.22
100 scores: min 3.00 	0.00/0.00/6/0.00/0 	max 1759.75 mean 440.52
100 scores: min 3.00 	0.00/0.00/6/0.00/0 	max 2010.50 mean 429.94
100 scores: min 3.00 	0.00/0.00/6/0.00/0 	max 756.08 mean 69.48
100 scores: min 3.00 	0.00/0.00/6/0.00/0 	max 1755.08 mean 115.01
100 scores: min 3.00 	0.00/0.00/6/0.00/0 	max 1755.58 mean 121.98
100 scores: min 3.00 	0.00/0.00/6/0.00/0 	max 1756.08 mean 157.34
100 scores: min 3.00 	0.00/0.00/6/0.00/0 	max 2005.83 mean 150.06
100 scores: min 3.00 	0.00/0.00/6/0.00/0 	max 755.33 mean 87.23
100 scores: min 3.00 	0.00/0.00/6/0.00/0 	max 1506.00 mean 147.42
100 scores: min 3.00 	0.00/0.00/6/0.00/0 	max 762.92 mean 122.06
100 scores: min 3.00 	0.00/0.00/6/0.00/0 	max 2755.33 mean 167.25
100 scores: min 3.00 	0.00/0.00/6/0.00/0 	max 2008.50 mean 164.60
100 scores: min 3.00 	0.00/0.00/6/0.00/0 	max 1013.67 mean 136.91
100 scores: min 3.00 	0.00/0.00/6/0.00/0 	max 2012.17 mean 82.06
100 scores: min 3.00 	0.00/0.00/6/0.00/0 	max 2755.33 mean 159.95
100 scores: min 3.00 	0.00/0.00/6/0.00/0 	max 2006.00 mean 116.98
100 scores: min 3.00 	0.00/0.00/6/0.00/0 	max 2005.50 mean 232.42
100 scores: min 3.00 	0.00/0.00/6/0.00/0 	max 1759.42 mean 149.86
100 scores: min 3.00 	0.00/0.00/6/0.00/0 	max 1753.42 mean 135.25
100 scores: min 3.00 	0.00/0.00/6/0.00/0 	max 1760.92 mean 107.10
100 scores: min 3.00 	0.00/0.00/6/0.00/0 	max 1761.25 mean 160.00
100 scores: min 3.00 	0.00/0.00/6/0.00/0 	max 1762.25 mean 159.86
100 scores: min 3.00 	0.00/0.00/6/0.00/0 	max 1755.42 mean 129.93
100 scores: min 3.00 	0.00/0.00/6/0.00/0 	max 1762.92 mean 172.49
100 scores: min 3.00 	0.00/0.00/6/0.00/0 	max 1761.58 mean 102.27
100 scores: min 3.00 	0.00/0.00/6/0.00/0 	max 1759.83 mean 152.35
100 scores: min 3.00 	0.00/0.00/6/0.00/0 	max 2005.17 mean 217.53
100 scores: min 3.00 	0.00/0.00/6/0.00/0 	max 1755.08 mean 187.07
100 scores: min 3.00 	0.00/0.00/6/0.00/0 	max 2010.83 mean 215.14
100 scores: min 3.00 	0.00/0.00/6/0.00/0 	max 1755.08 mean 124.53
100 scores: min 3.00 	0.00/0.00/6/0.00/0 	max 2005.17 mean 157.75
100 scores: min 3.00 	0.00/0.00/6/0.00/0 	max 1756.92 mean 159.62
100 scores: min 3.00 	0.00/0.00/6/0.00/0 	max 759.75 mean 107.14
100 scores: min 3.00 	0.00/0.00/6/0.00/0 	max 1753.42 mean 127.40
100 scores: min 3.00 	0.00/0.00/6/0.00/0 	max 1754.92 mean 125.37
100 scores: min 3.00 	0.00/0.00/6/0.00/0 	max 2005.42 mean 175.01
100 scores: min 3.00 	0.00/0.00/6/0.00/0 	max 763.92 mean 125.31
100 scores: min 3.00 	0.00/0.00/6/0.00/0 	max 1761.42 mean 152.79
100 scores: min 3.00 	0.00/0.00/6/0.00/0 	max 2505.83 mean 117.40
100 scores: min 3.00 	0.00/0.00/6/0.00/0 	max 1761.08 mean 110.28
100 scores: min 3.00 	0.00/0.00/6/0.00/0 	max 1755.25 mean 94.55
100 scores: min 3.00 	0.00/0.00/6/0.00/0 	max 2012.33 mean 167.49
100 scores: min 3.00 	0.00/0.00/6/0.00/0 	max 1005.50 mean 69.87
100 scores: min 3.00 	0.00/0.00/6/0.00/0 	max 1760.42 mean 149.86
100 scores: min 3.00 	0.00/0.00/6/0.00/0 	max 2755.58 mean 225.26
100 scores: min 3.00 	0.00/0.00/6/0.00/0 	max 1761.67 mean 124.71
100 scores: min 3.00 	0.00/0.00/6/0.00/0 	max 1761.42 mean 180.01
100 scores: min 3.00 	0.00/0.00/6/0.00/0 	max 762.58 mean 99.66
100 scores: min 3.00 	0.00/0.00/6/0.00/0 	max 1760.92 mean 170.01
100 scores: min 3.00 	0.00/0.00/6/0.00/0 	max 2006.42 mean 157.32
100 scores: min 3.00 	0.00/0.00/6/0.00/0 	max 1260.00 mean 150.22
100 scores: min 3.00 	0.00/0.00/6/0.00/0 	max 2005.92 mean 109.53
100 scores: min 3.00 	0.00/0.00/6/0.00/0 	max 1755.08 mean 116.60
100 scores: min 3.00 	0.00/0.00/6/0.00/0 	max 2005.50 mean 170.13
100 scores: min 3.00 	0.00/0.00/6/0.00/0 	max 1755.92 mean 114.88
100 scores: min 3.00 	0.00/0.00/6/0.00/0 	max 1756.25 mean 114.67
100 scores: min 3.00 	0.00/0.00/6/0.00/0 	max 1760.92 mean 169.73
100 scores: min 3.00 	0.00/0.00/6/0.00/0 	max 762.08 mean 114.77
100 scores: min 3.00 	0.00/0.00/6/0.00/0 	max 2004.83 mean 172.50
100 scores: min 3.00 	0.00/0.00/6/0.00/0 	max 1755.83 mean 197.59
100 scores: min 3.00 	0.00/0.00/6/0.00/0 	max 1755.58 mean 139.49
100 scores: min 3.00 	0.00/0.00/6/0.00/0 	max 1754.08 mean 121.93
100 scores: min 3.00 	0.00/0.00/6/0.00/0 	max 1755.75 mean 114.65
100 scores: min 3.00 	0.00/0.00/6/0.00/0 	max 1755.08 mean 129.99
100 scores: min 3.00 	0.00/0.00/6/0.00/0 	max 2005.75 mean 122.06
100 scores: min 3.00 	0.00/0.00/6/0.00/0 	max 1762.25 mean 150.20
100 scores: min 3.00 	0.00/0.00/6/0.00/0 	max 1763.08 mean 122.24
100 scores: min 3.00 	0.00/0.00/6/0.00/0 	max 1753.42 mean 94.81
100 scores: min 3.00 	0.00/0.00/6/0.00/0 	max 1755.25 mean 109.93
100 scores: min 3.00 	0.00/0.00/6/0.00/0 	max 2010.17 mean 174.96
100 scores: min 3.00 	0.00/0.00/6/0.00/0 	max 2005.17 mean 135.01
100 scores: min 3.00 	0.00/0.00/6/0.00/0 	max 515.00 mean 94.33
100 scores: min 3.00 	0.00/0.00/6/0.00/0 	max 2755.83 mean 137.20
100 scores: min 3.00 	0.00/0.00/6/0.00/0 	max 1505.50 mean 119.50
100 scores: min 3.00 	0.00/0.00/6/0.00/0 	max 2005.58 mean 129.68
100 scores: min 3.00 	0.00/0.00/6/0.00/0 	max 1755.33 mean 124.65
100 scores: min 3.00 	0.00/0.00/6/0.00/0 	max 1756.75 mean 167.51
100 scores: min 3.00 	0.00/0.00/6/0.00/0 	max 1755.33 mean 109.69
100 scores: min 3.00 	0.00/0.00/6/0.00/0 	max 1756.58 mean 162.41
100 scores: min 3.00 	0.00/0.00/6/0.00/0 	max 1503.25 mean 97.05
100 scores: min 3.00 	0.00/0.00/6/0.00/0 	max 1753.42 mean 124.71
100 scores: min 3.00 	0.00/0.00/6/0.00/0 	max 1756.75 mean 134.88
100 scores: min 3.00 	0.00/0.00/6/0.00/0 	max 2755.33 mean 124.72
100 scores: min 3.00 	0.00/0.00/6/0.00/0 	max 760.92 mean 84.52
100 scores: min 3.00 	0.00/0.00/6/0.00/0 	max 1764.25 mean 104.74
100 scores: min 3.00 	0.00/0.00/6/0.00/0 	max 2011.17 mean 132.54
100 scores: min 3.00 	0.00/0.00/6/0.00/0 	max 2013.67 mean 100.15
100 scores: min 3.00 	0.00/0.00/6/0.00/0 	max 762.25 mean 71.74
100 scores: min 3.00 	0.00/0.00/6/0.00/0 	max 1754.08 mean 217.77
100 scores: min 3.00 	0.00/0.00/6/0.00/0 	max 2755.50 mean 309.85
100 scores: min 3.00 	0.00/0.00/6/0.00/0 	max 1760.75 mean 426.89
100 scores: min 3.00 	0.00/0.00/6/0.00/0 	max 1756.42 mean 374.80
100 scores: min 3.00 	0.00/0.00/6/0.00/0 	max 1761.25 mean 417.34
100 scores: min 3.00 	0.00/0.00/6/0.00/0 	max 2755.92 mean 450.15
100 scores: min 3.00 	0.00/0.00/6/0.00/0 	max 2003.50 mean 462.42
100 scores: min 3.00 	0.00/0.00/6/0.00/0 	max 1761.75 mean 407.98
100 scores: min 3.00 	0.00/0.00/6/0.00/0 	max 2012.25 mean 427.36
100 scores: min 3.00 	0.00/0.00/6/0.00/0 	max 1762.92 mean 334.96
100 scores: min 3.00 	0.00/0.00/6/0.00/0 	max 2505.33 mean 440.30
100 scores: min 3.00 	0.00/0.00/6/0.00/0 	max 761.25 mean 332.72
100 scores: min 3.00 	0.00/0.00/6/0.00/0 	max 1754.25 mean 387.46
100 scores: min 3.00 	0.00/0.00/6/0.00/0 	max 1761.75 mean 397.60
100 scores: min 3.00 	0.00/0.00/6/0.00/0 	max 2003.50 mean 457.93
100 scores: min 3.00 	0.00/0.00/6/0.00/0 	max 1757.42 mean 418.15
100 scores: min 3.00 	0.00/0.00/6/0.00/0 	max 1755.75 mean 409.99
100 scores: min 3.00 	0.00/0.00/6/0.00/0 	max 1006.75 mean 372.04
100 scores: min 3.00 	0.00/0.00/6/0.00/0 	max 1757.25 mean 414.41
100 scores: min 3.00 	0.00/0.00/6/0.00/0 	max 1762.75 mean 422.53
100 scores: min 3.00 	0.00/0.00/6/0.00/0 	max 1760.92 mean 402.30
100 scores: min 3.00 	0.00/0.00/6/0.00/0 	max 1755.33 mean 374.89
100 scores: min 3.00 	0.00/0.00/6/0.00/0 	max 1758.25 mean 369.92
100 scores: min 3.00 	0.00/0.00/6/0.00/0 	max 1754.92 mean 469.77
100 scores: min 3.00 	0.00/0.00/6/0.00/0 	max 1759.08 mean 434.96
100 scores: min 3.00 	0.00/0.00/6/0.00/0 	max 1756.75 mean 489.29
100 scores: min 3.00 	0.00/0.00/6/0.00/0 	max 1760.58 mean 454.89
100 scores: min 3.00 	0.00/0.00/6/0.00/0 	max 1755.42 mean 479.81
100 scores: min 3.00 	0.00/0.00/6/0.00/0 	max 2506.33 mean 467.50
100 scores: min 3.00 	0.00/0.00/6/0.00/0 	max 2012.00 mean 452.46
100 scores: min 3.00 	0.00/0.00/6/0.00/0 	max 1754.42 mean 414.75
100 scores: min 3.00 	0.00/0.00/6/0.00/0 	max 761.25 mean 422.60
100 scores: min 3.00 	0.00/0.00/6/0.00/0 	max 1754.92 mean 400.18
100 scores: min 3.00 	0.00/0.00/6/0.00/0 	max 759.92 mean 399.53
100 scores: min 3.00 	0.00/0.00/6/0.00/0 	max 1753.25 mean 454.40
100 scores: min 3.00 	0.00/0.00/6/0.00/0 	max 1754.75 mean 434.73
100 scores: min 3.00 	0.00/0.00/6/0.00/0 	max 2262.42 mean 484.98
100 scores: min 3.00 	0.00/0.00/6/0.00/0 	max 1754.92 mean 442.09
100 scores: min 3.00 	0.00/0.00/6/0.00/0 	max 1755.75 mean 456.66
100 scores: min 3.00 	0.00/0.00/6/0.00/0 	max 1761.08 mean 439.61
100 scores: min 3.00 	0.00/0.00/6/0.00/0 	max 2010.75 mean 452.03
100 scores: min 3.00 	0.00/0.00/6/0.00/0 	max 2012.00 mean 487.10
100 scores: min 3.00 	0.00/0.00/6/0.00/0 	max 757.92 mean 386.87
100 scores: min 3.00 	0.00/0.00/6/0.00/0 	max 2005.33 mean 502.46
100 scores: min 3.00 	0.00/0.00/6/0.00/0 	max 1760.25 mean 389.76
100 scores: min 3.00 	0.00/0.00/6/0.00/0 	max 2012.00 mean 449.41
100 scores: min 3.00 	0.00/0.00/6/0.00/0 	max 1754.25 mean 440.00
100 scores: min 3.00 	0.00/0.00/6/0.00/0 	max 1753.25 mean 409.75
100 scores: min 3.00 	0.00/0.00/6/0.00/0 	max 1754.75 mean 446.84
100 scores: min 3.00 	0.00/0.00/6/0.00/0 	max 1755.08 mean 414.30
100 scores: min 3.00 	0.00/0.00/6/0.00/0 	max 1505.17 mean 442.03
100 scores: min 3.00 	0.00/0.00/6/0.00/0 	max 2756.67 mean 427.08
100 scores: min 3.00 	0.00/0.00/6/0.00/0 	max 1754.42 mean 404.79
100 scores: min 3.00 	0.00/0.00/6/0.00/0 	max 763.92 mean 385.03
100 scores: min 3.00 	0.00/0.00/6/0.00/0 	max 1006.00 mean 444.82
100 scores: min 3.00 	0.00/0.00/6/0.00/0 	max 1755.50 mean 477.26
100 scores: min 3.00 	0.00/0.00/6/0.00/0 	max 1755.25 mean 412.17
100 scores: min 3.00 	0.00/0.00/6/0.00/0 	max 762.08 mean 412.40
100 scores: min 3.00 	0.00/0.00/6/0.00/0 	max 1755.67 mean 399.83
100 scores: min 3.00 	0.00/0.00/6/0.00/0 	max 756.25 mean 397.46
100 scores: min 3.00 	0.00/0.00/6/0.00/0 	max 1756.08 mean 409.79
100 scores: min 3.00 	0.00/0.00/6/0.00/0 	max 2007.08 mean 434.77
100 scores: min 3.00 	0.00/0.00/6/0.00/0 	max 2006.17 mean 389.67
100 scores: min 3.00 	0.00/0.00/6/0.00/0 	max 1762.67 mean 419.35
100 scores: min 3.00 	0.00/0.00/6/0.00/0 	max 2005.58 mean 430.35
100 scores: min 3.00 	0.00/0.00/6/0.00/0 	max 1504.92 mean 402.46
100 scores: min 3.00 	0.00/0.00/6/0.00/0 	max 1505.50 mean 402.60
100 scores: min 3.00 	0.00/0.00/6/0.00/0 	max 1755.75 mean 397.65
100 scores: min 3.00 	0.00/0.00/6/0.00/0 	max 1761.92 mean 389.58
100 scores: min 3.00 	0.00/0.00/6/0.00/0 	max 1753.58 mean 361.96
100 scores: min 3.00 	0.00/0.00/6/0.00/0 	max 2013.00 mean 489.95
100 scores: min 3.00 	0.00/0.00/6/0.00/0 	max 1259.84 mean 384.53
100 scores: min 3.00 	0.00/0.00/6/0.00/0 	max 1755.42 mean 444.94
100 scores: min 3.00 	0.00/0.00/6/0.00/0 	max 1755.25 mean 417.18
100 scores: min 3.00 	0.00/0.00/6/0.00/0 	max 2011.33 mean 452.05
100 scores: min 3.00 	0.00/0.00/6/0.00/0 	max 1755.58 mean 445.19
100 scores: min 3.00 	0.00/0.00/6/0.00/0 	max 2005.58 mean 462.16
100 scores: min 3.00 	0.00/0.00/6/0.00/0 	max 2003.50 mean 417.20
100 scores: min 3.00 	0.00/0.00/6/0.00/0 	max 1510.75 mean 392.98
100 scores: min 3.00 	0.00/0.00/6/0.00/0 	max 2005.17 mean 404.75
100 scores: min 3.00 	0.00/0.00/6/0.00/0 	max 2005.33 mean 455.05
100 scores: min 3.00 	0.00/0.00/6/0.00/0 	max 1761.33 mean 404.95
100 scores: min 3.00 	0.00/0.00/6/0.00/0 	max 763.08 mean 419.97
100 scores: min 3.00 	0.00/0.00/6/0.00/0 	max 1759.42 mean 435.13
100 scores: min 3.00 	0.00/0.00/6/0.00/0 	max 2003.50 mean 422.46
100 scores: min 3.00 	0.00/0.00/6/0.00/0 	max 2003.50 mean 437.27
100 scores: min 3.00 	0.00/0.00/6/0.00/0 	max 760.42 mean 407.05
100 scores: min 3.00 	0.00/0.00/6/0.00/0 	max 2003.50 mean 419.81
100 scores: min 3.00 	0.00/0.00/6/0.00/0 	max 2005.08 mean 407.28
100 scores: min 3.00 	0.00/0.00/6/0.00/0 	max 2003.50 mean 447.84
100 scores: min 3.00 	0.00/0.00/6/0.00/0 	max 2003.50 mean 465.24
100 scores: min 3.00 	0.00/0.00/6/0.00/0 	max 1761.25 mean 417.51
100 scores: min 3.00 	0.00/0.00/6/0.00/0 	max 1756.50 mean 449.76
100 scores: min 3.00 	0.00/0.00/6/0.00/0 	max 1755.58 mean 437.38
100 scores: min 3.00 	0.00/0.00/6/0.00/0 	max 1755.42 mean 419.70
100 scores: min 3.00 	0.00/0.00/6/0.00/0 	max 1755.33 mean 419.48
100 scores: min 3.00 	0.00/0.00/6/0.00/0 	max 1760.42 mean 407.21
100 scores: min 3.00 	0.00/0.00/6/0.00/0 	max 1755.42 mean 404.47
100 scores: min 3.00 	0.00/0.00/6/0.00/0 	max 1760.75 mean 417.52
100 scores: min 3.00 	0.00/0.00/6/0.00/0 	max 1758.42 mean 472.78
100 scores: min 3.00 	0.00/0.00/6/0.00/0 	max 1761.58 mean 409.63
100 scores: min 3.00 	0.00/0.00/6/0.00/0 	max 1510.75 mean 382.42
100 scores: min 3.00 	0.00/0.00/6/0.00/0 	max 1753.75 mean 429.53
100 scores: min 3.00 	0.00/0.00/6/0.00/0 	max 1754.42 mean 414.67
100 scores: min 3.00 	0.00/0.00/6/0.00/0 	max 2011.25 mean 425.47
100 scores: min 3.00 	0.00/0.00/6/0.00/0 	max 1759.92 mean 477.52
100 scores: min 3.00 	0.00/0.00/6/0.00/0 	max 1753.75 mean 385.07
100 scores: min 3.00 	0.00/0.00/6/0.00/0 	max 1754.42 mean 392.28
100 scores: min 3.00 	0.00/0.00/6/0.00/0 	max 2005.83 mean 447.36
100 scores: min 3.00 	0.00/0.00/6/0.00/0 	max 1755.67 mean 445.27
100 scores: min 3.00 	0.00/0.00/6/0.00/0 	max 1753.42 mean 410.24
100 scores: min 3.00 	0.00/0.00/6/0.00/0 	max 1505.42 mean 444.67
100 scores: min 3.00 	0.00/0.00/6/0.00/0 	max 1006.08 mean 392.22
100 scores: min 3.00 	0.00/0.00/6/0.00/0 	max 1762.08 mean 434.62
100 scores: min 3.00 	0.00/0.00/6/0.00/0 	max 1760.92 mean 595.27
100 scores: min 3.00 	0.00/0.00/6/0.00/0 	max 1758.58 mean 539.76
100 scores: min 3.00 	0.00/0.00/6/0.00/0 	max 1755.58 mean 555.00
100 scores: min 3.00 	0.00/0.00/6/0.00/0 	max 762.92 mean 550.17
100 scores: min 3.00 	0.00/0.00/6/0.00/0 	max 1762.08 mean 657.81
100 scores: min 3.00 	0.00/0.00/6/0.00/0 	max 762.42 mean 557.27
100 scores: min 3.00 	0.00/0.00/6/0.00/0 	max 2006.75 mean 569.95
100 scores: min 3.00 	0.00/0.00/6/0.00/0 	max 1755.75 mean 592.96
100 scores: min 3.00 	0.00/0.00/6/0.00/0 	max 761.42 mean 504.86
100 scores: min 3.00 	0.00/0.00/6/0.00/0 	max 762.25 mean 530.14
100 scores: min 3.00 	0.00/0.00/6/0.00/0 	max 2014.17 mean 522.14
100 scores: min 3.00 	0.00/0.00/6/0.00/0 	max 2005.92 mean 550.01
100 scores: min 3.00 	0.00/0.00/6/0.00/0 	max 2261.09 mean 527.84
100 scores: min 3.00 	0.00/0.00/6/0.00/0 	max 1753.25 mean 572.36
100 scores: min 3.00 	0.00/0.00/6/0.00/0 	max 761.08 mean 519.43
100 scores: min 3.00 	0.00/0.00/6/0.00/0 	max 2012.67 mean 542.00
100 scores: min 3.00 	0.00/0.00/6/0.00/0 	max 1760.50 mean 557.51
100 scores: min 3.00 	0.00/0.00/6/0.00/0 	max 1756.75 mean 561.88
100 scores: min 3.00 	0.00/0.00/6/0.00/0 	max 1755.83 mean 652.56
100 scores: min 3.00 	0.00/0.00/6/0.00/0 	max 1753.25 mean 554.53
100 scores: min 3.00 	0.00/0.00/6/0.00/0 	max 1255.75 mean 534.97
100 scores: min 3.00 	0.00/0.00/6/0.00/0 	max 1758.25 mean 539.58
100 scores: min 3.00 	0.00/0.00/6/0.00/0 	max 1753.42 mean 562.62
100 scores: min 3.00 	0.00/0.00/6/0.00/0 	max 1760.42 mean 555.11
100 scores: min 3.00 	0.00/0.00/6/0.00/0 	max 762.25 mean 532.26
100 scores: min 3.00 	0.00/0.00/6/0.00/0 	max 1761.92 mean 554.65
100 scores: min 3.00 	0.00/0.00/6/0.00/0 	max 1753.25 mean 579.96
100 scores: min 3.00 	0.00/0.00/6/0.00/0 	max 2004.67 mean 592.07
100 scores: min 3.00 	0.00/0.00/6/0.00/0 	max 1758.58 mean 582.28
100 scores: min 3.00 	0.00/0.00/6/0.00/0 	max 761.75 mean 539.42
100 scores: min 3.00 	0.00/0.00/6/0.00/0 	max 1760.75 mean 529.88
100 scores: min 3.00 	0.00/0.00/6/0.00/0 	max 2005.50 mean 527.64
100 scores: min 3.00 	0.00/0.00/6/0.00/0 	max 1760.08 mean 589.39
100 scores: min 3.00 	0.00/0.00/6/0.00/0 	max 2010.67 mean 647.58
100 scores: min 3.00 	0.00/0.00/6/0.00/0 	max 1761.92 mean 589.84
100 scores: min 3.00 	0.00/0.00/6/0.00/0 	max 760.75 mean 535.02
100 scores: min 3.00 	0.00/0.00/6/0.00/0 	max 1758.08 mean 599.95
100 scores: min 3.00 	0.00/0.00/6/0.00/0 	max 760.75 mean 559.75
100 scores: min 3.00 	0.00/0.00/6/0.00/0 	max 761.25 mean 585.30
100 scores: min 3.00 	0.00/0.00/6/0.00/0 	max 1758.58 mean 502.23
100 scores: min 3.00 	0.00/0.00/6/0.00/0 	max 1760.42 mean 557.24
100 scores: min 3.00 	0.00/0.00/6/0.00/0 	max 1753.25 mean 597.39
100 scores: min 3.00 	0.00/0.00/6/0.00/0 	max 1759.08 mean 582.43
100 scores: min 3.00 	0.00/0.00/6/0.00/0 	max 1755.08 mean 627.37
100 scores: min 3.00 	0.00/0.00/6/0.00/0 	max 1760.92 mean 605.10
100 scores: min 3.00 	0.00/0.00/6/0.00/0 	max 2755.50 mean 542.70
100 scores: min 3.00 	0.00/0.00/6/0.00/0 	max 1762.92 mean 579.90
100 scores: min 3.00 	0.00/0.00/6/0.00/0 	max 764.08 mean 557.37
100 scores: min 3.00 	0.00/0.00/6/0.00/0 	max 761.75 mean 519.88
100 scores: min 3.00 	0.00/0.00/6/0.00/0 	max 2006.08 mean 644.70
100 scores: min 3.00 	0.00/0.00/6/0.00/0 	max 2007.25 mean 579.34
100 scores: min 3.00 	0.00/0.00/6/0.00/0 	max 761.25 mean 504.80
100 scores: min 3.00 	0.00/0.00/6/0.00/0 	max 1755.08 mean 534.72
100 scores: min 3.00 	0.00/0.00/6/0.00/0 	max 1760.08 mean 602.38
100 scores: min 3.00 	0.00/0.00/6/0.00/0 	max 1762.42 mean 570.08
100 scores: min 3.00 	0.00/0.00/6/0.00/0 	max 763.75 mean 559.76
100 scores: min 3.00 	0.00/0.00/6/0.00/0 	max 1759.92 mean 637.20
100 scores: min 3.00 	0.00/0.00/6/0.00/0 	max 1011.34 mean 550.18
100 scores: min 3.00 	0.00/0.00/6/0.00/0 	max 1762.42 mean 509.97
100 scores: min 3.00 	0.00/0.00/6/0.00/0 	max 1254.67 mean 592.35
100 scores: min 3.00 	0.00/0.00/6/0.00/0 	max 1753.42 mean 610.21
100 scores: min 3.00 	0.00/0.00/6/0.00/0 	max 1759.25 mean 524.85
100 scores: min 3.00 	0.00/0.00/6/0.00/0 	max 1755.92 mean 570.09
100 scores: min 3.00 	0.00/0.00/6/0.00/0 	max 1755.42 mean 587.24
100 scores: min 3.00 	0.00/0.00/6/0.00/0 	max 762.42 mean 537.55
100 scores: min 3.00 	0.00/0.00/6/0.00/0 	max 1761.75 mean 622.13
100 scores: min 3.00 	0.00/0.00/6/0.00/0 	max 1761.42 mean 572.86
100 scores: min 3.00 	0.00/0.00/6/0.00/0 	max 1760.25 mean 512.50
100 scores: min 3.00 	0.00/0.00/6/0.00/0 	max 1753.75 mean 539.70
100 scores: min 3.00 	0.00/0.00/6/0.00/0 	max 1755.25 mean 569.85
100 scores: min 3.00 	0.00/0.00/6/0.00/0 	max 1756.25 mean 582.46
100 scores: min 3.00 	0.00/0.00/6/0.00/0 	max 2004.83 mean 387.14
100 scores: min 3.00 	0.00/0.00/6/0.00/0 	max 1756.92 mean 407.22
100 scores: min 3.00 	0.00/0.00/6/0.00/0 	max 1505.42 mean 434.72
100 scores: min 3.00 	0.00/0.00/6/0.00/0 	max 761.75 mean 414.81
100 scores: min 3.00 	0.00/0.00/6/0.00/0 	max 1753.25 mean 432.10
100 scores: min 3.00 	0.00/0.00/6/0.00/0 	max 757.08 mean 82.11
100 scores: min 3.00 	0.00/0.00/6/0.00/0 	max 1503.75 mean 116.71
100 scores: min 3.00 	0.00/0.00/6/0.00/0 	max 762.92 mean 87.60
100 scores: min 3.00 	0.00/0.00/6/0.00/0 	max 1004.83 mean 72.69
100 scores: min 3.00 	0.00/0.00/6/0.00/0 	max 1757.25 mean 437.14
100 scores: min 3.00 	0.00/0.00/6/0.00/0 	max 762.08 mean 364.77
100 scores: min 3.00 	0.00/0.00/6/0.00/0 	max 755.25 mean 397.33
100 scores: min 3.00 	0.00/0.00/6/0.00/0 	max 2005.83 mean 427.36
100 scores: min 3.00 	0.00/0.00/6/0.00/0 	max 1756.08 mean 394.39
100 scores: min 3.00 	0.00/0.00/6/0.00/0 	max 1761.08 mean 407.41
100 scores: min 3.00 	0.00/0.00/6/0.00/0 	max 1761.75 mean 109.53
100 scores: min 3.00 	0.00/0.00/6/0.00/0 	max 2504.17 mean 130.40
100 scores: min 3.00 	0.00/0.00/6/0.00/0 	max 1757.08 mean 147.54
100 scores: min 3.00 	0.00/0.00/6/0.00/0 	max 2006.17 mean 99.32
100 scores: min 3.00 	0.00/0.00/6/0.00/0 	max 2754.50 mean 106.79
100 scores: min 3.00 	0.00/0.00/6/0.00/0 	max 1504.83 mean 99.43
100 scores: min 3.00 	0.00/0.00/6/0.00/0 	max 2004.83 mean 180.07
100 scores: min 3.00 	0.00/0.00/6/0.00/0 	max 763.25 mean 92.46
100 scores: min 3.00 	0.00/0.00/6/0.00/0 	max 1760.42 mean 129.67
100 scores: min 3.00 	0.00/0.00/6/0.00/0 	max 1756.75 mean 119.93
100 scores: min 3.00 	0.00/0.00/6/0.00/0 	max 1755.08 mean 119.73
100 scores: min 3.00 	0.00/0.00/6/0.00/0 	max 763.08 mean 109.93
100 scores: min 3.00 	0.00/0.00/6/0.00/0 	max 1006.50 mean 97.19
100 scores: min 3.00 	0.00/0.00/6/0.00/0 	max 1755.00 mean 144.58
100 scores: min 3.00 	0.00/0.00/6/0.00/0 	max 2013.00 mean 213.11
100 scores: min 3.00 	0.00/0.00/6/0.00/0 	max 1760.25 mean 454.99
100 scores: min 3.00 	0.00/0.00/6/0.00/0 	max 762.75 mean 380.02
100 scores: min 3.00 	0.00/0.00/6/0.00/0 	max 759.75 mean 382.38
100 scores: min 3.00 	0.00/0.00/6/0.00/0 	max 1761.08 mean 382.19
100 scores: min 3.00 	0.00/0.00/6/0.00/0 	max 760.08 mean 379.81
100 scores: min 3.00 	0.00/0.00/6/0.00/0 	max 1758.08 mean 430.03
100 scores: min 3.00 	0.00/0.00/6/0.00/0 	max 1754.33 mean 397.26
100 scores: min 3.00 	0.00/0.00/6/0.00/0 	max 2005.67 mean 468.11
100 scores: min 3.00 	0.00/0.00/6/0.00/0 	max 1757.08 mean 417.06
100 scores: min 3.00 	0.00/0.00/6/0.00/0 	max 1753.58 mean 400.00
100 scores: min 3.00 	0.00/0.00/6/0.00/0 	max 1763.08 mean 412.17
100 scores: min 3.00 	0.00/0.00/6/0.00/0 	max 1759.42 mean 482.37
100 scores: min 3.00 	0.00/0.00/6/0.00/0 	max 2012.00 mean 417.63
100 scores: min 3.00 	0.00/0.00/6/0.00/0 	max 2755.00 mean 457.64
100 scores: min 3.00 	0.00/0.00/6/0.00/0 	max 1761.08 mean 434.90
100 scores: min 3.00 	0.00/0.00/6/0.00/0 	max 1756.00 mean 410.12
100 scores: min 3.00 	0.00/0.00/6/0.00/0 	max 1756.75 mean 434.90
100 scores: min 3.00 	0.00/0.00/6/0.00/0 	max 1761.92 mean 437.41
100 scores: min 3.00 	0.00/0.00/6/0.00/0 	max 1759.58 mean 472.23
100 scores: min 3.00 	0.00/0.00/6/0.00/0 	max 1763.75 mean 452.36
100 scores: min 3.00 	0.00/0.00/6/0.00/0 	max 2003.67 mean 454.72
100 scores: min 3.00 	0.00/0.00/6/0.00/0 	max 1762.08 mean 427.28
100 scores: min 3.00 	0.00/0.00/6/0.00/0 	max 1761.58 mean 479.98
100 scores: min 3.00 	0.00/0.00/6/0.00/0 	max 1758.25 mean 437.57
100 scores: min 3.00 	0.00/0.00/6/0.00/0 	max 1260.81 mean 437.97
100 scores: min 3.00 	0.00/0.00/6/0.00/0 	max 1757.42 mean 437.42
100 scores: min 3.00 	0.00/0.00/6/0.00/0 	max 761.42 mean 402.16
100 scores: min 3.00 	0.00/0.00/6/0.00/0 	max 2756.25 mean 599.93
100 scores: min 3.00 	0.00/0.00/6/0.00/0 	max 2003.67 mean 397.05
100 scores: min 3.00 	0.00/0.00/6/0.00/0 	max 1760.58 mean 439.69
100 scores: min 3.00 	0.00/0.00/6/0.00/0 	max 1756.33 mean 457.86
100 scores: min 3.00 	0.00/0.00/6/0.00/0 	max 1757.50 mean 450.06
100 scores: min 3.00 	0.00/0.00/6/0.00/0 	max 1755.25 mean 464.74
100 scores: min 3.00 	0.00/0.00/6/0.00/0 	max 761.75 mean 397.30
100 scores: min 3.00 	0.00/0.00/6/0.00/0 	max 1506.17 mean 404.96
100 scores: min 3.00 	0.00/0.00/6/0.00/0 	max 755.75 mean 401.90
100 scores: min 3.00 	0.00/0.00/6/0.00/0 	max 1757.92 mean 384.54
100 scores: min 3.00 	0.00/0.00/6/0.00/0 	max 1755.25 mean 345.03
100 scores: min 3.00 	0.00/0.00/6/0.00/0 	max 1509.25 mean 454.87
100 scores: min 3.00 	0.00/0.00/6/0.00/0 	max 754.75 mean 395.24
100 scores: min 3.00 	0.00/0.00/6/0.00/0 	max 1755.58 mean 512.56
100 scores: min 3.00 	0.00/0.00/6/0.00/0 	max 760.92 mean 407.27
100 scores: min 3.00 	0.00/0.00/6/0.00/0 	max 1756.33 mean 464.95
100 scores: min 3.00 	0.00/0.00/6/0.00/0 	max 760.25 mean 365.28
100 scores: min 3.00 	0.00/0.00/6/0.00/0 	max 763.58 mean 482.73
100 scores: min 3.00 	0.00/0.00/6/0.00/0 	max 761.42 mean 86.72
100 scores: min 3.00 	0.00/0.00/6/0.00/0 	max 1760.25 mean 139.79
100 scores: min 3.00 	0.00/0.00/6/0.00/0 	max 2756.67 mean 164.58
100 scores: min 3.00 	0.00/0.00/6/0.00/0 	max 760.92 mean 74.64
100 scores: min 3.00 	0.00/0.00/6/0.00/0 	max 762.75 mean 112.29
100 scores: min 3.00 	0.00/0.00/6/0.00/0 	max 761.42 mean 86.98
100 scores: min 3.00 	0.00/0.00/6/0.00/0 	max 1758.42 mean 115.08
100 scores: min 3.00 	0.00/0.00/6/0.00/0 	max 2005.33 mean 119.70
100 scores: min 3.00 	0.00/0.00/6/0.00/0 	max 755.75 mean 84.72
100 scores: min 3.00 	0.00/0.00/6/0.00/0 	max 1755.42 mean 114.74
100 scores: min 3.00 	0.00/0.00/6/0.00/0 	max 1012.17 mean 124.88
100 scores: min 3.00 	0.00/0.00/6/0.00/0 	max 1760.75 mean 91.98
100 scores: min 3.00 	0.00/0.00/6/0.00/0 	max 1011.67 mean 109.79
100 scores: min 3.00 	0.00/0.00/6/0.00/0 	max 2011.67 mean 374.85
100 scores: min 3.00 	0.00/0.00/6/0.00/0 	max 761.25 mean 387.51
100 scores: min 3.00 	0.00/0.00/6/0.00/0 	max 2011.33 mean 407.81
100 scores: min 3.00 	0.00/0.00/6/0.00/0 	max 1760.08 mean 362.55
100 scores: min 3.00 	0.00/0.00/6/0.00/0 	max 1755.42 mean 130.38
100 scores: min 3.00 	0.00/0.00/6/0.00/0 	max 762.83 mean 160.07
100 scores: min 3.00 	0.00/0.00/6/0.00/0 	max 2010.83 mean 167.42
100 scores: min 3.00 	0.00/0.00/6/0.00/0 	max 1755.33 mean 114.60
100 scores: min 3.00 	0.00/0.00/6/0.00/0 	max 1759.75 mean 144.70
100 scores: min 3.00 	0.00/0.00/6/0.00/0 	max 1759.92 mean 139.52
100 scores: min 3.00 	0.00/0.00/6/0.00/0 	max 1756.00 mean 142.39
100 scores: min 3.00 	0.00/0.00/6/0.00/0 	max 1004.67 mean 134.89
100 scores: min 3.00 	0.00/0.00/6/0.00/0 	max 1753.58 mean 152.58
100 scores: min 3.00 	0.00/0.00/6/0.00/0 	max 1262.75 mean 142.55
100 scores: min 3.00 	0.00/0.00/6/0.00/0 	max 2011.33 mean 167.61
100 scores: min 3.00 	0.00/0.00/6/0.00/0 	max 1755.42 mean 132.33
100 scores: min 3.00 	0.00/0.00/6/0.00/0 	max 1755.92 mean 134.74
100 scores: min 3.00 	0.00/0.00/6/0.00/0 	max 1753.25 mean 181.95
100 scores: min 3.00 	0.00/0.00/6/0.00/0 	max 1009.31 mean 99.49
100 scores: min 3.00 	0.00/0.00/6/0.00/0 	max 1762.67 mean 141.95
100 scores: min 3.00 	0.00/0.00/6/0.00/0 	max 1761.08 mean 126.67
100 scores: min 3.00 	0.00/0.00/6/0.00/0 	max 1763.58 mean 134.78
100 scores: min 3.00 	0.00/0.00/6/0.00/0 	max 753.25 mean 82.38
100 scores: min 3.00 	0.00/0.00/6/0.00/0 	max 2008.17 mean 132.40
100 scores: min 3.00 	0.00/0.00/6/0.00/0 	max 1004.84 mean 92.40
100 scores: min 3.00 	0.00/0.00/6/0.00/0 	max 761.58 mean 124.63
100 scores: min 3.00 	0.00/0.00/6/0.00/0 	max 760.58 mean 106.90
100 scores: min 3.00 	0.00/0.00/6/0.00/0 	max 757.42 mean 114.06
100 scores: min 3.00 	0.00/0.00/6/0.00/0 	max 1757.25 mean 144.59
100 scores: min 3.00 	0.00/0.00/6/0.00/0 	max 1756.08 mean 112.22
100 scores: min 3.00 	0.00/0.00/6/0.00/0 	max 1261.14 mean 102.34
100 scores: min 3.00 	0.00/0.00/6/0.00/0 	max 1753.58 mean 136.85
100 scores: min 3.00 	0.00/0.00/6/0.00/0 	max 1757.67 mean 152.18
100 scores: min 3.00 	0.00/0.00/6/0.00/0 	max 1753.58 mean 94.31
100 scores: min 3.00 	0.00/0.00/6/0.00/0 	max 1755.33 mean 127.14
100 scores: min 3.00 	0.00/0.00/6/0.00/0 	max 2006.00 mean 124.64
100 scores: min 3.00 	0.00/0.00/6/0.00/0 	max 1505.83 mean 87.53
100 scores: min 3.00 	0.00/0.00/6/0.00/0 	max 1755.83 mean 129.37
100 scores: min 3.00 	0.00/0.00/6/0.00/0 	max 1511.42 mean 124.58
100 scores: min 3.00 	0.00/0.00/6/0.00/0 	max 761.08 mean 102.13
100 scores: min 3.00 	0.00/0.00/6/0.00/0 	max 763.75 mean 109.35
100 scores: min 3.00 	0.00/0.00/6/0.00/0 	max 2005.67 mean 375.25
100 scores: min 3.00 	0.00/0.00/6/0.00/0 	max 762.00 mean 377.45
100 scores: min 3.00 	0.00/0.00/6/0.00/0 	max 2005.50 mean 429.73
100 scores: min 3.00 	0.00/0.00/6/0.00/0 	max 1760.08 mean 422.36
100 scores: min 3.00 	0.00/0.00/6/0.00/0 	max 1259.75 mean 394.65
100 scores: min 3.00 	0.00/0.00/6/0.00/0 	max 759.42 mean 74.57
100 scores: min 3.00 	0.00/0.00/6/0.00/0 	max 1761.75 mean 174.90
100 scores: min 3.00 	0.00/0.00/6/0.00/0 	max 2011.67 mean 145.04
100 scores: min 3.00 	0.00/0.00/6/0.00/0 	max 1754.75 mean 82.00
100 scores: min 3.00 	0.00/0.00/6/0.00/0 	max 1756.92 mean 107.04
100 scores: min 3.00 	0.00/0.00/6/0.00/0 	max 1756.08 mean 94.19
100 scores: min 3.00 	0.00/0.00/6/0.00/0 	max 1762.08 mean 164.62
100 scores: min 3.00 	0.00/0.00/6/0.00/0 	max 1755.75 mean 147.01
100 scores: min 3.00 	0.00/0.00/6/0.00/0 	max 1755.92 mean 172.40
100 scores: min 3.00 	0.00/0.00/6/0.00/0 	max 1761.33 mean 149.81
100 scores: min 3.00 	0.00/0.00/6/0.00/0 	max 1761.58 mean 142.58
100 scores: min 3.00 	0.00/0.00/6/0.00/0 	max 1755.67 mean 114.82
100 scores: min 3.00 	0.00/0.00/6/0.00/0 	max 1755.75 mean 102.07
100 scores: min 3.00 	0.00/0.00/6/0.00/0 	max 1759.75 mean 110.07
100 scores: min 3.00 	0.00/0.00/6/0.00/0 	max 2007.17 mean 122.11
100 scores: min 3.00 	0.00/0.00/6/0.00/0 	max 1759.00 mean 89.57
100 scores: min 3.00 	0.00/0.00/6/0.00/0 	max 1760.08 mean 94.79
100 scores: min 3.00 	0.00/0.00/6/0.00/0 	max 1754.92 mean 140.02
100 scores: min 3.00 	0.00/0.00/6/0.00/0 	max 1755.58 mean 91.91
100 scores: min 3.00 	0.00/0.00/6/0.00/0 	max 761.25 mean 81.86
100 scores: min 3.00 	0.00/0.00/6/0.00/0 	max 1761.25 mean 124.83
100 scores: min 3.00 	0.00/0.00/6/0.00/0 	max 1761.25 mean 132.02
100 scores: min 3.00 	0.00/0.00/6/0.00/0 	max 1755.42 mean 81.84
100 scores: min 3.00 	0.00/0.00/6/0.00/0 	max 761.08 mean 102.20
100 scores: min 3.00 	0.00/0.00/6/0.00/0 	max 1760.08 mean 129.54
100 scores: min 3.00 	0.00/0.00/6/0.00/0 	max 1506.00 mean 92.72
100 scores: min 3.00 	0.00/0.00/6/0.00/0 	max 1757.25 mean 159.79
100 scores: min 3.00 	0.00/0.00/6/0.00/0 	max 1754.92 mean 102.32
100 scores: min 3.00 	0.00/0.00/6/0.00/0 	max 761.92 mean 132.22
100 scores: min 3.00 	0.00/0.00/6/0.00/0 	max 753.42 mean 94.60
100 scores: min 3.00 	0.00/0.00/6/0.00/0 	max 1760.92 mean 162.57
100 scores: min 3.00 	0.00/0.00/6/0.00/0 	max 1509.42 mean 72.16
100 scores: min 3.00 	0.00/0.00/6/0.00/0 	max 2011.67 mean 169.77
100 scores: min 3.00 	0.00/0.00/6/0.00/0 	max 763.25 mean 67.30
100 scores: min 3.00 	0.00/0.00/6/0.00/0 	max 1760.75 mean 117.25
100 scores: min 3.00 	0.00/0.00/6/0.00/0 	max 1753.25 mean 140.11
100 scores: min 3.00 	0.00/0.00/6/0.00/0 	max 762.25 mean 110.06
100 scores: min 3.00 	0.00/0.00/6/0.00/0 	max 2005.17 mean 94.08
100 scores: min 3.00 	0.00/0.00/6/0.00/0 	max 1760.75 mean 407.47
100 scores: min 3.00 	0.00/0.00/6/0.00/0 	max 2011.50 mean 452.55
100 scores: min 3.00 	0.00/0.00/6/0.00/0 	max 1756.58 mean 424.41
100 scores: min 3.00 	0.00/0.00/6/0.00/0 	max 760.58 mean 384.61
100 scores: min 3.00 	0.00/0.00/6/0.00/0 	max 2012.83 mean 429.80
100 scores: min 3.00 	0.00/0.00/6/0.00/0 	max 1508.50 mean 406.71
100 scores: min 3.00 	0.00/0.00/6/0.00/0 	max 762.25 mean 379.40
100 scores: min 3.00 	0.00/0.00/6/0.00/0 	max 760.92 mean 415.57
100 scores: min 3.00 	0.00/0.00/6/0.00/0 	max 1256.17 mean 397.20
100 scores: min 3.00 	0.00/0.00/6/0.00/0 	max 1753.58 mean 417.20
100 scores: min 3.00 	0.00/0.00/6/0.00/0 	max 1753.25 mean 379.60
100 scores: min 3.00 	0.00/0.00/6/0.00/0 	max 1760.42 mean 414.91
100 scores: min 3.00 	0.00/0.00/6/0.00/0 	max 2013.33 mean 394.37
100 scores: min 3.00 	0.00/0.00/6/0.00/0 	max 763.58 mean 375.17
100 scores: min 3.00 	0.00/0.00/6/0.00/0 	max 2014.00 mean 384.43
100 scores: min 3.00 	0.00/0.00/6/0.00/0 	max 761.25 mean 391.97
100 scores: min 3.00 	0.00/0.00/6/0.00/0 	max 1755.25 mean 454.81
100 scores: min 3.00 	0.00/0.00/6/0.00/0 	max 1761.75 mean 462.88
100 scores: min 3.00 	0.00/0.00/6/0.00/0 	max 1006.17 mean 392.64
100 scores: min 3.00 	0.00/0.00/6/0.00/0 	max 1758.67 mean 417.60
100 scores: min 3.00 	0.00/0.00/6/0.00/0 	max 1753.25 mean 336.88
100 scores: min 3.00 	0.00/0.00/6/0.00/0 	max 2005.17 mean 431.63
100 scores: min 3.00 	0.00/0.00/6/0.00/0 	max 1754.75 mean 402.31
100 scores: min 3.00 	0.00/0.00/6/0.00/0 	max 1761.75 mean 409.91
100 scores: min 3.00 	0.00/0.00/6/0.00/0 	max 1761.08 mean 427.84
100 scores: min 3.00 	0.00/0.00/6/0.00/0 	max 760.92 mean 377.48
100 scores: min 3.00 	0.00/0.00/6/0.00/0 	max 1759.25 mean 432.36
100 scores: min 3.00 	0.00/0.00/6/0.00/0 	max 1761.50 mean 427.27
100 scores: min 3.00 	0.00/0.00/6/0.00/0 	max 1756.25 mean 414.75
100 scores: min 3.00 	0.00/0.00/6/0.00/0 	max 1755.42 mean 429.67
100 scores: min 3.00 	0.00/0.00/6/0.00/0 	max 1761.17 mean 437.46
100 scores: min 3.00 	0.00/0.00/6/0.00/0 	max 1011.09 mean 410.31
100 scores: min 3.00 	0.00/0.00/6/0.00/0 	max 1755.58 mean 445.25
100 scores: min 3.00 	0.00/0.00/6/0.00/0 	max 1753.58 mean 444.36
100 scores: min 3.00 	0.00/0.00/6/0.00/0 	max 761.25 mean 404.89
100 scores: min 3.00 	0.00/0.00/6/0.00/0 	max 1510.59 mean 424.40
100 scores: min 3.00 	0.00/0.00/6/0.00/0 	max 1760.08 mean 452.56
100 scores: min 3.00 	0.00/0.00/6/0.00/0 	max 1006.09 mean 404.97
100 scores: min 3.00 	0.00/0.00/6/0.00/0 	max 1012.67 mean 417.08
100 scores: min 3.00 	0.00/0.00/6/0.00/0 	max 1755.42 mean 412.41
100 scores: min 3.00 	0.00/0.00/6/0.00/0 	max 1755.75 mean 432.47
100 scores: min 3.00 	0.00/0.00/6/0.00/0 	max 1755.08 mean 422.40
100 scores: min 3.00 	0.00/0.00/6/0.00/0 	max 1753.25 mean 500.11
100 scores: min 3.00 	0.00/0.00/6/0.00/0 	max 1754.92 mean 437.03
100 scores: min 3.00 	0.00/0.00/6/0.00/0 	max 1755.75 mean 460.13
100 scores: min 3.00 	0.00/0.00/6/0.00/0 	max 1762.42 mean 462.06
100 scores: min 3.00 	0.00/0.00/6/0.00/0 	max 1756.75 mean 439.63
100 scores: min 3.00 	0.00/0.00/6/0.00/0 	max 1757.92 mean 406.61
100 scores: min 3.00 	0.00/0.00/6/0.00/0 	max 2011.33 mean 411.97
100 scores: min 3.00 	0.00/0.00/6/0.00/0 	max 2014.17 mean 407.38
100 scores: min 3.00 	0.00/0.00/6/0.00/0 	max 2005.50 mean 452.38
100 scores: min 3.00 	0.00/0.00/6/0.00/0 	max 1755.75 mean 416.97
100 scores: min 3.00 	0.00/0.00/6/0.00/0 	max 760.42 mean 407.35
100 scores: min 3.00 	0.00/0.00/6/0.00/0 	max 761.92 mean 404.57
100 scores: min 3.00 	0.00/0.00/6/0.00/0 	max 1760.58 mean 409.92
100 scores: min 3.00 	0.00/0.00/6/0.00/0 	max 1009.59 mean 357.48
100 scores: min 3.00 	0.00/0.00/6/0.00/0 	max 2762.00 mean 401.76
100 scores: min 3.00 	0.00/0.00/6/0.00/0 	max 1759.42 mean 394.49
100 scores: min 3.00 	0.00/0.00/6/0.00/0 	max 1008.09 mean 427.60
100 scores: min 3.00 	0.00/0.00/6/0.00/0 	max 761.08 mean 399.59
100 scores: min 3.00 	0.00/0.00/6/0.00/0 	max 1759.92 mean 395.05
100 scores: min 3.00 	0.00/0.00/6/0.00/0 	max 763.08 mean 374.71
100 scores: min 3.00 	0.00/0.00/6/0.00/0 	max 763.92 mean 385.51
100 scores: min 3.00 	0.00/0.00/6/0.00/0 	max 2011.00 mean 417.43
100 scores: min 3.00 	0.00/0.00/6/0.00/0 	max 1506.42 mean 432.29
100 scores: min 3.00 	0.00/0.00/6/0.00/0 	max 1755.92 mean 435.04
100 scores: min 3.00 	0.00/0.00/6/0.00/0 	max 1760.58 mean 427.32
100 scores: min 3.00 	0.00/0.00/6/0.00/0 	max 1756.92 mean 427.07
100 scores: min 3.00 	0.00/0.00/6/0.00/0 	max 763.08 mean 417.55
100 scores: min 3.00 	0.00/0.00/6/0.00/0 	max 1004.75 mean 412.10
100 scores: min 3.00 	0.00/0.00/6/0.00/0 	max 1755.75 mean 974.79
100 scores: min 3.00 	0.00/0.00/6/0.00/0 	max 1753.58 mean 979.89
100 scores: min 3.00 	0.00/0.00/6/0.00/0 	max 2010.33 mean 1129.80
100 scores: min 3.00 	0.00/0.00/6/0.00/0 	max 1755.67 mean 74.26
100 scores: min 3.00 	0.00/0.00/6/0.00/0 	max 759.92 mean 107.05
100 scores: min 3.00 	0.00/0.00/6/0.00/0 	max 1512.58 mean 94.67
100 scores: min 3.00 	0.00/0.00/6/0.00/0 	max 758.25 mean 39.78
100 scores: min 3.00 	0.00/0.00/6/0.00/0 	max 2006.17 mean 134.80
100 scores: min 3.00 	0.00/0.00/6/0.00/0 	max 763.08 mean 104.82
100 scores: min 3.00 	0.00/0.00/6/0.00/0 	max 1764.25 mean 79.75
100 scores: min 3.00 	0.00/0.00/6/0.00/0 	max 1760.08 mean 101.91
100 scores: min 3.00 	0.00/0.00/6/0.00/0 	max 2012.67 mean 159.47
100 scores: min 3.00 	0.00/0.00/6/0.00/0 	max 1761.92 mean 109.72
100 scores: min 3.00 	0.00/0.00/6/0.00/0 	max 1762.08 mean 114.82
100 scores: min 3.00 	0.00/0.00/6/0.00/0 	max 761.08 mean 64.30
100 scores: min 3.00 	0.00/0.00/6/0.00/0 	max 1758.50 mean 94.95
100 scores: min 3.00 	0.00/0.00/6/0.00/0 	max 1756.92 mean 107.59
100 scores: min 3.00 	0.00/0.00/6/0.00/0 	max 1006.08 mean 76.81
100 scores: min 3.00 	0.00/0.00/6/0.00/0 	max 1755.42 mean 114.58
100 scores: min 3.00 	0.00/0.00/6/0.00/0 	max 1263.31 mean 85.38
100 scores: min 3.00 	0.00/0.00/6/0.00/0 	max 764.25 mean 87.22
100 scores: min 3.00 	0.00/0.00/6/0.00/0 	max 1504.83 mean 102.68
100 scores: min 3.00 	0.00/0.00/6/0.00/0 	max 761.92 mean 61.83
100 scores: min 3.00 	0.00/0.00/6/0.00/0 	max 2010.50 mean 142.34
100 scores: min 3.00 	0.00/0.00/6/0.00/0 	max 1755.42 mean 119.81
100 scores: min 3.00 	0.00/0.00/6/0.00/0 	max 1756.25 mean 114.50
100 scores: min 3.00 	0.00/0.00/6/0.00/0 	max 761.25 mean 82.10
All static routes:
	1874:2:65536	1874:2:65536	1684:1:65536	1592:1:65536	1778:1:65536	1730:1:65536	1826:1:65536	1638:1:65536	1803:1:65536	1754:1:65536	1916:1:65536	1850:1:65536	1210:1:16	1104:1:16	1239:1:16	1361:1:16	1133:1:16	1051:1:16	1186:1:16	1080:1:16	1157:1:16	1314:5:1	1314:5:1	1314:5:1	1314:5:1	1314:5:1	1500:1:1	1408:1:1	1546:1:1	1454:1:1	1287:1:1
All dynamic routes:

Best score is 3.00
Used 0 VCs for endpoint coloring.
	Used 0 VCs.
[[32mproute[0m] 	Used 0 VCs.
[[32mproute[0m] 
StatHopsScal: 50,DynHopsScal: 0,StatHopsVec: 1441792,DynHopsVec: 0
[pir] Finished 66-PlastisimPlacementCodegen to [36mfinal.place[0m in 150084.907945ms
[pir] Running 67-PlastisimDotCodegen ...[pir] Finished 67-PlastisimDotCodegen to [36mpsim.dot[0m in 509.957643ms
[pir] Running 68-PlastisimConfigCodegen ...[[33mcommand[0m] ln -f /home/yaqiz/plastisim/configs/mesh_generic.cfg /home/yaqiz/plastisim/configs/finals/TPCHQ6__N_1048576_ts_65536_op_1_psim_D_v1_s4/
[[33mpsim[0m] /home/yaqiz/plastisim/plastisim -f /home/yaqiz/plastisim/configs/finals/TPCHQ6__N_1048576_ts_65536_op_1_psim_D_v1_s4/config.psim -p /home/yaqiz/plastisim/configs/finals/TPCHQ6__N_1048576_ts_65536_op_1_psim_D_v1_s4/final.place -c 100000000 -l B -w 512 -q1
[[33mpsim[0m] log in /home/yaqiz/pir/out/TPCHQ6__N_1048576_ts_65536_op_1_psim_D_v1_s4/psim.log
Error setting saddr = 4
Error setting daddr = 25
Error setting class = 3
Error setting lat = 6
Error setting saddr = 4
Error setting daddr = 16
Error setting class = 3
Error setting lat = 5
Error setting saddr = 4
Error setting daddr = 32
Error setting class = 3
Error setting lat = 6
Error setting saddr = 4
Error setting daddr = 0
Error setting class = 3
Error setting lat = 4
Error setting saddr = 18
Error setting daddr = 19
Error setting class = 1
Error setting lat = 1
Error setting saddr = 24
Error setting daddr = 40
Error setting class = 0
Error setting lat = 1
Error setting saddr = 0
Error setting daddr = 3
Error setting class = 0
Error setting lat = 3
Error setting saddr = 32
Error setting daddr = 35
Error setting class = 0
Error setting lat = 3
Error setting saddr = 16
Error setting daddr = 18
Error setting class = 0
Error setting lat = 2
Error setting saddr = 25
Error setting daddr = 24
Error setting class = 0
Error setting lat = 1
Error setting saddr = 3
Error setting daddr = 19
Error setting class = 2
Error setting lat = 1
Error setting saddr = 40
Error setting daddr = 36
Error setting class = 1
Error setting lat = 4
Error setting saddr = 36
Error setting daddr = 19
Error setting class = 3
Error setting lat = 2
Error setting saddr = 19
Error setting daddr = 21
Error setting class = 0
Error setting lat = 2
Error setting saddr = 0
Error setting daddr = 0
Error setting class = 0
Error setting lat = 1
Error setting saddr = 32
Error setting daddr = 32
Error setting class = 1
Error setting lat = 1
Error setting saddr = 16
Error setting daddr = 16
Error setting class = 0
Error setting lat = 1
Error setting saddr = 25
Error setting daddr = 25
Error setting class = 0
Error setting lat = 1
Error setting saddr = 0
Error setting daddr = 0
Error setting class = 1
Error setting lat = 1
Error setting saddr = 32
Error setting daddr = 32
Error setting class = 0
Error setting lat = 1
Error setting saddr = 25
Error setting daddr = 25
Error setting class = 1
Error setting lat = 1
Error setting saddr = 16
Error setting daddr = 16
Error setting class = 1
Error setting lat = 1
Error setting saddr = 4
Error setting daddr = 25
Error setting daddr = 16
Error setting daddr = 32
Error setting daddr = 0
Error setting daddr = 20
Error setting class = 2
Error setting class = 2
Error setting class = 2
Error setting class = 2
Error setting class = 1
Error setting lat = 5
Error setting lat = 4
Error setting lat = 1
Error setting lat = 6
Error setting lat = 6
Error setting saddr = 35
Error setting daddr = 19
Error setting daddr = 36
Error setting class = 0
Error setting class = 0
Error setting lat = 1
Error setting lat = 1
Error setting saddr = 21
Error setting daddr = 20
Error setting class = 0
Error setting lat = 1
Error setting saddr = 20
Error setting daddr = 4
Error setting class = 0
Error setting lat = 1
== Loading device model file '/home/yaqiz/plastisim/configs/DDR3_micron_64M_8B_x4_sg15.ini' == 
== Loading system model file '/home/yaqiz/plastisim/configs/system.ini' == 
===== MemorySystem 0 =====
CH. 0 TOTAL_STORAGE : 4096MB | 1 Ranks | 16 Devices per rank
===== MemorySystem 1 =====
CH. 1 TOTAL_STORAGE : 4096MB | 1 Ranks | 16 Devices per rank
===== MemorySystem 2 =====
CH. 2 TOTAL_STORAGE : 4096MB | 1 Ranks | 16 Devices per rank
===== MemorySystem 3 =====
CH. 3 TOTAL_STORAGE : 4096MB | 1 Ranks | 16 Devices per rank
Set non-priority VC slowdown to 1
Changing to config directory: /home/yaqiz/plastisim/configs/finals/TPCHQ6__N_1048576_ts_65536_op_1_psim_D_v1_s4
Constructing NetworkLink.
Constructing NetworkLink.
Constructing NetworkLink.
Constructing NetworkLink.
Constructing NetworkLink.
Constructing NetworkLink.
Constructing NetworkLink.
Constructing NetworkLink.
Constructing NetworkLink.
Constructing NetworkLink.
Constructing NetworkLink.
Constructing NetworkLink.
Constructing NetworkLink.
Constructing NetworkLink.
Constructing NetworkLink.
Constructing NetworkLink.
Constructing NetworkLink.
Constructing NetworkLink.
Constructing NetworkLink.
Constructing NetworkLink.
Constructing NetworkLink.
Constructing NetworkLink.
Constructing NetworkLink.
Constructing NetworkLink.
Constructing NetworkLink.
Constructing NetworkLink.
Added all names to the symbol table.
Adding static hop for route 1874 (606->927, lat 1).
Adding static hop for route 1874 (606->928, lat 1).
Adding static hop for route 1684 (204->606, lat 3).
Adding static hop for route 1592 (81->604, lat 1).
Adding static hop for route 1778 (604->925, lat 1).
Adding static hop for route 1730 (265->607, lat 3).
Adding static hop for route 1826 (605->927, lat 1).
Adding static hop for route 1638 (143->605, lat 2).
Adding static hop for route 1803 (607->927, lat 1).
Adding static hop for route 1754 (927->924, lat 2).
Adding static hop for route 1916 (925->928, lat 4).
Adding static hop for route 1850 (928->927, lat 2).
Adding static hop for route 1210 (601->265, lat 1).
Adding static hop for route 1104 (595->143, lat 1).
Adding static hop for route 1239 (601->265, lat 1).
Adding static hop for route 1361 (924->586, lat 1).
Adding static hop for route 1133 (595->143, lat 1).
Adding static hop for route 1051 (592->81, lat 1).
Adding static hop for route 1186 (598->204, lat 1).
Adding static hop for route 1080 (592->81, lat 1).
Adding static hop for route 1157 (598->204, lat 1).
Adding static hop for route 1314 (452->598, lat 1).
Adding static hop for route 1314 (452->592, lat 5).
Adding static hop for route 1314 (452->601, lat 6).
Adding static hop for route 1314 (452->586, lat 6).
Adding static hop for route 1314 (452->595, lat 4).
Adding static hop for route 1500 (452->598, lat 6).
Adding static hop for route 1408 (452->592, lat 6).
Adding static hop for route 1546 (452->601, lat 4).
Adding static hop for route 1454 (452->595, lat 5).
Adding static hop for route 1287 (586->452, lat 1).
Printing hop routes
0	1210: X, vc0
	1239: X, vc1
	1314: X, vc2
	1546: X, vc3
3	1730: X, vc0
4	1287: X, vc0
16	1104: X, vc0
	1133: X, vc1
	1314: X, vc2
	1454: X, vc3
18	1638: X, vc0
19	1803: X, vc2
	1826: X, vc1
	1850: X, vc3
	1874: X, vc0
20	1314: X, vc1
	1361: X, vc0
21	1754: X, vc0
24	1592: X, vc0
25	1051: X, vc0
	1080: X, vc1
	1314: X, vc2
	1408: X, vc3
32	1157: X, vc1
	1186: X, vc0
	1314: X, vc2
	1500: X, vc3
35	1684: X, vc0
36	1874: X, vc0
	1916: X, vc1
40	1778: X, vc0
Parsed placement file.
Set ejection VC at addr 25 to 3
Link specified in placement file.
Changing link to static with placed latencies.
Set lat 6 from 0 to 0
Set ejection VC at addr 16 to 3
Link specified in placement file.
Changing link to static with placed latencies.
Set lat 5 from 0 to 0
Set ejection VC at addr 32 to 3
Link specified in placement file.
Changing link to static with placed latencies.
Set lat 6 from 0 to 0
Set ejection VC at addr 0 to 3
Link specified in placement file.
Changing link to static with placed latencies.
Set lat 4 from 0 to 0
Set ejection VC at addr 19 to 1
Link specified in placement file.
Changing link to static with placed latencies.
Set lat 1 from 0 to 0
Set ejection VC at addr 40 to 0
Link specified in placement file.
Changing link to static with placed latencies.
Set lat 1 from 0 to 0
Set ejection VC at addr 3 to 0
Link specified in placement file.
Changing link to static with placed latencies.
Set lat 3 from 0 to 0
Set ejection VC at addr 35 to 0
Link specified in placement file.
Changing link to static with placed latencies.
Set lat 3 from 0 to 0
Set ejection VC at addr 18 to 0
Link specified in placement file.
Changing link to static with placed latencies.
Set lat 2 from 0 to 0
Set ejection VC at addr 24 to 0
Link specified in placement file.
Changing link to static with placed latencies.
Set lat 1 from 0 to 0
Set ejection VC at addr 19 to 2
Link specified in placement file.
Changing link to static with placed latencies.
Set lat 1 from 0 to 0
Set ejection VC at addr 36 to 1
Link specified in placement file.
Changing link to static with placed latencies.
Set lat 4 from 0 to 0
Set ejection VC at addr 19 to 3
Link specified in placement file.
Changing link to static with placed latencies.
Set lat 2 from 0 to 0
Set ejection VC at addr 21 to 0
Link specified in placement file.
Changing link to static with placed latencies.
Set lat 2 from 0 to 0
Set ejection VC at addr 0 to 0
Link specified in placement file.
Changing link to static with placed latencies.
Set lat 1 from 0 to 0
Set ejection VC at addr 32 to 1
Link specified in placement file.
Changing link to static with placed latencies.
Set lat 1 from 0 to 0
Set ejection VC at addr 16 to 0
Link specified in placement file.
Changing link to static with placed latencies.
Set lat 1 from 0 to 0
Set ejection VC at addr 25 to 0
Link specified in placement file.
Changing link to static with placed latencies.
Set lat 1 from 0 to 0
Set ejection VC at addr 0 to 1
Link specified in placement file.
Changing link to static with placed latencies.
Set lat 1 from 0 to 0
Set ejection VC at addr 32 to 0
Link specified in placement file.
Changing link to static with placed latencies.
Set lat 1 from 0 to 0
Set ejection VC at addr 25 to 1
Link specified in placement file.
Changing link to static with placed latencies.
Set lat 1 from 0 to 0
Set ejection VC at addr 16 to 1
Link specified in placement file.
Changing link to static with placed latencies.
Set lat 1 from 0 to 0
Set ejection VC at addr 25 to 2
Set ejection VC at addr 16 to 2
Set ejection VC at addr 32 to 2
Set ejection VC at addr 0 to 2
Set ejection VC at addr 20 to 1
Link specified in placement file.
Changing link to static with placed latencies.
Set lat 5 from 0 to 0
Set lat 4 from 0 to 1
Set lat 1 from 0 to 2
Set lat 6 from 0 to 3
Set lat 6 from 0 to 4
Set lat 1 from 0 to 0
Set lat 1 from 0 to 0
Set lat 1 from 0 to 0
Set lat 1 from 0 to 0
Set ejection VC at addr 19 to 0
Set ejection VC at addr 36 to 0
Link specified in placement file.
Changing link to static with placed latencies.
Set lat 1 from 0 to 0
Set lat 1 from 0 to 1
Set ejection VC at addr 20 to 0
Link specified in placement file.
Changing link to static with placed latencies.
Set lat 1 from 0 to 0
Set ejection VC at addr 4 to 0
Link specified in placement file.
Changing link to static with placed latencies.
Set lat 1 from 0 to 0
Number of network classes: 4
Child process has pid 12085
n placement file.
Changing link to static with placed latencies.
Set lat 2 from 0 to 0
Set ejection VC at addr 24 to 0
Link specified in placement file.
DRAMSim2 Clock Frequency =800000000Hz, CPU Clock Frequency=1000000000Hz
Changing link to static with placed latencies.
Set lat 1 from 0 to 0
Set ejection VC at addr 19 to 2
Link specified in placement file.
Changing link to static with placed latencies.
Set lat 1 from 0 to 0
Set ejection VC at addr 36 to 1
Link specified in placement file.
Changing link to static with placed latencies.
Set lat 4 from 0 to 0
Set ejection VC at addr 19 to 3
Link specified in placement file.
Changing link to static with placed latencies.
Set lat 2 from 0 to 0
Set ejection VC at addr 21 to 0
Link specified in placement file.
Changing link to static with placed latencies.
Set lat 2 from 0 to 0
Set ejection VC at addr 0 to 0
Link specified in placement file.
Changing link to static with placed latencies.
Set lat 1 from 0 to 0
Set ejection VC at addr 32 to 1
Link specified in placement file.
Changing link to static with placed latencies.
Set lat 1 from 0 to 0
Set ejection VC at addr 16 to 0
Link specified in placement file.
Changing link to static with placed latencies.
Set lat 1 from 0 to 0
Set ejection VC at addr 25 to 0
Link specified in placement file.
Changing link to static with placed latencies.
Set lat 1 from 0 to 0
Set ejection VC at addr 0 to 1
Link specified in placement file.
Changing link to static with placed latencies.
Set lat 1 from 0 to 0
Set ejection VC at addr 32 to 0
Link specified in placement file.
Changing link to static with placed latencies.
Set lat 1 from 0 to 0
Set ejection VC at addr 25 to 1
Link specified in placement file.
Changing link to static with placed latencies.
Set lat 1 from 0 to 0
Set ejection VC at addr 16 to 1
Link specified in placement file.
Changing link to static with placed latencies.
Set lat 1 from 0 to 0
Set ejection VC at addr 25 to 2
Set ejection VC at addr 16 to 2
Set ejection VC at addr 32 to 2
Set ejection VC at addr 0 to 2
Set ejection VC at addr 20 to 1
Link specified in placement file.
Changing link to static with placed latencies.
Set lat 5 from 0 to 0
Set lat 4 from 0 to 1
Set lat 1 from 0 to 2
Set lat 6 from 0 to 3
Set lat 6 from 0 to 4
Set lat 1 from 0 to 0
Set lat 1 from 0 to 0
Set lat 1 from 0 to 0
Set lat 1 from 0 to 0
Set ejection VC at addr 19 to 0
Set ejection VC at addr 36 to 0
Link specified in placement file.
Changing link to static with placed latencies.
Set lat 1 from 0 to 0
Set lat 1 from 0 to 1
Set ejection VC at addr 20 to 0
Link specified in placement file.
Changing link to static with placed latencies.
Set lat 1 from 0 to 0
Set ejection VC at addr 4 to 0
Link specified in placement file.
Changing link to static with placed latencies.
Set lat 1 from 0 to 0
Number of network classes: 4
I'm the child process!
GPGPU-Sim uArch: interconnect node map (shaderID+MemID to icntID)
GPGPU-Sim uArch: Memory nodes ID start from index: 256
GPGPU-Sim uArch:    0   1   2   3   4   5   6   7   8   9  10  11  12  13  14  15
GPGPU-Sim uArch:   16  17  18  19  20  21  22  23  24  25  26  27  28  29  30  31
GPGPU-Sim uArch:   32  33  34  35  36  37  38  39  40  41  42  43  44  45  46  47
GPGPU-Sim uArch:   48  49  50  51  52  53  54  55  56  57  58  59  60  61  62  63
GPGPU-Sim uArch:   64  65  66  67  68  69  70  71  72  73  74  75  76  77  78  79
GPGPU-Sim uArch:   80  81  82  83  84  85  86  87  88  89  90  91  92  93  94  95
GPGPU-Sim uArch:   96  97  98  99 100 101 102 103 104 105 106 107 108 109 110 111
GPGPU-Sim uArch:  112 113 114 115 116 117 118 119 120 121 122 123 124 125 126 127
GPGPU-Sim uArch:  128 129 130 131 132 133 134 135 136 137 138 139 140 141 142 143
GPGPU-Sim uArch:  144 145 146 147 148 149 150 151 152 153 154 155 156 157 158 159
GPGPU-Sim uArch:  160 161 162 163 164 165 166 167 168 169 170 171 172 173 174 175
GPGPU-Sim uArch:  176 177 178 179 180 181 182 183 184 185 186 187 188 189 190 191
GPGPU-Sim uArch:  192 193 194 195 196 197 198 199 200 201 202 203 204 205 206 207
GPGPU-Sim uArch:  208 209 210 211 212 213 214 215 216 217 218 219 220 221 222 223
GPGPU-Sim uArch:  224 225 226 227 228 229 230 231 232 233 234 235 236 237 238 239
GPGPU-Sim uArch:  240 241 242 243 244 245 246 247 248 249 250 251 252 253 254 255
GPGPU-Sim uArch: interconnect node reverse map (icntID to shaderID+MemID)
GPGPU-Sim uArch: Memory nodes start from ID: 256
GPGPU-Sim uArch:    0   1   2   3   4   5   6   7   8   9  10  11  12  13  14  15
GPGPU-Sim uArch:   16  17  18  19  20  21  22  23  24  25  26  27  28  29  30  31
GPGPU-Sim uArch:   32  33  34  35  36  37  38  39  40  41  42  43  44  45  46  47
GPGPU-Sim uArch:   48  49  50  51  52  53  54  55  56  57  58  59  60  61  62  63
GPGPU-Sim uArch:   64  65  66  67  68  69  70  71  72  73  74  75  76  77  78  79
GPGPU-Sim uArch:   80  81  82  83  84  85  86  87  88  89  90  91  92  93  94  95
GPGPU-Sim uArch:   96  97  98  99 100 101 102 103 104 105 106 107 108 109 110 111
GPGPU-Sim uArch:  112 113 114 115 116 117 118 119 120 121 122 123 124 125 126 127
GPGPU-Sim uArch:  128 129 130 131 132 133 134 135 136 137 138 139 140 141 142 143
GPGPU-Sim uArch:  144 145 146 147 148 149 150 151 152 153 154 155 156 157 158 159
GPGPU-Sim uArch:  160 161 162 163 164 165 166 167 168 169 170 171 172 173 174 175
GPGPU-Sim uArch:  176 177 178 179 180 181 182 183 184 185 186 187 188 189 190 191
GPGPU-Sim uArch:  192 193 194 195 196 197 198 199 200 201 202 203 204 205 206 207
GPGPU-Sim uArch:  208 209 210 211 212 213 214 215 216 217 218 219 220 221 222 223
GPGPU-Sim uArch:  224 225 226 227 228 229 230 231 232 233 234 235 236 237 238 239
GPGPU-Sim uArch:  240 241 242 243 244 245 246 247 248 249 250 251 252 253 254 255
Parsed definitions of all elements.
Total of 30 links:
  0: DramAddress61
    
  1: DramAddress123
    
  2: DramAddress184
    
  3: DramAddress245
    
  4: RetimingFIFO767
    
  5: RetimingFIFO711
    
  6: RetimingFIFO892
    
  7: RetimingFIFO863
    
  8: RetimingFIFO834
    
  9: RetimingFIFO805
    
  10: RetimingFIFO795
    
  11: RetimingFIFO947
    
  12: RetimingFIFO929
    
  13: RetimingFIFO956
    
  14: StreamOut236
    
  15: StreamOut175
    
  16: StreamOut114
    
  17: StreamOut52
    
  18: StreamOut237
    
  19: StreamOut176
    
  20: StreamOut53
    
  21: StreamOut115
    
  22: ArgIn609_ArgIn631_ArgIn675_ArgIn653_ArgIn1263
    
  23: SRAM40
    
  24: SRAM39
    
  25: SRAM41
    
  26: SRAM42
    
  27: RetimingFIFO938_RetimingFIFO739
    
  28: Reg296
    
  29: ArgOut18
    
Total of 23 nodes:
  0: CE1964
    [StreamOut53 *4096 /1] [StreamOut52 *4096 /1]  => [RetimingFIFO805] 
  1: CE2142
    [RetimingFIFO805 *1 /1]  => [SRAM39] 
  2: CE2132
    [SRAM39 *4096 /1]  => [RetimingFIFO711] 
  3: CE2222
    [RetimingFIFO711 *1 /1]  => [RetimingFIFO947] 
  4: CE1978
    [StreamOut115 *4096 /1] [StreamOut114 *4096 /1]  => [RetimingFIFO834] 
  5: CE2162
    [RetimingFIFO834 *1 /1]  => [SRAM40] 
  6: CE2152
    [SRAM40 *4096 /1]  => [RetimingFIFO767] 
  7: CE1992
    [StreamOut176 *4096 /1] [StreamOut175 *4096 /1]  => [RetimingFIFO863] 
  8: CE2182
    [RetimingFIFO863 *1 /1]  => [SRAM41] 
  9: CE2172
    [SRAM41 *4096 /1]  => [RetimingFIFO938_RetimingFIFO739] 
  10: CE2256
    [RetimingFIFO938_RetimingFIFO739 *1 /1] [RetimingFIFO947 *1 /1]  => [RetimingFIFO929] 
  11: CE2006
    [StreamOut237 *4096 /1] [StreamOut236 *4096 /1]  => [RetimingFIFO892] 
  12: CE2202
    [RetimingFIFO892 *1 /1]  => [SRAM42] 
  13: CE2192
    [SRAM42 *4096 /1]  => [RetimingFIFO795] 
  14: CE2238
    [RetimingFIFO938_RetimingFIFO739 *1 /1] [RetimingFIFO795 *1 /1] [RetimingFIFO767 *1 /1] [RetimingFIFO929 *1 /1]  => [RetimingFIFO956] 
  15: CE2212
    [RetimingFIFO956 *1 /1]  => [Reg296] 
  16: CE2024
     => [DramAddress61] [DramAddress123] [DramAddress184] [DramAddress245] [ArgIn609_ArgIn631_ArgIn675_ArgIn653_ArgIn1263] 
  17: CE2038
    [ArgOut18 *1 /1]  => 
  18: CE2048
    [ArgIn609_ArgIn631_ArgIn675_ArgIn653_ArgIn1263 *16 /1] [Reg296 *1 /1]  => [ArgOut18] 
  19: CE2064
    [ArgIn609_ArgIn631_ArgIn675_ArgIn653_ArgIn1263 *16 /1] [DramAddress61 *16 /1]  => [StreamOut53] [StreamOut52] 
  20: CE2082
    [ArgIn609_ArgIn631_ArgIn675_ArgIn653_ArgIn1263 *16 /1] [DramAddress123 *16 /1]  => [StreamOut115] [StreamOut114] 
  21: CE2100
    [ArgIn609_ArgIn631_ArgIn675_ArgIn653_ArgIn1263 *16 /1] [DramAddress184 *16 /1]  => [StreamOut176] [StreamOut175] 
  22: CE2118
    [ArgIn609_ArgIn631_ArgIn675_ArgIn653_ArgIn1263 *16 /1] [DramAddress245 *16 /1]  => [StreamOut237] [StreamOut236] 

10000...
20000...
30000...
40000...
50000...
60000...
70000...
80000...
90000...
100000...
110000...
120000...
130000...
140000...
150000...
160000...
170000...
180000...
190000...
200000...
210000...
220000...
230000...
240000...
250000...
260000...
270000...
280000...
290000...
300000...
310000...
320000...
330000...
340000...
Simulation complete at cycle: 345198
[[32mpsim[0m] Simulation complete at cycle: 345198
CE1964: Active:  19.0 Stalled:   0.0 Starved:   2.1 Total Active:    65536 Total Output:    65536 Expected Active:    65536 Last Activity: 7395 
	   65536    65536 
	DRAM:  12.15 GB/s ( 12.15 GB/s R,   0.00 GB/s W)
	ROB remaining: 0
CE2142: Active:  19.0 Stalled:   0.0 Starved:  81.0 Total Active:    65536 Total Output:    65536 Expected Active:    65536 Last Activity: 7075 
	   65536 
CE2132: Active:  19.0 Stalled:  13.6 Starved:  67.5 Total Active:    65536 Total Output:    65536 Expected Active:    65536 Last Activity: 85 
	   65536 
CE2222: Active:  19.0 Stalled:  13.6 Starved:  67.4 Total Active:    65536 Total Output:    65536 Expected Active:    65536 Last Activity: 65 
	   65536 
CE1978: Active:  19.0 Stalled:   0.0 Starved:   2.4 Total Active:    65536 Total Output:    65536 Expected Active:    65536 Last Activity: 8137 
	   65536    65536 
	DRAM:  12.15 GB/s ( 12.15 GB/s R,   0.00 GB/s W)
	ROB remaining: 0
CE2162: Active:  19.0 Stalled:   0.0 Starved:  81.0 Total Active:    65536 Total Output:    65536 Expected Active:    65536 Last Activity: 7519 
	   65536 
CE2152: Active:  19.0 Stalled:  22.6 Starved:  58.4 Total Active:    65536 Total Output:    65536 Expected Active:    65536 Last Activity: 45 
	   65536 
CE1992: Active:  19.0 Stalled:   0.0 Starved:   2.4 Total Active:    65536 Total Output:    65536 Expected Active:    65536 Last Activity: 8311 
	   65536    65536 
	DRAM:  12.15 GB/s ( 12.15 GB/s R,   0.00 GB/s W)
	ROB remaining: 0
CE2182: Active:  19.0 Stalled:   0.0 Starved:  81.0 Total Active:    65536 Total Output:    65536 Expected Active:    65536 Last Activity: 7401 
	   65536 
CE2172: Active:  19.0 Stalled:  23.7 Starved:  57.3 Total Active:    65536 Total Output:    65536 Expected Active:    65536 Last Activity: 45 
	   65536 
CE2256: Active:  19.0 Stalled:   0.0 Starved:  81.0 Total Active:    65536 Total Output:    65536 Expected Active:    65536 Last Activity: 34 
	   65536    65536 
CE2006: Active:  19.0 Stalled:   0.0 Starved:   2.9 Total Active:    65536 Total Output:    65536 Expected Active:    65536 Last Activity: 9957 
	   65536    65536 
	DRAM:  12.15 GB/s ( 12.15 GB/s R,   0.00 GB/s W)
	ROB remaining: 0
CE2202: Active:  19.0 Stalled:   0.0 Starved:  81.0 Total Active:    65536 Total Output:    65536 Expected Active:    65536 Last Activity: 8376 
	   65536 
CE2192: Active:  19.0 Stalled:  27.7 Starved:  53.3 Total Active:    65536 Total Output:    65536 Expected Active:    65536 Last Activity: 45 
	   65536 
CE2238: Active:  19.0 Stalled:   0.0 Starved:  81.0 Total Active:    65536 Total Output:    65536 Expected Active:    65536 Last Activity: 25 
	   65536    65536    65536    65536 
CE2212: Active:  19.0 Stalled:   0.0 Starved:  81.0 Total Active:    65536 Total Output:    65536 Expected Active:    65536 Last Activity: 16 
	   65536 
CE2024: Active:   0.0 Stalled:   0.0 Starved: 100.0 Total Active:        1 Total Output:        1 Expected Active:        1 Last Activity: 345197 
	
CE2038: Active:   0.0 Stalled:   0.0 Starved: 100.0 Total Active:        1 Total Output:        1 Expected Active:        1 Last Activity: 1 
	       1 
CE2048: Active:   0.0 Stalled:   0.0 Starved: 100.0 Total Active:       16 Total Output:       16 Expected Active:       16 Last Activity: 8 
	      16       16 
CE2064: Active:   0.0 Stalled:   0.0 Starved: 100.0 Total Active:       16 Total Output:       16 Expected Active:       16 Last Activity: 345178 
	      16       16 
CE2082: Active:   0.0 Stalled:   0.0 Starved: 100.0 Total Active:       16 Total Output:       16 Expected Active:       16 Last Activity: 345178 
	      16       16 
CE2100: Active:   0.0 Stalled:   0.0 Starved: 100.0 Total Active:       16 Total Output:       16 Expected Active:       16 Last Activity: 345178 
	      16       16 
CE2118: Active:   0.0 Stalled:   0.0 Starved: 100.0 Total Active:       16 Total Output:       16 Expected Active:       16 Last Activity: 345178 
	      16       16 
Total DRAM:	  48.60 GB/s ( 48.60 GB/s R,   0.00 GB/s W)
[[32mpsim[0m] Total DRAM:	  48.60 GB/s ( 48.60 GB/s R,   0.00 GB/s W)
Pending Read: 0	 Pending Write: 0	
Sending shutStarting remote loop
Dumping flits:
IPC layer sent 345198 msgs recvd 345198 msgs
down IPC message.
IPC layer sent 345198 msgs recvd 345198 msgs
[pir] Finished 68-PlastisimConfigCodegen to [36mconfig.psim[0m in 94563.525531ms
[pir] Running 69-PlastisimDotCodegen ...[pir] Finished 69-PlastisimDotCodegen to [36mpsim.dot[0m in 539.097599ms
[pir] Running 70-AreaPowerStat ...
[pir] pcu_total_active = 262144
[pir] pmu_total_active = 262160
[pir] dag_total_active = 64
[[33mpir[0m] python /home/yaqiz/pir/out/TPCHQ6__N_1048576_ts_65536_op_1_psim_D_v1_s4/area_power_model.py
[[33mpir[0m] log in /home/yaqiz/pir/out/TPCHQ6__N_1048576_ts_65536_op_1_psim_D_v1_s4/area_power.log
router_unit_area                127695.32 (um^2)
vswitch_unit_area                28176.17 (um^2)
sswitch_unit_area                 9221.71 (um^2)
pcu_unit_area                   849000.00 (um^2)
pmu_unit_area                   532000.00 (um^2)
total_router_area                   20.43 (mm^2)
total_vswitch_area                   4.51 (mm^2)
total_sswitch_area                   1.48 (mm^2)
total_pcu_area                      54.34 (mm^2)
total_pmu_area                      33.52 (mm^2)
total_net_area                      26.41 (mm^2)
total_area                         114.27 (mm^2)
router_flit_energy                  18.49 (pJ)
router_flit_energy_scalar            9.66 (pJ)
vswitch_flit_energy                  5.64 (pJ)
sswitch_flit_energy                388.18 (fJ)
total_router_energy                  0.00 (fJ)
total_vswitch_energy                 8.14 (uJ)
total_sswitch_energy                19.41 (pJ)
total_net_energy                     8.14 (uJ)
pcu_unit_energy                    224.00 (pJ)
pmu_unit_energy                    300.31 (pJ)
dag_unit_energy                     31.41 (pJ)
total_pcu_energy                    58.72 (uJ)
total_pmu_energy                    78.73 (uJ)
total_dag_energy                     2.01 (nJ)
total_energy                       145.59 (uJ)
total_router_power                   0.00 (pW)
total_vswitch_power                 23.57 (mW)
total_sswitch_power                 56.23 (nW)
total_net_power                     23.57 (mW)
total_pcu_power                    170.11 (mW)
total_pmu_power                    228.07 (mW)
total_dag_power                      5.82 (uW)
total_power                        421.76 (mW)
[pir] Finished 70-AreaPowerStat to [36marea_power_model.py[0m in 1569.420616ms
[pir] Saving node prism.Session@16801e4f to /home/yaqiz/pir/out/TPCHQ6__N_1048576_ts_65536_op_1_psim_D_v1_s4/TPCHQ6__N_1048576_ts_65536_op_1.sess
[0m[[32msuccess[0m] [0mTotal time: 304 s, completed Aug 17, 2018 4:47:07 PM[0m
-------------PASS (DONE)------------
