Java HotSpot(TM) 64-Bit Server VM warning: ignoring option MaxPermSize=1g; support was removed in 8.0
Picked up _JAVA_OPTIONS: -Xss16M
[0m[[0minfo[0m] [0mLoading global plugins from /home/yaqiz/.sbt/0.13/plugins[0m
[0m[[0minfo[0m] [0mLoading project definition from /home/yaqiz/spatial-lang/project[0m
[0m[[0minfo[0m] [0mSet current project to spatial-lang (in build file:/home/yaqiz/spatial-lang/)[0m
[0m[[33mwarn[0m] [0mThe `-` command is deprecated in favor of `onFailure` and will be removed in 0.14.0[0m
[0m[[0minfo[0m] [0mCompiling 9 Scala sources to /home/yaqiz/spatial-lang/apps/target/scala-2.12/classes...[0m
[0m[[0minfo[0m] [0mRunning OuterProduct__op1_1_op2_1_ip2_16_ip1_1_ts1_64_ts2_1024_M_4194304_N_4194304 --dot --cgra+ --pirsrc /home/yaqiz/pir/pir/apps/src/gen[0m
Loaded RoutingLUTs model from file
Loaded FanoutRegisters model from file
Loaded UnavailableALMs model from file
Loaded TileLoadModel model from file
Compiling OuterProduct__op1_1_op2_1_ip2_16_ip1_1_ts1_64_ts2_1024_M_4194304_N_4194304 to /home/yaqiz/spatial-lang/gen/OuterProduct__op1_1_op2_1_ip2_16_ip1_1_ts1_64_ts2_1024_M_4194304_N_4194304
[[33mwarn[0m] Plasticine only support 32 bit wordwidth. FixConvert to LongType. Use single precision instead OuterProduct__op1_1_op2_1_ip2_16_ip1_1_ts1_64_ts2_1024_M_4194304_N_4194304.scala:36:12
[[33mwarn[0m] Plasticine only support 32 bit wordwidth. FixConvert to LongType. Use single precision instead OuterProduct__op1_1_op2_1_ip2_16_ip1_1_ts1_64_ts2_1024_M_4194304_N_4194304.scala:39:14
[[33mwarn[0m] Plasticine only support 32 bit wordwidth. FixConvert to LongType. Use single precision instead OuterProduct__op1_1_op2_1_ip2_16_ip1_1_ts1_64_ts2_1024_M_4194304_N_4194304.scala:42:43
[[34minfo[0m] mkdir -p /home/yaqiz/pir/pir/apps/src/gen
cp /home/yaqiz/spatial-lang/gen/OuterProduct__op1_1_op2_1_ip2_16_ip1_1_ts1_64_ts2_1024_M_4194304_N_4194304/pir/main.scala /home/yaqiz/pir/pir/apps/src/gen/OuterProduct__op1_1_op2_1_ip2_16_ip1_1_ts1_64_ts2_1024_M_4194304_N_4194304.scala
rm /home/yaqiz/pir/out/OuterProduct__op1_1_op2_1_ip2_16_ip1_1_ts1_64_ts2_1024_M_4194304_N_4194304/OuterProduct__op1_1_op2_1_ip2_16_ip1_1_ts1_64_ts2_1024_M_4194304_N_4194304.pir
rm: cannot remove ‘/home/yaqiz/pir/out/OuterProduct__op1_1_op2_1_ip2_16_ip1_1_ts1_64_ts2_1024_M_4194304_N_4194304/OuterProduct__op1_1_op2_1_ip2_16_ip1_1_ts1_64_ts2_1024_M_4194304_N_4194304.pir’: No such file or directory
[[32mcompleted[0m] Total time: 11.5510 seconds
[0m[[32msuccess[0m] [0mTotal time: 59 s, completed Jul 1, 2018 10:08:23 PM[0m
sbt -batch "apps/run-main OuterProduct__op1_1_op2_1_ip2_16_ip1_1_ts1_64_ts2_1024_M_4194304_N_4194304 --dot --cgra+ --pirsrc /home/yaqiz/pir/pir/apps/src/gen"
-------------PASS (DONE)------------
