Java HotSpot(TM) 64-Bit Server VM warning: ignoring option MaxPermSize=1g; support was removed in 8.0
Picked up _JAVA_OPTIONS: -Xss8192k
[0m[[0minfo[0m] [0mLoading global plugins from /home/yaqiz/.sbt/0.13/plugins[0m
[0m[[0minfo[0m] [0mLoading project definition from /home/yaqiz/pir/project[0m
[0m[[0minfo[0m] [0mSet current project to default-675fdc (in build file:/home/yaqiz/pir/)[0m
[0m[[0minfo[0m] [0mSet current project to apps (in build file:/home/yaqiz/pir/)[0m
[0m[[0minfo[0m] [0mRunning OuterProduct__M_12288_N_12288_ts1_64_ts2_1024_op1_2_op2_4_ip2_16_ip1_1 --debug --mapping=true --load-pir=true --save-pir=false --net=static --psim=true --psim_out=/home/yaqiz/plastisim/configs/gen/OuterProduct__M_12288_N_12288_ts1_64_ts2_1024_op1_2_op2_4_ip2_16_ip1_1_static/ --run-psim=true --trace=false --ctrl=true --bp=false --stat=false --arch=MyDesign --row=16 --col=8 --argin=64 --tokenout=32[0m
[pir] args=[--load-pir=true, --save-pir=true, --load-spade=false, --save-spade=false, --mapping=true, --splitting=true, --splitting-algo=alias_weighted_igraph, --psim=true, --ctrl=true, --trace=true, --bp=false, --snapint=10, --snapshot=false, --dot=true, --arch=MyDesign, --row=4, --col=4, --net=dynamic, --topo=mesh, --nn=false, --dag=true, --pattern=checkerboard, --argin=20, --argout=4, --tokenout=5, --routing-algo=dor, --routing-cost=H-hop, --debug, --mapping=true, --load-pir=true, --save-pir=false, --net=static, --psim=true, --psim_out=/home/yaqiz/plastisim/configs/gen/OuterProduct__M_12288_N_12288_ts1_64_ts2_1024_op1_2_op2_4_ip2_16_ip1_1_static/, --run-psim=true, --trace=false, --ctrl=true, --bp=false, --stat=false, --arch=MyDesign, --row=16, --col=8, --argin=64, --tokenout=32]
[pir] Loading from /home/yaqiz/pir/out/OuterProduct__M_12288_N_12288_ts1_64_ts2_1024_op1_2_op2_4_ip2_16_ip1_1/OuterProduct__M_12288_N_12288_ts1_64_ts2_1024_op1_2_op2_4_ip2_16_ip1_1.pir[pir] Loading PIRDesign() from /home/yaqiz/pir/out/OuterProduct__M_12288_N_12288_ts1_64_ts2_1024_op1_2_op2_4_ip2_16_ip1_1/OuterProduct__M_12288_N_12288_ts1_64_ts2_1024_op1_2_op2_4_ip2_16_ip1_1.pir
[pir] Configuring spade MyDesign ...
[pir] Loading from /home/yaqiz/pir/out/OuterProduct__M_12288_N_12288_ts1_64_ts2_1024_op1_2_op2_4_ip2_16_ip1_1/OuterProduct__M_12288_N_12288_ts1_64_ts2_1024_op1_2_op2_4_ip2_16_ip1_1.sess[pir] Loading prism.Session@7050da4a from /home/yaqiz/pir/out/OuterProduct__M_12288_N_12288_ts1_64_ts2_1024_op1_2_op2_4_ip2_16_ip1_1/OuterProduct__M_12288_N_12288_ts1_64_ts2_1024_op1_2_op2_4_ip2_16_ip1_1.sess
[pir] Running 49-CUStatistics ...[pir] Finished 49-CUStatistics to [36mout/OuterProduct__M_12288_N_12288_ts1_64_ts2_1024_op1_2_op2_4_ip2_16_ip1_1/stat.json[0m in 1252.582271ms
[pir] Running 50-PlastisimLinkAnalyzer ...[pir] Finished 50-PlastisimLinkAnalyzer in 12211.35227ms
[pir] Running 51-ControllerDotCodegen ...[pir] Finished 51-ControllerDotCodegen to [36mout/OuterProduct__M_12288_N_12288_ts1_64_ts2_1024_op1_2_op2_4_ip2_16_ip1_1/controller.dot[0m in 5104.975091ms
[pir] Running 52-PIRIRDotCodegen ...[pir] Finished 52-PIRIRDotCodegen to [36mout/OuterProduct__M_12288_N_12288_ts1_64_ts2_1024_op1_2_op2_4_ip2_16_ip1_1/top.dot[0m in 9894.40043ms
[pir] Running 53-SimpleIRDotCodegen ...[pir] Finished 53-SimpleIRDotCodegen to [36mout/OuterProduct__M_12288_N_12288_ts1_64_ts2_1024_op1_2_op2_4_ip2_16_ip1_1/simple.dot[0m in 2148.908061ms
[pir] Running 54-PIRPrinter ...[pir] Finished 54-PIRPrinter to [36mout/OuterProduct__M_12288_N_12288_ts1_64_ts2_1024_op1_2_op2_4_ip2_16_ip1_1/IR.txt[0m in 9970.247806ms
[pir] Running 55-PlastisimDotCodegen ...[pir] [33mcreating output directory: [36m/home/yaqiz/plastisim/configs/gen/OuterProduct__M_12288_N_12288_ts1_64_ts2_1024_op1_2_op2_4_ip2_16_ip1_1_static/[0m[0m
[pir] Finished 55-PlastisimDotCodegen to [36mout/OuterProduct__M_12288_N_12288_ts1_64_ts2_1024_op1_2_op2_4_ip2_16_ip1_1/psim.dot[0m in 12082.650611ms
[pir] Running 56-CUPruning ...[pir] Finished 56-CUPruning in 3414.973271ms
[pir] Running 57-CUPlacer ...[[32msuccess[0m] CUPlacer succeeded
[pir] Finished 57-CUPlacer in 1217549.5607ms
[pir] Running 58-PIRNetworkDotCodegen ...[pir] Finished 58-PIRNetworkDotCodegen to [36mout/OuterProduct__M_12288_N_12288_ts1_64_ts2_1024_op1_2_op2_4_ip2_16_ip1_1/control.dot[0m in 1073.263768ms
[pir] Running 59-PIRNetworkDotCodegen ...[pir] Finished 59-PIRNetworkDotCodegen to [36mout/OuterProduct__M_12288_N_12288_ts1_64_ts2_1024_op1_2_op2_4_ip2_16_ip1_1/scalar.dot[0m in 1136.359427ms
[pir] Running 60-PIRNetworkDotCodegen ...[pir] Finished 60-PIRNetworkDotCodegen to [36mout/OuterProduct__M_12288_N_12288_ts1_64_ts2_1024_op1_2_op2_4_ip2_16_ip1_1/vector.dot[0m in 1083.678448ms
[pir] Running 61-TerminalCSVCodegen ...[pir] Finished 61-TerminalCSVCodegen to [36mout/OuterProduct__M_12288_N_12288_ts1_64_ts2_1024_op1_2_op2_4_ip2_16_ip1_1/node.csv[0m in 1636.812685ms
[pir] Running 62-LinkCSVCodegen ...[pir] Finished 62-LinkCSVCodegen to [36mout/OuterProduct__M_12288_N_12288_ts1_64_ts2_1024_op1_2_op2_4_ip2_16_ip1_1/link.csv[0m in 10155.297106ms
[pir] Running 63-PlastisimPlacementCodegen ...[pir] Finished 63-PlastisimPlacementCodegen to [36mout/OuterProduct__M_12288_N_12288_ts1_64_ts2_1024_op1_2_op2_4_ip2_16_ip1_1/pir.place[0m in 9496.235057ms
[pir] Running 65-PlastisimDotCodegen ...[pir] Finished 65-PlastisimDotCodegen to [36mout/OuterProduct__M_12288_N_12288_ts1_64_ts2_1024_op1_2_op2_4_ip2_16_ip1_1/psim.dot[0m in 11867.397178ms
[pir] Running 66-PlastisimConfigCodegen ...[[33mcommand[0m] ln -f /home/yaqiz/plastisim/configs/mesh_generic.cfg /home/yaqiz/plastisim/configs/gen/OuterProduct__M_12288_N_12288_ts1_64_ts2_1024_op1_2_op2_4_ip2_16_ip1_1_static//
[[33mpsim[0m] /home/yaqiz/plastisim/plastisim -f /home/yaqiz/plastisim/configs/gen/OuterProduct__M_12288_N_12288_ts1_64_ts2_1024_op1_2_op2_4_ip2_16_ip1_1_static//config.psim
[[33mpsim[0m] log in /home/yaqiz/pir/out/OuterProduct__M_12288_N_12288_ts1_64_ts2_1024_op1_2_op2_4_ip2_16_ip1_1/psim.log
[[32mpsim[0m] Simulation complete at cycle: 1184113
[pir] Finished 66-PlastisimConfigCodegen to [36mout/OuterProduct__M_12288_N_12288_ts1_64_ts2_1024_op1_2_op2_4_ip2_16_ip1_1/config.psim[0m in 121836.248018ms
compilation elapsed time: 1443.270s
[0m[[32msuccess[0m] [0mTotal time: 1446 s, completed Jul 2, 2018 1:17:39 PM[0m
-------------PASS (DONE)------------
