link,src,count,dst[0],dst[4],dst[7],dst[6],dst[5],dst[2],dst[1],dst[3],dst[10],dst[17],dst[21],dst[12],dst[11],dst[14],dst[20],dst[16],dst[18],dst[19],dst[9],dst[13],dst[8],dst[22],dst[15],dst[23],dst[26],dst[24],dst[28],dst[27],dst[25]
12716,177,2048,3270,,,,,,,,,,,,,,,,,,,,,,,,,,,,
10238,3270,4096,3253,3249,3246,3247,3248,3251,3252,3250,,,,,,,,,,,,,,,,,,,,,
13896,282,131072,3304,3300,3297,3298,3299,3302,3303,3301,3294,3287,3291,3282,3281,3284,3290,3286,3288,3289,3295,3283,3296,3292,3285,3293,,,,,
9578,2770,1,3232,3264,3261,3262,3263,3279,3280,3278,3258,3265,3269,3256,3257,3254,3268,3228,3266,3267,3259,3255,3260,3271,3231,3272,3275,3273,3277,3276,3274
9609,2770,1,3232,3264,3261,3262,3263,3279,3280,3278,3258,3265,3269,3256,3257,3254,3268,3228,3266,3267,3259,3255,3260,3271,3231,3272,3275,3273,3277,3276,3274
10605,2770,1,3269,3255,3258,3257,3256,3267,3268,3254,3261,,,3263,3262,3265,,,,,3260,3264,3259,,3266,,,,,,
9698,2770,1,3228,,,,,,,,,,,,,,,,,,,,,,,,,,,,
9768,2770,1,3231,,,,,,,,,,,,,,,,,,,,,,,,,,,,
9632,2770,1,3224,,,,,,,,,,,,,,,,,,,,,,,,,,,,
19248,2770,1,3280,3276,3273,3274,3275,3278,3279,3277,3232,,,,,,,,,,3271,,3272,,,,,,,,
9463,3224,1,2765,,,,,,,,,,,,,,,,,,,,,,,,,,,,
9434,3224,1,2765,,,,,,,,,,,,,,,,,,,,,,,,,,,,
9357,3228,32,177,,,,,,,,,,,,,,,,,,,,,,,,,,,,
9328,3228,32,177,,,,,,,,,,,,,,,,,,,,,,,,,,,,
9381,3231,32768,282,,,,,,,,,,,,,,,,,,,,,,,,,,,,
9410,3231,32768,282,,,,,,,,,,,,,,,,,,,,,,,,,,,,
13920,3232,131072,3304,3300,3297,3298,3299,3302,3303,3301,3294,3287,3291,3282,3281,3284,3290,3286,3288,3289,3295,3283,3296,3292,3285,3293,,,,,
10696,3281,8192,3254,,,,,,,,,,,,,,,,,,,,,,,,,,,,
10832,3282,8192,3255,,,,,,,,,,,,,,,,,,,,,,,,,,,,
10962,3283,8192,3256,,,,,,,,,,,,,,,,,,,,,,,,,,,,
11092,3284,8192,3257,,,,,,,,,,,,,,,,,,,,,,,,,,,,
11222,3285,8192,3258,,,,,,,,,,,,,,,,,,,,,,,,,,,,
11352,3286,8192,3259,,,,,,,,,,,,,,,,,,,,,,,,,,,,
11482,3287,8192,3260,,,,,,,,,,,,,,,,,,,,,,,,,,,,
11612,3288,8192,3261,,,,,,,,,,,,,,,,,,,,,,,,,,,,
11742,3289,8192,3262,,,,,,,,,,,,,,,,,,,,,,,,,,,,
11872,3290,8192,3263,,,,,,,,,,,,,,,,,,,,,,,,,,,,
12002,3291,8192,3264,,,,,,,,,,,,,,,,,,,,,,,,,,,,
12132,3292,8192,3265,,,,,,,,,,,,,,,,,,,,,,,,,,,,
12262,3293,8192,3266,,,,,,,,,,,,,,,,,,,,,,,,,,,,
12392,3294,8192,3267,,,,,,,,,,,,,,,,,,,,,,,,,,,,
12522,3295,8192,3268,,,,,,,,,,,,,,,,,,,,,,,,,,,,
12652,3296,8192,3269,,,,,,,,,,,,,,,,,,,,,,,,,,,,
9792,3297,16384,3238,,,,,,,,,,,,,,,,,,,,,,,,,,,,
9844,3298,16384,3239,,,,,,,,,,,,,,,,,,,,,,,,,,,,
9896,3299,16384,3240,,,,,,,,,,,,,,,,,,,,,,,,,,,,
9948,3300,16384,3241,,,,,,,,,,,,,,,,,,,,,,,,,,,,
10000,3301,16384,3242,,,,,,,,,,,,,,,,,,,,,,,,,,,,
10052,3302,16384,3243,,,,,,,,,,,,,,,,,,,,,,,,,,,,
10104,3303,16384,3244,,,,,,,,,,,,,,,,,,,,,,,,,,,,
10156,3304,16384,3245,,,,,,,,,,,,,,,,,,,,,,,,,,,,
9528,2958,1,2770,,,,,,,,,,,,,,,,,,,,,,,,,,,,
17241,3306,131072,8741,,,,,,,,,,,,,,,,,,,,,,,,,,,,
17172,3307,131072,8741,,,,,,,,,,,,,,,,,,,,,,,,,,,,
17195,3308,131072,8741,,,,,,,,,,,,,,,,,,,,,,,,,,,,
17218,3309,131072,8741,,,,,,,,,,,,,,,,,,,,,,,,,,,,
17148,8741,131072,8740,,,,,,,,,,,,,,,,,,,,,,,,,,,,
17101,3310,131072,8740,,,,,,,,,,,,,,,,,,,,,,,,,,,,
17078,3311,131072,8740,,,,,,,,,,,,,,,,,,,,,,,,,,,,
17055,3312,131072,8740,,,,,,,,,,,,,,,,,,,,,,,,,,,,
17124,3313,131072,8740,,,,,,,,,,,,,,,,,,,,,,,,,,,,
16891,8740,131072,8738,,,,,,,,,,,,,,,,,,,,,,,,,,,,
16844,3314,131072,8736,,,,,,,,,,,,,,,,,,,,,,,,,,,,
16821,3315,131072,8736,,,,,,,,,,,,,,,,,,,,,,,,,,,,
16798,3316,131072,8736,,,,,,,,,,,,,,,,,,,,,,,,,,,,
16773,3317,131072,8736,,,,,,,,,,,,,,,,,,,,,,,,,,,,
16940,8736,131072,8738,,,,,,,,,,,,,,,,,,,,,,,,,,,,
17032,3318,131072,8739,,,,,,,,,,,,,,,,,,,,,,,,,,,,
17009,3319,131072,8739,,,,,,,,,,,,,,,,,,,,,,,,,,,,
16986,3320,131072,8739,,,,,,,,,,,,,,,,,,,,,,,,,,,,
16963,3321,131072,8739,,,,,,,,,,,,,,,,,,,,,,,,,,,,
16916,8739,131072,8738,,,,,,,,,,,,,,,,,,,,,,,,,,,,
10721,8742,8192,3269,3255,3258,3257,3256,3267,3268,3254,3261,,,3263,3262,3265,,,,,3260,3264,3259,,3266,,,,,,
16060,3254,8192,3306,,,,,,,,,,,,,,,,,,,,,,,,,,,,
16106,3255,8192,3307,,,,,,,,,,,,,,,,,,,,,,,,,,,,
16152,3256,8192,3308,,,,,,,,,,,,,,,,,,,,,,,,,,,,
16198,3257,8192,3309,,,,,,,,,,,,,,,,,,,,,,,,,,,,
16244,3258,8192,3310,,,,,,,,,,,,,,,,,,,,,,,,,,,,
16290,3259,8192,3311,,,,,,,,,,,,,,,,,,,,,,,,,,,,
16336,3260,8192,3312,,,,,,,,,,,,,,,,,,,,,,,,,,,,
16382,3261,8192,3313,,,,,,,,,,,,,,,,,,,,,,,,,,,,
16428,3262,8192,3314,,,,,,,,,,,,,,,,,,,,,,,,,,,,
16474,3263,8192,3315,,,,,,,,,,,,,,,,,,,,,,,,,,,,
16520,3264,8192,3316,,,,,,,,,,,,,,,,,,,,,,,,,,,,
16566,3265,8192,3317,,,,,,,,,,,,,,,,,,,,,,,,,,,,
16612,3266,8192,3318,,,,,,,,,,,,,,,,,,,,,,,,,,,,
16658,3267,8192,3319,,,,,,,,,,,,,,,,,,,,,,,,,,,,
16704,3268,8192,3320,,,,,,,,,,,,,,,,,,,,,,,,,,,,
16750,3269,8192,3321,,,,,,,,,,,,,,,,,,,,,,,,,,,,
9554,2765,4,2958,,,,,,,,,,,,,,,,,,,,,,,,,,,,
10211,3238,4096,3246,,,,,,,,,,,,,,,,,,,,,,,,,,,,
17349,3246,4096,8744,,,,,,,,,,,,,,,,,,,,,,,,,,,,
10266,3239,4096,3247,,,,,,,,,,,,,,,,,,,,,,,,,,,,
17372,3247,4096,8744,,,,,,,,,,,,,,,,,,,,,,,,,,,,
10315,3240,4096,3248,,,,,,,,,,,,,,,,,,,,,,,,,,,,
17466,3248,4096,8745,,,,,,,,,,,,,,,,,,,,,,,,,,,,
10364,3241,4096,3249,,,,,,,,,,,,,,,,,,,,,,,,,,,,
17489,3249,4096,8745,,,,,,,,,,,,,,,,,,,,,,,,,,,,
10413,3242,4096,3250,,,,,,,,,,,,,,,,,,,,,,,,,,,,
17512,3250,4096,8745,,,,,,,,,,,,,,,,,,,,,,,,,,,,
10462,3243,4096,3251,,,,,,,,,,,,,,,,,,,,,,,,,,,,
17443,3251,4096,8745,,,,,,,,,,,,,,,,,,,,,,,,,,,,
10511,3244,4096,3252,,,,,,,,,,,,,,,,,,,,,,,,,,,,
17326,3252,4096,8744,,,,,,,,,,,,,,,,,,,,,,,,,,,,
10560,3245,4096,3253,,,,,,,,,,,,,,,,,,,,,,,,,,,,
17420,3253,4096,8745,,,,,,,,,,,,,,,,,,,,,,,,,,,,
17396,8745,4096,8744,,,,,,,,,,,,,,,,,,,,,,,,,,,,
17302,8744,4096,8742,,,,,,,,,,,,,,,,,,,,,,,,,,,,
9487,3271,4,2765,,,,,,,,,,,,,,,,,,,,,,,,,,,,
16867,3272,131072,8738,,,,,,,,,,,,,,,,,,,,,,,,,,,,
12859,8738,131072,3280,3276,3273,3274,3275,3278,3279,3277,,,,,,,,,,,3271,,3272,,,,,,,,
9819,3273,16384,3238,,,,,,,,,,,,,,,,,,,,,,,,,,,,
9871,3274,16384,3239,,,,,,,,,,,,,,,,,,,,,,,,,,,,
9923,3275,16384,3240,,,,,,,,,,,,,,,,,,,,,,,,,,,,
9975,3276,16384,3241,,,,,,,,,,,,,,,,,,,,,,,,,,,,
10027,3277,16384,3242,,,,,,,,,,,,,,,,,,,,,,,,,,,,
10079,3278,16384,3243,,,,,,,,,,,,,,,,,,,,,,,,,,,,
10131,3279,16384,3244,,,,,,,,,,,,,,,,,,,,,,,,,,,,
10183,3280,16384,3245,,,,,,,,,,,,,,,,,,,,,,,,,,,,
-------------PASS (DONE)------------
