Java HotSpot(TM) 64-Bit Server VM warning: ignoring option MaxPermSize=1g; support was removed in 8.0
Picked up _JAVA_OPTIONS: -Xss8192k
[0m[[0minfo[0m] [0mLoading global plugins from /home/yaqiz/.sbt/0.13/plugins[0m
[0m[[0minfo[0m] [0mLoading project definition from /home/yaqiz/pir/project[0m
[0m[[0minfo[0m] [0mSet current project to default-675fdc (in build file:/home/yaqiz/pir/)[0m
[0m[[0minfo[0m] [0mSet current project to apps (in build file:/home/yaqiz/pir/)[0m
[0m[[0minfo[0m] [0mCompiling 3 Scala sources to /home/yaqiz/pir/pir/apps/target/scala-2.12/classes...[0m
[0m[[0minfo[0m] [0mRunning lenet_loops__batch_par_1_conv1_par_1_conv2_par_1_mat1_par_2_mat2_par_1 --out=/home/yaqiz/pir/out/lenet_loops__batch_par_1_conv1_par_1_conv2_par_1_mat1_par_2_mat2_par_1_p2p --debug --mapping=true --load-pir=false --save-pir=false --net=p2p --psim=true --psim-out=/home/yaqiz/pir/out/lenet_loops__batch_par_1_conv1_par_1_conv2_par_1_mat1_par_2_mat2_par_1_p2p --run-psim=false --trace=true --ctrl=true --bp=false --stat=true --arch=MyDesign --row=16 --col=8 --argin=64 --tokenout=32 --vfifo=4 --fifo-depth=20[0m
[0m[[31merror[0m] [0m(run-main-0) java.lang.ClassNotFoundException: lenet_loops__batch_par_1_conv1_par_1_conv2_par_1_mat1_par_2_mat2_par_1[0m
java.lang.ClassNotFoundException: lenet_loops__batch_par_1_conv1_par_1_conv2_par_1_mat1_par_2_mat2_par_1
	at java.lang.ClassLoader.findClass(ClassLoader.java:530)
	at java.lang.ClassLoader.loadClass(ClassLoader.java:424)
[0m[[31mtrace[0m] [0mStack trace suppressed: run [34mlast apps/compile:runMain[0m for the full output.[0m
java.lang.RuntimeException: Nonzero exit code: 1
	at scala.sys.package$.error(package.scala:27)
[0m[[31mtrace[0m] [0mStack trace suppressed: run [34mlast apps/compile:runMain[0m for the full output.[0m
[0m[[31merror[0m] [0m(apps/compile:[31mrunMain[0m) Nonzero exit code: 1[0m
[0m[[31merror[0m] [0mTotal time: 27 s, completed Jul 22, 2018 10:55:49 AM[0m
Unable to open input file!
-------------PASS (DONE)------------
