Java HotSpot(TM) 64-Bit Server VM warning: ignoring option MaxPermSize=1g; support was removed in 8.0
Picked up _JAVA_OPTIONS: -Xss16M
[0m[[0minfo[0m] [0mLoading global plugins from /home/yaqiz/.sbt/0.13/plugins[0m
[0m[[0minfo[0m] [0mLoading project definition from /home/yaqiz/spatial-lang/project[0m
[0m[[0minfo[0m] [0mSet current project to spatial-lang (in build file:/home/yaqiz/spatial-lang/)[0m
[0m[[33mwarn[0m] [0mThe `-` command is deprecated in favor of `onFailure` and will be removed in 0.14.0[0m
[0m[[0minfo[0m] [0mCompiling 10 Scala sources to /home/yaqiz/spatial-lang/apps/target/scala-2.12/classes...[0m
[0m[[0minfo[0m] [0mRunning lenet_loops__batch_par_1_conv1_par_1_conv2_par_1_mat1_par_1_mat2_par_1 --dot --cgra+ --pirsrc /home/yaqiz/pir/pir/apps/src[0m
Loaded RoutingLUTs model from file
Loaded FanoutRegisters model from file
Loaded UnavailableALMs model from file
Loaded TileLoadModel model from file
Compiling lenet_loops__batch_par_1_conv1_par_1_conv2_par_1_mat1_par_1_mat2_par_1 to /home/yaqiz/spatial-lang/gen/lenet_loops__batch_par_1_conv1_par_1_conv2_par_1_mat1_par_1_mat2_par_1
[[33mwarn[0m] Plasticine only support 32 bit wordwidth. FixConvert to LongType. Use single precision instead lenet_loops__batch_par_1_conv1_par_1_conv2_par_1_mat1_par_1_mat2_par_1.scala:72:15
[[33mwarn[0m] Plasticine only support 32 bit wordwidth. FixConvert to LongType. Use single precision instead lenet_loops__batch_par_1_conv1_par_1_conv2_par_1_mat1_par_1_mat2_par_1.scala:75:15
[[33mwarn[0m] Plasticine only support 32 bit wordwidth. FixConvert to LongType. Use single precision instead lenet_loops__batch_par_1_conv1_par_1_conv2_par_1_mat1_par_1_mat2_par_1.scala:78:15
[[33mwarn[0m] Plasticine only support 32 bit wordwidth. FixConvert to LongType. Use single precision instead lenet_loops__batch_par_1_conv1_par_1_conv2_par_1_mat1_par_1_mat2_par_1.scala:81:15
[[33mwarn[0m] Plasticine only support 32 bit wordwidth. FixConvert to LongType. Use single precision instead lenet_loops__batch_par_1_conv1_par_1_conv2_par_1_mat1_par_1_mat2_par_1.scala:86:17
[[33mwarn[0m] Plasticine only support 32 bit wordwidth. FixConvert to LongType. Use single precision instead lenet_loops__batch_par_1_conv1_par_1_conv2_par_1_mat1_par_1_mat2_par_1.scala:90:15
[[33mwarn[0m] Plasticine only support 32 bit wordwidth. FixConvert to LongType. Use single precision instead lenet_loops__batch_par_1_conv1_par_1_conv2_par_1_mat1_par_1_mat2_par_1.scala:117:15
[[33mwarn[0m] Plasticine only support 32 bit wordwidth. FixConvert to LongType. Use single precision instead lenet_loops__batch_par_1_conv1_par_1_conv2_par_1_mat1_par_1_mat2_par_1.scala:150:23
[[33mwarn[0m] Plasticine only support 32 bit wordwidth. FixConvert to LongType. Use single precision instead lenet_loops__batch_par_1_conv1_par_1_conv2_par_1_mat1_par_1_mat2_par_1.scala:161:21
[[33mwarn[0m] Plasticine only support 32 bit wordwidth. FixConvert to LongType. Use single precision instead lenet_loops__batch_par_1_conv1_par_1_conv2_par_1_mat1_par_1_mat2_par_1.scala:169:44
[[34minfo[0m] mkdir -p /home/yaqiz/pir/pir/apps/src
cp /home/yaqiz/spatial-lang/gen/lenet_loops__batch_par_1_conv1_par_1_conv2_par_1_mat1_par_1_mat2_par_1/pir/main.scala /home/yaqiz/pir/pir/apps/src/lenet_loops__batch_par_1_conv1_par_1_conv2_par_1_mat1_par_1_mat2_par_1.scala
rm /home/yaqiz/pir/out/lenet_loops__batch_par_1_conv1_par_1_conv2_par_1_mat1_par_1_mat2_par_1/lenet_loops__batch_par_1_conv1_par_1_conv2_par_1_mat1_par_1_mat2_par_1.pir
rm: cannot remove ‘/home/yaqiz/pir/out/lenet_loops__batch_par_1_conv1_par_1_conv2_par_1_mat1_par_1_mat2_par_1/lenet_loops__batch_par_1_conv1_par_1_conv2_par_1_mat1_par_1_mat2_par_1.pir’: No such file or directory
[[32mcompleted[0m] Total time: 36.9490 seconds
[0m[[32msuccess[0m] [0mTotal time: 94 s, completed Jul 22, 2018 10:55:12 AM[0m
sbt -batch "apps/run-main lenet_loops__batch_par_1_conv1_par_1_conv2_par_1_mat1_par_1_mat2_par_1 --dot --cgra+ --pirsrc /home/yaqiz/pir/pir/apps/src"
-------------PASS (DONE)------------
