Java HotSpot(TM) 64-Bit Server VM warning: ignoring option MaxPermSize=1g; support was removed in 8.0
Picked up _JAVA_OPTIONS: -Xss16M
[0m[[0minfo[0m] [0mLoading global plugins from /home/yaqiz/.sbt/0.13/plugins[0m
[0m[[0minfo[0m] [0mLoading project definition from /home/yaqiz/spatial-lang/project[0m
[0m[[0minfo[0m] [0mSet current project to spatial-lang (in build file:/home/yaqiz/spatial-lang/)[0m
[0m[[33mwarn[0m] [0mThe `-` command is deprecated in favor of `onFailure` and will be removed in 0.14.0[0m
[0m[[0minfo[0m] [0mCompiling 4 Scala sources to /home/yaqiz/spatial-lang/apps/target/scala-2.12/classes...[0m
[0m[[0minfo[0m] [0mRunning SPMV_ELL__L_64_N_16384_ts_1024_op_1_mp_2 --dot --cgra+ --pirsrc /home/yaqiz/pir/pir/apps/src[0m
[[33mwarn[0m] Area model file UltraScalePlus.csv for target AWS_F1 was not found.
Compiling SPMV_ELL__L_64_N_16384_ts_1024_op_1_mp_2 to /home/yaqiz/spatial-lang/gen/SPMV_ELL__L_64_N_16384_ts_1024_op_1_mp_2
[[33mwarn[0m] Plasticine only support 32 bit wordwidth. FixConvert to LongType. Use single precision instead SPMV_ELL__L_64_N_16384_ts_1024_op_1_mp_2.scala:88:19
[[33mwarn[0m] Plasticine only support 32 bit wordwidth. FixConvert to LongType. Use single precision instead SPMV_ELL__L_64_N_16384_ts_1024_op_1_mp_2.scala:89:21
[[33mwarn[0m] Plasticine only support 32 bit wordwidth. FixConvert to LongType. Use single precision instead SPMV_ELL__L_64_N_16384_ts_1024_op_1_mp_2.scala:95:20
[[33mwarn[0m] Plasticine only support 32 bit wordwidth. FixConvert to LongType. Use single precision instead SPMV_ELL__L_64_N_16384_ts_1024_op_1_mp_2.scala:95:20
[[33mwarn[0m] Plasticine only support 32 bit wordwidth. FixConvert to LongType. Use single precision instead SPMV_ELL__L_64_N_16384_ts_1024_op_1_mp_2.scala:100:43
[[34minfo[0m] mkdir -p /home/yaqiz/pir/pir/apps/src
cp /home/yaqiz/spatial-lang/gen/SPMV_ELL__L_64_N_16384_ts_1024_op_1_mp_2/pir/main.scala /home/yaqiz/pir/pir/apps/src/SPMV_ELL__L_64_N_16384_ts_1024_op_1_mp_2.scala
rm /home/yaqiz/pir/out/SPMV_ELL__L_64_N_16384_ts_1024_op_1_mp_2/SPMV_ELL__L_64_N_16384_ts_1024_op_1_mp_2.pir
rm: cannot remove ‘/home/yaqiz/pir/out/SPMV_ELL__L_64_N_16384_ts_1024_op_1_mp_2/SPMV_ELL__L_64_N_16384_ts_1024_op_1_mp_2.pir’: No such file or directory
[[32mcompleted[0m] Total time: 56.9950 seconds
[0m[[32msuccess[0m] [0mTotal time: 79 s, completed Jul 24, 2018 6:30:40 PM[0m
sbt -batch "apps/run-main SPMV_ELL__L_64_N_16384_ts_1024_op_1_mp_2 --dot --cgra+ --pirsrc /home/yaqiz/pir/pir/apps/src"
-------------PASS (DONE)------------
