Java HotSpot(TM) 64-Bit Server VM warning: ignoring option MaxPermSize=1g; support was removed in 8.0
Picked up _JAVA_OPTIONS: -Xss8192k
[0m[[0minfo[0m] [0mLoading global plugins from /home/yaqiz/.sbt/0.13/plugins[0m
[0m[[0minfo[0m] [0mLoading project definition from /home/yaqiz/pir/project[0m
[0m[[0minfo[0m] [0mSet current project to default-675fdc (in build file:/home/yaqiz/pir/)[0m
[0m[[0minfo[0m] [0mSet current project to apps (in build file:/home/yaqiz/pir/)[0m
[0m[[0minfo[0m] [0mRunning SPMV_ELL__L_64_N_16384_ts_1024_op_1_mp_2 --out=/home/yaqiz/pir/out/SPMV_ELL__L_64_N_16384_ts_1024_op_1_mp_2_dynamic_v0_s0 --psim-out=/home/yaqiz/plastisim/configs/finals/SPMV_ELL__L_64_N_16384_ts_1024_op_1_mp_2_dynamic_v0_s0 --debug=false --verbose=true --dot=false --mapping=true --load-pir=true --save-pir=true --psim=true --trace=true --ctrl=true --bp=false --stat=true --net=dynamic --routing-algo=proute --proute-iter=1000 --run-psim=true --arch=MyDesign --row=16 --col=8 --topo=mesh --argin=64 --tokenout=32 --fifo-depth=4 --vfifo=4 --vc=8 --vlink=0 --slink=0[0m
[pir] args=[--load-pir=true, --run-psim=false, --trace=false, --net=static, --stat=false, --vlink=2, --slink=6, --vfifo=4, --row=16, --col=8, --topo=mesh, --routing-algo=dor, --psim-timeout=100000000, --mapping=true, --splitting=true, --save-pir=true, --load-spade=false, --save-spade=false, --splitting-algo=alias_weighted_igraph, --ctrl=true, --bp=false, --snapint=10, --snapshot=false, --dot=true, --psim=false, --arch=MyDesign, --nn=false, --dag=true, --pattern=checkerboard, --argin=20, --argout=4, --tokenout=5, --fifo-depth=10, --vc=10, --routing-cost=H-hop, --out=/home/yaqiz/pir/out/SPMV_ELL__L_64_N_16384_ts_1024_op_1_mp_2_dynamic_v0_s0, --psim-out=/home/yaqiz/plastisim/configs/finals/SPMV_ELL__L_64_N_16384_ts_1024_op_1_mp_2_dynamic_v0_s0, --debug=false, --verbose=true, --dot=false, --mapping=true, --load-pir=true, --save-pir=true, --psim=true, --trace=true, --ctrl=true, --bp=false, --stat=true, --net=dynamic, --routing-algo=proute, --proute-iter=1000, --run-psim=true, --arch=MyDesign, --row=16, --col=8, --topo=mesh, --argin=64, --tokenout=32, --fifo-depth=4, --vfifo=4, --vc=8, --vlink=0, --slink=0]
[pir] Output directory set to [36m/home/yaqiz/pir/out/SPMV_ELL__L_64_N_16384_ts_1024_op_1_mp_2_dynamic_v0_s0[0m
[pir] Loading from /home/yaqiz/pir/out/SPMV_ELL__L_64_N_16384_ts_1024_op_1_mp_2_dynamic_v0_s0/SPMV_ELL__L_64_N_16384_ts_1024_op_1_mp_2.pir[pir] Loading PIRDesign() from /home/yaqiz/pir/out/SPMV_ELL__L_64_N_16384_ts_1024_op_1_mp_2_dynamic_v0_s0/SPMV_ELL__L_64_N_16384_ts_1024_op_1_mp_2.pir
[pir] Configuring spade MyDesign ...
[pir] Loading from /home/yaqiz/pir/out/SPMV_ELL__L_64_N_16384_ts_1024_op_1_mp_2_dynamic_v0_s0/SPMV_ELL__L_64_N_16384_ts_1024_op_1_mp_2.sess[pir] Loading prism.Session@d2534e1 from /home/yaqiz/pir/out/SPMV_ELL__L_64_N_16384_ts_1024_op_1_mp_2_dynamic_v0_s0/SPMV_ELL__L_64_N_16384_ts_1024_op_1_mp_2.sess
[pir] Saving node PIRDesign() to /home/yaqiz/pir/out/SPMV_ELL__L_64_N_16384_ts_1024_op_1_mp_2_dynamic_v0_s0/SPMV_ELL__L_64_N_16384_ts_1024_op_1_mp_2.pir
[pir] Running 50-PlastisimTraceCodegen ...[[33mcommand[0m] mkdir -p /home/yaqiz/plastisim/configs/finals/SPMV_ELL__L_64_N_16384_ts_1024_op_1_mp_2_dynamic_v0_s0/traces
[[33mcommand[0m] mkdir -p /home/yaqiz/plastisim/configs/finals/SPMV_ELL__L_64_N_16384_ts_1024_op_1_mp_2_dynamic_v0_s0/trace_classes
[[33mtrace[0m] /home/yaqiz/pir/bin/run_trace /home/yaqiz/pir/out/SPMV_ELL__L_64_N_16384_ts_1024_op_1_mp_2_dynamic_v0_s0 /home/yaqiz/plastisim/configs/finals/SPMV_ELL__L_64_N_16384_ts_1024_op_1_mp_2_dynamic_v0_s0
[[33mtrace[0m] log in /home/yaqiz/pir/out/SPMV_ELL__L_64_N_16384_ts_1024_op_1_mp_2_dynamic_v0_s0/trace.log
[pir] Finished 50-PlastisimTraceCodegen to [36mgen_trace.scala[0m in 38742.163964ms
[pir] Running 51-PlastisimLinkAnalyzer ...[pir] Finished 51-PlastisimLinkAnalyzer in 1554.128721ms
[pir] Running 52-PlastisimDotCodegen ...[pir] Finished 52-PlastisimDotCodegen to [36mpsim.dot[0m in 1311.000036ms
[pir] Running 53-PlastisimCountCheck ...[pir] Finished 53-PlastisimCountCheck in 129.110677ms
[pir] Running 58-CUPruning ...[pir] Finished 58-CUPruning in 2055.855222ms
[pir] Running 59-CUPlacer ...[[32msuccess[0m] CUPlacer succeeded
[pir] Finished 59-CUPlacer in 30815.395358ms
[pir] Running 60-CUStatistics ...[pir] =========== Post-splitting CU Statistics ==================
[pir] 
[pir] number of cus=29
[pir] number of ocu = 5
[pir] - cin (0.00,0.60,1.00) sin (0.00,0.40,1.00) vin (0.00,0.00,0.00)
[pir] - cout (0.00,0.20,1.00) sout (0.00,1.20,2.00) vout (0.00,0.00,0.00)
[pir] - stages (0.00,0.00,0.00)
[pir] number of pcu = 6
[pir] - cin (0.00,0.33,1.00) sin (0.00,0.67,2.00) vin (0.00,1.00,2.00)
[pir] - cout (0.00,0.00,0.00) sout (0.00,0.33,1.00) vout (0.00,0.67,1.00)
[pir] - stages (2.00,4.00,6.00)
[pir] number of dag = 3
[pir] - cin (0.00,0.00,0.00) sin (1.00,1.00,1.00) vin (0.00,0.00,0.00)
[pir] - cout (0.00,0.00,0.00) sout (2.00,2.00,2.00) vout (0.00,0.00,0.00)
[pir] - stages (2.00,4.00,5.00)
[pir] number of pmu = 9
[pir] - cin (0.00,0.00,0.00) sin (0.00,0.89,2.00) vin (0.00,1.11,2.00)
[pir] - cout (0.00,0.00,0.00) sout (0.00,0.00,0.00) vout (1.00,1.00,1.00)
[pir] - stages (0.00,0.89,2.00)
[pir] number of dfg = 5
[pir] - cin (0.00,0.00,0.00) sin (0.00,1.20,2.00) vin (0.00,0.60,1.00)
[pir] - cout (0.00,0.20,1.00) sout (0.00,0.40,1.00) vout (0.00,0.40,1.00)
[pir] - stages (0.00,0.00,0.00)
[pir] number of afg = 1
[pir] - cin (1.00,1.00,1.00) sin (0.00,0.00,0.00) vin (0.00,0.00,0.00)
[pir] - cout (1.00,1.00,1.00) sout (5.00,5.00,5.00) vout (0.00,0.00,0.00)
[pir] - stages (0.00,0.00,0.00)
[pir] compute CU = 11
[pir] memory CU = 9
[pir] mc CU = 5
[pir] Total = 14
[pir] PCU = 10 / 64 (15.63%)
[pir] PMU-comp = 0 / 63 (0.00%)
[pir] PMU-mem = 9 / 63 (14.29%)
[pir] AG-ag = 2 / 32 (6.25%)
[pir] AG-comp = 2 / 32 (6.25%)
[pir] MC = 5 / 32 (15.63%)
[pir] Finished 60-CUStatistics to [36mstat.json[0m in 1329.651915ms
[pir] Running 61-PIRNetworkDotCodegen ...[pir] Finished 61-PIRNetworkDotCodegen to [36mcontrol.dot[0m in 880.486008ms
[pir] Running 62-PIRNetworkDotCodegen ...[pir] Finished 62-PIRNetworkDotCodegen to [36mscalar.dot[0m in 743.857336ms
[pir] Running 63-PIRNetworkDotCodegen ...[pir] Finished 63-PIRNetworkDotCodegen to [36mvector.dot[0m in 682.102501ms
[pir] Running 64-TerminalCSVCodegen ...[pir] Finished 64-TerminalCSVCodegen to [36mnode.csv[0m in 4.571433ms
[pir] Running 65-LinkCSVCodegen ...[pir] Finished 65-LinkCSVCodegen to [36mlink.csv[0m in 867.479336ms
[pir] Running 66-PlastisimPlacementCodegen ...[[33mproute[0m] /home/yaqiz/plastiroute/plastiroute -n /home/yaqiz/plastisim/configs/finals/SPMV_ELL__L_64_N_16384_ts_1024_op_1_mp_2_dynamic_v0_s0/node.csv -l /home/yaqiz/plastisim/configs/finals/SPMV_ELL__L_64_N_16384_ts_1024_op_1_mp_2_dynamic_v0_s0/link.csv -o /home/yaqiz/plastisim/configs/finals/SPMV_ELL__L_64_N_16384_ts_1024_op_1_mp_2_dynamic_v0_s0/final.place -r 16 -c 8 -s1 -g /home/yaqiz/plastisim/configs/finals/SPMV_ELL__L_64_N_16384_ts_1024_op_1_mp_2_dynamic_v0_s0/proute.dot -x0 -e 0 -i100 -p100 -t1 -d100 -a route_min_directed_valient -s0
[[33mproute[0m] log in /home/yaqiz/pir/out/SPMV_ELL__L_64_N_16384_ts_1024_op_1_mp_2_dynamic_v0_s0/proute.log
Start scoring thread: 0
Start scoring thread: 0
100 scores: min 516.48 	1.00/2.00/18/7.48/2 	max 11117.52 mean 2674.10
Start scoring thread: 0
100 scores: min 514.98 	1.00/2.00/15/7.48/2 	max 4806.38 mean 1207.18
Start scoring thread: 0
100 scores: min 513.93 	1.00/2.00/14/6.93/2 	max 9632.22 mean 1108.32
Start scoring thread: 0
100 scores: min 513.41 	1.00/2.00/14/6.41/2 	max 5396.27 mean 1021.26
Start scoring thread: 0
100 scores: min 512.07 	1.00/2.00/15/4.57/2 	max 4814.42 mean 1022.96
Start scoring thread: 0
100 scores: min 511.13 	1.00/2.00/15/3.63/2 	max 9806.24 mean 1006.76
Start scoring thread: 0
100 scores: min 510.67 	1.00/2.00/14/3.67/2 	max 4869.07 mean 748.82
Start scoring thread: 0
100 scores: min 510.33 	1.00/2.00/13/3.83/2 	max 4923.04 mean 862.07
Start scoring thread: 0
100 scores: min 509.62 	1.00/2.00/12/3.62/2 	max 11121.69 mean 1195.75
Start scoring thread: 0
100 scores: min 509.39 	1.00/2.00/12/3.39/2 	max 9806.04 mean 850.98
Start scoring thread: 0
100 scores: min 509.34 	1.00/2.00/12/3.34/2 	max 5030.99 mean 927.98
Start scoring thread: 0
100 scores: min 509.33 	1.00/2.00/11/3.83/2 	max 9806.59 mean 1023.23
Start scoring thread: 0
100 scores: min 508.85 	1.00/2.00/10/3.85/2 	max 16806.71 mean 993.72
Start scoring thread: 0
100 scores: min 508.60 	1.00/2.00/10/3.60/2 	max 6014.75 mean 895.83
Start scoring thread: 0
100 scores: min 508.46 	1.00/2.00/10/3.46/2 	max 5032.05 mean 807.13
Start scoring thread: 0
100 scores: min 508.43 	1.00/2.00/10/3.43/2 	max 4868.23 mean 900.44
Start scoring thread: 0
100 scores: min 508.38 	1.00/2.00/10/3.38/2 	max 5307.76 mean 765.51
Start scoring thread: 0
100 scores: min 508.38 	1.00/2.00/10/3.38/2 	max 2313.78 mean 832.17
Start scoring thread: 0
100 scores: min 508.38 	1.00/2.00/10/3.38/2 	max 6017.66 mean 1040.00
Start scoring thread: 0
100 scores: min 508.38 	1.00/2.00/10/3.38/2 	max 6020.45 mean 904.42
Start scoring thread: 0
100 scores: min 508.38 	1.00/2.00/10/3.38/2 	max 4858.47 mean 843.56
Start scoring thread: 0
100 scores: min 508.38 	1.00/2.00/10/3.38/2 	max 9806.58 mean 848.27
Start scoring thread: 0
100 scores: min 508.37 	1.00/2.00/10/3.37/2 	max 9715.14 mean 965.47
Start scoring thread: 0
100 scores: min 508.37 	1.00/2.00/10/3.37/2 	max 10318.31 mean 839.43
Start scoring thread: 0
100 scores: min 508.37 	1.00/2.00/10/3.37/2 	max 5031.89 mean 894.73
Start scoring thread: 0
100 scores: min 508.34 	1.00/2.00/10/3.34/2 	max 5631.34 mean 1015.41
Start scoring thread: 0
100 scores: min 508.33 	1.00/2.00/10/3.33/2 	max 9805.60 mean 1089.48
Start scoring thread: 0
100 scores: min 508.32 	1.00/2.00/10/3.32/2 	max 5316.44 mean 956.36
Start scoring thread: 0
100 scores: min 508.32 	1.00/2.00/10/3.32/2 	max 5109.07 mean 949.34
Start scoring thread: 0
100 scores: min 508.23 	1.00/2.00/10/3.23/2 	max 6020.12 mean 920.89
Start scoring thread: 0
100 scores: min 508.23 	1.00/2.00/10/3.23/2 	max 11120.06 mean 1222.22
Start scoring thread: 0
100 scores: min 507.75 	1.00/2.00/9/3.25/2 	max 4817.68 mean 930.41
Start scoring thread: 0
100 scores: min 507.75 	1.00/2.00/9/3.25/2 	max 9806.89 mean 1039.21
Start scoring thread: 0
100 scores: min 507.75 	1.00/2.00/9/3.25/2 	max 4816.90 mean 917.72
Start scoring thread: 0
100 scores: min 507.75 	1.00/2.00/9/3.25/2 	max 6017.26 mean 999.90
Start scoring thread: 0
100 scores: min 507.75 	1.00/2.00/9/3.25/2 	max 4812.10 mean 938.13
Start scoring thread: 0
100 scores: min 507.75 	1.00/2.00/9/3.25/2 	max 2040.24 mean 821.57
Start scoring thread: 0
100 scores: min 507.75 	1.00/2.00/9/3.25/2 	max 4819.54 mean 1008.87
Start scoring thread: 0
100 scores: min 507.75 	1.00/2.00/9/3.25/2 	max 4811.21 mean 957.78
Start scoring thread: 0
100 scores: min 507.75 	1.00/2.00/9/3.25/2 	max 9806.30 mean 1182.23
Start scoring thread: 0
100 scores: min 507.75 	1.00/2.00/9/3.25/2 	max 5307.03 mean 921.49
Start scoring thread: 0
100 scores: min 507.40 	1.00/2.00/9/2.90/2 	max 6016.49 mean 1029.82
Start scoring thread: 0
100 scores: min 507.27 	1.00/2.00/9/2.77/2 	max 4817.11 mean 991.66
Start scoring thread: 0
100 scores: min 506.68 	1.00/2.00/8/2.68/2 	max 4859.76 mean 981.13
Start scoring thread: 0
100 scores: min 506.63 	1.00/2.00/8/2.63/2 	max 4817.64 mean 1020.85
Start scoring thread: 0
100 scores: min 506.63 	1.00/2.00/8/2.63/2 	max 9642.43 mean 839.07
Start scoring thread: 0
100 scores: min 506.56 	1.00/2.00/8/2.56/2 	max 5043.38 mean 972.45
Start scoring thread: 0
100 scores: min 506.56 	1.00/2.00/8/2.56/2 	max 9807.01 mean 1042.35
Start scoring thread: 0
100 scores: min 506.56 	1.00/2.00/8/2.56/2 	max 9818.87 mean 1243.61
Start scoring thread: 0
100 scores: min 506.56 	1.00/2.00/8/2.56/2 	max 4807.42 mean 889.12
Start scoring thread: 0
100 scores: min 506.56 	1.00/2.00/8/2.56/2 	max 5318.31 mean 974.80
Start scoring thread: 0
100 scores: min 506.53 	1.00/2.00/8/2.53/2 	max 9818.28 mean 1007.15
Start scoring thread: 0
100 scores: min 506.53 	1.00/2.00/8/2.53/2 	max 6019.18 mean 1051.23
Start scoring thread: 0
100 scores: min 506.53 	1.00/2.00/8/2.53/2 	max 9819.52 mean 913.68
Start scoring thread: 0
100 scores: min 506.53 	1.00/2.00/8/2.53/2 	max 4806.91 mean 821.93
Start scoring thread: 0
100 scores: min 506.53 	1.00/2.00/8/2.53/2 	max 11118.27 mean 975.99
Start scoring thread: 0
100 scores: min 506.53 	1.00/2.00/8/2.53/2 	max 5032.77 mean 1023.16
Start scoring thread: 0
100 scores: min 506.51 	1.00/2.00/8/2.51/2 	max 2037.74 mean 732.29
Start scoring thread: 0
100 scores: min 506.45 	1.00/2.00/8/2.45/2 	max 9818.22 mean 934.18
Start scoring thread: 0
100 scores: min 506.45 	1.00/2.00/8/2.45/2 	max 5106.72 mean 802.31
Start scoring thread: 0
100 scores: min 506.45 	1.00/2.00/8/2.45/2 	max 9805.71 mean 909.90
Start scoring thread: 0
100 scores: min 506.45 	1.00/2.00/8/2.45/2 	max 6018.17 mean 1064.95
Start scoring thread: 0
100 scores: min 506.45 	1.00/2.00/8/2.45/2 	max 18017.38 mean 968.59
Start scoring thread: 0
100 scores: min 506.45 	1.00/2.00/8/2.45/2 	max 5306.68 mean 895.46
Start scoring thread: 0
100 scores: min 506.45 	1.00/2.00/8/2.45/2 	max 10383.47 mean 1048.07
Start scoring thread: 0
100 scores: min 506.45 	1.00/2.00/8/2.45/2 	max 2312.56 mean 786.83
Start scoring thread: 0
100 scores: min 506.45 	1.00/2.00/8/2.45/2 	max 6017.31 mean 919.16
Start scoring thread: 0
100 scores: min 506.45 	1.00/2.00/8/2.45/2 	max 5032.60 mean 877.79
Start scoring thread: 0
100 scores: min 506.45 	1.00/2.00/8/2.45/2 	max 10318.80 mean 848.17
Start scoring thread: 0
100 scores: min 506.45 	1.00/2.00/8/2.45/2 	max 4806.29 mean 825.20
Start scoring thread: 0
100 scores: min 506.45 	1.00/2.00/8/2.45/2 	max 5394.47 mean 871.81
Start scoring thread: 0
100 scores: min 506.45 	1.00/2.00/8/2.45/2 	max 5107.22 mean 885.53
Start scoring thread: 0
100 scores: min 506.45 	1.00/2.00/8/2.45/2 	max 6016.90 mean 1064.31
Start scoring thread: 0
100 scores: min 506.45 	1.00/2.00/8/2.45/2 	max 4818.28 mean 814.52
Start scoring thread: 0
100 scores: min 506.45 	1.00/2.00/8/2.45/2 	max 9816.44 mean 856.14
Start scoring thread: 0
100 scores: min 506.45 	1.00/2.00/8/2.45/2 	max 4509.84 mean 741.15
Start scoring thread: 0
100 scores: min 506.45 	1.00/2.00/8/2.45/2 	max 4918.79 mean 890.31
Start scoring thread: 0
100 scores: min 506.45 	1.00/2.00/8/2.45/2 	max 4926.59 mean 869.83
Start scoring thread: 0
100 scores: min 506.45 	1.00/2.00/8/2.45/2 	max 4812.86 mean 801.46
Start scoring thread: 0
100 scores: min 506.45 	1.00/2.00/8/2.45/2 	max 4858.39 mean 801.92
Start scoring thread: 0
100 scores: min 506.45 	1.00/2.00/8/2.45/2 	max 4859.02 mean 865.65
Start scoring thread: 0
100 scores: min 506.45 	1.00/2.00/8/2.45/2 	max 16816.97 mean 1042.92
Start scoring thread: 0
100 scores: min 506.45 	1.00/2.00/8/2.45/2 	max 5039.35 mean 906.67
Start scoring thread: 0
100 scores: min 506.45 	1.00/2.00/8/2.45/2 	max 6017.80 mean 940.05
Start scoring thread: 0
100 scores: min 506.45 	1.00/2.00/8/2.45/2 	max 4870.42 mean 859.74
Start scoring thread: 0
100 scores: min 506.45 	1.00/2.00/8/2.45/2 	max 5032.39 mean 864.46
Start scoring thread: 0
100 scores: min 506.45 	1.00/2.00/8/2.45/2 	max 4821.37 mean 797.94
Start scoring thread: 0
100 scores: min 506.45 	1.00/2.00/8/2.45/2 	max 9806.82 mean 872.31
Start scoring thread: 0
100 scores: min 506.45 	1.00/2.00/8/2.45/2 	max 2306.51 mean 774.22
Start scoring thread: 0
100 scores: min 506.45 	1.00/2.00/8/2.45/2 	max 4868.73 mean 874.10
Start scoring thread: 0
100 scores: min 506.45 	1.00/2.00/8/2.45/2 	max 4860.04 mean 851.46
Start scoring thread: 0
100 scores: min 506.45 	1.00/2.00/8/2.45/2 	max 4820.40 mean 847.91
Start scoring thread: 0
100 scores: min 506.45 	1.00/2.00/8/2.45/2 	max 5099.54 mean 895.30
Start scoring thread: 0
100 scores: min 506.45 	1.00/2.00/8/2.45/2 	max 10095.18 mean 868.30
Start scoring thread: 0
100 scores: min 506.45 	1.00/2.00/8/2.45/2 	max 9817.76 mean 966.68
Start scoring thread: 0
100 scores: min 506.45 	1.00/2.00/8/2.45/2 	max 5107.19 mean 882.05
Start scoring thread: 0
100 scores: min 506.45 	1.00/2.00/8/2.45/2 	max 9630.71 mean 848.14
Start scoring thread: 0
100 scores: min 506.45 	1.00/2.00/8/2.45/2 	max 4818.56 mean 766.21
Start scoring thread: 0
100 scores: min 506.45 	1.00/2.00/8/2.45/2 	max 2318.03 mean 808.14
Start scoring thread: 0
100 scores: min 506.45 	1.00/2.00/8/2.45/2 	max 4813.34 mean 732.65
Best score is 506.45
Used 2 VCs for endpoint coloring.
	Used 2 VCs.
[[32mproute[0m] 	Used 2 VCs.
[pir] Finished 66-PlastisimPlacementCodegen to [36mfinal.place[0m in 23690.629004ms
[pir] Running 67-PlastisimDotCodegen ...[pir] Finished 67-PlastisimDotCodegen to [36mpsim.dot[0m in 1173.843821ms
[pir] Running 68-PlastisimConfigCodegen ...[[33mcommand[0m] ln -f /home/yaqiz/plastisim/configs/mesh_generic.cfg /home/yaqiz/plastisim/configs/finals/SPMV_ELL__L_64_N_16384_ts_1024_op_1_mp_2_dynamic_v0_s0/
[[33mpsim[0m] /home/yaqiz/plastisim/plastisim -f /home/yaqiz/plastisim/configs/finals/SPMV_ELL__L_64_N_16384_ts_1024_op_1_mp_2_dynamic_v0_s0/config.psim -p /home/yaqiz/plastisim/configs/finals/SPMV_ELL__L_64_N_16384_ts_1024_op_1_mp_2_dynamic_v0_s0/final.place -c 100000000 -l B
[[33mpsim[0m] log in /home/yaqiz/pir/out/SPMV_ELL__L_64_N_16384_ts_1024_op_1_mp_2_dynamic_v0_s0/psim.log
Changing to config directory: /home/yaqiz/plastisim/configs/finals/SPMV_ELL__L_64_N_16384_ts_1024_op_1_mp_2_dynamic_v0_s0
Constructing NetworkLink.
Constructing NetworkLink.
Constructing NetworkLink.
Constructing NetworkLink.
Constructing NetworkLink.
Constructing NetworkLink.
Constructing NetworkLink.
Constructing NetworkLink.
Constructing NetworkLink.
Constructing NetworkLink.
Constructing NetworkLink.
Constructing NetworkLink.
Constructing NetworkLink.
Constructing NetworkLink.
Constructing NetworkLink.
Constructing NetworkLink.
Constructing NetworkLink.
Constructing NetworkLink.
Constructing NetworkLink.
Constructing NetworkLink.
Constructing NetworkLink.
Constructing NetworkLink.
Constructing NetworkLink.
Constructing NetworkLink.
Constructing NetworkLink.
Constructing NetworkLink.
Constructing NetworkLink.
Constructing NetworkLink.
Constructing NetworkLink.
Constructing NetworkLink.
Constructing NetworkLink.
Constructing NetworkLink.
Constructing NetworkLink.
Constructing NetworkLink.
Constructing NetworkLink.
Constructing NetworkLink.
Constructing NetworkLink.
Constructing NetworkLink.
Constructing NetworkLink.
Added all names to the symbol table.
Adding static hop for route 2853 (1055->1044, lat 1).
Adding static hop for route 2710 (1054->1041, lat 1).
Adding static hop for route 2537 (1053->1038, lat 1).
Adding static hop for route 2458 (1049->1037, lat 1).
Adding static hop for route 2153 (1041->456, lat 1).
Adding static hop for route 2076 (1016->110, lat 1).
Adding static hop for route 2047 (1016->110, lat 1).
Adding static hop for route 3316 (1039->1051, lat 1).
Adding static hop for route 2734 (1033->1052, lat 1).
Adding static hop for route 2343 (839->960, lat 1).
Adding static hop for route 3663 (844->1033, lat 4).
Adding static hop for route 3663 (844->1017, lat 2).
Adding static hop for route 3663 (844->1020, lat 8).
Adding static hop for route 3663 (844->1034, lat 6).
Adding static hop for route 2236 (1027->839, lat 1).
Adding static hop for route 2207 (1027->839, lat 1).
Adding static hop for route 2764 (844->1044, lat 8).
Adding static hop for route 2621 (844->1041, lat 6).
Adding static hop for route 2430 (844->1027, lat 5).
Adding static hop for route 2399 (844->1019, lat 8).
Adding static hop for route 2367 (844->1016, lat 4).
Printing hop routes
2	2986: ES, vc0
3	2962: X, vc1
	2986: X, vc0
	3572: S, vc0
4	2317: X, vc0
5	2317: W, vc0
6	2317: W, vc0
7	2317: W, vc0
8	2260: E, vc0
	2317: W, vc0
9	2260: X, vc0
16	2962: E, vc0
17	2962: E, vc0
18	2962: XE, vc0
	2986: X, vc0
	3509: S, vc0
19	2962: N, vc0
	3572: S, vc0
24	2260: N, vc0
34	3509: S, vc0
35	3572: S, vc0
40	2260: N, vc0
48	3383: S, vc0
49	2685: X, vc0
50	2685: XW, vc0
	3509: X, vc1
51	2685: W, vc0
	3572: S, vc0
56	2260: N, vc0
64	3383: E, vc0
65	3383: E, vc0
66	3383: E, vc0
67	2485: S, vc0
	3383: X, vc0
	3572: S, vc1
70	2828: S, vc0
	2877: S, vc1
72	2260: N, vc0
83	2485: S, vc0
	3572: E, vc0
84	3572: E, vc0
85	3572: E, vc0
86	2828: XS, vc0
	2877: S, vc1
	3572: X, vc1
88	2260: N, vc0
97	2100: S, vc0
98	2100: W, vc0
	2129: S, vc0
99	2485: S, vc0
102	2180: S, vc0
	2828: X, vc0
	2877: S, vc1
104	2260: N, vc0
113	2100: S, vc0
114	2129: S, vc0
115	2485: X, vc0
	2565: E, vc0
116	2565: E, vc0
117	2565: E, vc0
118	2180: E, vc0
	2565: E, vc1
	2877: X, vc1
	3446: X, vc0
119	2180: E, vc0
	2565: E, vc1
	3446: W, vc0
120	2180: E, vc0
	2260: N, vc0
	2565: E, vc1
	3339: X, vc0
	3446: W, vc0
121	2180: X, vc0
	2565: X, vc1
	3446: W, vc0
129	2100: S, vc0
130	2129: S, vc0
131	3156: X, vc1
	3180: XS, vc0
132	2510: E, vc0
	3180: W, vc0
133	2510: E, vc0
134	2510: X, vc1
	2595: E, vc0
135	2595: E, vc0
136	2595: E, vc0
	3339: N, vc0
137	2595: X, vc0
	3339: W, vc0
145	2100: S, vc0
146	2129: S, vc0
147	3156: N, vc0
	3180: S, vc0
148	2510: N, vc0
161	2100: S, vc0
162	2129: S, vc0
163	3156: N, vc0
	3180: S, vc0
164	2510: N, vc0
176	2129: S, vc0
177	2100: S, vc0
	2129: W, vc0
178	2129: W, vc0
179	3156: N, vc0
	3180: S, vc0
180	2510: N, vc0
192	2100: X, vc1
	2129: X, vc0
	3156: E, vc0
193	2100: W, vc0
	3156: E, vc0
194	3156: E, vc0
195	2510: E, vc0
	3156: XN, vc0
	3180: X, vc0
196	2510: N, vc0
Parsed placement file.
Set lat 1 from 0 to 0
Set ejection VC at addr 120 to 0
Link specified in placement file.
Updating dynamic link exit VCs.
1 hops for route 3339
Set exit class for pos 0 to 0 (rt 3339)
1 hops for route 3339
1 hops for route 3339
Set ejection VC at addr 134 to 0
Link specified in placement file.
Changing link to static with placed latencies.
Set lat 1 from 0 to 0
Set ejection VC at addr 118 to 0
Link specified in placement file.
Updating dynamic link exit VCs.
1 hops for route 3446
Set exit class for pos 0 to 0 (rt 3446)
1 hops for route 3446
1 hops for route 3446
1 hops for route 3446
Set ejection VC at addr 50 to 1
Link specified in placement file.
Updating dynamic link exit VCs.
1 hops for route 3509
1 hops for route 3509
1 hops for route 3509
Set exit class for pos 0 to 1 (rt 3509)
Set ejection VC at addr 86 to 1
Link specified in placement file.
Updating dynamic link exit VCs.
1 hops for route 3572
1 hops for route 3572
1 hops for route 3572
1 hops for route 3572
1 hops for route 3572
1 hops for route 3572
1 hops for route 3572
1 hops for route 3572
1 hops for route 3572
Set exit class for pos 0 to 1 (rt 3572)
Set ejection VC at addr 115 to 0
Link specified in placement file.
Changing link to static with placed latencies.
Set lat 1 from 0 to 0
Set ejection VC at addr 134 to 1
Link specified in placement file.
Updating dynamic link exit VCs.
1 hops for route 2510
1 hops for route 2510
1 hops for route 2510
Set exit class for pos 0 to 1 (rt 2510)
1 hops for route 2510
1 hops for route 2510
1 hops for route 2510
1 hops for route 2510
1 hops for route 2510
Set ejection VC at addr 49 to 0
Link specified in placement file.
Changing link to static with placed latencies.
Set lat 1 from 0 to 0
Set ejection VC at addr 67 to 0
Link specified in placement file.
Updating dynamic link exit VCs.
1 hops for route 3383
1 hops for route 3383
1 hops for route 3383
1 hops for route 3383
1 hops for route 3383
Set exit class for pos 0 to 0 (rt 3383)
Set ejection VC at addr 115 to 0
Link specified in placement file.
Updating dynamic link exit VCs.
1 hops for route 2485
1 hops for route 2485
1 hops for route 2485
1 hops for route 2485
Set exit class for pos 0 to 0 (rt 2485)
Set ejection VC at addr 120 to 0
Link specified in placement file.
Changing link to static with placed latencies.
Set lat 1 from 0 to 0
Set ejection VC at addr 102 to 0
Link specified in placement file.
Changing link to static with placed latencies.
Set lat 1 from 0 to 0
Set ejection VC at addr 192 to 1
Link specified in placement file.
Updating dynamic link exit VCs.
1 hops for route 2100
1 hops for route 2100
1 hops for route 2100
1 hops for route 2100
1 hops for route 2100
1 hops for route 2100
1 hops for route 2100
1 hops for route 2100
Set exit class for pos 0 to 1 (rt 2100)
1 hops for route 2100
Set ejection VC at addr 16 to 0
Link specified in placement file.
Changing link to static with placed latencies.
Set lat 1 from 0 to 0
Set ejection VC at addr 9 to 0
Link specified in placement file.
Changing link to static with placed latencies.
Set lat 1 from 0 to 0
Set lat 1 from 0 to 0
Set lat 1 from 0 to 0
Set lat 1 from 0 to 0
Set lat 1 from 0 to 0
Set ejection VC at addr 9 to 0
Link specified in placement file.
Changing link to static with placed latencies.
Set lat 5 from 0 to 0
Set ejection VC at addr 49 to 0
Link specified in placement file.
Changing link to static with placed latencies.
Set lat 6 from 0 to 0
Set ejection VC at addr 102 to 0
Link specified in placement file.
Changing link to static with placed latencies.
Set lat 8 from 0 to 0
Set ejection VC at addr 192 to 0
Link specified in placement file.
Updating dynamic link exit VCs.
1 hops for route 2129
1 hops for route 2129
1 hops for route 2129
1 hops for route 2129
1 hops for route 2129
1 hops for route 2129
1 hops for route 2129
1 hops for route 2129
1 hops for route 2129
Set exit class for pos 0 to 0 (rt 2129)
Set ejection VC at addr 16 to 0
Link specified in placement file.
Changing link to static with placed latencies.
Set lat 1 from 0 to 0
Set ejection VC at addr 9 to 0
Link specified in placement file.
Changing link to static with placed latencies.
Set lat 1 from 0 to 0
Set ejection VC at addr 98 to 0
Link specified in placement file.
Changing link to static with placed latencies.
Set lat 8 from 0 to 0
Set ejection VC at addr 0 to 0
Link specified in placement file.
Changing link to static with placed latencies.
Set lat 4 from 0 to 0
Set ejection VC at addr 48 to 0
Link specified in placement file.
Changing link to static with placed latencies.
Set lat 1 from 0 to 0
Set ejection VC at addr 121 to 0
Link specified in placement file.
Updating dynamic link exit VCs.
1 hops for route 2180
1 hops for route 2180
1 hops for route 2180
1 hops for route 2180
1 hops for route 2180
Set exit class for pos 0 to 0 (rt 2180)
Set ejection VC at addr 49 to 0
Set ejection VC at addr 50 to 0
Link specified in placement file.
Updating dynamic link exit VCs.
1 hops for route 2685
Set exit class for pos 0 to 0 (rt 2685)
2 hops for route 2685
Set exit class for pos 1 to 0 (rt 2685)
1 hops for route 2685
Set ejection VC at addr 102 to 0
Set ejection VC at addr 86 to 0
Link specified in placement file.
Updating dynamic link exit VCs.
1 hops for route 2828
2 hops for route 2828
Set exit class for pos 1 to 0 (rt 2828)
1 hops for route 2828
Set exit class for pos 0 to 0 (rt 2828)
Set ejection VC at addr 131 to 0
Set ejection VC at addr 195 to 0
Link specified in placement file.
Updating dynamic link exit VCs.
2 hops for route 3180
Set exit class for pos 0 to 0 (rt 3180)
1 hops for route 3180
1 hops for route 3180
1 hops for route 3180
1 hops for route 3180
1 hops for route 3180
Set exit class for pos 1 to 0 (rt 3180)
Set ejection VC at addr 131 to 1
Set ejection VC at addr 195 to 1
Link specified in placement file.
Updating dynamic link exit VCs.
1 hops for route 3156
Set exit class for pos 0 to 1 (rt 3156)
1 hops for route 3156
1 hops for route 3156
1 hops for route 3156
1 hops for route 3156
1 hops for route 3156
1 hops for route 3156
2 hops for route 3156
Set exit class for pos 1 to 1 (rt 3156)
Set ejection VC at addr 18 to 0
Set ejection VC at addr 3 to 0
Link specified in placement file.
Updating dynamic link exit VCs.
2 hops for route 2986
1 hops for route 2986
Set exit class for pos 1 to 0 (rt 2986)
1 hops for route 2986
Set exit class for pos 0 to 0 (rt 2986)
Set ejection VC at addr 18 to 1
Set ejection VC at addr 3 to 1
Link specified in placement file.
Updating dynamic link exit VCs.
1 hops for route 2962
Set exit class for pos 1 to 1 (rt 2962)
1 hops for route 2962
1 hops for route 2962
2 hops for route 2962
Set exit class for pos 0 to 1 (rt 2962)
1 hops for route 2962
Set ejection VC at addr 8 to 0
Link specified in placement file.
Changing link to static with placed latencies.
Set lat 1 from 0 to 0
Set ejection VC at addr 4 to 0
Link specified in placement file.
Updating dynamic link exit VCs.
1 hops for route 2317
Set exit class for pos 0 to 0 (rt 2317)
1 hops for route 2317
1 hops for route 2317
1 hops for route 2317
1 hops for route 2317
Set lat 1 from 0 to 0
Set lat 1 from 0 to 0
Set lat 1 from 0 to 0
Set lat 1 from 0 to 0
Set ejection VC at addr 2 to 0
Set ejection VC at addr 132 to 0
Set ejection VC at addr 51 to 0
Set ejection VC at addr 70 to 0
Link specified in placement file.
Changing link to static with placed latencies.
Set lat 2 from 0 to 0
Set lat 8 from 0 to 1
Set lat 4 from 0 to 2
Set lat 6 from 0 to 3
Set ejection VC at addr 9 to 0
Link specified in placement file.
Updating dynamic link exit VCs.
1 hops for route 2260
1 hops for route 2260
Set exit class for pos 0 to 0 (rt 2260)
1 hops for route 2260
1 hops for route 2260
1 hops for route 2260
1 hops for route 2260
1 hops for route 2260
1 hops for route 2260
1 hops for route 2260
Set ejection VC at addr 137 to 0
Link specified in placement file.
Updating dynamic link exit VCs.
1 hops for route 2595
1 hops for route 2595
1 hops for route 2595
1 hops for route 2595
Set exit class for pos 0 to 0 (rt 2595)
Set ejection VC at addr 67 to 0
Link specified in placement file.
Changing link to static with placed latencies.
Set lat 1 from 0 to 0
Set ejection VC at addr 118 to 1
Link specified in placement file.
Updating dynamic link exit VCs.
1 hops for route 2877
1 hops for route 2877
1 hops for route 2877
1 hops for route 2877
Set exit class for pos 0 to 1 (rt 2877)
Set ejection VC at addr 121 to 1
Link specified in placement file.
Updating dynamic link exit VCs.
1 hops for route 2565
1 hops for route 2565
1 hops for route 2565
1 hops for route 2565
1 hops for route 2565
1 hops for route 2565
1 hops for route 2565
Set exit class for pos 0 to 1 (rt 2565)
Child process has pid 5271
Parsed definitions of all elements.
Total of 48 links:
  0: SRAM35
    
  1: RetimingFIFO1737
    
  2: RetimingFIFO1698
    
  3: RetimingFIFO1860
    
  4: RetimingFIFO1435
    
  5: RetimingFIFO1517
    
  6: RetimingFIFO1589
    
  7: RetimingFIFO1670
    
  8: RetimingFIFO1779
    
  9: RetimingFIFO1789
    
  10: RetimingFIFO1617
    
  11: RetimingFIFO1708
    
  12: RetimingFIFO1850
    
  13: StreamOut163
    
  14: StreamOut59
    
  15: StreamOut779
    
  16: SRAM270
    
  17: SRAM271
    
  18: SRAM269
    
  19: SRAM272
    
  20: DramAddress789
    
  21: DramAddress415
    
  22: DramAddress530
    
  23: StreamOut164
    
  24: StreamOut60
    
  25: StreamOut780
    
  26: DramAddress189
    
  27: DramAddress85
    
  28: StreamOut389
    
  29: StreamOut504
    
  30: Reg351_Reg1755
    
  31: Reg353_Reg1826
    
  32: RetimingFIFO1315_RetimingFIFO1339
    
  33: RetimingFIFO1307_RetimingFIFO1331
    
  34: RetimingFIFO1256_RetimingFIFO1280
    
  35: RetimingFIFO1248_RetimingFIFO1272
    
  36: StreamIn782
    
  37: TokenOut967
    
  38: SRAM33
    
  39: SRAM32
    
  40: SRAM31
    
  41: SRAM34
    
  42: TokenIn3614_TokenIn3627_TokenIn3639_TokenIn3651
    
  43: StreamOut781
    
  44: Reg620
    
  45: Reg1798
    
  46: Reg1869
    
  47: Reg618
    
Total of 39 nodes:
  0: CE3861
    [StreamOut60 *4 /1] [StreamOut59 *4 /1]  => [RetimingFIFO1248_RetimingFIFO1272] 
  1: CE3875
    [StreamOut164 *4 /1] [StreamOut163 *4 /1]  => [RetimingFIFO1307_RetimingFIFO1331] 
  2: CE3887
    [StreamOut389 *1 /1]  => [RetimingFIFO1789] 
  3: CE3897
    [StreamOut504 *1 /1]  => [RetimingFIFO1860] 
  4: CE3933
     => [DramAddress789] [DramAddress415] [DramAddress530] [DramAddress85] [DramAddress189] [TokenIn3614_TokenIn3627_TokenIn3639_TokenIn3651] 
  5: CE3949
    [TokenOut967 *1 /1]  => 
  6: CE3969
    [DramAddress85 *16384 /1]  => [StreamOut60] [StreamOut59] 
  7: CE3981
    [TokenIn3614_TokenIn3627_TokenIn3639_TokenIn3651 *65536 /1]  => [RetimingFIFO1256_RetimingFIFO1280] 
  8: CE3993
    [DramAddress189 *16384 /1]  => [StreamOut164] [StreamOut163] 
  9: CE4005
    [TokenIn3614_TokenIn3627_TokenIn3639_TokenIn3651 *65536 /1]  => [RetimingFIFO1315_RetimingFIFO1339] 
  10: CE4017
    [DramAddress789 *16 /1]  => [StreamOut780] [StreamOut779] 
  11: CE4031
    [TokenIn3614_TokenIn3627_TokenIn3639_TokenIn3651 *8192 /1]  => [Reg351_Reg1755] [Reg1798] 
  12: CE4045
    [TokenIn3614_TokenIn3627_TokenIn3639_TokenIn3651 *8192 /1]  => [Reg353_Reg1826] [Reg1869] 
  13: CE4153
    [RetimingFIFO1248_RetimingFIFO1272 *1 /1] [RetimingFIFO1256_RetimingFIFO1280 *1 /1]  => [SRAM31] 
  14: CE4141
    [SRAM31 *2048 /1]  => [RetimingFIFO1435] 
  15: CE4177
    [RetimingFIFO1248_RetimingFIFO1272 *1 /1] [RetimingFIFO1256_RetimingFIFO1280 *1 /1]  => [SRAM32] 
  16: CE4165
    [SRAM32 *2048 /1]  => [RetimingFIFO1517] 
  17: CE4201
    [RetimingFIFO1307_RetimingFIFO1331 *1 /1] [RetimingFIFO1315_RetimingFIFO1339 *1 /1]  => [SRAM33] 
  18: CE4189
    [SRAM33 *2048 /1]  => [RetimingFIFO1589] 
  19: CE4225
    [RetimingFIFO1307_RetimingFIFO1331 *1 /1] [RetimingFIFO1315_RetimingFIFO1339 *1 /1]  => [SRAM34] 
  20: CE4213
    [SRAM34 *2048 /1]  => [RetimingFIFO1670] 
  21: CE4273
    [Reg1798 *4 /1] [RetimingFIFO1789 *1 /1]  => [SRAM269] 
  22: CE4261
    [SRAM269 *4 /1]  => [RetimingFIFO1617] 
  23: CE4297
    [Reg1869 *4 /1] [RetimingFIFO1860 *1 /1]  => [SRAM270] 
  24: CE4285
    [SRAM270 *4 /1]  => [RetimingFIFO1698] 
  25: CE4059
    [RetimingFIFO1589 *1 /1] [RetimingFIFO1617 *1 /1]  => [Reg618] 
  26: CE4073
    [RetimingFIFO1670 *1 /1] [RetimingFIFO1698 *1 /1]  => [Reg620] 
  27: CE4323
    [RetimingFIFO1435 *1 /1]  => [SRAM271] 
  28: CE4311
    [SRAM271 *4 /1] [Reg351_Reg1755 *4 /1]  => [RetimingFIFO1779] 
  29: CE4347
    [RetimingFIFO1517 *1 /1]  => [SRAM272] 
  30: CE4335
    [SRAM272 *4 /1] [Reg353_Reg1826 *4 /1]  => [RetimingFIFO1850] 
  31: CE4085
    [Reg618 *1 /1]  => [RetimingFIFO1708] 
  32: CE4095
    [Reg620 *1 /1]  => [RetimingFIFO1737] 
  33: CE4109
    [DramAddress415 *32768 /1] [Reg351_Reg1755 *4 /1] [RetimingFIF 1 from 0 to 0
Set ejection VC at addr 118 to 1
Link specified in placement file.
Updating dynamic link exit VCs.
1 hops for route 2877
1 hops for route 2877
1 hops for route 2877
1 hops for route 2877
Set exit class for pos 0 to 1 (rt 2877)
Set ejection VC at addr 121 to 1
Link specified in placement file.
Updating dynamic link exit VCs.
1 hops for route 2565
1 hops for route 2565
1 hops for route 2565
1 hops for route 2565
1 hops for route 2565
1 hops for route 2565
1 hops for route 2565
Set exit class for pos 0 to 1 (rt 2565)
I'm the child process!
GPGPU-Sim uArch: interconnect node map (shaderID+MemID to icntID)
GPGPU-Sim uArch: Memory nodes ID start from index: 256
GPGPU-Sim uArch:    0   1   2   3   4   5   6   7   8   9  10  11  12  13  14  15
GPGPU-Sim uArch:   16  17  18  19  20  21  22  23  24  25  26  27  28  29  30  31
GPGPU-Sim uArch:   32  33  34  35  36  37  38  39  40  41  42  43  44  45  46  47
GPGPU-Sim uArch:   48  49  50  51  52  53  54  55  56  57  58  59  60  61  62  63
GPGPU-Sim uArch:   64  65  66  67  68  69  70  71  72  73  74  75  76  77  78  79
GPGPU-Sim uArch:   80  81  82  83  84  85  86  87  88  89  90  91  92  93  94  95
GPGPU-Sim uArch:   96  97  98  99 100 101 102 103 104 105 106 107 108 109 110 111
GPGPU-Sim uArch:  112 113 114 115 116 117 118 119 120 121 122 123 124 125 126 127
GPGPU-Sim uArch:  128 129 130 131 132 133 134 135 136 137 138 139 140 141 142 143
GPGPU-Sim uArch:  144 145 146 147 148 149 150 151 152 153 154 155 156 157 158 159
GPGPU-Sim uArch:  160 161 162 163 164 165 166 167 168 169 170 171 172 173 174 175
GPGPU-Sim uArch:  176 177 178 179 180 181 182 183 184 185 186 187 188 189 190 191
GPGPU-Sim uArch:  192 193 194 195 196 197 198 199 200 201 202 203 204 205 206 207
GPGPU-Sim uArch:  208 209 210 211 212 213 214 215 216 217 218 219 220 221 222 223
GPGPU-Sim uArch:  224 225 226 227 228 229 230 231 232 233 234 235 236 237 238 239
GPGPU-Sim uArch:  240 241 242 243 244 245 246 247 248 249 250 251 252 253 254 255
GPGPU-Sim uArch: interconnect node reverse map (icntID to shaderID+MemID)
GPGPU-Sim uArch: Memory nodes start from ID: 256
GPGPU-Sim uArch:    0   1   2   3   4   5   6   7   8   9  10  11  12  13  14  15
GPGPU-Sim uArch:   16  17  18  19  20  21  22  23  24  25  26  27  28  29  30  31
GPGPU-Sim uArch:   32  33  34  35  36  37  38  39  40  41  42  43  44  45  46  47
GPGPU-Sim uArch:   48  49  50  51  52  53  54  55  56  57  58  59  60  61  62  63
GPGPU-Sim uArch:   64  65  66  67  68  69  70  71  72  73  74  75  76  77  78  79
GPGPU-Sim uArch:   80  81  82  83  84  85  86  87  88  89  90  91  92  93  94  95
GPGPU-Sim uArch:   96  97  98  99 100 101 102 103 104 105 106 107 108 109 110 111
GPGPU-Sim uArch:  112 113 114 115 116 117 118 119 120 121 122 123 124 125 126 127
GPGPU-Sim uArch:  128 129 130 131 132 133 134 135 136 137 138 139 140 141 142 143
GPGPU-Sim uArch:  144 145 146 147 148 149 150 151 152 153 154 155 156 157 158 159
GPGPU-Sim uArch:  160 161 162 163 164 165 166 167 168 169 170 171 172 173 174 175
GPGPU-Sim uArch:  176 177 178 179 180 181 182 183 184 185 186 187 188 189 190 191
GPGPU-Sim uArch:  192 193 194 195 196 197 198 199 200 201 202 203 204 205 206 207
GPGPU-Sim uArch:  208 209 210 211 212 213 214 215 216 217 218 219 220 221 222 223
GPGPU-Sim uArch:  224 225 226 227 228 229 230 231 232 233 234 235 236 237 238 239
GPGPU-Sim uArch:  240 241 242 243 244 245 246 247 248 249 250 251 252 253 254 255
O1779 *1 /1]  => [StreamOut389] 
  34: CE4127
    [DramAddress530 *32768 /1] [Reg353_Reg1826 *4 /1] [RetimingFIFO1850 *1 /1]  => [StreamOut504] 
  35: CE4249
    [RetimingFIFO1708 *1 /1] [RetimingFIFO1737 *1 /1]  => [SRAM35] 
  36: CE4237
    [SRAM35 *64 /1]  => [StreamOut781] 
  37: CE3911
    [StreamOut780 *64 /1] [StreamOut781 *1 /1] [StreamOut779 *64 /1]  => [StreamIn782] 
  38: CE3957
    [StreamIn782 *1 /1]  => [TokenOut967] 

10000...
WARNING: Unrequested DRAM token returned!
WARNING: Unrequested DRAM token returned!
WARNING: Unrequested DRAM token returned!
WARNING: Unrequested DRAM token returned!
WARNING: Unrequested DRAM token returned!
WARNING: Unrequested DRAM token returned!
20000...
WARNING: Unrequested DRAM token returned!
WARNING: Unrequested DRAM token returned!
WARNING: Unrequested DRAM token returned!
WARNING: Unrequested DRAM token returned!
WARNING: Unrequested DRAM token returned!
WARNING: Unrequested DRAM token returned!
WARNING: Unrequested DRAM token returned!
WARNING: Unrequested DRAM token returned!
WARNING: Unrequested DRAM token returned!
WARNING: Unrequested DRAM token returned!
WARNING: Unrequested DRAM token returned!
WARNING: Unrequested DRAM token returned!
WARNING: Unrequested DRAM token returned!
WARNING: Unrequested DRAM token returned!
WARNING: Unrequested DRAM token returned!
WARNING: Unrequested DRAM token returned!
WARNING: Unrequested DRAM token returned!
WARNING: Unrequested DRAM token returned!
WARNING: Unrequested DRAM token returned!
WARNING: Unrequested DRAM token returned!
30000...
WARNING: Unrequested DRAM token returned!
WARNING: Unrequested DRAM token returned!
WARNING: Unrequested DRAM token returned!
WARNING: Unrequested DRAM token returned!
WARNING: Unrequested DRAM token returned!
WARNING: Unrequested DRAM token returned!
WARNING: Unrequested DRAM token returned!
WARNING: Unrequested DRAM token returned!
WARNING: Unrequested DRAM token returned!
WARNING: Unrequested DRAM token returned!
WARNING: Unrequested DRAM token returned!
WARNING: Unrequested DRAM token returned!
WARNING: Unrequested DRAM token returned!
WARNING: Unrequested DRAM token returned!
WARNING: Unrequested DRAM token returned!
WARNING: Unrequested DRAM token returned!
WARNING: Unrequested DRAM token returned!
WARNING: Unrequested DRAM token returned!
40000...
WARNING: Unrequested DRAM token returned!
WARNING: Unrequested DRAM token returned!
WARNING: Unrequested DRAM token returned!
WARNING: Unrequested DRAM token returned!
WARNING: Unrequested DRAM token returned!
WARNING: Unrequested DRAM token returned!
WARNING: Unrequested DRAM token returned!
WARNING: Unrequested DRAM token returned!
WARNING: Unrequested DRAM token returned!
WARNING: Unrequested DRAM token returned!
WARNING: Unrequested DRAM token returned!
WARNING: Unrequested DRAM token returned!
WARNING: Unrequested DRAM token returned!
WARNING: Unrequested DRAM token returned!
50000...
WARNING: Unrequested DRAM token returned!
WARNING: Unrequested DRAM token returned!
WARNING: Unrequested DRAM token returned!
WARNING: Unrequested DRAM token returned!
WARNING: Unrequested DRAM token returned!
WARNING: Unrequested DRAM token returned!
WARNING: Unrequested DRAM token returned!
WARNING: Unrequested DRAM token returned!
WARNING: Unrequested DRAM token returned!
WARNING: Unrequested DRAM token returned!
WARNING: Unrequested DRAM token returned!
WARNING: Unrequested DRAM token returned!
WARNING: Unrequested DRAM token returned!
WARNING: Unrequested DRAM token returned!
WARNING: Unrequested DRAM token returned!
60000...
WARNING: Unrequested DRAM token returned!
WARNING: Unrequested DRAM token returned!
WARNING: Unrequested DRAM token returned!
WARNING: Unrequested DRAM token returned!
WARNING: Unrequested DRAM token returned!
WARNING: Unrequested DRAM token returned!
WARNING: Unrequested DRAM token returned!
WARNING: Unrequested DRAM token returned!
WARNING: Unrequested DRAM token returned!
WARNING: Unrequested DRAM token returned!
WARNING: Unrequested DRAM token returned!
WARNING: Unrequested DRAM token returned!
WARNING: Unrequested DRAM token returned!
WARNING: Unrequested DRAM token returned!
WARNING: Unrequested DRAM token returned!
WARNING: Unrequested DRAM token returned!
WARNING: Unrequested DRAM token returned!
WARNING: Unrequested DRAM token returned!
WARNING: Unrequested DRAM token returned!
WARNING: Unrequested DRAM token returned!
WARNING: Unrequested DRAM token returned!
WARNING: Unrequested DRAM token returned!
70000...
WARNING: Unrequested DRAM token returned!
WARNING: Unrequested DRAM token returned!
WARNING: Unrequested DRAM token returned!
WARNING: Unrequested DRAM token returned!
WARNING: Unrequested DRAM token returned!
WARNING: Unrequested DRAM token returned!
WARNING: Unrequested DRAM token returned!
WARNING: Unrequested DRAM token returned!
WARNING: Unrequested DRAM token returned!
WARNING: Unrequested DRAM token returned!
WARNING: Unrequested DRAM token returned!
WARNING: Unrequested DRAM token returned!
WARNING: Unrequested DRAM token returned!
WARNING: Unrequested DRAM token returned!
WARNING: Unrequested DRAM token returned!
WARNING: Unrequested DRAM token returned!
WARNING: Unrequested DRAM token returned!
WARNING: Unrequested DRAM token returned!
WARNING: Unrequested DRAM token returned!
WARNING: Unrequested DRAM token returned!
WARNING: Unrequested DRAM token returned!
WARNING: Unrequested DRAM token returned!
80000...
WARNING: Unrequested DRAM token returned!
WARNING: Unrequested DRAM token returned!
WARNING: Unrequested DRAM token returned!
WARNING: Unrequested DRAM token returned!
WARNING: Unrequested DRAM token returned!
WARNING: Unrequested DRAM token returned!
WARNING: Unrequested DRAM token returned!
WARNING: Unrequested DRAM token returned!
WARNING: Unrequested DRAM token returned!
WARNING: Unrequested DRAM token returned!
WARNING: Unrequested DRAM token returned!
WARNING: Unrequested DRAM token returned!
WARNING: Unrequested DRAM token returned!
WARNING: Unrequested DRAM token returned!
WARNING: Unrequested DRAM token returned!
WARNING: Unrequested DRAM token returned!
90000...
WARNING: Unrequested DRAM token returned!
WARNING: Unrequested DRAM token returned!
WARNING: Unrequested DRAM token returned!
WARNING: Unrequested DRAM token returned!
WARNING: Unrequested DRAM token returned!
WARNING: Unrequested DRAM token returned!
WARNING: Unrequested DRAM token returned!
WARNING: Unrequested DRAM token returned!
WARNING: Unrequested DRAM token returned!
WARNING: Unrequested DRAM token returned!
WARNING: Unrequested DRAM token returned!
WARNING: Unrequested DRAM token returned!
WARNING: Unrequested DRAM token returned!
WARNING: Unrequested DRAM token returned!
WARNING: Unrequested DRAM token returned!
WARNING: Unrequested DRAM token returned!
WARNING: Unrequested DRAM token returned!
100000...
WARNING: Unrequested DRAM token returned!
WARNING: Unrequested DRAM token returned!
WARNING: Unrequested DRAM token returned!
WARNING: Unrequested DRAM token returned!
WARNING: Unrequested DRAM token returned!
WARNING: Unrequested DRAM token returned!
WARNING: Unrequested DRAM token returned!
WARNING: Unrequested DRAM token returned!
WARNING: Unrequested DRAM token returned!
WARNING: Unrequested DRAM token returned!
WARNING: Unrequested DRAM token returned!
WARNING: Unrequested DRAM token returned!
WARNING: Unrequested DRAM token returned!
WARNING: Unrequested DRAM token returned!
WARNING: Unrequested DRAM token returned!
WARNING: Unrequested DRAM token returned!
WARNING: Unrequested DRAM token returned!
WARNING: Unrequested DRAM token returned!
WARNING: Unrequested DRAM token returned!
WARNING: Unrequested DRAM token returned!
WARNING: Unrequested DRAM token returned!
WARNING: Unrequested DRAM token returned!
WARNING: Unrequested DRAM token returned!
WARNING: Unrequested DRAM token returned!
WARNING: Unrequested DRAM token returned!
110000...
WARNING: Unrequested DRAM token returned!
WARNING: Unrequested DRAM token returned!
WARNING: Unrequested DRAM token returned!
WARNING: Unrequested DRAM token returned!
WARNING: Unrequested DRAM token returned!
WARNING: Unrequested DRAM token returned!
WARNING: Unrequested DRAM token returned!
WARNING: Unrequested DRAM token returned!
WARNING: Unrequested DRAM token returned!
WARNING: Unrequested DRAM token returned!
WARNING: Unrequested DRAM token returned!
WARNING: Unrequested DRAM token returned!
WARNING: Unrequested DRAM token returned!
WARNING: Unrequested DRAM token returned!
WARNING: Unrequested DRAM token returned!
WARNING: Unrequested DRAM token returned!
WARNING: Unrequested DRAM token returned!
WARNING: Unrequested DRAM token returned!
WARNING: Unrequested DRAM token returned!
WARNING: Unrequested DRAM token returned!
WARNING: Unrequested DRAM token returned!
WARNING: Unrequested DRAM token returned!
WARNING: Unrequested DRAM token returned!
WARNING: Unrequested DRAM token returned!
WARNING: Unrequested DRAM token returned!
WARNING: Unrequested DRAM token returned!
WARNING: Unrequested DRAM token returned!
WARNING: Unrequested DRAM token returned!
WARNING: Unrequested DRAM token returned!
WARNING: Unrequested DRAM token returned!
WARNING: Unrequested DRAM token returned!
120000...
WARNING: Unrequested DRAM token returned!
WARNING: Unrequested DRAM token returned!
WARNING: Unrequested DRAM token returned!
WARNING: Unrequested DRAM token returned!
WARNING: Unrequested DRAM token returned!
WARNING: Unrequested DRAM token returned!
WARNING: Unrequested DRAM token returned!
WARNING: Unrequested DRAM token returned!
WARNING: Unrequested DRAM token returned!
WARNING: Unrequested DRAM token returned!
WARNING: Unrequested DRAM token returned!
WARNING: Unrequested DRAM token returned!
WARNING: Unrequested DRAM token returned!
WARNING: Unrequested DRAM token returned!
WARNING: Unrequested DRAM token returned!
WARNING: Unrequested DRAM token returned!
WARNING: Unrequested DRAM token returned!
WARNING: Unrequested DRAM token returned!
WARNING: Unrequested DRAM token returned!
WARNING: Unrequested DRAM token returned!
WARNING: Unrequested DRAM token returned!
WARNING: Unrequested DRAM token returned!
130000...
WARNING: Unrequested DRAM token returned!
WARNING: Unrequested DRAM token returned!
WARNING: Unrequested DRAM token returned!
WARNING: Unrequested DRAM token returned!
WARNING: Unrequested DRAM token returned!
WARNING: Unrequested DRAM token returned!
WARNING: Unrequested DRAM token returned!
WARNING: Unrequested DRAM token returned!
WARNING: Unrequested DRAM token returned!
WARNING: Unrequested DRAM token returned!
WARNING: Unrequested DRAM token returned!
WARNING: Unrequested DRAM token returned!
WARNING: Unrequested DRAM token returned!
WARNING: Unrequested DRAM token returned!
WARNING: Unrequested DRAM token returned!
WARNING: Unrequested DRAM token returned!
WARNING: Unrequested DRAM token returned!
WARNING: Unrequested DRAM token returned!
WARNING: Unrequested DRAM token returned!
WARNING: Unrequested DRAM token returned!
WARNING: Unrequested DRAM token returned!
WARNING: Unrequested DRAM token returned!
WARNING: Unrequested DRAM token returned!
WARNING: Unrequested DRAM token returned!
WARNING: Unrequested DRAM token returned!
WARNING: Unrequested DRAM token returned!
WARNING: Unrequested DRAM token returned!
WARNING: Unrequested DRAM token returned!
WARNING: Unrequested DRAM token returned!
WARNING: Unrequested DRAM token returned!
140000...
WARNING: Unrequested DRAM token returned!
WARNING: Unrequested DRAM token returned!
WARNING: Unrequested DRAM token returned!
WARNING: Unrequested DRAM token returned!
WARNING: Unrequested DRAM token returned!
WARNING: Unrequested DRAM token returned!
WARNING: Unrequested DRAM token returned!
WARNING: Unrequested DRAM token returned!
WARNING: Unrequested DRAM token returned!
WARNING: Unrequested DRAM token returned!
WARNING: Unrequested DRAM token returned!
WARNING: Unrequested DRAM token returned!
WARNING: Unrequested DRAM token returned!
WARNING: Unrequested DRAM token returned!
WARNING: Unrequested DRAM token returned!
150000...
WARNING: Unrequested DRAM token returned!
WARNING: Unrequested DRAM token returned!
WARNING: Unrequested DRAM token returned!
WARNING: Unrequested DRAM token returned!
WARNING: Unrequested DRAM token returned!
WARNING: Unrequested DRAM token returned!
WARNING: Unrequested DRAM token returned!
WARNING: Unrequested DRAM token returned!
WARNING: Unrequested DRAM token returned!
WARNING: Unrequested DRAM token returned!
WARNING: Unrequested DRAM token returned!
WARNING: Unrequested DRAM token returned!
160000...
WARNING: Unrequested DRAM token returned!
WARNING: Unrequested DRAM token returned!
WARNING: Unrequested DRAM token returned!
WARNING: Unrequested DRAM token returned!
WARNING: Unrequested DRAM token returned!
WARNING: Unrequested DRAM token returned!
WARNING: Unrequested DRAM token returned!
WARNING: Unrequested DRAM token returned!
WARNING: Unrequested DRAM token returned!
WARNING: Unrequested DRAM token returned!
WARNING: Unrequested DRAM token returned!
WARNING: Unrequested DRAM token returned!
WARNING: Unrequested DRAM token returned!
WARNING: Unrequested DRAM token returned!
WARNING: Unrequested DRAM token returned!
WARNING: Unrequested DRAM token returned!
WARNING: Unrequested DRAM token returned!
WARNING: Unrequested DRAM token returned!
WARNING: Unrequested DRAM token returned!
WARNING: Unrequested DRAM token returned!
WARNING: Unrequested DRAM token returned!
WARNING: Unrequested DRAM token returned!
WARNING: Unrequested DRAM token returned!
WARNING: Unrequested DRAM token returned!
WARNING: Unrequested DRAM token returned!
170000...
WARNING: Unrequested DRAM token returned!
WARNING: Unrequested DRAM token returned!
WARNING: Unrequested DRAM token returned!
WARNING: Unrequested DRAM token returned!
WARNING: Unrequested DRAM token returned!
WARNING: Unrequested DRAM token returned!
WARNING: Unrequested DRAM token returned!
WARNING: Unrequested DRAM token returned!
WARNING: Unrequested DRAM token returned!
WARNING: Unrequested DRAM token returned!
WARNING: Unrequested DRAM token returned!
WARNING: Unrequested DRAM token returned!
WARNING: Unrequested DRAM token returned!
WARNING: Unrequested DRAM token returned!
WARNING: Unrequested DRAM token returned!
WARNING: Unrequested DRAM token returned!
WARNING: Unrequested DRAM token returned!
WARNING: Unrequested DRAM token returned!
WARNING: Unrequested DRAM token returned!
WARNING: Unrequested DRAM token returned!
WARNING: Unrequested DRAM token returned!
180000...
WARNING: Unrequested DRAM token returned!
WARNING: Unrequested DRAM token returned!
WARNING: Unrequested DRAM token returned!
WARNING: Unrequested DRAM token returned!
WARNING: Unrequested DRAM token returned!
WARNING: Unrequested DRAM token returned!
WARNING: Unrequested DRAM token returned!
WARNING: Unrequested DRAM token returned!
WARNING: Unrequested DRAM token returned!
WARNING: Unrequested DRAM token returned!
WARNING: Unrequested DRAM token returned!
WARNING: Unrequested DRAM token returned!
WARNING: Unrequested DRAM token returned!
WARNING: Unrequested DRAM token returned!
WARNING: Unrequested DRAM token returned!
WARNING: Unrequested DRAM token returned!
WARNING: Unrequested DRAM token returned!
WARNING: Unrequested DRAM token returned!
WARNING: Unrequested DRAM token returned!
WARNING: Unrequested DRAM token returned!
190000...
WARNING: Unrequested DRAM token returned!
WARNING: Unrequested DRAM token returned!
WARNING: Unrequested DRAM token returned!
WARNING: Unrequested DRAM token returned!
WARNING: Unrequested DRAM token returned!
WARNING: Unrequested DRAM token returned!
WARNING: Unrequested DRAM token returned!
WARNING: Unrequested DRAM token returned!
WARNING: Unrequested DRAM token returned!
WARNING: Unrequested DRAM token returned!
WARNING: Unrequested DRAM token returned!
WARNING: Unrequested DRAM token returned!
WARNING: Unrequested DRAM token returned!
WARNING: Unrequested DRAM token returned!
WARNING: Unrequested DRAM token returned!
WARNING: Unrequested DRAM token returned!
WARNING: Unrequested DRAM token returned!
WARNING: Unrequested DRAM token returned!
WARNING: Unrequested DRAM token returned!
WARNING: Unrequested DRAM token returned!
WARNING: Unrequested DRAM token returned!
WARNING: Unrequested DRAM token returned!
WARNING: Unrequested DRAM token returned!
WARNING: Unrequested DRAM token returned!
WARNING: Unrequested DRAM token returned!
200000...
WARNING: Unrequested DRAM token returned!
WARNING: Unrequested DRAM token returned!
WARNING: Unrequested DRAM token returned!
WARNING: Unrequested DRAM token returned!
WARNING: Unrequested DRAM token returned!
WARNING: Unrequested DRAM token returned!
WARNING: Unrequested DRAM token returned!
WARNING: Unrequested DRAM token returned!
WARNING: Unrequested DRAM token returned!
WARNING: Unrequested DRAM token returned!
WARNING: Unrequested DRAM token returned!
WARNING: Unrequested DRAM token returned!
WARNING: Unrequested DRAM token returned!
WARNING: Unrequested DRAM token returned!
210000...
WARNING: Unrequested DRAM token returned!
WARNING: Unrequested DRAM token returned!
WARNING: Unrequested DRAM token returned!
WARNING: Unrequested DRAM token returned!
WARNING: Unrequested DRAM token returned!
WARNING: Unrequested DRAM token returned!
WARNING: Unrequested DRAM token returned!
WARNING: Unrequested DRAM token returned!
WARNING: Unrequested DRAM token returned!
WARNING: Unrequested DRAM token returned!
WARNING: Unrequested DRAM token returned!
WARNING: Unrequested DRAM token returned!
WARNING: Unrequested DRAM token returned!
WARNING: Unrequested DRAM token returned!
WARNING: Unrequested DRAM token returned!
WARNING: Unrequested DRAM token returned!
WARNING: Unrequested DRAM token returned!
WARNING: Unrequested DRAM token returned!
WARNING: Unrequested DRAM token returned!
WARNING: Unrequested DRAM token returned!
WARNING: Unrequested DRAM token returned!
WARNING: Unrequested DRAM token returned!
220000...
WARNING: Unrequested DRAM token returned!
WARNING: Unrequested DRAM token returned!
WARNING: Unrequested DRAM token returned!
WARNING: Unrequested DRAM token returned!
WARNING: Unrequested DRAM token returned!
WARNING: Unrequested DRAM token returned!
WARNING: Unrequested DRAM token returned!
WARNING: Unrequested DRAM token returned!
WARNING: Unrequested DRAM token returned!
WARNING: Unrequested DRAM token returned!
WARNING: Unrequested DRAM token returned!
WARNING: Unrequested DRAM token returned!
WARNING: Unrequested DRAM token returned!
WARNING: Unrequested DRAM token returned!
WARNING: Unrequested DRAM token returned!
WARNING: Unrequested DRAM token returned!
WARNING: Unrequested DRAM token returned!
WARNING: Unrequested DRAM token returned!
WARNING: Unrequested DRAM token returned!
WARNING: Unrequested DRAM token returned!
WARNING: Unrequested DRAM token returned!
WARNING: Unrequested DRAM token returned!
230000...
WARNING: Unrequested DRAM token returned!
WARNING: Unrequested DRAM token returned!
WARNING: Unrequested DRAM token returned!
WARNING: Unrequested DRAM token returned!
WARNING: Unrequested DRAM token returned!
WARNING: Unrequested DRAM token returned!
WARNING: Unrequested DRAM token returned!
WARNING: Unrequested DRAM token returned!
WARNING: Unrequested DRAM token returned!
WARNING: Unrequested DRAM token returned!
WARNING: Unrequested DRAM token returned!
WARNING: Unrequested DRAM token returned!
WARNING: Unrequested DRAM token returned!
WARNING: Unrequested DRAM token returned!
WARNING: Unrequested DRAM token returned!
WARNING: Unrequested DRAM token returned!
WARNING: Unrequested DRAM token returned!
WARNING: Unrequested DRAM token returned!
WARNING: Unrequested DRAM token returned!
WARNING: Unrequested DRAM token returned!
WARNING: Unrequested DRAM token returned!
WARNING: Unrequested DRAM token returned!
WARNING: Unrequested DRAM token returned!
WARNING: Unrequested DRAM token returned!
240000...
WARNING: Unrequested DRAM token returned!
WARNING: Unrequested DRAM token returned!
WARNING: Unrequested DRAM token returned!
WARNING: Unrequested DRAM token returned!
WARNING: Unrequested DRAM token returned!
WARNING: Unrequested DRAM token returned!
WARNING: Unrequested DRAM token returned!
WARNING: Unrequested DRAM token returned!
WARNING: Unrequested DRAM token returned!
WARNING: Unrequested DRAM token returned!
WARNING: Unrequested DRAM token returned!
WARNING: Unrequested DRAM token returned!
WARNING: Unrequested DRAM token returned!
WARNING: Unrequested DRAM token returned!
WARNING: Unrequested DRAM token returned!
WARNING: Unrequested DRAM token returned!
WARNING: Unrequested DRAM token returned!
WARNING: Unrequested DRAM token returned!
WARNING: Unrequested DRAM token returned!
WARNING: Unrequested DRAM token returned!
WARNING: Unrequested DRAM token returned!
WARNING: Unrequested DRAM token returned!
WARNING: Unrequested DRAM token returned!
WARNING: Unrequested DRAM token returned!
WARNING: Unrequested DRAM token returned!
WARNING: Unrequested DRAM token returned!
250000...
WARNING: Unrequested DRAM token returned!
WARNING: Unrequested DRAM token returned!
WARNING: Unrequested DRAM token returned!
WARNING: Unrequested DRAM token returned!
WARNING: Unrequested DRAM token returned!
WARNING: Unrequested DRAM token returned!
WARNING: Unrequested DRAM token returned!
WARNING: Unrequested DRAM token returned!
WARNING: Unrequested DRAM token returned!
WARNING: Unrequested DRAM token returned!
WARNING: Unrequested DRAM token returned!
WARNING: Unrequested DRAM token returned!
WARNING: Unrequested DRAM token returned!
WARNING: Unrequested DRAM token returned!
WARNING: Unrequested DRAM token returned!
WARNING: Unrequested DRAM token returned!
WARNING: Unrequested DRAM token returned!
WARNING: Unrequested DRAM token returned!
WARNING: Unrequested DRAM token returned!
260000...
WARNING: Unrequested DRAM token returned!
WARNING: Unrequested DRAM token returned!
WARNING: Unrequested DRAM token returned!
WARNING: Unrequested DRAM token returned!
WARNING: Unrequested DRAM token returned!
WARNING: Unrequested DRAM token returned!
WARNING: Unrequested DRAM token returned!
WARNING: Unrequested DRAM token returned!
WARNING: Unrequested DRAM token returned!
WARNING: Unrequested DRAM token returned!
WARNING: Unrequested DRAM token returned!
WARNING: Unrequested DRAM token returned!
WARNING: Unrequested DRAM token returned!
WARNING: Unrequested DRAM token returned!
WARNING: Unrequested DRAM token returned!
WARNING: Unrequested DRAM token returned!
WARNING: Unrequested DRAM token returned!
WARNING: Unrequested DRAM token returned!
WARNING: Unrequested DRAM token returned!
WARNING: Unrequested DRAM token returned!
WARNING: Unrequested DRAM token returned!
WARNING: Unrequested DRAM token returned!
WARNING: Unrequested DRAM token returned!
WARNING: Unrequested DRAM token returned!
WARNING: Unrequested DRAM token returned!
WARNING: Unrequested DRAM token returned!
WARNING: Unrequested DRAM token returned!
WARNING: Unrequested DRAM token returned!
270000...
WARNING: Unrequested DRAM token returned!
WARNING: Unrequested DRAM token returned!
WARNING: Unrequested DRAM token returned!
WARNING: Unrequested DRAM token returned!
WARNING: Unrequested DRAM token returned!
WARNING: Unrequested DRAM token returned!
WARNING: Unrequested DRAM token returned!
WARNING: Unrequested DRAM token returned!
WARNING: Unrequested DRAM token returned!
WARNING: Unrequested DRAM token returned!
WARNING: Unrequested DRAM token returned!
WARNING: Unrequested DRAM token returned!
WARNING: Unrequested DRAM token returned!
WARNING: Unrequested DRAM token returned!
WARNING: Unrequested DRAM token returned!
WARNING: Unrequested DRAM token returned!
WARNING: Unrequested DRAM token returned!
WARNING: Unrequested DRAM token returned!
WARNING: Unrequested DRAM token returned!
280000...
WARNING: Unrequested DRAM token returned!
WARNING: Unrequested DRAM token returned!
WARNING: Unrequested DRAM token returned!
WARNING: Unrequested DRAM token returned!
WARNING: Unrequested DRAM token returned!
WARNING: Unrequested DRAM token returned!
WARNING: Unrequested DRAM token returned!
WARNING: Unrequested DRAM token returned!
WARNING: Unrequested DRAM token returned!
WARNING: Unrequested DRAM token returned!
WARNING: Unrequested DRAM token returned!
Simulation complete at cycle: 284576
[[32mpsim[0m] Simulation complete at cycle: 284576
CE3861: Active:  23.0 Stalled:  72.2 Starved:   4.4 Total Active:    65536 Total Output:    65536 Expected Active:    65536 Last Activity: 12533 
[0m[[31merror[0m] [0m(Thread-17) java.lang.NumberFormatException: For input string: "65536 Total Output:    65536"[0m
java.lang.NumberFormatException: For input string: "65536 Total Output:    65536"
	at java.lang.NumberFormatException.forInputString(NumberFormatException.java:65)
	at java.lang.Long.parseLong(Long.java:589)
	at java.lang.Long.parseLong(Long.java:631)
	at scala.collection.immutable.StringLike.toLong(StringLike.scala:306)
	at scala.collection.immutable.StringLike.toLong$(StringLike.scala:306)
	at scala.collection.immutable.StringOps.toLong(StringOps.scala:29)
	at pir.codegen.PlastisimConfigCodegen.$anonfun$processOutput$1(PlastisimConfigCodegen.scala:55)
	at pir.codegen.PlastisimConfigCodegen.$anonfun$processOutput$1$adapted(PlastisimConfigCodegen.scala:54)
	at scala.Option.foreach(Option.scala:257)
	at pir.codegen.PlastisimConfigCodegen.processOutput(PlastisimConfigCodegen.scala:54)
	at pir.codegen.PlastisimConfigCodegen.$anonfun$runPsim$5(PlastisimConfigCodegen.scala:82)
	at pir.codegen.PlastisimConfigCodegen.$anonfun$runPsim$5$adapted(PlastisimConfigCodegen.scala:82)
	at prism.util.Misc.$anonfun$shell$7(Misc.scala:88)
	at prism.util.Misc.$anonfun$shell$7$adapted(Misc.scala:88)
	at scala.Option.foreach(Option.scala:257)
	at prism.util.Misc.$anonfun$shell$5(Misc.scala:88)
	at prism.util.Misc.$anonfun$shell$5$adapted(Misc.scala:88)
	at scala.sys.process.ProcessLogger$$anon$1.out(ProcessLogger.scala:97)
	at scala.sys.process.BasicIO$.$anonfun$processOutFully$1(BasicIO.scala:136)
	at scala.sys.process.BasicIO$.$anonfun$processOutFully$1$adapted(BasicIO.scala:136)
	at scala.sys.process.BasicIO$.readFully$1(BasicIO.scala:184)
	at scala.sys.process.BasicIO$.$anonfun$processFully$1$adapted(BasicIO.scala:188)
	at scala.sys.process.ProcessBuilderImpl$Simple.$anonfun$run$3(ProcessBuilderImpl.scala:76)
	at scala.sys.process.ProcessImpl$Spawn$$anon$1.run(ProcessImpl.scala:23)
[0m[[31mtrace[0m] [0mStack trace suppressed: run [34mlast apps/compile:runMain[0m for the full output.[0m
[[31merror[0m] failed /home/yaqiz/plastisim/plastisim -f /home/yaqiz/plastisim/configs/finals/SPMV_ELL__L_64_N_16384_ts_1024_op_1_mp_2_dynamic_v0_s0/config.psim -p /home/yaqiz/plastisim/configs/finals/SPMV_ELL__L_64_N_16384_ts_1024_op_1_mp_2_dynamic_v0_s0/final.place -c 100000000 -l B
[pir] Finished 68-PlastisimConfigCodegen to [36mconfig.psim[0m in 79676.242774ms
[pir] Running 69-PlastisimDotCodegen ...[pir] Finished 69-PlastisimDotCodegen to [36mpsim.dot[0m in 1269.330642ms
[pir] Saving node prism.Session@d2534e1 to /home/yaqiz/pir/out/SPMV_ELL__L_64_N_16384_ts_1024_op_1_mp_2_dynamic_v0_s0/SPMV_ELL__L_64_N_16384_ts_1024_op_1_mp_2.sess
[0m[[32msuccess[0m] [0mTotal time: 194 s, completed Aug 2, 2018 2:35:28 AM[0m
-------------PASS (DONE)------------
