Java HotSpot(TM) 64-Bit Server VM warning: ignoring option MaxPermSize=1g; support was removed in 8.0
Picked up _JAVA_OPTIONS: -Xss8192k
Waiting for lock on /home/yaqiz/.sbt/boot/sbt.boot.lock to be available...
[0m[[0minfo[0m] [0mLoading global plugins from /home/yaqiz/.sbt/0.13/plugins[0m
[0m[[0minfo[0m] [0mLoading project definition from /home/yaqiz/pir/project[0m
[0m[[0minfo[0m] [0mSet current project to default-675fdc (in build file:/home/yaqiz/pir/)[0m
[0m[[0minfo[0m] [0mSet current project to apps (in build file:/home/yaqiz/pir/)[0m
[0m[[0minfo[0m] [0mRunning SPMV_ELL__L_64_N_16384_ts_1024_op_1_mp_2 --out=/home/yaqiz/pir/out/SPMV_ELL__L_64_N_16384_ts_1024_op_1_mp_2_dynamic_v2_s6 --psim-out=/home/yaqiz/plastisim/configs/finals/SPMV_ELL__L_64_N_16384_ts_1024_op_1_mp_2_dynamic_v2_s6 --debug=false --verbose=true --dot=false --mapping=true --load-pir=true --save-pir=true --psim=true --trace=true --ctrl=true --bp=false --stat=true --net=dynamic --routing-algo=proute --proute-iter=1000 --run-psim=true --arch=MyDesign --row=16 --col=8 --topo=mesh --argin=64 --tokenout=32 --fifo-depth=4 --vfifo=4 --vc=8 --vlink=2 --slink=6[0m
[pir] args=[--load-pir=false, --run-psim=false, --trace=false, --net=static, --stat=false, --vlink=2, --slink=6, --vfifo=4, --row=16, --col=8, --topo=mesh, --routing-algo=dor, --psim-timeout=100000000, --mapping=true, --splitting=true, --save-pir=true, --load-spade=false, --save-spade=false, --splitting-algo=alias_weighted_igraph, --ctrl=true, --bp=false, --snapint=10, --snapshot=false, --dot=true, --psim=false, --arch=MyDesign, --nn=false, --dag=true, --pattern=checkerboard, --argin=20, --argout=4, --tokenout=5, --fifo-depth=10, --vc=10, --routing-cost=H-hop, --out=/home/yaqiz/pir/out/SPMV_ELL__L_64_N_16384_ts_1024_op_1_mp_2_dynamic_v2_s6, --psim-out=/home/yaqiz/plastisim/configs/finals/SPMV_ELL__L_64_N_16384_ts_1024_op_1_mp_2_dynamic_v2_s6, --debug=false, --verbose=true, --dot=false, --mapping=true, --load-pir=true, --save-pir=true, --psim=true, --trace=true, --ctrl=true, --bp=false, --stat=true, --net=dynamic, --routing-algo=proute, --proute-iter=1000, --run-psim=true, --arch=MyDesign, --row=16, --col=8, --topo=mesh, --argin=64, --tokenout=32, --fifo-depth=4, --vfifo=4, --vc=8, --vlink=2, --slink=6]
[pir] Output directory set to [36m/home/yaqiz/pir/out/SPMV_ELL__L_64_N_16384_ts_1024_op_1_mp_2_dynamic_v2_s6[0m
[pir] Loading from /home/yaqiz/pir/out/SPMV_ELL__L_64_N_16384_ts_1024_op_1_mp_2_dynamic_v2_s6/SPMV_ELL__L_64_N_16384_ts_1024_op_1_mp_2.pir[pir] Loading PIRDesign() from /home/yaqiz/pir/out/SPMV_ELL__L_64_N_16384_ts_1024_op_1_mp_2_dynamic_v2_s6/SPMV_ELL__L_64_N_16384_ts_1024_op_1_mp_2.pir
[pir] Configuring spade MyDesign ...
[pir] Loading from /home/yaqiz/pir/out/SPMV_ELL__L_64_N_16384_ts_1024_op_1_mp_2_dynamic_v2_s6/SPMV_ELL__L_64_N_16384_ts_1024_op_1_mp_2.sess[pir] Loading prism.Session@7bfcda2 from /home/yaqiz/pir/out/SPMV_ELL__L_64_N_16384_ts_1024_op_1_mp_2_dynamic_v2_s6/SPMV_ELL__L_64_N_16384_ts_1024_op_1_mp_2.sess
[pir] Saving node PIRDesign() to /home/yaqiz/pir/out/SPMV_ELL__L_64_N_16384_ts_1024_op_1_mp_2_dynamic_v2_s6/SPMV_ELL__L_64_N_16384_ts_1024_op_1_mp_2.pir
[pir] Running 50-PlastisimTraceCodegen ...[[33mcommand[0m] mkdir -p /home/yaqiz/plastisim/configs/finals/SPMV_ELL__L_64_N_16384_ts_1024_op_1_mp_2_dynamic_v2_s6/traces
[[33mcommand[0m] mkdir -p /home/yaqiz/plastisim/configs/finals/SPMV_ELL__L_64_N_16384_ts_1024_op_1_mp_2_dynamic_v2_s6/trace_classes
[[33mtrace[0m] /home/yaqiz/pir/bin/run_trace /home/yaqiz/pir/out/SPMV_ELL__L_64_N_16384_ts_1024_op_1_mp_2_dynamic_v2_s6 /home/yaqiz/plastisim/configs/finals/SPMV_ELL__L_64_N_16384_ts_1024_op_1_mp_2_dynamic_v2_s6
[[33mtrace[0m] log in /home/yaqiz/pir/out/SPMV_ELL__L_64_N_16384_ts_1024_op_1_mp_2_dynamic_v2_s6/trace.log
[pir] Finished 50-PlastisimTraceCodegen to [36mgen_trace.scala[0m in 37489.630675ms
[pir] Running 51-PlastisimLinkAnalyzer ...[pir] Finished 51-PlastisimLinkAnalyzer in 1591.603421ms
[pir] Running 52-PlastisimDotCodegen ...[pir] Finished 52-PlastisimDotCodegen to [36mpsim.dot[0m in 1237.228423ms
[pir] Running 53-PlastisimCountCheck ...[pir] Finished 53-PlastisimCountCheck in 123.329843ms
[pir] Running 58-CUPruning ...[pir] Finished 58-CUPruning in 2036.77455ms
[pir] Running 59-CUPlacer ...[[32msuccess[0m] CUPlacer succeeded
[pir] Finished 59-CUPlacer in 33161.651872ms
[pir] Running 60-CUStatistics ...[pir] =========== Post-splitting CU Statistics ==================
[pir] 
[pir] number of cus=29
[pir] number of ocu = 5
[pir] - cin (0.00,0.60,1.00) sin (0.00,0.40,1.00) vin (0.00,0.00,0.00)
[pir] - cout (0.00,0.20,1.00) sout (0.00,1.20,2.00) vout (0.00,0.00,0.00)
[pir] - stages (0.00,0.00,0.00)
[pir] number of pcu = 6
[pir] - cin (0.00,0.33,1.00) sin (0.00,0.67,2.00) vin (0.00,1.00,2.00)
[pir] - cout (0.00,0.00,0.00) sout (0.00,0.33,1.00) vout (0.00,0.67,1.00)
[pir] - stages (2.00,4.00,6.00)
[pir] number of dag = 3
[pir] - cin (0.00,0.00,0.00) sin (1.00,1.00,1.00) vin (0.00,0.00,0.00)
[pir] - cout (0.00,0.00,0.00) sout (2.00,2.00,2.00) vout (0.00,0.00,0.00)
[pir] - stages (2.00,4.00,5.00)
[pir] number of pmu = 9
[pir] - cin (0.00,0.00,0.00) sin (0.00,0.89,2.00) vin (0.00,1.11,2.00)
[pir] - cout (0.00,0.00,0.00) sout (0.00,0.00,0.00) vout (1.00,1.00,1.00)
[pir] - stages (0.00,0.89,2.00)
[pir] number of dfg = 5
[pir] - cin (0.00,0.00,0.00) sin (0.00,1.20,2.00) vin (0.00,0.60,1.00)
[pir] - cout (0.00,0.20,1.00) sout (0.00,0.40,1.00) vout (0.00,0.40,1.00)
[pir] - stages (0.00,0.00,0.00)
[pir] number of afg = 1
[pir] - cin (1.00,1.00,1.00) sin (0.00,0.00,0.00) vin (0.00,0.00,0.00)
[pir] - cout (1.00,1.00,1.00) sout (5.00,5.00,5.00) vout (0.00,0.00,0.00)
[pir] - stages (0.00,0.00,0.00)
[pir] compute CU = 11
[pir] memory CU = 9
[pir] mc CU = 5
[pir] Total = 14
[pir] PCU = 10 / 64 (15.63%)
[pir] PMU-comp = 0 / 63 (0.00%)
[pir] PMU-mem = 9 / 63 (14.29%)
[pir] AG-ag = 2 / 32 (6.25%)
[pir] AG-comp = 2 / 32 (6.25%)
[pir] MC = 5 / 32 (15.63%)
[pir] Finished 60-CUStatistics to [36mstat.json[0m in 1452.101343ms
[pir] Running 61-PIRNetworkDotCodegen ...[pir] Finished 61-PIRNetworkDotCodegen to [36mcontrol.dot[0m in 975.626639ms
[pir] Running 62-PIRNetworkDotCodegen ...[pir] Finished 62-PIRNetworkDotCodegen to [36mscalar.dot[0m in 836.435546ms
[pir] Running 63-PIRNetworkDotCodegen ...[pir] Finished 63-PIRNetworkDotCodegen to [36mvector.dot[0m in 765.81134ms
[pir] Running 64-TerminalCSVCodegen ...[pir] Finished 64-TerminalCSVCodegen to [36mnode.csv[0m in 5.459981ms
[pir] Running 65-LinkCSVCodegen ...[pir] Finished 65-LinkCSVCodegen to [36mlink.csv[0m in 1026.450493ms
[pir] Running 66-PlastisimPlacementCodegen ...[[33mproute[0m] /home/yaqiz/plastiroute/plastiroute -n /home/yaqiz/plastisim/configs/finals/SPMV_ELL__L_64_N_16384_ts_1024_op_1_mp_2_dynamic_v2_s6/node.csv -l /home/yaqiz/plastisim/configs/finals/SPMV_ELL__L_64_N_16384_ts_1024_op_1_mp_2_dynamic_v2_s6/link.csv -o /home/yaqiz/plastisim/configs/finals/SPMV_ELL__L_64_N_16384_ts_1024_op_1_mp_2_dynamic_v2_s6/final.place -r 16 -c 8 -s1 -g /home/yaqiz/plastisim/configs/finals/SPMV_ELL__L_64_N_16384_ts_1024_op_1_mp_2_dynamic_v2_s6/proute.dot -x2 -e 6 -i100 -p100 -t1 -d100 -a route_min_directed_valient -s0
[[33mproute[0m] log in /home/yaqiz/pir/out/SPMV_ELL__L_64_N_16384_ts_1024_op_1_mp_2_dynamic_v2_s6/proute.log
Start scoring thread: 0
Start scoring thread: 0
100 scores: min 3.50 	0.00/0.00/7/0.00/0 	max 810.67 mean 78.22
Best score is 3.50
Used 0 VCs for endpoint coloring.
	Used 0 VCs.
[[32mproute[0m] 	Used 0 VCs.
[pir] Finished 66-PlastisimPlacementCodegen to [36mfinal.place[0m in 2435.285904ms
[pir] Running 67-PlastisimDotCodegen ...[pir] Finished 67-PlastisimDotCodegen to [36mpsim.dot[0m in 1174.428602ms
[pir] Running 68-PlastisimConfigCodegen ...[[33mcommand[0m] ln -f /home/yaqiz/plastisim/configs/mesh_generic.cfg /home/yaqiz/plastisim/configs/finals/SPMV_ELL__L_64_N_16384_ts_1024_op_1_mp_2_dynamic_v2_s6/
[[33mpsim[0m] /home/yaqiz/plastisim/plastisim -f /home/yaqiz/plastisim/configs/finals/SPMV_ELL__L_64_N_16384_ts_1024_op_1_mp_2_dynamic_v2_s6/config.psim -p /home/yaqiz/plastisim/configs/finals/SPMV_ELL__L_64_N_16384_ts_1024_op_1_mp_2_dynamic_v2_s6/final.place -c 100000000 -l B
[[33mpsim[0m] log in /home/yaqiz/pir/out/SPMV_ELL__L_64_N_16384_ts_1024_op_1_mp_2_dynamic_v2_s6/psim.log
Changing to config directory: /home/yaqiz/plastisim/configs/finals/SPMV_ELL__L_64_N_16384_ts_1024_op_1_mp_2_dynamic_v2_s6
Constructing NetworkLink.
Constructing NetworkLink.
Constructing NetworkLink.
Constructing NetworkLink.
Constructing NetworkLink.
Constructing NetworkLink.
Constructing NetworkLink.
Constructing NetworkLink.
Constructing NetworkLink.
Constructing NetworkLink.
Constructing NetworkLink.
Constructing NetworkLink.
Constructing NetworkLink.
Constructing NetworkLink.
Constructing NetworkLink.
Constructing NetworkLink.
Constructing NetworkLink.
Constructing NetworkLink.
Constructing NetworkLink.
Constructing NetworkLink.
Constructing NetworkLink.
Constructing NetworkLink.
Constructing NetworkLink.
Constructing NetworkLink.
Constructing NetworkLink.
Constructing NetworkLink.
Constructing NetworkLink.
Constructing NetworkLink.
Constructing NetworkLink.
Constructing NetworkLink.
Constructing NetworkLink.
Constructing NetworkLink.
Constructing NetworkLink.
Constructing NetworkLink.
Constructing NetworkLink.
Constructing NetworkLink.
Constructing NetworkLink.
Constructing NetworkLink.
Constructing NetworkLink.
Added all names to the symbol table.
Adding static hop for route 3180 (1020->1049, lat 1).
Adding static hop for route 3180 (1020->1050, lat 1).
Adding static hop for route 3156 (213->1049, lat 4).
Adding static hop for route 3156 (213->1050, lat 4).
Adding static hop for route 2986 (1017->1047, lat 3).
Adding static hop for route 2986 (1017->1048, lat 1).
Adding static hop for route 2962 (110->1047, lat 5).
Adding static hop for route 2962 (110->1048, lat 7).
Adding static hop for route 2828 (1034->1044, lat 2).
Adding static hop for route 2828 (1034->1055, lat 3).
Adding static hop for route 2685 (1033->1041, lat 2).
Adding static hop for route 2685 (1033->1054, lat 1).
Adding static hop for route 3572 (1048->1055, lat 2).
Adding static hop for route 3509 (1047->1054, lat 2).
Adding static hop for route 3446 (571->1053, lat 3).
Adding static hop for route 3383 (456->1052, lat 1).
Adding static hop for route 2853 (1055->1044, lat 1).
Adding static hop for route 2710 (1054->1041, lat 1).
Adding static hop for route 2537 (1053->1038, lat 1).
Adding static hop for route 2510 (1050->1038, lat 3).
Adding static hop for route 2485 (1052->1037, lat 3).
Adding static hop for route 2458 (1049->1037, lat 1).
Adding static hop for route 2180 (1044->571, lat 2).
Adding static hop for route 2153 (1041->456, lat 4).
Adding static hop for route 2129 (1019->213, lat 1).
Adding static hop for route 2100 (1019->213, lat 1).
Adding static hop for route 2076 (1016->110, lat 1).
Adding static hop for route 2047 (1016->110, lat 1).
Adding static hop for route 3339 (1040->1051, lat 1).
Adding static hop for route 3316 (1039->1051, lat 2).
Adding static hop for route 2877 (1034->1053, lat 1).
Adding static hop for route 2734 (1033->1052, lat 1).
Adding static hop for route 2595 (1038->1040, lat 4).
Adding static hop for route 2565 (1037->1039, lat 7).
Adding static hop for route 2343 (839->960, lat 3).
Adding static hop for route 2260 (1051->839, lat 2).
Adding static hop for route 3663 (844->1017, lat 2).
Adding static hop for route 3663 (844->1020, lat 2).
Adding static hop for route 3663 (844->1033, lat 2).
Adding static hop for route 3663 (844->1034, lat 6).
Adding static hop for route 2236 (1027->839, lat 1).
Adding static hop for route 2207 (1027->839, lat 1).
Adding static hop for route 2764 (844->1044, lat 4).
Adding static hop for route 2621 (844->1041, lat 4).
Adding static hop for route 2430 (844->1027, lat 5).
Adding static hop for route 2399 (844->1019, lat 4).
Adding static hop for route 2367 (844->1016, lat 5).
Adding static hop for route 2317 (960->844, lat 4).
Printing hop routes
Parsed placement file.
Set lat 1 from 0 to 0
Link specified in placement file.
Changing link to static with placed latencies.
Set lat 1 from 0 to 0
Link specified in placement file.
Changing link to static with placed latencies.
Set lat 1 from 0 to 0
Link specified in placement file.
Changing link to static with placed latencies.
Set lat 3 from 0 to 0
Link specified in placement file.
Changing link to static with placed latencies.
Set lat 2 from 0 to 0
Link specified in placement file.
Changing link to static with placed latencies.
Set lat 2 from 0 to 0
Link specified in placement file.
Changing link to static with placed latencies.
Set lat 1 from 0 to 0
Link specified in placement file.
Changing link to static with placed latencies.
Set lat 3 from 0 to 0
Link specified in placement file.
Changing link to static with placed latencies.
Set lat 1 from 0 to 0
Link specified in placement file.
Changing link to static with placed latencies.
Set lat 1 from 0 to 0
Link specified in placement file.
Changing link to static with placed latencies.
Set lat 3 from 0 to 0
Link specified in placement file.
Changing link to static with placed latencies.
Set lat 2 from 0 to 0
Link specified in placement file.
Changing link to static with placed latencies.
Set lat 1 from 0 to 0
Link specified in placement file.
Changing link to static with placed latencies.
Set lat 1 from 0 to 0
Link specified in placement file.
Changing link to static with placed latencies.
Set lat 1 from 0 to 0
Link specified in placement file.
Changing link to static with placed latencies.
Set lat 1 from 0 to 0
Set lat 1 from 0 to 0
Set lat 1 from 0 to 0
Set lat 1 from 0 to 0
Set lat 1 from 0 to 0
Link specified in placement file.
Changing link to static with placed latencies.
Set lat 5 from 0 to 0
Link specified in placement file.
Changing link to static with placed latencies.
Set lat 4 from 0 to 0
Link specified in placement file.
Changing link to static with placed latencies.
Set lat 4 from 0 to 0
Link specified in placement file.
Changing link to static with placed latencies.
Set lat 1 from 0 to 0
Link specified in placement file.
Changing link to static with placed latencies.
Set lat 1 from 0 to 0
Link specified in placement file.
Changing link to static with placed latencies.
Set lat 1 from 0 to 0
Link specified in placement file.
Changing link to static with placed latencies.
Set lat 4 from 0 to 0
Link specified in placement file.
Changing link to static with placed latencies.
Set lat 5 from 0 to 0
Link specified in placement file.
Changing link to static with placed latencies.
Set lat 4 from 0 to 0
Link specified in placement file.
Changing link to static with placed latencies.
Set lat 2 from 0 to 0
Link specified in placement file.
Changing link to static with placed latencies.
Set lat 2 from 0 to 0
Set lat 1 from 0 to 1
Link specified in placement file.
Changing link to static with placed latencies.
Set lat 2 from 0 to 0
Set lat 3 from 0 to 1
Link specified in placement file.
Changing link to static with placed latencies.
Set lat 1 from 0 to 0
Set lat 1 from 0 to 1
Link specified in placement file.
Changing link to static with placed latencies.
Set lat 4 from 0 to 0
Set lat 4 from 0 to 1
Link specified in placement file.
Changing link to static with placed latencies.
Set lat 3 from 0 to 0
Set lat 1 from 0 to 1
Link specified in placement file.
Changing link to static with placed latencies.
Set lat 5 from 0 to 0
Set lat 7 from 0 to 1
Link specified in placement file.
Changing link to static with placed latencies.
Set lat 3 from 0 to 0
Link specified in placement file.
Changing link to static with placed latencies.
Set lat 4 from 0 to 0
Set lat 1 from 0 to 0
Set lat 1 from 0 to 0
Set lat 1 from 0 to 0
Set lat 1 from 0 to 0
Link specified in placement file.
Changing link to static with placed latencies.
Set lat 2 from 0 to 0
Set lat 2 from 0 to 1
Set lat 2 from 0 to 2
Set lat 6 from 0 to 3
Link specified in placement file.
Changing link to static with placed latencies.
Set lat 2 from 0 to 0
Link specified in placement file.
Changing link to static with placed latencies.
Set lat 4 from 0 to 0
Link specified in placement file.
Changing link to static with placed latencies.
Set lat 1 from 0 to 0
Link specified in placement file.
Changing link to static with placed latencies.
Set lat 1 from 0 to 0
Link specified in placement file.
Changing link to static with placed latencies.
Set lat 7 from 0 to 0
Child process has pid 29145
Parsed definitions of all elements.
Total of 48 links:
  0: SRAM35
    
  1: RetimingFIFO1737
    
  2: RetimingFIFO1698
    
  3: RetimingFIFO1860
    
  4: RetimingFIFO1435
    
  5: RetimingFIFO1517
    
  6: RetimingFIFO1589
    
  7: RetimingFIFO1670
    
  8: RetimingFIFO1779
    
  9: RetimingFIFO1789
    
  10: RetimingFIFO1617
    
  11: RetimingFIFO1708
    
  12: RetimingFIFO1850
    
  13: StreamOut163
    
  14: StreamOut59
    
  15: StreamOut779
    
  16: SRAM270
    
  17: SRAM271
    
  18: SRAM269
    
  19: SRAM272
    
  20: DramAddress789
    
  21: DramAddress415
    
  22: DramAddress530
    
  23: StreamOut164
    
  24: StreamOut60
    
  25: StreamOut780
    
  26: DramAddress189
    
  27: DramAddress85
    
  28: StreamOut389
    
  29: StreamOut504
    
  30: Reg351_Reg1755
    
  31: Reg353_Reg1826
    
  32: RetimingFIFO1315_RetimingFIFO1339
    
  33: RetimingFIFO1307_RetimingFIFO1331
    
  34: RetimingFIFO1256_RetimingFIFO1280
    
  35: RetimingFIFO1248_RetimingFIFO1272
    
  36: StreamIn782
    
  37: TokenOut967
    
  38: SRAM33
    
  39: SRAM32
    
  40: SRAM31
    
  41: SRAM34
    
  42: TokenIn3614_TokenIn3627_TokenIn3639_TokenIn3651
    
  43: StreamOut781
    
  44: Reg620
    
  45: Reg1798
    
  46: Reg1869
    
  47: Reg618
    
Total of 39 nodes:
  0: CE3861
    [StreamOut60 *4 /1] [StreamOut59 *4 /1]  => [RetimingFIFO1248_RetimingFIFO1272] 
  1: CE3875
    [StreamOut164 *4 /1] [StreamOut163 *4 /1]  => [RetimingFIFO1307_RetimingFIFO1331] 
  2: CE3887
    [StreamOut389 *1 /1]  => [RetimingFIFO1789] 
  3: CE3897
    [StreamOut504 *1 /1]  => [RetimingFIFO1860] 
  4: CE3933
     => [DramAddress789] [DramAddress415] [DramAddress530] [DramAddress85] [DramAddress189] [TokenIn3614_TokenIn3627_TokenIn3639_TokenIn3651] 
  5: CE3949
    [TokenOut967 *1 /1]  => 
  6: CE3969
    [DramAddress85 *16384 /1]  => [StreamOut60] [StreamOut59] 
  7: CE3981
    [TokenIn3614_TokenIn3627_TokenIn3639_TokenIn3651 *65536 /1]  => [RetimingFIFO1256_RetimingFIFO1280] 
  8: CE3993
    [DramAddress189 *16384 /1]  => [StreamOut164] [StreamOut163] 
  9: CE4005
    [TokenIn3614_TokenIn3627_TokenIn3639_TokenIn3651 *65536 /1]  => [RetimingFIFO1315_RetimingFIFO1339] 
  10: CE4017
    [DramAddress789 *16 /1]  => [StreamOut780] [StreamOut779] 
  11: CE4031
    [TokenIn3614_TokenIn3627_TokenIn3639_TokenIn3651 *8192 /1]  => [Reg351_Reg1755] [Reg1798] 
  12: CE4045
    [TokenIn3614_TokenIn3627_TokenIn3639_TokenIn3651 *8192 /1]  => [Reg353_Reg1826] [Reg1869] 
  13: CE4153
    [RetimingFIFO1248_RetimingFIFO1272 *1 /1] [RetimingFIFO1256_RetimingFIFO1280 *1 /1]  => [SRAM31] 
  14: CE4141
    [SRAM31 *2048 /1]  => [RetimingFIFO1435] 
  15: CE4177
    [RetimingFIFO1248_RetimingFIFO1272 *1 /1] [RetimingFIFO1256_RetimingFIFO1280 *1 /1]  => [SRAM32] 
  16: CE4165
    [SRAM32 *2048 /1]  => [RetimingFIFO1517] 
  17: CE4201
    [RetimingFIFO1307_RetimingFIFO1331 *1 /1] [RetimingFIFO1315_RetimingFIFO1339 *1 /1]  => [SRAM33] 
  18: CE4189
    [SRAM33 *2048 /1]  => [RetimingFIFO1589] 
  19: CE4225
    [RetimingFIFO1307_RetimingFIFO1331 *1 /1] [RetimingFIFO1315_RetimingFIFO1339 *1 /1]  => [SRAM34] 
  20: CE4213
    [SRAM34 *2048 /1]  => [RetimingFIFO1670] 
  21: CE4273
    [Reg1798 *4 /1] [RetimingFIFO1789 *1 /1]  => [SRAM269] 
  22: CE4261
    [SRAM269 *4 /1]  => [RetimingFIFO1617] 
  23: CE4297
    [Reg1869 *4 /1] [RetimingFIFO1860 *1 /1]  => [SRAM270] 
  24: CE4285
    [SRAM270 *4 /1]  => [RetimingFIFO1698] 
  25: CE4059
    [RetimingFIFO1589 *1 /1] [RetimingFIFO1617 *1 /1]  => [Reg618] 
  26: CE4073
    [RetimingFIFO1670 *1 /1] [RetimingFIFO1698 *1 /1]  => [Reg620] 
  27: CE4323
    [RetimingFIFO1435 *1 /1]  => [SRAM271] 
  28: CE4311
    [SRAM271 *4 /1] [Reg351_Reg1755 *4 /1]  => [RetimingFIFO1779] 
  29: CE4347
    [RetimingFIFO1517 *1 /1]  => [SRAM272] 
  30: CE4335
    [SRAM272 *4 /1] [Reg353_Reg1826 *4 /1]  => [RetimingFIFO1850] 
  31: CE4085
    [Reg618 *1 /1]  => [RetimingFIFO1708] 
  32: CE4095
    [Reg620 *1 /1]  => [RetimingFIFO1737] 
  33: CE4109
    [DramAddress415 *32768 /1] [Reg351_Reg1755 *4 /1] [RetimingFIF
I'm the child process!
GPGPU-Sim uArch: interconnect node map (shaderID+MemID to icntID)
GPGPU-Sim uArch: Memory nodes ID start from index: 256
GPGPU-Sim uArch:    0   1   2   3   4   5   6   7   8   9  10  11  12  13  14  15
GPGPU-Sim uArch:   16  17  18  19  20  21  22  23  24  25  26  27  28  29  30  31
GPGPU-Sim uArch:   32  33  34  35  36  37  38  39  40  41  42  43  44  45  46  47
GPGPU-Sim uArch:   48  49  50  51  52  53  54  55  56  57  58  59  60  61  62  63
GPGPU-Sim uArch:   64  65  66  67  68  69  70  71  72  73  74  75  76  77  78  79
GPGPU-Sim uArch:   80  81  82  83  84  85  86  87  88  89  90  91  92  93  94  95
GPGPU-Sim uArch:   96  97  98  99 100 101 102 103 104 105 106 107 108 109 110 111
GPGPU-Sim uArch:  112 113 114 115 116 117 118 119 120 121 122 123 124 125 126 127
GPGPU-Sim uArch:  128 129 130 131 132 133 134 135 136 137 138 139 140 141 142 143
GPGPU-Sim uArch:  144 145 146 147 148 149 150 151 152 153 154 155 156 157 158 159
GPGPU-Sim uArch:  160 161 162 163 164 165 166 167 168 169 170 171 172 173 174 175
GPGPU-Sim uArch:  176 177 178 179 180 181 182 183 184 185 186 187 188 189 190 191
GPGPU-Sim uArch:  192 193 194 195 196 197 198 199 200 201 202 203 204 205 206 207
GPGPU-Sim uArch:  208 209 210 211 212 213 214 215 216 217 218 219 220 221 222 223
GPGPU-Sim uArch:  224 225 226 227 228 229 230 231 232 233 234 235 236 237 238 239
GPGPU-Sim uArch:  240 241 242 243 244 245 246 247 248 249 250 251 252 253 254 255
GPGPU-Sim uArch: interconnect node reverse map (icntID to shaderID+MemID)
GPGPU-Sim uArch: Memory nodes start from ID: 256
GPGPU-Sim uArch:    0   1   2   3   4   5   6   7   8   9  10  11  12  13  14  15
GPGPU-Sim uArch:   16  17  18  19  20  21  22  23  24  25  26  27  28  29  30  31
GPGPU-Sim uArch:   32  33  34  35  36  37  38  39  40  41  42  43  44  45  46  47
GPGPU-Sim uArch:   48  49  50  51  52  53  54  55  56  57  58  59  60  61  62  63
GPGPU-Sim uArch:   64  65  66  67  68  69  70  71  72  73  74  75  76  77  78  79
GPGPU-Sim uArch:   80  81  82  83  84  85  86  87  88  89  90  91  92  93  94  95
GPGPU-Sim uArch:   96  97  98  99 100 101 102 103 104 105 106 107 108 109 110 111
GPGPU-Sim uArch:  112 113 114 115 116 117 118 119 120 121 122 123 124 125 126 127
GPGPU-Sim uArch:  128 129 130 131 132 133 134 135 136 137 138 139 140 141 142 143
GPGPU-Sim uArch:  144 145 146 147 148 149 150 151 152 153 154 155 156 157 158 159
GPGPU-Sim uArch:  160 161 162 163 164 165 166 167 168 169 170 171 172 173 174 175
GPGPU-Sim uArch:  176 177 178 179 180 181 182 183 184 185 186 187 188 189 190 191
GPGPU-Sim uArch:  192 193 194 195 196 197 198 199 200 201 202 203 204 205 206 207
GPGPU-Sim uArch:  208 209 210 211 212 213 214 215 216 217 218 219 220 221 222 223
GPGPU-Sim uArch:  224 225 226 227 228 229 230 231 232 233 234 235 236 237 238 239
GPGPU-Sim uArch:  240 241 242 243 244 245 246 247 248 249 250 251 252 253 254 255
O1779 *1 /1]  => [StreamOut389] 
  34: CE4127
    [DramAddress530 *32768 /1] [Reg353_Reg1826 *4 /1] [RetimingFIFO1850 *1 /1]  => [StreamOut504] 
  35: CE4249
    [RetimingFIFO1708 *1 /1] [RetimingFIFO1737 *1 /1]  => [SRAM35] 
  36: CE4237
    [SRAM35 *64 /1]  => [StreamOut781] 
  37: CE3911
    [StreamOut780 *64 /1] [StreamOut781 *1 /1] [StreamOut779 *64 /1]  => [StreamIn782] 
  38: CE3957
    [StreamIn782 *1 /1]  => [TokenOut967] 

10000...
WARNING: Unrequested DRAM token returned!
WARNING: Unrequested DRAM token returned!
WARNING: Unrequested DRAM token returned!
WARNING: Unrequested DRAM token returned!
WARNING: Unrequested DRAM token returned!
WARNING: Unrequested DRAM token returned!
WARNING: Unrequested DRAM token returned!
WARNING: Unrequested DRAM token returned!
WARNING: Unrequested DRAM token returned!
WARNING: Unrequested DRAM token returned!
WARNING: Unrequested DRAM token returned!
WARNING: Unrequested DRAM token returned!
WARNING: Unrequested DRAM token returned!
WARNING: Unrequested DRAM token returned!
20000...
WARNING: Unrequested DRAM token returned!
WARNING: Unrequested DRAM token returned!
WARNING: Unrequested DRAM token returned!
WARNING: Unrequested DRAM token returned!
WARNING: Unrequested DRAM token returned!
WARNING: Unrequested DRAM token returned!
WARNING: Unrequested DRAM token returned!
WARNING: Unrequested DRAM token returned!
WARNING: Unrequested DRAM token returned!
WARNING: Unrequested DRAM token returned!
30000...
WARNING: Unrequested DRAM token returned!
WARNING: Unrequested DRAM token returned!
WARNING: Unrequested DRAM token returned!
WARNING: Unrequested DRAM token returned!
WARNING: Unrequested DRAM token returned!
WARNING: Unrequested DRAM token returned!
WARNING: Unrequested DRAM token returned!
WARNING: Unrequested DRAM token returned!
WARNING: Unrequested DRAM token returned!
WARNING: Unrequested DRAM token returned!
WARNING: Unrequested DRAM token returned!
WARNING: Unrequested DRAM token returned!
WARNING: Unrequested DRAM token returned!
WARNING: Unrequested DRAM token returned!
WARNING: Unrequested DRAM token returned!
40000...
WARNING: Unrequested DRAM token returned!
WARNING: Unrequested DRAM token returned!
WARNING: Unrequested DRAM token returned!
WARNING: Unrequested DRAM token returned!
WARNING: Unrequested DRAM token returned!
WARNING: Unrequested DRAM token returned!
WARNING: Unrequested DRAM token returned!
WARNING: Unrequested DRAM token returned!
WARNING: Unrequested DRAM token returned!
WARNING: Unrequested DRAM token returned!
WARNING: Unrequested DRAM token returned!
WARNING: Unrequested DRAM token returned!
50000...
WARNING: Unrequested DRAM token returned!
WARNING: Unrequested DRAM token returned!
WARNING: Unrequested DRAM token returned!
WARNING: Unrequested DRAM token returned!
WARNING: Unrequested DRAM token returned!
WARNING: Unrequested DRAM token returned!
WARNING: Unrequested DRAM token returned!
WARNING: Unrequested DRAM token returned!
WARNING: Unrequested DRAM token returned!
WARNING: Unrequested DRAM token returned!
WARNING: Unrequested DRAM token returned!
WARNING: Unrequested DRAM token returned!
WARNING: Unrequested DRAM token returned!
WARNING: Unrequested DRAM token returned!
WARNING: Unrequested DRAM token returned!
WARNING: Unrequested DRAM token returned!
WARNING: Unrequested DRAM token returned!
60000...
WARNING: Unrequested DRAM token returned!
WARNING: Unrequested DRAM token returned!
WARNING: Unrequested DRAM token returned!
WARNING: Unrequested DRAM token returned!
WARNING: Unrequested DRAM token returned!
WARNING: Unrequested DRAM token returned!
WARNING: Unrequested DRAM token returned!
WARNING: Unrequested DRAM token returned!
WARNING: Unrequested DRAM token returned!
WARNING: Unrequested DRAM token returned!
WARNING: Unrequested DRAM token returned!
WARNING: Unrequested DRAM token returned!
WARNING: Unrequested DRAM token returned!
WARNING: Unrequested DRAM token returned!
WARNING: Unrequested DRAM token returned!
70000...
WARNING: Unrequested DRAM token returned!
WARNING: Unrequested DRAM token returned!
WARNING: Unrequested DRAM token returned!
WARNING: Unrequested DRAM token returned!
WARNING: Unrequested DRAM token returned!
WARNING: Unrequested DRAM token returned!
WARNING: Unrequested DRAM token returned!
WARNING: Unrequested DRAM token returned!
WARNING: Unrequested DRAM token returned!
WARNING: Unrequested DRAM token returned!
WARNING: Unrequested DRAM token returned!
WARNING: Unrequested DRAM token returned!
WARNING: Unrequested DRAM token returned!
WARNING: Unrequested DRAM token returned!
WARNING: Unrequested DRAM token returned!
WARNING: Unrequested DRAM token returned!
WARNING: Unrequested DRAM token returned!
WARNING: Unrequested DRAM token returned!
80000...
WARNING: Unrequested DRAM token returned!
WARNING: Unrequested DRAM token returned!
WARNING: Unrequested DRAM token returned!
WARNING: Unrequested DRAM token returned!
WARNING: Unrequested DRAM token returned!
WARNING: Unrequested DRAM token returned!
WARNING: Unrequested DRAM token returned!
WARNING: Unrequested DRAM token returned!
WARNING: Unrequested DRAM token returned!
WARNING: Unrequested DRAM token returned!
WARNING: Unrequested DRAM token returned!
WARNING: Unrequested DRAM token returned!
WARNING: Unrequested DRAM token returned!
WARNING: Unrequested DRAM token returned!
WARNING: Unrequested DRAM token returned!
WARNING: Unrequested DRAM token returned!
WARNING: Unrequested DRAM token returned!
WARNING: Unrequested DRAM token returned!
WARNING: Unrequested DRAM token returned!
WARNING: Unrequested DRAM token returned!
WARNING: Unrequested DRAM token returned!
WARNING: Unrequested DRAM token returned!
WARNING: Unrequested DRAM token returned!
WARNING: Unrequested DRAM token returned!
90000...
WARNING: Unrequested DRAM token returned!
WARNING: Unrequested DRAM token returned!
WARNING: Unrequested DRAM token returned!
WARNING: Unrequested DRAM token returned!
100000...
WARNING: Unrequested DRAM token returned!
WARNING: Unrequested DRAM token returned!
WARNING: Unrequested DRAM token returned!
WARNING: Unrequested DRAM token returned!
WARNING: Unrequested DRAM token returned!
WARNING: Unrequested DRAM token returned!
WARNING: Unrequested DRAM token returned!
WARNING: Unrequested DRAM token returned!
WARNING: Unrequested DRAM token returned!
WARNING: Unrequested DRAM token returned!
WARNING: Unrequested DRAM token returned!
WARNING: Unrequested DRAM token returned!
WARNING: Unrequested DRAM token returned!
WARNING: Unrequested DRAM token returned!
WARNING: Unrequested DRAM token returned!
WARNING: Unrequested DRAM token returned!
WARNING: Unrequested DRAM token returned!
WARNING: Unrequested DRAM token returned!
110000...
WARNING: Unrequested DRAM token returned!
WARNING: Unrequested DRAM token returned!
WARNING: Unrequested DRAM token returned!
WARNING: Unrequested DRAM token returned!
WARNING: Unrequested DRAM token returned!
WARNING: Unrequested DRAM token returned!
WARNING: Unrequested DRAM token returned!
WARNING: Unrequested DRAM token returned!
WARNING: Unrequested DRAM token returned!
WARNING: Unrequested DRAM token returned!
WARNING: Unrequested DRAM token returned!
WARNING: Unrequested DRAM token returned!
WARNING: Unrequested DRAM token returned!
WARNING: Unrequested DRAM token returned!
WARNING: Unrequested DRAM token returned!
WARNING: Unrequested DRAM token returned!
WARNING: Unrequested DRAM token returned!
WARNING: Unrequested DRAM token returned!
WARNING: Unrequested DRAM token returned!
WARNING: Unrequested DRAM token returned!
WARNING: Unrequested DRAM token returned!
WARNING: Unrequested DRAM token returned!
WARNING: Unrequested DRAM token returned!
120000...
WARNING: Unrequested DRAM token returned!
WARNING: Unrequested DRAM token returned!
WARNING: Unrequested DRAM token returned!
WARNING: Unrequested DRAM token returned!
WARNING: Unrequested DRAM token returned!
WARNING: Unrequested DRAM token returned!
WARNING: Unrequested DRAM token returned!
WARNING: Unrequested DRAM token returned!
WARNING: Unrequested DRAM token returned!
WARNING: Unrequested DRAM token returned!
WARNING: Unrequested DRAM token returned!
WARNING: Unrequested DRAM token returned!
WARNING: Unrequested DRAM token returned!
WARNING: Unrequested DRAM token returned!
WARNING: Unrequested DRAM token returned!
WARNING: Unrequested DRAM token returned!
WARNING: Unrequested DRAM token returned!
130000...
WARNING: Unrequested DRAM token returned!
WARNING: Unrequested DRAM token returned!
WARNING: Unrequested DRAM token returned!
WARNING: Unrequested DRAM token returned!
WARNING: Unrequested DRAM token returned!
WARNING: Unrequested DRAM token returned!
WARNING: Unrequested DRAM token returned!
WARNING: Unrequested DRAM token returned!
WARNING: Unrequested DRAM token returned!
WARNING: Unrequested DRAM token returned!
WARNING: Unrequested DRAM token returned!
WARNING: Unrequested DRAM token returned!
WARNING: Unrequested DRAM token returned!
WARNING: Unrequested DRAM token returned!
WARNING: Unrequested DRAM token returned!
WARNING: Unrequested DRAM token returned!
WARNING: Unrequested DRAM token returned!
WARNING: Unrequested DRAM token returned!
WARNING: Unrequested DRAM token returned!
WARNING: Unrequested DRAM token returned!
WARNING: Unrequested DRAM token returned!
WARNING: Unrequested DRAM token returned!
WARNING: Unrequested DRAM token returned!
WARNING: Unrequested DRAM token returned!
WARNING: Unrequested DRAM token returned!
WARNING: Unrequested DRAM token returned!
WARNING: Unrequested DRAM token returned!
WARNING: Unrequested DRAM token returned!
WARNING: Unrequested DRAM token returned!
140000...
WARNING: Unrequested DRAM token returned!
WARNING: Unrequested DRAM token returned!
WARNING: Unrequested DRAM token returned!
WARNING: Unrequested DRAM token returned!
WARNING: Unrequested DRAM token returned!
WARNING: Unrequested DRAM token returned!
WARNING: Unrequested DRAM token returned!
WARNING: Unrequested DRAM token returned!
WARNING: Unrequested DRAM token returned!
WARNING: Unrequested DRAM token returned!
WARNING: Unrequested DRAM token returned!
WARNING: Unrequested DRAM token returned!
WARNING: Unrequested DRAM token returned!
WARNING: Unrequested DRAM token returned!
WARNING: Unrequested DRAM token returned!
WARNING: Unrequested DRAM token returned!
WARNING: Unrequested DRAM token returned!
WARNING: Unrequested DRAM token returned!
WARNING: Unrequested DRAM token returned!
WARNING: Unrequested DRAM token returned!
WARNING: Unrequested DRAM token returned!
WARNING: Unrequested DRAM token returned!
150000...
WARNING: Unrequested DRAM token returned!
WARNING: Unrequested DRAM token returned!
WARNING: Unrequested DRAM token returned!
WARNING: Unrequested DRAM token returned!
WARNING: Unrequested DRAM token returned!
WARNING: Unrequested DRAM token returned!
WARNING: Unrequested DRAM token returned!
WARNING: Unrequested DRAM token returned!
WARNING: Unrequested DRAM token returned!
WARNING: Unrequested DRAM token returned!
WARNING: Unrequested DRAM token returned!
160000...
WARNING: Unrequested DRAM token returned!
WARNING: Unrequested DRAM token returned!
WARNING: Unrequested DRAM token returned!
WARNING: Unrequested DRAM token returned!
WARNING: Unrequested DRAM token returned!
WARNING: Unrequested DRAM token returned!
WARNING: Unrequested DRAM token returned!
WARNING: Unrequested DRAM token returned!
WARNING: Unrequested DRAM token returned!
WARNING: Unrequested DRAM token returned!
WARNING: Unrequested DRAM token returned!
WARNING: Unrequested DRAM token returned!
WARNING: Unrequested DRAM token returned!
WARNING: Unrequested DRAM token returned!
WARNING: Unrequested DRAM token returned!
WARNING: Unrequested DRAM token returned!
WARNING: Unrequested DRAM token returned!
WARNING: Unrequested DRAM token returned!
WARNING: Unrequested DRAM token returned!
WARNING: Unrequested DRAM token returned!
WARNING: Unrequested DRAM token returned!
WARNING: Unrequested DRAM token returned!
WARNING: Unrequested DRAM token returned!
WARNING: Unrequested DRAM token returned!
WARNING: Unrequested DRAM token returned!
WARNING: Unrequested DRAM token returned!
WARNING: Unrequested DRAM token returned!
WARNING: Unrequested DRAM token returned!
WARNING: Unrequested DRAM token returned!
WARNING: Unrequested DRAM token returned!
WARNING: Unrequested DRAM token returned!
WARNING: Unrequested DRAM token returned!
WARNING: Unrequested DRAM token returned!
WARNING: Unrequested DRAM token returned!
WARNING: Unrequested DRAM token returned!
WARNING: Unrequested DRAM token returned!
WARNING: Unrequested DRAM token returned!
170000...
WARNING: Unrequested DRAM token returned!
WARNING: Unrequested DRAM token returned!
WARNING: Unrequested DRAM token returned!
WARNING: Unrequested DRAM token returned!
WARNING: Unrequested DRAM token returned!
WARNING: Unrequested DRAM token returned!
WARNING: Unrequested DRAM token returned!
WARNING: Unrequested DRAM token returned!
WARNING: Unrequested DRAM token returned!
WARNING: Unrequested DRAM token returned!
WARNING: Unrequested DRAM token returned!
180000...
WARNING: Unrequested DRAM token returned!
WARNING: Unrequested DRAM token returned!
WARNING: Unrequested DRAM token returned!
WARNING: Unrequested DRAM token returned!
WARNING: Unrequested DRAM token returned!
WARNING: Unrequested DRAM token returned!
WARNING: Unrequested DRAM token returned!
WARNING: Unrequested DRAM token returned!
WARNING: Unrequested DRAM token returned!
WARNING: Unrequested DRAM token returned!
WARNING: Unrequested DRAM token returned!
WARNING: Unrequested DRAM token returned!
WARNING: Unrequested DRAM token returned!
WARNING: Unrequested DRAM token returned!
WARNING: Unrequested DRAM token returned!
WARNING: Unrequested DRAM token returned!
WARNING: Unrequested DRAM token returned!
WARNING: Unrequested DRAM token returned!
WARNING: Unrequested DRAM token returned!
WARNING: Unrequested DRAM token returned!
WARNING: Unrequested DRAM token returned!
WARNING: Unrequested DRAM token returned!
WARNING: Unrequested DRAM token returned!
WARNING: Unrequested DRAM token returned!
WARNING: Unrequested DRAM token returned!
WARNING: Unrequested DRAM token returned!
WARNING: Unrequested DRAM token returned!
WARNING: Unrequested DRAM token returned!
WARNING: Unrequested DRAM token returned!
WARNING: Unrequested DRAM token returned!
WARNING: Unrequested DRAM token returned!
WARNING: Unrequested DRAM token returned!
WARNING: Unrequested DRAM token returned!
WARNING: Unrequested DRAM token returned!
WARNING: Unrequested DRAM token returned!
WARNING: Unrequested DRAM token returned!
WARNING: Unrequested DRAM token returned!
WARNING: Unrequested DRAM token returned!
WARNING: Unrequested DRAM token returned!
190000...
WARNING: Unrequested DRAM token returned!
WARNING: Unrequested DRAM token returned!
WARNING: Unrequested DRAM token returned!
WARNING: Unrequested DRAM token returned!
WARNING: Unrequested DRAM token returned!
WARNING: Unrequested DRAM token returned!
WARNING: Unrequested DRAM token returned!
WARNING: Unrequested DRAM token returned!
WARNING: Unrequested DRAM token returned!
WARNING: Unrequested DRAM token returned!
WARNING: Unrequested DRAM token returned!
WARNING: Unrequested DRAM token returned!
WARNING: Unrequested DRAM token returned!
WARNING: Unrequested DRAM token returned!
WARNING: Unrequested DRAM token returned!
WARNING: Unrequested DRAM token returned!
WARNING: Unrequested DRAM token returned!
WARNING: Unrequested DRAM token returned!
WARNING: Unrequested DRAM token returned!
WARNING: Unrequested DRAM token returned!
WARNING: Unrequested DRAM token returned!
WARNING: Unrequested DRAM token returned!
200000...
WARNING: Unrequested DRAM token returned!
WARNING: Unrequested DRAM token returned!
WARNING: Unrequested DRAM token returned!
WARNING: Unrequested DRAM token returned!
WARNING: Unrequested DRAM token returned!
WARNING: Unrequested DRAM token returned!
WARNING: Unrequested DRAM token returned!
WARNING: Unrequested DRAM token returned!
WARNING: Unrequested DRAM token returned!
WARNING: Unrequested DRAM token returned!
WARNING: Unrequested DRAM token returned!
WARNING: Unrequested DRAM token returned!
WARNING: Unrequested DRAM token returned!
WARNING: Unrequested DRAM token returned!
WARNING: Unrequested DRAM token returned!
WARNING: Unrequested DRAM token returned!
WARNING: Unrequested DRAM token returned!
WARNING: Unrequested DRAM token returned!
WARNING: Unrequested DRAM token returned!
WARNING: Unrequested DRAM token returned!
WARNING: Unrequested DRAM token returned!
WARNING: Unrequested DRAM token returned!
WARNING: Unrequested DRAM token returned!
WARNING: Unrequested DRAM token returned!
WARNING: Unrequested DRAM token returned!
WARNING: Unrequested DRAM token returned!
WARNING: Unrequested DRAM token returned!
WARNING: Unrequested DRAM token returned!
WARNING: Unrequested DRAM token returned!
210000...
WARNING: Unrequested DRAM token returned!
WARNING: Unrequested DRAM token returned!
WARNING: Unrequested DRAM token returned!
WARNING: Unrequested DRAM token returned!
WARNING: Unrequested DRAM token returned!
WARNING: Unrequested DRAM token returned!
WARNING: Unrequested DRAM token returned!
WARNING: Unrequested DRAM token returned!
WARNING: Unrequested DRAM token returned!
WARNING: Unrequested DRAM token returned!
WARNING: Unrequested DRAM token returned!
WARNING: Unrequested DRAM token returned!
WARNING: Unrequested DRAM token returned!
WARNING: Unrequested DRAM token returned!
WARNING: Unrequested DRAM token returned!
WARNING: Unrequested DRAM token returned!
WARNING: Unrequested DRAM token returned!
WARNING: Unrequested DRAM token returned!
WARNING: Unrequested DRAM token returned!
WARNING: Unrequested DRAM token returned!
WARNING: Unrequested DRAM token returned!
WARNING: Unrequested DRAM token returned!
WARNING: Unrequested DRAM token returned!
WARNING: Unrequested DRAM token returned!
WARNING: Unrequested DRAM token returned!
WARNING: Unrequested DRAM token returned!
WARNING: Unrequested DRAM token returned!
WARNING: Unrequested DRAM token returned!
WARNING: Unrequested DRAM token returned!
WARNING: Unrequested DRAM token returned!
WARNING: Unrequested DRAM token returned!
WARNING: Unrequested DRAM token returned!
220000...
WARNING: Unrequested DRAM token returned!
WARNING: Unrequested DRAM token returned!
WARNING: Unrequested DRAM token returned!
WARNING: Unrequested DRAM token returned!
WARNING: Unrequested DRAM token returned!
WARNING: Unrequested DRAM token returned!
WARNING: Unrequested DRAM token returned!
WARNING: Unrequested DRAM token returned!
WARNING: Unrequested DRAM token returned!
WARNING: Unrequested DRAM token returned!
WARNING: Unrequested DRAM token returned!
WARNING: Unrequested DRAM token returned!
WARNING: Unrequested DRAM token returned!
WARNING: Unrequested DRAM token returned!
WARNING: Unrequested DRAM token returned!
WARNING: Unrequested DRAM token returned!
WARNING: Unrequested DRAM token returned!
WARNING: Unrequested DRAM token returned!
WARNING: Unrequested DRAM token returned!
WARNING: Unrequested DRAM token returned!
WARNING: Unrequested DRAM token returned!
WARNING: Unrequested DRAM token returned!
WARNING: Unrequested DRAM token returned!
WARNING: Unrequested DRAM token returned!
WARNING: Unrequested DRAM token returned!
WARNING: Unrequested DRAM token returned!
WARNING: Unrequested DRAM token returned!
230000...
WARNING: Unrequested DRAM token returned!
WARNING: Unrequested DRAM token returned!
WARNING: Unrequested DRAM token returned!
WARNING: Unrequested DRAM token returned!
WARNING: Unrequested DRAM token returned!
WARNING: Unrequested DRAM token returned!
WARNING: Unrequested DRAM token returned!
WARNING: Unrequested DRAM token returned!
WARNING: Unrequested DRAM token returned!
WARNING: Unrequested DRAM token returned!
WARNING: Unrequested DRAM token returned!
WARNING: Unrequested DRAM token returned!
WARNING: Unrequested DRAM token returned!
WARNING: Unrequested DRAM token returned!
WARNING: Unrequested DRAM token returned!
WARNING: Unrequested DRAM token returned!
WARNING: Unrequested DRAM token returned!
WARNING: Unrequested DRAM token returned!
WARNING: Unrequested DRAM token returned!
WARNING: Unrequested DRAM token returned!
WARNING: Unrequested DRAM token returned!
WARNING: Unrequested DRAM token returned!
WARNING: Unrequested DRAM token returned!
WARNING: Unrequested DRAM token returned!
WARNING: Unrequested DRAM token returned!
WARNING: Unrequested DRAM token returned!
WARNING: Unrequested DRAM token returned!
WARNING: Unrequested DRAM token returned!
WARNING: Unrequested DRAM token returned!
WARNING: Unrequested DRAM token returned!
WARNING: Unrequested DRAM token returned!
WARNING: Unrequested DRAM token returned!
WARNING: Unrequested DRAM token returned!
WARNING: Unrequested DRAM token returned!
WARNING: Unrequested DRAM token returned!
WARNING: Unrequested DRAM token returned!
WARNING: Unrequested DRAM token returned!
240000...
WARNING: Unrequested DRAM token returned!
WARNING: Unrequested DRAM token returned!
WARNING: Unrequested DRAM token returned!
WARNING: Unrequested DRAM token returned!
WARNING: Unrequested DRAM token returned!
WARNING: Unrequested DRAM token returned!
WARNING: Unrequested DRAM token returned!
WARNING: Unrequested DRAM token returned!
WARNING: Unrequested DRAM token returned!
WARNING: Unrequested DRAM token returned!
WARNING: Unrequested DRAM token returned!
WARNING: Unrequested DRAM token returned!
WARNING: Unrequested DRAM token returned!
WARNING: Unrequested DRAM token returned!
WARNING: Unrequested DRAM token returned!
WARNING: Unrequested DRAM token returned!
WARNING: Unrequested DRAM token returned!
WARNING: Unrequested DRAM token returned!
WARNING: Unrequested DRAM token returned!
WARNING: Unrequested DRAM token returned!
WARNING: Unrequested DRAM token returned!
WARNING: Unrequested DRAM token returned!
WARNING: Unrequested DRAM token returned!
WARNING: Unrequested DRAM token returned!
WARNING: Unrequested DRAM token returned!
WARNING: Unrequested DRAM token returned!
WARNING: Unrequested DRAM token returned!
WARNING: Unrequested DRAM token returned!
WARNING: Unrequested DRAM token returned!
WARNING: Unrequested DRAM token returned!
WARNING: Unrequested DRAM token returned!
WARNING: Unrequested DRAM token returned!
WARNING: Unrequested DRAM token returned!
WARNING: Unrequested DRAM token returned!
WARNING: Unrequested DRAM token returned!
WARNING: Unrequested DRAM token returned!
WARNING: Unrequested DRAM token returned!
WARNING: Unrequested DRAM token returned!
WARNING: Unrequested DRAM token returned!
WARNING: Unrequested DRAM token returned!
WARNING: Unrequested DRAM token returned!
WARNING: Unrequested DRAM token returned!
WARNING: Unrequested DRAM token returned!
WARNING: Unrequested DRAM token returned!
WARNING: Unrequested DRAM token returned!
WARNING: Unrequested DRAM token returned!
WARNING: Unrequested DRAM token returned!
WARNING: Unrequested DRAM token returned!
WARNING: Unrequested DRAM token returned!
WARNING: Unrequested DRAM token returned!
250000...
WARNING: Unrequested DRAM token returned!
WARNING: Unrequested DRAM token returned!
WARNING: Unrequested DRAM token returned!
WARNING: Unrequested DRAM token returned!
WARNING: Unrequested DRAM token returned!
WARNING: Unrequested DRAM token returned!
WARNING: Unrequested DRAM token returned!
WARNING: Unrequested DRAM token returned!
WARNING: Unrequested DRAM token returned!
WARNING: Unrequested DRAM token returned!
WARNING: Unrequested DRAM token returned!
WARNING: Unrequested DRAM token returned!
WARNING: Unrequested DRAM token returned!
WARNING: Unrequested DRAM token returned!
WARNING: Unrequested DRAM token returned!
WARNING: Unrequested DRAM token returned!
WARNING: Unrequested DRAM token returned!
WARNING: Unrequested DRAM token returned!
WARNING: Unrequested DRAM token returned!
WARNING: Unrequested DRAM token returned!
WARNING: Unrequested DRAM token returned!
WARNING: Unrequested DRAM token returned!
WARNING: Unrequested DRAM token returned!
WARNING: Unrequested DRAM token returned!
WARNING: Unrequested DRAM token returned!
WARNING: Unrequested DRAM token returned!
WARNING: Unrequested DRAM token returned!
WARNING: Unrequested DRAM token returned!
WARNING: Unrequested DRAM token returned!
WARNING: Unrequested DRAM token returned!
WARNING: Unrequested DRAM token returned!
WARNING: Unrequested DRAM token returned!
WARNING: Unrequested DRAM token returned!
WARNING: Unrequested DRAM token returned!
WARNING: Unrequested DRAM token returned!
WARNING: Unrequested DRAM token returned!
WARNING: Unrequested DRAM token returned!
WARNING: Unrequested DRAM token returned!
WARNING: Unrequested DRAM token returned!
WARNING: Unrequested DRAM token returned!
WARNING: Unrequested DRAM token returned!
260000...
WARNING: Unrequested DRAM token returned!
WARNING: Unrequested DRAM token returned!
WARNING: Unrequested DRAM token returned!
WARNING: Unrequested DRAM token returned!
WARNING: Unrequested DRAM token returned!
WARNING: Unrequested DRAM token returned!
WARNING: Unrequested DRAM token returned!
WARNING: Unrequested DRAM token returned!
WARNING: Unrequested DRAM token returned!
WARNING: Unrequested DRAM token returned!
WARNING: Unrequested DRAM token returned!
WARNING: Unrequested DRAM token returned!
WARNING: Unrequested DRAM token returned!
WARNING: Unrequested DRAM token returned!
WARNING: Unrequested DRAM token returned!
WARNING: Unrequested DRAM token returned!
WARNING: Unrequested DRAM token returned!
WARNING: Unrequested DRAM token returned!
WARNING: Unrequested DRAM token returned!
WARNING: Unrequested DRAM token returned!
WARNING: Unrequested DRAM token returned!
WARNING: Unrequested DRAM token returned!
WARNING: Unrequested DRAM token returned!
WARNING: Unrequested DRAM token returned!
WARNING: Unrequested DRAM token returned!
WARNING: Unrequested DRAM token returned!
WARNING: Unrequested DRAM token returned!
WARNING: Unrequested DRAM token returned!
WARNING: Unrequested DRAM token returned!
WARNING: Unrequested DRAM token returned!
WARNING: Unrequested DRAM token returned!
WARNING: Unrequested DRAM token returned!
WARNING: Unrequested DRAM token returned!
WARNING: Unrequested DRAM token returned!
WARNING: Unrequested DRAM token returned!
WARNING: Unrequested DRAM token returned!
WARNING: Unrequested DRAM token returned!
WARNING: Unrequested DRAM token returned!
WARNING: Unrequested DRAM token returned!
WARNING: Unrequested DRAM token returned!
WARNING: Unrequested DRAM token returned!
WARNING: Unrequested DRAM token returned!
WARNING: Unrequested DRAM token returned!
WARNING: Unrequested DRAM token returned!
WARNING: Unrequested DRAM token returned!
WARNING: Unrequested DRAM token returned!
WARNING: Unrequested DRAM token returned!
WARNING: Unrequested DRAM token returned!
WARNING: Unrequested DRAM token returned!
270000...
WARNING: Unrequested DRAM token returned!
WARNING: Unrequested DRAM token returned!
WARNING: Unrequested DRAM token returned!
WARNING: Unrequested DRAM token returned!
WARNING: Unrequested DRAM token returned!
WARNING: Unrequested DRAM token returned!
WARNING: Unrequested DRAM token returned!
WARNING: Unrequested DRAM token returned!
WARNING: Unrequested DRAM token returned!
WARNING: Unrequested DRAM token returned!
WARNING: Unrequested DRAM token returned!
WARNING: Unrequested DRAM token returned!
WARNING: Unrequested DRAM token returned!
WARNING: Unrequested DRAM token returned!
WARNING: Unrequested DRAM token returned!
WARNING: Unrequested DRAM token returned!
WARNING: Unrequested DRAM token returned!
WARNING: Unrequested DRAM token returned!
WARNING: Unrequested DRAM token returned!
WARNING: Unrequested DRAM token returned!
WARNING: Unrequested DRAM token returned!
WARNING: Unrequested DRAM token returned!
WARNING: Unrequested DRAM token returned!
WARNING: Unrequested DRAM token returned!
WARNING: Unrequested DRAM token returned!
WARNING: Unrequested DRAM token returned!
WARNING: Unrequested DRAM token returned!
WARNING: Unrequested DRAM token returned!
WARNING: Unrequested DRAM token returned!
WARNING: Unrequested DRAM token returned!
WARNING: Unrequested DRAM token returned!
WARNING: Unrequested DRAM token returned!
WARNING: Unrequested DRAM token returned!
WARNING: Unrequested DRAM token returned!
WARNING: Unrequested DRAM token returned!
WARNING: Unrequested DRAM token returned!
WARNING: Unrequested DRAM token returned!
WARNING: Unrequested DRAM token returned!
WARNING: Unrequested DRAM token returned!
WARNING: Unrequested DRAM token returned!
WARNING: Unrequested DRAM token returned!
WARNING: Unrequested DRAM token returned!
WARNING: Unrequested DRAM token returned!
WARNING: Unrequested DRAM token returned!
WARNING: Unrequested DRAM token returned!
WARNING: Unrequested DRAM token returned!
WARNING: Unrequested DRAM token returned!
WARNING: Unrequested DRAM token returned!
WARNING: Unrequested DRAM token returned!
280000...
WARNING: Unrequested DRAM token returned!
WARNING: Unrequested DRAM token returned!
WARNING: Unrequested DRAM token returned!
WARNING: Unrequested DRAM token returned!
WARNING: Unrequested DRAM token returned!
WARNING: Unrequested DRAM token returned!
WARNING: Unrequested DRAM token returned!
WARNING: Unrequested DRAM token returned!
WARNING: Unrequested DRAM token returned!
WARNING: Unrequested DRAM token returned!
WARNING: Unrequested DRAM token returned!
WARNING: Unrequested DRAM token returned!
WARNING: Unrequested DRAM token returned!
WARNING: Unrequested DRAM token returned!
WARNING: Unrequested DRAM token returned!
WARNING: Unrequested DRAM token returned!
WARNING: Unrequested DRAM token returned!
Simulation complete at cycle: 284482
[[32mpsim[0m] Simulation complete at cycle: 284482
CE3861: Active:  23.0 Stalled:  13.0 Starved:  18.3 Total Active:    65536 Total Output:    65536 Expected Active:    65536 Last Activity: 51997
[0m[[31merror[0m] [0m(Thread-17) java.lang.NumberFormatException: For input string: "65536 Total Output:    65536"[0m
java.lang.NumberFormatException: For input string: "65536 Total Output:    65536"
	at java.lang.NumberFormatException.forInputString(NumberFormatException.java:65)
	at java.lang.Long.parseLong(Long.java:589)
	at java.lang.Long.parseLong(Long.java:631)
	at scala.collection.immutable.StringLike.toLong(StringLike.scala:306)
	at scala.collection.immutable.StringLike.toLong$(StringLike.scala:306)
	at scala.collection.immutable.StringOps.toLong(StringOps.scala:29)
	at pir.codegen.PlastisimConfigCodegen.$anonfun$processOutput$1(PlastisimConfigCodegen.scala:55)
	at pir.codegen.PlastisimConfigCodegen.$anonfun$processOutput$1$adapted(PlastisimConfigCodegen.scala:54)
	at scala.Option.foreach(Option.scala:257)
	at pir.codegen.PlastisimConfigCodegen.processOutput(PlastisimConfigCodegen.scala:54)
	at pir.codegen.PlastisimConfigCodegen.$anonfun$runPsim$5(PlastisimConfigCodegen.scala:82)
	at pir.codegen.PlastisimConfigCodegen.$anonfun$runPsim$5$adapted(PlastisimConfigCodegen.scala:82)
	at prism.util.Misc.$anonfun$shell$7(Misc.scala:88)
	at prism.util.Misc.$anonfun$shell$7$adapted(Misc.scala:88)
	at scala.Option.foreach(Option.scala:257)
	at prism.util.Misc.$anonfun$shell$5(Misc.scala:88)
	at prism.util.Misc.$anonfun$shell$5$adapted(Misc.scala:88)
	at scala.sys.process.ProcessLogger$$anon$1.out(ProcessLogger.scala:97)
	at scala.sys.process.BasicIO$.$anonfun$processOutFully$1(BasicIO.scala:136)
	at scala.sys.process.BasicIO$.$anonfun$processOutFully$1$adapted(BasicIO.scala:136)
	at scala.sys.process.BasicIO$.readFully$1(BasicIO.scala:184)
	at scala.sys.process.BasicIO$.$anonfun$processFully$1$adapted(BasicIO.scala:188)
	at scala.sys.process.ProcessBuilderImpl$Simple.$anonfun$run$3(ProcessBuilderImpl.scala:76)
	at scala.sys.process.ProcessImpl$Spawn$$anon$1.run(ProcessImpl.scala:23)
[0m[[31mtrace[0m] [0mStack trace suppressed: run [34mlast apps/compile:runMain[0m for the full output.[0m
[[31merror[0m] failed /home/yaqiz/plastisim/plastisim -f /home/yaqiz/plastisim/configs/finals/SPMV_ELL__L_64_N_16384_ts_1024_op_1_mp_2_dynamic_v2_s6/config.psim -p /home/yaqiz/plastisim/configs/finals/SPMV_ELL__L_64_N_16384_ts_1024_op_1_mp_2_dynamic_v2_s6/final.place -c 100000000 -l B
[pir] Finished 68-PlastisimConfigCodegen to [36mconfig.psim[0m in 55609.810075ms
[pir] Running 69-PlastisimDotCodegen ...[pir] Finished 69-PlastisimDotCodegen to [36mpsim.dot[0m in 1292.703891ms
[pir] Saving node prism.Session@7bfcda2 to /home/yaqiz/pir/out/SPMV_ELL__L_64_N_16384_ts_1024_op_1_mp_2_dynamic_v2_s6/SPMV_ELL__L_64_N_16384_ts_1024_op_1_mp_2.sess
[0m[[32msuccess[0m] [0mTotal time: 151 s, completed Aug 1, 2018 7:37:28 PM[0m
-------------PASS (DONE)------------
