Java HotSpot(TM) 64-Bit Server VM warning: ignoring option MaxPermSize=1g; support was removed in 8.0
Picked up _JAVA_OPTIONS: -Xss8192k
[0m[[0minfo[0m] [0mLoading global plugins from /home/yaqiz/.sbt/0.13/plugins[0m
[0m[[0minfo[0m] [0mLoading project definition from /home/yaqiz/pir/project[0m
[0m[[0minfo[0m] [0mSet current project to default-675fdc (in build file:/home/yaqiz/pir/)[0m
[0m[[0minfo[0m] [0mSet current project to apps (in build file:/home/yaqiz/pir/)[0m
[0m[[0minfo[0m] [0mRunning SPMV_ELL__L_64_N_16384_ts_1024_op_1_mp_2 --out=/home/yaqiz/pir/out/SPMV_ELL__L_64_N_16384_ts_1024_op_1_mp_2_psim_v3_s4_cd --psim-out=/home/yaqiz/plastisim/configs/finals/SPMV_ELL__L_64_N_16384_ts_1024_op_1_mp_2_psim_v3_s4_cd --debug=false --verbose=true --dot=false --load-pir=true --save-pir=true --psim=true --trace=true --ctrl=true --bp=false --stat=true --routing-algo=proute --proute-iter=1000 --run-psim=true --arch=MyDesign --row=16 --col=8 --topo=mesh --argin=64 --tokenout=32 --pcu-stage=6 --vc=4 --net=static --vlink=3 --slink=4 --fifo-depth=4 --vfifo=4 --link-prop=cd --flit-width=512[0m
[pir] args=[--load-pir=true, --run-psim=false, --trace=false, --net=static, --stat=false, --vlink=2, --slink=4, --vfifo=4, --row=16, --col=8, --topo=mesh, --routing-algo=proute, --psim-timeout=100000000, --mapping=true, --splitting=true, --save-pir=true, --load-spade=false, --save-spade=false, --splitting-algo=alias_weighted_igraph, --ctrl=true, --bp=false, --snapint=10, --snapshot=false, --dot=true, --psim=true, --arch=MyDesign, --nn=false, --dag=true, --pattern=checkerboard, --argin=20, --argout=4, --tokenout=5, --fifo-depth=10, --vc=10, --routing-cost=H-hop, --out=/home/yaqiz/pir/out/SPMV_ELL__L_64_N_16384_ts_1024_op_1_mp_2_psim_v3_s4_cd, --psim-out=/home/yaqiz/plastisim/configs/finals/SPMV_ELL__L_64_N_16384_ts_1024_op_1_mp_2_psim_v3_s4_cd, --debug=false, --verbose=true, --dot=false, --load-pir=true, --save-pir=true, --psim=true, --trace=true, --ctrl=true, --bp=false, --stat=true, --routing-algo=proute, --proute-iter=1000, --run-psim=true, --arch=MyDesign, --row=16, --col=8, --topo=mesh, --argin=64, --tokenout=32, --pcu-stage=6, --vc=4, --net=static, --vlink=3, --slink=4, --fifo-depth=4, --vfifo=4, --link-prop=cd, --flit-width=512]
[pir] Output directory set to [36m/home/yaqiz/pir/out/SPMV_ELL__L_64_N_16384_ts_1024_op_1_mp_2_psim_v3_s4_cd[0m
[pir] Loading from /home/yaqiz/pir/out/SPMV_ELL__L_64_N_16384_ts_1024_op_1_mp_2_psim_v3_s4_cd/SPMV_ELL__L_64_N_16384_ts_1024_op_1_mp_2.pir[pir] Loading PIRDesign() from /home/yaqiz/pir/out/SPMV_ELL__L_64_N_16384_ts_1024_op_1_mp_2_psim_v3_s4_cd/SPMV_ELL__L_64_N_16384_ts_1024_op_1_mp_2.pir
[pir] Configuring spade MyDesign ...
[pir] Loading from /home/yaqiz/pir/out/SPMV_ELL__L_64_N_16384_ts_1024_op_1_mp_2_psim_v3_s4_cd/SPMV_ELL__L_64_N_16384_ts_1024_op_1_mp_2.sess[pir] Loading prism.Session@6da72b53 from /home/yaqiz/pir/out/SPMV_ELL__L_64_N_16384_ts_1024_op_1_mp_2_psim_v3_s4_cd/SPMV_ELL__L_64_N_16384_ts_1024_op_1_mp_2.sess
[pir] Saving node PIRDesign() to /home/yaqiz/pir/out/SPMV_ELL__L_64_N_16384_ts_1024_op_1_mp_2_psim_v3_s4_cd/SPMV_ELL__L_64_N_16384_ts_1024_op_1_mp_2.pir
[pir] Running 53-PlastisimDotCodegen ...[pir] Finished 53-PlastisimDotCodegen to [36mpsim.dot[0m in 1283.979583ms
[pir] Running 54-ControllerDotCodegen ...[pir] Finished 54-ControllerDotCodegen to [36mcontroller.dot[0m in 545.911013ms
[pir] Running 55-PIRIRDotCodegen ...[pir] Finished 55-PIRIRDotCodegen to [36mtop.dot[0m in 923.852451ms
[pir] Running 56-SimpleIRDotCodegen ...[pir] Finished 56-SimpleIRDotCodegen to [36msimple.dot[0m in 157.215448ms
[pir] Running 58-CUPruning ...[pir] Finished 58-CUPruning in 1319.251733ms
[pir] Running 59-CUPlacer ...[[32msuccess[0m] CUPlacer succeeded
[pir] Finished 59-CUPlacer in 264612.533431ms
[pir] Running 60-CUStatistics ...[pir] =========== Post-splitting CU Statistics ==================
[pir] number of cus=29
[pir] number of ocu = 5
[pir] - cin (0.00,0.60,1.00) sin (0.00,0.40,1.00) vin (0.00,0.00,0.00)
[pir] - cout (0.00,0.20,1.00) sout (0.00,1.20,2.00) vout (0.00,0.00,0.00)
[pir] - stages (0.00,0.00,0.00)
[pir] number of pcu = 6
[pir] - cin (0.00,0.33,1.00) sin (0.00,0.67,2.00) vin (0.00,1.00,2.00)
[pir] - cout (0.00,0.00,0.00) sout (0.00,0.33,1.00) vout (0.00,0.67,1.00)
[pir] - stages (2.00,4.00,6.00)
[pir] number of dag = 3
[pir] - cin (0.00,0.00,0.00) sin (1.00,1.00,1.00) vin (0.00,0.00,0.00)
[pir] - cout (0.00,0.00,0.00) sout (2.00,2.00,2.00) vout (0.00,0.00,0.00)
[pir] - stages (2.00,4.00,5.00)
[pir] number of pmu = 9
[pir] - cin (0.00,0.00,0.00) sin (0.00,0.89,2.00) vin (0.00,1.11,2.00)
[pir] - cout (0.00,0.00,0.00) sout (0.00,0.00,0.00) vout (1.00,1.00,1.00)
[pir] - stages (0.00,0.89,2.00)
[pir] number of dfg = 5
[pir] - cin (0.00,0.00,0.00) sin (0.00,1.20,2.00) vin (0.00,0.60,1.00)
[pir] - cout (0.00,0.20,1.00) sout (0.00,0.40,1.00) vout (0.00,0.40,1.00)
[pir] - stages (0.00,0.00,0.00)
[pir] number of afg = 1
[pir] - cin (1.00,1.00,1.00) sin (0.00,0.00,0.00) vin (0.00,0.00,0.00)
[pir] - cout (1.00,1.00,1.00) sout (5.00,5.00,5.00) vout (0.00,0.00,0.00)
[pir] - stages (0.00,0.00,0.00)
[pir] compute CU = 11
[pir] memory CU = 9
[pir] mc CU = 5
[pir] Total = 14
[pir] PCU = 10 / 64 (15.63%)
[pir] PMU-comp = 0 / 64 (0.00%)
[pir] PMU-mem = 9 / 64 (14.06%)
[pir] AG-ag = 1 / 34 (2.94%)
[pir] AG-comp = 3 / 34 (8.82%)
[pir] MC = 5 / 34 (14.71%)
[pir] Finished 60-CUStatistics to [36mstat.json[0m in 613.974169ms
[pir] Running 61-PIRNetworkDotCodegen ...[pir] Finished 61-PIRNetworkDotCodegen to [36mcontrol.dot[0m in 935.406569ms
[pir] Running 62-PIRNetworkDotCodegen ...[pir] Finished 62-PIRNetworkDotCodegen to [36mscalar.dot[0m in 1027.464361ms
[pir] Running 63-PIRNetworkDotCodegen ...[pir] Finished 63-PIRNetworkDotCodegen to [36mvector.dot[0m in 1205.450798ms
[pir] Running 64-TerminalCSVCodegen ...[pir] Finished 64-TerminalCSVCodegen to [36mnode.csv[0m in 6.399943ms
[pir] Running 65-LinkCSVCodegen ...[pir] Finished 65-LinkCSVCodegen to [36mlink.csv[0m in 893.022022ms
[pir] Running 66-PlastisimPlacementCodegen ...[[32mpir[0m] 
StatHopsScal: 745545,StatHopsCtrl: 3111,StatHopsVec: 2268160
[pir] Finished 66-PlastisimPlacementCodegen to [36mfinal.place[0m in 823.739654ms
[pir] Running 67-PlastisimDotCodegen ...[pir] Finished 67-PlastisimDotCodegen to [36mpsim.dot[0m in 882.755619ms
[pir] Running 68-PlastisimConfigCodegen ...[[33mcommand[0m] ln -f /home/yaqiz/plastisim/configs/mesh_generic.cfg /home/yaqiz/plastisim/configs/finals/SPMV_ELL__L_64_N_16384_ts_1024_op_1_mp_2_psim_v3_s4_cd/
[[33mpsim[0m] /home/yaqiz/plastisim/plastisim -f /home/yaqiz/plastisim/configs/finals/SPMV_ELL__L_64_N_16384_ts_1024_op_1_mp_2_psim_v3_s4_cd/config.psim -p /home/yaqiz/plastisim/configs/finals/SPMV_ELL__L_64_N_16384_ts_1024_op_1_mp_2_psim_v3_s4_cd/final.place -c 100000000 -l C -w 512 -q1
[[33mpsim[0m] log in /home/yaqiz/pir/out/SPMV_ELL__L_64_N_16384_ts_1024_op_1_mp_2_psim_v3_s4_cd/psim.log
Set non-priority VC slowdown to 1
Error setting saddr = 0
Error setting daddr = 0
Error setting class = 0
Error setting lat = 2
Error setting saddr = 0
Error setting daddr = 0
Error setting class = 0
Error setting lat = 2
Error setting saddr = 0
Error setting daddr = 0
Error setting class = 0
Error setting lat = 6
Changing to config directory: /home/yaqiz/plastisim/configs/finals/SPMV_ELL__L_64_N_16384_ts_1024_op_1_mp_2_psim_v3_s4_cd
Error setting saddr = 0
Constructing NetworkLink.
Error setting daddr = 0
Constructing NetworkLink.
Error setting class = 0
Constructing NetworkLink.
Error setting lat = 4
Constructing NetworkLink.
Error setting saddr = 0
Constructing NetworkLink.
Error setting daddr = 0
Constructing NetworkLink.
Error setting class = 0
Constructing NetworkLink.
Error setting lat = 2
Constructing NetworkLink.
Error setting saddr = 0
Constructing NetworkLink.
Error setting daddr = 0
Constructing NetworkLink.
Error setting class = 0
Constructing NetworkLink.
Error setting lat = 2
Constructing NetworkLink.
Constructing NetworkLink.
Constructing NetworkLink.
Constructing NetworkLink.
Constructing NetworkLink.
Constructing NetworkLink.
Constructing NetworkLink.
Constructing NetworkLink.
Constructing NetworkLink.
Constructing NetworkLink.
Constructing NetworkLink.
Constructing NetworkLink.
Constructing NetworkLink.
Constructing NetworkLink.
Constructing NetworkLink.
Constructing NetworkLink.
Constructing NetworkLink.
Constructing NetworkLink.
Constructing NetworkLink.
Constructing NetworkLink.
Constructing NetworkLink.
Constructing NetworkLink.
Error setting saddr = 0
Constructing NetworkLink.
Error setting daddr = 0
Constructing NetworkLink.
Error setting class = 0
Constructing NetworkLink.
Error setting lat = 2
Constructing NetworkLink.
Error setting saddr = 0
Constructing NetworkLink.
Error setting daddr = 0
Constructing NetworkLink.
Error setting class = 0
Added all names to the symbol table.
Error setting lat = 4
Adding static hop for route 2047 (1016->110, lat 3).
Error setting saddr = 0
Adding static hop for route 2076 (1016->110, lat 4).
Error setting daddr = 0
Adding static hop for route 2100 (1019->213, lat 4).
Error setting class = 0
Adding static hop for route 2129 (1019->213, lat 5).
Adding static hop for route 2153 (1041->456, lat 4).
Adding static hop for route 2180 (1044->571, lat 4).
Adding static hop for route 2317 (960->844, lat 17).
Adding static hop for route 2367 (844->1016, lat 16).
Adding static hop for route 3663 (844->1017, lat 14).
Adding static hop for route 2399 (844->1019, lat 13).
Adding static hop for route 3663 (844->1020, lat 18).
Adding static hop for route 2430 (844->1027, lat 18).
Adding static hop for route 3663 (844->1033, lat 14).
Adding static hop for route 3663 (844->1034, lat 12).
Adding static hop for route 2986 (1017->1047, lat 3).
Adding static hop for route 2962 (110->1047, lat 2).
Adding static hop for route 2986 (1017->1048, lat 2).
Adding static hop for route 2962 (110->1048, lat 4).
Adding static hop for route 3180 (1020->1049, lat 2).
Adding static hop for route 3156 (213->1049, lat 4).
Adding static hop for route 3180 (1020->1050, lat 3).
Adding static hop for route 3156 (213->1050, lat 3).
Adding static hop for route 3383 (456->1052, lat 4).
Adding static hop for route 2734 (1033->1052, lat 2).
Adding static hop for route 3446 (571->1053, lat 4).
Adding static hop for route 2877 (1034->1053, lat 3).
Adding static hop for route 2458 (1049->1037, lat 2).
Adding static hop for route 2485 (1052->1037, lat 6).
Adding static hop for route 2510 (1050->1038, lat 2).
Adding static hop for route 2537 (1053->1038, lat 4).
Adding static hop for route 3509 (1047->1054, lat 3).
Error setting lat = 3
Adding static hop for route 2685 (1033->1054, lat 4).
Error setting saddr = 0
Adding static hop for route 3572 (1048->1055, lat 4).
Error setting daddr = 0
Adding static hop for route 2828 (1034->1055, lat 2).
Error setting class = 0
Adding static hop for route 2565 (1037->1039, lat 6).
Error setting lat = 4
Adding static hop for route 2595 (1038->1040, lat 2).
Error setting saddr = 0
Adding static hop for route 2621 (844->1041, lat 15).
Error setting daddr = 0
Adding static hop for route 2710 (1054->1041, lat 2).
Error setting class = 0
Adding static hop for route 2685 (1033->1041, lat 3).
Error setting lat = 4
Adding static hop for route 2764 (844->1044, lat 11).
Error setting saddr = 0
Error setting daddr = 0
Adding static hop for route 2853 (1055->1044, lat 2).
Error setting class = 0
Adding static hop for route 2828 (1034->1044, lat 2).
Error setting lat = 4
Adding static hop for route 3316 (1039->1051, lat 2).
Error setting saddr = 0
Adding static hop for route 3339 (1040->1051, lat 4).
Error setting daddr = 0
Adding static hop for route 2207 (1027->839, lat 1).
Error setting class = 0
Adding static hop for route 2236 (1027->839, lat 1).
Error setting lat = 1
Adding static hop for route 2260 (1051->839, lat 7).
Error setting saddr = 0
Adding static hop for route 2343 (839->960, lat 3).
Error setting daddr = 0
Printing hop routes
Error setting class = 0
Parsed placement file.
Error setting lat = 3
Set lat 1 from 0 to 0
Error setting saddr = 0
Set ejection VC at addr 0 to 0
Error setting daddr = 0
Link specified in placement file.
Error setting class = 0
Changing link to static with placed latencies.
Error setting lat = 4
Set lat 3 from 0 to 0
Error setting saddr = 0
Set ejection VC at addr 0 to 0
Error setting daddr = 0
Link specified in placement file.
Error setting class = 0
Changing link to static with placed latencies.
Error setting lat = 18
Set lat 3 from 0 to 0
Error setting saddr = 0
Set ejection VC at addr 0 to 0
Error setting daddr = 0
Link specified in placement file.
Error setting class = 0
Changing link to static with placed latencies.
Error setting lat = 11
Set lat 7 from 0 to 0
Error setting saddr = 0
Set ejection VC at addr 0 to 0
Error setting daddr = 0
Link specified in placement file.
Error setting class = 0
Changing link to static with placed latencies.
Error setting lat = 15
Set lat 5 from 0 to 0
Error setting saddr = 0
Set ejection VC at addr 0 to 0
Error setting daddr = 0
Link specified in placement file.
Error setting class = 0
Changing link to static with placed latencies.
Error setting lat = 1
Set lat 3 from 0 to 0
Error setting saddr = 0
Set ejection VC at addr 0 to 0
Error setting daddr = 0
Link specified in placement file.
Error setting class = 0
Changing link to static with placed latencies.
Error setting lat = 4
Set lat 3 from 0 to 0
Error setting saddr = 0
Set ejection VC at addr 0 to 0
Error setting daddr = 0
Link specified in placement file.
Error setting class = 0
Changing link to static with placed latencies.
Error setting lat = 5
Set lat 3 from 0 to 0
Error setting saddr = 0
Set ejection VC at addr 0 to 0
Error setting daddr = 0
Link specified in placement file.
Error setting class = 0
Error setting lat = 13
Changing link to static with placed latencies.
Error setting saddr = 0
Set lat 5 from 0 to 0
Error setting daddr = 0
Set ejection VC at addr 0 to 0
Error setting class = 0
Link specified in placement file.
Error setting lat = 16
Error setting saddr = 0
Changing link to static with placed latencies.
Error setting daddr = 0
Error setting class = 0
Set lat 4 from 0 to 0
Error setting lat = 4
Set ejection VC at addr 0 to 0
Error setting saddr = 0
Link specified in placement file.
Error setting daddr = 0
Changing link to static with placed latencies.
Error setting class = 0
Set lat 5 from 0 to 0
Error setting lat = 4
Set ejection VC at addr 0 to 0
Error setting saddr = 0
Link specified in placement file.
Error setting daddr = 0
Changing link to static with placed latencies.
Error setting daddr = 0
Set lat 5 from 0 to 0
Error setting class = 0
Set ejection VC at addr 0 to 0
Error setting class = 0
Link specified in placement file.
Error setting lat = 2
Changing link to static with placed latencies.
Error setting lat = 2
Set lat 5 from 0 to 0
Error setting saddr = 0
Set ejection VC at addr 0 to 0
Error setting daddr = 0
Error setting daddr = 0
Error setting class = 0
Error setting class = 0
Error setting lat = 3
Error setting lat = 4
Link specified in placement file.
Error setting saddr = 0
Error setting daddr = 0
Error setting daddr = 0
Changing link to static with placed latencies.
Error setting class = 0
Set lat 2 from 0 to 0
Error setting class = 0
Set ejection VC at addr 0 to 0
Error setting lat = 2
Link specified in placement file.
Error setting lat = 4
Changing link to static with placed latencies.
Error setting saddr = 0
Set lat 4 from 0 to 0
Error setting daddr = 0
Error setting daddr = 0
Error setting class = 0
Error setting class = 0
Error setting lat = 3
Error setting lat = 2
Error setting saddr = 0
Error setting daddr = 0
Error setting daddr = 0
Error setting class = 0
Error setting class = 0
Error setting lat = 4
Error setting lat = 3
Error setting saddr = 0
Error setting daddr = 0
Error setting daddr = 0
Error setting class = 0
Error setting class = 0
Error setting lat = 2
Error setting lat = 3
Error setting saddr = 0
Error setting daddr = 0
Error setting class = 0
Error setting lat = 3
Error setting saddr = 0
Error setting daddr = 0
Error setting class = 0
Error setting lat = 17
Error setting saddr = 0
Error setting daddr = 0
Error setting daddr = 0
Error setting daddr = 0
Error setting daddr = 0
Error setting class = 0
Error setting class = 0
Error setting class = 0
Error setting class = 0
Error setting lat = 14
Error setting lat = 18
Error setting lat = 14
Error setting lat = 12
Error setting saddr = 0
Error setting daddr = 0
Error setting class = 0
Error setting lat = 7
Error setting saddr = 0
Error setting daddr = 0
Error setting class = 0
Error setting lat = 6
Error setting saddr = 0
Error setting daddr = 0
Error setting class = 0
Error setting lat = 3
Error setting saddr = 0
Error setting daddr = 0
Error setting class = 0
Error setting lat = 2
Error setting saddr = 0
Error setting daddr = 0
Error setting class = 0
Error setting lat = 2
== Loading device model file '/home/yaqiz/plastisim/configs/DDR3_micron_64M_8B_x4_sg15.ini' == 
== Loading system model file '/home/yaqiz/plastisim/configs/system.ini' == 
===== MemorySystem 0 =====
CH. 0 TOTAL_STORAGE : 4096MB | 1 Ranks | 16 Devices per rank
===== MemorySystem 1 =====
CH. 1 TOTAL_STORAGE : 4096MB | 1 Ranks | 16 Devices per rank
Set ejection VC at addr 0 to 0
===== MemorySystem 2 =====
Link specified in placement file.
CH. 2 TOTAL_STORAGE : 4096MB | 1 Ranks | 16 Devices per rank
Changing link to static with placed latencies.
===== MemorySystem 3 =====
Set lat 5 from 0 to 0
CH. 3 TOTAL_STORAGE : 4096MB | 1 Ranks | 16 Devices per rank
Set lat 1 from 0 to 0
DRAMSim2 Clock Frequency =800000000Hz, CPU Clock Frequency=1000000000Hz
Set lat 1 from 0 to 0
Set lat 1 from 0 to 0
Set lat 1 from 0 to 0
Set ejection VC at addr 0 to 0
Link specified in placement file.
Changing link to static with placed latencies.
Set lat 19 from 0 to 0
Set ejection VC at addr 0 to 0
Link specified in placement file.
Changing link to static with placed latencies.
Set lat 12 from 0 to 0
Set ejection VC at addr 0 to 0
Link specified in placement file.
Changing link to static with placed latencies.
Set lat 16 from 0 to 0
Set ejection VC at addr 0 to 0
Link specified in placement file.
Changing link to static with placed latencies.
Set lat 2 from 0 to 0
Set ejection VC at addr 0 to 0
Link specified in placement file.
Changing link to static with placed latencies.
Set lat 5 from 0 to 0
Set ejection VC at addr 0 to 0
Link specified in placement file.
Changing link to static with placed latencies.
Set lat 6 from 0 to 0
Set ejection VC at addr 0 to 0
Link specified in placement file.
Changing link to static with placed latencies.
Set lat 14 from 0 to 0
Set ejection VC at addr 0 to 0
Link specified in placement file.
Changing link to static with placed latencies.
Set lat 17 from 0 to 0
Set ejection VC at addr 0 to 0
Link specified in placement file.
Changing link to static with placed latencies.
Set lat 5 from 0 to 0
Set ejection VC at addr 0 to 0
Link specified in placement file.
Changing link to static with placed latencies.
Set lat 5 from 0 to 0
Set ejection VC at addr 0 to 0
Set ejection VC at addr 0 to 0
Link specified in placement file.
Changing link to static with placed latencies.
Set lat 3 from 0 to 0
Set lat 3 from 0 to 1
Set ejection VC at addr 0 to 0
Set ejection VC at addr 0 to 0
Link specified in placement file.
Changing link to static with placed latencies.
Set lat 4 from 0 to 0
Set lat 5 from 0 to 1
Set ejection VC at addr 0 to 0
Set ejection VC at addr 0 to 0
Link specified in placement file.
Changing link to static with placed latencies.
Set lat 3 from 0 to 0
Set lat 5 from 0 to 1
Set ejection VC at addr 0 to 0
Set ejection VC at addr 0 to 0
Link specified in placement file.
Changing link to static with placed latencies.
Set lat 4 from 0 to 0
Set lat 3 from 0 to 1
Set ejection VC at addr 0 to 0
Set ejection VC at addr 0 to 0
Link specified in placement file.
Changing link to static with placed latencies.
Set lat 5 from 0 to 0
Set lat 4 from 0 to 1
Set ejection VC at addr 0 to 0
Set ejection VC at addr 0 to 0
Link specified in placement file.
Changing link to static with placed latencies.
Set lat 3 from 0 to 0
Set lat 4 from 0 to 1
Set ejection VC at addr 0 to 0
Link specified in placement file.
Changing link to static with placed latencies.
Set lat 4 from 0 to 0
Set ejection VC at addr 0 to 0
Link specified in placement file.
Changing link to static with placed latencies.
Set lat 18 from 0 to 0
Set lat 1 from 0 to 0
Set lat 1 from 0 to 0
Set lat 1 from 0 to 0
Set lat 1 from 0 to 0
Set ejection VC at addr 0 to 0
Set ejection VC at addr 0 to 0
Set ejection VC at addr 0 to 0
Set ejection VC at addr 0 to 0
Link specified in placement file.
Changing link to static with placed latencies.
Set lat 15 from 0 to 0
Set lat 19 from 0 to 1
Set lat 15 from 0 to 2
Set lat 13 from 0 to 3
Set ejection VC at addr 0 to 0
Link specified in placement file.
Changing link to static with placed latencies.
Set lat 8 from 0 to 0
Set ejection VC at addr 0 to 0
Link specified in placement file.
Changing link to static with placed latencies.
Set lat 7 from 0 to 0
Set ejection VC at addr 0 to 0
Link specified in placement file.
Changing link to static with placed latencies.
Set lat 4 from 0 to 0
Set ejection VC at addr 0 to 0
Link specified in placement file.
Changing link to static with placed latencies.
Set lat 3 from 0 to 0
Set ejection VC at addr 0 to 0
Link specified in placement file.
Changing link to static with placed latencies.
Set lat 3 from 0 to 0
Parsed definitions of all elements.
Total of 48 links:
  0: SRAM35
    
  1: RetimingFIFO1850
    
  2: RetimingFIFO1708
    
  3: RetimingFIFO1617
    
  4: RetimingFIFO1789
    
  5: RetimingFIFO1779
    
  6: RetimingFIFO1670
    
  7: RetimingFIFO1589
    
  8: RetimingFIFO1517
    
  9: RetimingFIFO1435
    
  10: RetimingFIFO1860
    
  11: RetimingFIFO1698
    
  12: RetimingFIFO1737
    
  13: StreamOut779
    
  14: StreamOut59
    
  15: StreamOut163
    
  16: SRAM272
    
  17: SRAM269
    
  18: SRAM271
    
  19: SRAM270
    
  20: DramAddress789
    
  21: DramAddress530
    
  22: DramAddress415
    
  23: StreamOut780
    
  24: StreamOut60
    
  25: StreamOut164
    
  26: DramAddress189
    
  27: DramAddress85
    
  28: StreamOut504
    
  29: StreamOut389
    
  30: Reg353_Reg1826
    
  31: Reg351_Reg1755
    
  32: RetimingFIFO1248_RetimingFIFO1272
    
  33: RetimingFIFO1256_RetimingFIFO1280
    
  34: RetimingFIFO1307_RetimingFIFO1331
    
  35: RetimingFIFO1315_RetimingFIFO1339
    
  36: StreamIn782
    
  37: TokenOut967
    
  38: SRAM34
    
  39: SRAM31
    
  40: SRAM32
    
  41: SRAM33
    
  42: TokenIn3614_TokenIn3627_TokenIn3639_TokenIn3651
    
  43: StreamOut781
    
  44: Reg618
    
  45: Reg1869
    
  46: Reg1798
    
  47: Reg620
    
Total of 39 nodes:
  0: CE3861
    [StreamOut60 *4 /1] [StreamOut59 *4 /1]  => [RetimingFIFO1248_RetimingFIFO1272] 
  1: CE3875
    [StreamOut164 *4 /1] [StreamOut163 *4 /1]  => [RetimingFIFO1307_RetimingFIFO1331] 
  2: CE3887
    [StreamOut389 *1 /1]  => [RetimingFIFO1789] 
  3: CE3897
    [StreamOut504 *1 /1]  => [RetimingFIFO1860] 
  4: CE3933
     => [DramAddress789] [DramAddress415] [DramAddress530] [DramAddress85] [DramAddress189] [TokenIn3614_TokenIn3627_TokenIn3639_TokenIn3651] 
  5: CE3949
    [TokenOut967 *1 /1]  => 
  6: CE3969
    [DramAddress85 *16384 /1]  => [StreamOut60] [StreamOut59] 
  7: CE3981
    [TokenIn3614_TokenIn3627_TokenIn3639_TokenIn3651 *65536 /1]  => [RetimingFIFO1256_RetimingFIFO1280] 
  8: CE3993
    [DramAddress189 *16384 /1]  => [StreamOut164] [StreamOut163] 
  9: CE4005
    [TokenIn3614_TokenIn3627_TokenIn3639_TokenIn3651 *65536 /1]  => [RetimingFIFO1315_RetimingFIFO1339] 
  10: CE4017
    [DramAddress789 *16 /1]  => [StreamOut780] [StreamOut779] 
  11: CE4031
    [TokenIn3614_TokenIn3627_TokenIn3639_TokenIn3651 *8192 /1]  => [Reg351_Reg1755] [Reg1798] 
  12: CE4045
    [TokenIn3614_TokenIn3627_TokenIn3639_TokenIn3651 *8192 /1]  => [Reg353_Reg1826] [Reg1869] 
  13: CE4153
    [RetimingFIFO1248_RetimingFIFO1272 *1 /1] [RetimingFIFO1256_RetimingFIFO1280 *1 /1]  => [SRAM31] 
  14: CE4141
    [SRAM31 *2048 /1]  => [RetimingFIFO1435] 
  15: CE4177
    [RetimingFIFO1248_RetimingFIFO1272 *1 /1] [RetimingFIFO1256_RetimingFIFO1280 *1 /1]  => [SRAM32] 
  16: CE4165
    [SRAM32 *2048 /1]  => [RetimingFIFO1517] 
  17: CE4201
    [RetimingFIFO1307_RetimingFIFO1331 *1 /1] [RetimingFIFO1315_RetimingFIFO1339 *1 /1]  => [SRAM33] 
  18: CE4189
    [SRAM33 *2048 /1]  => [RetimingFIFO1589] 
  19: CE4225
    [RetimingFIFO1307_RetimingFIFO1331 *1 /1] [RetimingFIFO1315_RetimingFIFO1339 *1 /1]  => [SRAM34] 
  20: CE4213
    [SRAM34 *2048 /1]  => [RetimingFIFO1670] 
  21: CE4273
    [Reg1798 *4 /1] [RetimingFIFO1789 *1 /1]  => [SRAM269] 
  22: CE4261
    [SRAM269 *4 /1]  => [RetimingFIFO1617] 
  23: CE4297
    [Reg1869 *4 /1] [RetimingFIFO1860 *1 /1]  => [SRAM270] 
  24: CE4285
    [SRAM270 *4 /1]  => [RetimingFIFO1698] 
  25: CE4059
    [RetimingFIFO1589 *1 /1] [RetimingFIFO1617 *1 /1]  => [Reg618] 
  26: CE4073
    [RetimingFIFO1670 *1 /1] [RetimingFIFO1698 *1 /1]  => [Reg620] 
  27: CE4323
    [RetimingFIFO1435 *1 /1]  => [SRAM271] 
  28: CE4311
    [SRAM271 *4 /1] [Reg351_Reg1755 *4 /1]  => [RetimingFIFO1779] 
  29: CE4347
    [RetimingFIFO1517 *1 /1]  => [SRAM272] 
  30: CE4335
    [SRAM272 *4 /1] [Reg353_Reg1826 *4 /1]  => [RetimingFIFO1850] 
  31: CE4085
    [Reg618 *1 /1]  => [RetimingFIFO1708] 
  32: CE4095
    [Reg620 *1 /1]  => [RetimingFIFO1737] 
  33: CE4109
    [DramAddress415 *32768 /1] [Reg351_Reg1755 *4 /1] [RetimingFIFO1779 *1 /1]  => [StreamOut389] 
  34: CE4127
    [DramAddress530 *32768 /1] [Reg353_Reg1826 *4 /1] [RetimingFIFO1850 *1 /1]  => [StreamOut504] 
  35: CE4249
    [RetimingFIFO1708 *1 /1] [RetimingFIFO1737 *1 /1]  => [SRAM35] 
  36: CE4237
    [SRAM35 *64 /1]  => [StreamOut781] 
  37: CE3911
    [StreamOut780 *64 /1] [StreamOut781 *1 /1] [StreamOut779 *64 /1]  => [StreamIn782] 
  38: CE3957
    [StreamIn782 *1 /1]  => [TokenOut967] 

10000...
WARNING: Unrequested DRAM token returned!
WARNING: Unrequested DRAM token returned!
WARNING: Unrequested DRAM token returned!
WARNING: Unrequested DRAM token returned!
WARNING: Unrequested DRAM token returned!
WARNING: Unrequested DRAM token returned!
WARNING: Unrequested DRAM token returned!
WARNING: Unrequested DRAM token returned!
WARNING: Unrequested DRAM token returned!
WARNING: Unrequested DRAM token returned!
WARNING: Unrequested DRAM token returned!
WARNING: Unrequested DRAM token returned!
WARNING: Unrequested DRAM token returned!
20000...
WARNING: Unrequested DRAM token returned!
WARNING: Unrequested DRAM token returned!
WARNING: Unrequested DRAM token returned!
WARNING: Unrequested DRAM token returned!
WARNING: Unrequested DRAM token returned!
WARNING: Unrequested DRAM token returned!
WARNING: Unrequested DRAM token returned!
WARNING: Unrequested DRAM token returned!
WARNING: Unrequested DRAM token returned!
WARNING: Unrequested DRAM token returned!
WARNING: Unrequested DRAM token returned!
WARNING: Unrequested DRAM token returned!
WARNING: Unrequested DRAM token returned!
30000...
WARNING: Unrequested DRAM token returned!
WARNING: Unrequested DRAM token returned!
WARNING: Unrequested DRAM token returned!
WARNING: Unrequested DRAM token returned!
WARNING: Unrequested DRAM token returned!
WARNING: Unrequested DRAM token returned!
WARNING: Unrequested DRAM token returned!
WARNING: Unrequested DRAM token returned!
WARNING: Unrequested DRAM token returned!
WARNING: Unrequested DRAM token returned!
WARNING: Unrequested DRAM token returned!
WARNING: Unrequested DRAM token returned!
WARNING: Unrequested DRAM token returned!
40000...
WARNING: Unrequested DRAM token returned!
WARNING: Unrequested DRAM token returned!
WARNING: Unrequested DRAM token returned!
WARNING: Unrequested DRAM token returned!
WARNING: Unrequested DRAM token returned!
WARNING: Unrequested DRAM token returned!
WARNING: Unrequested DRAM token returned!
WARNING: Unrequested DRAM token returned!
WARNING: Unrequested DRAM token returned!
WARNING: Unrequested DRAM token returned!
WARNING: Unrequested DRAM token returned!
WARNING: Unrequested DRAM token returned!
WARNING: Unrequested DRAM token returned!
WARNING: Unrequested DRAM token returned!
WARNING: Unrequested DRAM token returned!
WARNING: Unrequested DRAM token returned!
WARNING: Unrequested DRAM token returned!
WARNING: Unrequested DRAM token returned!
WARNING: Unrequested DRAM token returned!
50000...
WARNING: Unrequested DRAM token returned!
WARNING: Unrequested DRAM token returned!
WARNING: Unrequested DRAM token returned!
WARNING: Unrequested DRAM token returned!
WARNING: Unrequested DRAM token returned!
WARNING: Unrequested DRAM token returned!
WARNING: Unrequested DRAM token returned!
WARNING: Unrequested DRAM token returned!
WARNING: Unrequested DRAM token returned!
WARNING: Unrequested DRAM token returned!
WARNING: Unrequested DRAM token returned!
WARNING: Unrequested DRAM token returned!
WARNING: Unrequested DRAM token returned!
60000...
WARNING: Unrequested DRAM token returned!
WARNING: Unrequested DRAM token returned!
WARNING: Unrequested DRAM token returned!
WARNING: Unrequested DRAM token returned!
WARNING: Unrequested DRAM token returned!
WARNING: Unrequested DRAM token returned!
WARNING: Unrequested DRAM token returned!
WARNING: Unrequested DRAM token returned!
WARNING: Unrequested DRAM token returned!
WARNING: Unrequested DRAM token returned!
WARNING: Unrequested DRAM token returned!
WARNING: Unrequested DRAM token returned!
WARNING: Unrequested DRAM token returned!
WARNING: Unrequested DRAM token returned!
WARNING: Unrequested DRAM token returned!
70000...
WARNING: Unrequested DRAM token returned!
WARNING: Unrequested DRAM token returned!
WARNING: Unrequested DRAM token returned!
WARNING: Unrequested DRAM token returned!
WARNING: Unrequested DRAM token returned!
WARNING: Unrequested DRAM token returned!
WARNING: Unrequested DRAM token returned!
WARNING: Unrequested DRAM token returned!
WARNING: Unrequested DRAM token returned!
WARNING: Unrequested DRAM token returned!
WARNING: Unrequested DRAM token returned!
WARNING: Unrequested DRAM token returned!
WARNING: Unrequested DRAM token returned!
WARNING: Unrequested DRAM token returned!
WARNING: Unrequested DRAM token returned!
WARNING: Unrequested DRAM token returned!
WARNING: Unrequested DRAM token returned!
80000...
WARNING: Unrequested DRAM token returned!
WARNING: Unrequested DRAM token returned!
WARNING: Unrequested DRAM token returned!
WARNING: Unrequested DRAM token returned!
WARNING: Unrequested DRAM token returned!
WARNING: Unrequested DRAM token returned!
WARNING: Unrequested DRAM token returned!
WARNING: Unrequested DRAM token returned!
WARNING: Unrequested DRAM token returned!
WARNING: Unrequested DRAM token returned!
WARNING: Unrequested DRAM token returned!
WARNING: Unrequested DRAM token returned!
WARNING: Unrequested DRAM token returned!
WARNING: Unrequested DRAM token returned!
WARNING: Unrequested DRAM token returned!
WARNING: Unrequested DRAM token returned!
WARNING: Unrequested DRAM token returned!
WARNING: Unrequested DRAM token returned!
WARNING: Unrequested DRAM token returned!
WARNING: Unrequested DRAM token returned!
WARNING: Unrequested DRAM token returned!
WARNING: Unrequested DRAM token returned!
WARNING: Unrequested DRAM token returned!
90000...
WARNING: Unrequested DRAM token returned!
WARNING: Unrequested DRAM token returned!
WARNING: Unrequested DRAM token returned!
WARNING: Unrequested DRAM token returned!
WARNING: Unrequested DRAM token returned!
WARNING: Unrequested DRAM token returned!
WARNING: Unrequested DRAM token returned!
WARNING: Unrequested DRAM token returned!
WARNING: Unrequested DRAM token returned!
WARNING: Unrequested DRAM token returned!
WARNING: Unrequested DRAM token returned!
WARNING: Unrequested DRAM token returned!
WARNING: Unrequested DRAM token returned!
WARNING: Unrequested DRAM token returned!
WARNING: Unrequested DRAM token returned!
WARNING: Unrequested DRAM token returned!
100000...
WARNING: Unrequested DRAM token returned!
WARNING: Unrequested DRAM token returned!
WARNING: Unrequested DRAM token returned!
WARNING: Unrequested DRAM token returned!
WARNING: Unrequested DRAM token returned!
WARNING: Unrequested DRAM token returned!
WARNING: Unrequested DRAM token returned!
WARNING: Unrequested DRAM token returned!
WARNING: Unrequested DRAM token returned!
WARNING: Unrequested DRAM token returned!
WARNING: Unrequested DRAM token returned!
WARNING: Unrequested DRAM token returned!
WARNING: Unrequested DRAM token returned!
WARNING: Unrequested DRAM token returned!
110000...
WARNING: Unrequested DRAM token returned!
WARNING: Unrequested DRAM token returned!
WARNING: Unrequested DRAM token returned!
WARNING: Unrequested DRAM token returned!
WARNING: Unrequested DRAM token returned!
WARNING: Unrequested DRAM token returned!
WARNING: Unrequested DRAM token returned!
WARNING: Unrequested DRAM token returned!
WARNING: Unrequested DRAM token returned!
WARNING: Unrequested DRAM token returned!
WARNING: Unrequested DRAM token returned!
WARNING: Unrequested DRAM token returned!
WARNING: Unrequested DRAM token returned!
WARNING: Unrequested DRAM token returned!
WARNING: Unrequested DRAM token returned!
WARNING: Unrequested DRAM token returned!
WARNING: Unrequested DRAM token returned!
WARNING: Unrequested DRAM token returned!
WARNING: Unrequested DRAM token returned!
WARNING: Unrequested DRAM token returned!
WARNING: Unrequested DRAM token returned!
WARNING: Unrequested DRAM token returned!
WARNING: Unrequested DRAM token returned!
WARNING: Unrequested DRAM token returned!
WARNING: Unrequested DRAM token returned!
WARNING: Unrequested DRAM token returned!
WARNING: Unrequested DRAM token returned!
WARNING: Unrequested DRAM token returned!
WARNING: Unrequested DRAM token returned!
WARNING: Unrequested DRAM token returned!
WARNING: Unrequested DRAM token returned!
120000...
WARNING: Unrequested DRAM token returned!
WARNING: Unrequested DRAM token returned!
WARNING: Unrequested DRAM token returned!
WARNING: Unrequested DRAM token returned!
WARNING: Unrequested DRAM token returned!
WARNING: Unrequested DRAM token returned!
WARNING: Unrequested DRAM token returned!
WARNING: Unrequested DRAM token returned!
WARNING: Unrequested DRAM token returned!
WARNING: Unrequested DRAM token returned!
WARNING: Unrequested DRAM token returned!
WARNING: Unrequested DRAM token returned!
WARNING: Unrequested DRAM token returned!
WARNING: Unrequested DRAM token returned!
WARNING: Unrequested DRAM token returned!
WARNING: Unrequested DRAM token returned!
WARNING: Unrequested DRAM token returned!
WARNING: Unrequested DRAM token returned!
WARNING: Unrequested DRAM token returned!
130000...
WARNING: Unrequested DRAM token returned!
WARNING: Unrequested DRAM token returned!
WARNING: Unrequested DRAM token returned!
WARNING: Unrequested DRAM token returned!
WARNING: Unrequested DRAM token returned!
WARNING: Unrequested DRAM token returned!
WARNING: Unrequested DRAM token returned!
WARNING: Unrequested DRAM token returned!
WARNING: Unrequested DRAM token returned!
WARNING: Unrequested DRAM token returned!
WARNING: Unrequested DRAM token returned!
WARNING: Unrequested DRAM token returned!
WARNING: Unrequested DRAM token returned!
WARNING: Unrequested DRAM token returned!
WARNING: Unrequested DRAM token returned!
WARNING: Unrequested DRAM token returned!
WARNING: Unrequested DRAM token returned!
WARNING: Unrequested DRAM token returned!
WARNING: Unrequested DRAM token returned!
WARNING: Unrequested DRAM token returned!
WARNING: Unrequested DRAM token returned!
WARNING: Unrequested DRAM token returned!
WARNING: Unrequested DRAM token returned!
WARNING: Unrequested DRAM token returned!
WARNING: Unrequested DRAM token returned!
WARNING: Unrequested DRAM token returned!
WARNING: Unrequested DRAM token returned!
WARNING: Unrequested DRAM token returned!
WARNING: Unrequested DRAM token returned!
WARNING: Unrequested DRAM token returned!
140000...
WARNING: Unrequested DRAM token returned!
WARNING: Unrequested DRAM token returned!
WARNING: Unrequested DRAM token returned!
WARNING: Unrequested DRAM token returned!
WARNING: Unrequested DRAM token returned!
WARNING: Unrequested DRAM token returned!
WARNING: Unrequested DRAM token returned!
WARNING: Unrequested DRAM token returned!
WARNING: Unrequested DRAM token returned!
WARNING: Unrequested DRAM token returned!
WARNING: Unrequested DRAM token returned!
WARNING: Unrequested DRAM token returned!
WARNING: Unrequested DRAM token returned!
WARNING: Unrequested DRAM token returned!
WARNING: Unrequested DRAM token returned!
WARNING: Unrequested DRAM token returned!
WARNING: Unrequested DRAM token returned!
WARNING: Unrequested DRAM token returned!
WARNING: Unrequested DRAM token returned!
WARNING: Unrequested DRAM token returned!
WARNING: Unrequested DRAM token returned!
WARNING: Unrequested DRAM token returned!
WARNING: Unrequested DRAM token returned!
WARNING: Unrequested DRAM token returned!
WARNING: Unrequested DRAM token returned!
WARNING: Unrequested DRAM token returned!
WARNING: Unrequested DRAM token returned!
150000...
WARNING: Unrequested DRAM token returned!
WARNING: Unrequested DRAM token returned!
WARNING: Unrequested DRAM token returned!
WARNING: Unrequested DRAM token returned!
WARNING: Unrequested DRAM token returned!
WARNING: Unrequested DRAM token returned!
WARNING: Unrequested DRAM token returned!
WARNING: Unrequested DRAM token returned!
WARNING: Unrequested DRAM token returned!
WARNING: Unrequested DRAM token returned!
WARNING: Unrequested DRAM token returned!
WARNING: Unrequested DRAM token returned!
WARNING: Unrequested DRAM token returned!
WARNING: Unrequested DRAM token returned!
WARNING: Unrequested DRAM token returned!
WARNING: Unrequested DRAM token returned!
WARNING: Unrequested DRAM token returned!
WARNING: Unrequested DRAM token returned!
WARNING: Unrequested DRAM token returned!
160000...
WARNING: Unrequested DRAM token returned!
WARNING: Unrequested DRAM token returned!
WARNING: Unrequested DRAM token returned!
WARNING: Unrequested DRAM token returned!
WARNING: Unrequested DRAM token returned!
WARNING: Unrequested DRAM token returned!
WARNING: Unrequested DRAM token returned!
WARNING: Unrequested DRAM token returned!
WARNING: Unrequested DRAM token returned!
WARNING: Unrequested DRAM token returned!
WARNING: Unrequested DRAM token returned!
WARNING: Unrequested DRAM token returned!
WARNING: Unrequested DRAM token returned!
WARNING: Unrequested DRAM token returned!
WARNING: Unrequested DRAM token returned!
WARNING: Unrequested DRAM token returned!
WARNING: Unrequested DRAM token returned!
WARNING: Unrequested DRAM token returned!
WARNING: Unrequested DRAM token returned!
WARNING: Unrequested DRAM token returned!
WARNING: Unrequested DRAM token returned!
WARNING: Unrequested DRAM token returned!
WARNING: Unrequested DRAM token returned!
WARNING: Unrequested DRAM token returned!
WARNING: Unrequested DRAM token returned!
WARNING: Unrequested DRAM token returned!
WARNING: Unrequested DRAM token returned!
WARNING: Unrequested DRAM token returned!
WARNING: Unrequested DRAM token returned!
WARNING: Unrequested DRAM token returned!
WARNING: Unrequested DRAM token returned!
WARNING: Unrequested DRAM token returned!
170000...
WARNING: Unrequested DRAM token returned!
WARNING: Unrequested DRAM token returned!
WARNING: Unrequested DRAM token returned!
WARNING: Unrequested DRAM token returned!
WARNING: Unrequested DRAM token returned!
WARNING: Unrequested DRAM token returned!
WARNING: Unrequested DRAM token returned!
WARNING: Unrequested DRAM token returned!
WARNING: Unrequested DRAM token returned!
WARNING: Unrequested DRAM token returned!
WARNING: Unrequested DRAM token returned!
WARNING: Unrequested DRAM token returned!
WARNING: Unrequested DRAM token returned!
WARNING: Unrequested DRAM token returned!
WARNING: Unrequested DRAM token returned!
WARNING: Unrequested DRAM token returned!
WARNING: Unrequested DRAM token returned!
WARNING: Unrequested DRAM token returned!
WARNING: Unrequested DRAM token returned!
WARNING: Unrequested DRAM token returned!
WARNING: Unrequested DRAM token returned!
WARNING: Unrequested DRAM token returned!
WARNING: Unrequested DRAM token returned!
WARNING: Unrequested DRAM token returned!
WARNING: Unrequested DRAM token returned!
WARNING: Unrequested DRAM token returned!
180000...
WARNING: Unrequested DRAM token returned!
WARNING: Unrequested DRAM token returned!
WARNING: Unrequested DRAM token returned!
WARNING: Unrequested DRAM token returned!
WARNING: Unrequested DRAM token returned!
WARNING: Unrequested DRAM token returned!
WARNING: Unrequested DRAM token returned!
WARNING: Unrequested DRAM token returned!
WARNING: Unrequested DRAM token returned!
WARNING: Unrequested DRAM token returned!
WARNING: Unrequested DRAM token returned!
WARNING: Unrequested DRAM token returned!
WARNING: Unrequested DRAM token returned!
WARNING: Unrequested DRAM token returned!
WARNING: Unrequested DRAM token returned!
WARNING: Unrequested DRAM token returned!
WARNING: Unrequested DRAM token returned!
WARNING: Unrequested DRAM token returned!
WARNING: Unrequested DRAM token returned!
190000...
WARNING: Unrequested DRAM token returned!
WARNING: Unrequested DRAM token returned!
WARNING: Unrequested DRAM token returned!
WARNING: Unrequested DRAM token returned!
WARNING: Unrequested DRAM token returned!
WARNING: Unrequested DRAM token returned!
WARNING: Unrequested DRAM token returned!
WARNING: Unrequested DRAM token returned!
WARNING: Unrequested DRAM token returned!
WARNING: Unrequested DRAM token returned!
WARNING: Unrequested DRAM token returned!
WARNING: Unrequested DRAM token returned!
WARNING: Unrequested DRAM token returned!
WARNING: Unrequested DRAM token returned!
WARNING: Unrequested DRAM token returned!
WARNING: Unrequested DRAM token returned!
WARNING: Unrequested DRAM token returned!
WARNING: Unrequested DRAM token returned!
WARNING: Unrequested DRAM token returned!
WARNING: Unrequested DRAM token returned!
200000...
WARNING: Unrequested DRAM token returned!
WARNING: Unrequested DRAM token returned!
WARNING: Unrequested DRAM token returned!
WARNING: Unrequested DRAM token returned!
WARNING: Unrequested DRAM token returned!
WARNING: Unrequested DRAM token returned!
WARNING: Unrequested DRAM token returned!
WARNING: Unrequested DRAM token returned!
WARNING: Unrequested DRAM token returned!
WARNING: Unrequested DRAM token returned!
WARNING: Unrequested DRAM token returned!
WARNING: Unrequested DRAM token returned!
WARNING: Unrequested DRAM token returned!
WARNING: Unrequested DRAM token returned!
WARNING: Unrequested DRAM token returned!
WARNING: Unrequested DRAM token returned!
WARNING: Unrequested DRAM token returned!
WARNING: Unrequested DRAM token returned!
WARNING: Unrequested DRAM token returned!
WARNING: Unrequested DRAM token returned!
WARNING: Unrequested DRAM token returned!
WARNING: Unrequested DRAM token returned!
WARNING: Unrequested DRAM token returned!
WARNING: Unrequested DRAM token returned!
WARNING: Unrequested DRAM token returned!
210000...
WARNING: Unrequested DRAM token returned!
WARNING: Unrequested DRAM token returned!
WARNING: Unrequested DRAM token returned!
WARNING: Unrequested DRAM token returned!
WARNING: Unrequested DRAM token returned!
WARNING: Unrequested DRAM token returned!
WARNING: Unrequested DRAM token returned!
WARNING: Unrequested DRAM token returned!
WARNING: Unrequested DRAM token returned!
WARNING: Unrequested DRAM token returned!
WARNING: Unrequested DRAM token returned!
WARNING: Unrequested DRAM token returned!
WARNING: Unrequested DRAM token returned!
WARNING: Unrequested DRAM token returned!
WARNING: Unrequested DRAM token returned!
WARNING: Unrequested DRAM token returned!
WARNING: Unrequested DRAM token returned!
WARNING: Unrequested DRAM token returned!
WARNING: Unrequested DRAM token returned!
WARNING: Unrequested DRAM token returned!
220000...
WARNING: Unrequested DRAM token returned!
WARNING: Unrequested DRAM token returned!
WARNING: Unrequested DRAM token returned!
WARNING: Unrequested DRAM token returned!
WARNING: Unrequested DRAM token returned!
WARNING: Unrequested DRAM token returned!
WARNING: Unrequested DRAM token returned!
WARNING: Unrequested DRAM token returned!
WARNING: Unrequested DRAM token returned!
WARNING: Unrequested DRAM token returned!
WARNING: Unrequested DRAM token returned!
WARNING: Unrequested DRAM token returned!
WARNING: Unrequested DRAM token returned!
WARNING: Unrequested DRAM token returned!
WARNING: Unrequested DRAM token returned!
WARNING: Unrequested DRAM token returned!
WARNING: Unrequested DRAM token returned!
WARNING: Unrequested DRAM token returned!
WARNING: Unrequested DRAM token returned!
WARNING: Unrequested DRAM token returned!
WARNING: Unrequested DRAM token returned!
WARNING: Unrequested DRAM token returned!
WARNING: Unrequested DRAM token returned!
WARNING: Unrequested DRAM token returned!
WARNING: Unrequested DRAM token returned!
WARNING: Unrequested DRAM token returned!
WARNING: Unrequested DRAM token returned!
WARNING: Unrequested DRAM token returned!
WARNING: Unrequested DRAM token returned!
WARNING: Unrequested DRAM token returned!
WARNING: Unrequested DRAM token returned!
WARNING: Unrequested DRAM token returned!
WARNING: Unrequested DRAM token returned!
WARNING: Unrequested DRAM token returned!
WARNING: Unrequested DRAM token returned!
WARNING: Unrequested DRAM token returned!
WARNING: Unrequested DRAM token returned!
230000...
WARNING: Unrequested DRAM token returned!
WARNING: Unrequested DRAM token returned!
WARNING: Unrequested DRAM token returned!
WARNING: Unrequested DRAM token returned!
WARNING: Unrequested DRAM token returned!
WARNING: Unrequested DRAM token returned!
WARNING: Unrequested DRAM token returned!
WARNING: Unrequested DRAM token returned!
WARNING: Unrequested DRAM token returned!
WARNING: Unrequested DRAM token returned!
WARNING: Unrequested DRAM token returned!
WARNING: Unrequested DRAM token returned!
WARNING: Unrequested DRAM token returned!
WARNING: Unrequested DRAM token returned!
240000...
WARNING: Unrequested DRAM token returned!
WARNING: Unrequested DRAM token returned!
WARNING: Unrequested DRAM token returned!
WARNING: Unrequested DRAM token returned!
WARNING: Unrequested DRAM token returned!
WARNING: Unrequested DRAM token returned!
WARNING: Unrequested DRAM token returned!
WARNING: Unrequested DRAM token returned!
WARNING: Unrequested DRAM token returned!
WARNING: Unrequested DRAM token returned!
WARNING: Unrequested DRAM token returned!
WARNING: Unrequested DRAM token returned!
WARNING: Unrequested DRAM token returned!
WARNING: Unrequested DRAM token returned!
WARNING: Unrequested DRAM token returned!
WARNING: Unrequested DRAM token returned!
WARNING: Unrequested DRAM token returned!
WARNING: Unrequested DRAM token returned!
WARNING: Unrequested DRAM token returned!
WARNING: Unrequested DRAM token returned!
WARNING: Unrequested DRAM token returned!
WARNING: Unrequested DRAM token returned!
WARNING: Unrequested DRAM token returned!
WARNING: Unrequested DRAM token returned!
WARNING: Unrequested DRAM token returned!
WARNING: Unrequested DRAM token returned!
WARNING: Unrequested DRAM token returned!
WARNING: Unrequested DRAM token returned!
WARNING: Unrequested DRAM token returned!
WARNING: Unrequested DRAM token returned!
250000...
WARNING: Unrequested DRAM token returned!
WARNING: Unrequested DRAM token returned!
WARNING: Unrequested DRAM token returned!
WARNING: Unrequested DRAM token returned!
WARNING: Unrequested DRAM token returned!
WARNING: Unrequested DRAM token returned!
WARNING: Unrequested DRAM token returned!
WARNING: Unrequested DRAM token returned!
WARNING: Unrequested DRAM token returned!
WARNING: Unrequested DRAM token returned!
WARNING: Unrequested DRAM token returned!
WARNING: Unrequested DRAM token returned!
WARNING: Unrequested DRAM token returned!
WARNING: Unrequested DRAM token returned!
WARNING: Unrequested DRAM token returned!
WARNING: Unrequested DRAM token returned!
WARNING: Unrequested DRAM token returned!
WARNING: Unrequested DRAM token returned!
WARNING: Unrequested DRAM token returned!
WARNING: Unrequested DRAM token returned!
WARNING: Unrequested DRAM token returned!
WARNING: Unrequested DRAM token returned!
WARNING: Unrequested DRAM token returned!
WARNING: Unrequested DRAM token returned!
WARNING: Unrequested DRAM token returned!
260000...
WARNING: Unrequested DRAM token returned!
WARNING: Unrequested DRAM token returned!
WARNING: Unrequested DRAM token returned!
WARNING: Unrequested DRAM token returned!
WARNING: Unrequested DRAM token returned!
WARNING: Unrequested DRAM token returned!
WARNING: Unrequested DRAM token returned!
WARNING: Unrequested DRAM token returned!
WARNING: Unrequested DRAM token returned!
WARNING: Unrequested DRAM token returned!
WARNING: Unrequested DRAM token returned!
WARNING: Unrequested DRAM token returned!
WARNING: Unrequested DRAM token returned!
WARNING: Unrequested DRAM token returned!
WARNING: Unrequested DRAM token returned!
WARNING: Unrequested DRAM token returned!
WARNING: Unrequested DRAM token returned!
WARNING: Unrequested DRAM token returned!
WARNING: Unrequested DRAM token returned!
WARNING: Unrequested DRAM token returned!
WARNING: Unrequested DRAM token returned!
WARNING: Unrequested DRAM token returned!
WARNING: Unrequested DRAM token returned!
WARNING: Unrequested DRAM token returned!
WARNING: Unrequested DRAM token returned!
WARNING: Unrequested DRAM token returned!
WARNING: Unrequested DRAM token returned!
WARNING: Unrequested DRAM token returned!
WARNING: Unrequested DRAM token returned!
WARNING: Unrequested DRAM token returned!
WARNING: Unrequested DRAM token returned!
WARNING: Unrequested DRAM token returned!
WARNING: Unrequested DRAM token returned!
WARNING: Unrequested DRAM token returned!
WARNING: Unrequested DRAM token returned!
WARNING: Unrequested DRAM token returned!
WARNING: Unrequested DRAM token returned!
WARNING: Unrequested DRAM token returned!
WARNING: Unrequested DRAM token returned!
WARNING: Unrequested DRAM token returned!
WARNING: Unrequested DRAM token returned!
270000...
WARNING: Unrequested DRAM token returned!
WARNING: Unrequested DRAM token returned!
WARNING: Unrequested DRAM token returned!
WARNING: Unrequested DRAM token returned!
WARNING: Unrequested DRAM token returned!
WARNING: Unrequested DRAM token returned!
WARNING: Unrequested DRAM token returned!
WARNING: Unrequested DRAM token returned!
WARNING: Unrequested DRAM token returned!
WARNING: Unrequested DRAM token returned!
WARNING: Unrequested DRAM token returned!
WARNING: Unrequested DRAM token returned!
WARNING: Unrequested DRAM token returned!
WARNING: Unrequested DRAM token returned!
WARNING: Unrequested DRAM token returned!
WARNING: Unrequested DRAM token returned!
WARNING: Unrequested DRAM token returned!
WARNING: Unrequested DRAM token returned!
WARNING: Unrequested DRAM token returned!
WARNING: Unrequested DRAM token returned!
WARNING: Unrequested DRAM token returned!
WARNING: Unrequested DRAM token returned!
WARNING: Unrequested DRAM token returned!
WARNING: Unrequested DRAM token returned!
WARNING: Unrequested DRAM token returned!
WARNING: Unrequested DRAM token returned!
WARNING: Unrequested DRAM token returned!
280000...
WARNING: Unrequested DRAM token returned!
WARNING: Unrequested DRAM token returned!
WARNING: Unrequested DRAM token returned!
WARNING: Unrequested DRAM token returned!
WARNING: Unrequested DRAM token returned!
WARNING: Unrequested DRAM token returned!
WARNING: Unrequested DRAM token returned!
WARNING: Unrequested DRAM token returned!
WARNING: Unrequested DRAM token returned!
WARNING: Unrequested DRAM token returned!
WARNING: Unrequested DRAM token returned!
WARNING: Unrequested DRAM token returned!
WARNING: Unrequested DRAM token returned!
WARNING: Unrequested DRAM token returned!
WARNING: Unrequested DRAM token returned!
WARNING: Unrequested DRAM token returned!
WARNING: Unrequested DRAM token returned!
WARNING: Unrequested DRAM token returned!
WARNING: Unrequested DRAM token returned!
WARNING: Unrequested DRAM token returned!
WARNING: Unrequested DRAM token returned!
WARNING: Unrequested DRAM token returned!
WARNING: Unrequested DRAM token returned!
WARNING: Unrequested DRAM token returned!
WARNING: Unrequested DRAM token returned!
WARNING: Unrequested DRAM token returned!
WARNING: Unrequested DRAM token returned!
WARNING: Unrequested DRAM token returned!
WARNING: Unrequested DRAM token returned!
WARNING: Unrequested DRAM token returned!
WARNING: Unrequested DRAM token returned!
WARNING: Unrequested DRAM token returned!
WARNING: Unrequested DRAM token returned!
WARNING: Unrequested DRAM token returned!
290000...
WARNING: Unrequested DRAM token returned!
WARNING: Unrequested DRAM token returned!
WARNING: Unrequested DRAM token returned!
WARNING: Unrequested DRAM token returned!
WARNING: Unrequested DRAM token returned!
WARNING: Unrequested DRAM token returned!
WARNING: Unrequested DRAM token returned!
WARNING: Unrequested DRAM token returned!
WARNING: Unrequested DRAM token returned!
WARNING: Unrequested DRAM token returned!
WARNING: Unrequested DRAM token returned!
WARNING: Unrequested DRAM token returned!
WARNING: Unrequested DRAM token returned!
WARNING: Unrequested DRAM token returned!
WARNING: Unrequested DRAM token returned!
WARNING: Unrequested DRAM token returned!
WARNING: Unrequested DRAM token returned!
WARNING: Unrequested DRAM token returned!
WARNING: Unrequested DRAM token returned!
WARNING: Unrequested DRAM token returned!
WARNING: Unrequested DRAM token returned!
WARNING: Unrequested DRAM token returned!
WARNING: Unrequested DRAM token returned!
WARNING: Unrequested DRAM token returned!
WARNING: Unrequested DRAM token returned!
WARNING: Unrequested DRAM token returned!
WARNING: Unrequested DRAM token returned!
WARNING: Unrequested DRAM token returned!
WARNING: Unrequested DRAM token returned!
300000...
WARNING: Unrequested DRAM token returned!
WARNING: Unrequested DRAM token returned!
WARNING: Unrequested DRAM token returned!
WARNING: Unrequested DRAM token returned!
WARNING: Unrequested DRAM token returned!
WARNING: Unrequested DRAM token returned!
Simulation complete at cycle: 302154
[[32mpsim[0m] Simulation complete at cycle: 302154
CE3861: Active:  21.7 Stalled:  47.6 Starved:  20.5 Total Active:    65536 Total Output:    65536 Expected Active:    65536 Last Activity: 61854 
	   65536    65536 
	DRAM:  13.88 GB/s ( 13.88 GB/s R,   0.00 GB/s W)
	ROB remaining: 0
CE3875: Active:  21.7 Stalled:  47.9 Starved:  20.4 Total Active:    65536 Total Output:    65536 Expected Active:    65536 Last Activity: 61514 
	   65536    65536 
	DRAM:  13.88 GB/s ( 13.88 GB/s R,   0.00 GB/s W)
	ROB remaining: 0
CE3887: Active:  10.8 Stalled:  15.0 Starved:  84.1 Total Active:    32768 Total Output:    32768 Expected Active:    32768 Last Activity: 621 
	   32768 
	DRAM:   4.03 GB/s (  4.03 GB/s R,   0.00 GB/s W)
	ROB remaining: 0
CE3897: Active:  10.8 Stalled:  12.8 Starved:  85.3 Total Active:    32768 Total Output:    32768 Expected Active:    32768 Last Activity: 297 
	   32768 
	DRAM:   3.99 GB/s (  3.99 GB/s R,   0.00 GB/s W)
	ROB remaining: 0
CE3933: Active:   0.0 Stalled:   0.0 Starved: 100.0 Total Active:        1 Total Output:        1 Expected Active:        1 Last Activity: 302153 
	
CE3949: Active:   0.0 Stalled:   0.0 Starved: 100.0 Total Active:        1 Total Output:        1 Expected Active:        1 Last Activity: 1 
	       1 
CE3969: Active:   5.4 Stalled:  74.0 Starved:  20.6 Total Active:    16384 Total Output:    16384 Expected Active:    16384 Last Activity: 62088 
	   16384 
CE3981: Active:  21.7 Stalled:  58.1 Starved:  20.3 Total Active:    65536 Total Output:    65536 Expected Active:    65536 Last Activity: 61189 
	   65536 
CE3993: Active:   5.4 Stalled:  74.1 Starved:  20.5 Total Active:    16384 Total Output:    16384 Expected Active:    16384 Last Activity: 61792 
	   16384 
CE4005: Active:  21.7 Stalled:  58.1 Starved:  20.2 Total Active:    65536 Total Output:    65536 Expected Active:    65536 Last Activity: 60894 
	   65536 
CE4017: Active:   0.0 Stalled:   0.0 Starved: 100.0 Total Active:       16 Total Output:       16 Expected Active:       16 Last Activity: 302100 
	      16 
CE4031: Active:   2.7 Stalled:  97.1 Starved:   0.3 Total Active:     8192 Total Output:     8192 Expected Active:     8192 Last Activity: 788 
	    8192 
CE4045: Active:   2.7 Stalled:  97.2 Starved:   0.1 Total Active:     8192 Total Output:     8192 Expected Active:     8192 Last Activity: 394 
	    8192 
CE4153: Active:  21.7 Stalled:  17.3 Starved:  63.0 Total Active:    65536 Total Output:    65536 Expected Active:    65536 Last Activity: 61094 
	   65536    65536 
CE4141: Active:  10.8 Stalled:  85.3 Starved:   3.9 Total Active:    32768 Total Output:    32768 Expected Active:    32768 Last Activity: 833 
	   32768 
CE4177: Active:  21.7 Stalled:  17.7 Starved:  62.7 Total Active:    65536 Total Output:    65536 Expected Active:    65536 Last Activity: 61092 
	   65536    65536 
CE4165: Active:  10.8 Stalled:  85.4 Starved:   3.8 Total Active:    32768 Total Output:    32768 Expected Active:    32768 Last Activity: 437 
	   32768 
CE4201: Active:  21.7 Stalled:  17.6 Starved:  62.7 Total Active:    65536 Total Output:    65536 Expected Active:    65536 Last Activity: 60868 
	   65536    65536 
CE4189: Active:  10.8 Stalled:  85.5 Starved:   3.7 Total Active:    32768 Total Output:    32768 Expected Active:    32768 Last Activity: 478 
	   32768 
CE4225: Active:  21.7 Stalled:  18.1 Starved:  62.3 Total Active:    65536 Total Output:    65536 Expected Active:    65536 Last Activity: 60869 
	   65536    65536 
CE4213: Active:  10.8 Stalled:  85.5 Starved:   3.6 Total Active:    32768 Total Output:    32768 Expected Active:    32768 Last Activity: 252 
	   32768 
CE4273: Active:  10.8 Stalled:   5.1 Starved:  85.4 Total Active:    32768 Total Output:    32768 Expected Active:    32768 Last Activity: 548 
	   32768    32768 
CE4261: Active:  10.8 Stalled:  41.3 Starved:  56.7 Total Active:    32768 Total Output:    32768 Expected Active:    32768 Last Activity: 469 
	   32768 
CE4297: Active:  10.8 Stalled:   0.4 Starved:  88.9 Total Active:    32768 Total Output:    32768 Expected Active:    32768 Last Activity: 253 
	   32768    32768 
CE4285: Active:  10.8 Stalled:   3.2 Starved:  86.6 Total Active:    32768 Total Output:    32768 Expected Active:    32768 Last Activity: 244 
	   32768 
CE4059: Active:  10.8 Stalled:  26.4 Starved:  66.9 Total Active:    32768 Total Output:    32768 Expected Active:    32768 Last Activity: 444 
	   32768    32768 
CE4073: Active:  10.8 Stalled:   3.9 Starved:  86.0 Total Active:    32768 Total Output:    32768 Expected Active:    32768 Last Activity: 234 
	   32768    32768 
CE4323: Active:  10.8 Stalled:  85.2 Starved:   4.0 Total Active:    32768 Total Output:    32768 Expected Active:    32768 Last Activity: 794 
	   32768 
CE4311: Active:  10.8 Stalled:   0.0 Starved:  89.2 Total Active:    32768 Total Output:    32768 Expected Active:    32768 Last Activity: 643 
	   32768    32768 
CE4347: Active:  10.8 Stalled:  85.4 Starved:   3.8 Total Active:    32768 Total Output:    32768 Expected Active:    32768 Last Activity: 421 
	   32768 
CE4335: Active:  10.8 Stalled:   0.0 Starved:  89.2 Total Active:    32768 Total Output:    32768 Expected Active:    32768 Last Activity: 317 
	   32768    32768 
CE4085: Active:   2.7 Stalled:  62.0 Starved:  44.0 Total Active:     8192 Total Output:     8192 Expected Active:     8192 Last Activity: 391 
	    8192 
CE4095: Active:   2.7 Stalled:  12.0 Starved:  87.1 Total Active:     8192 Total Output:     8192 Expected Active:     8192 Last Activity: 224 
	    8192 
CE4109: Active:  10.8 Stalled:   0.0 Starved:  89.2 Total Active:    32768 Total Output:    32768 Expected Active:    32768 Last Activity: 635 
	   32768    32768    32768 
CE4127: Active:  10.8 Stalled:   0.0 Starved:  89.2 Total Active:    32768 Total Output:    32768 Expected Active:    32768 Last Activity: 309 
	   32768    32768    32768 
CE4249: Active:   2.7 Stalled:   0.0 Starved:  97.3 Total Active:     8192 Total Output:     8192 Expected Active:     8192 Last Activity: 210 
	    8192     8192 
CE4237: Active:   0.3 Stalled:   0.0 Starved:  99.7 Total Active:     1024 Total Output:     1024 Expected Active:     1024 Last Activity: 138 
	    1024 
CE3911: Active:   0.3 Stalled:   0.3 Starved:  99.7 Total Active:     1024 Total Output:     1024 Expected Active:     1024 Last Activity: 105 
	    1024     1024     1024 
	DRAM:   0.22 GB/s (  0.00 GB/s R,   0.22 GB/s W)
	ROB remaining: 0
CE3957: Active:   0.3 Stalled:   0.0 Starved:  99.7 Total Active:     1024 Total Output:     1024 Expected Active:     1024 Last Activity: 28 
	    1024 
Total DRAM:	  41.86 GB/s ( 41.64 GB/s R,   0.22 GB/s W)
[[32mpsim[0m] Total DRAM:	  41.86 GB/s ( 41.64 GB/s R,   0.22 GB/s W)
Pending Read: 0	 Pending Write: 0	
[pir] Finished 68-PlastisimConfigCodegen to [36mconfig.psim[0m in 8833.780905ms
[pir] Running 69-PlastisimDotCodegen ...[pir] Finished 69-PlastisimDotCodegen to [36mpsim.dot[0m in 832.624412ms
[pir] Running 70-AreaPowerStat ...
[pir] pcu_total_active = 311296
[pir] pmu_total_active = 401408
[pir] dag_total_active = 17424
[[33mpir[0m] python /home/yaqiz/pir/out/SPMV_ELL__L_64_N_16384_ts_1024_op_1_mp_2_psim_v3_s4_cd/area_power_model.py
[[33mpir[0m] log in /home/yaqiz/pir/out/SPMV_ELL__L_64_N_16384_ts_1024_op_1_mp_2_psim_v3_s4_cd/area_power.log
router_unit_area                     0.00 (um^2)
vswitch_unit_area               102262.91 (um^2)
sswitch_unit_area                 7490.46 (um^2)
pcu_unit_area                   849000.00 (um^2)
pmu_unit_area                   532000.00 (um^2)
total_router_area                    0.00 (um^2)
total_vswitch_area                  15.65 (mm^2)
total_sswitch_area                   1.15 (mm^2)
total_pcu_area                      54.34 (mm^2)
total_pmu_area                      34.05 (mm^2)
total_net_area                      16.79 (mm^2)
total_area                         105.18 (mm^2)
router_flit_energy                   0.00 (fJ)
router_flit_energy_scalar            0.00 (fJ)
vswitch_flit_energy                  6.95 (pJ)
sswitch_flit_energy                206.23 (fJ)
total_router_energy                  0.00 (fJ)
total_vswitch_energy                15.76 (uJ)
total_sswitch_energy               153.75 (nJ)
total_net_energy                    15.91 (uJ)
pcu_unit_energy                    224.00 (pJ)
pmu_unit_energy                    300.31 (pJ)
dag_unit_energy                     31.41 (pJ)
total_pcu_energy                    69.73 (uJ)
total_pmu_energy                   120.55 (uJ)
total_dag_energy                   547.31 (nJ)
total_energy                       206.74 (uJ)
total_router_power                   0.00 (pW)
total_vswitch_power                 52.14 (mW)
total_sswitch_power                508.86 (uW)
total_net_power                     52.65 (mW)
total_pcu_power                    230.78 (mW)
total_pmu_power                    398.96 (mW)
total_dag_power                      1.81 (mW)
total_power                        684.20 (mW)
[pir] Finished 70-AreaPowerStat to [36marea_power_model.py[0m in 1154.279636ms
[pir] Saving node prism.Session@6da72b53 to /home/yaqiz/pir/out/SPMV_ELL__L_64_N_16384_ts_1024_op_1_mp_2_psim_v3_s4_cd/SPMV_ELL__L_64_N_16384_ts_1024_op_1_mp_2.sess
[0m[[32msuccess[0m] [0mTotal time: 310 s, completed Aug 17, 2018 4:48:05 PM[0m
-------------PASS (DONE)------------
