Java HotSpot(TM) 64-Bit Server VM warning: ignoring option MaxPermSize=1g; support was removed in 8.0
Picked up _JAVA_OPTIONS: -Xss8192k
[0m[[0minfo[0m] [0mLoading global plugins from /home/yaqiz/.sbt/0.13/plugins[0m
[0m[[0minfo[0m] [0mLoading project definition from /home/yaqiz/pir/project[0m
[0m[[0minfo[0m] [0mSet current project to default-675fdc (in build file:/home/yaqiz/pir/)[0m
[0m[[0minfo[0m] [0mSet current project to apps (in build file:/home/yaqiz/pir/)[0m
[0m[[0minfo[0m] [0mRunning SPMV_ELL__L_64_N_16384_ts_1024_op_1_mp_2 --out=/home/yaqiz/pir/out/SPMV_ELL__L_64_N_16384_ts_1024_op_1_mp_2_psim_D_v2_s4_rq4 --psim-out=/home/yaqiz/plastisim/configs/finals/SPMV_ELL__L_64_N_16384_ts_1024_op_1_mp_2_psim_D_v2_s4_rq4 --debug=false --verbose=true --dot=false --load-pir=true --save-pir=true --psim=true --trace=true --ctrl=true --bp=false --stat=true --routing-algo=proute --proute-iter=1000 --run-psim=true --arch=MyDesign --row=16 --col=8 --topo=mesh --argin=64 --tokenout=32 --pcu-stage=4 --vc=4 --net=dynamic --vlink=2 --slink=4 --fifo-depth=4 --vfifo=4 --proute-algo=route_min_directed_valient --link-prop=db --flit-width=512 --proute-q=4[0m
[pir] args=[--load-pir=true, --run-psim=false, --trace=false, --net=static, --stat=false, --vlink=2, --slink=6, --vfifo=4, --row=16, --col=8, --topo=mesh, --routing-algo=dor, --psim-timeout=100000000, --mapping=true, --splitting=true, --save-pir=true, --load-spade=false, --save-spade=false, --splitting-algo=alias_weighted_igraph, --ctrl=true, --bp=false, --snapint=10, --snapshot=false, --dot=true, --psim=false, --arch=MyDesign, --nn=false, --dag=true, --pattern=checkerboard, --argin=20, --argout=4, --tokenout=5, --fifo-depth=10, --vc=10, --routing-cost=H-hop, --out=/home/yaqiz/pir/out/SPMV_ELL__L_64_N_16384_ts_1024_op_1_mp_2_psim_D_v2_s4_rq4, --psim-out=/home/yaqiz/plastisim/configs/finals/SPMV_ELL__L_64_N_16384_ts_1024_op_1_mp_2_psim_D_v2_s4_rq4, --debug=false, --verbose=true, --dot=false, --load-pir=true, --save-pir=true, --psim=true, --trace=true, --ctrl=true, --bp=false, --stat=true, --routing-algo=proute, --proute-iter=1000, --run-psim=true, --arch=MyDesign, --row=16, --col=8, --topo=mesh, --argin=64, --tokenout=32, --pcu-stage=4, --vc=4, --net=dynamic, --vlink=2, --slink=4, --fifo-depth=4, --vfifo=4, --proute-algo=route_min_directed_valient, --link-prop=db, --flit-width=512, --proute-q=4]
[pir] Output directory set to [36m/home/yaqiz/pir/out/SPMV_ELL__L_64_N_16384_ts_1024_op_1_mp_2_psim_D_v2_s4_rq4[0m
[pir] Loading from /home/yaqiz/pir/out/SPMV_ELL__L_64_N_16384_ts_1024_op_1_mp_2_psim_D_v2_s4_rq4/SPMV_ELL__L_64_N_16384_ts_1024_op_1_mp_2.pir[pir] Loading PIRDesign() from /home/yaqiz/pir/out/SPMV_ELL__L_64_N_16384_ts_1024_op_1_mp_2_psim_D_v2_s4_rq4/SPMV_ELL__L_64_N_16384_ts_1024_op_1_mp_2.pir
[pir] Configuring spade MyDesign ...
[pir] Loading from /home/yaqiz/pir/out/SPMV_ELL__L_64_N_16384_ts_1024_op_1_mp_2_psim_D_v2_s4_rq4/SPMV_ELL__L_64_N_16384_ts_1024_op_1_mp_2.sess[pir] Loading prism.Session@6ef72c03 from /home/yaqiz/pir/out/SPMV_ELL__L_64_N_16384_ts_1024_op_1_mp_2_psim_D_v2_s4_rq4/SPMV_ELL__L_64_N_16384_ts_1024_op_1_mp_2.sess
[pir] Saving node PIRDesign() to /home/yaqiz/pir/out/SPMV_ELL__L_64_N_16384_ts_1024_op_1_mp_2_psim_D_v2_s4_rq4/SPMV_ELL__L_64_N_16384_ts_1024_op_1_mp_2.pir
[pir] Running 53-PlastisimDotCodegen ...[pir] Finished 53-PlastisimDotCodegen to [36mpsim.dot[0m in 1953.480665ms
[pir] Running 54-ControllerDotCodegen ...[pir] Finished 54-ControllerDotCodegen to [36mcontroller.dot[0m in 455.095099ms
[pir] Running 55-PIRIRDotCodegen ...[pir] Finished 55-PIRIRDotCodegen to [36mtop.dot[0m in 730.216041ms
[pir] Running 56-SimpleIRDotCodegen ...[pir] Finished 56-SimpleIRDotCodegen to [36msimple.dot[0m in 235.00792ms
[pir] Running 58-CUPruning ...[pir] Finished 58-CUPruning in 1520.847073ms
[pir] Running 59-CUPlacer ...[[32msuccess[0m] CUPlacer succeeded
[pir] Finished 59-CUPlacer in 42705.804734ms
[pir] Running 60-CUStatistics ...[pir] =========== Post-splitting CU Statistics ==================
[pir] 
[pir] number of cus=29
[pir] number of ocu = 5
[pir] - cin (0.00,0.60,1.00) sin (0.00,0.40,1.00) vin (0.00,0.00,0.00)
[pir] - cout (0.00,0.20,1.00) sout (0.00,1.20,2.00) vout (0.00,0.00,0.00)
[pir] - stages (0.00,0.00,0.00)
[pir] number of pcu = 6
[pir] - cin (0.00,0.33,1.00) sin (0.00,0.67,2.00) vin (0.00,1.00,2.00)
[pir] - cout (0.00,0.00,0.00) sout (0.00,0.33,1.00) vout (0.00,0.67,1.00)
[pir] - stages (2.00,4.00,6.00)
[pir] number of dag = 3
[pir] - cin (0.00,0.00,0.00) sin (1.00,1.00,1.00) vin (0.00,0.00,0.00)
[pir] - cout (0.00,0.00,0.00) sout (2.00,2.00,2.00) vout (0.00,0.00,0.00)
[pir] - stages (2.00,4.00,5.00)
[pir] number of pmu = 9
[pir] - cin (0.00,0.00,0.00) sin (0.00,0.89,2.00) vin (0.00,1.11,2.00)
[pir] - cout (0.00,0.00,0.00) sout (0.00,0.00,0.00) vout (1.00,1.00,1.00)
[pir] - stages (0.00,0.89,2.00)
[pir] number of dfg = 5
[pir] - cin (0.00,0.00,0.00) sin (0.00,1.20,2.00) vin (0.00,0.60,1.00)
[pir] - cout (0.00,0.20,1.00) sout (0.00,0.40,1.00) vout (0.00,0.40,1.00)
[pir] - stages (0.00,0.00,0.00)
[pir] number of afg = 1
[pir] - cin (1.00,1.00,1.00) sin (0.00,0.00,0.00) vin (0.00,0.00,0.00)
[pir] - cout (1.00,1.00,1.00) sout (5.00,5.00,5.00) vout (0.00,0.00,0.00)
[pir] - stages (0.00,0.00,0.00)
[pir] compute CU = 11
[pir] memory CU = 9
[pir] mc CU = 5
[pir] Total = 14
[pir] PCU = 10 / 64 (15.63%)
[pir] PMU-comp = 0 / 63 (0.00%)
[pir] PMU-mem = 9 / 63 (14.29%)
[pir] AG-ag = 2 / 32 (6.25%)
[pir] AG-comp = 2 / 32 (6.25%)
[pir] MC = 5 / 32 (15.63%)
[pir] Finished 60-CUStatistics to [36mstat.json[0m in 1160.303489ms
[pir] Running 61-PIRNetworkDotCodegen ...[pir] Finished 61-PIRNetworkDotCodegen to [36mcontrol.dot[0m in 866.640973ms
[pir] Running 62-PIRNetworkDotCodegen ...[pir] Finished 62-PIRNetworkDotCodegen to [36mscalar.dot[0m in 706.540844ms
[pir] Running 63-PIRNetworkDotCodegen ...[pir] Finished 63-PIRNetworkDotCodegen to [36mvector.dot[0m in 716.439693ms
[pir] Running 64-TerminalCSVCodegen ...[pir] Finished 64-TerminalCSVCodegen to [36mnode.csv[0m in 12.048249ms
[pir] Running 65-LinkCSVCodegen ...[pir] Finished 65-LinkCSVCodegen to [36mlink.csv[0m in 948.913592ms
[pir] Running 66-PlastisimPlacementCodegen ...[[33mproute[0m] /home/yaqiz/plastiroute/plastiroute -n /home/yaqiz/plastisim/configs/finals/SPMV_ELL__L_64_N_16384_ts_1024_op_1_mp_2_psim_D_v2_s4_rq4/node.csv -l /home/yaqiz/plastisim/configs/finals/SPMV_ELL__L_64_N_16384_ts_1024_op_1_mp_2_psim_D_v2_s4_rq4/link.csv -o /home/yaqiz/plastisim/configs/finals/SPMV_ELL__L_64_N_16384_ts_1024_op_1_mp_2_psim_D_v2_s4_rq4/final.place -r 16 -c 8 -g /home/yaqiz/plastisim/configs/finals/SPMV_ELL__L_64_N_16384_ts_1024_op_1_mp_2_psim_D_v2_s4_rq4/proute.dot -v /home/yaqiz/plastisim/configs/finals/SPMV_ELL__L_64_N_16384_ts_1024_op_1_mp_2_psim_D_v2_s4_rq4/summary.csv -x2 -e 4 -a route_min_directed_valient  -q4  -i1000 -p100 -t1 -d100 -s0
[[33mproute[0m] log in /home/yaqiz/pir/out/SPMV_ELL__L_64_N_16384_ts_1024_op_1_mp_2_psim_D_v2_s4_rq4/proute.log
Max static: 2vec 4scal
100 scores: min 3.00 	0.00/0.00/6/0.00/0 	max 1262.41 mean 120.35
100 scores: min 3.00 	0.00/0.00/6/0.00/0 	max 259.56 mean 7.44
100 scores: min 3.00 	0.00/0.00/6/0.00/0 	max 759.62 mean 15.29
All static routes:
	2962:2:65536	2962:2:65536	3156:2:65536	3156:2:65536	2986:2:65536	2986:2:65536	3180:2:65536	3180:2:65536	2853:1:32768	2153:1:32768	3446:1:32768	2458:1:32768	2710:1:32768	2180:1:32768	2485:1:32768	3509:1:32768	2510:1:32768	3572:1:32768	3383:1:32768	2537:1:32768	2100:1:16384	2129:1:16384	2076:1:16384	2047:1:16384	2828:2:8192	2828:2:8192	2685:2:8192	2685:2:8192	3339:1:8192	2565:1:8192	2595:1:8192	2877:1:8192	3316:1:8192	2734:1:8192	2260:1:1024	2343:1:1024	2207:1:16	2236:1:16	3663:4:1	3663:4:1	3663:4:1	3663:4:1	2367:1:1	2399:1:1	2764:1:1	2430:1:1	2621:1:1	2317:1:1
All dynamic routes:

Best score is 3.00
Used 0 VCs for endpoint coloring.
	Used 0 VCs.
[[32mproute[0m] 	Used 0 VCs.
[[32mproute[0m] DynHopsVec:0, DynHopsScal:0, StatHopsVec:1415168, StatHopsScal:603200
[pir] Finished 66-PlastisimPlacementCodegen to [36mfinal.place[0m in 2614.77532ms
[pir] Running 67-PlastisimDotCodegen ...[pir] Finished 67-PlastisimDotCodegen to [36mpsim.dot[0m in 1481.460738ms
[pir] Running 68-PlastisimConfigCodegen ...[[33mcommand[0m] ln -f /home/yaqiz/plastisim/configs/mesh_generic.cfg /home/yaqiz/plastisim/configs/finals/SPMV_ELL__L_64_N_16384_ts_1024_op_1_mp_2_psim_D_v2_s4_rq4/
[[33mpsim[0m] /home/yaqiz/plastisim/plastisim -f /home/yaqiz/plastisim/configs/finals/SPMV_ELL__L_64_N_16384_ts_1024_op_1_mp_2_psim_D_v2_s4_rq4/config.psim -p /home/yaqiz/plastisim/configs/finals/SPMV_ELL__L_64_N_16384_ts_1024_op_1_mp_2_psim_D_v2_s4_rq4/final.place -c 100000000 -l B -w 512 -q1
[[33mpsim[0m] log in /home/yaqiz/pir/out/SPMV_ELL__L_64_N_16384_ts_1024_op_1_mp_2_psim_D_v2_s4_rq4/psim.log
Set non-priority VC slowdown to 1
Changing to config directory: /home/yaqiz/plastisim/configs/finals/SPMV_ELL__L_64_N_16384_ts_1024_op_1_mp_2_psim_D_v2_s4_rq4
Constructing NetworkLink.
Constructing NetworkLink.
Constructing NetworkLink.
Constructing NetworkLink.
Error setting saddr = 56
Constructing NetworkLink.
Constructing NetworkLink.
Constructing NetworkLink.
Constructing NetworkLink.
Constructing NetworkLink.
Constructing NetworkLink.
Constructing NetworkLink.
Constructing NetworkLink.
Constructing NetworkLink.
Constructing NetworkLink.
Error setting daddr = 40
Error setting class = 0
Constructing NetworkLink.
Error setting lat = 1
Constructing NetworkLink.
Error setting saddr = 25
Constructing NetworkLink.
Error setting daddr = 5
Constructing NetworkLink.
Error setting class = 1
Constructing NetworkLink.
Error setting lat = 5
Constructing NetworkLink.
Error setting saddr = 22
Constructing NetworkLink.
Error setting daddr = 6
Constructing NetworkLink.
Error setting class = 1
Constructing NetworkLink.
Error setting lat = 1
Constructing NetworkLink.
Error setting saddr = 25
Constructing NetworkLink.
Constructing NetworkLink.
Constructing NetworkLink.
Constructing NetworkLink.
Constructing NetworkLink.
Constructing NetworkLink.
Constructing NetworkLink.
Constructing NetworkLink.
Constructing NetworkLink.
Constructing NetworkLink.
Constructing NetworkLink.
Constructing NetworkLink.
Constructing NetworkLink.
Constructing NetworkLink.
Constructing NetworkLink.
Added all names to the symbol table.
Adding static hop for route 2962 (110->1047, lat 2).
Adding static hop for route 2962 (110->1048, lat 2).
Adding static hop for route 3156 (213->1050, lat 3).
Adding static hop for route 3156 (213->1049, lat 5).
Adding static hop for route 2986 (1017->1048, lat 1).
Adding static hop for route 2986 (1017->1047, lat 1).
Adding static hop for route 3180 (1020->1050, lat 1).
Adding static hop for route 3180 (1020->1049, lat 1).
Adding static hop for route 2853 (1055->1044, lat 1).
Adding static hop for route 2153 (1041->456, lat 2).
Adding static hop for route 3446 (571->1053, lat 6).
Adding static hop for route 2458 (1049->1037, lat 5).
Adding static hop for route 2710 (1054->1041, lat 1).
Adding static hop for route 2180 (1044->571, lat 1).
Adding static hop for route 2485 (1052->1037, lat 1).
Adding static hop for route 3509 (1047->1054, lat 2).
Adding static hop for route 2510 (1050->1038, lat 1).
Adding static hop for route 3572 (1048->1055, lat 2).
Adding static hop for route 3383 (456->1052, lat 3).
Adding static hop for route 2537 (1053->1038, lat 1).
Adding static hop for route 2100 (1019->213, lat 2).
Adding static hop for route 2129 (1019->213, lat 2).
Adding static hop for route 2076 (1016->110, lat 1).
Adding static hop for route 2047 (1016->110, lat 1).
Adding static hop for route 2828 (1034->1044, lat 4).
Adding static hop for route 2828 (1034->1055, lat 5).
Adding static hop for route 2685 (1033->1041, lat 1).
Adding static hop for route 2685 (1033->1054, lat 2).
Adding static hop for route 3339 (1040->1051, lat 6).
Adding static hop for route 2565 (1037->1039, lat 4).
Adding static hop for route 2595 (1038->1040, lat 5).
Adding static hop for route 2877 (1034->1053, lat 1).
Adding static hop for route 3316 (1039->1051, lat 5).
Adding static hop for route 2734 (1033->1052, lat 1).
Adding static hop for route 2260 (1051->839, lat 6).
Adding static hop for route 2343 (839->960, lat 5).
Adding static hop for route 2207 (1027->839, lat 1).
Adding static hop for route 2236 (1027->839, lat 1).
Adding static hop for route 3663 (844->1034, lat 2).
Adding static hop for route 3663 (844->1033, lat 4).
Adding static hop for route 3663 (844->1020, lat 2).
Adding static hop for route 3663 (844->1017, lat 4).
Adding static hop for route 2367 (844->1016, lat 5).
Adding static hop for route 2399 (844->1019, lat 2).
Adding static hop for route 2764 (844->1044, lat 6).
Adding static hop for route 2430 (844->1027, lat 4).
Adding static hop for route 2621 (844->1041, lat 4).
Adding static hop for route 2317 (960->844, lat 2).
Printing hop routes
0	2100: X, vc0
	2129: X, vc1
	2430: X, vc2
Error setting daddr = 22
Error setting class = 0
Error setting lat = 3
Error setting saddr = 39
Error setting daddr = 23
Error setting class = 0
Error setting lat = 1
Error setting saddr = 3
Error setting daddr = 4
Error setting class = 0
Error setting lat = 1
Error setting saddr = 18
Error setting daddr = 6
Error setting class = 0
Error setting lat = 5
Error setting saddr = 24
Error setting daddr = 56
Error setting class = 0
Error setting lat = 2
Error setting saddr = 7
Error setting daddr = 39
Error setting class = 0
Error setting lat = 2
Error setting saddr = 41
Error setting daddr = 20
Error setting class = 0
Error setting lat = 6
Error setting saddr = 20
Error setting daddr = 4
Error setting class = 1
Error setting lat = 1
Error setting saddr = 16
Error setting daddr = 5
Error setting class = 0
Error setting lat = 6
Error setting saddr = 0
Error setting daddr = 16
Error setting class = 2
Error setting lat = 1
Error setting saddr = 9
Error setting daddr = 9
Error setting class = 1
Error setting lat = 1
Error setting saddr = 2
Error setting daddr = 0
Error setting class = 0
Error setting lat = 2
Error setting saddr = 4
Error setting daddr = 0
Error setting class = 2
Error setting lat = 4
Error setting saddr = 4
Error setting daddr = 40
Error setting class = 2
Error setting lat = 6
Error setting saddr = 4
2	2399: X, vc0
3	3156: X, vc0
	3180: X, vc1
4	2317: X, vc2
	2510: X, vc0
	2537: X, vc1
5	3316: X, vc1
	3339: X, vc0
6	2458: X, vc0
Error setting daddr = 23
Error setting class = 2
Error setting lat = 4
Error setting saddr = 0
Error setting daddr = 16
Error setting class = 3
Error setting lat = 1
Error setting saddr = 9
Error setting daddr = 9
Error setting class = 0
Error setting lat = 1
Error setting saddr = 2
Error setting daddr = 0
Error setting class = 1
Error setting lat = 2
Error setting saddr = 4
Error setting daddr = 2
Error setting class = 0
Error setting lat = 2
Error setting saddr = 4
Error setting daddr = 9
Error setting class = 2
Error setting lat = 5
Error setting saddr = 40
Error setting daddr = 41
Error setting class = 0
Error setting lat = 1
Error setting saddr = 23
Error setting daddr = 25
Error setting class = 0
Error setting lat = 2
Error setting saddr = 36
Error setting daddr = 40
Error setting daddr = 56
Error setting class = 1
Error setting class = 1
Error setting lat = 4
Error setting lat = 5
Error setting saddr = 38
Error setting daddr = 23
Error setting daddr = 39
Error setting class = 1
Error setting class = 1
Error setting lat = 1
Error setting lat = 2
Error setting saddr = 9
Error setting daddr = 7
Error setting daddr = 24
Error setting class = 0
Error setting class = 0
Error setting lat = 2
Error setting lat = 2
Error setting saddr = 8
Error setting daddr = 7
Error setting daddr = 24
Error setting class = 1
Error setting class = 1
Error setting lat = 1
Error setting lat = 1
Error setting saddr = 0
Error setting daddr = 18
Error setting daddr = 3
Error setting class = 0
Error setting class = 0
Error setting lat = 5
Error setting lat = 3
Error setting saddr = 19
Error setting daddr = 18
Error setting daddr = 3
Error setting class = 1
Error setting class = 1
Error setting lat = 1
Error setting lat = 1
Error setting saddr = 16
Error setting daddr = 21
Error setting class = 0
Error setting lat = 5
Error setting saddr = 21
Error setting daddr = 4
Error setting class = 2
Error setting lat = 2
Error setting saddr = 4
Error setting daddr = 8
Error setting daddr = 19
Error setting daddr = 38
Error setting daddr = 36
Error setting class = 0
Error setting class = 0
Error setting class = 0
Error setting class = 0
Error setting lat = 4
Error setting lat = 2
Error setting lat = 4
Error setting lat = 2
Error setting saddr = 5
Error setting daddr = 16
Error setting class = 1
Error setting lat = 6
Error setting saddr = 6
Error setting daddr = 25
Error setting class = 1
Error setting lat = 4
Error setting saddr = 36
Error setting daddr = 20
Error setting class = 1
Error setting lat = 1
Error setting saddr = 38
Error setting daddr = 22
Error setting class = 1
Error setting lat = 1
Error setting saddr = 4
Error setting daddr = 16
Error setting class = 0
Error setting lat = 5
== Loading device model file '/home/yaqiz/plastisim/configs/DDR3_micron_64M_8B_x4_sg15.ini' == 
== Loading system model file '/home/yaqiz/plastisim/configs/system.ini' == 
===== MemorySystem 0 =====
CH. 0 TOTAL_STORAGE : 4096MB | 1 Ranks | 16 Devices per rank
===== MemorySystem 1 =====
CH. 1 TOTAL_STORAGE : 4096MB | 1 Ranks | 16 Devices per rank
===== MemorySystem 2 =====
CH. 2 TOTAL_STORAGE : 4096MB | 1 Ranks | 16 Devices per rank
===== MemorySystem 3 =====
CH. 3 TOTAL_STORAGE : 4096MB | 1 Ranks | 16 Devices per rank
	2485: X, vc1
7	2962: X, vc0
	2986: X, vc1
8	3663: X, vc0
9	2047: X, vc1
	2076: X, vc0
	2367: X, vc2
16	2207: X, vc2
	2236: X, vc3
	2260: X, vc1
	2595: X, vc0
18	3156: X, vc0
	3180: X, vc1
19	3663: X, vc0
20	2877: X, vc1
	3446: X, vc0
21	2343: X, vc0
22	2734: X, vc1
	3383: X, vc0
23	2621: X, vc2
	2685: X, vc1
	2710: X, vc0
24	2962: X, vc0
	2986: X, vc1
25	2153: X, vc0
	2565: X, vc1
36	3663: X, vc0
38	3663: X, vc0
39	2685: X, vc1
	3509: X, vc0
40	2764: X, vc2
	2828: X, vc1
	2853: X, vc0
41	2180: X, vc0
56	2828: X, vc1
	3572: X, vc0
Parsed placement file.
Set lat 1 from 0 to 0
Set ejection VC at addr 40 to 0
Link specified in placement file.
Changing link to static with placed latencies.
Set lat 1 from 0 to 0
Set ejection VC at addr 5 to 1
Link specified in placement file.
Changing link to static with placed latencies.
Set lat 5 from 0 to 0
Set ejection VC at addr 6 to 1
Link specified in placement file.
Changing link to static with placed latencies.
Set lat 1 from 0 to 0
Set ejection VC at addr 22 to 0
Link specified in placement file.
Changing link to static with placed latencies.
Set lat 3 from 0 to 0
Set ejection VC at addr 23 to 0
Link specified in placement file.
Changing link to static with placed latencies.
Set lat 1 from 0 to 0
Set ejection VC at addr 4 to 0
Link specified in placement file.
Changing link to static with placed latencies.
Set lat 1 from 0 to 0
Set ejection VC at addr 6 to 0
Link specified in placement file.
Changing link to static with placed latencies.
Set lat 5 from 0 to 0
Set ejection VC at addr 56 to 0
Link specified in placement file.
Changing link to static with placed latencies.
Set lat 2 from 0 to 0
Set ejection VC at addr 39 to 0
Link specified in placement file.
Changing link to static with placed latencies.
Set lat 2 from 0 to 0
Set ejection VC at addr 20 to 0
Link specified in placement file.
Changing link to static with placed latencies.
Set lat 6 from 0 to 0
Set ejection VC at addr 4 to 1
Link specified in placement file.
Changing link to static with placed latencies.
Set lat 1 from 0 to 0
Set ejection VC at addr 5 to 0
Link specified in placement file.
Changing link to static with placed latencies.
Set lat 6 from 0 to 0
Set ejection VC at addr 16 to 2
Link specified in placement file.
Changing link to static with placed latencies.
Set lat 1 from 0 to 0
Set ejection VC at addr 9 to 1
Link specified in placement file.
Changing link to static with placed latencies.
Set lat 1 from 0 to 0
Set ejection VC at addr 0 to 0
Link specified in placement file.
Changing link to static with placed latencies.
Set lat 2 from 0 to 0
Set lat 1 from 0 to 0
Set lat 1 from 0 to 0
Set lat 1 from 0 to 0
Set lat 1 from 0 to 0
Set ejection VC at addr 0 to 2
Link specified in placement file.
Changing link to static with placed latencies.
Set lat 4 from 0 to 0
Set ejection VC at addr 40 to 2
Link specified in placement file.
Changing link to static with placed latencies.
Set lat 6 from 0 to 0
Set ejection VC at addr 23 to 2
Link specified in placement file.
Changing link to static with placed latencies.
Set lat 4 from 0 to 0
Set ejection VC at addr 16 to 3
Link specified in placement file.
Changing link to static with placed latencies.
Set lat 1 from 0 to 0
Set ejection VC at addr 9 to 0
Link specified in placement file.
Changing link to static with placed latencies.
Set lat 1 from 0 to 0
Set ejection VC at addr 0 to 1
Link specified in placement file.
Changing link to static with placed latencies.
Set lat 2 from 0 to 0
Set ejection VC at addr 2 to 0
Link specified in placement file.
Changing link to static with placed latencies.
Set lat 2 from 0 to 0
Set ejection VC at addr 9 to 2
Link specified in placement file.
Changing link to static with placed latencies.
Set lat 5 from 0 to 0
Set ejection VC at addr 41 to 0
Link specified in placement file.
Changing link to static with placed latencies.
Set lat 1 from 0 to 0
Set ejection VC at addr 25 to 0
Link specified in placement file.
Changing link to static with placed latencies.
Set lat 2 from 0 to 0
Set ejection VC at addr 40 to 1
Set ejection VC at addr 56 to 1
Link specified in placement file.
Changing link to static with placed latencies.
Set lat 4 from 0 to 0
Set lat 5 from 0 to 1
Set ejection VC at addr 23 to 1
Set ejection VC at addr 39 to 1
Link specified in placement file.
Changing link to static with placed latencies.
Set lat 1 from 0 to 0
Set lat 2 from 0 to 1
Set ejection VC at addr 7 to 0
Set ejection VC at addr 24 to 0
Link specified in placement file.
Changing link to static with placed latencies.
Set lat 2 from 0 to 0
Set lat 2 from 0 to 1
Set ejection VC at addr 7 to 1
Set ejection VC at addr 24 to 1
Link specified in placement file.
Changing link to static with placed latencies.
Set lat 1 from 0 to 0
Set lat 1 from 0 to 1
Set ejection VC at addr 18 to 0
Set ejection VC at addr 3 to 0
Link specified in placement file.
Changing link to static with placed latencies.
Set lat 5 from 0 to 0
Set lat 3 from 0 to 1
Set ejection VC at addr 18 to 1
Set ejection VC at addr 3 to 1
Link specified in placement file.
Changing link to static with placed latencies.
Set lat 1 from 0 to 0
Set lat 1 from 0 to 1
Set ejection VC at addr 21 to 0
Link specified in placement file.
Changing link to static with placed latencies.
Set lat 5 from 0 to 0
Set ejection VC at addr 4 to 2
Link specified in placement file.
Changing link to static with placed latencies.
Set lat 2 from 0 to 0
Set lat 1 from 0 to 0
Set lat 1 from 0 to 0
Set lat 1 from 0 to 0
Set lat 1 from 0 to 0
Set ejection VC at addr 8 to 0
Set ejection VC at addr 19 to 0
Set ejection VC at addr 38 to 0
Set ejection VC at addr 36 to 0
Link specified in placement file.
Changing link to static with placed latencies.
Set lat 4 from 0 to 0
Set lat 2 from 0 to 1
Set lat 4 from 0 to 2
Set lat 2 from 0 to 3
Set ejection VC at addr 16 to 1
Link specified in placement file.
Changing link to static with placed latencies.
Set lat 6 from 0 to 0
Set ejection VC at addr 25 to 1
Link specified in placement file.
Changing link to static with placed latencies.
Set lat 4 from 0 to 0
Set ejection VC at addr 20 to 1
Link specified in placement file.
Changing link to static with placed latencies.
Set lat 1 from 0 to 0
Set ejection VC at addr 22 to 1
Link specified in placement file.
Changing link to static with placed latencies.
Set lat 1 from 0 to 0
Set ejection VC at addr 16 to 0
Link specified in placement file.
Changing link to static with placed latencies.
Set lat 5 from 0 to 0
Number of network classes: 4
Child process has pid -23471
Parsed definitions of all elements.
Total of 48 links:
  0: SRAM35
    
  1: RetimingFIFO1850
    
  2: RetimingFIFO1708
    
  3: RetimingFIFO1617
    
  4: RetimingFIFO1789
    
  5: RetimingFIFO1779
    
  6: RetimingFIFO1670
    
  7: RetimingFIFO1589
    
  8: RetimingFIFO1517
    
  9: RetimingFIFO1435
    
  10: RetimingFIFO1860
    
  11: RetimingFIFO1698
    
  12: RetimingFIFO1737
    
  13: StreamOut779
    
  14: StreamOut59
    
  15: StreamOut163
    
  16: SRAM272
    
  17: SRAM269
    
  18: SRAM271
    
  19: SRAM270
    
  20: DramAddress789
    
  21: DramAddress530
    
  22: DramAddress415
    
  23: StreamOut780
    
  24: StreamOut60
    
  25: StreamOut164
    
  26: DramAddress189
    
  27: DramAddress85
    
  28: StreamOut504
    
  29: StreamOut389
    
  30: Reg353_Reg1826
    
  31: Reg351_Reg1755
    
  32: RetimingFIFO1248_RetimingFIFO1272
    
  33: RetimingFIFO1256_RetimingFIFO1280
    
  34: RetimingFIFO1307_RetimingFIFO1331
    
  35: RetimingFIFO1315_RetimingFIFO1339
    
  36: StreamIn782
    
  37: TokenOut967
    
  38: SRAM34
    
  39: SRAM31
    
  40: SRAM32
    
  41: SRAM33
    
  42: TokenIn3614_TokenIn3627_TokenIn3639_TokenIn3651
    
  43: StreamOut781
    
  44: Reg618
    
  45: Reg1869
    
  46: Reg1798
    
  47: Reg620
    
Total of 39 nodes:
  0: CE3861
    [StreamOut60 *4 /1] [StreamOut59 *4 /1]  => [RetimingFIFO1248_RetimingFIFO1272] 
  1: CE3875
    [StreamOut164 *4 /1] [StreamOut163 *4 /1]  => [RetimingFIFO1307_RetimingFIFO1331] 
  2: CE3887
    [StreamOut389 *1 /1]  => [RetimingFIFO1789] 
  3: CE3897
    [StreamOut504 *1 /1]  => [RetimingFIFO1860] 
  4: CE3933
     => [DramAddress789] [DramAddress415] [DramAddress530] [DramAddress85] [DramAddress189] [TokenIn3614_TokenIn3627_TokenIn3639_TokenIn3651] 
  5: CE3949
    [TokenOut967 *1 /1]  => 
  6: CE3969
    [DramAddress85 *16384 /1]  => [StreamOut60] [StreamOut59] 
  7: CE3981
    [TokenIn3614_TokenIn3627_TokenIn3639_TokenIn3651 *65536 /1]  => [RetimingFIFO1256_RetimingFIFO1280] 
  8: CE3993
    [DramAddress189 *16384 /1]  => [StreamOut164] [StreamOut163] 
  9: CE4005
    [TokenIn3614_TokenIn3627_TokenIn3639_TokenIn3651 *65536 /1]  => [RetimingFIFO1315_RetimingFIFO1339] 
  10: CE4017
    [DramAddress789 *16 /1]  => [StreamOut780] [StreamOut779] 
  11: CE4031
    [TokenIn3614_TokenIn3627_TokenIn3639_TokenIn3651 *8192 /1]  => [Reg351_Reg1755] [Reg1798] 
  12: CE4045
    [TokenIn3614_TokenIn3627_TokenIn3639_TokenIn3651 *8192 /1]  => [Reg353_Reg1826] [Reg1869] 
  13: CE4153
    [RetimingFIFO1248_RetimingFIFO1272 *1 /1] [RetimingFIFO1256_RetimingFIFO1280 *1 /1]  => [SRAM31] 
  14: CE4141
    [SRAM31 *2048 /1]  => [RetimingFIFO1435] 
  15: CE4177
    [RetimingFIFO1248_RetimingFIFO1272 *1 /1] [RetimingFIFO1256_RetimingFIFO1280 *1 /1]  => [SRAM32] 
  16: CE4165
    [SRAM32 *2048 /1]  => [RetimingFIFO1517] 
  17: CE4201
    [RetimingFIFO1307_RetimingFIFO1331 *1 /1] [RetimingFIFO1315_RetimingFIFO1339 *1 /1]  => [SRAM33] 
  18: CE4189
    [SRAM33 *2048 /1]  => [RetimingFIFO1589] 
  19: CE4225
    [RetimingFIFO1307_RetimingFIFO1331 *1 /1] [RetimingFIFO1315_RetimingFIFO1339 *1 /1]  => [SRAM34] 
  20: CE4213
    [SRAM34 *2048 /1]  => [RetimingFIFO1670] 
  21: CE4273
    [Reg1798 *4 /1] [RetimingFIFO1789 *1 /1]  => [SRAM269] 
  22: CE4261
    [SRAM269 *4 /1]  => [RetimingFIFO1617] 
  23: CE4297
    [Reg1869 *4 /1] [RetimingFIFO1860 *1 /1]  => [SRAM270] 
  24: CE4285
    [SRAM270 *4 /1]  => [RetimingFIFO1698] 
  25: CE4059
    [RetimingFIFO1589 *1 /1] [RetimingFIFO1617 *1 /1]  => [Reg618] 
  26: CE4073
    [RetimingFIFO1670 *1 /1] [RetimingFIFO1698 *1 /1]  => [Reg620] 
  27: CE4323
    [RetimingFIFO1435 *1 /1]  => [SRAM271] 
  28: CE4311
    [SRAM271 *4 /1] [Reg351_Reg1755 *4 /1]  => [RetimingFIFO1779] 
  29: CE4347
    [RetimingFIFO1517 *1 /1]  => [SRAM272] 
  30: CE4335
    [SRAM272 *4 /1] [Reg353_Reg1826 *4 /1]  => [RetimingFIFO1850] 
  31: CE4085
    [Reg618 *1 /1]  => [RetimingFIFO1708] 
  32: CE4095
    [Reg620 *1 /1]  => [RetimingFIFO1737] 
  33: CE4109
    [DramAddress415 *32768 /1] [Reg351_Reg1755 *4 /1] [RetimingFIF ejection VC at addr 23 to 1
Set ejection VC at addr 39 to 1
Link specified in placement file.
Changing link to static with placed latencies.
Set lat 1 from 0 to 0
Set lat 2 from 0 to 1
Set ejection VC at addr 7 to 0
Set ejection VC at addr 24 to 0
Link specified in placement file.
Changing link to static with placed latencies.
Set lat 2 from 0 to 0
Set lat 2 from 0 to 1
Set ejection VC at addr 7 to 1
Set ejection VC at addr 24 to 1
Link specified in placement file.
Changing link to static with placed latencies.
Set lat 1 from 0 to 0
Set lat 1 from 0 to 1
Set ejection VC at addr 18 to 0
Set ejection VC at addr 3 to 0
Link specified in placement file.
Changing link to static with placed latencies.
Set lat 5 from 0 to 0
Set lat 3 from 0 to 1
Set ejection VC at addr 18 to 1
Set ejection VC at addr 3 to 1
Link specified in placement file.
Changing link to static with placed latencies.
Set lat 1 from 0 to 0
Set lat 1 from 0 to 1
Set ejection VC at addr 21 to 0
Link specified in placement file.
Changing link to static with placed latencies.
Set lat 5 from 0 to 0
Set ejection VC at addr 4 to 2
Link specified in placement file.
Changing link to static with placed latencies.
Set lat 2 from 0 to 0
Set lat 1 from 0 to 0
Set lat 1 from 0 to 0
Set lat 1 from 0 to 0
Set lat 1 from 0 to 0
Set ejection VC at addr 8 to 0
Set ejection VC at addr 19 to 0
Set ejection VC at addr 38 to 0
Set ejection VC at addr 36 to 0
Link specified in placement file.
Changing link to static with placed latencies.
Set lat 4 from 0 to 0
Set lat 2 from 0 to 1
Set lat 4 from 0 to 2
Set lat 2 from 0 to 3
Set ejection VC at addr 16 to 1
Link specified in placement file.
Changing link to static with placed latencies.
Set lat 6 from 0 to 0
Set ejection VC at addr 25 to 1
Link specified in placement file.
Changing link to static with placed latencies.
Set lat 4 from 0 to 0
Set ejection VC at addr 20 to 1
Link specified in placement file.
Changing link to static with placed latencies.
Set lat 1 from 0 to 0
Set ejection VC at addr 22 to 1
Link specified in placement file.
Changing link to static with placed latencies.
Set lat 1 from 0 to 0
Set ejection VC at addr 16 to 0
Link specified in placement file.
Changing link to static with placed latencies.
Set lat 5 from 0 to 0
Number of network classes: 4
I'm the child process!
GPGPU-Sim uArch: interconnect node map (shaderID+MemID to icntID)
GPGPU-Sim uArch: Memory nodes ID start from index: 256
GPGPU-Sim uArch:    0   1   2   3   4   5   6   7   8   9  10  11  12  13  14  15
GPGPU-Sim uArch:   16  17  18  19  20  21  22  23  24  25  26  27  28  29  30  31
GPGPU-Sim uArch:   32  33  34  35  36  37  38  39  40  41  42  43  44  45  46  47
GPGPU-Sim uArch:   48  49  50  51  52  53  54  55  56  57  58  59  60  61  62  63
GPGPU-Sim uArch:   64  65  66  67  68  69  70  71  72  73  74  75  76  77  78  79
GPGPU-Sim uArch:   80  81  82  83  84  85  86  87  88  89  90  91  92  93  94  95
GPGPU-Sim uArch:   96  97  98  99 100 101 102 103 104 105 106 107 108 109 110 111
GPGPU-Sim uArch:  112 113 114 115 116 117 118 119 120 121 122 123 124 125 126 127
GPGPU-Sim uArch:  128 129 130 131 132 133 134 135 136 137 138 139 140 141 142 143
GPGPU-Sim uArch:  144 145 146 147 148 149 150 151 152 153 154 155 156 157 158 159
GPGPU-Sim uArch:  160 161 162 163 164 165 166 167 168 169 170 171 172 173 174 175
GPGPU-Sim uArch:  176 177 178 179 180 181 182 183 184 185 186 187 188 189 190 191
DRAMSim2 Clock Frequency =800000000Hz, CPU Clock Frequency=1000000000Hz
GPGPU-Sim uArch:  192 193 194 195 196 197 198 199 200 201 202 203 204 205 206 207
GPGPU-Sim uArch:  208 209 210 211 212 213 214 215 216 217 218 219 220 221 222 223
GPGPU-Sim uArch:  224 225 226 227 228 229 230 231 232 233 234 235 236 237 238 239
GPGPU-Sim uArch:  240 241 242 243 244 245 246 247 248 249 250 251 252 253 254 255
GPGPU-Sim uArch: interconnect node reverse map (icntID to shaderID+MemID)
GPGPU-Sim uArch: Memory nodes start from ID: 256
GPGPU-Sim uArch:    0   1   2   3   4   5   6   7   8   9  10  11  12  13  14  15
GPGPU-Sim uArch:   16  17  18  19  20  21  22  23  24  25  26  27  28  29  30  31
GPGPU-Sim uArch:   32  33  34  35  36  37  38  39  40  41  42  43  44  45  46  47
GPGPU-Sim uArch:   48  49  50  51  52  53  54  55  56  57  58  59  60  61  62  63
GPGPU-Sim uArch:   64  65  66  67  68  69  70  71  72  73  74  75  76  77  78  79
GPGPU-Sim uArch:   80  81  82  83  84  85  86  87  88  89  90  91  92  93  94  95
GPGPU-Sim uArch:   96  97  98  99 100 101 102 103 104 105 106 107 108 109 110 111
GPGPU-Sim uArch:  112 113 114 115 116 117 118 119 120 121 122 123 124 125 126 127
GPGPU-Sim uArch:  128 129 130 131 132 133 134 135 136 137 138 139 140 141 142 143
GPGPU-Sim uArch:  144 145 146 147 148 149 150 151 152 153 154 155 156 157 158 159
GPGPU-Sim uArch:  160 161 162 163 164 165 166 167 168 169 170 171 172 173 174 175
GPGPU-Sim uArch:  176 177 178 179 180 181 182 183 184 185 186 187 188 189 190 191
GPGPU-Sim uArch:  192 193 194 195 196 197 198 199 200 201 202 203 204 205 206 207
GPGPU-Sim uArch:  208 209 210 211 212 213 214 215 216 217 218 219 220 221 222 223
GPGPU-Sim uArch:  224 225 226 227 228 229 230 231 232 233 234 235 236 237 238 239
GPGPU-Sim uArch:  240 241 242 243 244 245 246 247 248 249 250 251 252 253 254 255
O1779 *1 /1]  => [StreamOut389] 
  34: CE4127
    [DramAddress530 *32768 /1] [Reg353_Reg1826 *4 /1] [RetimingFIFO1850 *1 /1]  => [StreamOut504] 
  35: CE4249
    [RetimingFIFO1708 *1 /1] [RetimingFIFO1737 *1 /1]  => [SRAM35] 
  36: CE4237
    [SRAM35 *64 /1]  => [StreamOut781] 
  37: CE3911
    [StreamOut780 *64 /1] [StreamOut781 *1 /1] [StreamOut779 *64 /1]  => [StreamIn782] 
  38: CE3957
    [StreamIn782 *1 /1]  => [TokenOut967] 

10000...
WARNING: Unrequested DRAM token returned!
WARNING: Unrequested DRAM token returned!
WARNING: Unrequested DRAM token returned!
WARNING: Unrequested DRAM token returned!
WARNING: Unrequested DRAM token returned!
WARNING: Unrequested DRAM token returned!
WARNING: Unrequested DRAM token returned!
WARNING: Unrequested DRAM token returned!
WARNING: Unrequested DRAM token returned!
WARNING: Unrequested DRAM token returned!
WARNING: Unrequested DRAM token returned!
WARNING: Unrequested DRAM token returned!
WARNING: Unrequested DRAM token returned!
WARNING: Unrequested DRAM token returned!
WARNING: Unrequested DRAM token returned!
20000...
WARNING: Unrequested DRAM token returned!
WARNING: Unrequested DRAM token returned!
WARNING: Unrequested DRAM token returned!
WARNING: Unrequested DRAM token returned!
WARNING: Unrequested DRAM token returned!
WARNING: Unrequested DRAM token returned!
WARNING: Unrequested DRAM token returned!
WARNING: Unrequested DRAM token returned!
WARNING: Unrequested DRAM token returned!
WARNING: Unrequested DRAM token returned!
WARNING: Unrequested DRAM token returned!
WARNING: Unrequested DRAM token returned!
WARNING: Unrequested DRAM token returned!
WARNING: Unrequested DRAM token returned!
WARNING: Unrequested DRAM token returned!
WARNING: Unrequested DRAM token returned!
WARNING: Unrequested DRAM token returned!
WARNING: Unrequested DRAM token returned!
30000...
WARNING: Unrequested DRAM token returned!
WARNING: Unrequested DRAM token returned!
WARNING: Unrequested DRAM token returned!
WARNING: Unrequested DRAM token returned!
WARNING: Unrequested DRAM token returned!
WARNING: Unrequested DRAM token returned!
WARNING: Unrequested DRAM token returned!
WARNING: Unrequested DRAM token returned!
WARNING: Unrequested DRAM token returned!
WARNING: Unrequested DRAM token returned!
WARNING: Unrequested DRAM token returned!
WARNING: Unrequested DRAM token returned!
WARNING: Unrequested DRAM token returned!
WARNING: Unrequested DRAM token returned!
WARNING: Unrequested DRAM token returned!
WARNING: Unrequested DRAM token returned!
WARNING: Unrequested DRAM token returned!
WARNING: Unrequested DRAM token returned!
40000...
WARNING: Unrequested DRAM token returned!
WARNING: Unrequested DRAM token returned!
WARNING: Unrequested DRAM token returned!
WARNING: Unrequested DRAM token returned!
WARNING: Unrequested DRAM token returned!
WARNING: Unrequested DRAM token returned!
WARNING: Unrequested DRAM token returned!
WARNING: Unrequested DRAM token returned!
WARNING: Unrequested DRAM token returned!
WARNING: Unrequested DRAM token returned!
WARNING: Unrequested DRAM token returned!
WARNING: Unrequested DRAM token returned!
WARNING: Unrequested DRAM token returned!
50000...
WARNING: Unrequested DRAM token returned!
WARNING: Unrequested DRAM token returned!
WARNING: Unrequested DRAM token returned!
WARNING: Unrequested DRAM token returned!
WARNING: Unrequested DRAM token returned!
WARNING: Unrequested DRAM token returned!
WARNING: Unrequested DRAM token returned!
WARNING: Unrequested DRAM token returned!
WARNING: Unrequested DRAM token returned!
WARNING: Unrequested DRAM token returned!
WARNING: Unrequested DRAM token returned!
WARNING: Unrequested DRAM token returned!
WARNING: Unrequested DRAM token returned!
WARNING: Unrequested DRAM token returned!
WARNING: Unrequested DRAM token returned!
WARNING: Unrequested DRAM token returned!
WARNING: Unrequested DRAM token returned!
WARNING: Unrequested DRAM token returned!
WARNING: Unrequested DRAM token returned!
WARNING: Unrequested DRAM token returned!
WARNING: Unrequested DRAM token returned!
60000...
WARNING: Unrequested DRAM token returned!
WARNING: Unrequested DRAM token returned!
WARNING: Unrequested DRAM token returned!
WARNING: Unrequested DRAM token returned!
WARNING: Unrequested DRAM token returned!
WARNING: Unrequested DRAM token returned!
WARNING: Unrequested DRAM token returned!
WARNING: Unrequested DRAM token returned!
WARNING: Unrequested DRAM token returned!
WARNING: Unrequested DRAM token returned!
WARNING: Unrequested DRAM token returned!
WARNING: Unrequested DRAM token returned!
WARNING: Unrequested DRAM token returned!
WARNING: Unrequested DRAM token returned!
70000...
WARNING: Unrequested DRAM token returned!
WARNING: Unrequested DRAM token returned!
WARNING: Unrequested DRAM token returned!
WARNING: Unrequested DRAM token returned!
WARNING: Unrequested DRAM token returned!
WARNING: Unrequested DRAM token returned!
WARNING: Unrequested DRAM token returned!
WARNING: Unrequested DRAM token returned!
WARNING: Unrequested DRAM token returned!
WARNING: Unrequested DRAM token returned!
WARNING: Unrequested DRAM token returned!
WARNING: Unrequested DRAM token returned!
WARNING: Unrequested DRAM token returned!
WARNING: Unrequested DRAM token returned!
WARNING: Unrequested DRAM token returned!
WARNING: Unrequested DRAM token returned!
80000...
WARNING: Unrequested DRAM token returned!
WARNING: Unrequested DRAM token returned!
WARNING: Unrequested DRAM token returned!
WARNING: Unrequested DRAM token returned!
WARNING: Unrequested DRAM token returned!
WARNING: Unrequested DRAM token returned!
WARNING: Unrequested DRAM token returned!
WARNING: Unrequested DRAM token returned!
WARNING: Unrequested DRAM token returned!
WARNING: Unrequested DRAM token returned!
WARNING: Unrequested DRAM token returned!
WARNING: Unrequested DRAM token returned!
WARNING: Unrequested DRAM token returned!
90000...
WARNING: Unrequested DRAM token returned!
WARNING: Unrequested DRAM token returned!
WARNING: Unrequested DRAM token returned!
WARNING: Unrequested DRAM token returned!
WARNING: Unrequested DRAM token returned!
WARNING: Unrequested DRAM token returned!
WARNING: Unrequested DRAM token returned!
WARNING: Unrequested DRAM token returned!
WARNING: Unrequested DRAM token returned!
WARNING: Unrequested DRAM token returned!
WARNING: Unrequested DRAM token returned!
WARNING: Unrequested DRAM token returned!
WARNING: Unrequested DRAM token returned!
WARNING: Unrequested DRAM token returned!
WARNING: Unrequested DRAM token returned!
WARNING: Unrequested DRAM token returned!
WARNING: Unrequested DRAM token returned!
WARNING: Unrequested DRAM token returned!
WARNING: Unrequested DRAM token returned!
100000...
WARNING: Unrequested DRAM token returned!
WARNING: Unrequested DRAM token returned!
WARNING: Unrequested DRAM token returned!
WARNING: Unrequested DRAM token returned!
WARNING: Unrequested DRAM token returned!
WARNING: Unrequested DRAM token returned!
WARNING: Unrequested DRAM token returned!
WARNING: Unrequested DRAM token returned!
WARNING: Unrequested DRAM token returned!
WARNING: Unrequested DRAM token returned!
WARNING: Unrequested DRAM token returned!
WARNING: Unrequested DRAM token returned!
WARNING: Unrequested DRAM token returned!
WARNING: Unrequested DRAM token returned!
WARNING: Unrequested DRAM token returned!
110000...
WARNING: Unrequested DRAM token returned!
WARNING: Unrequested DRAM token returned!
WARNING: Unrequested DRAM token returned!
WARNING: Unrequested DRAM token returned!
WARNING: Unrequested DRAM token returned!
WARNING: Unrequested DRAM token returned!
WARNING: Unrequested DRAM token returned!
WARNING: Unrequested DRAM token returned!
WARNING: Unrequested DRAM token returned!
WARNING: Unrequested DRAM token returned!
WARNING: Unrequested DRAM token returned!
WARNING: Unrequested DRAM token returned!
WARNING: Unrequested DRAM token returned!
WARNING: Unrequested DRAM token returned!
WARNING: Unrequested DRAM token returned!
WARNING: Unrequested DRAM token returned!
WARNING: Unrequested DRAM token returned!
WARNING: Unrequested DRAM token returned!
WARNING: Unrequested DRAM token returned!
WARNING: Unrequested DRAM token returned!
WARNING: Unrequested DRAM token returned!
120000...
WARNING: Unrequested DRAM token returned!
WARNING: Unrequested DRAM token returned!
WARNING: Unrequested DRAM token returned!
WARNING: Unrequested DRAM token returned!
WARNING: Unrequested DRAM token returned!
WARNING: Unrequested DRAM token returned!
WARNING: Unrequested DRAM token returned!
WARNING: Unrequested DRAM token returned!
WARNING: Unrequested DRAM token returned!
WARNING: Unrequested DRAM token returned!
WARNING: Unrequested DRAM token returned!
WARNING: Unrequested DRAM token returned!
WARNING: Unrequested DRAM token returned!
WARNING: Unrequested DRAM token returned!
WARNING: Unrequested DRAM token returned!
WARNING: Unrequested DRAM token returned!
WARNING: Unrequested DRAM token returned!
WARNING: Unrequested DRAM token returned!
WARNING: Unrequested DRAM token returned!
130000...
WARNING: Unrequested DRAM token returned!
WARNING: Unrequested DRAM token returned!
WARNING: Unrequested DRAM token returned!
WARNING: Unrequested DRAM token returned!
WARNING: Unrequested DRAM token returned!
WARNING: Unrequested DRAM token returned!
WARNING: Unrequested DRAM token returned!
WARNING: Unrequested DRAM token returned!
WARNING: Unrequested DRAM token returned!
WARNING: Unrequested DRAM token returned!
WARNING: Unrequested DRAM token returned!
WARNING: Unrequested DRAM token returned!
WARNING: Unrequested DRAM token returned!
WARNING: Unrequested DRAM token returned!
WARNING: Unrequested DRAM token returned!
WARNING: Unrequested DRAM token returned!
WARNING: Unrequested DRAM token returned!
WARNING: Unrequested DRAM token returned!
WARNING: Unrequested DRAM token returned!
WARNING: Unrequested DRAM token returned!
WARNING: Unrequested DRAM token returned!
WARNING: Unrequested DRAM token returned!
WARNING: Unrequested DRAM token returned!
WARNING: Unrequested DRAM token returned!
140000...
WARNING: Unrequested DRAM token returned!
WARNING: Unrequested DRAM token returned!
WARNING: Unrequested DRAM token returned!
WARNING: Unrequested DRAM token returned!
WARNING: Unrequested DRAM token returned!
WARNING: Unrequested DRAM token returned!
WARNING: Unrequested DRAM token returned!
WARNING: Unrequested DRAM token returned!
WARNING: Unrequested DRAM token returned!
WARNING: Unrequested DRAM token returned!
WARNING: Unrequested DRAM token returned!
WARNING: Unrequested DRAM token returned!
WARNING: Unrequested DRAM token returned!
WARNING: Unrequested DRAM token returned!
WARNING: Unrequested DRAM token returned!
WARNING: Unrequested DRAM token returned!
WARNING: Unrequested DRAM token returned!
WARNING: Unrequested DRAM token returned!
WARNING: Unrequested DRAM token returned!
WARNING: Unrequested DRAM token returned!
WARNING: Unrequested DRAM token returned!
WARNING: Unrequested DRAM token returned!
WARNING: Unrequested DRAM token returned!
WARNING: Unrequested DRAM token returned!
WARNING: Unrequested DRAM token returned!
WARNING: Unrequested DRAM token returned!
WARNING: Unrequested DRAM token returned!
WARNING: Unrequested DRAM token returned!
WARNING: Unrequested DRAM token returned!
WARNING: Unrequested DRAM token returned!
WARNING: Unrequested DRAM token returned!
WARNING: Unrequested DRAM token returned!
WARNING: Unrequested DRAM token returned!
WARNING: Unrequested DRAM token returned!
WARNING: Unrequested DRAM token returned!
150000...
WARNING: Unrequested DRAM token returned!
WARNING: Unrequested DRAM token returned!
WARNING: Unrequested DRAM token returned!
WARNING: Unrequested DRAM token returned!
WARNING: Unrequested DRAM token returned!
WARNING: Unrequested DRAM token returned!
WARNING: Unrequested DRAM token returned!
WARNING: Unrequested DRAM token returned!
WARNING: Unrequested DRAM token returned!
WARNING: Unrequested DRAM token returned!
WARNING: Unrequested DRAM token returned!
WARNING: Unrequested DRAM token returned!
WARNING: Unrequested DRAM token returned!
WARNING: Unrequested DRAM token returned!
160000...
WARNING: Unrequested DRAM token returned!
WARNING: Unrequested DRAM token returned!
WARNING: Unrequested DRAM token returned!
WARNING: Unrequested DRAM token returned!
WARNING: Unrequested DRAM token returned!
WARNING: Unrequested DRAM token returned!
WARNING: Unrequested DRAM token returned!
WARNING: Unrequested DRAM token returned!
WARNING: Unrequested DRAM token returned!
WARNING: Unrequested DRAM token returned!
WARNING: Unrequested DRAM token returned!
WARNING: Unrequested DRAM token returned!
WARNING: Unrequested DRAM token returned!
WARNING: Unrequested DRAM token returned!
WARNING: Unrequested DRAM token returned!
WARNING: Unrequested DRAM token returned!
WARNING: Unrequested DRAM token returned!
WARNING: Unrequested DRAM token returned!
WARNING: Unrequested DRAM token returned!
WARNING: Unrequested DRAM token returned!
WARNING: Unrequested DRAM token returned!
WARNING: Unrequested DRAM token returned!
WARNING: Unrequested DRAM token returned!
WARNING: Unrequested DRAM token returned!
WARNING: Unrequested DRAM token returned!
WARNING: Unrequested DRAM token returned!
WARNING: Unrequested DRAM token returned!
WARNING: Unrequested DRAM token returned!
WARNING: Unrequested DRAM token returned!
WARNING: Unrequested DRAM token returned!
WARNING: Unrequested DRAM token returned!
WARNING: Unrequested DRAM token returned!
WARNING: Unrequested DRAM token returned!
WARNING: Unrequested DRAM token returned!
WARNING: Unrequested DRAM token returned!
WARNING: Unrequested DRAM token returned!
WARNING: Unrequested DRAM token returned!
170000...
WARNING: Unrequested DRAM token returned!
WARNING: Unrequested DRAM token returned!
WARNING: Unrequested DRAM token returned!
WARNING: Unrequested DRAM token returned!
WARNING: Unrequested DRAM token returned!
WARNING: Unrequested DRAM token returned!
WARNING: Unrequested DRAM token returned!
WARNING: Unrequested DRAM token returned!
WARNING: Unrequested DRAM token returned!
WARNING: Unrequested DRAM token returned!
WARNING: Unrequested DRAM token returned!
WARNING: Unrequested DRAM token returned!
WARNING: Unrequested DRAM token returned!
WARNING: Unrequested DRAM token returned!
WARNING: Unrequested DRAM token returned!
WARNING: Unrequested DRAM token returned!
180000...
WARNING: Unrequested DRAM token returned!
WARNING: Unrequested DRAM token returned!
WARNING: Unrequested DRAM token returned!
WARNING: Unrequested DRAM token returned!
WARNING: Unrequested DRAM token returned!
WARNING: Unrequested DRAM token returned!
WARNING: Unrequested DRAM token returned!
WARNING: Unrequested DRAM token returned!
WARNING: Unrequested DRAM token returned!
WARNING: Unrequested DRAM token returned!
WARNING: Unrequested DRAM token returned!
WARNING: Unrequested DRAM token returned!
WARNING: Unrequested DRAM token returned!
WARNING: Unrequested DRAM token returned!
WARNING: Unrequested DRAM token returned!
WARNING: Unrequested DRAM token returned!
WARNING: Unrequested DRAM token returned!
WARNING: Unrequested DRAM token returned!
WARNING: Unrequested DRAM token returned!
WARNING: Unrequested DRAM token returned!
WARNING: Unrequested DRAM token returned!
WARNING: Unrequested DRAM token returned!
WARNING: Unrequested DRAM token returned!
WARNING: Unrequested DRAM token returned!
WARNING: Unrequested DRAM token returned!
WARNING: Unrequested DRAM token returned!
190000...
WARNING: Unrequested DRAM token returned!
WARNING: Unrequested DRAM token returned!
WARNING: Unrequested DRAM token returned!
WARNING: Unrequested DRAM token returned!
WARNING: Unrequested DRAM token returned!
WARNING: Unrequested DRAM token returned!
WARNING: Unrequested DRAM token returned!
WARNING: Unrequested DRAM token returned!
WARNING: Unrequested DRAM token returned!
WARNING: Unrequested DRAM token returned!
WARNING: Unrequested DRAM token returned!
WARNING: Unrequested DRAM token returned!
WARNING: Unrequested DRAM token returned!
WARNING: Unrequested DRAM token returned!
WARNING: Unrequested DRAM token returned!
WARNING: Unrequested DRAM token returned!
WARNING: Unrequested DRAM token returned!
WARNING: Unrequested DRAM token returned!
200000...
WARNING: Unrequested DRAM token returned!
WARNING: Unrequested DRAM token returned!
WARNING: Unrequested DRAM token returned!
WARNING: Unrequested DRAM token returned!
WARNING: Unrequested DRAM token returned!
WARNING: Unrequested DRAM token returned!
WARNING: Unrequested DRAM token returned!
WARNING: Unrequested DRAM token returned!
WARNING: Unrequested DRAM token returned!
WARNING: Unrequested DRAM token returned!
WARNING: Unrequested DRAM token returned!
WARNING: Unrequested DRAM token returned!
WARNING: Unrequested DRAM token returned!
WARNING: Unrequested DRAM token returned!
WARNING: Unrequested DRAM token returned!
WARNING: Unrequested DRAM token returned!
WARNING: Unrequested DRAM token returned!
WARNING: Unrequested DRAM token returned!
WARNING: Unrequested DRAM token returned!
WARNING: Unrequested DRAM token returned!
WARNING: Unrequested DRAM token returned!
WARNING: Unrequested DRAM token returned!
210000...
WARNING: Unrequested DRAM token returned!
WARNING: Unrequested DRAM token returned!
WARNING: Unrequested DRAM token returned!
WARNING: Unrequested DRAM token returned!
WARNING: Unrequested DRAM token returned!
WARNING: Unrequested DRAM token returned!
WARNING: Unrequested DRAM token returned!
WARNING: Unrequested DRAM token returned!
WARNING: Unrequested DRAM token returned!
WARNING: Unrequested DRAM token returned!
WARNING: Unrequested DRAM token returned!
WARNING: Unrequested DRAM token returned!
WARNING: Unrequested DRAM token returned!
WARNING: Unrequested DRAM token returned!
WARNING: Unrequested DRAM token returned!
WARNING: Unrequested DRAM token returned!
WARNING: Unrequested DRAM token returned!
WARNING: Unrequested DRAM token returned!
WARNING: Unrequested DRAM token returned!
WARNING: Unrequested DRAM token returned!
WARNING: Unrequested DRAM token returned!
WARNING: Unrequested DRAM token returned!
WARNING: Unrequested DRAM token returned!
WARNING: Unrequested DRAM token returned!
WARNING: Unrequested DRAM token returned!
WARNING: Unrequested DRAM token returned!
WARNING: Unrequested DRAM token returned!
WARNING: Unrequested DRAM token returned!
WARNING: Unrequested DRAM token returned!
WARNING: Unrequested DRAM token returned!
WARNING: Unrequested DRAM token returned!
220000...
WARNING: Unrequested DRAM token returned!
WARNING: Unrequested DRAM token returned!
WARNING: Unrequested DRAM token returned!
WARNING: Unrequested DRAM token returned!
WARNING: Unrequested DRAM token returned!
WARNING: Unrequested DRAM token returned!
WARNING: Unrequested DRAM token returned!
WARNING: Unrequested DRAM token returned!
WARNING: Unrequested DRAM token returned!
WARNING: Unrequested DRAM token returned!
WARNING: Unrequested DRAM token returned!
WARNING: Unrequested DRAM token returned!
WARNING: Unrequested DRAM token returned!
WARNING: Unrequested DRAM token returned!
WARNING: Unrequested DRAM token returned!
WARNING: Unrequested DRAM token returned!
230000...
WARNING: Unrequested DRAM token returned!
WARNING: Unrequested DRAM token returned!
WARNING: Unrequested DRAM token returned!
WARNING: Unrequested DRAM token returned!
WARNING: Unrequested DRAM token returned!
WARNING: Unrequested DRAM token returned!
WARNING: Unrequested DRAM token returned!
WARNING: Unrequested DRAM token returned!
WARNING: Unrequested DRAM token returned!
WARNING: Unrequested DRAM token returned!
WARNING: Unrequested DRAM token returned!
WARNING: Unrequested DRAM token returned!
WARNING: Unrequested DRAM token returned!
WARNING: Unrequested DRAM token returned!
WARNING: Unrequested DRAM token returned!
WARNING: Unrequested DRAM token returned!
WARNING: Unrequested DRAM token returned!
WARNING: Unrequested DRAM token returned!
WARNING: Unrequested DRAM token returned!
WARNING: Unrequested DRAM token returned!
WARNING: Unrequested DRAM token returned!
WARNING: Unrequested DRAM token returned!
WARNING: Unrequested DRAM token returned!
WARNING: Unrequested DRAM token returned!
WARNING: Unrequested DRAM token returned!
WARNING: Unrequested DRAM token returned!
WARNING: Unrequested DRAM token returned!
WARNING: Unrequested DRAM token returned!
WARNING: Unrequested DRAM token returned!
WARNING: Unrequested DRAM token returned!
WARNING: Unrequested DRAM token returned!
WARNING: Unrequested DRAM token returned!
WARNING: Unrequested DRAM token returned!
WARNING: Unrequested DRAM token returned!
WARNING: Unrequested DRAM token returned!
WARNING: Unrequested DRAM token returned!
WARNING: Unrequested DRAM token returned!
WARNING: Unrequested DRAM token returned!
240000...
WARNING: Unrequested DRAM token returned!
WARNING: Unrequested DRAM token returned!
WARNING: Unrequested DRAM token returned!
WARNING: Unrequested DRAM token returned!
WARNING: Unrequested DRAM token returned!
WARNING: Unrequested DRAM token returned!
WARNING: Unrequested DRAM token returned!
WARNING: Unrequested DRAM token returned!
WARNING: Unrequested DRAM token returned!
WARNING: Unrequested DRAM token returned!
WARNING: Unrequested DRAM token returned!
WARNING: Unrequested DRAM token returned!
WARNING: Unrequested DRAM token returned!
WARNING: Unrequested DRAM token returned!
WARNING: Unrequested DRAM token returned!
WARNING: Unrequested DRAM token returned!
WARNING: Unrequested DRAM token returned!
WARNING: Unrequested DRAM token returned!
WARNING: Unrequested DRAM token returned!
WARNING: Unrequested DRAM token returned!
WARNING: Unrequested DRAM token returned!
WARNING: Unrequested DRAM token returned!
WARNING: Unrequested DRAM token returned!
WARNING: Unrequested DRAM token returned!
WARNING: Unrequested DRAM token returned!
WARNING: Unrequested DRAM token returned!
WARNING: Unrequested DRAM token returned!
WARNING: Unrequested DRAM token returned!
WARNING: Unrequested DRAM token returned!
WARNING: Unrequested DRAM token returned!
WARNING: Unrequested DRAM token returned!
WARNING: Unrequested DRAM token returned!
WARNING: Unrequested DRAM token returned!
WARNING: Unrequested DRAM token returned!
WARNING: Unrequested DRAM token returned!
WARNING: Unrequested DRAM token returned!
WARNING: Unrequested DRAM token returned!
WARNING: Unrequested DRAM token returned!
WARNING: Unrequested DRAM token returned!
WARNING: Unrequested DRAM token returned!
WARNING: Unrequested DRAM token returned!
WARNING: Unrequested DRAM token returned!
WARNING: Unrequested DRAM token returned!
WARNING: Unrequested DRAM token returned!
WARNING: Unrequested DRAM token returned!
WARNING: Unrequested DRAM token returned!
WARNING: Unrequested DRAM token returned!
WARNING: Unrequested DRAM token returned!
WARNING: Unrequested DRAM token returned!
WARNING: Unrequested DRAM token returned!
WARNING: Unrequested DRAM token returned!
250000...
WARNING: Unrequested DRAM token returned!
WARNING: Unrequested DRAM token returned!
WARNING: Unrequested DRAM token returned!
WARNING: Unrequested DRAM token returned!
WARNING: Unrequested DRAM token returned!
WARNING: Unrequested DRAM token returned!
WARNING: Unrequested DRAM token returned!
WARNING: Unrequested DRAM token returned!
WARNING: Unrequested DRAM token returned!
WARNING: Unrequested DRAM token returned!
WARNING: Unrequested DRAM token returned!
WARNING: Unrequested DRAM token returned!
WARNING: Unrequested DRAM token returned!
WARNING: Unrequested DRAM token returned!
WARNING: Unrequested DRAM token returned!
WARNING: Unrequested DRAM token returned!
WARNING: Unrequested DRAM token returned!
WARNING: Unrequested DRAM token returned!
WARNING: Unrequested DRAM token returned!
WARNING: Unrequested DRAM token returned!
WARNING: Unrequested DRAM token returned!
WARNING: Unrequested DRAM token returned!
WARNING: Unrequested DRAM token returned!
WARNING: Unrequested DRAM token returned!
WARNING: Unrequested DRAM token returned!
WARNING: Unrequested DRAM token returned!
WARNING: Unrequested DRAM token returned!
WARNING: Unrequested DRAM token returned!
WARNING: Unrequested DRAM token returned!
WARNING: Unrequested DRAM token returned!
WARNING: Unrequested DRAM token returned!
WARNING: Unrequested DRAM token returned!
WARNING: Unrequested DRAM token returned!
WARNING: Unrequested DRAM token returned!
WARNING: Unrequested DRAM token returned!
WARNING: Unrequested DRAM token returned!
WARNING: Unrequested DRAM token returned!
WARNING: Unrequested DRAM token returned!
WARNING: Unrequested DRAM token returned!
WARNING: Unrequested DRAM token returned!
WARNING: Unrequested DRAM token returned!
WARNING: Unrequested DRAM token returned!
WARNING: Unrequested DRAM token returned!
WARNING: Unrequested DRAM token returned!
WARNING: Unrequested DRAM token returned!
WARNING: Unrequested DRAM token returned!
WARNING: Unrequested DRAM token returned!
WARNING: Unrequested DRAM token returned!
WARNING: Unrequested DRAM token returned!
WARNING: Unrequested DRAM token returned!
WARNING: Unrequested DRAM token returned!
WARNING: Unrequested DRAM token returned!
WARNING: Unrequested DRAM token returned!
WARNING: Unrequested DRAM token returned!
WARNING: Unrequested DRAM token returned!
260000...
WARNING: Unrequested DRAM token returned!
WARNING: Unrequested DRAM token returned!
WARNING: Unrequested DRAM token returned!
WARNING: Unrequested DRAM token returned!
WARNING: Unrequested DRAM token returned!
WARNING: Unrequested DRAM token returned!
WARNING: Unrequested DRAM token returned!
WARNING: Unrequested DRAM token returned!
WARNING: Unrequested DRAM token returned!
WARNING: Unrequested DRAM token returned!
WARNING: Unrequested DRAM token returned!
WARNING: Unrequested DRAM token returned!
WARNING: Unrequested DRAM token returned!
WARNING: Unrequested DRAM token returned!
WARNING: Unrequested DRAM token returned!
WARNING: Unrequested DRAM token returned!
WARNING: Unrequested DRAM token returned!
WARNING: Unrequested DRAM token returned!
WARNING: Unrequested DRAM token returned!
WARNING: Unrequested DRAM token returned!
WARNING: Unrequested DRAM token returned!
WARNING: Unrequested DRAM token returned!
WARNING: Unrequested DRAM token returned!
WARNING: Unrequested DRAM token returned!
WARNING: Unrequested DRAM token returned!
WARNING: Unrequested DRAM token returned!
WARNING: Unrequested DRAM token returned!
WARNING: Unrequested DRAM token returned!
WARNING: Unrequested DRAM token returned!
WARNING: Unrequested DRAM token returned!
WARNING: Unrequested DRAM token returned!
WARNING: Unrequested DRAM token returned!
WARNING: Unrequested DRAM token returned!
WARNING: Unrequested DRAM token returned!
WARNING: Unrequested DRAM token returned!
WARNING: Unrequested DRAM token returned!
WARNING: Unrequested DRAM token returned!
WARNING: Unrequested DRAM token returned!
WARNING: Unrequested DRAM token returned!
WARNING: Unrequested DRAM token returned!
WARNING: Unrequested DRAM token returned!
WARNING: Unrequested DRAM token returned!
WARNING: Unrequested DRAM token returned!
WARNING: Unrequested DRAM token returned!
WARNING: Unrequested DRAM token returned!
WARNING: Unrequested DRAM token returned!
WARNING: Unrequested DRAM token returned!
WARNING: Unrequested DRAM token returned!
WARNING: Unrequested DRAM token returned!
WARNING: Unrequested DRAM token returned!
WARNING: Unrequested DRAM token returned!
WARNING: Unrequested DRAM token returned!
WARNING: Unrequested DRAM token returned!
270000...
WARNING: Unrequested DRAM token returned!
WARNING: Unrequested DRAM token returned!
WARNING: Unrequested DRAM token returned!
WARNING: Unrequested DRAM token returned!
WARNING: Unrequested DRAM token returned!
WARNING: Unrequested DRAM token returned!
WARNING: Unrequested DRAM token returned!
WARNING: Unrequested DRAM token returned!
WARNING: Unrequested DRAM token returned!
WARNING: Unrequested DRAM token returned!
WARNING: Unrequested DRAM token returned!
WARNING: Unrequested DRAM token returned!
WARNING: Unrequested DRAM token returned!
WARNING: Unrequested DRAM token returned!
WARNING: Unrequested DRAM token returned!
WARNING: Unrequested DRAM token returned!
WARNING: Unrequested DRAM token returned!
WARNING: Unrequested DRAM token returned!
WARNING: Unrequested DRAM token returned!
WARNING: Unrequested DRAM token returned!
WARNING: Unrequested DRAM token returned!
WARNING: Unrequested DRAM token returned!
WARNING: Unrequested DRAM token returned!
WARNING: Unrequested DRAM token returned!
WARNING: Unrequested DRAM token returned!
WARNING: Unrequested DRAM token returned!
WARNING: Unrequested DRAM token returned!
WARNING: Unrequested DRAM token returned!
WARNING: Unrequested DRAM token returned!
WARNING: Unrequested DRAM token returned!
WARNING: Unrequested DRAM token returned!
WARNING: Unrequested DRAM token returned!
WARNING: Unrequested DRAM token returned!
WARNING: Unrequested DRAM token returned!
WARNING: Unrequested DRAM token returned!
WARNING: Unrequested DRAM token returned!
WARNING: Unrequested DRAM token returned!
WARNING: Unrequested DRAM token returned!
WARNING: Unrequested DRAM token returned!
WARNING: Unrequested DRAM token returned!
WARNING: Unrequested DRAM token returned!
WARNING: Unrequested DRAM token returned!
WARNING: Unrequested DRAM token returned!
WARNING: Unrequested DRAM token returned!
WARNING: Unrequested DRAM token returned!
WARNING: Unrequested DRAM token returned!
WARNING: Unrequested DRAM token returned!
WARNING: Unrequested DRAM token returned!
WARNING: Unrequested DRAM token returned!
WARNING: Unrequested DRAM token returned!
WARNING: Unrequested DRAM token returned!
280000...
WARNING: Unrequested DRAM token returned!
WARNING: Unrequested DRAM token returned!
WARNING: Unrequested DRAM token returned!
WARNING: Unrequested DRAM token returned!
WARNING: Unrequested DRAM token returned!
WARNING: Unrequested DRAM token returned!
WARNING: Unrequested DRAM token returned!
WARNING: Unrequested DRAM token returned!
WARNING: Unrequested DRAM token returned!
WARNING: Unrequested DRAM token returned!
WARNING: Unrequested DRAM token returned!
WARNING: Unrequested DRAM token returned!
WARNING: Unrequested DRAM token returned!
WARNING: Unrequested DRAM token returned!
WARNING: Unrequested DRAM token returned!
WARNING: Unrequested DRAM token returned!
WARNING: Unrequested DRAM token returned!
WARNING: Unrequested DRAM token returned!
WARNING: Unrequested DRAM token returned!
WARNING: Unrequested DRAM token returned!
Simulation complete at cycle: 284165
[[32mpsim[0m] Simulation complete at cycle: 284165
CE3861: Active:  23.1 Stalled:  12.0 Starved:  18.3 Total Active:    65536 Total Output:    65536 Expected Active:    65536 Last Activity: 51882 
	   65536    65536 
	DRAM:  14.76 GB/s ( 14.76 GB/s R,   0.00 GB/s W)
	ROB remaining: 0
CE3875: Active:  23.1 Stalled:  12.5 Starved:  18.1 Total Active:    65536 Total Output:    65536 Expected Active:    65536 Last Activity: 51326 
	   65536    65536 
	DRAM:  14.76 GB/s ( 14.76 GB/s R,   0.00 GB/s W)
	ROB remaining: 0
CE3887: Active:  11.5 Stalled:   0.5 Starved:  88.2 Total Active:    32768 Total Output:    32768 Expected Active:    32768 Last Activity: 796 
	   32768 
	DRAM:   4.74 GB/s (  4.74 GB/s R,   0.00 GB/s W)
	ROB remaining: 0
CE3897: Active:  11.5 Stalled:   0.6 Starved:  88.4 Total Active:    32768 Total Output:    32768 Expected Active:    32768 Last Activity: 312 
	   32768 
	DRAM:   4.72 GB/s (  4.72 GB/s R,   0.00 GB/s W)
	ROB remaining: 0
CE3933: Active:   0.0 Stalled:   0.0 Starved: 100.0 Total Active:        1 Total Output:        1 Expected Active:        1 Last Activity: 284164 
	
CE3949: Active:   0.0 Stalled:   0.0 Starved: 100.0 Total Active:        1 Total Output:        1 Expected Active:        1 Last Activity: 1 
	       1 
CE3969: Active:   5.8 Stalled:  75.9 Starved:  18.5 Total Active:    16384 Total Output:    16384 Expected Active:    16384 Last Activity: 52439 
	   16384 
CE3981: Active:  23.1 Stalled:  58.9 Starved:  18.0 Total Active:    65536 Total Output:    65536 Expected Active:    65536 Last Activity: 51180 
	   65536 
CE3993: Active:   5.8 Stalled:  76.1 Starved:  18.1 Total Active:    16384 Total Output:    16384 Expected Active:    16384 Last Activity: 51436 
	   16384 
CE4005: Active:  23.1 Stalled:  59.0 Starved:  17.9 Total Active:    65536 Total Output:    65536 Expected Active:    65536 Last Activity: 50866 
	   65536 
CE4017: Active:   0.0 Stalled:   0.0 Starved: 100.0 Total Active:       16 Total Output:       16 Expected Active:       16 Last Activity: 284145 
	      16 
CE4031: Active:   2.9 Stalled:  96.8 Starved:   0.3 Total Active:     8192 Total Output:     8192 Expected Active:     8192 Last Activity: 922 
	    8192 
CE4045: Active:   2.9 Stalled:  97.0 Starved:   0.1 Total Active:     8192 Total Output:     8192 Expected Active:     8192 Last Activity: 384 
	    8192 
CE4153: Active:  23.1 Stalled:  13.7 Starved:  64.9 Total Active:    65536 Total Output:    65536 Expected Active:    65536 Last Activity: 51168 
	   65536    65536 
CE4141: Active:  11.5 Stalled:  84.3 Starved:   4.2 Total Active:    32768 Total Output:    32768 Expected Active:    32768 Last Activity: 949 
	   32768 
CE4177: Active:  23.1 Stalled:  13.0 Starved:  65.5 Total Active:    65536 Total Output:    65536 Expected Active:    65536 Last Activity: 51168 
	   65536    65536 
CE4165: Active:  11.5 Stalled:  84.5 Starved:   4.0 Total Active:    32768 Total Output:    32768 Expected Active:    32768 Last Activity: 426 
	   32768 
CE4201: Active:  23.1 Stalled:  14.0 Starved:  64.6 Total Active:    65536 Total Output:    65536 Expected Active:    65536 Last Activity: 50854 
	   65536    65536 
CE4189: Active:  11.5 Stalled:  84.5 Starved:   4.0 Total Active:    32768 Total Output:    32768 Expected Active:    32768 Last Activity: 617 
	   32768 
CE4225: Active:  23.1 Stalled:  13.3 Starved:  65.2 Total Active:    65536 Total Output:    65536 Expected Active:    65536 Last Activity: 50854 
	   65536    65536 
CE4213: Active:  11.5 Stalled:  84.6 Starved:   3.9 Total Active:    32768 Total Output:    32768 Expected Active:    32768 Last Activity: 290 
	   32768 
CE4273: Active:  11.5 Stalled:   1.6 Starved:  87.3 Total Active:    32768 Total Output:    32768 Expected Active:    32768 Last Activity: 739 
	   32768    32768 
CE4261: Active:  11.5 Stalled:   4.0 Starved:  84.7 Total Active:    32768 Total Output:    32768 Expected Active:    32768 Last Activity: 612 
	   32768 
CE4297: Active:  11.5 Stalled:   3.0 Starved:  86.3 Total Active:    32768 Total Output:    32768 Expected Active:    32768 Last Activity: 279 
	   32768    32768 
CE4285: Active:  11.5 Stalled:   5.8 Starved:  82.8 Total Active:    32768 Total Output:    32768 Expected Active:    32768 Last Activity: 270 
	   32768 
CE4059: Active:  11.5 Stalled:   4.8 Starved:  83.8 Total Active:    32768 Total Output:    32768 Expected Active:    32768 Last Activity: 585 
	   32768    32768 
CE4073: Active:  11.5 Stalled:   7.0 Starved:  81.8 Total Active:    32768 Total Output:    32768 Expected Active:    32768 Last Activity: 264 
	   32768    32768 
CE4323: Active:  11.5 Stalled:  84.3 Starved:   4.2 Total Active:    32768 Total Output:    32768 Expected Active:    32768 Last Activity: 936 
	   32768 
CE4311: Active:  11.5 Stalled:   0.0 Starved:  88.5 Total Active:    32768 Total Output:    32768 Expected Active:    32768 Last Activity: 811 
	   32768    32768 
CE4347: Active:  11.5 Stalled:  84.5 Starved:   4.0 Total Active:    32768 Total Output:    32768 Expected Active:    32768 Last Activity: 389 
	   32768 
CE4335: Active:  11.5 Stalled:   0.0 Starved:  88.5 Total Active:    32768 Total Output:    32768 Expected Active:    32768 Last Activity: 327 
	   32768    32768 
CE4085: Active:   2.9 Stalled:  13.3 Starved:  86.1 Total Active:     8192 Total Output:     8192 Expected Active:     8192 Last Activity: 473 
	    8192 
CE4095: Active:   2.9 Stalled:  19.8 Starved:  81.1 Total Active:     8192 Total Output:     8192 Expected Active:     8192 Last Activity: 255 
	    8192 
CE4109: Active:  11.5 Stalled:   0.0 Starved:  88.5 Total Active:    32768 Total Output:    32768 Expected Active:    32768 Last Activity: 805 
	   32768    32768    32768 
CE4127: Active:  11.5 Stalled:   0.0 Starved:  88.5 Total Active:    32768 Total Output:    32768 Expected Active:    32768 Last Activity: 321 
	   32768    32768    32768 
CE4249: Active:   2.9 Stalled:   0.0 Starved:  97.1 Total Active:     8192 Total Output:     8192 Expected Active:     8192 Last Activity: 244 
	    8192     8192 
CE4237: Active:   0.4 Stalled:   0.0 Starved:  99.6 Total Active:     1024 Total Output:     1024 Expected Active:     1024 Last Activity: 175 
	    1024 
CE3911: Active:   0.4 Stalled:   0.0 Starved:  99.6 Total Active:     1024 Total Output:     1024 Expected Active:     1024 Last Activity: 168 
	    1024     1024     1024 
	DRAM:   0.23 GB/s (  0.00 GB/s R,   0.23 GB/s W)
	ROB remaining: 0
CE3957: Active:   0.4 Stalled:   0.0 Starved:  99.6 Total Active:     1024 Total Output:     1024 Expected Active:     1024 Last Activity: 10 
	    1024 
Total DRAM:	  44.51 GB/s ( 44.28 GB/s R,   0.23 GB/s W)
[[32mpsim[0m] Total DRAM:	  44.51 GB/s ( 44.28 GB/s R,   0.23 GB/s W)
Pending Read: 0	 Pending Write: 0	
Sending shutdown IPC message.
IPC layer sent 284165 msgs recvd 284165 msgs
[pir] Finished 68-PlastisimConfigCodegen to [36mconfig.psim[0m in 73557.245559ms
[pir] Running 69-PlastisimDotCodegen ...[pir] Finished 69-PlastisimDotCodegen to [36mpsim.dot[0m in 876.322286ms
[pir] Saving node prism.Session@6ef72c03 to /home/yaqiz/pir/out/SPMV_ELL__L_64_N_16384_ts_1024_op_1_mp_2_psim_D_v2_s4_rq4/SPMV_ELL__L_64_N_16384_ts_1024_op_1_mp_2.sess
[0m[[32msuccess[0m] [0mTotal time: 147 s, completed Aug 6, 2018 1:33:34 AM[0m
-------------PASS (DONE)------------
