Java HotSpot(TM) 64-Bit Server VM warning: ignoring option MaxPermSize=1g; support was removed in 8.0
Picked up _JAVA_OPTIONS: -Xss8192k
[0m[[0minfo[0m] [0mLoading global plugins from /home/yaqiz/.sbt/0.13/plugins[0m
[0m[[0minfo[0m] [0mLoading project definition from /home/yaqiz/pir/project[0m
[0m[[0minfo[0m] [0mSet current project to default-675fdc (in build file:/home/yaqiz/pir/)[0m
[0m[[0minfo[0m] [0mSet current project to apps (in build file:/home/yaqiz/pir/)[0m
[0m[[0minfo[0m] [0mRunning BlackScholes__N_1048576_ts_65536_op_1 --out=/home/yaqiz/pir/out/BlackScholes__N_1048576_ts_65536_op_1_dynamic_v2_s4 --psim-out=/home/yaqiz/plastisim/configs/finals/BlackScholes__N_1048576_ts_65536_op_1_dynamic_v2_s4 --debug=false --verbose=true --dot=false --mapping=true --load-pir=true --save-pir=true --psim=true --trace=true --ctrl=true --bp=false --stat=true --net=dynamic --routing-algo=proute --proute-iter=1000 --run-psim=true --arch=MyDesign --row=16 --col=8 --topo=mesh --argin=64 --tokenout=32 --fifo-depth=4 --vfifo=4 --vc=8 --vlink=2 --slink=4[0m
[pir] args=[--load-pir=false, --run-psim=false, --trace=false, --net=static, --stat=false, --vlink=2, --slink=6, --vfifo=4, --row=16, --col=8, --topo=mesh, --routing-algo=dor, --psim-timeout=100000000, --mapping=true, --splitting=true, --save-pir=true, --load-spade=false, --save-spade=false, --splitting-algo=alias_weighted_igraph, --ctrl=true, --bp=false, --snapint=10, --snapshot=false, --dot=true, --psim=false, --arch=MyDesign, --nn=false, --dag=true, --pattern=checkerboard, --argin=20, --argout=4, --tokenout=5, --fifo-depth=10, --vc=10, --routing-cost=H-hop, --out=/home/yaqiz/pir/out/BlackScholes__N_1048576_ts_65536_op_1_dynamic_v2_s4, --psim-out=/home/yaqiz/plastisim/configs/finals/BlackScholes__N_1048576_ts_65536_op_1_dynamic_v2_s4, --debug=false, --verbose=true, --dot=false, --mapping=true, --load-pir=true, --save-pir=true, --psim=true, --trace=true, --ctrl=true, --bp=false, --stat=true, --net=dynamic, --routing-algo=proute, --proute-iter=1000, --run-psim=true, --arch=MyDesign, --row=16, --col=8, --topo=mesh, --argin=64, --tokenout=32, --fifo-depth=4, --vfifo=4, --vc=8, --vlink=2, --slink=4]
[pir] Output directory set to [36m/home/yaqiz/pir/out/BlackScholes__N_1048576_ts_65536_op_1_dynamic_v2_s4[0m
[pir] Loading from /home/yaqiz/pir/out/BlackScholes__N_1048576_ts_65536_op_1_dynamic_v2_s4/BlackScholes__N_1048576_ts_65536_op_1.pir[pir] Loading PIRDesign() from /home/yaqiz/pir/out/BlackScholes__N_1048576_ts_65536_op_1_dynamic_v2_s4/BlackScholes__N_1048576_ts_65536_op_1.pir
[pir] Configuring spade MyDesign ...
[pir] Loading from /home/yaqiz/pir/out/BlackScholes__N_1048576_ts_65536_op_1_dynamic_v2_s4/BlackScholes__N_1048576_ts_65536_op_1.sess[pir] Loading prism.Session@35fc0666 from /home/yaqiz/pir/out/BlackScholes__N_1048576_ts_65536_op_1_dynamic_v2_s4/BlackScholes__N_1048576_ts_65536_op_1.sess
[pir] Saving node PIRDesign() to /home/yaqiz/pir/out/BlackScholes__N_1048576_ts_65536_op_1_dynamic_v2_s4/BlackScholes__N_1048576_ts_65536_op_1.pir
[pir] Running 50-PlastisimTraceCodegen ...[[33mcommand[0m] mkdir -p /home/yaqiz/plastisim/configs/finals/BlackScholes__N_1048576_ts_65536_op_1_dynamic_v2_s4/traces
[[33mcommand[0m] mkdir -p /home/yaqiz/plastisim/configs/finals/BlackScholes__N_1048576_ts_65536_op_1_dynamic_v2_s4/trace_classes
[[33mtrace[0m] /home/yaqiz/pir/bin/run_trace /home/yaqiz/pir/out/BlackScholes__N_1048576_ts_65536_op_1_dynamic_v2_s4 /home/yaqiz/plastisim/configs/finals/BlackScholes__N_1048576_ts_65536_op_1_dynamic_v2_s4
[[33mtrace[0m] log in /home/yaqiz/pir/out/BlackScholes__N_1048576_ts_65536_op_1_dynamic_v2_s4/trace.log
[pir] Finished 50-PlastisimTraceCodegen to [36mgen_trace.scala[0m in 31177.97303ms
[pir] Running 51-PlastisimLinkAnalyzer ...[pir] Finished 51-PlastisimLinkAnalyzer in 12208.002213ms
[pir] Running 52-PlastisimDotCodegen ...[pir] Finished 52-PlastisimDotCodegen to [36mpsim.dot[0m in 12332.47589ms
[pir] Running 53-PlastisimCountCheck ...[pir] Finished 53-PlastisimCountCheck in 719.148024ms
[pir] Running 58-CUPruning ...[pir] Finished 58-CUPruning in 4948.462012ms
[pir] Running 59-CUPlacer ...[[32msuccess[0m] CUPlacer succeeded
[pir] Finished 59-CUPlacer in 194198.003694ms
[pir] Running 60-CUStatistics ...[pir] =========== Post-splitting CU Statistics ==================
[pir] 
[pir] number of cus=73
[pir] number of ocu = 1
[pir] - cin (1.00,1.00,1.00) sin (1.00,1.00,1.00) vin (0.00,0.00,0.00)
[pir] - cout (1.00,1.00,1.00) sout (0.00,0.00,0.00) vout (0.00,0.00,0.00)
[pir] - stages (0.00,0.00,0.00)
[pir] number of pcu = 50
[pir] - cin (0.00,0.00,0.00) sin (0.00,0.00,0.00) vin (1.00,2.04,4.00)
[pir] - cout (0.00,0.00,0.00) sout (0.00,0.00,0.00) vout (1.00,1.18,2.00)
[pir] - stages (1.00,3.62,6.00)
[pir] number of dag = 7
[pir] - cin (0.00,0.00,0.00) sin (2.00,2.00,2.00) vin (0.00,0.00,0.00)
[pir] - cout (0.00,0.00,0.00) sout (2.00,2.00,2.00) vout (0.00,0.00,0.00)
[pir] - stages (2.00,2.00,2.00)
[pir] number of pmu = 7
[pir] - cin (0.00,0.00,0.00) sin (0.00,0.00,0.00) vin (1.00,1.00,1.00)
[pir] - cout (0.00,0.00,0.00) sout (0.00,0.00,0.00) vout (1.00,1.00,1.00)
[pir] - stages (0.00,0.00,0.00)
[pir] number of dfg = 7
[pir] - cin (0.00,0.00,0.00) sin (2.00,2.00,2.00) vin (0.00,0.14,1.00)
[pir] - cout (0.00,0.14,1.00) sout (0.00,0.00,0.00) vout (0.00,0.86,1.00)
[pir] - stages (0.00,0.00,0.00)
[pir] number of afg = 1
[pir] - cin (1.00,1.00,1.00) sin (0.00,0.00,0.00) vin (0.00,0.00,0.00)
[pir] - cout (0.00,0.00,0.00) sout (8.00,8.00,8.00) vout (0.00,0.00,0.00)
[pir] - stages (0.00,0.00,0.00)
[pir] compute CU = 51
[pir] memory CU = 7
[pir] mc CU = 7
[pir] Total = 58
[pir] PCU = 49 / 64 (76.56%)
[pir] PMU-comp = 2 / 63 (3.17%)
[pir] PMU-mem = 7 / 63 (11.11%)
[pir] AG-ag = 5 / 32 (15.63%)
[pir] AG-comp = 0 / 32 (0.00%)
[pir] MC = 7 / 32 (21.88%)
[pir] Finished 60-CUStatistics to [36mstat.json[0m in 3613.715709ms
[pir] Running 61-PIRNetworkDotCodegen ...[pir] Finished 61-PIRNetworkDotCodegen to [36mcontrol.dot[0m in 1293.659122ms
[pir] Running 62-PIRNetworkDotCodegen ...[pir] Finished 62-PIRNetworkDotCodegen to [36mscalar.dot[0m in 904.735731ms
[pir] Running 63-PIRNetworkDotCodegen ...[pir] Finished 63-PIRNetworkDotCodegen to [36mvector.dot[0m in 1009.479353ms
[pir] Running 64-TerminalCSVCodegen ...[pir] Finished 64-TerminalCSVCodegen to [36mnode.csv[0m in 7.083618ms
[pir] Running 65-LinkCSVCodegen ...[pir] Finished 65-LinkCSVCodegen to [36mlink.csv[0m in 10888.130582ms
[pir] Running 66-PlastisimPlacementCodegen ...[[33mproute[0m] /home/yaqiz/plastiroute/plastiroute -n /home/yaqiz/plastisim/configs/finals/BlackScholes__N_1048576_ts_65536_op_1_dynamic_v2_s4/node.csv -l /home/yaqiz/plastisim/configs/finals/BlackScholes__N_1048576_ts_65536_op_1_dynamic_v2_s4/link.csv -o /home/yaqiz/plastisim/configs/finals/BlackScholes__N_1048576_ts_65536_op_1_dynamic_v2_s4/final.place -r 16 -c 8 -s1 -g /home/yaqiz/plastisim/configs/finals/BlackScholes__N_1048576_ts_65536_op_1_dynamic_v2_s4/proute.dot -x2 -e 4 -i100 -p100 -t1 -d100 -a route_min_directed_valient -s0
[[33mproute[0m] log in /home/yaqiz/pir/out/BlackScholes__N_1048576_ts_65536_op_1_dynamic_v2_s4/proute.log
Start scoring thread: 0
Start scoring thread: 0
100 scores: min 806.97 	2.00/2.00/13/0.47/2 	max 10113.29 mean 4493.37
Start scoring thread: 0
100 scores: min 206.82 	1.00/1.00/13/0.32/1 	max 12412.28 mean 1309.07
Start scoring thread: 0
100 scores: min 206.75 	1.00/1.00/13/0.25/1 	max 8114.18 mean 979.94
Start scoring thread: 0
100 scores: min 206.73 	1.00/1.00/13/0.23/1 	max 4413.02 mean 689.83
Start scoring thread: 0
100 scores: min 206.23 	1.00/1.00/12/0.23/1 	max 7212.59 mean 824.07
Start scoring thread: 0
100 scores: min 206.23 	1.00/1.00/12/0.23/1 	max 9212.71 mean 857.40
Start scoring thread: 0
100 scores: min 206.22 	1.00/1.00/12/0.22/1 	max 8113.45 mean 805.25
Start scoring thread: 0
100 scores: min 206.22 	1.00/1.00/12/0.22/1 	max 8113.38 mean 905.31
Start scoring thread: 0
100 scores: min 206.16 	1.00/1.00/12/0.16/1 	max 9213.62 mean 680.36
Start scoring thread: 0
100 scores: min 206.16 	1.00/1.00/12/0.16/1 	max 6513.53 mean 734.65
Start scoring thread: 0
100 scores: min 206.14 	1.00/1.00/12/0.14/1 	max 9213.54 mean 755.48
Start scoring thread: 0
100 scores: min 206.13 	1.00/1.00/12/0.13/1 	max 12412.73 mean 1010.52
Start scoring thread: 0
100 scores: min 206.13 	1.00/1.00/12/0.13/1 	max 8113.72 mean 797.55
Start scoring thread: 0
100 scores: min 205.61 	1.00/1.00/11/0.11/1 	max 7212.39 mean 708.16
Start scoring thread: 0
100 scores: min 205.61 	1.00/1.00/11/0.11/1 	max 7213.63 mean 715.19
Start scoring thread: 0
100 scores: min 205.61 	1.00/1.00/11/0.11/1 	max 8114.56 mean 786.86
Start scoring thread: 0
100 scores: min 205.61 	1.00/1.00/11/0.11/1 	max 8113.04 mean 666.66
Start scoring thread: 0
100 scores: min 205.61 	1.00/1.00/11/0.11/1 	max 4412.59 mean 560.65
Start scoring thread: 0
100 scores: min 205.61 	1.00/1.00/11/0.11/1 	max 2812.37 mean 534.77
Start scoring thread: 0
100 scores: min 205.60 	1.00/1.00/11/0.10/1 	max 5112.41 mean 738.24
Start scoring thread: 0
100 scores: min 205.54 	1.00/1.00/11/0.04/1 	max 7412.97 mean 830.53
Start scoring thread: 0
100 scores: min 205.52 	1.00/1.00/11/0.02/1 	max 8113.65 mean 722.17
Start scoring thread: 0
100 scores: min 205.52 	1.00/1.00/11/0.02/1 	max 7213.72 mean 529.72
Start scoring thread: 0
100 scores: min 205.52 	1.00/1.00/11/0.02/1 	max 8112.51 mean 659.99
Start scoring thread: 0
100 scores: min 205.52 	1.00/1.00/11/0.02/1 	max 8114.01 mean 712.09
Start scoring thread: 0
100 scores: min 205.52 	1.00/1.00/11/0.02/1 	max 7213.66 mean 666.27
Start scoring thread: 0
100 scores: min 5.50 	0.00/0.00/11/0.00/0 	max 8113.35 mean 558.91
Best score is 5.50
Used 0 VCs for endpoint coloring.
	Used 0 VCs.
[[32mproute[0m] 	Used 0 VCs.
[pir] Finished 66-PlastisimPlacementCodegen to [36mfinal.place[0m in 27795.261263ms
[pir] Running 67-PlastisimDotCodegen ...[pir] Finished 67-PlastisimDotCodegen to [36mpsim.dot[0m in 14467.663111ms
[pir] Running 68-PlastisimConfigCodegen ...[[33mcommand[0m] ln -f /home/yaqiz/plastisim/configs/mesh_generic.cfg /home/yaqiz/plastisim/configs/finals/BlackScholes__N_1048576_ts_65536_op_1_dynamic_v2_s4/
[[33mpsim[0m] /home/yaqiz/plastisim/plastisim -f /home/yaqiz/plastisim/configs/finals/BlackScholes__N_1048576_ts_65536_op_1_dynamic_v2_s4/config.psim -p /home/yaqiz/plastisim/configs/finals/BlackScholes__N_1048576_ts_65536_op_1_dynamic_v2_s4/final.place -c 100000000 -l B
[[33mpsim[0m] log in /home/yaqiz/pir/out/BlackScholes__N_1048576_ts_65536_op_1_dynamic_v2_s4/psim.log
Changing to config directory: /home/yaqiz/plastisim/configs/finals/BlackScholes__N_1048576_ts_65536_op_1_dynamic_v2_s4
Constructing NetworkLink.
Constructing NetworkLink.
Constructing NetworkLink.
Constructing NetworkLink.
Constructing NetworkLink.
Constructing NetworkLink.
Constructing NetworkLink.
Constructing NetworkLink.
Constructing NetworkLink.
Constructing NetworkLink.
Constructing NetworkLink.
Constructing NetworkLink.
Constructing NetworkLink.
Constructing NetworkLink.
Constructing NetworkLink.
Constructing NetworkLink.
Constructing NetworkLink.
Constructing NetworkLink.
Constructing NetworkLink.
Constructing NetworkLink.
Constructing NetworkLink.
Constructing NetworkLink.
Constructing NetworkLink.
Constructing NetworkLink.
Constructing NetworkLink.
Constructing NetworkLink.
Constructing NetworkLink.
Constructing NetworkLink.
Constructing NetworkLink.
Constructing NetworkLink.
Constructing NetworkLink.
Constructing NetworkLink.
Constructing NetworkLink.
Constructing NetworkLink.
Constructing NetworkLink.
Constructing NetworkLink.
Constructing NetworkLink.
Constructing NetworkLink.
Constructing NetworkLink.
Constructing NetworkLink.
Constructing NetworkLink.
Constructing NetworkLink.
Constructing NetworkLink.
Constructing NetworkLink.
Constructing NetworkLink.
Constructing NetworkLink.
Constructing NetworkLink.
Constructing NetworkLink.
Constructing NetworkLink.
Constructing NetworkLink.
Constructing NetworkLink.
Constructing NetworkLink.
Constructing NetworkLink.
Constructing NetworkLink.
Constructing NetworkLink.
Constructing NetworkLink.
Constructing NetworkLink.
Constructing NetworkLink.
Constructing NetworkLink.
Constructing NetworkLink.
Constructing NetworkLink.
Constructing NetworkLink.
Constructing NetworkLink.
Constructing NetworkLink.
Constructing NetworkLink.
Constructing NetworkLink.
Constructing NetworkLink.
Constructing NetworkLink.
Constructing NetworkLink.
Constructing NetworkLink.
Constructing NetworkLink.
Constructing NetworkLink.
Constructing NetworkLink.
Constructing NetworkLink.
Constructing NetworkLink.
Constructing NetworkLink.
Constructing NetworkLink.
Constructing NetworkLink.
Constructing NetworkLink.
Constructing NetworkLink.
Constructing NetworkLink.
Constructing NetworkLink.
Constructing NetworkLink.
Constructing NetworkLink.
Constructing NetworkLink.
Constructing NetworkLink.
Constructing NetworkLink.
Constructing NetworkLink.
Constructing NetworkLink.
Constructing NetworkLink.
Constructing NetworkLink.
Constructing NetworkLink.
Constructing NetworkLink.
Constructing NetworkLink.
Constructing NetworkLink.
Constructing NetworkLink.
Added all names to the symbol table.
Adding static hop for route 4807 (1708->2342, lat 3).
Adding static hop for route 4807 (1708->2344, lat 1).
Adding static hop for route 4807 (1708->2273, lat 3).
Adding static hop for route 4807 (1708->2349, lat 1).
Adding static hop for route 4807 (1708->2337, lat 3).
Adding static hop for route 4807 (1708->2350, lat 1).
Adding static hop for route 4807 (1708->2343, lat 5).
Adding static hop for route 4807 (1708->2341, lat 3).
Adding static hop for route 4807 (1708->2345, lat 3).
Adding static hop for route 4807 (1708->2347, lat 3).
Adding static hop for route 4807 (1708->2354, lat 9).
Adding static hop for route 4807 (1708->2351, lat 1).
Adding static hop for route 5677 (2307->2311, lat 4).
Adding static hop for route 5677 (2307->2308, lat 4).
Adding static hop for route 5677 (2307->2310, lat 6).
Adding static hop for route 5677 (2307->2312, lat 4).
Adding static hop for route 5677 (2307->2313, lat 4).
Adding static hop for route 5032 (2325->2323, lat 2).
Adding static hop for route 5032 (2325->2326, lat 2).
Adding static hop for route 5032 (2325->2328, lat 2).
Adding static hop for route 5032 (2325->2280, lat 2).
Adding static hop for route 5032 (2325->2329, lat 2).
Adding static hop for route 4737 (2273->2275, lat 2).
Adding static hop for route 4737 (2273->2270, lat 4).
Adding static hop for route 4737 (2273->2276, lat 2).
Adding static hop for route 4737 (2273->2277, lat 2).
Adding static hop for route 4737 (2273->2274, lat 2).
Adding static hop for route 5926 (2315->2318, lat 4).
Adding static hop for route 5926 (2315->2319, lat 2).
Adding static hop for route 5926 (2315->2317, lat 4).
Adding static hop for route 5390 (1704->2296, lat 1).
Adding static hop for route 5390 (1704->2301, lat 3).
Adding static hop for route 5390 (1704->2357, lat 7).
Adding static hop for route 5081 (2283->2285, lat 2).
Adding static hop for route 5081 (2283->2286, lat 2).
Adding static hop for route 5081 (2283->2287, lat 2).
Adding static hop for route 6911 (2357->2358, lat 2).
Adding static hop for route 6911 (2357->2359, lat 4).
Adding static hop for route 6714 (1707->2352, lat 1).
Adding static hop for route 6714 (1707->2355, lat 11).
Adding static hop for route 5438 (2276->2298, lat 6).
Adding static hop for route 5438 (2276->2300, lat 2).
Adding static hop for route 5413 (2290->2300, lat 2).
Adding static hop for route 5413 (2290->2298, lat 4).
Adding static hop for route 5365 (2289->2296, lat 4).
Adding static hop for route 5365 (2289->2301, lat 2).
Adding static hop for route 5292 (2355->2290, lat 6).
Adding static hop for route 5292 (2355->2325, lat 10).
Adding static hop for route 5241 (2355->2289, lat 6).
Adding static hop for route 5241 (2355->2307, lat 4).
Adding static hop for route 4939 (1705->2276, lat 1).
Adding static hop for route 4939 (1705->2357, lat 3).
Adding static hop for route 4784 (1706->2273, lat 9).
Adding static hop for route 4784 (1706->2352, lat 5).
Adding static hop for route 6959 (2359->2358, lat 2).
Adding static hop for route 6935 (2359->2358, lat 2).
Adding static hop for route 6829 (2343->2355, lat 10).
Adding static hop for route 6806 (2354->2355, lat 4).
Adding static hop for route 6763 (2358->2354, lat 2).
Adding static hop for route 6737 (2352->2354, lat 10).
Adding static hop for route 6651 (2349->2351, lat 2).
Adding static hop for route 6628 (2350->2351, lat 2).
Adding static hop for route 6563 (2347->2349, lat 2).
Adding static hop for route 6500 (2344->2345, lat 2).
Adding static hop for route 6436 (2345->2343, lat 2).
Adding static hop for route 6412 (2342->2343, lat 2).
Adding static hop for route 6387 (2337->2343, lat 2).
Adding static hop for route 6344 (2351->2342, lat 2).
Adding static hop for route 6318 (2341->2342, lat 2).
Adding static hop for route 6214 (2329->2328, lat 2).
Adding static hop for route 6171 (2328->2326, lat 2).
Adding static hop for route 6147 (2328->2326, lat 2).
Adding static hop for route 6084 (2326->2323, lat 4).
Adding static hop for route 6041 (2319->2318, lat 2).
Adding static hop for route 5998 (2319->2318, lat 2).
Adding static hop for route 5973 (2318->2317, lat 8).
Adding static hop for route 5949 (2312->2317, lat 2).
Adding static hop for route 5901 (2307->2315, lat 2).
Adding static hop for route 5878 (2308->2313, lat 4).
Adding static hop for route 5814 (2313->2312, lat 2).
Adding static hop for route 5770 (2311->2310, lat 2).
Adding static hop for route 5727 (2310->2308, lat 2).
Adding static hop for route 5703 (2310->2308, lat 2).
Adding static hop for route 5614 (2300->2301, lat 2).
Adding static hop for route 5531 (2301->2299, lat 2).
Adding static hop for route 5507 (2298->2299, lat 2).
Adding static hop for route 5484 (2296->2299, lat 2).
Adding static hop for route 5461 (2294->2299, lat 7).
Adding static hop for route 5340 (1703->2294, lat 2).
Adding static hop for route 5317 (2285->2290, lat 6).
Adding static hop for route 5268 (2317->2289, lat 2).
Adding static hop for route 5179 (2287->2286, lat 2).
Adding static hop for route 5155 (2287->2286, lat 2).
Adding static hop for route 5131 (2280->2285, lat 2).
Adding static hop for route 5107 (2286->2285, lat 2).
Adding static hop for route 5056 (2325->2283, lat 6).
Adding static hop for route 5005 (2323->2280, lat 2).
Adding static hop for route 4962 (2270->2277, lat 4).
Adding static hop for route 4915 (2277->2276, lat 2).
Adding static hop for route 4831 (2275->2274, lat 2).
Adding static hop for route 4761 (2274->2270, lat 2).
Adding static hop for route 4710 (2274->2270, lat 2).
Adding static hop for route 4685 (2299->1709, lat 3).
Adding static hop for route 4640 (396->1708, lat 8).
Adding static hop for route 4594 (335->1707, lat 4).
Adding static hop for route 4548 (274->1706, lat 3).
Adding static hop for route 4502 (213->1705, lat 11).
Adding static hop for route 4456 (152->1704, lat 8).
Adding static hop for route 4410 (90->1703, lat 1).
Adding static hop for route 4011 (1462->1649, lat 9).
Adding static hop for route 3920 (1709->1462, lat 1).
Adding static hop for route 4035 (1467->1700, lat 5).
Adding static hop for route 4035 (1467->1649, lat 1).
Adding static hop for route 4035 (1467->1694, lat 7).
Adding static hop for route 4035 (1467->1685, lat 5).
Adding static hop for route 4035 (1467->1688, lat 4).
Adding static hop for route 4035 (1467->1691, lat 1).
Adding static hop for route 4035 (1467->1681, lat 3).
Adding static hop for route 4035 (1467->1697, lat 6).
Adding static hop for route 3896 (1681->1462, lat 7).
Adding static hop for route 3867 (1681->1462, lat 7).
Adding static hop for route 3843 (1700->396, lat 1).
Adding static hop for route 3814 (1700->396, lat 1).
Adding static hop for route 3790 (1697->335, lat 1).
Adding static hop for route 3761 (1697->335, lat 1).
Adding static hop for route 3737 (1694->274, lat 1).
Adding static hop for route 3708 (1694->274, lat 1).
Adding static hop for route 3684 (1691->213, lat 7).
Adding static hop for route 3655 (1691->213, lat 7).
Adding static hop for route 3631 (1688->152, lat 1).
Adding static hop for route 3602 (1688->152, lat 1).
Adding static hop for route 3578 (1685->90, lat 1).
Adding static hop for route 3549 (1685->90, lat 1).
Adding static hop for route 4364 (1467->1700, lat 5).
Adding static hop for route 4318 (1467->1697, lat 6).
Adding static hop for route 4272 (1467->1694, lat 7).
Adding static hop for route 4226 (1467->1691, lat 1).
Adding static hop for route 4180 (1467->1688, lat 4).
Adding static hop for route 4134 (1467->1685, lat 5).
Adding static hop for route 4088 (1467->1681, lat 3).
Adding static hop for route 3985 (1649->1467, lat 1).
Printing hop routes
Parsed placement file.
Link specified in placement file.
Changing link to static with placed latencies.
Set lat 1 from 0 to 0
Set lat 3 from 0 to 1
Set lat 5 from 0 to 2
Set lat 4 from 0 to 3
Set lat 1 from 0 to 4
Set lat 7 from 0 to 5
Set lat 6 from 0 to 6
Set lat 5 from 0 to 7
Link specified in placement file.
Changing link to static with placed latencies.
Set lat 6 from 0 to 0
Link specified in placement file.
Changing link to static with placed latencies.
Set lat 7 from 0 to 0
Link specified in placement file.
Changing link to static with placed latencies.
Set lat 1 from 0 to 0
Link specified in placement file.
Changing link to static with placed latencies.
Set lat 4 from 0 to 0
Link specified in placement file.
Changing link to static with placed latencies.
Set lat 5 from 0 to 0
Link specified in placement file.
Changing link to static with placed latencies.
Set lat 5 from 0 to 0
Link specified in placement file.
Changing link to static with placed latencies.
Set lat 3 from 0 to 0
Link specified in placement file.
Changing link to static with placed latencies.
Set lat 3 from 0 to 0
Link specified in placement file.
Changing link to static with placed latencies.
Set lat 2 from 0 to 0
Link specified in placement file.
Changing link to static with placed latencies.
Set lat 2 from 0 to 0
Link specified in placement file.
Changing link to static with placed latencies.
Set lat 2 from 0 to 0
Link specified in placement file.
Changing link to static with placed latencies.
Set lat 8 from 0 to 0
Link specified in placement file.
Changing link to static with placed latencies.
Set lat 2 from 0 to 0
Link specified in placement file.
Changing link to static with placed latencies.
Set lat 2 from 0 to 0
Link specified in placement file.
Changing link to static with placed latencies.
Set lat 2 from 0 to 0
Link specified in placement file.
Changing link to static with placed latencies.
Set lat 2 from 0 to 0
Link specified in placement file.
Changing link to static with placed latencies.
Set lat 2 from 0 to 0
Link specified in placement file.
Changing link to static with placed latencies.
Set lat 4 from 0 to 0
Link specified in placement file.
Changing link to static with placed latencies.
Set lat 2 from 0 to 0
Link specified in placement file.
Changing link to static with placed latencies.
Set lat 2 from 0 to 0
Link specified in placement file.
Changing link to static with placed latencies.
Set lat 2 from 0 to 0
Link specified in placement file.
Changing link to static with placed latencies.
Set lat 2 from 0 to 0
Link specified in placement file.
Changing link to static with placed latencies.
Set lat 2 from 0 to 0
Link specified in placement file.
Changing link to static with placed latencies.
Set lat 6 from 0 to 0
Link specified in placement file.
Changing link to static with placed latencies.
Set lat 2 from 0 to 0
Link specified in placement file.
Changing link to static with placed latencies.
Set lat 2 from 0 to 0
Link specified in placement file.
Changing link to static with placed latencies.
Set lat 2 from 0 to 0
Link specified in placement file.
Changing link to static with placed latencies.
Set lat 6 from 0 to 0
Link specified in placement file.
Changing link to static with placed latencies.
Set lat 2 from 0 to 0
Link specified in placement file.
Changing link to static with placed latencies.
Set lat 2 from 0 to 0
Link specified in placement file.
Changing link to static with placed latencies.
Set lat 4 from 0 to 0
Link specified in placement file.
Changing link to static with placed latencies.
Set lat 2 from 0 to 0
Link specified in placement file.
Changing link to static with placed latencies.
Set lat 2 from 0 to 0
Link specified in placement file.
Changing link to static with placed latencies.
Set lat 2 from 0 to 0
Link specified in placement file.
Changing link to static with placed latencies.
Set lat 2 from 0 to 0
Link specified in placement file.
Changing link to static with placed latencies.
Set lat 8 from 0 to 0
Link specified in placement file.
Changing link to static with placed latencies.
Set lat 4 from 0 to 0
Link specified in placement file.
Changing link to static with placed latencies.
Set lat 3 from 0 to 0
Link specified in placement file.
Changing link to static with placed latencies.
Set lat 11 from 0 to 0
Link specified in placement file.
Changing link to static with placed latencies.
Set lat 1 from 0 to 0
Link specified in placement file.
Changing link to static with placed latencies.
Set lat 8 from 0 to 0
Link specified in placement file.
Changing link to static with placed latencies.
Set lat 2 from 0 to 0
Link specified in placement file.
Changing link to static with placed latencies.
Set lat 2 from 0 to 0
Link specified in placement file.
Changing link to static with placed latencies.
Set lat 2 from 0 to 0
Link specified in placement file.
Changing link to static with placed latencies.
Set lat 4 from 0 to 0
Link specified in placement file.
Changing link to static with placed latencies.
Set lat 2 from 0 to 0
Link specified in placement file.
Changing link to static with placed latencies.
Set lat 7 from 0 to 0
Link specified in placement file.
Changing link to static with placed latencies.
Set lat 2 from 0 to 0
Link specified in placement file.
Changing link to static with placed latencies.
Set lat 2 from 0 to 0
Link specified in placement file.
Changing link to static with placed latencies.
Set lat 2 from 0 to 0
Link specified in placement file.
Changing link to static with placed latencies.
Set lat 2 from 0 to 0
Link specified in placement file.
Changing link to static with placed latencies.
Set lat 2 from 0 to 0
Link specified in placement file.
Changing link to static with placed latencies.
Set lat 2 from 0 to 0
Link specified in placement file.
Changing link to static with placed latencies.
Set lat 2 from 0 to 0
Link specified in placement file.
Changing link to static with placed latencies.
Set lat 2 from 0 to 0
Link specified in placement file.
Changing link to static with placed latencies.
Set lat 2 from 0 to 0
Link specified in placement file.
Changing link to static with placed latencies.
Set lat 10 from 0 to 0
Link specified in placement file.
Changing link to static with placed latencies.
Set lat 10 from 0 to 0
Link specified in placement file.
Changing link to static with placed latencies.
Set lat 2 from 0 to 0
Link specified in placement file.
Changing link to static with placed latencies.
Set lat 2 from 0 to 0
Link specified in placement file.
Changing link to static with placed latencies.
Set lat 2 from 0 to 0
Link specified in placement file.
Changing link to static with placed latencies.
Set lat 4 from 0 to 0
Link specified in placement file.
Changing link to static with placed latencies.
Set lat 1 from 0 to 0
Link specified in placement file.
Changing link to static with placed latencies.
Set lat 1 from 0 to 0
Link specified in placement file.
Changing link to static with placed latencies.
Set lat 1 from 0 to 0
Link specified in placement file.
Changing link to static with placed latencies.
Set lat 7 from 0 to 0
Link specified in placement file.
Changing link to static with placed latencies.
Set lat 7 from 0 to 0
Link specified in placement file.
Changing link to static with placed latencies.
Set lat 1 from 0 to 0
Link specified in placement file.
Changing link to static with placed latencies.
Set lat 1 from 0 to 0
Link specified in placement file.
Changing link to static with placed latencies.
Set lat 4 from 0 to 0
Set lat 4 from 0 to 1
Set lat 6 from 0 to 2
Set lat 4 from 0 to 3
Set lat 4 from 0 to 4
Link specified in placement file.
Changing link to static with placed latencies.
Set lat 2 from 0 to 0
Set lat 2 from 0 to 1
Set lat 2 from 0 to 2
Set lat 2 from 0 to 3
Set lat 2 from 0 to 4
Link specified in placement file.
Changing link to static with placed latencies.
Set lat 2 from 0 to 0
Set lat 4 from 0 to 1
Set lat 2 from 0 to 2
Set lat 2 from 0 to 3
Set lat 2 from 0 to 4
Link specified in placement file.
Changing link to static with placed latencies.
Set lat 1 from 0 to 0
Link specified in placement file.
Changing link to static with placed latencies.
Set lat 1 from 0 to 0
Link specified in placement file.
Changing link to static with placed latencies.
Set lat 1 from 0 to 0
Link specified in placement file.
Changing link to static with placed latencies.
Set lat 7 from 0 to 0
Link specified in placement file.
Changing link to static with placed latencies.
Set lat 1 from 0 to 0
Link specified in placement file.
Changing link to static with placed latencies.
Set lat 1 from 0 to 0
Link specified in placement file.
Changing link to static with placed latencies.
Set lat 7 from 0 to 0
Link specified in placement file.
Changing link to static with placed latencies.
Set lat 4 from 0 to 0
Set lat 4 from 0 to 1
Set lat 2 from 0 to 2
Link specified in placement file.
Changing link to static with placed latencies.
Set lat 2 from 0 to 0
Set lat 2 from 0 to 1
Set lat 2 from 0 to 2
Link specified in placement file.
Changing link to static with placed latencies.
Set lat 1 from 0 to 0
Set lat 3 from 0 to 1
Set lat 7 from 0 to 2
Set lat 1 from 0 to 0
Set lat 1 from 0 to 0
Set lat 1 from 0 to 0
Set lat 1 from 0 to 0
Set lat 1 from 0 to 0
Set lat 1 from 0 to 0
Set lat 1 from 0 to 0
Link specified in placement file.
Changing link to static with placed latencies.
Set lat 4 from 0 to 0
Set lat 2 from 0 to 1
Link specified in placement file.
Changing link to static with placed latencies.
Set lat 6 from 0 to 0
Set lat 4 from 0 to 1
Link specified in placement file.
Changing link to static with placed latencies.
Set lat 4 from 0 to 0
Set lat 2 from 0 to 1
Link specified in placement file.
Changing link to static with placed latencies.
Set lat 9 from 0 to 0
Set lat 5 from 0 to 1
Link specified in placement file.
Changing link to static with placed latencies.
Set lat 1 from 0 to 0
Set lat 3 from 0 to 1
Link specified in placement file.
Changing link to static with placed latencies.
Set lat 1 from 0 to 0
Set lat 11 from 0 to 1
Link specified in placement file.
Changing link to static with placed latencies.
Set lat 6 from 0 to 0
Set lat 2 from 0 to 1
Link specified in placement file.
Changing link to static with placed latencies.
Set lat 2 from 0 to 0
Set lat 4 from 0 to 1
Link specified in placement file.
Changing link to static with placed latencies.
Set lat 6 from 0 to 0
Set lat 10 from 0 to 1
Link specified in placement file.
Changing link to static with placed latencies.
Set lat 1 from 0 to 0
Set lat 3 from 0 to 1
Set lat 9 from 0 to 2
Set lat 3 from 0 to 3
Set lat 3 from 0 to 4
Set lat 3 from 0 to 5
Set lat 1 from 0 to 6
Set lat 3 from 0 to 7
Set lat 1 from 0 to 8
Set lat 5 from 0 to 9
Set lat 3 from 0 to 10
Set lat 1 from 0 to 11
Link specified in placement file.
Changing link to static with placed latencies.
Set lat 9 from 0 to 0
Link specified in placement file.
Changing link to static with placed latencies.
Set lat 1 from 0 to 0
Link specified in placement file.
Changing link to static with placed latencies.
Set lat 1 from 0 to 0
Child process has pid 5401
Parsed definitions of all elements.
Total of 103 links:
  0: ArgIn1711_ArgIn1733_ArgIn1777_ArgIn1799_ArgIn1755_ArgIn1821_ArgIn1843_ArgIn3945
    
  1: DramAddress315
    
  2: DramAddress254
    
  3: DramAddress193
    
  4: DramAddress132
    
  5: DramAddress70
    
  6: DramAddress376
    
  7: DramAddress1412
    
  8: RetimingFIFO2029
    
  9: RetimingFIFO2648
    
  10: RetimingFIFO2630
    
  11: RetimingFIFO2711
    
  12: RetimingFIFO2873
    
  13: RetimingFIFO2819
    
  14: RetimingFIFO2837
    
  15: RetimingFIFO2882
    
  16: RetimingFIFO2864
    
  17: RetimingFIFO2783
    
  18: RetimingFIFO2810
    
  19: RetimingFIFO2729
    
  20: RetimingFIFO2756
    
  21: RetimingFIFO2738
    
  22: RetimingFIFO2684
    
  23: RetimingFIFO2639
    
  24: RetimingFIFO2576
    
  25: RetimingFIFO2540
    
  26: RetimingFIFO2504
    
  27: RetimingFIFO2495
    
  28: RetimingFIFO2558
    
  29: RetimingFIFO2549
    
  30: RetimingFIFO2477
    
  31: RetimingFIFO2954
    
  32: RetimingFIFO2891
    
  33: RetimingFIFO2918
    
  34: RetimingFIFO2900
    
  35: RetimingFIFO2019
    
  36: RetimingFIFO2231
    
  37: RetimingFIFO2202
    
  38: RetimingFIFO2173
    
  39: RetimingFIFO2144
    
  40: RetimingFIFO2086
    
  41: RetimingFIFO2115
    
  42: RetimingFIFO2360
    
  43: RetimingFIFO2387
    
  44: RetimingFIFO2378
    
  45: RetimingFIFO2459
    
  46: RetimingFIFO2441
    
  47: RetimingFIFO2621
    
  48: RetimingFIFO2999
    
  49: RetimingFIFO2972
    
  50: RetimingFIFO3053
    
  51: RetimingFIFO3017
    
  52: RetimingFIFO3116
    
  53: RetimingFIFO3098
    
  54: RetimingFIFO3089
    
  55: RetimingFIFO2981
    
  56: RetimingFIFO3008
    
  57: RetimingFIFO3170
    
  58: RetimingFIFO3134
    
  59: RetimingFIFO3197
    
  60: RetimingFIFO3206
    
  61: RetimingFIFO3143
    
  62: RetimingFIFO3161
    
  63: StreamOut367
    
  64: StreamOut306
    
  65: StreamOut245
    
  66: StreamOut184
    
  67: StreamOut1402
    
  68: StreamOut61
    
  69: StreamOut123
    
  70: RetimingFIFO2720_RetimingFIFO2747_RetimingFIFO2765_RetimingFIFO2792_RetimingFIFO2801
    
  71: RetimingFIFO2486_RetimingFIFO2963_RetimingFIFO2909_RetimingFIFO2927_RetimingFIFO2936
    
  72: RetimingFIFO2369_RetimingFIFO2396_RetimingFIFO2405_RetimingFIFO2432_RetimingFIFO2468
    
  73: StreamOut368
    
  74: StreamOut307
    
  75: StreamOut246
    
  76: StreamOut1403
    
  77: StreamOut62
    
  78: StreamOut124
    
  79: StreamOut185
    
  80: RetimingFIFO2855_RetimingFIFO2828_RetimingFIFO2846
    
  81: RetimingFIFO2531_RetimingFIFO2513_RetimingFIFO2522
    
  82: RetimingFIFO2594_RetimingFIFO2693_RetimingFIFO1879
    
  83: SRAM51
    
  84: SRAM49
    
  85: SRAM48
    
  86: SRAM47
    
  87: SRAM46
    
  88: SRAM45
    
  89: SRAM50
    
  90: RetimingFIFO2585_RetimingFIFO2675
    
  91: RetimingFIFO2702_RetimingFIFO2774
    
  92: RetimingFIFO2603_RetimingFIFO2657
    
  93: RetimingFIFO2414_RetimingFIFO1935
    
  94: RetimingFIFO2450_RetimingFIFO1907
    
  95: RetimingFIFO1963_RetimingFIFO3179
    
  96: RetimingFIFO2612_RetimingFIFO2666
    
  97: RetimingFIFO3188_RetimingFIFO3215
    
  98: RetimingFIFO2567_RetimingFIFO2945
    
  99: RetimingFIFO2423_RetimingFIFO3071_RetimingFIFO3035_RetimingFIFO2990_RetimingFIFO3026_RetimingFIFO3044_RetimingFIFO3062_RetimingFIFO1991_RetimingFIFO3125_RetimingFIFO3080_RetimingFIFO3107_RetimingFIFO3152
    
  100: StreamIn1405
    
  101: TokenOut1656
    
  102: StreamOut1404
    
Total of 81 nodes:
  0: CE7026
    [StreamOut62 *4096 /1] [StreamOut61 *4096 /1]  => [RetimingFIFO2086] 
  1: CE7316
    [RetimingFIFO2086 *1 /1]  => [SRAM45] 
  2: CE7306
    [SRAM45 *4096 /1]  => [RetimingFIFO2019] 
  3: CE7640
    [RetimingFIFO2019 *1 /1]  => [RetimingFIFO2621] 
  4: CE7040
    [StreamOut124 *4096 /1] [StreamOut123 *4096 /1]  => [RetimingFIFO2115] 
  5: CE7336
    [RetimingFIFO2115 *1 /1]  => [SRAM46] 
  6: CE7326
    [SRAM46 *4096 /1]  => [RetimingFIFO2594_RetimingFIFO2693_RetimingFIFO1879] 
  7: CE7054
    [StreamOut185 *4096 /1] [StreamOut184 *4096 /1]  => [RetimingFIFO2144] 
  8: CE7356
    [RetimingFIFO2144 *1 /1]  => [SRAM47] 
  9: CE7346
    [SRAM47 *4096 /1]  => [RetimingFIFO2450_RetimingFIFO1907] 
  10: CE8146
    [RetimingFIFO2450_RetimingFIFO1907 *1 /1] [RetimingFIFO2594_RetimingFIFO2693_RetimingFIFO1879 *1 /1]  => [RetimingFIFO3188_RetimingFIFO3215] 
  11: CE8178
    [RetimingFIFO3188_RetimingFIFO3215 *1 /1]  => [RetimingFIFO3197] [RetimingFIFO3206] 
  12: CE8162
    [RetimingFIFO3188_RetimingFIFO3215 *1 /1] [RetimingFIFO3197 *1 /1] [RetimingFIFO3206 *1 /1]  => [RetimingFIFO3143] 
  13: CE7068
    [StreamOut246 *4096 /1] [StreamOut245 *4096 /1]  => [RetimingFIFO2173] 
  14: CE7376
    [RetimingFIFO2173 *1 /1]  => [SRAM48] 
  15: CE7366
    [SRAM48 *4096 /1]  => [RetimingFIFO2414_RetimingFIFO1935] 
  16: CE7082
    [StreamOut307 *4096 /1] [StreamOut306 *4096 /1]  => [RetimingFIFO2202] 
  17: CE7396
    [RetimingFIFO2202 *1 /1]  => [SRAM49] 
  18: CE7386
    [SRAM49 *4096 /1]  => [RetimingFIFO1963_RetimingFIFO3179] 
  19: CE8092
    [RetimingFIFO2414_RetimingFIFO1935 *1 /1] [RetimingFIFO1963_RetimingFIFO3179 *1 /1]  => [RetimingFIFO3134] 
  20: CE7096
    [StreamOut368 *4096 /1] [StreamOut367 *4096 /1]  => [RetimingFIFO2231] 
  21: CE7416
    [RetimingFIFO2231 *1 /1]  => [SRAM50] 
  22: CE7406
    [SRAM50 *4096 /1]  => [RetimingFIFO2423_RetimingFIFO3071_RetimingFIFO3035_RetimingFIFO2990_RetimingFIFO3026_RetimingFIFO3044_RetimingFIFO3062_RetimingFIFO1991_RetimingFIFO3125_RetimingFIFO3080_RetimingFIFO3107_RetimingFIFO3152] 
  23: CE7466
    [RetimingFIFO2414_RetimingFIFO1935 *1 /1] [RetimingFIFO2423_RetimingFIFO3071_RetimingFIFO3035_RetimingFIFO2990_RetimingFIFO3026_RetimingFIFO3044_RetimingFIFO3062_RetimingFIFO1991_RetimingFIFO3125_RetimingFIFO3080_RetimingFIFO3107_RetimingFIFO3152 *1 /1]  => [RetimingFIFO2369_RetimingFIFO2396_RetimingFIFO2405_RetimingFIFO2432_RetimingFIFO2468] 
  24: CE7954
    [RetimingFIFO2423_RetimingFIFO3071_RetimingFIFO3035_RetimingFIFO2990_RetimingFIFO3026_RetimingFIFO3044_RetimingFIFO3062_RetimingFIFO1991_RetimingFIFO3125_RetimingFIFO3080_RetimingFIFO3107_RetimingFIFO3152 *1 /1]  => [RetimingFIFO2999] 
  25: CE7964
    [RetimingFIFO2423_RetimingFIFO3071_RetimingFIFO3035_RetimingFIFO2990_RetimingFIFO3026_RetimingFIFO3044_RetimingFIFO3062_RetimingFIFO1991_RetimingFIFO3125_RetimingFIFO3080_RetimingFIFO3107_RetimingFIFO3152 *1 /1]  => [RetimingFIFO2972] 
  26: CE8014
    [RetimingFIFO2423_RetimingFIFO3071_RetimingFIFO3035_RetimingFIFO2990_RetimingFIFO3026_RetimingFIFO3044_RetimingFIFO3062_RetimingFIFO1991_RetimingFIFO3125_RetimingFIFO3080_RetimingFIFO3107_RetimingFIFO3152 *1 /1]  => [RetimingFIFO3053] 
  27: CE8038
    [RetimingFIFO2423_RetimingFIFO3071_RetimingFIFO3035_RetimingFIFO2990_RetimingFIFO3026_RetimingFIFO3044_RetimingFIFO3062_RetimingFIFO1991_RetimingFIFO3125_RetimingFIFO3080_RetimingFIFO3107_RetimingFIFO3152 *1 /1]  => [RetimingFIFO3116] 
  28: CE8062
    [RetimingFIFO2423_RetimingFIFO3071_RetimingFIFO3035_RetimingFIFO2990_RetimingFIFO3026_RetimingFIFO3044_RetimingFIFO3062_RetimingFIFO1991_RetimingFIFO3125_RetimingFIFO3080_RetimingFIFO3107_RetimingFIFO3152 *1 /1]  => [RetimingFIFO3089] 
  29: CE8108
    [RetimingFIFO3134 *1 /1] [RetimingFIFO3143 *1 /1] [RetimingFIFO2423_RetimingFIFO3071_RetimingFIFO3035_RetimingFIFO2990_RetimingFIFO3026_RetimingFIFO3044_RetimingFIFO3062_RetimingFIFO1991_RetimingFIFO3125_RetimingFIFO3080_RetimingFIFO3107_RetimingFIFO3152 *1 /1]  => [RetimingFIFO3161] 
  30: CE7496
    [RetimingFIFO2369_RetimingFIFO2396_RetimingFIFO2405_RetimingFIFO2432_RetimingFIFO2468 *1 /1]  => [RetimingFIFO2387] 
  31: CE8026
    [RetimingFIFO3053 *1 /1] [RetimingFIFO2423_RetimingFIFO3071_RetimingFIFO3035_RetimingFIFO2990_RetimingFIFO3026_RetimingFIFO3044_RetimingFIFO3062_RetimingFIFO1991_RetimingFIFO3125_RetimingFIFO3080_RetimingFIFO3107_RetimingFIFO3152 *1 /1]  => [RetimingFIFO3017] 
  32: CE8050
    [RetimingFIFO3116 *1 /1] [RetimingFIFO2423_RetimingFIFO3071_RetimingFIFO3035_RetimingFIFO2990_RetimingFIFO3026_RetimingFIFO3044_RetimingFIFO3062_RetimingFIFO1991_RetimingFIFO3125_RetimingFIFO3080_RetimingFIFO3107_RetimingFIFO3152 *1 /1]  => [RetimingFIFO3098] 
  33: CE7482
    [RetimingFIFO2387 *1 /1] [RetimingFIFO2369_RetimingFIFO2396_RetimingFIFO2405_RetimingFIFO2432_RetimingFIFO2468 *1 /1]  => [RetimingFIFO2360] [RetimingFIFO2378] 
  34: CE8076
    [RetimingFIFO3089 *1 /1] [RetimingFIFO3098 *1 /1] [RetimingFIFO2423_RetimingFIFO3071_RetimingFIFO3035_RetimingFIFO2990_RetimingFIFO3026_RetimingFIFO3044_RetimingFIFO3062_RetimingFIFO1991_RetimingFIFO3125_RetimingFIFO3080_RetimingFIFO3107_RetimingFIFO3152 *1 /1]  => [RetimingFIFO2981] 
  35: CE7450
    [RetimingFIFO2360 *1 /1] [RetimingFIFO2378 *1 /1] [RetimingFIFO2369_RetimingFIFO2396_RetimingFIFO2405_RetimingFIFO2432_RetimingFIFO2468 *1 /1]  => [RetimingFIFO2459] 
  36: CE7978
    [RetimingFIFO2972 *1 /1] [RetimingFIFO2981 *1 /1] [RetimingFIFO2423_RetimingFIFO3071_RetimingFIFO3035_RetimingFIFO2990_RetimingFIFO3026_RetimingFIFO3044_RetimingFIFO3062_RetimingFIFO1991_RetimingFIFO3125_RetimingFIFO3080_RetimingFIFO3107_RetimingFIFO3152 *1 /1]  => [RetimingFIFO3008] 
  37: CE7526
    [RetimingFIFO2459 *1 /1] [RetimingFIFO2369_RetimingFIFO2396_RetimingFIFO2405_RetimingFIFO2432_RetimingFIFO2468 *1 /1]  => [RetimingFIFO2441] 
  38: CE7998
    [RetimingFIFO2999 *1 /1] [RetimingFIFO3008 *1 /1] [RetimingFIFO3017 *1 /1] [RetimingFIFO2423_RetimingFIFO3071_RetimingFIFO3035_RetimingFIFO2990_RetimingFIFO3026_RetimingFIFO3044_RetimingFIFO3062_RetimingFIFO1991_RetimingFIFO3125_RetimingFIFO3080_RetimingFIFO3107_RetimingFIFO3152 *1 /1]  => [RetimingFIFO3170] 
  39: CE7510
    [RetimingFIFO2450_RetimingFIFO1907 *1 /1] [RetimingFIFO2441 *1 /1] [RetimingFIFO2369_RetimingFIFO2396_RetimingFIFO2405_RetimingFIFO2432_RetimingFIFO2468 *1 /1]  => [RetimingFIFO2612_RetimingFIFO2666] 
  40: CE8128
    [RetimingFIFO1963_RetimingFIFO3179 *1 /1] [RetimingFIFO3161 *1 /1] [RetimingFIFO3170 *1 /1]  => [RetimingFIFO2702_RetimingFIFO2774] [RetimingFIFO2567_RetimingFIFO2945] 
  41: CE7734
    [RetimingFIFO2702_RetimingFIFO2774 *1 /1]  => [RetimingFIFO2882] [RetimingFIFO2720_RetimingFIFO2747_RetimingFIFO2765_RetimingFIFO2792_RetimingFIFO2801] 
  42: CE7896
    [RetimingFIFO2567_RetimingFIFO2945 *1 /1]  => [RetimingFIFO2558] [RetimingFIFO2486_RetimingFIFO2963_RetimingFIFO2909_RetimingFIFO2927_RetimingFIFO2936] 
  43: CE7552
    [RetimingFIFO2558 *1 /1]  => [RetimingFIFO2531_RetimingFIFO2513_RetimingFIFO2522] 
  44: CE7782
    [RetimingFIFO2720_RetimingFIFO2747_RetimingFIFO2765_RetimingFIFO2792_RetimingFIFO2801 *1 /1]  => [RetimingFIFO2756] 
  45: CE7820
    [RetimingFIFO2882 *1 /1]  => [RetimingFIFO2855_RetimingFIFO2828_RetimingFIFO2846] 
  46: CE7944
    [RetimingFIFO2486_RetimingFIFO2963_RetimingFIFO2909_RetimingFIFO2927_RetimingFIFO2936 *1 /1]  => [RetimingFIFO2918] 
  47: CE7600
    [RetimingFIFO2531_RetimingFIFO2513_RetimingFIFO2522 *1 /1]  => [RetimingFIFO2495] [RetimingFIFO2504] 
  48: CE7768
    [RetimingFIFO2756 *1 /1] [RetimingFIFO2720_RetimingFIFO2747_RetimingFIFO2765_RetimingFIFO2792_RetimingFIFO2801 *1 /1]  => [RetimingFIFO2729] [RetimingFIFO2738] 
  49: CE7868
    [RetimingFIFO2855_RetimingFIFO2828_RetimingFIFO2846 *1 /1]  => [RetimingFIFO2819] [RetimingFIFO2837] 
  50: CE7930
    [RetimingFIFO2918 *1 /1] [RetimingFIFO2486_RetimingFIFO2963_RetimingFIFO2909_RetimingFIFO2927_RetimingFIFO2936 *1 /1]  => [RetimingFIFO2891] [RetimingFIFO2900] 
  51: CE7584
    [RetimingFIFO2495 *1 /1] [RetimingFIFO2504 *1 /1] [RetimingFIFO2531_RetimingFIFO2513_RetimingFIFO2522 *1 /1]  => [RetimingFIFO2540] 
  52: CE7750
    [RetimingFIFO2729 *1 /1] [RetimingFIFO2738 *1 /1] [RetimingFIFO2720_RetimingFIFO2747_RetimingFIFO2765_RetimingFIFO2792_RetimingFIFO2801 *1 /1]  => [RetimingFIFO2810] 
  53: CE7852
    [RetimingFIFO2819 *1 /1] [RetimingFIFO2837 *1 /1] [RetimingFIFO2855_RetimingFIFO2828_RetimingFIFO2846 *1 /1]  => [RetimingFIFO2873] 
  54: CE7912
    [RetimingFIFO2891 *1 /1] [RetimingFIFO2900 *1 /1] [RetimingFIFO2486_RetimingFIFO2963_RetimingFIFO2909_RetimingFIFO2927_RetimingFIFO2936 *1 /1]  => [RetimingFIFO2954] 
  55: CE7808
    [RetimingFIFO2810 *1 /1] [RetimingFIFO2720_RetimingFIFO2747_RetimingFIFO2765_RetimingFIFO2792_RetimingFIFO2801 *1 /1]  => [RetimingFIFO2783] 
ic with placed latencies.
Set lat 2 from 0 to 0
Set lat 4 from 0 to 1
Link specified in placement file.
Changing link to static with placed latencies.
Set lat 6 from 0 to 0
Set lat 10 from 0 to 1
Link specified in placement file.
Changing link to static with placed latencies.
Set lat 1 from 0 to 0
Set lat 3 from 0 to 1
Set lat 9 from 0 to 2
Set lat 3 from 0 to 3
Set lat 3 from 0 to 4
Set lat 3 from 0 to 5
Set lat 1 from 0 to 6
Set lat 3 from 0 to 7
Set lat 1 from 0 to 8
Set lat 5 from 0 to 9
Set lat 3 from 0 to 10
Set lat 1 from 0 to 11
Link specified in placement file.
Changing link to static with placed latencies.
Set lat 9 from 0 to 0
Link specified in placement file.
Changing link to static with placed latencies.
Set lat 1 from 0 to 0
Link specified in placement file.
Changing link to static with placed latencies.
Set lat 1 from 0 to 0
I'm the child process!
GPGPU-Sim uArch: interconnect node map (shaderID+MemID to icntID)
GPGPU-Sim uArch: Memory nodes ID start from index: 256
GPGPU-Sim uArch:    0   1   2   3   4   5   6   7   8   9  10  11  12  13  14  15
GPGPU-Sim uArch:   16  17  18  19  20  21  22  23  24  25  26  27  28  29  30  31
GPGPU-Sim uArch:   32  33  34  35  36  37  38  39  40  41  42  43  44  45  46  47
GPGPU-Sim uArch:   48  49  50  51  52  53  54  55  56  57  58  59  60  61  62  63
GPGPU-Sim uArch:   64  65  66  67  68  69  70  71  72  73  74  75  76  77  78  79
GPGPU-Sim uArch:   80  81  82  83  84  85  86  87  88  89  90  91  92  93  94  95
GPGPU-Sim uArch:   96  97  98  99 100 101 102 103 104 105 106 107 108 109 110 111
GPGPU-Sim uArch:  112 113 114 115 116 117 118 119 120 121 122 123 124 125 126 127
GPGPU-Sim uArch:  128 129 130 131 132 133 134 135 136 137 138 139 140 141 142 143
GPGPU-Sim uArch:  144 145 146 147 148 149 150 151 152 153 154 155 156 157 158 159
GPGPU-Sim uArch:  160 161 162 163 164 165 166 167 168 169 170 171 172 173 174 175
GPGPU-Sim uArch:  176 177 178 179 180 181 182 183 184 185 186 187 188 189 190 191
GPGPU-Sim uArch:  192 193 194 195 196 197 198 199 200 201 202 203 204 205 206 207
GPGPU-Sim uArch:  208 209 210 211 212 213 214 215 216 217 218 219 220 221 222 223
GPGPU-Sim uArch:  224 225 226 227 228 229 230 231 232 233 234 235 236 237 238 239
GPGPU-Sim uArch:  240 241 242 243 244 245 246 247 248 249 250 251 252 253 254 255
GPGPU-Sim uArch: interconnect node reverse map (icntID to shaderID+MemID)
GPGPU-Sim uArch: Memory nodes start from ID: 256
GPGPU-Sim uArch:    0   1   2   3   4   5   6   7   8   9  10  11  12  13  14  15
GPGPU-Sim uArch:   16  17  18  19  20  21  22  23  24  25  26  27  28  29  30  31
GPGPU-Sim uArch:   32  33  34  35  36  37  38  39  40  41  42  43  44  45  46  47
GPGPU-Sim uArch:   48  49  50  51  52  53  54  55  56  57  58  59  60  61  62  63
GPGPU-Sim uArch:   64  65  66  67  68  69  70  71  72  73  74  75  76  77  78  79
GPGPU-Sim uArch:   80  81  82  83  84  85  86  87  88  89  90  91  92  93  94  95
GPGPU-Sim uArch:   96  97  98  99 100 101 102 103 104 105 106 107 108 109 110 111
GPGPU-Sim uArch:  112 113 114 115 116 117 118 119 120 121 122 123 124 125 126 127
GPGPU-Sim uArch:  128 129 130 131 132 133 134 135 136 137 138 139 140 141 142 143
GPGPU-Sim uArch:  144 145 146 147 148 149 150 151 152 153 154 155 156 157 158 159
GPGPU-Sim uArch:  160 161 162 163 164 165 166 167 168 169 170 171 172 173 174 175
GPGPU-Sim uArch:  176 177 178 179 180 181 182 183 184 185 186 187 188 189 190 191
GPGPU-Sim uArch:  192 193 194 195 196 197 198 199 200 201 202 203 204 205 206 207
GPGPU-Sim uArch:  208 209 210 211 212 213 214 215 216 217 218 219 220 221 222 223
GPGPU-Sim uArch:  224 225 226 227 228 229 230 231 232 233 234 235 236 237 238 239
GPGPU-Sim uArch:  240 241 242 243 244 245 246 247 248 249 250 251 252 253 254 255
  56: CE7882
    [RetimingFIFO2954 *1 /1] [RetimingFIFO2486_RetimingFIFO2963_RetimingFIFO2909_RetimingFIFO2927_RetimingFIFO2936 *1 /1]  => [RetimingFIFO2477] 
  57: CE7540
    [RetimingFIFO2477 *1 /1] [RetimingFIFO2486_RetimingFIFO2963_RetimingFIFO2909_RetimingFIFO2927_RetimingFIFO2936 *1 /1]  => [RetimingFIFO2549] 
  58: CE7794
    [RetimingFIFO2783 *1 /1] [RetimingFIFO2720_RetimingFIFO2747_RetimingFIFO2765_RetimingFIFO2792_RetimingFIFO2801 *1 /1]  => [RetimingFIFO2864] 
  59: CE7566
    [RetimingFIFO2540 *1 /1] [RetimingFIFO2549 *1 /1] [RetimingFIFO2531_RetimingFIFO2513_RetimingFIFO2522 *1 /1]  => [RetimingFIFO2576] 
  60: CE7834
    [RetimingFIFO2864 *1 /1] [RetimingFIFO2873 *1 /1] [RetimingFIFO2855_RetimingFIFO2828_RetimingFIFO2846 *1 /1]  => [RetimingFIFO2711] 
  61: CE7614
    [RetimingFIFO2702_RetimingFIFO2774 *1 /1] [RetimingFIFO2711 *1 /1]  => [RetimingFIFO2585_RetimingFIFO2675] 
  62: CE7628
    [RetimingFIFO2567_RetimingFIFO2945 *1 /1] [RetimingFIFO2576 *1 /1]  => [RetimingFIFO2603_RetimingFIFO2657] 
  63: CE7652
    [RetimingFIFO2585_RetimingFIFO2675 *1 /1] [RetimingFIFO2594_RetimingFIFO2693_RetimingFIFO1879 *1 /1]  => [RetimingFIFO2630] 
  64: CE7666
    [RetimingFIFO2603_RetimingFIFO2657 *1 /1] [RetimingFIFO2612_RetimingFIFO2666 *1 /1]  => [RetimingFIFO2639] 
  65: CE7702
    [RetimingFIFO2603_RetimingFIFO2657 *1 /1] [RetimingFIFO2612_RetimingFIFO2666 *1 /1]  => [RetimingFIFO2684] 
  66: CE7718
    [RetimingFIFO2585_RetimingFIFO2675 *1 /1] [RetimingFIFO2684 *1 /1] [RetimingFIFO2594_RetimingFIFO2693_RetimingFIFO1879 *1 /1]  => [RetimingFIFO2648] 
  67: CE7684
    [RetimingFIFO2621 *1 /1] [RetimingFIFO2630 *1 /1] [RetimingFIFO2639 *1 /1] [RetimingFIFO2648 *1 /1]  => [RetimingFIFO2029] 
  68: CE7436
    [RetimingFIFO2029 *1 /1]  => [SRAM51] 
  69: CE7426
    [SRAM51 *4096 /1]  => [StreamOut1404] 
  70: CE7138
     => [ArgIn1711_ArgIn1733_ArgIn1777_ArgIn1799_ArgIn1755_ArgIn1821_ArgIn1843_ArgIn3945] [DramAddress254] [DramAddress193] [DramAddress132] [DramAddress70] [DramAddress1412] [DramAddress315] [DramAddress376] 
  71: CE7158
    [TokenOut1656 *1 /1]  => 
  72: CE7184
    [ArgIn1711_ArgIn1733_ArgIn1777_ArgIn1799_ArgIn1755_ArgIn1821_ArgIn1843_ArgIn3945 *16 /1] [DramAddress1412 *16 /1]  => [StreamOut1403] [StreamOut1402] 
  73: CE7202
    [ArgIn1711_ArgIn1733_ArgIn1777_ArgIn1799_ArgIn1755_ArgIn1821_ArgIn1843_ArgIn3945 *16 /1] [DramAddress70 *16 /1]  => [StreamOut62] [StreamOut61] 
  74: CE7220
    [ArgIn1711_ArgIn1733_ArgIn1777_ArgIn1799_ArgIn1755_ArgIn1821_ArgIn1843_ArgIn3945 *16 /1] [DramAddress132 *16 /1]  => [StreamOut124] [StreamOut123] 
  75: CE7238
    [ArgIn1711_ArgIn1733_ArgIn1777_ArgIn1799_ArgIn1755_ArgIn1821_ArgIn1843_ArgIn3945 *16 /1] [DramAddress193 *16 /1]  => [StreamOut185] [StreamOut184] 
  76: CE7256
    [ArgIn1711_ArgIn1733_ArgIn1777_ArgIn1799_ArgIn1755_ArgIn1821_ArgIn1843_ArgIn3945 *16 /1] [DramAddress254 *16 /1]  => [StreamOut246] [StreamOut245] 
  77: CE7274
    [ArgIn1711_ArgIn1733_ArgIn1777_ArgIn1799_ArgIn1755_ArgIn1821_ArgIn1843_ArgIn3945 *16 /1] [DramAddress315 *16 /1]  => [StreamOut307] [StreamOut306] 
  78: CE7292
    [ArgIn1711_ArgIn1733_ArgIn1777_ArgIn1799_ArgIn1755_ArgIn1821_ArgIn1843_ArgIn3945 *16 /1] [DramAddress376 *16 /1]  => [StreamOut368] [StreamOut367] 
  79: CE7112
    [StreamOut1403 *4096 /1] [StreamOut1404 *1 /1] [StreamOut1402 *4096 /1]  => [StreamIn1405] 
  80: CE7168
    [ArgIn1711_ArgIn1733_ArgIn1777_ArgIn1799_ArgIn1755_ArgIn1821_ArgIn1843_ArgIn3945 *65536 /1] [StreamIn1405 *1 /1]  => [TokenOut1656] 

10000...
20000...
30000...
40000...
50000...
60000...
70000...
80000...
90000...
100000...
110000...
120000...
130000...
140000...
150000...
160000...
170000...
180000...
190000...
200000...
210000...
220000...
230000...
240000...
250000...
260000...
270000...
280000...
290000...
300000...
310000...
320000...
330000...
340000...
350000...
360000...
370000...
380000...
390000...
400000...
410000...
420000...
430000...
440000...
450000...
460000...
470000...
480000...
490000...
500000...
510000...
520000...
530000...
540000...
550000...
560000...
570000...
580000...
590000...
600000...
610000...
620000...
630000...
640000...
650000...
660000...
670000...
680000...
690000...
700000...
710000...
720000...
730000...
740000...
750000...
760000...
770000...
780000...
790000...
800000...
810000...
820000...
830000...
840000...
850000...
860000...
870000...
880000...
890000...
900000...
910000...
920000...
930000...
940000...
950000...
960000...
970000...
980000...
990000...
1000000...
1010000...
1020000...
1030000...
1040000...
1050000...
1060000...
1070000...
1080000...
1090000...
1100000...
1110000...
1120000...
1130000...
1140000...
1150000...
1160000...
1170000...
Simulation complete at cycle: 1172703
[[32mpsim[0m] Simulation complete at cycle: 1172703
CE7026: Active:   5.6 Stalled:  13.1 Starved:  39.9 Total Active:    65536 Total Output:    65536 Expected Active:    65536 Last Activity: 468458
[0m[[31merror[0m] [0m(Thread-17) java.lang.NumberFormatException: For input string: "65536 Total Output:    65536"[0m
java.lang.NumberFormatException: For input string: "65536 Total Output:    65536"
	at java.lang.NumberFormatException.forInputString(NumberFormatException.java:65)
	at java.lang.Long.parseLong(Long.java:589)
	at java.lang.Long.parseLong(Long.java:631)
	at scala.collection.immutable.StringLike.toLong(StringLike.scala:306)
	at scala.collection.immutable.StringLike.toLong$(StringLike.scala:306)
	at scala.collection.immutable.StringOps.toLong(StringOps.scala:29)
	at pir.codegen.PlastisimConfigCodegen.$anonfun$processOutput$1(PlastisimConfigCodegen.scala:55)
	at pir.codegen.PlastisimConfigCodegen.$anonfun$processOutput$1$adapted(PlastisimConfigCodegen.scala:54)
	at scala.Option.foreach(Option.scala:257)
	at pir.codegen.PlastisimConfigCodegen.processOutput(PlastisimConfigCodegen.scala:54)
	at pir.codegen.PlastisimConfigCodegen.$anonfun$runPsim$5(PlastisimConfigCodegen.scala:82)
	at pir.codegen.PlastisimConfigCodegen.$anonfun$runPsim$5$adapted(PlastisimConfigCodegen.scala:82)
	at prism.util.Misc.$anonfun$shell$7(Misc.scala:88)
	at prism.util.Misc.$anonfun$shell$7$adapted(Misc.scala:88)
	at scala.Option.foreach(Option.scala:257)
	at prism.util.Misc.$anonfun$shell$5(Misc.scala:88)
	at prism.util.Misc.$anonfun$shell$5$adapted(Misc.scala:88)
	at scala.sys.process.ProcessLogger$$anon$1.out(ProcessLogger.scala:97)
	at scala.sys.process.BasicIO$.$anonfun$processOutFully$1(BasicIO.scala:136)
	at scala.sys.process.BasicIO$.$anonfun$processOutFully$1$adapted(BasicIO.scala:136)
	at scala.sys.process.BasicIO$.readFully$1(BasicIO.scala:184)
	at scala.sys.process.BasicIO$.$anonfun$processFully$1$adapted(BasicIO.scala:188)
	at scala.sys.process.ProcessBuilderImpl$Simple.$anonfun$run$3(ProcessBuilderImpl.scala:76)
	at scala.sys.process.ProcessImpl$Spawn$$anon$1.run(ProcessImpl.scala:23)
[0m[[31mtrace[0m] [0mStack trace suppressed: run [34mlast apps/compile:runMain[0m for the full output.[0m
[pir] Finished 68-PlastisimConfigCodegen to [36mconfig.psim[0m in 330344.306356ms
[pir] Running 69-PlastisimDotCodegen ...[pir] Finished 69-PlastisimDotCodegen to [36mpsim.dot[0m in 12886.276405ms
[pir] Saving node prism.Session@35fc0666 to /home/yaqiz/pir/out/BlackScholes__N_1048576_ts_65536_op_1_dynamic_v2_s4/BlackScholes__N_1048576_ts_65536_op_1.sess
[0m[[32msuccess[0m] [0mTotal time: 677 s, completed Aug 1, 2018 8:01:06 PM[0m
-------------PASS (DONE)------------
