Java HotSpot(TM) 64-Bit Server VM warning: ignoring option MaxPermSize=1g; support was removed in 8.0
Picked up _JAVA_OPTIONS: -Xss8192k
[0m[[0minfo[0m] [0mLoading global plugins from /home/yaqiz/.sbt/0.13/plugins[0m
[0m[[0minfo[0m] [0mLoading project definition from /home/yaqiz/pir/project[0m
[0m[[0minfo[0m] [0mSet current project to default-675fdc (in build file:/home/yaqiz/pir/)[0m
[0m[[0minfo[0m] [0mSet current project to apps (in build file:/home/yaqiz/pir/)[0m
[0m[[0minfo[0m] [0mRunning BlackScholes__N_1048576_ts_65536_op_1 --out=/home/yaqiz/pir/out/BlackScholes__N_1048576_ts_65536_op_1_psim_D_v2_s4_rq4 --psim-out=/home/yaqiz/plastisim/configs/finals/BlackScholes__N_1048576_ts_65536_op_1_psim_D_v2_s4_rq4 --debug=false --verbose=true --dot=false --load-pir=true --save-pir=true --psim=true --trace=true --ctrl=true --bp=false --stat=true --routing-algo=proute --proute-iter=1000 --run-psim=true --arch=MyDesign --row=16 --col=8 --topo=mesh --argin=64 --tokenout=32 --pcu-stage=4 --vc=4 --net=dynamic --vlink=2 --slink=4 --fifo-depth=4 --vfifo=4 --proute-algo=route_min_directed_valient --link-prop=db --flit-width=512 --proute-q=4[0m
[pir] args=[--load-pir=true, --run-psim=false, --trace=false, --net=static, --stat=false, --vlink=2, --slink=6, --vfifo=4, --row=16, --col=8, --topo=mesh, --routing-algo=dor, --psim-timeout=100000000, --mapping=true, --splitting=true, --save-pir=true, --load-spade=false, --save-spade=false, --splitting-algo=alias_weighted_igraph, --ctrl=true, --bp=false, --snapint=10, --snapshot=false, --dot=true, --psim=false, --arch=MyDesign, --nn=false, --dag=true, --pattern=checkerboard, --argin=20, --argout=4, --tokenout=5, --fifo-depth=10, --vc=10, --routing-cost=H-hop, --out=/home/yaqiz/pir/out/BlackScholes__N_1048576_ts_65536_op_1_psim_D_v2_s4_rq4, --psim-out=/home/yaqiz/plastisim/configs/finals/BlackScholes__N_1048576_ts_65536_op_1_psim_D_v2_s4_rq4, --debug=false, --verbose=true, --dot=false, --load-pir=true, --save-pir=true, --psim=true, --trace=true, --ctrl=true, --bp=false, --stat=true, --routing-algo=proute, --proute-iter=1000, --run-psim=true, --arch=MyDesign, --row=16, --col=8, --topo=mesh, --argin=64, --tokenout=32, --pcu-stage=4, --vc=4, --net=dynamic, --vlink=2, --slink=4, --fifo-depth=4, --vfifo=4, --proute-algo=route_min_directed_valient, --link-prop=db, --flit-width=512, --proute-q=4]
[pir] Output directory set to [36m/home/yaqiz/pir/out/BlackScholes__N_1048576_ts_65536_op_1_psim_D_v2_s4_rq4[0m
[pir] Loading from /home/yaqiz/pir/out/BlackScholes__N_1048576_ts_65536_op_1_psim_D_v2_s4_rq4/BlackScholes__N_1048576_ts_65536_op_1.pir[pir] Loading PIRDesign() from /home/yaqiz/pir/out/BlackScholes__N_1048576_ts_65536_op_1_psim_D_v2_s4_rq4/BlackScholes__N_1048576_ts_65536_op_1.pir
[pir] Configuring spade MyDesign ...
[pir] Loading from /home/yaqiz/pir/out/BlackScholes__N_1048576_ts_65536_op_1_psim_D_v2_s4_rq4/BlackScholes__N_1048576_ts_65536_op_1.sess[pir] Loading prism.Session@19ed0d6a from /home/yaqiz/pir/out/BlackScholes__N_1048576_ts_65536_op_1_psim_D_v2_s4_rq4/BlackScholes__N_1048576_ts_65536_op_1.sess
[pir] Saving node PIRDesign() to /home/yaqiz/pir/out/BlackScholes__N_1048576_ts_65536_op_1_psim_D_v2_s4_rq4/BlackScholes__N_1048576_ts_65536_op_1.pir
[pir] Running 53-PlastisimDotCodegen ...[pir] Finished 53-PlastisimDotCodegen to [36mpsim.dot[0m in 8190.227044ms
[pir] Running 54-ControllerDotCodegen ...[pir] Finished 54-ControllerDotCodegen to [36mcontroller.dot[0m in 1897.101131ms
[pir] Running 55-PIRIRDotCodegen ...[pir] Finished 55-PIRIRDotCodegen to [36mtop.dot[0m in 10373.249328ms
[pir] Running 56-SimpleIRDotCodegen ...[pir] Finished 56-SimpleIRDotCodegen to [36msimple.dot[0m in 2066.230695ms
[pir] Running 58-CUPruning ...[pir] Finished 58-CUPruning in 3820.950937ms
[pir] Running 59-CUPlacer ...[[32msuccess[0m] CUPlacer succeeded
[pir] Finished 59-CUPlacer in 175236.786835ms
[pir] Running 60-CUStatistics ...[pir] =========== Post-splitting CU Statistics ==================
[pir] 
[pir] number of cus=73
[pir] number of ocu = 1
[pir] - cin (1.00,1.00,1.00) sin (1.00,1.00,1.00) vin (0.00,0.00,0.00)
[pir] - cout (1.00,1.00,1.00) sout (0.00,0.00,0.00) vout (0.00,0.00,0.00)
[pir] - stages (0.00,0.00,0.00)
[pir] number of pcu = 50
[pir] - cin (0.00,0.00,0.00) sin (0.00,0.00,0.00) vin (1.00,2.04,4.00)
[pir] - cout (0.00,0.00,0.00) sout (0.00,0.00,0.00) vout (1.00,1.18,2.00)
[pir] - stages (1.00,3.62,6.00)
[pir] number of dag = 7
[pir] - cin (0.00,0.00,0.00) sin (2.00,2.00,2.00) vin (0.00,0.00,0.00)
[pir] - cout (0.00,0.00,0.00) sout (2.00,2.00,2.00) vout (0.00,0.00,0.00)
[pir] - stages (2.00,2.00,2.00)
[pir] number of pmu = 7
[pir] - cin (0.00,0.00,0.00) sin (0.00,0.00,0.00) vin (1.00,1.00,1.00)
[pir] - cout (0.00,0.00,0.00) sout (0.00,0.00,0.00) vout (1.00,1.00,1.00)
[pir] - stages (0.00,0.00,0.00)
[pir] number of dfg = 7
[pir] - cin (0.00,0.00,0.00) sin (2.00,2.00,2.00) vin (0.00,0.14,1.00)
[pir] - cout (0.00,0.14,1.00) sout (0.00,0.00,0.00) vout (0.00,0.86,1.00)
[pir] - stages (0.00,0.00,0.00)
[pir] number of afg = 1
[pir] - cin (1.00,1.00,1.00) sin (0.00,0.00,0.00) vin (0.00,0.00,0.00)
[pir] - cout (0.00,0.00,0.00) sout (8.00,8.00,8.00) vout (0.00,0.00,0.00)
[pir] - stages (0.00,0.00,0.00)
[pir] compute CU = 51
[pir] memory CU = 7
[pir] mc CU = 7
[pir] Total = 58
[pir] PCU = 49 / 64 (76.56%)
[pir] PMU-comp = 2 / 63 (3.17%)
[pir] PMU-mem = 7 / 63 (11.11%)
[pir] AG-ag = 5 / 32 (15.63%)
[pir] AG-comp = 0 / 32 (0.00%)
[pir] MC = 7 / 32 (21.88%)
[pir] Finished 60-CUStatistics to [36mstat.json[0m in 2978.78949ms
[pir] Running 61-PIRNetworkDotCodegen ...[pir] Finished 61-PIRNetworkDotCodegen to [36mcontrol.dot[0m in 726.150105ms
[pir] Running 62-PIRNetworkDotCodegen ...[pir] Finished 62-PIRNetworkDotCodegen to [36mscalar.dot[0m in 650.962525ms
[pir] Running 63-PIRNetworkDotCodegen ...[pir] Finished 63-PIRNetworkDotCodegen to [36mvector.dot[0m in 626.296239ms
[pir] Running 64-TerminalCSVCodegen ...[pir] Finished 64-TerminalCSVCodegen to [36mnode.csv[0m in 5.347512ms
[pir] Running 65-LinkCSVCodegen ...[pir] Finished 65-LinkCSVCodegen to [36mlink.csv[0m in 6471.366661ms
[pir] Running 66-PlastisimPlacementCodegen ...[[33mproute[0m] /home/yaqiz/plastiroute/plastiroute -n /home/yaqiz/plastisim/configs/finals/BlackScholes__N_1048576_ts_65536_op_1_psim_D_v2_s4_rq4/node.csv -l /home/yaqiz/plastisim/configs/finals/BlackScholes__N_1048576_ts_65536_op_1_psim_D_v2_s4_rq4/link.csv -o /home/yaqiz/plastisim/configs/finals/BlackScholes__N_1048576_ts_65536_op_1_psim_D_v2_s4_rq4/final.place -r 16 -c 8 -g /home/yaqiz/plastisim/configs/finals/BlackScholes__N_1048576_ts_65536_op_1_psim_D_v2_s4_rq4/proute.dot -v /home/yaqiz/plastisim/configs/finals/BlackScholes__N_1048576_ts_65536_op_1_psim_D_v2_s4_rq4/summary.csv -x2 -e 4 -a route_min_directed_valient  -q4  -i1000 -p100 -t1 -d100 -s0
[[33mproute[0m] log in /home/yaqiz/pir/out/BlackScholes__N_1048576_ts_65536_op_1_psim_D_v2_s4_rq4/proute.log
Max static: 2vec 4scal
100 scores: min 6.50 	0.00/0.00/13/0.00/0 	max 3513.08 mean 1935.98
100 scores: min 5.50 	0.00/0.00/11/0.00/0 	max 3016.96 mean 939.94
100 scores: min 5.50 	0.00/0.00/11/0.00/0 	max 2512.50 mean 971.97
All static routes:
	4807:12:65536	4807:12:65536	4807:12:65536	4807:12:65536	4807:12:65536	4807:12:65536	4807:12:65536	4807:12:65536	4807:12:65536	4807:12:65536	4807:12:65536	4807:12:65536	4737:5:65536	4737:5:65536	4737:5:65536	4737:5:65536	4737:5:65536	5032:5:65536	5032:5:65536	5032:5:65536	5032:5:65536	5032:5:65536	5677:5:65536	5677:5:65536	5677:5:65536	5677:5:65536	5677:5:65536	5081:3:65536	5081:3:65536	5081:3:65536	5926:3:65536	5926:3:65536	5926:3:65536	5390:3:65536	5390:3:65536	5390:3:65536	5292:2:65536	5292:2:65536	6911:2:65536	6911:2:65536	6714:2:65536	6714:2:65536	5413:2:65536	5413:2:65536	5438:2:65536	5438:2:65536	4939:2:65536	4939:2:65536	5365:2:65536	5365:2:65536	4784:2:65536	4784:2:65536	5241:2:65536	5241:2:65536	5056:1:65536	5973:1:65536	5340:1:65536	5998:1:65536	6387:1:65536	6651:1:65536	5531:1:65536	4915:1:65536	5727:1:65536	4502:1:65536	6412:1:65536	6041:1:65536	6171:1:65536	6084:1:65536	4710:1:65536	5179:1:65536	5107:1:65536	5484:1:65536	4831:1:65536	6935:1:65536	4410:1:65536	6318:1:65536	4962:1:65536	6806:1:65536	5131:1:65536	5901:1:65536	5814:1:65536	5461:1:65536	5878:1:65536	4761:1:65536	5005:1:65536	5949:1:65536	5770:1:65536	4640:1:65536	5268:1:65536	5614:1:65536	6436:1:65536	6563:1:65536	4011:1:65536	5507:1:65536	6500:1:65536	5703:1:65536	6829:1:65536	4685:1:65536	6959:1:65536	4548:1:65536	6214:1:65536	6628:1:65536	6344:1:65536	5155:1:65536	4594:1:65536	6147:1:65536	4456:1:65536	3920:1:65536	6763:1:65536	6737:1:65536	5317:1:65536	3790:1:16	3684:1:16	3761:1:16	3631:1:16	3602:1:16	3549:1:16	3843:1:16	3578:1:16	3896:1:16	3814:1:16	3708:1:16	3867:1:16	3737:1:16	3655:1:16	4035:8:1	4035:8:1	4035:8:1	4035:8:1	4035:8:1	4035:8:1	4035:8:1	4035:8:1	4364:1:1	4272:1:1	4318:1:1	4088:1:1	4180:1:1	4226:1:1	4134:1:1	3985:1:1
All dynamic routes:

Best score is 5.50
Used 0 VCs for endpoint coloring.
	Used 0 VCs.
[[32mproute[0m] 	Used 0 VCs.
[[32mproute[0m] DynHopsVec:0, DynHopsScal:0, StatHopsVec:21692412, StatHopsScal:524825
[pir] Finished 66-PlastisimPlacementCodegen to [36mfinal.place[0m in 9742.350792ms
[pir] Running 67-PlastisimDotCodegen ...[pir] Finished 67-PlastisimDotCodegen to [36mpsim.dot[0m in 9170.218656ms
[pir] Running 68-PlastisimConfigCodegen ...[[33mcommand[0m] ln -f /home/yaqiz/plastisim/configs/mesh_generic.cfg /home/yaqiz/plastisim/configs/finals/BlackScholes__N_1048576_ts_65536_op_1_psim_D_v2_s4_rq4/
[[33mpsim[0m] /home/yaqiz/plastisim/plastisim -f /home/yaqiz/plastisim/configs/finals/BlackScholes__N_1048576_ts_65536_op_1_psim_D_v2_s4_rq4/config.psim -p /home/yaqiz/plastisim/configs/finals/BlackScholes__N_1048576_ts_65536_op_1_psim_D_v2_s4_rq4/final.place -c 100000000 -l B -w 512 -q1
[[33mpsim[0m] log in /home/yaqiz/pir/out/BlackScholes__N_1048576_ts_65536_op_1_psim_D_v2_s4_rq4/psim.log
Set non-priority VC slowdown to 1
Changing to config directory: /home/yaqiz/plastisim/configs/finals/BlackScholes__N_1048576_ts_65536_op_1_psim_D_v2_s4_rq4
Constructing NetworkLink.
Constructing NetworkLink.
Constructing NetworkLink.
Constructing NetworkLink.
Constructing NetworkLink.
Constructing NetworkLink.
Constructing NetworkLink.
Constructing NetworkLink.
Constructing NetworkLink.
Constructing NetworkLink.
Constructing NetworkLink.
Constructing NetworkLink.
Constructing NetworkLink.
Constructing NetworkLink.
Constructing NetworkLink.
Constructing NetworkLink.
Constructing NetworkLink.
Constructing NetworkLink.
Constructing NetworkLink.
Constructing NetworkLink.
Constructing NetworkLink.
Constructing NetworkLink.
Constructing NetworkLink.
Constructing NetworkLink.
Constructing NetworkLink.
Constructing NetworkLink.
Constructing NetworkLink.
Constructing NetworkLink.
Constructing NetworkLink.
Constructing NetworkLink.
Constructing NetworkLink.
Constructing NetworkLink.
Constructing NetworkLink.
Constructing NetworkLink.
Constructing NetworkLink.
Constructing NetworkLink.
Constructing NetworkLink.
Constructing NetworkLink.
Constructing NetworkLink.
Constructing NetworkLink.
Constructing NetworkLink.
Constructing NetworkLink.
Constructing NetworkLink.
Constructing NetworkLink.
Constructing NetworkLink.
Constructing NetworkLink.
Constructing NetworkLink.
Constructing NetworkLink.
Constructing NetworkLink.
Constructing NetworkLink.
Constructing NetworkLink.
Constructing NetworkLink.
Constructing NetworkLink.
Constructing NetworkLink.
Constructing NetworkLink.
Constructing NetworkLink.
Constructing NetworkLink.
Constructing NetworkLink.
Constructing NetworkLink.
Constructing NetworkLink.
Constructing NetworkLink.
Constructing NetworkLink.
Constructing NetworkLink.
Constructing NetworkLink.
Constructing NetworkLink.
Constructing NetworkLink.
Constructing NetworkLink.
Constructing NetworkLink.
Constructing NetworkLink.
Constructing NetworkLink.
Constructing NetworkLink.
Constructing NetworkLink.
Constructing NetworkLink.
Constructing NetworkLink.
Constructing NetworkLink.
Constructing NetworkLink.
Constructing NetworkLink.
Constructing NetworkLink.
Constructing NetworkLink.
Constructing NetworkLink.
Constructing NetworkLink.
Constructing NetworkLink.
Constructing NetworkLink.
Constructing NetworkLink.
Constructing NetworkLink.
Constructing NetworkLink.
Constructing NetworkLink.
Error setting saddr = 4
Constructing NetworkLink.
Constructing NetworkLink.
Constructing NetworkLink.
Constructing NetworkLink.
Constructing NetworkLink.
Constructing NetworkLink.
Constructing NetworkLink.
Constructing NetworkLink.
Constructing NetworkLink.
Added all names to the symbol table.
Adding static hop for route 4807 (1708->2344, lat 5).
Adding static hop for route 4807 (1708->2273, lat 11).
Adding static hop for route 4807 (1708->2337, lat 1).
Adding static hop for route 4807 (1708->2341, lat 1).
Adding static hop for route 4807 (1708->2342, lat 5).
Adding static hop for route 4807 (1708->2343, lat 3).
Adding static hop for route 4807 (1708->2345, lat 1).
Adding static hop for route 4807 (1708->2347, lat 5).
Adding static hop for route 4807 (1708->2349, lat 1).
Adding static hop for route 4807 (1708->2350, lat 3).
Adding static hop for route 4807 (1708->2351, lat 5).
Error setting daddr = 18
Adding static hop for route 4807 (1708->2354, lat 3).
Error setting daddr = 56
Adding static hop for route 4737 (2273->2276, lat 2).
Error setting daddr = 9
Adding static hop for route 4737 (2273->2275, lat 4).
Error setting daddr = 41
Adding static hop for route 4737 (2273->2274, lat 6).
Error setting daddr = 5
Adding static hop for route 4737 (2273->2270, lat 2).
Error setting daddr = 25
Adding static hop for route 4737 (2273->2277, lat 6).
Error setting daddr = 57
Adding static hop for route 5032 (2325->2328, lat 2).
Error setting daddr = 16
Adding static hop for route 5032 (2325->2326, lat 4).
Error setting class = 1
Adding static hop for route 5032 (2325->2323, lat 2).
Error setting class = 0
Adding static hop for route 5032 (2325->2280, lat 2).
Error setting class = 2
Adding static hop for route 5032 (2325->2329, lat 4).
Error setting class = 3
Adding static hop for route 5677 (2307->2313, lat 2).
Error setting class = 0
Adding static hop for route 5677 (2307->2311, lat 2).
Error setting class = 2
Adding static hop for route 5677 (2307->2310, lat 4).
Error setting class = 2
Adding static hop for route 5677 (2307->2308, lat 4).
Error setting class = 2
Adding static hop for route 5677 (2307->2312, lat 2).
Error setting lat = 5
Adding static hop for route 5081 (2283->2287, lat 2).
Error setting lat = 9
Adding static hop for route 5081 (2283->2286, lat 2).
Error setting lat = 6
Adding static hop for route 5081 (2283->2285, lat 2).
Error setting lat = 5
Adding static hop for route 5926 (2315->2317, lat 2).
Error setting lat = 3
Adding static hop for route 5926 (2315->2318, lat 2).
Error setting lat = 7
Adding static hop for route 5926 (2315->2319, lat 4).
Error setting lat = 1
Adding static hop for route 5390 (1704->2301, lat 1).
Error setting lat = 10
Adding static hop for route 5390 (1704->2296, lat 3).
Error setting saddr = 4
Adding static hop for route 5390 (1704->2357, lat 7).
Error setting daddr = 56
Adding static hop for route 5292 (2355->2325, lat 2).
Error setting class = 1
Adding static hop for route 5292 (2355->2290, lat 6).
Error setting lat = 7
Adding static hop for route 6911 (2357->2358, lat 2).
Error setting saddr = 4
Adding static hop for route 6911 (2357->2359, lat 4).
Error setting daddr = 16
Adding static hop for route 6714 (1707->2352, lat 1).
Error setting class = 3
Adding static hop for route 6714 (1707->2355, lat 5).
Error setting lat = 5
Adding static hop for route 5413 (2290->2298, lat 4).
Error setting saddr = 4
Adding static hop for route 5413 (2290->2300, lat 6).
Error setting daddr = 9
Adding static hop for route 5438 (2276->2298, lat 6).
Error setting class = 3
Adding static hop for route 5438 (2276->2300, lat 8).
Error setting lat = 5
Adding static hop for route 4939 (1705->2357, lat 5).
Error setting saddr = 4
Adding static hop for route 4939 (1705->2276, lat 7).
Error setting daddr = 41
Adding static hop for route 5365 (2289->2296, lat 2).
Error setting class = 4
Adding static hop for route 5365 (2289->2301, lat 6).
Error setting lat = 7
Adding static hop for route 4784 (1706->2273, lat 1).
Error setting saddr = 4
Adding static hop for route 4784 (1706->2352, lat 1).
Error setting daddr = 5
Adding static hop for route 5241 (2355->2289, lat 2).
Error setting class = 1
Adding static hop for route 5241 (2355->2307, lat 8).
Error setting lat = 1
Adding static hop for route 5056 (2325->2283, lat 4).
Error setting saddr = 4
Adding static hop for route 5973 (2318->2317, lat 4).
Error setting daddr = 25
Adding static hop for route 5340 (1703->2294, lat 4).
Error setting class = 3
Adding static hop for route 5998 (2319->2318, lat 2).
Error setting lat = 6
Adding static hop for route 6387 (2337->2343, lat 2).
Error setting saddr = 4
Adding static hop for route 6651 (2349->2351, lat 2).
Error setting daddr = 57
Adding static hop for route 5531 (2301->2299, lat 2).
Error setting class = 3
Adding static hop for route 4915 (2277->2276, lat 2).
Error setting lat = 8
Adding static hop for route 5727 (2310->2308, lat 2).
Error setting saddr = 85
Adding static hop for route 4502 (213->1705, lat 1).
Error setting daddr = 102
Adding static hop for route 6412 (2342->2343, lat 6).
Error setting class = 1
Adding static hop for route 6041 (2319->2318, lat 2).
Error setting lat = 2
Adding static hop for route 6171 (2328->2326, lat 2).
Error setting saddr = 115
Adding static hop for route 6084 (2326->2323, lat 6).
Error setting daddr = 85
Adding static hop for route 4710 (2274->2270, lat 2).
Error setting class = 1
Adding static hop for route 5179 (2287->2286, lat 2).
Error setting lat = 4
Adding static hop for route 5107 (2286->2285, lat 4).
Error setting saddr = 83
Adding static hop for route 5484 (2296->2299, lat 2).
Error setting daddr = 115
Adding static hop for route 4831 (2275->2274, lat 2).
Error setting class = 2
Adding static hop for route 6935 (2359->2358, lat 2).
Error setting lat = 4
Adding static hop for route 4410 (90->1703, lat 10).
Error setting saddr = 83
Adding static hop for route 6318 (2341->2342, lat 2).
Error setting daddr = 115
Adding static hop for route 4962 (2270->2277, lat 4).
Error setting class = 1
Error setting lat = 2
Error setting saddr = 23
Adding static hop for route 6806 (2354->2355, lat 2).
Error setting daddr = 85
Adding static hop for route 5131 (2280->2285, lat 6).
Error setting class = 2
Adding static hop for route 5901 (2307->2315, lat 4).
Error setting lat = 6
Adding static hop for route 5814 (2313->2312, lat 2).
Error setting saddr = 70
Adding static hop for route 5461 (2294->2299, lat 3).
Error setting daddr = 102
Adding static hop for route 5878 (2308->2313, lat 2).
Error setting class = 2
Adding static hop for route 4761 (2274->2270, lat 2).
Error setting lat = 2
Adding static hop for route 5005 (2323->2280, lat 2).
Error setting saddr = 98
Adding static hop for route 5949 (2312->2317, lat 4).
Error setting daddr = 70
Adding static hop for route 5770 (2311->2310, lat 4).
Error setting class = 2
Adding static hop for route 4640 (396->1708, lat 8).
Error setting lat = 6
Adding static hop for route 5268 (2317->2289, lat 6).
Error setting saddr = 81
Adding static hop for route 5614 (2300->2301, lat 8).
Error setting daddr = 98
Adding static hop for route 6436 (2345->2343, lat 10).
Error setting class = 2
Error setting lat = 2
Adding static hop for route 6563 (2347->2349, lat 4).
Error setting saddr = 68
Adding static hop for route 4011 (1462->1649, lat 8).
Error setting daddr = 81
Adding static hop for route 5507 (2298->2299, lat 4).
Error setting class = 2
Adding static hop for route 6500 (2344->2345, lat 8).
Error setting lat = 4
Adding static hop for route 5703 (2310->2308, lat 2).
Error setting saddr = 49
Adding static hop for route 6829 (2343->2355, lat 2).
Error setting daddr = 81
Adding static hop for route 4685 (2299->1709, lat 1).
Error setting class = 1
Adding static hop for route 6959 (2359->2358, lat 4).
Error setting lat = 2
Adding static hop for route 4548 (274->1706, lat 2).
Error setting saddr = 53
Adding static hop for route 6214 (2329->2328, lat 4).
Error setting daddr = 49
Adding static hop for route 6628 (2350->2351, lat 4).
Error setting class = 1
Adding static hop for route 6344 (2351->2342, lat 2).
Error setting lat = 4
Adding static hop for route 5155 (2287->2286, lat 2).
Adding static hop for route 4594 (335->1707, lat 3).
Error setting saddr = 200
Adding static hop for route 6147 (2328->2326, lat 4).
Error setting daddr = 70
Adding static hop for route 4456 (152->1704, lat 3).
Error setting class = 3
Adding static hop for route 3920 (1709->1462, lat 4).
Error setting lat = 10
Adding static hop for route 6763 (2358->2354, lat 4).
Error setting saddr = 117
Error setting daddr = 200
Adding static hop for route 6737 (2352->2354, lat 6).
Error setting class = 1
Adding static hop for route 5317 (2285->2290, lat 2).
Error setting lat = 8
Adding static hop for route 3790 (1697->335, lat 2).
Error setting saddr = 66
Adding static hop for route 3684 (1691->213, lat 5).
Error setting daddr = 98
Adding static hop for route 3761 (1697->335, lat 2).
Error setting class = 1
Adding static hop for route 3631 (1688->152, lat 1).
Error setting lat = 2
Adding static hop for route 3602 (1688->152, lat 1).
Error setting saddr = 38
Adding static hop for route 3549 (1685->90, lat 4).
Error setting daddr = 70
Adding static hop for route 3843 (1700->396, lat 1).
Error setting class = 1
Adding static hop for route 3578 (1685->90, lat 4).
Error setting lat = 2
Adding static hop for route 3896 (1681->1462, lat 2).
Error setting saddr = 37
Adding static hop for route 3814 (1700->396, lat 1).
Error setting daddr = 40
Adding static hop for route 3708 (1694->274, lat 1).
Error setting class = 2
Adding static hop for route 3867 (1681->1462, lat 2).
Error setting lat = 3
Adding static hop for route 3737 (1694->274, lat 1).
Error setting saddr = 34
Adding static hop for route 3655 (1691->213, lat 5).
Error setting daddr = 36
Adding static hop for route 4035 (1467->1649, lat 5).
Error setting class = 2
Adding static hop for route 4035 (1467->1700, lat 10).
Error setting lat = 2
Adding static hop for route 4035 (1467->1697, lat 1).
Error setting saddr = 21
Error setting daddr = 34
Adding static hop for route 4035 (1467->1694, lat 7).
Error setting class = 1
Adding static hop for route 4035 (1467->1688, lat 5).
Error setting lat = 4
Adding static hop for route 4035 (1467->1685, lat 6).
Error setting saddr = 19
Adding static hop for route 4035 (1467->1681, lat 9).
Error setting daddr = 21
Error setting class = 2
Adding static hop for route 4035 (1467->1691, lat 3).
Error setting lat = 2
Adding static hop for route 4364 (1467->1700, lat 5).
Error setting saddr = 4
Adding static hop for route 4272 (1467->1694, lat 6).
Error setting daddr = 19
Adding static hop for route 4318 (1467->1697, lat 8).
Error setting class = 1
Adding static hop for route 4088 (1467->1681, lat 7).
Error setting lat = 2
Adding static hop for route 4180 (1467->1688, lat 7).
Error setting saddr = 19
Adding static hop for route 4226 (1467->1691, lat 1).
Error setting daddr = 21
Adding static hop for route 4134 (1467->1685, lat 5).
Error setting class = 1
Adding static hop for route 3985 (1649->1467, lat 3).
Error setting lat = 2
Printing hop routes
Error setting saddr = 57
0	3655: X, vc1
Error setting daddr = 24
	3684: X, vc0
Error setting class = 0
1	4502: X, vc0
Error setting lat = 3
Error setting saddr = 73
Error setting daddr = 3
3	4410: X, vc0
Error setting class = 0
4	3985: X, vc1
Error setting lat = 10
	4737: X, vc0
Error setting saddr = 0
5	4035: X, vc0
Error setting daddr = 1
	4226: X, vc1
Error setting class = 0
6	4784: X, vc1
Error setting lat = 1
	4807: X, vc0
Error setting saddr = 9
7	4548: X, vc0
Error setting daddr = 7
8	5365: X, vc1
Error setting class = 0
	5390: X, vc0
Error setting lat = 2
	5614: X, vc2
Error setting saddr = 25
9	3708: X, vc0
Error setting daddr = 22
Error setting class = 0
	3737: X, vc1
Error setting lat = 3
	4035: X, vc2
Error setting saddr = 16
	4134: X, vc3
Error setting daddr = 69
16	3814: X, vc1
Error setting class = 0
Error setting lat = 8
Error setting saddr = 3
	3843: X, vc0
Error setting daddr = 37
	4035: X, vc2
Error setting class = 0
	4364: X, vc3
Error setting lat = 4
18	4011: X, vc0
Error setting saddr = 168
	4035: X, vc1
Error setting daddr = 136
19	4737: X, vc0
Error setting class = 1
	4831: X, vc1
Error setting lat = 2
21	4710: X, vc1
Error setting saddr = 164
	4737: X, vc0
Error setting daddr = 168
Error setting class = 1
	4761: X, vc2
Error setting lat = 4
22	4594: X, vc0
Error setting saddr = 168
23	4784: X, vc1
Error setting daddr = 136
	6714: X, vc0
Error setting class = 2
24	4456: X, vc0
Error setting lat = 4
25	3761: X, vc1
Error setting saddr = 136
Error setting daddr = 215
	3790: X, vc0
Error setting class = 1
	4035: X, vc2
Error setting lat = 6
	4272: X, vc3
Error setting saddr = 215
34	4737: X, vc0
Error setting daddr = 198
	4962: X, vc1
Error setting class = 1
36	4737: X, vc0
Error setting lat = 2
	4915: X, vc2
Error setting saddr = 198
	4939: X, vc1
Error setting daddr = 132
37	5340: X, vc0
Error setting class = 2
38	4807: X, vc0
Error setting lat = 6
39	4685: X, vc0
Error setting saddr = 183
40	5461: X, vc2
Error setting daddr = 134
	5484: X, vc1
Error setting class = 0
	5507: X, vc3
Error setting lat = 4
	5531: X, vc0
Error setting saddr = 119
41	3867: X, vc2
Error setting daddr = 151
	3896: X, vc1
Error setting class = 2
	3920: X, vc0
Error setting lat = 2
	4035: X, vc3
Error setting saddr = 119
	4180: X, vc4
Error setting daddr = 151
49	4807: X, vc0
Error setting class = 1
	6563: X, vc1
Error setting lat = 2
51	4939: X, vc1
Error setting saddr = 151
	5390: X, vc0
Error setting daddr = 132
53	4807: X, vc0
Error setting class = 1
55	5365: X, vc1
Error setting lat = 4
	5390: X, vc0
Error setting saddr = 132
56	4035: X, vc0
Error setting daddr = 100
	4088: X, vc1
Error setting class = 1
57	3602: X, vc1
Error setting lat = 2
	3631: X, vc0
Error setting saddr = 72
	4035: X, vc2
Error setting daddr = 40
	4318: X, vc3
Error setting class = 3
66	4807: X, vc0
Error setting lat = 4
68	4807: X, vc0
Error setting saddr = 104
69	4640: X, vc0
Error setting daddr = 8
70	4807: X, vc0
Error setting class = 2
	6387: X, vc1
Error setting lat = 8
	6412: X, vc2
Error setting saddr = 147
	6436: X, vc3
Error setting daddr = 130
72	5413: X, vc0
Error setting class = 1
	5438: X, vc1
Error setting lat = 2
73	3549: X, vc0
Error setting saddr = 166
	3578: X, vc1
Error setting daddr = 147
81	4807: X, vc0
Error setting class = 1
	6628: X, vc2
Error setting lat = 4
	6651: X, vc1
Error setting saddr = 147
83	6911: X, vc0
Error setting daddr = 130
85	4807: X, vc0
Error setting class = 2
	6737: X, vc2
Error setting lat = 2
	6763: X, vc1
Error setting saddr = 130
87	5241: X, vc0
Error setting daddr = 113
	5268: X, vc1
Error setting class = 1
98	4807: X, vc0
Error setting lat = 2
	6318: X, vc1
Error setting saddr = 113
	6344: X, vc2
Error setting daddr = 145
100	5292: X, vc0
Error setting class = 1
	5317: X, vc1
Error setting lat = 2
102	6714: X, vc0
Error setting saddr = 145
	6806: X, vc1
Error setting daddr = 149
	6829: X, vc2
Error setting class = 2
104	5413: X, vc0
Error setting lat = 4
	5438: X, vc1
Error setting saddr = 162
113	5677: X, vc0
Error setting daddr = 181
	5878: X, vc1
Error setting class = 0
115	6911: X, vc0
Error setting lat = 4
	6935: X, vc1
Error setting saddr = 245
	6959: X, vc2
Error setting daddr = 213
117	4807: X, vc0
Error setting class = 2
119	5081: X, vc0
Error setting lat = 2
130	5677: X, vc0
Error setting saddr = 245
	5703: X, vc2
Error setting daddr = 213
	5727: X, vc1
Error setting class = 1
132	5081: X, vc0
Error setting lat = 2
	5107: X, vc1
Error setting saddr = 213
	5131: X, vc2
Error setting daddr = 149
134	5056: X, vc0
136	5032: X, vc0
Error setting class = 1
	6147: X, vc2
Error setting lat = 4
	6171: X, vc1
Error setting saddr = 149
145	5677: X, vc0
Error setting daddr = 87
	5814: X, vc1
Error setting class = 1
147	5677: X, vc0
Error setting lat = 6
	5770: X, vc1
Error setting saddr = 55
149	5926: X, vc0
Error setting daddr = 40
	5949: X, vc2
Error setting class = 1
	5973: X, vc1
Error setting lat = 2
151	5081: X, vc0
Error setting saddr = 8
	5155: X, vc2
Error setting daddr = 40
	5179: X, vc1
Error setting class = 0
162	5241: X, vc0
Error setting lat = 2
164	5032: X, vc0
Error setting saddr = 40
166	5677: X, vc0
Error setting daddr = 39
168	5032: X, vc0
Error setting class = 0
	6214: X, vc1
Error setting lat = 1
181	5901: X, vc0
Error setting saddr = 41
183	5292: X, vc0
Error setting daddr = 57
Error setting class = 1
Error setting lat = 1
Error setting saddr = 9
Error setting daddr = 73
198	5005: X, vc1
Error setting class = 0
Error setting lat = 4
Error setting saddr = 56
Error setting daddr = 41
Error setting class = 2
Error setting lat = 2
Error setting saddr = 5
Error setting daddr = 0
Error setting class = 1
Error setting lat = 5
Error setting saddr = 25
Error setting daddr = 9
Error setting class = 0
Error setting lat = 1
Error setting saddr = 57
Error setting daddr = 25
Error setting class = 1
Error setting lat = 2
Error setting saddr = 16
	5032: X, vc0
Error setting daddr = 16
Error setting class = 1
Error setting lat = 1
200	4807: X, vc0
Error setting saddr = 183
	6500: X, vc1
Error setting daddr = 198
213	5926: X, vc0
Error setting daddr = 164
Error setting daddr = 215
	5998: X, vc1
Error setting daddr = 136
Error setting daddr = 168
	6041: X, vc2
Error setting class = 0
215	5032: X, vc0
Error setting class = 0
	6084: X, vc1
Error setting class = 0
245	5926: X, vc0
Error setting class = 0
Parsed placement file.
Error setting class = 0
Set ejection VC at addr 18 to 1
Error setting lat = 2
Set ejection VC at addr 56 to 0
Error setting lat = 4
Set ejection VC at addr 9 to 2
Error setting lat = 2
Error setting lat = 4
Set ejection VC at addr 41 to 3
Error setting lat = 2
Set ejection VC at addr 5 to 0
Error setting saddr = 6
Set ejection VC at addr 25 to 2
Error setting daddr = 4
Set ejection VC at addr 57 to 2
Error setting daddr = 21
Set ejection VC at addr 16 to 2
Error setting daddr = 34
Link specified in placement file.
Error setting daddr = 36
Changing link to static with placed latencies.
Error setting daddr = 19
Set lat 5 from 0 to 0
Error setting class = 0
Set lat 9 from 0 to 1
Error setting class = 0
Error setting class = 0
Error setting class = 0
Set lat 6 from 0 to 2
Error setting class = 0
Error setting lat = 4
Set lat 5 from 0 to 3
Error setting lat = 2
Set lat 3 from 0 to 4
Error setting lat = 6
Set lat 7 from 0 to 5
Error setting lat = 2
Set lat 1 from 0 to 6
Error setting lat = 6
Set lat 10 from 0 to 7
Error setting saddr = 162
Set ejection VC at addr 56 to 1
Error setting daddr = 145
Link specified in placement file.
Error setting daddr = 166
Changing link to static with placed latencies.
Error setting daddr = 147
Set lat 7 from 0 to 0
Error setting daddr = 113
Set ejection VC at addr 16 to 3
Error setting daddr = 130
Link specified in placement file.
Error setting class = 0
Changing link to static with placed latencies.
Error setting class = 0
Set lat 5 from 0 to 0
Error setting class = 0
Set ejection VC at addr 9 to 3
Error setting class = 0
Link specified in placement file.
Error setting class = 0
Changing link to static with placed latencies.
Error setting lat = 2
Set lat 5 from 0 to 0
Error setting lat = 2
Set ejection VC at addr 41 to 4
Error setting lat = 4
Link specified in placement file.
Error setting lat = 2
Changing link to static with placed latencies.
Error setting lat = 4
Set lat 7 from 0 to 0
Error setting saddr = 5
Set ejection VC at addr 5 to 1
Error setting daddr = 0
Link specified in placement file.
Error setting class = 0
Changing link to static with placed latencies.
Error setting lat = 5
Set lat 1 from 0 to 0
Error setting saddr = 41
Set ejection VC at addr 25 to 3
Error setting daddr = 57
Link specified in placement file.
Error setting class = 0
Changing link to static with placed latencies.
Error setting lat = 1
Set lat 6 from 0 to 0
Error setting saddr = 9
Set ejection VC at addr 57 to 3
Error setting daddr = 73
Link specified in placement file.
Error setting class = 1
Changing link to static with placed latencies.
Error setting lat = 4
Set lat 8 from 0 to 0
Error setting saddr = 56
Set ejection VC at addr 102 to 1
Error setting daddr = 41
Link specified in placement file.
Error setting class = 1
Changing link to static with placed latencies.
Error setting lat = 2
Set lat 2 from 0 to 0
Error setting saddr = 25
Set ejection VC at addr 85 to 1
Error setting daddr = 9
Link specified in placement file.
Error setting class = 1
Changing link to static with placed latencies.
Error setting lat = 1
Set lat 4 from 0 to 0
Error setting saddr = 57
Set ejection VC at addr 115 to 2
Error setting daddr = 25
Link specified in placement file.
Error setting class = 0
Changing link to static with placed latencies.
Error setting lat = 2
Set lat 4 from 0 to 0
Error setting saddr = 16
Error setting daddr = 16
Error setting class = 0
Error setting lat = 1
Error setting saddr = 24
Error setting daddr = 55
Error setting daddr = 8
Error setting daddr = 51
Error setting class = 0
Error setting class = 0
Error setting class = 0
Error setting lat = 3
Error setting lat = 1
Set ejection VC at addr 115 to 1
Error setting lat = 7
Error setting saddr = 134
Error setting daddr = 132
Error setting daddr = 151
Error setting daddr = 119
Link specified in placement file.
Error setting class = 0
Changing link to static with placed latencies.
Set lat 2 from 0 to 0
Error setting class = 0
Set ejection VC at addr 85 to 2
Error setting class = 0
Link specified in placement file.
Error setting lat = 2
Changing link to static with placed latencies.
Error setting lat = 2
Set lat 6 from 0 to 0
Error setting lat = 2
Set ejection VC at addr 102 to 2
Error setting saddr = 181
Link specified in placement file.
Changing link to static with placed latencies.
Error setting daddr = 149
Set lat 2 from 0 to 0
Error setting daddr = 213
Set ejection VC at addr 70 to 2
Error setting daddr = 245
Link specified in placement file.
Error setting class = 0
Changing link to static with placed latencies.
Set lat 6 from 0 to 0
Error setting class = 0
Set ejection VC at addr 98 to 2
Error setting class = 0
Link specified in placement file.
Error setting lat = 2
Changing link to static with placed latencies.
Error setting lat = 2
Set lat 2 from 0 to 0
Error setting lat = 4
Set ejection VC at addr 81 to 2
Error setting saddr = 102
Link specified in placement file.
Error setting daddr = 100
Changing link to static with placed latencies.
Error setting daddr = 183
Set lat 4 from 0 to 0
Error setting class = 0
Set ejection VC at addr 81 to 1
Error setting class = 0
Link specified in placement file.
Error setting lat = 6
Changing link to static with placed latencies.
Error setting lat = 2
Set lat 2 from 0 to 0
Error setting saddr = 51
Set ejection VC at addr 49 to 1
Error setting daddr = 115
Link specified in placement file.
Error setting daddr = 83
Changing link to static with placed latencies.
Error setting class = 0
Set lat 4 from 0 to 0
Error setting class = 0
Set ejection VC at addr 70 to 3
Error setting lat = 2
Link specified in placement file.
Error setting lat = 4
Changing link to static with placed latencies.
Error setting saddr = 36
Set lat 10 from 0 to 0
Error setting daddr = 72
Set ejection VC at addr 200 to 1
Error setting daddr = 104
Link specified in placement file.
Error setting class = 1
Changing link to static with placed latencies.
Error setting class = 1
Set lat 8 from 0 to 0
Error setting lat = 6
Set ejection VC at addr 98 to 1
Error setting lat = 8
Link specified in placement file.
Error setting saddr = 22
Changing link to static with placed latencies.
Error setting daddr = 23
Set lat 2 from 0 to 0
Error setting daddr = 102
Set ejection VC at addr 70 to 1
Error setting class = 0
Link specified in placement file.
Error setting class = 0
Changing link to static with placed latencies.
Error setting lat = 1
Set lat 2 from 0 to 0
Error setting lat = 5
Set ejection VC at addr 40 to 2
Error setting saddr = 1
Link specified in placement file.
Error setting daddr = 36
Changing link to static with placed latencies.
Error setting daddr = 51
Set lat 3 from 0 to 0
Error setting class = 1
Set ejection VC at addr 36 to 2
Error setting class = 1
Link specified in placement file.
Error setting lat = 7
Changing link to static with placed latencies.
Error setting lat = 5
Set lat 2 from 0 to 0
Error setting saddr = 7
Set ejection VC at addr 34 to 1
Error setting daddr = 6
Link specified in placement file.
Error setting daddr = 23
Changing link to static with placed latencies.
Error setting class = 1
Set lat 4 from 0 to 0
Error setting class = 1
Set ejection VC at addr 21 to 2
Error setting lat = 1
Link specified in placement file.
Error setting lat = 1
Changing link to static with placed latencies.
Error setting saddr = 100
Set lat 2 from 0 to 0
Error setting daddr = 72
Set ejection VC at addr 19 to 1
Error setting daddr = 104
Link specified in placement file.
Changing link to static with placed latencies.
Set lat 2 from 0 to 0
Error setting class = 0
Set ejection VC at addr 21 to 1
Link specified in placement file.
Error setting class = 0
Changing link to static with placed latencies.
Error setting lat = 4
Set lat 2 from 0 to 0
Error setting lat = 6
Set ejection VC at addr 24 to 0
Error setting saddr = 102
Link specified in placement file.
Error setting daddr = 87
Changing link to static with placed latencies.
Error setting daddr = 162
Set lat 3 from 0 to 0
Error setting class = 0
Set ejection VC at addr 3 to 0
Error setting class = 0
Link specified in placement file.
Error setting lat = 2
Changing link to static with placed latencies.
Error setting lat = 8
Set lat 10 from 0 to 0
Error setting saddr = 87
Set ejection VC at addr 1 to 0
Error setting daddr = 55
Link specified in placement file.
Error setting daddr = 8
Changing link to static with placed latencies.
Error setting class = 1
Set lat 1 from 0 to 0
Error setting class = 1
Set ejection VC at addr 7 to 0
Error setting lat = 2
Link specified in placement file.
Error setting lat = 6
Changing link to static with placed latencies.
Error setting saddr = 69
Set lat 2 from 0 to 0
Error setting daddr = 49
Set ejection VC at addr 22 to 0
Error setting daddr = 38
Link specified in placement file.
Error setting daddr = 85
Changing link to static with placed latencies.
Error setting daddr = 200
Set lat 3 from 0 to 0
Error setting daddr = 66
Set ejection VC at addr 69 to 0
Error setting daddr = 6
Link specified in placement file.
Error setting daddr = 117
Changing link to static with placed latencies.
Error setting daddr = 53
Set lat 8 from 0 to 0
Error setting daddr = 68
Set ejection VC at addr 37 to 0
Error setting daddr = 70
Link specified in placement file.
Error setting daddr = 98
Changing link to static with placed latencies.
Error setting daddr = 81
Set lat 4 from 0 to 0
Error setting class = 0
Set ejection VC at addr 136 to 1
Error setting class = 0
Link specified in placement file.
Error setting class = 0
Changing link to static with placed latencies.
Error setting class = 0
Set lat 2 from 0 to 0
Error setting class = 0
Set ejection VC at addr 168 to 1
Error setting class = 0
Link specified in placement file.
Error setting class = 0
Changing link to static with placed latencies.
Error setting class = 0
Set lat 4 from 0 to 0
Error setting class = 0
Set ejection VC at addr 136 to 2
Error setting class = 0
Link specified in placement file.
Error setting class = 0
Changing link to static with placed latencies.
Error setting class = 0
Set lat 4 from 0 to 0
Error setting lat = 1
Set ejection VC at addr 215 to 1
Error setting lat = 1
Link specified in placement file.
Error setting lat = 3
Changing link to static with placed latencies.
Error setting lat = 1
Set lat 6 from 0 to 0
Error setting lat = 1
Set ejection VC at addr 198 to 1
Error setting lat = 11
Link specified in placement file.
Error setting lat = 5
Changing link to static with placed latencies.
Error setting lat = 5
Set lat 2 from 0 to 0
Error setting lat = 3
Set ejection VC at addr 132 to 2
Error setting lat = 3
Link specified in placement file.
Error setting lat = 5
Changing link to static with placed latencies.
Error setting lat = 5
Set lat 6 from 0 to 0
Error setting saddr = 41
Set ejection VC at addr 134 to 0
Error setting daddr = 18
Link specified in placement file.
Error setting class = 0
Changing link to static with placed latencies.
Error setting lat = 8
Set lat 4 from 0 to 0
Error setting saddr = 18
Set ejection VC at addr 151 to 2
Error setting daddr = 4
Link specified in placement file.
Error setting class = 1
Changing link to static with placed latencies.
Error setting lat = 3
Set lat 2 from 0 to 0
Error setting saddr = 39
Set ejection VC at addr 151 to 1
Error setting daddr = 41
Link specified in placement file.
Error setting class = 0
Changing link to static with placed latencies.
Error setting lat = 4
Set lat 2 from 0 to 0
== Loading device model file '/home/yaqiz/plastisim/configs/DDR3_micron_64M_8B_x4_sg15.ini' == 
Set ejection VC at addr 132 to 1
== Loading system model file '/home/yaqiz/plastisim/configs/system.ini' == 
Link specified in placement file.
===== MemorySystem 0 =====
Changing link to static with placed latencies.
CH. 0 TOTAL_STORAGE : 4096MB | 1 Ranks | 16 Devices per rank
Set lat 4 from 0 to 0
===== MemorySystem 1 =====
Set ejection VC at addr 100 to 1
CH. 1 TOTAL_STORAGE : 4096MB | 1 Ranks | 16 Devices per rank
Link specified in placement file.
===== MemorySystem 2 =====
Changing link to static with placed latencies.
CH. 2 TOTAL_STORAGE : 4096MB | 1 Ranks | 16 Devices per rank
Set lat 2 from 0 to 0
===== MemorySystem 3 =====
Set ejection VC at addr 40 to 3
CH. 3 TOTAL_STORAGE : 4096MB | 1 Ranks | 16 Devices per rank
Link specified in placement file.
Changing link to static with placed latencies.
Set lat 4 from 0 to 0
Set ejection VC at addr 8 to 2
Link specified in placement file.
Changing link to static with placed latencies.
Set lat 8 from 0 to 0
Set ejection VC at addr 130 to 1
Link specified in placement file.
Changing link to static with placed latencies.
Set lat 2 from 0 to 0
Set ejection VC at addr 147 to 1
Link specified in placement file.
Changing link to static with placed latencies.
Set lat 4 from 0 to 0
Set ejection VC at addr 130 to 2
Link specified in placement file.
Changing link to static with placed latencies.
Set lat 2 from 0 to 0
Set ejection VC at addr 113 to 1
Link specified in placement file.
Changing link to static with placed latencies.
Set lat 2 from 0 to 0
Set ejection VC at addr 145 to 1
Link specified in placement file.
Changing link to static with placed latencies.
Set lat 2 from 0 to 0
Set ejection VC at addr 149 to 2
Link specified in placement file.
Changing link to static with placed latencies.
Set lat 4 from 0 to 0
Set ejection VC at addr 181 to 0
Link specified in placement file.
Changing link to static with placed latencies.
Set lat 4 from 0 to 0
Set ejection VC at addr 213 to 2
Link specified in placement file.
Changing link to static with placed latencies.
Set lat 2 from 0 to 0
Set ejection VC at addr 213 to 1
Link specified in placement file.
Changing link to static with placed latencies.
Set lat 2 from 0 to 0
Set ejection VC at addr 149 to 1
Link specified in placement file.
Changing link to static with placed latencies.
Set lat 4 from 0 to 0
Set ejection VC at addr 87 to 1
Link specified in placement file.
Changing link to static with placed latencies.
Set lat 6 from 0 to 0
Set ejection VC at addr 40 to 1
Link specified in placement file.
Changing link to static with placed latencies.
Set lat 2 from 0 to 0
Set ejection VC at addr 40 to 0
Link specified in placement file.
Changing link to static with placed latencies.
Set lat 2 from 0 to 0
Set ejection VC at addr 39 to 0
Link specified in placement file.
Changing link to static with placed latencies.
Set lat 1 from 0 to 0
Set ejection VC at addr 57 to 1
Link specified in placement file.
Changing link to static with placed latencies.
Set lat 1 from 0 to 0
Set ejection VC at addr 73 to 0
Link specified in placement file.
Changing link to static with placed latencies.
Set lat 4 from 0 to 0
Set ejection VC at addr 41 to 2
Link specified in placement file.
Changing link to static with placed latencies.
Set lat 2 from 0 to 0
Set ejection VC at addr 0 to 1
Link specified in placement file.
Changing link to static with placed latencies.
Set lat 5 from 0 to 0
Set ejection VC at addr 9 to 0
Link specified in placement file.
Changing link to static with placed latencies.
Set lat 1 from 0 to 0
Set ejection VC at addr 25 to 1
Link specified in placement file.
Changing link to static with placed latencies.
Set lat 2 from 0 to 0
Set ejection VC at addr 16 to 1
Link specified in placement file.
Changing link to static with placed latencies.
Set lat 1 from 0 to 0
Set ejection VC at addr 198 to 0
Set ejection VC at addr 164 to 0
Set ejection VC at addr 215 to 0
Set ejection VC at addr 136 to 0
Set ejection VC at addr 168 to 0
Link specified in placement file.
Changing link to static with placed latencies.
Set lat 2 from 0 to 0
Set lat 4 from 0 to 1
Set lat 2 from 0 to 2
Set lat 4 from 0 to 3
Set lat 2 from 0 to 4
Set ejection VC at addr 4 to 0
Set ejection VC at addr 21 to 0
Set ejection VC at addr 34 to 0
Set ejection VC at addr 36 to 0
Set ejection VC at addr 19 to 0
Link specified in placement file.
Changing link to static with placed latencies.
Set lat 4 from 0 to 0
Set lat 2 from 0 to 1
Set lat 6 from 0 to 2
Set lat 2 from 0 to 3
Set lat 6 from 0 to 4
Set ejection VC at addr 145 to 0
Set ejection VC at addr 166 to 0
Set ejection VC at addr 147 to 0
Set ejection VC at addr 113 to 0
Set ejection VC at addr 130 to 0
Link specified in placement file.
Changing link to static with placed latencies.
Set lat 2 from 0 to 0
Set lat 2 from 0 to 1
Set lat 4 from 0 to 2
Set lat 2 from 0 to 3
Set lat 4 from 0 to 4
Set ejection VC at addr 0 to 0
Link specified in placement file.
Changing link to static with placed latencies.
Set lat 5 from 0 to 0
Set ejection VC at addr 57 to 0
Link specified in placement file.
Changing link to static with placed latencies.
Set lat 1 from 0 to 0
Set ejection VC at addr 73 to 1
Link specified in placement file.
Changing link to static with placed latencies.
Set lat 4 from 0 to 0
Set ejection VC at addr 41 to 1
Link specified in placement file.
Changing link to static with placed latencies.
Set lat 2 from 0 to 0
Set ejection VC at addr 9 to 1
Link specified in placement file.
Changing link to static with placed latencies.
Set lat 1 from 0 to 0
Set ejection VC at addr 25 to 0
Link specified in placement file.
Changing link to static with placed latencies.
Set lat 2 from 0 to 0
Set ejection VC at addr 16 to 0
Link specified in placement file.
Changing link to static with placed latencies.
Set lat 1 from 0 to 0
Set ejection VC at addr 55 to 0
Set ejection VC at addr 8 to 0
Set ejection VC at addr 51 to 0
Link specified in placement file.
Changing link to static with placed latencies.
Set lat 3 from 0 to 0
Set lat 1 from 0 to 1
Set lat 7 from 0 to 2
Set ejection VC at addr 132 to 0
Set ejection VC at addr 151 to 0
Set ejection VC at addr 119 to 0
Link specified in placement file.
Changing link to static with placed latencies.
Set lat 2 from 0 to 0
Set lat 2 from 0 to 1
Set lat 2 from 0 to 2
Set ejection VC at addr 149 to 0
Set ejection VC at addr 213 to 0
Set ejection VC at addr 245 to 0
Link specified in placement file.
Changing link to static with placed latencies.
Set lat 2 from 0 to 0
Set lat 2 from 0 to 1
Set lat 4 from 0 to 2
Set lat 1 from 0 to 0
Set lat 1 from 0 to 0
Set lat 1 from 0 to 0
Set lat 1 from 0 to 0
Set lat 1 from 0 to 0
Set lat 1 from 0 to 0
Set lat 1 from 0 to 0
Set ejection VC at addr 100 to 0
Set ejection VC at addr 183 to 0
Link specified in placement file.
Changing link to static with placed latencies.
Set lat 6 from 0 to 0
Set lat 2 from 0 to 1
Set ejection VC at addr 115 to 0
Set ejection VC at addr 83 to 0
Link specified in placement file.
Changing link to static with placed latencies.
Set lat 2 from 0 to 0
Set lat 4 from 0 to 1
Set ejection VC at addr 72 to 1
Set ejection VC at addr 104 to 1
Link specified in placement file.
Changing link to static with placed latencies.
Set lat 6 from 0 to 0
Set lat 8 from 0 to 1
Set ejection VC at addr 23 to 0
Set ejection VC at addr 102 to 0
Link specified in placement file.
Changing link to static with placed latencies.
Set lat 1 from 0 to 0
Set lat 5 from 0 to 1
Set ejection VC at addr 36 to 1
Set ejection VC at addr 51 to 1
Link specified in placement file.
Changing link to static with placed latencies.
Set lat 7 from 0 to 0
Set lat 5 from 0 to 1
Set ejection VC at addr 6 to 1
Set ejection VC at addr 23 to 1
Link specified in placement file.
Changing link to static with placed latencies.
Set lat 1 from 0 to 0
Set lat 1 from 0 to 1
Set ejection VC at addr 72 to 0
Set ejection VC at addr 104 to 0
Link specified in placement file.
Changing link to static with placed latencies.
Set lat 4 from 0 to 0
Set lat 6 from 0 to 1
Set ejection VC at addr 87 to 0
Set ejection VC at addr 162 to 0
Link specified in placement file.
Changing link to static with placed latencies.
Set lat 2 from 0 to 0
Set lat 8 from 0 to 1
Set ejection VC at addr 55 to 1
Set ejection VC at addr 8 to 1
Link specified in placement file.
Changing link to static with placed latencies.
Set lat 2 from 0 to 0
Set lat 6 from 0 to 1
Set ejection VC at addr 49 to 0
Set ejection VC at addr 38 to 0
Set ejection VC at addr 85 to 0
Set ejection VC at addr 200 to 0
Set ejection VC at addr 66 to 0
Set ejection VC at addr 6 to 0
Set ejection VC at addr 117 to 0
Set ejection VC at addr 53 to 0
Set ejection VC at addr 68 to 0
Set ejection VC at addr 70 to 0
Set ejection VC at addr 98 to 0
Set ejection VC at addr 81 to 0
Link specified in placement file.
Changing link to static with placed latencies.
Set lat 1 from 0 to 0
Set lat 1 from 0 to 1
Set lat 3 from 0 to 2
Set lat 1 from 0 to 3
Set lat 1 from 0 to 4
Set lat 11 from 0 to 5
Set lat 5 from 0 to 6
Set lat 5 from 0 to 7
Set lat 3 from 0 to 8
Set lat 3 from 0 to 9
Set lat 5 from 0 to 10
Set lat 5 from 0 to 11
Set ejection VC at addr 18 to 0
Link specified in placement file.
Changing link to static with placed latencies.
Set lat 8 from 0 to 0
Set ejection VC at addr 4 to 1
Link specified in placement file.
Changing link to static with placed latencies.
Set lat 3 from 0 to 0
Set ejection VC at addr 41 to 0
Link specified in placement file.
Changing link to static with placed latencies.
Set lat 4 from 0 to 0
Number of network classes: 5
Child process has pid 7627
Parsed definitions of all elements.
Total of 103 links:
  0: ArgIn1711_ArgIn1733_ArgIn1777_ArgIn1799_ArgIn1755_ArgIn1821_ArgIn1843_ArgIn3945
    
  1: DramAddress1412
    
  2: DramAddress376
    
  3: DramAddress70
    
  4: DramAddress132
    
  5: DramAddress193
    
  6: DramAddress254
    
  7: DramAddress315
    
  8: RetimingFIFO3161
    
  9: RetimingFIFO3143
    
  10: RetimingFIFO3206
    
  11: RetimingFIFO3197
    
  12: RetimingFIFO3134
    
  13: RetimingFIFO3170
    
  14: RetimingFIFO3008
    
  15: RetimingFIFO2981
    
  16: RetimingFIFO3089
    
  17: RetimingFIFO3098
    
  18: RetimingFIFO3116
    
  19: RetimingFIFO3017
    
  20: RetimingFIFO3053
    
  21: RetimingFIFO2972
    
  22: RetimingFIFO2999
    
  23: RetimingFIFO2621
    
  24: RetimingFIFO2441
    
  25: RetimingFIFO2459
    
  26: RetimingFIFO2378
    
  27: RetimingFIFO2387
    
  28: RetimingFIFO2360
    
  29: RetimingFIFO2115
    
  30: RetimingFIFO2086
    
  31: RetimingFIFO2144
    
  32: RetimingFIFO2173
    
  33: RetimingFIFO2202
    
  34: RetimingFIFO2231
    
  35: RetimingFIFO2019
    
  36: RetimingFIFO2900
    
  37: RetimingFIFO2918
    
  38: RetimingFIFO2891
    
  39: RetimingFIFO2954
    
  40: RetimingFIFO2477
    
  41: RetimingFIFO2549
    
  42: RetimingFIFO2558
    
  43: RetimingFIFO2495
    
  44: RetimingFIFO2504
    
  45: RetimingFIFO2540
    
  46: RetimingFIFO2576
    
  47: RetimingFIFO2639
    
  48: RetimingFIFO2684
    
  49: RetimingFIFO2738
    
  50: RetimingFIFO2756
    
  51: RetimingFIFO2729
    
  52: RetimingFIFO2810
    
  53: RetimingFIFO2783
    
  54: RetimingFIFO2864
    
  55: RetimingFIFO2882
    
  56: RetimingFIFO2837
    
  57: RetimingFIFO2819
    
  58: RetimingFIFO2873
    
  59: RetimingFIFO2711
    
  60: RetimingFIFO2630
    
  61: RetimingFIFO2648
    
  62: RetimingFIFO2029
    
  63: StreamOut123
    
  64: StreamOut61
    
  65: StreamOut1402
    
  66: StreamOut184
    
  67: StreamOut245
    
  68: StreamOut306
    
  69: StreamOut367
    
  70: RetimingFIFO2486_RetimingFIFO2963_RetimingFIFO2909_RetimingFIFO2927_RetimingFIFO2936
    
  71: RetimingFIFO2369_RetimingFIFO2396_RetimingFIFO2405_RetimingFIFO2432_RetimingFIFO2468
    
  72: RetimingFIFO2720_RetimingFIFO2747_RetimingFIFO2765_RetimingFIFO2792_RetimingFIFO2801
    
  73: StreamOut185
    
  74: StreamOut124
    
  75: StreamOut62
    
  76: StreamOut1403
    
  77: StreamOut246
    
  78: StreamOut307
    
  79: StreamOut368
    
  80: RetimingFIFO2594_RetimingFIFO2693_RetimingFIFO1879
    
  81: RetimingFIFO2531_RetimingFIFO2513_RetimingFIFO2522
    
  82: RetimingFIFO2855_RetimingFIFO2828_RetimingFIFO2846
    
  83: SRAM50
    
  84: SRAM45
    
  85: SRAM46
    
  86: SRAM47
    
  87: SRAM48
    
  88: SRAM49
    
  89: SRAM51
    
  90: RetimingFIFO2567_RetimingFIFO2945
    
  91: RetimingFIFO3188_RetimingFIFO3215
    
  92: RetimingFIFO2612_RetimingFIFO2666
    
  93: RetimingFIFO1963_RetimingFIFO3179
    
  94: RetimingFIFO2450_RetimingFIFO1907
    
  95: RetimingFIFO2414_RetimingFIFO1935
    
  96: RetimingFIFO2603_RetimingFIFO2657
    
  97: RetimingFIFO2702_RetimingFIFO2774
    
  98: RetimingFIFO2585_RetimingFIFO2675
    
  99: RetimingFIFO2423_RetimingFIFO3071_RetimingFIFO3035_RetimingFIFO2990_RetimingFIFO3026_RetimingFIFO3044_RetimingFIFO3062_RetimingFIFO1991_RetimingFIFO3125_RetimingFIFO3080_RetimingFIFO3107_RetimingFIFO3152
    
  100: StreamIn1405
    
  101: TokenOut1656
    
  102: StreamOut1404
    
Total of 81 nodes:
  0: CE7026
    [StreamOut62 *4096 /1] [StreamOut61 *4096 /1]  => [RetimingFIFO2086] 
  1: CE7316
    [RetimingFIFO2086 *1 /1]  => [SRAM45] 
  2: CE7306
    [SRAM45 *4096 /1]  => [RetimingFIFO2019] 
  3: CE7640
    [RetimingFIFO2019 *1 /1]  => [RetimingFIFO2621] 
  4: CE7040
    [StreamOut124 *4096 /1] [StreamOut123 *4096 /1]  => [RetimingFIFO2115] 
  5: CE7336
    [RetimingFIFO2115 *1 /1]  => [SRAM46] 
  6: CE7326
    [SRAM46 *4096 /1]  => [RetimingFIFO2594_RetimingFIFO2693_RetimingFIFO1879] 
  7: CE7054
    [StreamOut185 *4096 /1] [StreamOut184 *4096 /1]  => [RetimingFIFO2144] 
  8: CE7356
    [RetimingFIFO2144 *1 /1]  => [SRAM47] 
  9: CE7346
    [SRAM47 *4096 /1]  => [RetimingFIFO2450_RetimingFIFO1907] 
  10: CE8146
    [RetimingFIFO2450_RetimingFIFO1907 *1 /1] [RetimingFIFO2594_RetimingFIFO2693_RetimingFIFO1879 *1 /1]  => [RetimingFIFO3188_RetimingFIFO3215] 
  11: CE8178
    [RetimingFIFO3188_RetimingFIFO3215 *1 /1]  => [RetimingFIFO3197] [RetimingFIFO3206] 
  12: CE8162
    [RetimingFIFO3188_RetimingFIFO3215 *1 /1] [RetimingFIFO3197 *1 /1] [RetimingFIFO3206 *1 /1]  => [RetimingFIFO3143] 
  13: CE7068
    [StreamOut246 *4096 /1] [StreamOut245 *4096 /1]  => [RetimingFIFO2173] 
  14: CE7376
    [RetimingFIFO2173 *1 /1]  => [SRAM48] 
  15: CE7366
    [SRAM48 *4096 /1]  => [RetimingFIFO2414_RetimingFIFO1935] 
  16: CE7082
    [StreamOut307 *4096 /1] [StreamOut306 *4096 /1]  => [RetimingFIFO2202] 
  17: CE7396
    [RetimingFIFO2202 *1 /1]  => [SRAM49] 
  18: CE7386
    [SRAM49 *4096 /1]  => [RetimingFIFO1963_RetimingFIFO3179] 
  19: CE8092
    [RetimingFIFO2414_RetimingFIFO1935 *1 /1] [RetimingFIFO1963_RetimingFIFO3179 *1 /1]  => [RetimingFIFO3134] 
  20: CE7096
    [StreamOut368 *4096 /1] [StreamOut367 *4096 /1]  => [RetimingFIFO2231] 
  21: CE7416
    [RetimingFIFO2231 *1 /1]  => [SRAM50] 
  22: CE7406
    [SRAM50 *4096 /1]  => [RetimingFIFO2423_RetimingFIFO3071_RetimingFIFO3035_RetimingFIFO2990_RetimingFIFO3026_RetimingFIFO3044_RetimingFIFO3062_RetimingFIFO1991_RetimingFIFO3125_RetimingFIFO3080_RetimingFIFO3107_RetimingFIFO3152] 
  23: CE7466
    [RetimingFIFO2414_RetimingFIFO1935 *1 /1] [RetimingFIFO2423_RetimingFIFO3071_RetimingFIFO3035_RetimingFIFO2990_RetimingFIFO3026_RetimingFIFO3044_RetimingFIFO3062_RetimingFIFO1991_RetimingFIFO3125_RetimingFIFO3080_RetimingFIFO3107_RetimingFIFO3152 *1 /1]  => [RetimingFIFO2369_RetimingFIFO2396_RetimingFIFO2405_RetimingFIFO2432_RetimingFIFO2468] 
  24: CE7954
    [RetimingFIFO2423_RetimingFIFO3071_RetimingFIFO3035_RetimingFIFO2990_RetimingFIFO3026_RetimingFIFO3044_RetimingFIFO3062_RetimingFIFO1991_RetimingFIFO3125_RetimingFIFO3080_RetimingFIFO3107_RetimingFIFO3152 *1 /1]  => [RetimingFIFO2999] 
  25: CE7964
    [RetimingFIFO2423_RetimingFIFO3071_RetimingFIFO3035_RetimingFIFO2990_RetimingFIFO3026_RetimingFIFO3044_RetimingFIFO3062_RetimingFIFO1991_RetimingFIFO3125_RetimingFIFO3080_RetimingFIFO3107_RetimingFIFO3152 *1 /1]  => [RetimingFIFO2972] 
  26: CE8014
    [RetimingFIFO2423_RetimingFIFO3071_RetimingFIFO3035_RetimingFIFO2990_RetimingFIFO3026_RetimingFIFO3044_RetimingFIFO3062_RetimingFIFO1991_RetimingFIFO3125_RetimingFIFO3080_RetimingFIFO3107_RetimingFIFO3152 *1 /1]  => [RetimingFIFO3053] 
  27: CE8038
    [RetimingFIFO2423_RetimingFIFO3071_RetimingFIFO3035_RetimingFIFO2990_RetimingFIFO3026_RetimingFIFO3044_RetimingFIFO3062_RetimingFIFO1991_RetimingFIFO3125_RetimingFIFO3080_RetimingFIFO3107_RetimingFIFO3152 *1 /1]  => [RetimingFIFO3116] 
  28: CE8062
    [RetimingFIFO2423_RetimingFIFO3071_RetimingFIFO3035_RetimingFIFO2990_RetimingFIFO3026_RetimingFIFO3044_RetimingFIFO3062_RetimingFIFO1991_RetimingFIFO3125_RetimingFIFO3080_RetimingFIFO3107_RetimingFIFO3152 *1 /1]  => [RetimingFIFO3089] 
  29: CE8108
    [RetimingFIFO3134 *1 /1] [RetimingFIFO3143 *1 /1] [RetimingFIFO2423_RetimingFIFO3071_RetimingFIFO3035_RetimingFIFO2990_RetimingFIFO3026_RetimingFIFO3044_RetimingFIFO3062_RetimingFIFO1991_RetimingFIFO3125_RetimingFIFO3080_RetimingFIFO3107_RetimingFIFO3152 *1 /1]  => [RetimingFIFO3161] 
  30: CE7496
    [RetimingFIFO2369_RetimingFIFO2396_RetimingFIFO2405_RetimingFIFO2432_RetimingFIFO2468 *1 /1]  => [RetimingFIFO2387] 
  31: CE8026
    [RetimingFIFO3053 *1 /1] [RetimingFIFO2423_RetimingFIFO3071_RetimingFIFO3035_RetimingFIFO2990_RetimingFIFO3026_RetimingFIFO3044_RetimingFIFO3062_RetimingFIFO1991_RetimingFIFO3125_RetimingFIFO3080_RetimingFIFO3107_RetimingFIFO3152 *1 /1]  => [RetimingFIFO3017] 
  32: CE8050
    [RetimingFIFO3116 *1 /1] [RetimingFIFO2423_RetimingFIFO3071_RetimingFIFO3035_RetimingFIFO2990_RetimingFIFO3026_RetimingFIFO3044_RetimingFIFO3062_RetimingFIFO1991_RetimingFIFO3125_RetimingFIFO3080_RetimingFIFO3107_RetimingFIFO3152 *1 /1]  => [RetimingFIFO3098] 
  33: CE7482
    [RetimingFIFO2387 *1 /1] [RetimingFIFO2369_RetimingFIFO2396_RetimingFIFO2405_RetimingFIFO2432_RetimingFIFO2468 *1 /1]  => [RetimingFIFO2360] [RetimingFIFO2378] 
  34: CE8076
    [RetimingFIFO3089 *1 /1] [RetimingFIFO3098 *1 /1] [RetimingFIFO2423_RetimingFIFO3071_RetimingFIFO3035_RetimingFIFO2990_RetimingFIFO3026_RetimingFIFO3044_RetimingFIFO3062_RetimingFIFO1991_RetimingFIFO3125_RetimingFIFO3080_RetimingFIFO3107_RetimingFIFO3152 *1 /1]  => [RetimingFIFO2981] 
  35: CE7450
    [RetimingFIFO2360 *1 /1] [RetimingFIFO2378 *1 /1] [RetimingFIFO2369_RetimingFIFO2396_RetimingFIFO2405_RetimingFIFO2432_RetimingFIFO2468 *1 /1]  => [RetimingFIFO2459] 
  36: CE7978
    [RetimingFIFO2972 *1 /1] [RetimingFIFO2981 *1 /1] [RetimingFIFO2423_RetimingFIFO3071_RetimingFIFO3035_RetimingFIFO2990_RetimingFIFO3026_RetimingFIFO3044_RetimingFIFO3062_RetimingFIFO1991_RetimingFIFO3125_RetimingFIFO3080_RetimingFIFO3107_RetimingFIFO3152 *1 /1]  => [RetimingFIFO3008] 
  37: CE7526
    [RetimingFIFO2459 *1 /1] [RetimingFIFO2369_RetimingFIFO2396_RetimingFIFO2405_RetimingFIFO2432_RetimingFIFO2468 *1 /1]  => [RetimingFIFO2441] 
  38: CE7998
    [RetimingFIFO2999 *1 /1] [RetimingFIFO3008 *1 /1] [RetimingFIFO3017 *1 /1] [RetimingFIFO2423_RetimingFIFO3071_RetimingFIFO3035_RetimingFIFO2990_RetimingFIFO3026_RetimingFIFO3044_RetimingFIFO3062_RetimingFIFO1991_RetimingFIFO3125_RetimingFIFO3080_RetimingFIFO3107_RetimingFIFO3152 *1 /1]  => [RetimingFIFO3170] 
  39: CE7510
    [RetimingFIFO2450_RetimingFIFO1907 *1 /1] [RetimingFIFO2441 *1 /1] [RetimingFIFO2369_RetimingFIFO2396_RetimingFIFO2405_RetimingFIFO2432_RetimingFIFO2468 *1 /1]  => [RetimingFIFO2612_RetimingFIFO2666] 
  40: CE8128
    [RetimingFIFO1963_RetimingFIFO3179 *1 /1] [RetimingFIFO3161 *1 /1] [RetimingFIFO3170 *1 /1]  => [RetimingFIFO2702_RetimingFIFO2774] [RetimingFIFO2567_RetimingFIFO2945] 
  41: CE7734
    [RetimingFIFO2702_RetimingFIFO2774 *1 /1]  => [RetimingFIFO2882] [RetimingFIFO2720_RetimingFIFO2747_RetimingFIFO2765_RetimingFIFO2792_RetimingFIFO2801] 
  42: CE7896
    [RetimingFIFO2567_RetimingFIFO2945 *1 /1]  => [RetimingFIFO2558] [RetimingFIFO2486_RetimingFIFO2963_RetimingFIFO2909_RetimingFIFO2927_RetimingFIFO2936] 
  43: CE7552
    [RetimingFIFO2558 *1 /1]  => [RetimingFIFO2531_RetimingFIFO2513_RetimingFIFO2522] 
  44: CE7782
    [RetimingFIFO2720_RetimingFIFO2747_RetimingFIFO2765_RetimingFIFO2792_RetimingFIFO2801 *1 /1]  => [RetimingFIFO2756] 
  45: CE7820
    [RetimingFIFO2882 *1 /1]  => [RetimingFIFO2855_RetimingFIFO2828_RetimingFIFO2846] 
  46: CE7944
    [RetimingFIFO2486_RetimingFIFO2963_RetimingFIFO2909_RetimingFIFO2927_RetimingFIFO2936 *1 /1]  => [RetimingFIFO2918] 
  47: CE7600
    [RetimingFIFO2531_RetimingFIFO2513_RetimingFIFO2522 *1 /1]  => [RetimingFIFO2495] [RetimingFIFO2504] 
  48: CE7768
    [RetimingFIFO2756 *1 /1] [RetimingFIFO2720_RetimingFIFO2747_RetimingFIFO2765_RetimingFIFO2792_RetimingFIFO2801 *1 /1]  => [RetimingFIFO2729] [RetimingFIFO2738] 
  49: CE7868
    [RetimingFIFO2855_RetimingFIFO2828_RetimingFIFO2846 *1 /1]  => [RetimingFIFO2819] [RetimingFIFO2837] 
  50: CE7930
    [RetimingFIFO2918 *1 /1] [RetimingFIFO2486_RetimingFIFO2963_RetimingFIFO2909_RetimingFIFO2927_RetimingFIFO2936 *1 /1]  => [RetimingFIFO2891] [RetimingFIFO2900] 
  51: CE7584
    [RetimingFIFO2495 *1 /1] [RetimingFIFO2504 *1 /1] [RetimingFIFO2531_RetimingFIFO2513_RetimingFIFO2522 *1 /1]  => [RetimingFIFO2540] 
  52: CE7750
    [RetimingFIFO2729 *1 /1] [RetimingFIFO2738 *1 /1] [RetimingFIFO2720_RetimingFIFO2747_RetimingFIFO2765_RetimingFIFO2792_RetimingFIFO2801 *1 /1]  => [RetimingFIFO2810] 
  53: CE7852
    [RetimingFIFO2819 *1 /1] [RetimingFIFO2837 *1 /1] [RetimingFIFO2855_RetimingFIFO2828_RetimingFIFO2846 *1 /1]  => [RetimingFIFO2873] 
  54: CE7912
    [RetimingFIFO2891 *1 /1] [RetimingFIFO2900 *1 /1] [RetimingFIFO2486_RetimingFIFO2963_RetimingFIFO2909_RetimingFIFO2927_RetimingFIFO2936 *1 /1]  => [RetimingFIFO2954] 
  55: CE7808
    [RetimingFIFO2810 *1 /1] [RetimingFIFO2720_RetimingFIFO2747_RetimingFIFO2765_RetimingFIFO2792_RetimingFIFO2801 *1 /1]  => [RetimingFIFO2783] 
to 0
DRAMSim2 Clock Frequency =800000000Hz, CPU Clock Frequency=1000000000Hz
Set ejection VC at addr 151 to 0
Set ejection VC at addr 119 to 0
Link specified in placement file.
Changing link to static with placed latencies.
Set lat 2 from 0 to 0
Set lat 2 from 0 to 1
Set lat 2 from 0 to 2
Set ejection VC at addr 149 to 0
Set ejection VC at addr 213 to 0
Set ejection VC at addr 245 to 0
Link specified in placement file.
Changing link to static with placed latencies.
Set lat 2 from 0 to 0
Set lat 2 from 0 to 1
Set lat 4 from 0 to 2
Set lat 1 from 0 to 0
Set lat 1 from 0 to 0
Set lat 1 from 0 to 0
Set lat 1 from 0 to 0
Set lat 1 from 0 to 0
Set lat 1 from 0 to 0
Set lat 1 from 0 to 0
Set ejection VC at addr 100 to 0
Set ejection VC at addr 183 to 0
Link specified in placement file.
Changing link to static with placed latencies.
Set lat 6 from 0 to 0
Set lat 2 from 0 to 1
Set ejection VC at addr 115 to 0
Set ejection VC at addr 83 to 0
Link specified in placement file.
Changing link to static with placed latencies.
Set lat 2 from 0 to 0
Set lat 4 from 0 to 1
Set ejection VC at addr 72 to 1
Set ejection VC at addr 104 to 1
Link specified in placement file.
Changing link to static with placed latencies.
Set lat 6 from 0 to 0
Set lat 8 from 0 to 1
Set ejection VC at addr 23 to 0
Set ejection VC at addr 102 to 0
Link specified in placement file.
Changing link to static with placed latencies.
Set lat 1 from 0 to 0
Set lat 5 from 0 to 1
Set ejection VC at addr 36 to 1
Set ejection VC at addr 51 to 1
Link specified in placement file.
Changing link to static with placed latencies.
Set lat 7 from 0 to 0
Set lat 5 from 0 to 1
Set ejection VC at addr 6 to 1
Set ejection VC at addr 23 to 1
Link specified in placement file.
Changing link to static with placed latencies.
Set lat 1 from 0 to 0
Set lat 1 from 0 to 1
Set ejection VC at addr 72 to 0
Set ejection VC at addr 104 to 0
Link specified in placement file.
Changing link to static with placed latencies.
Set lat 4 from 0 to 0
Set lat 6 from 0 to 1
Set ejection VC at addr 87 to 0
Set ejection VC at addr 162 to 0
Link specified in placement file.
Changing link to static with placed latencies.
Set lat 2 from 0 to 0
Set lat 8 from 0 to 1
Set ejection VC at addr 55 to 1
Set ejection VC at addr 8 to 1
Link specified in placement file.
Changing link to static with placed latencies.
Set lat 2 from 0 to 0
Set lat 6 from 0 to 1
Set ejection VC at addr 49 to 0
Set ejection VC at addr 38 to 0
Set ejection VC at addr 85 to 0
Set ejection VC at addr 200 to 0
Set ejection VC at addr 66 to 0
Set ejection VC at addr 6 to 0
Set ejection VC at addr 117 to 0
Set ejection VC at addr 53 to 0
Set ejection VC at addr 68 to 0
Set ejection VC at addr 70 to 0
Set ejection VC at addr 98 to 0
Set ejection VC at addr 81 to 0
Link specified in placement file.
Changing link to static with placed latencies.
Set lat 1 from 0 to 0
Set lat 1 from 0 to 1
Set lat 3 from 0 to 2
Set lat 1 from 0 to 3
Set lat 1 from 0 to 4
Set lat 11 from 0 to 5
Set lat 5 from 0 to 6
Set lat 5 from 0 to 7
Set lat 3 from 0 to 8
Set lat 3 from 0 to 9
Set lat 5 from 0 to 10
Set lat 5 from 0 to 11
Set ejection VC at addr 18 to 0
Link specified in placement file.
Changing link to static with placed latencies.
Set lat 8 from 0 to 0
Set ejection VC at addr 4 to 1
Link specified in placement file.
Changing link to static with placed latencies.
Set lat 3 from 0 to 0
Set ejection VC at addr 41 to 0
Link specified in placement file.
Changing link to static with placed latencies.
Set lat 4 from 0 to 0
Number of network classes: 5
I'm the child process!
GPGPU-Sim uArch: interconnect node map (shaderID+MemID to icntID)
GPGPU-Sim uArch: Memory nodes ID start from index: 256
GPGPU-Sim uArch:    0   1   2   3   4   5   6   7   8   9  10  11  12  13  14  15
GPGPU-Sim uArch:   16  17  18  19  20  21  22  23  24  25  26  27  28  29  30  31
GPGPU-Sim uArch:   32  33  34  35  36  37  38  39  40  41  42  43  44  45  46  47
GPGPU-Sim uArch:   48  49  50  51  52  53  54  55  56  57  58  59  60  61  62  63
GPGPU-Sim uArch:   64  65  66  67  68  69  70  71  72  73  74  75  76  77  78  79
GPGPU-Sim uArch:   80  81  82  83  84  85  86  87  88  89  90  91  92  93  94  95
GPGPU-Sim uArch:   96  97  98  99 100 101 102 103 104 105 106 107 108 109 110 111
GPGPU-Sim uArch:  112 113 114 115 116 117 118 119 120 121 122 123 124 125 126 127
GPGPU-Sim uArch:  128 129 130 131 132 133 134 135 136 137 138 139 140 141 142 143
GPGPU-Sim uArch:  144 145 146 147 148 149 150 151 152 153 154 155 156 157 158 159
GPGPU-Sim uArch:  160 161 162 163 164 165 166 167 168 169 170 171 172 173 174 175
GPGPU-Sim uArch:  176 177 178 179 180 181 182 183 184 185 186 187 188 189 190 191
GPGPU-Sim uArch:  192 193 194 195 196 197 198 199 200 201 202 203 204 205 206 207
GPGPU-Sim uArch:  208 209 210 211 212 213 214 215 216 217 218 219 220 221 222 223
GPGPU-Sim uArch:  224 225 226 227 228 229 230 231 232 233 234 235 236 237 238 239
GPGPU-Sim uArch:  240 241 242 243 244 245 246 247 248 249 250 251 252 253 254 255
GPGPU-Sim uArch: interconnect node reverse map (icntID to shaderID+MemID)
GPGPU-Sim uArch: Memory nodes start from ID: 256
GPGPU-Sim uArch:    0   1   2   3   4   5   6   7   8   9  10  11  12  13  14  15
GPGPU-Sim uArch:   16  17  18  19  20  21  22  23  24  25  26  27  28  29  30  31
GPGPU-Sim uArch:   32  33  34  35  36  37  38  39  40  41  42  43  44  45  46  47
GPGPU-Sim uArch:   48  49  50  51  52  53  54  55  56  57  58  59  60  61  62  63
GPGPU-Sim uArch:   64  65  66  67  68  69  70  71  72  73  74  75  76  77  78  79
GPGPU-Sim uArch:   80  81  82  83  84  85  86  87  88  89  90  91  92  93  94  95
GPGPU-Sim uArch:   96  97  98  99 100 101 102 103 104 105 106 107 108 109 110 111
GPGPU-Sim uArch:  112 113 114 115 116 117 118 119 120 121 122 123 124 125 126 127
GPGPU-Sim uArch:  128 129 130 131 132 133 134 135 136 137 138 139 140 141 142 143
GPGPU-Sim uArch:  144 145 146 147 148 149 150 151 152 153 154 155 156 157 158 159
GPGPU-Sim uArch:  160 161 162 163 164 165 166 167 168 169 170 171 172 173 174 175
GPGPU-Sim uArch:  176 177 178 179 180 181 182 183 184 185 186 187 188 189 190 191
GPGPU-Sim uArch:  192 193 194 195 196 197 198 199 200 201 202 203 204 205 206 207
GPGPU-Sim uArch:  208 209 210 211 212 213 214 215 216 217 218 219 220 221 222 223
GPGPU-Sim uArch:  224 225 226 227 228 229 230 231 232 233 234 235 236 237 238 239
GPGPU-Sim uArch:  240 241 242 243 244 245 246 247 248 249 250 251 252 253 254 255
  56: CE7882
    [RetimingFIFO2954 *1 /1] [RetimingFIFO2486_RetimingFIFO2963_RetimingFIFO2909_RetimingFIFO2927_RetimingFIFO2936 *1 /1]  => [RetimingFIFO2477] 
  57: CE7540
    [RetimingFIFO2477 *1 /1] [RetimingFIFO2486_RetimingFIFO2963_RetimingFIFO2909_RetimingFIFO2927_RetimingFIFO2936 *1 /1]  => [RetimingFIFO2549] 
  58: CE7794
    [RetimingFIFO2783 *1 /1] [RetimingFIFO2720_RetimingFIFO2747_RetimingFIFO2765_RetimingFIFO2792_RetimingFIFO2801 *1 /1]  => [RetimingFIFO2864] 
  59: CE7566
    [RetimingFIFO2540 *1 /1] [RetimingFIFO2549 *1 /1] [RetimingFIFO2531_RetimingFIFO2513_RetimingFIFO2522 *1 /1]  => [RetimingFIFO2576] 
  60: CE7834
    [RetimingFIFO2864 *1 /1] [RetimingFIFO2873 *1 /1] [RetimingFIFO2855_RetimingFIFO2828_RetimingFIFO2846 *1 /1]  => [RetimingFIFO2711] 
  61: CE7614
    [RetimingFIFO2702_RetimingFIFO2774 *1 /1] [RetimingFIFO2711 *1 /1]  => [RetimingFIFO2585_RetimingFIFO2675] 
  62: CE7628
    [RetimingFIFO2567_RetimingFIFO2945 *1 /1] [RetimingFIFO2576 *1 /1]  => [RetimingFIFO2603_RetimingFIFO2657] 
  63: CE7652
    [RetimingFIFO2585_RetimingFIFO2675 *1 /1] [RetimingFIFO2594_RetimingFIFO2693_RetimingFIFO1879 *1 /1]  => [RetimingFIFO2630] 
  64: CE7666
    [RetimingFIFO2603_RetimingFIFO2657 *1 /1] [RetimingFIFO2612_RetimingFIFO2666 *1 /1]  => [RetimingFIFO2639] 
  65: CE7702
    [RetimingFIFO2603_RetimingFIFO2657 *1 /1] [RetimingFIFO2612_RetimingFIFO2666 *1 /1]  => [RetimingFIFO2684] 
  66: CE7718
    [RetimingFIFO2585_RetimingFIFO2675 *1 /1] [RetimingFIFO2684 *1 /1] [RetimingFIFO2594_RetimingFIFO2693_RetimingFIFO1879 *1 /1]  => [RetimingFIFO2648] 
  67: CE7684
    [RetimingFIFO2621 *1 /1] [RetimingFIFO2630 *1 /1] [RetimingFIFO2639 *1 /1] [RetimingFIFO2648 *1 /1]  => [RetimingFIFO2029] 
  68: CE7436
    [RetimingFIFO2029 *1 /1]  => [SRAM51] 
  69: CE7426
    [SRAM51 *4096 /1]  => [StreamOut1404] 
  70: CE7138
     => [ArgIn1711_ArgIn1733_ArgIn1777_ArgIn1799_ArgIn1755_ArgIn1821_ArgIn1843_ArgIn3945] [DramAddress254] [DramAddress193] [DramAddress132] [DramAddress70] [DramAddress1412] [DramAddress315] [DramAddress376] 
  71: CE7158
    [TokenOut1656 *1 /1]  => 
  72: CE7184
    [ArgIn1711_ArgIn1733_ArgIn1777_ArgIn1799_ArgIn1755_ArgIn1821_ArgIn1843_ArgIn3945 *16 /1] [DramAddress1412 *16 /1]  => [StreamOut1403] [StreamOut1402] 
  73: CE7202
    [ArgIn1711_ArgIn1733_ArgIn1777_ArgIn1799_ArgIn1755_ArgIn1821_ArgIn1843_ArgIn3945 *16 /1] [DramAddress70 *16 /1]  => [StreamOut62] [StreamOut61] 
  74: CE7220
    [ArgIn1711_ArgIn1733_ArgIn1777_ArgIn1799_ArgIn1755_ArgIn1821_ArgIn1843_ArgIn3945 *16 /1] [DramAddress132 *16 /1]  => [StreamOut124] [StreamOut123] 
  75: CE7238
    [ArgIn1711_ArgIn1733_ArgIn1777_ArgIn1799_ArgIn1755_ArgIn1821_ArgIn1843_ArgIn3945 *16 /1] [DramAddress193 *16 /1]  => [StreamOut185] [StreamOut184] 
  76: CE7256
    [ArgIn1711_ArgIn1733_ArgIn1777_ArgIn1799_ArgIn1755_ArgIn1821_ArgIn1843_ArgIn3945 *16 /1] [DramAddress254 *16 /1]  => [StreamOut246] [StreamOut245] 
  77: CE7274
    [ArgIn1711_ArgIn1733_ArgIn1777_ArgIn1799_ArgIn1755_ArgIn1821_ArgIn1843_ArgIn3945 *16 /1] [DramAddress315 *16 /1]  => [StreamOut307] [StreamOut306] 
  78: CE7292
    [ArgIn1711_ArgIn1733_ArgIn1777_ArgIn1799_ArgIn1755_ArgIn1821_ArgIn1843_ArgIn3945 *16 /1] [DramAddress376 *16 /1]  => [StreamOut368] [StreamOut367] 
  79: CE7112
    [StreamOut1403 *4096 /1] [StreamOut1404 *1 /1] [StreamOut1402 *4096 /1]  => [StreamIn1405] 
  80: CE7168
    [ArgIn1711_ArgIn1733_ArgIn1777_ArgIn1799_ArgIn1755_ArgIn1821_ArgIn1843_ArgIn3945 *65536 /1] [StreamIn1405 *1 /1]  => [TokenOut1656] 

10000...
20000...
30000...
40000...
50000...
60000...
70000...
80000...
90000...
100000...
110000...
120000...
130000...
140000...
150000...
160000...
170000...
180000...
190000...
200000...
210000...
220000...
230000...
240000...
250000...
260000...
270000...
280000...
290000...
300000...
310000...
320000...
330000...
340000...
350000...
360000...
370000...
380000...
390000...
400000...
410000...
420000...
430000...
440000...
450000...
460000...
470000...
480000...
490000...
500000...
510000...
520000...
530000...
540000...
550000...
560000...
570000...
580000...
590000...
600000...
610000...
620000...
630000...
640000...
650000...
660000...
670000...
680000...
690000...
700000...
710000...
720000...
730000...
740000...
750000...
760000...
770000...
780000...
790000...
800000...
810000...
820000...
830000...
840000...
850000...
860000...
870000...
880000...
890000...
900000...
910000...
920000...
930000...
940000...
950000...
960000...
970000...
980000...
990000...
1000000...
1010000...
1020000...
1030000...
1040000...
1050000...
1060000...
1070000...
1080000...
1090000...
1100000...
1110000...
1120000...
1130000...
1140000...
1150000...
1160000...
1170000...
1180000...
1190000...
1200000...
1210000...
1220000...
1230000...
1240000...
1250000...
Simulation complete at cycle: 1256414
[[32mpsim[0m] Simulation complete at cycle: 1256414
CE7026: Active:   5.2 Stalled:  16.1 Starved:  40.3 Total Active:    65536 Total Output:    65536 Expected Active:    65536 Last Activity: 506036 
	   65536    65536 
	DRAM:   3.34 GB/s (  3.34 GB/s R,   0.00 GB/s W)
	ROB remaining: 0
CE7316: Active:   5.2 Stalled:  19.8 Starved:  78.3 Total Active:    65536 Total Output:    65536 Expected Active:    65536 Last Activity: 503901 
	   65536 
CE7306: Active:   5.2 Stalled:  91.6 Starved:   3.1 Total Active:    65536 Total Output:    65536 Expected Active:    65536 Last Activity: 6434 
	   65536 
CE7640: Active:   5.2 Stalled:  91.7 Starved:   3.1 Total Active:    65536 Total Output:    65536 Expected Active:    65536 Last Activity: 6174 
	   65536 
CE7040: Active:   5.2 Stalled:  15.8 Starved:  40.1 Total Active:    65536 Total Output:    65536 Expected Active:    65536 Last Activity: 503400 
	   65536    65536 
	DRAM:   3.34 GB/s (  3.34 GB/s R,   0.00 GB/s W)
	ROB remaining: 0
CE7336: Active:   5.2 Stalled:  19.0 Starved:  79.0 Total Active:    65536 Total Output:    65536 Expected Active:    65536 Last Activity: 502752 
	   65536 
CE7326: Active:   5.2 Stalled:  91.7 Starved:   3.1 Total Active:    65536 Total Output:    65536 Expected Active:    65536 Last Activity: 6057 
	   65536 
CE7054: Active:   5.2 Stalled:  15.9 Starved:  40.2 Total Active:    65536 Total Output:    65536 Expected Active:    65536 Last Activity: 505445 
	   65536    65536 
	DRAM:   3.34 GB/s (  3.34 GB/s R,   0.00 GB/s W)
	ROB remaining: 0
CE7356: Active:   5.2 Stalled:  19.2 Starved:  78.8 Total Active:    65536 Total Output:    65536 Expected Active:    65536 Last Activity: 503526 
	   65536 
CE7346: Active:   5.2 Stalled:  91.8 Starved:   3.0 Total Active:    65536 Total Output:    65536 Expected Active:    65536 Last Activity: 6311 
	   65536 
CE8146: Active:   5.2 Stalled:   0.0 Starved:  94.8 Total Active:    65536 Total Output:    65536 Expected Active:    65536 Last Activity: 5927 
	   65536    65536 
CE8178: Active:   5.2 Stalled:   0.0 Starved:  94.8 Total Active:    65536 Total Output:    65536 Expected Active:    65536 Last Activity: 5918 
	   65536 
CE8162: Active:   5.2 Stalled:   0.0 Starved:  94.8 Total Active:    65536 Total Output:    65536 Expected Active:    65536 Last Activity: 5909 
	   65536    65536    65536 
CE7068: Active:   5.2 Stalled:  16.3 Starved:  40.1 Total Active:    65536 Total Output:    65536 Expected Active:    65536 Last Activity: 503984 
	   65536    65536 
	DRAM:   3.34 GB/s (  3.34 GB/s R,   0.00 GB/s W)
	ROB remaining: 0
CE7376: Active:   5.2 Stalled:  19.6 Starved:  78.4 Total Active:    65536 Total Output:    65536 Expected Active:    65536 Last Activity: 503470 
	   65536 
CE7366: Active:   5.2 Stalled:  91.8 Starved:   3.0 Total Active:    65536 Total Output:    65536 Expected Active:    65536 Last Activity: 6402 
	   65536 
CE7082: Active:   5.2 Stalled:  16.0 Starved:  40.2 Total Active:    65536 Total Output:    65536 Expected Active:    65536 Last Activity: 505367 
	   65536    65536 
	DRAM:   3.34 GB/s (  3.34 GB/s R,   0.00 GB/s W)
	ROB remaining: 0
CE7396: Active:   5.2 Stalled:  19.3 Starved:  78.7 Total Active:    65536 Total Output:    65536 Expected Active:    65536 Last Activity: 503388 
	   65536 
CE7386: Active:   5.2 Stalled:  91.8 Starved:   3.0 Total Active:    65536 Total Output:    65536 Expected Active:    65536 Last Activity: 6275 
	   65536 
CE8092: Active:   5.2 Stalled:   0.0 Starved:  94.8 Total Active:    65536 Total Output:    65536 Expected Active:    65536 Last Activity: 6146 
	   65536    65536 
CE7096: Active:   5.2 Stalled:  16.1 Starved:  40.1 Total Active:    65536 Total Output:    65536 Expected Active:    65536 Last Activity: 503879 
	   65536    65536 
	DRAM:   3.34 GB/s (  3.34 GB/s R,   0.00 GB/s W)
	ROB remaining: 0
CE7416: Active:   5.2 Stalled:  19.4 Starved:  78.6 Total Active:    65536 Total Output:    65536 Expected Active:    65536 Last Activity: 503267 
	   65536 
CE7406: Active:   5.2 Stalled:  91.6 Starved:   3.2 Total Active:    65536 Total Output:    65536 Expected Active:    65536 Last Activity: 6282 
	   65536 
CE7466: Active:   5.2 Stalled:   0.0 Starved:  94.8 Total Active:    65536 Total Output:    65536 Expected Active:    65536 Last Activity: 6152 
	   65536    65536 
CE7954: Active:   5.2 Stalled:   0.0 Starved:  94.8 Total Active:    65536 Total Output:    65536 Expected Active:    65536 Last Activity: 6153 
	   65536 
CE7964: Active:   5.2 Stalled:   0.0 Starved:  94.8 Total Active:    65536 Total Output:    65536 Expected Active:    65536 Last Activity: 6153 
	   65536 
CE8014: Active:   5.2 Stalled:   0.0 Starved:  94.8 Total Active:    65536 Total Output:    65536 Expected Active:    65536 Last Activity: 6152 
	   65536 
CE8038: Active:   5.2 Stalled:   0.0 Starved:  94.8 Total Active:    65536 Total Output:    65536 Expected Active:    65536 Last Activity: 6152 
	   65536 
CE8062: Active:   5.2 Stalled:   0.0 Starved:  94.8 Total Active:    65536 Total Output:    65536 Expected Active:    65536 Last Activity: 6152 
	   65536 
CE8108: Active:   5.2 Stalled:   0.0 Starved:  94.8 Total Active:    65536 Total Output:    65536 Expected Active:    65536 Last Activity: 5900 
	   65536    65536    65536 
CE7496: Active:   5.2 Stalled:   0.0 Starved:  94.8 Total Active:    65536 Total Output:    65536 Expected Active:    65536 Last Activity: 6143 
	   65536 
CE8026: Active:   5.2 Stalled:   0.0 Starved:  94.8 Total Active:    65536 Total Output:    65536 Expected Active:    65536 Last Activity: 6143 
	   65536    65536 
CE8050: Active:   5.2 Stalled:   0.0 Starved:  94.8 Total Active:    65536 Total Output:    65536 Expected Active:    65536 Last Activity: 6143 
	   65536    65536 
CE7482: Active:   5.2 Stalled:   0.0 Starved:  94.8 Total Active:    65536 Total Output:    65536 Expected Active:    65536 Last Activity: 6134 
	   65536    65536 
CE8076: Active:   5.2 Stalled:   0.0 Starved:  94.8 Total Active:    65536 Total Output:    65536 Expected Active:    65536 Last Activity: 6134 
	   65536    65536    65536 
CE7450: Active:   5.2 Stalled:   0.0 Starved:  94.8 Total Active:    65536 Total Output:    65536 Expected Active:    65536 Last Activity: 6125 
	   65536    65536    65536 
CE7978: Active:   5.2 Stalled:   0.0 Starved:  94.8 Total Active:    65536 Total Output:    65536 Expected Active:    65536 Last Activity: 6125 
	   65536    65536    65536 
CE7526: Active:   5.2 Stalled:   0.0 Starved:  94.8 Total Active:    65536 Total Output:    65536 Expected Active:    65536 Last Activity: 6116 
	   65536    65536 
CE7998: Active:   5.2 Stalled:  65.6 Starved:  94.8 Total Active:    65536 Total Output:    65536 Expected Active:    65536 Last Activity: 6116 
	   65536    65536    65536    65536 
CE7510: Active:   5.2 Stalled:  24.6 Starved:  94.8 Total Active:    65536 Total Output:    65536 Expected Active:    65536 Last Activity: 6107 
	   65536    65536    65536 
CE8128: Active:   5.2 Stalled:   0.0 Starved:  94.8 Total Active:    65536 Total Output:    65536 Expected Active:    65536 Last Activity: 5891 
	   65536    65536    65536 
CE7734: Active:   5.2 Stalled:   0.0 Starved:  94.8 Total Active:    65536 Total Output:    65536 Expected Active:    65536 Last Activity: 5882 
	   65536 
CE7896: Active:   5.2 Stalled:   0.0 Starved:  94.8 Total Active:    65536 Total Output:    65536 Expected Active:    65536 Last Activity: 5882 
	   65536 
CE7552: Active:   5.2 Stalled:   0.0 Starved:  94.8 Total Active:    65536 Total Output:    65536 Expected Active:    65536 Last Activity: 5873 
	   65536 
CE7782: Active:   5.2 Stalled:   0.0 Starved:  94.8 Total Active:    65536 Total Output:    65536 Expected Active:    65536 Last Activity: 5873 
	   65536 
CE7820: Active:   5.2 Stalled:   0.0 Starved:  94.8 Total Active:    65536 Total Output:    65536 Expected Active:    65536 Last Activity: 5873 
	   65536 
CE7944: Active:   5.2 Stalled:   0.0 Starved:  94.8 Total Active:    65536 Total Output:    65536 Expected Active:    65536 Last Activity: 5873 
	   65536 
CE7600: Active:   5.2 Stalled:   0.0 Starved:  94.8 Total Active:    65536 Total Output:    65536 Expected Active:    65536 Last Activity: 5864 
	   65536 
CE7768: Active:   5.2 Stalled:   0.0 Starved:  94.8 Total Active:    65536 Total Output:    65536 Expected Active:    65536 Last Activity: 5864 
	   65536    65536 
CE7868: Active:   5.2 Stalled:   0.0 Starved:  94.8 Total Active:    65536 Total Output:    65536 Expected Active:    65536 Last Activity: 5864 
	   65536 
CE7930: Active:   5.2 Stalled:   0.0 Starved:  94.8 Total Active:    65536 Total Output:    65536 Expected Active:    65536 Last Activity: 5864 
	   65536    65536 
CE7584: Active:   5.2 Stalled:   0.0 Starved:  94.8 Total Active:    65536 Total Output:    65536 Expected Active:    65536 Last Activity: 5855 
	   65536    65536    65536 
CE7750: Active:   5.2 Stalled:   0.0 Starved:  94.8 Total Active:    65536 Total Output:    65536 Expected Active:    65536 Last Activity: 5855 
	   65536    65536    65536 
CE7852: Active:   5.2 Stalled:   0.0 Starved:  94.8 Total Active:    65536 Total Output:    65536 Expected Active:    65536 Last Activity: 5855 
	   65536    65536    65536 
CE7912: Active:   5.2 Stalled:   0.0 Starved:  94.8 Total Active:    65536 Total Output:    65536 Expected Active:    65536 Last Activity: 5855 
	   65536    65536    65536 
CE7808: Active:   5.2 Stalled:   0.0 Starved:  94.8 Total Active:    65536 Total Output:    65536 Expected Active:    65536 Last Activity: 5846 
	   65536    65536 
CE7882: Active:   5.2 Stalled:   0.0 Starved:  94.8 Total Active:    65536 Total Output:    65536 Expected Active:    65536 Last Activity: 5846 
	   65536    65536 
CE7540: Active:   5.2 Stalled:   0.0 Starved:  94.8 Total Active:    65536 Total Output:    65536 Expected Active:    65536 Last Activity: 5837 
	   65536    65536 
CE7794: Active:   5.2 Stalled:   0.0 Starved:  94.8 Total Active:    65536 Total Output:    65536 Expected Active:    65536 Last Activity: 5837 
	   65536    65536 
CE7566: Active:   5.2 Stalled:   0.0 Starved:  94.8 Total Active:    65536 Total Output:    65536 Expected Active:    65536 Last Activity: 5828 
	   65536    65536    65536 
CE7834: Active:   5.2 Stalled:   0.0 Starved:  94.8 Total Active:    65536 Total Output:    65536 Expected Active:    65536 Last Activity: 5828 
	   65536    65536    65536 
CE7614: Active:   5.2 Stalled:   0.0 Starved:  94.8 Total Active:    65536 Total Output:    65536 Expected Active:    65536 Last Activity: 5819 
	   65536    65536 
CE7628: Active:   5.2 Stalled:   0.0 Starved:  94.8 Total Active:    65536 Total Output:    65536 Expected Active:    65536 Last Activity: 5819 
	   65536    65536 
CE7652: Active:   5.2 Stalled:   0.0 Starved:  94.8 Total Active:    65536 Total Output:    65536 Expected Active:    65536 Last Activity: 5810 
	   65536    65536 
CE7666: Active:   5.2 Stalled:   0.0 Starved:  94.8 Total Active:    65536 Total Output:    65536 Expected Active:    65536 Last Activity: 5810 
	   65536    65536 
CE7702: Active:   5.2 Stalled:   0.0 Starved:  94.8 Total Active:    65536 Total Output:    65536 Expected Active:    65536 Last Activity: 5810 
	   65536    65536 
CE7718: Active:   5.2 Stalled:   0.0 Starved:  94.8 Total Active:    65536 Total Output:    65536 Expected Active:    65536 Last Activity: 5801 
	   65536    65536    65536 
CE7684: Active:   5.2 Stalled:   0.0 Starved:  94.8 Total Active:    65536 Total Output:    65536 Expected Active:    65536 Last Activity: 5792 
	   65536    65536    65536    65536 
CE7436: Active:   5.2 Stalled:   0.0 Starved:  94.8 Total Active:    65536 Total Output:    65536 Expected Active:    65536 Last Activity: 5784 
	   65536 
CE7426: Active:   5.2 Stalled:  24.0 Starved:  70.8 Total Active:    65536 Total Output:    65536 Expected Active:    65536 Last Activity: 654 
	   65536 
CE7138: Active:   0.0 Stalled:   0.0 Starved: 100.0 Total Active:        1 Total Output:        1 Expected Active:        1 Last Activity: 1256413 
	
CE7158: Active:   0.0 Stalled:   0.0 Starved: 100.0 Total Active:        1 Total Output:        1 Expected Active:        1 Last Activity: 1 
	       1 
CE7184: Active:   0.0 Stalled:   0.0 Starved: 100.0 Total Active:       16Starting remote loop
[0m[[31merror[0m] [0m(Thread-8) java.lang.NumberFormatException: For input string: "16Starting remote loop"[0m
java.lang.NumberFormatException: For input string: "16Starting remote loop"
	at java.lang.NumberFormatException.forInputString(NumberFormatException.java:65)
	at java.lang.Long.parseLong(Long.java:589)
	at java.lang.Long.parseLong(Long.java:631)
	at scala.collection.immutable.StringLike.toLong(StringLike.scala:306)
	at scala.collection.immutable.StringLike.toLong$(StringLike.scala:306)
	at scala.collection.immutable.StringOps.toLong(StringOps.scala:29)
	at pir.codegen.PlastisimConfigCodegen.$anonfun$processOutput$1(PlastisimConfigCodegen.scala:54)
	at pir.codegen.PlastisimConfigCodegen.$anonfun$processOutput$1$adapted(PlastisimConfigCodegen.scala:53)
	at scala.Option.foreach(Option.scala:257)
	at pir.codegen.PlastisimConfigCodegen.processOutput(PlastisimConfigCodegen.scala:53)
	at pir.codegen.PlastisimConfigCodegen.$anonfun$runPsim$5(PlastisimConfigCodegen.scala:87)
	at pir.codegen.PlastisimConfigCodegen.$anonfun$runPsim$5$adapted(PlastisimConfigCodegen.scala:87)
	at prism.util.Misc.$anonfun$shell$7(Misc.scala:91)
	at prism.util.Misc.$anonfun$shell$7$adapted(Misc.scala:91)
	at scala.Option.foreach(Option.scala:257)
	at prism.util.Misc.$anonfun$shell$5(Misc.scala:91)
	at prism.util.Misc.$anonfun$shell$5$adapted(Misc.scala:88)
	at scala.sys.process.ProcessLogger$$anon$1.out(ProcessLogger.scala:97)
	at scala.sys.process.BasicIO$.$anonfun$processOutFully$1(BasicIO.scala:136)
	at scala.sys.process.BasicIO$.$anonfun$processOutFully$1$adapted(BasicIO.scala:136)
	at scala.sys.process.BasicIO$.readFully$1(BasicIO.scala:184)
	at scala.sys.process.BasicIO$.$anonfun$processFully$1$adapted(BasicIO.scala:188)
	at scala.sys.process.ProcessBuilderImpl$Simple.$anonfun$run$3(ProcessBuilderImpl.scala:76)
	at scala.sys.process.ProcessImpl$Spawn$$anon$1.run(ProcessImpl.scala:23)
[0m[[31mtrace[0m] [0mStack trace suppressed: run [34mlast apps/compile:runMain[0m for the full output.[0m
[pir] Finished 68-PlastisimConfigCodegen to [36mconfig.psim[0m in 304147.214148ms
[pir] Running 69-PlastisimDotCodegen ...[pir] Finished 69-PlastisimDotCodegen to [36mpsim.dot[0m in 8575.074481ms
[pir] Saving node prism.Session@19ed0d6a to /home/yaqiz/pir/out/BlackScholes__N_1048576_ts_65536_op_1_psim_D_v2_s4_rq4/BlackScholes__N_1048576_ts_65536_op_1.sess
[0m[[32msuccess[0m] [0mTotal time: 557 s, completed Aug 6, 2018 2:14:56 AM[0m
-------------PASS (DONE)------------
