Java HotSpot(TM) 64-Bit Server VM warning: ignoring option MaxPermSize=1g; support was removed in 8.0
Picked up _JAVA_OPTIONS: -Xss16M
[0m[[0minfo[0m] [0mLoading global plugins from /home/yaqiz/.sbt/0.13/plugins[0m
[0m[[0minfo[0m] [0mLoading project definition from /home/yaqiz/spatial-lang/project[0m
[0m[[0minfo[0m] [0mSet current project to spatial-lang (in build file:/home/yaqiz/spatial-lang/)[0m
[0m[[33mwarn[0m] [0mThe `-` command is deprecated in favor of `onFailure` and will be removed in 0.14.0[0m
Waiting for lock on /home/yaqiz/.ivy2/.sbt.ivy.lock to be available...
[0m[[0minfo[0m] [0mCompiling 10 Scala sources to /home/yaqiz/spatial-lang/apps/target/scala-2.12/classes...[0m
[0m[[0minfo[0m] [0mRunning SGD_minibatch__D_64_N_16384_E_2_ts_1024_op_1_mp1_1_mp2_1 --dot --cgra+ --pirsrc /home/yaqiz/pir/pir/apps/src[0m
Loaded RoutingLUTs model from file
Loaded FanoutRegisters model from file
Loaded UnavailableALMs model from file
Loaded TileLoadModel model from file
Compiling SGD_minibatch__D_64_N_16384_E_2_ts_1024_op_1_mp1_1_mp2_1 to /home/yaqiz/spatial-lang/gen/SGD_minibatch__D_64_N_16384_E_2_ts_1024_op_1_mp1_1_mp2_1
[[33mwarn[0m] Plasticine only support 32 bit wordwidth. FixConvert to LongType. Use single precision instead SGD_minibatch__D_64_N_16384_E_2_ts_1024_op_1_mp1_1_mp2_1.scala:46:18
[[33mwarn[0m] Plasticine only support 32 bit wordwidth. FixConvert to LongType. Use single precision instead SGD_minibatch__D_64_N_16384_E_2_ts_1024_op_1_mp1_1_mp2_1.scala:47:18
[[33mwarn[0m] Plasticine only support 32 bit wordwidth. FixConvert to LongType. Use single precision instead SGD_minibatch__D_64_N_16384_E_2_ts_1024_op_1_mp1_1_mp2_1.scala:60:27
[[34minfo[0m] mkdir -p /home/yaqiz/pir/pir/apps/src
cp /home/yaqiz/spatial-lang/gen/SGD_minibatch__D_64_N_16384_E_2_ts_1024_op_1_mp1_1_mp2_1/pir/main.scala /home/yaqiz/pir/pir/apps/src/SGD_minibatch__D_64_N_16384_E_2_ts_1024_op_1_mp1_1_mp2_1.scala
rm /home/yaqiz/pir/out/SGD_minibatch__D_64_N_16384_E_2_ts_1024_op_1_mp1_1_mp2_1/SGD_minibatch__D_64_N_16384_E_2_ts_1024_op_1_mp1_1_mp2_1.pir
rm: cannot remove ‘/home/yaqiz/pir/out/SGD_minibatch__D_64_N_16384_E_2_ts_1024_op_1_mp1_1_mp2_1/SGD_minibatch__D_64_N_16384_E_2_ts_1024_op_1_mp1_1_mp2_1.pir’: No such file or directory
[[32mcompleted[0m] Total time: 14.3630 seconds
[0m[[32msuccess[0m] [0mTotal time: 64 s, completed Jul 23, 2018 1:21:15 PM[0m
sbt -batch "apps/run-main SGD_minibatch__D_64_N_16384_E_2_ts_1024_op_1_mp1_1_mp2_1 --dot --cgra+ --pirsrc /home/yaqiz/pir/pir/apps/src"
-------------PASS (DONE)------------
