Changing to config directory: /home/yaqiz/pir/out/DotProduct__N_330301440_ts_65536_op_16_dynamic
Constructing NetworkLink.
Constructing NetworkLink.
Constructing NetworkLink.
Constructing NetworkLink.
Constructing NetworkLink.
Constructing NetworkLink.
Constructing NetworkLink.
Constructing NetworkLink.
Constructing NetworkLink.
Constructing NetworkLink.
Constructing NetworkLink.
Constructing NetworkLink.
Constructing NetworkLink.
Constructing NetworkLink.
Constructing NetworkLink.
Constructing NetworkLink.
Constructing NetworkLink.
Constructing NetworkLink.
Constructing NetworkLink.
Constructing NetworkLink.
Constructing NetworkLink.
Constructing NetworkLink.
Constructing NetworkLink.
Constructing NetworkLink.
Constructing NetworkLink.
Constructing NetworkLink.
Constructing NetworkLink.
Constructing NetworkLink.
Constructing NetworkLink.
Constructing NetworkLink.
Constructing NetworkLink.
Constructing NetworkLink.
Constructing NetworkLink.
Constructing NetworkLink.
Constructing NetworkLink.
Constructing NetworkLink.
Constructing NetworkLink.
Constructing NetworkLink.
Constructing NetworkLink.
Constructing NetworkLink.
Constructing NetworkLink.
Constructing NetworkLink.
Constructing NetworkLink.
Constructing NetworkLink.
Constructing NetworkLink.
Constructing NetworkLink.
Constructing NetworkLink.
Constructing NetworkLink.
Constructing NetworkLink.
Constructing NetworkLink.
Constructing NetworkLink.
Constructing NetworkLink.
Constructing NetworkLink.
Constructing NetworkLink.
Constructing NetworkLink.
Constructing NetworkLink.
Constructing NetworkLink.
Constructing NetworkLink.
Constructing NetworkLink.
Constructing NetworkLink.
Constructing NetworkLink.
Constructing NetworkLink.
Constructing NetworkLink.
Constructing NetworkLink.
Constructing NetworkLink.
Constructing NetworkLink.
Constructing NetworkLink.
Constructing NetworkLink.
Constructing NetworkLink.
Constructing NetworkLink.
Constructing NetworkLink.
Constructing NetworkLink.
Constructing NetworkLink.
Constructing NetworkLink.
Constructing NetworkLink.
Constructing NetworkLink.
Constructing NetworkLink.
Constructing NetworkLink.
Constructing NetworkLink.
Constructing NetworkLink.
Constructing NetworkLink.
Constructing NetworkLink.
Constructing NetworkLink.
Constructing NetworkLink.
Constructing NetworkLink.
Constructing NetworkLink.
Constructing NetworkLink.
Constructing NetworkLink.
Constructing NetworkLink.
Constructing NetworkLink.
Constructing NetworkLink.
Constructing NetworkLink.
Constructing NetworkLink.
Constructing NetworkLink.
Constructing NetworkLink.
Constructing NetworkLink.
Constructing NetworkLink.
Constructing NetworkLink.
Constructing NetworkLink.
Constructing NetworkLink.
Constructing NetworkLink.
Constructing NetworkLink.
Constructing NetworkLink.
Constructing NetworkLink.
Constructing NetworkLink.
Constructing NetworkLink.
Constructing NetworkLink.
Constructing NetworkLink.
Constructing NetworkLink.
Constructing NetworkLink.
Constructing NetworkLink.
Constructing NetworkLink.
Constructing NetworkLink.
Constructing NetworkLink.
Constructing NetworkLink.
Constructing NetworkLink.
Constructing NetworkLink.
Constructing NetworkLink.
Constructing NetworkLink.
Constructing NetworkLink.
Constructing NetworkLink.
Constructing NetworkLink.
Constructing NetworkLink.
Constructing NetworkLink.
Constructing NetworkLink.
Constructing NetworkLink.
Constructing NetworkLink.
Constructing NetworkLink.
Constructing NetworkLink.
Constructing NetworkLink.
Constructing NetworkLink.
Constructing NetworkLink.
Constructing NetworkLink.
Constructing NetworkLink.
Constructing NetworkLink.
Constructing NetworkLink.
Constructing NetworkLink.
Constructing NetworkLink.
Constructing NetworkLink.
Constructing NetworkLink.
Constructing NetworkLink.
Constructing NetworkLink.
Constructing NetworkLink.
Constructing NetworkLink.
Constructing NetworkLink.
Constructing NetworkLink.
Constructing NetworkLink.
Constructing NetworkLink.
Constructing NetworkLink.
Constructing NetworkLink.
Constructing NetworkLink.
Constructing NetworkLink.
Constructing NetworkLink.
Constructing NetworkLink.
Constructing NetworkLink.
Constructing NetworkLink.
Constructing NetworkLink.
Constructing NetworkLink.
Constructing NetworkLink.
Constructing NetworkLink.
Constructing NetworkLink.
Constructing NetworkLink.
Constructing NetworkLink.
Constructing NetworkLink.
Constructing NetworkLink.
Constructing NetworkLink.
Constructing NetworkLink.
Constructing NetworkLink.
Constructing NetworkLink.
Constructing NetworkLink.
Constructing NetworkLink.
Constructing NetworkLink.
Constructing NetworkLink.
Constructing NetworkLink.
Constructing NetworkLink.
Constructing NetworkLink.
Constructing NetworkLink.
Constructing NetworkLink.
Constructing NetworkLink.
Constructing NetworkLink.
Constructing NetworkLink.
Constructing NetworkLink.
Added all names to the symbol table.
Printing hop routes
0	8063: S, vc0
	8083: S, vc1
	8646: X, vc0
	8666: X, vc2
	12200: E, vc0
1	8063: W, vc0
	8083: W, vc1
	9400: SX, vc5
	10319: S, vc0
	10503: S, vc0
	10549: S, vc0
	10595: S, vc0
	10641: X, vc0
	10733: S, vc0
	11055: S, vc0
	11101: S, vc0
	11193: S, vc0
	11239: S, vc0
	11331: S, vc0
	11423: S, vc0
	11515: S, vc0
	11561: S, vc0
	11607: S, vc0
	11653: S, vc0
	12200: E, vc0
2	9400: WS, vc5
	10319: W, vc0
	10503: W, vc0
	10549: W, vc0
	10595: W, vc0
	10641: W, vc0
	10733: W, vc0
	11055: W, vc0
	11101: W, vc0
	11193: W, vc0
	11239: W, vc0
	11331: W, vc0
	11423: W, vc0
	11515: W, vc0
	11561: W, vc0
	11607: W, vc0
	11653: W, vc0
	12200: E, vc0
3	9400: W, vc5
	10319: W, vc0
	10503: W, vc0
	10549: W, vc0
	10595: W, vc0
	10641: W, vc0
	10733: W, vc0
	11055: W, vc0
	11101: W, vc0
	11193: W, vc0
	11239: W, vc0
	11331: W, vc0
	11423: W, vc0
	11515: W, vc0
	11561: W, vc0
	11607: W, vc0
	11653: W, vc0
	12200: E, vc0
4	9400: W, vc5
	10319: W, vc0
	10503: W, vc0
	10549: W, vc0
	10595: W, vc0
	10641: W, vc0
	10733: W, vc0
	11055: W, vc0
	11101: W, vc0
	11193: W, vc0
	11239: W, vc0
	11331: W, vc0
	11423: W, vc0
	11515: W, vc0
	11561: W, vc0
	11607: W, vc0
	11653: W, vc0
	12200: S, vc0
5	9400: W, vc5
	10319: W, vc0
	10503: W, vc0
	10549: W, vc0
	10595: W, vc0
	10641: W, vc0
	10733: W, vc0
	11055: W, vc0
	11101: W, vc0
	11193: W, vc0
	11239: W, vc0
	11331: W, vc0
	11423: W, vc0
	11515: W, vc0
	11561: W, vc0
	11607: W, vc0
	11653: W, vc0
6	9400: EW, vc5
	9431: X, vc1
	10319: W, vc0
	10365: E, vc0
	10411: E, vc0
	10457: E, vc0
	10503: W, vc0
	10549: W, vc0
	10595: W, vc0
	10641: W, vc0
	10687: E, vc0
	10733: W, vc0
	10779: E, vc0
	10825: E, vc0
	10871: E, vc0
	10917: E, vc0
	10963: E, vc0
	11009: E, vc0
	11055: W, vc0
	11101: W, vc0
	11147: E, vc0
	11193: W, vc0
	11239: W, vc0
	11285: E, vc0
	11331: W, vc0
	11377: E, vc0
	11423: W, vc0
	11469: E, vc0
	11515: W, vc0
	11561: W, vc0
	11607: W, vc0
	11653: W, vc0
	11699: E, vc0
	11745: E, vc0
7	9400: E, vc5
	10365: E, vc0
	10411: E, vc0
	10457: E, vc0
	10687: E, vc0
	10779: E, vc0
	10825: E, vc0
	10871: E, vc0
	10917: E, vc0
	10963: E, vc0
	11009: E, vc0
	11147: E, vc0
	11285: E, vc0
	11377: E, vc0
	11469: E, vc0
	11699: E, vc0
	11745: E, vc0
8	9400: E, vc5
	10365: E, vc0
	10411: E, vc0
	10457: E, vc0
	10687: E, vc0
	10779: E, vc0
	10825: E, vc0
	10871: E, vc0
	10917: E, vc0
	10963: E, vc0
	11009: E, vc0
	11147: E, vc0
	11285: E, vc0
	11377: E, vc0
	11469: E, vc0
	11699: E, vc0
	11745: E, vc0
9	9400: E, vc5
	10365: E, vc0
	10411: E, vc0
	10457: E, vc0
	10687: E, vc0
	10779: E, vc0
	10825: E, vc0
	10871: E, vc0
	10917: E, vc0
	10963: E, vc0
	11009: E, vc0
	11147: E, vc0
	11285: E, vc0
	11377: E, vc0
	11469: E, vc0
	11699: E, vc0
	11745: E, vc0
10	9400: E, vc5
	10365: E, vc0
	10411: E, vc0
	10457: E, vc0
	10687: E, vc0
	10779: E, vc0
	10825: E, vc0
	10871: E, vc0
	10917: E, vc0
	10963: E, vc0
	11009: E, vc0
	11147: E, vc0
	11285: E, vc0
	11377: E, vc0
	11469: E, vc0
	11699: E, vc0
	11745: E, vc0
11	9400: E, vc5
	10365: E, vc0
	10411: E, vc0
	10457: E, vc0
	10687: E, vc0
	10779: E, vc0
	10825: E, vc0
	10871: E, vc0
	10917: E, vc0
	10963: E, vc0
	11009: E, vc0
	11147: E, vc0
	11285: E, vc0
	11377: E, vc0
	11469: E, vc0
	11699: E, vc0
	11745: E, vc0
12	9400: E, vc5
	10365: E, vc0
	10411: E, vc0
	10457: E, vc0
	10687: E, vc0
	10779: E, vc0
	10825: E, vc0
	10871: E, vc0
	10917: E, vc0
	10963: E, vc0
	11009: E, vc0
	11147: E, vc0
	11285: E, vc0
	11377: E, vc0
	11469: E, vc0
	11699: E, vc0
	11745: E, vc0
13	9400: E, vc5
	10079: S, vc1
	10365: E, vc0
	10411: E, vc0
	10457: E, vc0
	10687: E, vc0
	10779: E, vc0
	10825: E, vc0
	10871: E, vc0
	10917: E, vc0
	10963: E, vc0
	11009: E, vc0
	11147: E, vc0
	11285: E, vc0
	11377: E, vc0
	11469: E, vc0
	11699: E, vc0
	11745: E, vc0
	12992: X, vc0
14	8487: E, vc1
	8507: E, vc0
	9400: SX, vc5
	10365: S, vc0
	10411: S, vc0
	10457: S, vc0
	10687: S, vc0
	10779: S, vc0
	10825: S, vc0
	10871: S, vc0
	10917: S, vc0
	10963: S, vc0
	11009: X, vc0
	11147: S, vc0
	11285: S, vc0
	11377: S, vc0
	11469: S, vc0
	11699: S, vc0
	11745: S, vc0
	12992: W, vc0
15	8487: S, vc1
	8507: S, vc0
	8911: X, vc0
	8931: X, vc1
	12992: W, vc0
16	8063: X, vc0
	8083: X, vc1
	8646: N, vc0
	8666: N, vc2
	9229: S, vc2
	9249: S, vc0
	12640: E, vc0
17	9229: W, vc2
	9249: W, vc0
	9400: SX, vc5
	10319: S, vc0
	10503: S, vc0
	10549: S, vc0
	10595: S, vc0
	10733: S, vc0
	11055: S, vc0
	11101: S, vc0
	11193: S, vc0
	11239: S, vc0
	11331: S, vc0
	11423: S, vc0
	11515: S, vc0
	11561: S, vc0
	11607: S, vc0
	11653: X, vc0
	12640: E, vc0
18	9400: S, vc5
	12640: S, vc0
19	10266: X, vc1
	10287: X, vc0
	13532: S, vc2
20	9954: S, vc1
	10266: W, vc1
	12200: X, vc0
21	10266: W, vc1
22	9431: N, vc1
	10266: W, vc1
23	10266: W, vc1
24	10266: W, vc1
25	10266: W, vc1
26	10266: W, vc1
	12464: X, vc0
27	12464: W, vc0
28	12464: W, vc0
29	10079: S, vc1
	12464: W, vc0
30	9282: E, vc0
	9302: E, vc1
	9400: SX, vc5
	10365: S, vc0
	10411: S, vc0
	10457: S, vc0
	10687: S, vc0
	10779: S, vc0
	10825: S, vc0
	10871: S, vc0
	10917: S, vc0
	10963: S, vc0
	11147: S, vc0
	11285: S, vc0
	11377: S, vc0
	11469: S, vc0
	11699: X, vc0
	11745: S, vc0
	12464: W, vc0
31	8487: S, vc1
	8507: S, vc0
	8911: N, vc0
	8931: N, vc1
	9282: X, vc0
	9302: X, vc1
	12464: W, vc0
32	8646: N, vc0
	8666: N, vc2
	8964: S, vc1
	8984: S, vc0
	9176: X, vc0
	9196: X, vc1
	9229: S, vc2
	9249: S, vc0
	12420: E, vc0
33	8964: W, vc1
	8984: W, vc0
	9400: SX, vc5
	10319: S, vc0
	10503: S, vc0
	10549: S, vc0
	10595: S, vc0
	10733: S, vc0
	11055: S, vc0
	11101: S, vc0
	11193: S, vc0
	11239: S, vc0
	11331: S, vc0
	11423: X, vc0
	11515: S, vc0
	11561: S, vc0
	11607: S, vc0
	12420: E, vc0
34	9400: S, vc5
	10214: X, vc1
	10235: X, vc0
	12420: E, vc0
	12640: S, vc0
	13508: E, vc4
35	10214: W, vc1
	10287: N, vc0
	12420: X, vc0
	13508: S, vc4
	13532: S, vc2
36	9954: S, vc1
38	9431: N, vc1
42	12816: S, vc0
43	12816: W, vc0
44	12816: W, vc0
45	10079: S, vc1
	12816: W, vc0
46	8222: E, vc1
	8242: E, vc0
	9400: SX, vc5
	10365: S, vc0
	10411: S, vc0
	10457: S, vc0
	10687: S, vc0
	10779: X, vc0
	10825: S, vc0
	10871: S, vc0
	10917: S, vc0
	10963: S, vc0
	11147: S, vc0
	11285: S, vc0
	11377: S, vc0
	11469: S, vc0
	11745: S, vc0
	12816: W, vc0
47	8222: S, vc1
	8242: S, vc0
	8487: X, vc1
	8507: X, vc0
	8911: N, vc0
	8931: N, vc1
	12816: W, vc0
48	7957: S, vc1
	7977: S, vc0
	8169: X, vc1
	8189: X, vc0
	8646: N, vc0
	8666: N, vc2
	8964: S, vc1
	8984: S, vc0
	9176: N, vc0
	9196: N, vc1
	9229: S, vc2
	9249: S, vc0
	12684: E, vc0
49	7957: W, vc1
	7977: W, vc0
	9400: SX, vc5
	10319: S, vc0
	10503: S, vc0
	10549: X, vc0
	10595: S, vc0
	10733: S, vc0
	11055: S, vc0
	11101: S, vc0
	11193: S, vc0
	11239: S, vc0
	11331: S, vc0
	11515: S, vc0
	11561: S, vc0
	11607: S, vc0
	12684: E, vc0
50	9400: S, vc5
	9663: E, vc1
	10235: N, vc0
	12640: X, vc0
	12684: E, vc0
	13630: S, vc4
51	9663: S, vc1
	10287: N, vc0
	12684: E, vc0
	13395: S, vc1
	13437: X, vc3
	13460: X, vc1
	13484: X, vc0
	13508: X, vc4
	13532: X, vc2
	13630: W, vc4
52	9715: E, vc0
	9954: S, vc1
	12684: X, vc0
	13395: W, vc1
53	9715: S, vc0
	13395: W, vc1
54	9431: N, vc1
	13395: W, vc1
55	13395: W, vc1
56	13395: W, vc1
57	13395: W, vc1
58	12728: S, vc0
	12816: S, vc0
	13395: W, vc1
59	12728: W, vc0
	13395: W, vc1
60	12728: W, vc0
	13395: W, vc1
61	10058: X, vc0
	10079: X, vc1
	12728: W, vc0
	13395: W, vc1
62	8911: E, vc0
	8931: E, vc1
	9400: SX, vc5
	10365: S, vc0
	10411: S, vc0
	10457: S, vc0
	10687: S, vc0
	10825: S, vc0
	10871: S, vc0
	10917: S, vc0
	10963: S, vc0
	11147: S, vc0
	11285: S, vc0
	11377: X, vc0
	11469: S, vc0
	11745: S, vc0
	12728: W, vc0
63	8222: S, vc1
	8242: S, vc0
	8275: X, vc0
	8295: X, vc1
	8911: N, vc0
	8931: N, vc1
	12728: W, vc0
64	7957: S, vc1
	7977: S, vc0
	8169: N, vc1
	8189: N, vc0
	8646: N, vc0
	8666: N, vc2
	8699: X, vc1
	8719: X, vc0
	8964: S, vc1
	8984: S, vc0
	9176: N, vc0
	9196: N, vc1
	9229: S, vc2
	9249: S, vc0
	12904: E, vc0
65	8699: W, vc1
	8719: W, vc0
	9400: SX, vc5
	10319: S, vc0
	10503: S, vc0
	10595: S, vc0
	10733: S, vc0
	11055: S, vc0
	11101: S, vc0
	11193: X, vc0
	11239: S, vc0
	11331: S, vc0
	11515: S, vc0
	11561: S, vc0
	11607: S, vc0
	12904: E, vc0
66	9400: X, vc5
	9431: E, vc1
	10235: N, vc0
	12904: E, vc0
	13630: X, vc4
	13649: X, vc2
	13668: X, vc0
	13691: X, vc3
	13715: X, vc1
67	9431: E, vc1
	9663: S, vc1
	10287: N, vc0
	12904: E, vc0
	13395: S, vc1
	13437: N, vc3
	13460: N, vc1
	13484: N, vc0
	13649: W, vc2
	13668: W, vc0
68	9431: E, vc1
	9954: S, vc1
	12904: S, vc0
	13209: X, vc2
	13233: X, vc1
	13257: X, vc3
	13281: X, vc0
	13649: W, vc2
	13668: W, vc0
69	9431: E, vc1
	9715: S, vc0
	9798: S, vc1
	12068: X, vc0
	13281: W, vc0
	13668: W, vc0
70	9431: N, vc1
	12068: W, vc0
	13281: W, vc0
	13566: X, vc0
	13590: X, vc1
	13668: W, vc0
71	10058: E, vc0
	12068: W, vc0
	12288: X, vc0
	13281: W, vc0
72	10058: E, vc0
	12068: W, vc0
	13281: W, vc0
73	10058: E, vc0
	12068: W, vc0
	13281: W, vc0
74	9850: X, vc1
	9871: X, vc0
	10058: E, vc0
	12068: W, vc0
	12728: S, vc0
	12816: S, vc0
	13281: W, vc0
75	10058: E, vc0
	12068: W, vc0
76	10058: E, vc0
	12068: W, vc0
77	10058: N, vc0
	12068: W, vc0
78	8275: E, vc0
	8295: E, vc1
	9400: SX, vc5
	10365: S, vc0
	10411: S, vc0
	10457: S, vc0
	10687: S, vc0
	10825: X, vc0
	10871: S, vc0
	10917: S, vc0
	10963: S, vc0
	11147: S, vc0
	11285: S, vc0
	11469: S, vc0
	11745: S, vc0
	12068: W, vc0
79	8222: S, vc1
	8242: S, vc0
	8275: N, vc0
	8295: N, vc1
	8328: X, vc1
	8348: X, vc0
	12068: W, vc0
80	7957: X, vc1
	7977: X, vc0
	8169: N, vc1
	8189: N, vc0
	8646: N, vc0
	8666: N, vc2
	8964: S, vc1
	8984: S, vc0
	9176: N, vc0
	9196: N, vc1
	9229: S, vc2
	9249: S, vc0
	12596: E, vc0
81	9176: W, vc0
	9196: W, vc1
	9400: SX, vc5
	10319: S, vc0
	10503: S, vc0
	10595: S, vc0
	10733: S, vc0
	11055: S, vc0
	11101: S, vc0
	11239: S, vc0
	11331: S, vc0
	11515: S, vc0
	11561: S, vc0
	11607: X, vc0
	12596: E, vc0
82	9611: S, vc0
	10235: N, vc0
	12596: X, vc0
	13691: N, vc3
	13715: N, vc1
83	9663: S, vc1
	10287: N, vc0
	13323: X, vc0
	13347: X, vc2
	13371: X, vc3
	13395: X, vc1
	13437: N, vc3
	13460: N, vc1
	13484: N, vc0
84	9954: S, vc1
	9975: S, vc0
	12904: X, vc0
	13209: N, vc2
	13233: N, vc1
	13257: N, vc3
	13371: W, vc3
85	9715: S, vc0
	9798: X, vc1
	9819: X, vc0
	13257: W, vc3
	13371: W, vc3
86	9507: S, vc1
	13371: W, vc3
	13566: N, vc0
	13590: N, vc1
87	9507: W, vc1
	12288: N, vc0
	13371: W, vc3
88	9507: W, vc1
	12508: X, vc0
	13371: W, vc3
89	12508: W, vc0
	13371: W, vc3
90	9850: N, vc1
	9871: N, vc0
	12508: W, vc0
	12728: S, vc0
	12816: X, vc0
	13371: W, vc3
91	12508: W, vc0
	13371: W, vc3
92	12508: W, vc0
	13371: W, vc3
93	10006: X, vc0
	10027: X, vc1
	12508: W, vc0
	13371: W, vc3
94	7745: E, vc1
	7765: E, vc0
	9400: SX, vc5
	10365: X, vc0
	10411: S, vc0
	10457: S, vc0
	10687: S, vc0
	10871: S, vc0
	10917: S, vc0
	10963: S, vc0
	11147: S, vc0
	11285: S, vc0
	11469: S, vc0
	11745: S, vc0
	12508: W, vc0
95	7745: X, vc1
	7765: X, vc0
	8222: S, vc1
	8242: S, vc0
	8328: N, vc1
	8348: N, vc0
	12508: W, vc0
96	8169: N, vc1
	8189: N, vc0
	8646: N, vc0
	8666: N, vc2
	8858: X, vc1
	8878: X, vc0
	8964: S, vc1
	8984: S, vc0
	9229: S, vc2
	9249: S, vc0
	12288: E, vc0
97	8169: W, vc1
	8189: W, vc0
	9400: SX, vc5
	10319: S, vc0
	10503: S, vc0
	10595: S, vc0
	10733: X, vc0
	11055: S, vc0
	11101: S, vc0
	11239: S, vc0
	11331: S, vc0
	11515: S, vc0
	11561: S, vc0
	12288: E, vc0
98	9590: X, vc2
	9611: X, vc0
	10235: N, vc0
	12288: E, vc0
	13691: N, vc3
	13715: N, vc1
99	9642: S, vc0
	9663: S, vc1
	10287: N, vc0
	11936: X, vc1
	12288: E, vc0
	13323: N, vc0
	13347: N, vc2
	13460: N, vc1
	13484: N, vc0
100	9954: X, vc1
	9975: X, vc0
	12288: E, vc0
	13209: N, vc2
	13233: N, vc1
	13347: W, vc2
101	9694: S, vc1
	9715: S, vc0
	9819: N, vc0
	11980: X, vc0
	12288: E, vc0
102	9486: X, vc0
	9507: X, vc1
	9819: W, vc0
	12288: E, vc0
	13566: N, vc0
	13590: N, vc1
103	9819: W, vc0
	12288: N, vc0
104	9819: W, vc0
105	9819: W, vc0
	12772: X, vc0
106	9850: N, vc1
	12728: S, vc0
107	9850: W, vc1
	12112: X, vc0
108	12112: W, vc0
109	10006: N, vc0
	10027: N, vc1
	12112: W, vc0
110	8434: E, vc0
	8454: E, vc1
	9400: SX, vc5
	10411: S, vc0
	10457: S, vc0
	10687: S, vc0
	10871: S, vc0
	10917: S, vc0
	10963: X, vc0
	11147: S, vc0
	11285: S, vc0
	11469: S, vc0
	11745: S, vc0
	12112: W, vc0
111	8222: S, vc1
	8242: S, vc0
	8328: N, vc1
	8348: N, vc0
	8434: X, vc0
	8454: X, vc1
	12112: W, vc0
112	8540: X, vc0
	8560: X, vc1
	8646: N, vc0
	8666: N, vc2
	8858: N, vc1
	8878: N, vc0
	8964: S, vc1
	8984: S, vc0
	9123: S, vc1
	9143: S, vc0
	9229: S, vc2
	9249: S, vc0
	12156: E, vc0
113	8646: W, vc0
	8666: W, vc2
	9123: W, vc1
	9143: W, vc0
	9400: SX, vc5
	10319: S, vc0
	10503: S, vc0
	10595: S, vc0
	11055: S, vc0
	11101: S, vc0
	11239: S, vc0
	11331: S, vc0
	11515: S, vc0
	11561: X, vc0
	12156: E, vc0
114	8646: W, vc0
	8666: W, vc2
	9590: N, vc2
	9902: E, vc1
	10235: N, vc0
	12156: X, vc0
	13715: N, vc1
115	8646: W, vc0
	8666: W, vc2
	9642: X, vc0
	9663: X, vc1
	9902: E, vc1
	10287: N, vc0
	11936: N, vc1
	13323: N, vc0
	13460: N, vc1
	13484: N, vc0
	13715: W, vc1
116	8646: W, vc0
	8666: W, vc2
	9902: S, vc1
	13209: N, vc2
	13233: N, vc1
117	8646: W, vc0
	8666: W, vc2
	9694: X, vc1
	9715: X, vc0
	11980: N, vc0
	13209: W, vc2
	13233: W, vc1
118	8646: W, vc0
	8666: W, vc2
	9486: N, vc0
	13233: W, vc1
	13590: N, vc1
119	8646: W, vc0
	8666: W, vc2
	12552: S, vc0
	13233: W, vc1
120	8646: W, vc0
	8666: W, vc2
	12552: W, vc0
	13233: W, vc1
121	8646: W, vc0
	8666: W, vc2
	12552: W, vc0
	12772: N, vc0
	13233: W, vc1
122	8646: W, vc0
	8666: W, vc2
	9767: E, vc1
	12552: W, vc0
	12728: X, vc0
	13233: W, vc1
123	8646: W, vc0
	8666: W, vc2
	9746: X, vc0
	9767: X, vc1
	12552: W, vc0
	13233: W, vc1
124	8646: W, vc0
	8666: W, vc2
	12552: W, vc0
125	8646: W, vc0
	8666: W, vc2
	10006: N, vc0
	10027: N, vc1
	12552: W, vc0
126	8646: W, vc0
	8666: W, vc2
	9400: SX, vc5
	10411: S, vc0
	10457: S, vc0
	10687: S, vc0
	10871: S, vc0
	10917: S, vc0
	11147: X, vc0
	11285: S, vc0
	11469: S, vc0
	11745: S, vc0
	12552: W, vc0
127	7851: X, vc1
	7871: X, vc0
	8222: S, vc1
	8242: S, vc0
	8328: N, vc1
	8348: N, vc0
	12552: W, vc0
128	8540: N, vc0
	8560: N, vc1
	8858: N, vc1
	8878: N, vc0
	8964: S, vc1
	8984: S, vc0
	9123: X, vc1
	9143: X, vc0
	9229: S, vc2
	9249: S, vc0
	13080: E, vc0
129	8858: W, vc1
	8878: W, vc0
	9400: SX, vc5
	10319: S, vc0
	10503: S, vc0
	10595: S, vc0
	11055: S, vc0
	11101: S, vc0
	11239: S, vc0
	11331: X, vc0
	11515: S, vc0
	13080: E, vc0
130	9590: N, vc2
	10235: N, vc0
	13080: E, vc0
131	10183: S, vc1
	10287: N, vc0
	11936: N, vc1
	13080: X, vc0
	13323: N, vc0
	13460: N, vc1
	13484: N, vc0
132	9902: X, vc1
	9923: X, vc0
	13323: W, vc0
133	11980: N, vc0
134	9486: N, vc0
	11848: S, vc0
	13590: N, vc1
135	9559: S, vc0
	11848: W, vc0
	12552: X, vc0
136	11848: W, vc0
137	11848: W, vc0
	12772: N, vc0
138	11848: W, vc0
139	9746: N, vc0
	11848: W, vc0
	12024: X, vc0
140	11848: W, vc0
141	10006: N, vc0
	10027: N, vc1
	11848: W, vc0
	12948: X, vc0
142	8328: E, vc1
	8348: E, vc0
	9400: SX, vc5
	10411: S, vc0
	10457: S, vc0
	10687: S, vc0
	10871: X, vc0
	10917: S, vc0
	11285: S, vc0
	11469: S, vc0
	11745: S, vc0
	11848: W, vc0
143	7798: X, vc1
	7818: X, vc0
	7851: N, vc1
	7871: N, vc0
	8222: S, vc1
	8242: S, vc0
	8328: N, vc1
	8348: N, vc0
	11848: W, vc0
144	8540: N, vc0
	8560: N, vc1
	8752: X, vc1
	8772: X, vc0
	8964: S, vc1
	8984: S, vc0
	9229: S, vc2
	9249: S, vc0
	12244: E, vc0
145	8752: W, vc1
	8772: W, vc0
	9400: SX, vc5
	10319: S, vc0
	10503: S, vc0
	10595: S, vc0
	11055: S, vc0
	11101: S, vc0
	11239: X, vc0
	11515: S, vc0
	12244: E, vc0
146	9590: N, vc2
	10235: N, vc0
	11892: X, vc1
	12244: E, vc0
147	10162: X, vc0
	10183: X, vc1
	10287: N, vc0
	11936: N, vc1
	12244: E, vc0
	13460: N, vc1
	13484: N, vc0
148	9923: N, vc0
	10006: E, vc0
	12244: X, vc0
149	9923: W, vc0
	10006: E, vc0
	11980: N, vc0
150	9486: N, vc0
	9538: E, vc1
	9923: W, vc0
	10006: E, vc0
	11848: X, vc0
	13590: N, vc1
151	9538: X, vc1
	9559: X, vc0
	9923: W, vc0
	10006: E, vc0
	13590: W, vc1
152	9923: W, vc0
	10006: E, vc0
	12860: X, vc0
153	10006: E, vc0
	12772: N, vc0
154	10006: E, vc0
155	10006: E, vc0
	12024: N, vc0
156	10006: E, vc0
	13036: S, vc0
157	10006: N, vc0
	12948: N, vc0
	13036: W, vc0
158	7851: E, vc1
	7871: E, vc0
	9400: SX, vc5
	10411: S, vc0
	10457: X, vc0
	10687: S, vc0
	10917: S, vc0
	11285: S, vc0
	11469: S, vc0
	11745: S, vc0
	13036: W, vc0
159	7798: N, vc1
	7818: N, vc0
	7851: N, vc1
	7871: N, vc0
	8222: S, vc1
	8242: S, vc0
	9017: X, vc0
	9037: X, vc1
	13036: W, vc0
160	8010: X, vc1
	8030: X, vc0
	8540: N, vc0
	8560: N, vc1
	8964: S, vc1
	8984: S, vc0
	9229: S, vc2
	9249: S, vc0
	11936: E, vc1
161	8010: W, vc1
	8030: W, vc0
	9400: SX, vc5
	10319: S, vc0
	10503: S, vc0
	10595: X, vc0
	11055: S, vc0
	11101: S, vc0
	11515: S, vc0
	11936: E, vc1
162	10235: N, vc0
	11892: N, vc1
	11936: E, vc1
163	10162: N, vc0
	10287: N, vc0
	11936: N, vc1
	12376: X, vc0
	13460: N, vc1
164	13460: W, vc1
165	11980: N, vc0
	13460: W, vc1
166	9486: N, vc0
	13460: W, vc1
167	13460: W, vc1
168	10110: X, vc0
	10131: X, vc1
	12860: N, vc0
	13460: W, vc1
169	12772: N, vc0
171	12024: N, vc0
172	12024: W, vc0
	13036: S, vc0
173	12024: W, vc0
	12948: N, vc0
174	9017: E, vc0
	9037: E, vc1
	9400: SX, vc5
	10411: S, vc0
	10687: S, vc0
	10917: S, vc0
	11285: S, vc0
	11469: X, vc0
	11745: S, vc0
	12024: W, vc0
175	7798: N, vc1
	7818: N, vc0
	8222: X, vc1
	8242: X, vc0
	9017: N, vc0
	9037: N, vc1
	12024: W, vc0
176	7904: X, vc1
	7924: X, vc0
	8540: N, vc0
	8560: N, vc1
	8593: S, vc1
	8613: S, vc0
	8964: S, vc1
	8984: S, vc0
	9229: S, vc2
	9249: S, vc0
	11892: E, vc1
177	8593: W, vc1
	8613: W, vc0
	9400: SX, vc5
	10319: S, vc0
	10503: S, vc0
	11055: S, vc0
	11101: X, vc0
	11515: S, vc0
	11892: E, vc1
178	10235: N, vc0
	11892: N, vc1
179	10287: N, vc0
	12376: N, vc0
180	9486: E, vc0
	11804: X, vc0
181	9486: E, vc0
	11980: N, vc0
182	9486: N, vc0
184	10110: N, vc0
	10131: N, vc1
	12332: X, vc0
	12860: N, vc0
185	10131: W, vc1
	12772: N, vc0
186	10131: W, vc1
	12772: W, vc0
187	10131: W, vc1
	12772: W, vc0
188	10131: W, vc1
	12772: W, vc0
	13036: X, vc0
189	12772: W, vc0
	12948: N, vc0
190	9335: E, vc1
	9355: E, vc0
	9400: SX, vc5
	10411: S, vc0
	10687: S, vc0
	10917: S, vc0
	11285: S, vc0
	11745: X, vc0
	12772: W, vc0
191	7798: N, vc1
	7818: N, vc0
	8381: X, vc1
	8401: X, vc0
	9335: S, vc1
	9355: S, vc0
	12772: W, vc0
192	7904: N, vc1
	7924: N, vc0
	8540: N, vc0
	8560: N, vc1
	8593: X, vc1
	8613: X, vc0
	8964: S, vc1
	8984: S, vc0
	9229: S, vc2
	9249: S, vc0
	12860: E, vc0
193	7904: W, vc1
	7924: W, vc0
	9400: SX, vc5
	10319: S, vc0
	10503: X, vc0
	11055: S, vc0
	11515: S, vc0
	12860: E, vc0
194	10235: N, vc0
	12860: E, vc0
195	10287: N, vc0
	12376: N, vc0
	12860: E, vc0
	13168: X, vc0
196	11804: N, vc0
	12860: E, vc0
	13168: W, vc0
197	11980: N, vc0
	12860: E, vc0
	13168: W, vc0
198	12860: E, vc0
	13168: W, vc0
199	12860: E, vc0
	13168: W, vc0
200	12332: N, vc0
	12860: N, vc0
	13168: W, vc0
201	13168: W, vc0
202	13168: W, vc0
203	13168: W, vc0
204	13168: W, vc0
205	12948: N, vc0
	13168: W, vc0
206	8805: E, vc1
	8825: E, vc0
	9400: SX, vc5
	10411: S, vc0
	10687: S, vc0
	10917: S, vc0
	11285: X, vc0
	13168: W, vc0
207	7798: N, vc1
	7818: N, vc0
	8381: N, vc1
	8401: N, vc0
	8805: S, vc1
	8825: S, vc0
	9335: X, vc1
	9355: X, vc0
	13168: W, vc0
208	7692: X, vc0
	7712: X, vc1
	8540: N, vc0
	8560: N, vc1
	8964: S, vc1
	8984: S, vc0
	9229: S, vc2
	9249: S, vc0
	11804: E, vc0
209	9070: E, vc0
	9090: E, vc1
	9400: SX, vc5
	10319: S, vc0
	11055: S, vc0
	11515: X, vc0
	11804: E, vc0
210	9070: E, vc0
	9090: E, vc1
	10235: N, vc0
	11804: E, vc0
	13124: X, vc0
211	9070: E, vc0
	9090: E, vc1
	11804: E, vc0
	12376: N, vc0
212	9070: E, vc0
	9090: E, vc1
	11804: N, vc0
213	9070: E, vc0
	9090: E, vc1
	11980: N, vc0
214	9070: E, vc0
	9090: E, vc1
	11980: W, vc0
215	9070: E, vc0
	9090: E, vc1
	11980: W, vc0
216	9070: E, vc0
	9090: E, vc1
	11980: W, vc0
	12332: N, vc0
217	9070: E, vc0
	9090: E, vc1
	11980: W, vc0
218	9070: E, vc0
	9090: E, vc1
	11980: W, vc0
219	9070: E, vc0
	9090: E, vc1
	11980: W, vc0
220	9070: E, vc0
	9090: E, vc1
	11980: W, vc0
221	9070: E, vc0
	9090: E, vc1
	11980: W, vc0
	12948: N, vc0
222	8116: E, vc0
	8136: E, vc1
	9070: E, vc0
	9090: E, vc1
	9400: SX, vc5
	10411: S, vc0
	10687: X, vc0
	10917: S, vc0
	11980: W, vc0
223	7798: N, vc1
	7818: N, vc0
	8116: X, vc0
	8136: X, vc1
	8381: N, vc1
	8401: N, vc0
	8805: S, vc1
	8825: S, vc0
	9070: S, vc0
	9090: S, vc1
	11980: W, vc0
224	7692: N, vc0
	7712: N, vc1
	8540: N, vc0
	8560: N, vc1
	8964: S, vc1
	8984: S, vc0
	9229: X, vc2
	9249: X, vc0
	13124: E, vc0
225	7692: W, vc0
	7712: W, vc1
	9400: SX, vc5
	10319: X, vc0
	11055: S, vc0
	13124: E, vc0
226	13124: N, vc0
227	12376: N, vc0
232	12332: N, vc0
237	12948: N, vc0
238	8381: E, vc1
	8401: E, vc0
	9400: SX, vc5
	10411: S, vc0
	10917: X, vc0
	12948: W, vc0
239	7798: N, vc1
	7818: N, vc0
	8381: N, vc1
	8401: N, vc0
	8805: X, vc1
	8825: X, vc0
	9070: S, vc0
	9090: S, vc1
	12948: W, vc0
240	8540: N, vc0
	8560: N, vc1
	8964: X, vc1
	8984: X, vc0
	12332: E, vc0
241	8540: W, vc0
	8560: W, vc1
	9400: X, vc5
	11055: X, vc0
	12332: E, vc0
242	12332: E, vc0
243	12332: E, vc0
	12376: N, vc0
244	12332: E, vc0
	12376: W, vc0
245	12332: E, vc0
	12376: W, vc0
246	12332: E, vc0
	12376: W, vc0
247	12332: E, vc0
	12376: W, vc0
248	12332: N, vc0
	12376: W, vc0
249	12376: W, vc0
250	12376: W, vc0
251	12376: W, vc0
252	12376: W, vc0
253	12376: W, vc0
254	7798: E, vc1
	7818: E, vc0
	9400: X, vc5
	10411: X, vc0
	12376: W, vc0
255	7798: N, vc1
	7818: N, vc0
	9070: X, vc0
	9090: X, vc1
	12376: W, vc0
Parsed placement file.
Set lat 1 from 0 to 0
Set lat 1 from 0 to 0
Set lat 1 from 0 to 0
Set lat 1 from 0 to 0
Set lat 1 from 0 to 0
Set lat 1 from 0 to 0
Set lat 1 from 0 to 0
Set lat 1 from 0 to 0
Set lat 1 from 0 to 0
Set lat 1 from 0 to 0
Set lat 1 from 0 to 0
Set lat 1 from 0 to 0
Set lat 1 from 0 to 0
Set lat 1 from 0 to 0
Set lat 1 from 0 to 0
Set lat 1 from 0 to 0
Set lat 1 from 0 to 0
Set lat 1 from 0 to 0
Set lat 1 from 0 to 0
Set lat 1 from 0 to 0
Set lat 1 from 0 to 0
Set lat 1 from 0 to 0
Set lat 1 from 0 to 0
Set lat 1 from 0 to 0
Set lat 1 from 0 to 0
Set lat 1 from 0 to 0
Set lat 1 from 0 to 0
Set lat 1 from 0 to 0
Set lat 1 from 0 to 0
Set lat 1 from 0 to 0
Set lat 1 from 0 to 0
Set lat 1 from 0 to 0
Child process has pid -28689
Child process has pid -28688
Child process has pid -28687
Parsed definitions of all elements.
Total of 214 links:
  0: DramAddress2156
    
  1: DramAddress2094
    
  2: DramAddress2025
    
  3: DramAddress1963
    
  4: DramAddress1894
    
  5: DramAddress1832
    
  6: DramAddress1763
    
  7: DramAddress1701
    
  8: DramAddress1632
    
  9: DramAddress1570
    
  10: DramAddress1501
    
  11: DramAddress1439
    
  12: DramAddress1370
    
  13: DramAddress1308
    
  14: DramAddress1239
    
  15: DramAddress1177
    
  16: DramAddress129
    
  17: DramAddress191
    
  18: DramAddress260
    
  19: DramAddress322
    
  20: DramAddress391
    
  21: DramAddress453
    
  22: DramAddress522
    
  23: DramAddress584
    
  24: DramAddress653
    
  25: DramAddress715
    
  26: DramAddress784
    
  27: DramAddress846
    
  28: DramAddress915
    
  29: DramAddress977
    
  30: DramAddress1046
    
  31: DramAddress1108
    
  32: RetimingFIFO7138
    
  33: RetimingFIFO6165
    
  34: RetimingFIFO6109
    
  35: RetimingFIFO6053
    
  36: RetimingFIFO5997
    
  37: RetimingFIFO7111
    
  38: RetimingFIFO5941
    
  39: RetimingFIFO5885
    
  40: RetimingFIFO5829
    
  41: RetimingFIFO5773
    
  42: RetimingFIFO7120
    
  43: RetimingFIFO5717
    
  44: RetimingFIFO5661
    
  45: RetimingFIFO5605
    
  46: RetimingFIFO5549
    
  47: RetimingFIFO5493
    
  48: RetimingFIFO5437
    
  49: RetimingFIFO7129
    
  50: RetimingFIFO5381
    
  51: RetimingFIFO5325
    
  52: RetimingFIFO6436
    
  53: RetimingFIFO6407
    
  54: RetimingFIFO6378
    
  55: RetimingFIFO6349
    
  56: RetimingFIFO6320
    
  57: RetimingFIFO6291
    
  58: RetimingFIFO6262
    
  59: RetimingFIFO6233
    
  60: RetimingFIFO6204
    
  61: RetimingFIFO6175
    
  62: RetimingFIFO6465
    
  63: RetimingFIFO6494
    
  64: RetimingFIFO6523
    
  65: RetimingFIFO6552
    
  66: RetimingFIFO6581
    
  67: RetimingFIFO6610
    
  68: RetimingFIFO6639
    
  69: RetimingFIFO6668
    
  70: RetimingFIFO6697
    
  71: RetimingFIFO6726
    
  72: RetimingFIFO6755
    
  73: RetimingFIFO6784
    
  74: RetimingFIFO6813
    
  75: RetimingFIFO6842
    
  76: RetimingFIFO6871
    
  77: RetimingFIFO6900
    
  78: RetimingFIFO6929
    
  79: RetimingFIFO6958
    
  80: RetimingFIFO6987
    
  81: RetimingFIFO7016
    
  82: RetimingFIFO7045
    
  83: RetimingFIFO7074
    
  84: RetimingFIFO5297
    
  85: RetimingFIFO5353
    
  86: RetimingFIFO5409
    
  87: RetimingFIFO5465
    
  88: RetimingFIFO5521
    
  89: RetimingFIFO5577
    
  90: RetimingFIFO5633
    
  91: RetimingFIFO5689
    
  92: RetimingFIFO5745
    
  93: RetimingFIFO5801
    
  94: RetimingFIFO5857
    
  95: RetimingFIFO5913
    
  96: RetimingFIFO5969
    
  97: RetimingFIFO6025
    
  98: RetimingFIFO6081
    
  99: RetimingFIFO6137
    
  100: StreamOut775
    
  101: StreamOut706
    
  102: StreamOut644
    
  103: StreamOut575
    
  104: StreamOut513
    
  105: StreamOut444
    
  106: StreamOut382
    
  107: StreamOut313
    
  108: StreamOut251
    
  109: StreamOut182
    
  110: StreamOut120
    
  111: StreamOut837
    
  112: StreamOut906
    
  113: StreamOut968
    
  114: StreamOut1037
    
  115: StreamOut1099
    
  116: StreamOut1168
    
  117: StreamOut1230
    
  118: StreamOut1299
    
  119: StreamOut1361
    
  120: StreamOut1430
    
  121: StreamOut1492
    
  122: StreamOut1561
    
  123: StreamOut1623
    
  124: StreamOut1692
    
  125: StreamOut1754
    
  126: StreamOut1823
    
  127: StreamOut1885
    
  128: StreamOut1954
    
  129: StreamOut2016
    
  130: StreamOut2085
    
  131: StreamOut2147
    
  132: StreamOut776
    
  133: StreamOut707
    
  134: StreamOut645
    
  135: StreamOut576
    
  136: StreamOut514
    
  137: StreamOut445
    
  138: StreamOut383
    
  139: StreamOut314
    
  140: StreamOut252
    
  141: StreamOut183
    
  142: StreamOut121
    
  143: StreamOut838
    
  144: StreamOut907
    
  145: StreamOut969
    
  146: StreamOut1038
    
  147: StreamOut1100
    
  148: StreamOut1169
    
  149: StreamOut1231
    
  150: StreamOut1300
    
  151: StreamOut1362
    
  152: StreamOut1431
    
  153: StreamOut1493
    
  154: StreamOut1562
    
  155: StreamOut1624
    
  156: StreamOut1693
    
  157: StreamOut1755
    
  158: StreamOut1824
    
  159: StreamOut1886
    
  160: StreamOut1955
    
  161: StreamOut2017
    
  162: StreamOut2086
    
  163: StreamOut2148
    
  164: SRAM109
    
  165: SRAM108
    
  166: SRAM107
    
  167: SRAM106
    
  168: SRAM105
    
  169: SRAM104
    
  170: SRAM103
    
  171: SRAM102
    
  172: SRAM101
    
  173: SRAM100
    
  174: SRAM99
    
  175: SRAM98
    
  176: SRAM97
    
  177: SRAM96
    
  178: SRAM95
    
  179: SRAM94
    
  180: SRAM78
    
  181: SRAM79
    
  182: SRAM80
    
  183: SRAM81
    
  184: SRAM82
    
  185: SRAM83
    
  186: SRAM84
    
  187: SRAM85
    
  188: SRAM86
    
  189: SRAM87
    
  190: SRAM88
    
  191: SRAM89
    
  192: SRAM90
    
  193: SRAM91
    
  194: SRAM92
    
  195: SRAM93
    
  196: ArgIn9381_ArgIn4624_ArgIn4646_ArgIn4665_ArgIn4687_ArgIn4706_ArgIn4728_ArgIn4747_ArgIn4769_ArgIn4788_ArgIn4810_ArgIn4829_ArgIn4851_ArgIn4870_ArgIn4892_ArgIn4911_ArgIn4933_ArgIn4952_ArgIn4974_ArgIn4993_ArgIn5015_ArgIn5034_ArgIn5056_ArgIn5075_ArgIn5097_ArgIn5116_ArgIn5138_ArgIn5157_ArgIn5179_ArgIn5198_ArgIn5220_ArgIn5239_ArgIn5261
    
  197: ArgOut11
    
  198: Reg2237
    
  199: Reg2235
    
  200: Reg2233
    
  201: Reg2231
    
  202: Reg2229
    
  203: Reg2227
    
  204: Reg2225
    
  205: Reg2223
    
  206: Reg2221
    
  207: Reg2219
    
  208: Reg2217
    
  209: Reg2215
    
  210: Reg2213
    
  211: Reg2211
    
  212: Reg2209
    
  213: Reg2207
    
Total of 151 nodes:
  0: ContextEnable13741
    [StreamOut121 *4096 /1] [StreamOut120 *4096 /1]  => [RetimingFIFO6175] 
  1: ContextEnable15137
    [RetimingFIFO6175 *1 /1]  => [SRAM78] 
  2: ContextEnable15127
    [SRAM78 *4096 /1]  => [RetimingFIFO5297] 
  3: ContextEnable13755
    [StreamOut183 *4096 /1] [StreamOut182 *4096 /1]  => [RetimingFIFO6204] 
  4: ContextEnable15457
    [RetimingFIFO6204 *1 /1]  => [SRAM94] 
  5: ContextEnable15447
    [SRAM94 *4096 /1]  => [RetimingFIFO5325] 
  6: ContextEnable14329
    [RetimingFIFO5325 *1 /1] [RetimingFIFO5297 *1 /1]  => [Reg2207] 
  7: ContextEnable13769
    [StreamOut252 *4096 /1] [StreamOut251 *4096 /1]  => [RetimingFIFO6233] 
  8: ContextEnable15157
    [RetimingFIFO6233 *1 /1]  => [SRAM79] 
  9: ContextEnable15147
    [SRAM79 *4096 /1]  => [RetimingFIFO5353] 
  10: ContextEnable13783
    [StreamOut314 *4096 /1] [StreamOut313 *4096 /1]  => [RetimingFIFO6262] 
  11: ContextEnable15477
    [RetimingFIFO6262 *1 /1]  => [SRAM95] 
  12: ContextEnable15467
    [SRAM95 *4096 /1]  => [RetimingFIFO5381] 
  13: ContextEnable14343
    [RetimingFIFO5381 *1 /1] [RetimingFIFO5353 *1 /1]  => [Reg2209] 
  14: ContextEnable15839
    [Reg2209 *1 /1] [Reg2207 *1 /1]  => [RetimingFIFO7129] 
  15: ContextEnable13797
    [StreamOut383 *4096 /1] [StreamOut382 *4096 /1]  => [RetimingFIFO6291] 
  16: ContextEnable15177
    [RetimingFIFO6291 *1 /1]  => [SRAM80] 
  17: ContextEnable15167
    [SRAM80 *4096 /1]  => [RetimingFIFO5409] 
  18: ContextEnable13811
    [StreamOut445 *4096 /1] [StreamOut444 *4096 /1]  => [RetimingFIFO6320] 
  19: ContextEnable15497
    [RetimingFIFO6320 *1 /1]  => [SRAM96] 
  20: ContextEnable15487
    [SRAM96 *4096 /1]  => [RetimingFIFO5437] 
  21: ContextEnable14357
    [RetimingFIFO5437 *1 /1] [RetimingFIFO5409 *1 /1]  => [Reg2211] 
  22: ContextEnable13825
    [StreamOut514 *4096 /1] [StreamOut513 *4096 /1]  => [RetimingFIFO6349] 
  23: ContextEnable15197
    [RetimingFIFO6349 *1 /1]  => [SRAM81] 
  24: ContextEnable15187
    [SRAM81 *4096 /1]  => [RetimingFIFO5465] 
  25: ContextEnable13839
    [StreamOut576 *4096 /1] [StreamOut575 *4096 /1]  => [RetimingFIFO6378] 
  26: ContextEnable15517
    [RetimingFIFO6378 *1 /1]  => [SRAM97] 
  27: ContextEnable15507
    [SRAM97 *4096 /1]  => [RetimingFIFO5493] 
  28: ContextEnable14371
    [RetimingFIFO5493 *1 /1] [RetimingFIFO5465 *1 /1]  => [Reg2213] 
  29: ContextEnable13853
    [StreamOut645 *4096 /1] [StreamOut644 *4096 /1]  => [RetimingFIFO6407] 
  30: ContextEnable15217
    [RetimingFIFO6407 *1 /1]  => [SRAM82] 
  31: ContextEnable15207
    [SRAM82 *4096 /1]  => [RetimingFIFO5521] 
  32: ContextEnable13867
    [StreamOut707 *4096 /1] [StreamOut706 *4096 /1]  => [RetimingFIFO6436] 
  33: ContextEnable15537
    [RetimingFIFO6436 *1 /1]  => [SRAM98] 
  34: ContextEnable15527
    [SRAM98 *4096 /1]  => [RetimingFIFO5549] 
  35: ContextEnable14385
    [RetimingFIFO5549 *1 /1] [RetimingFIFO5521 *1 /1]  => [Reg2215] 
  36: ContextEnable13881
    [StreamOut776 *4096 /1] [StreamOut775 *4096 /1]  => [RetimingFIFO6465] 
  37: ContextEnable15237
    [RetimingFIFO6465 *1 /1]  => [SRAM83] 
  38: ContextEnable15227
    [SRAM83 *4096 /1]  => [RetimingFIFO5577] 
  39: ContextEnable13895
    [StreamOut838 *4096 /1] [StreamOut837 *4096 /1]  => [RetimingFIFO6494] 
  40: ContextEnable15557
    [RetimingFIFO6494 *1 /1]  => [SRAM99] 
  41: ContextEnable15547
    [SRAM99 *4096 /1]  => [RetimingFIFO5605] 
  42: ContextEnable14399
    [RetimingFIFO5605 *1 /1] [RetimingFIFO5577 *1 /1]  => [Reg2217] 
  43: ContextEnable13909
    [StreamOut907 *4096 /1] [StreamOut906 *4096 /1]  => [RetimingFIFO6523] 
  44: ContextEnable15257
    [RetimingFIFO6523 *1 /1]  => [SRAM84] 
  45: ContextEnable15247
    [SRAM84 *4096 /1]  => [RetimingFIFO5633] 
  46: ContextEnable13923
    [StreamOut969 *4096 /1] [StreamOut968 *4096 /1]  => [RetimingFIFO6552] 
  47: ContextEnable15577
    [RetimingFIFO6552 *1 /1]  => [SRAM100] 
  48: ContextEnable15567
    [SRAM100 *4096 /1]  => [RetimingFIFO5661] 
  49: ContextEnable14413
    [RetimingFIFO5661 *1 /1] [RetimingFIFO5633 *1 /1]  => [Reg2219] 
  50: ContextEnable13937
    [StreamOut1038 *4096 /1] [StreamOut1037 *4096 /1]  => [RetimingFIFO6581] 
  51: ContextEnable15277
    [RetimingFIFO6581 *1 /1]  => [SRAM85] 
  52: ContextEnable15267
    [SRAM85 *4096 /1]  => [RetimingFIFO5689] 
  53: ContextEnable13951
    [StreamOut1100 *4096 /1] [StreamOut1099 *4096 /1]  => [RetimingFIFO6610] 
  54: ContextEnable15597
    [RetimingFIFO6610 *1 /1]  => [SRAM101] 
  55: ContextEnable15587
    [SRAM101 *4096 /1]  => [RetimingFIFO5717] 
  56: ContextEnable14427
    [RetimingFIFO5717 *1 /1] [RetimingFIFO5689 *1 /1]  => [Reg2221] 
  57: ContextEnable15773
    [Reg2221 *1 /1] [Reg2219 *1 /1] [Reg2217 *1 /1] [Reg2215 *1 /1]  => [RetimingFIFO7120] 
  58: ContextEnable13965
    [StreamOut1169 *4096 /1] [StreamOut1168 *4096 /1]  => [RetimingFIFO6639] 
  59: ContextEnable15297
    [RetimingFIFO6639 *1 /1]  => [SRAM86] 
  60: ContextEnable15287
    [SRAM86 *4096 /1]  => [RetimingFIFO5745] 
  61: ContextEnable13979
    [StreamOut1231 *4096 /1] [StreamOut1230 *4096 /1]  => [RetimingFIFO6668] 
  62: ContextEnable15617
    [RetimingFIFO6668 *1 /1]  => [SRAM102] 
  63: ContextEnable15607
    [SRAM102 *4096 /1]  => [RetimingFIFO5773] 
  64: ContextEnable14441
    [RetimingFIFO5773 *1 /1] [RetimingFIFO5745 *1 /1]  => [Reg2223] 
  65: ContextEnable13993
    [StreamOut1300 *4096 /1] [StreamOut1299 *4096 /1]  => [RetimingFIFO6697] 
  66: ContextEnable15317
    [RetimingFIFO6697 *1 /1]  => [SRAM87] 
  67: ContextEnable15307
    [SRAM87 *4096 /1]  => [RetimingFIFO5801] 
  68: ContextEnable14007
    [StreamOut1362 *4096 /1] [StreamOut1361 *4096 /1]  => [RetimingFIFO6726] 
  69: ContextEnable15637
    [RetimingFIFO6726 *1 /1]  => [SRAM103] 
  70: ContextEnable15627
    [SRAM103 *4096 /1]  => [RetimingFIFO5829] 
  71: ContextEnable14455
    [RetimingFIFO5829 *1 /1] [RetimingFIFO5801 *1 /1]  => [Reg2225] 
  72: ContextEnable14021
    [StreamOut1431 *4096 /1] [StreamOut1430 *4096 /1]  => [RetimingFIFO6755] 
  73: ContextEnable15337
    [RetimingFIFO6755 *1 /1]  => [SRAM88] 
  74: ContextEnable15327
    [SRAM88 *4096 /1]  => [RetimingFIFO5857] 
  75: ContextEnable14035
    [StreamOut1493 *4096 /1] [StreamOut1492 *4096 /1]  => [RetimingFIFO6784] 
  76: ContextEnable15657
    [RetimingFIFO6784 *1 /1]  => [SRAM104] 
  77: ContextEnable15647
    [SRAM104 *4096 /1]  => [RetimingFIFO5885] 
  78: ContextEnable14469
    [RetimingFIFO5885 *1 /1] [RetimingFIFO5857 *1 /1]  => [Reg2227] 
  79: ContextEnable14049
    [StreamOut1562 *4096 /1] [StreamOut1561 *4096 /1]  => [RetimingFIFO6813] 
  80: ContextEnable15357
    [RetimingFIFO6813 *1 /1]  => [SRAM89] 
  81: ContextEnable15347
    [SRAM89 *4096 /1]  => [RetimingFIFO5913] 
  82: ContextEnable14063
    [StreamOut1624 *4096 /1] [StreamOut1623 *4096 /1]  => [RetimingFIFO6842] 
  83: ContextEnable15677
    [RetimingFIFO6842 *1 /1]  => [SRAM105] 
  84: ContextEnable15667
    [SRAM105 *4096 /1]  => [RetimingFIFO5941] 
  85: ContextEnable14483
    [RetimingFIFO5941 *1 /1] [RetimingFIFO5913 *1 /1]  => [Reg2229] 
  86: ContextEnable15795
    [Reg2229 *1 /1] [Reg2227 *1 /1] [Reg2225 *1 /1] [Reg2223 *1 /1]  => [RetimingFIFO7111] 
  87: ContextEnable14077
    [StreamOut1693 *4096 /1] [StreamOut1692 *4096 /1]  => [RetimingFIFO6871] 
  88: ContextEnable15377
    [RetimingFIFO6871 *1 /1]  => [SRAM90] 
  89: ContextEnable15367
    [SRAM90 *4096 /1]  => [RetimingFIFO5969] 
  90: ContextEnable14091
    [StreamOut1755 *4096 /1] [StreamOut1754 *4096 /1]  => [RetimingFIFO6900] 
  91: ContextEnable15697
    [RetimingFIFO6900 *1 /1]  => [SRAM106] 
  92: ContextEnable15687
    [SRAM106 *4096 /1]  => [RetimingFIFO5997] 
  93: ContextEnable14497
    [RetimingFIFO5997 *1 /1] [RetimingFIFO5969 *1 /1]  => [Reg2231] 
  94: ContextEnable14105
    [StreamOut1824 *4096 /1] [StreamOut1823 *4096 /1]  => [RetimingFIFO6929] 
  95: ContextEnable15397
    [RetimingFIFO6929 *1 /1]  => [SRAM91] 
  96: ContextEnable15387
    [SRAM91 *4096 /1]  => [RetimingFIFO6025] 
  97: ContextEnable14119
    [StreamOut1886 *4096 /1] [StreamOut1885 *4096 /1]  => [RetimingFIFO6958] 
  98: ContextEnable15717
    [RetimingFIFO6958 *1 /1]  => [SRAM107] 
  99: ContextEnable15707
    [SRAM107 *4096 /1]  => [RetimingFIFO6053] 
  100: ContextEnable14511
    [RetimingFIFO6053 *1 /1] [RetimingFIFO6025 *1 /1]  => [Reg2233] 
  101: ContextEnable14133
    [StreamOut1955 *4096 /1] [StreamOut1954 *4096 /1]  => [RetimingFIFO6987] 
  102: ContextEnable15417
    [RetimingFIFO6987 *1 /1]  => [SRAM92] 
  103: ContextEnable15407
    [SRAM92 *4096 /1]  => [RetimingFIFO6081] 
  104: ContextEnable14147
    [StreamOut2017 *4096 /1] [StreamOut2016 *4096 /1]  => [RetimingFIFO7016] 
  105: ContextEnable15737
    [RetimingFIFO7016 *1 /1]  => [SRAM108] 
  106: ContextEnable15727
    [SRAM108 *4096 /1]  => [RetimingFIFO6109] 
  107: ContextEnable14525
    [RetimingFIFO6109 *1 /1] [RetimingFIFO6081 *1 /1]  => [Reg2235] 
  108: ContextEnable14161
    [StreamOut2086 *4096 /1] [StreamOut2085 *4096 /1]  => [RetimingFIFO7045] 
  109: ContextEnable15437
    [RetimingFIFO7045 *1 /1]  => [SRAM93] 
  110: ContextEnable15427
    [SRAM93 *4096 /1]  => [RetimingFIFO6137] 
  111: ContextEnable14175
    [StreamOut2148 *4096 /1] [StreamOut2147 *4096 /1]  => [RetimingFIFO7074] 
  112: ContextEnable15757
    [RetimingFIFO7074 *1 /1]  => [SRAM109] 
  113: ContextEnable15747
    [SRAM109 *4096 /1]  => [RetimingFIFO6165] 
  114: ContextEnable14539
    [RetimingFIFO6165 *1 /1] [RetimingFIFO6137 *1 /1]  => [Reg2237] 
  115: ContextEnable15819
    [RetimingFIFO7111 *1 /1] [Reg2237 *1 /1] [Reg2235 *1 /1] [Reg2233 *1 /1] [Reg2231 *1 /1]  => [RetimingFIFO7138] 
  116: ContextEnable14249
     => [DramAddress2156] [DramAddress2094] [DramAddress2025] [DramAddress1963] [DramAddress1894] [DramAddress1832] [DramAddress1763] [DramAddress1701] [DramAddress846] [DramAddress784] [DramAddress715] [DramAddress653] [DramAddress584] [DramAddress522] [DramAddress453] [DramAddress391] [DramAddress322] [DramAddress260] [DramAddress191] [DramAddress129] [DramAddress915] [DramAddress977] [DramAddress1046] [DramAddress1108] [DramAddress1177] [DramAddress1239] [DramAddress1308] [DramAddress1370] [DramAddress1439] [DramAddress1501] [DramAddress1570] [DramAddress1632] [ArgIn9381_ArgIn4624_ArgIn4646_ArgIn4665_ArgIn4687_ArgIn4706_ArgIn4728_ArgIn4747_ArgIn4769_ArgIn4788_ArgIn4810_ArgIn4829_ArgIn4851_ArgIn4870_ArgIn4892_ArgIn4911_ArgIn4933_ArgIn4952_ArgIn4974_ArgIn4993_ArgIn5015_ArgIn5034_ArgIn5056_ArgIn5075_ArgIn5097_ArgIn5116_ArgIn5138_ArgIn5157_ArgIn5179_ArgIn5198_ArgIn5220_ArgIn5239_ArgIn5261] 
  117: ContextEnable14319
    [ArgOut11 *1 /1]  => 
  118: ContextEnable14555
    [ArgIn9381_ArgIn4624_ArgIn4646_ArgIn4665_ArgIn4687_ArgIn4706_ArgIn4728_ArgIn4747_ArgIn4769_ArgIn4788_ArgIn4810_ArgIn4829_ArgIn4851_ArgIn4870_ArgIn4892_ArgIn4911_ArgIn4933_ArgIn4952_ArgIn4974_ArgIn4993_ArgIn5015_ArgIn5034_ArgIn5056_ArgIn5075_ArgIn5097_ArgIn5116_ArgIn5138_ArgIn5157_ArgIn5179_ArgIn5198_ArgIn5220_ArgIn5239_ArgIn5261 *315 /1] [DramAddress129 *315 /1]  => [StreamOut121] [StreamOut120] 
  119: ContextEnable14573
    [ArgIn9381_ArgIn4624_ArgIn4646_ArgIn4665_ArgIn4687_ArgIn4706_ArgIn4728_ArgIn4747_ArgIn4769_ArgIn4788_ArgIn4810_ArgIn4829_ArgIn4851_ArgIn4870_ArgIn4892_ArgIn4911_ArgIn4933_ArgIn4952_ArgIn4974_ArgIn4993_ArgIn5015_ArgIn5034_ArgIn5056_ArgIn5075_ArgIn5097_ArgIn5116_ArgIn5138_ArgIn5157_ArgIn5179_ArgIn5198_ArgIn5220_ArgIn5239_ArgIn5261 *315 /1] [DramAddress191 *315 /1]  => [StreamOut183] [StreamOut182] 
  120: ContextEnable14591
    [ArgIn9381_ArgIn4624_ArgIn4646_ArgIn4665_ArgIn4687_ArgIn4706_ArgIn4728_ArgIn4747_ArgIn4769_ArgIn4788_ArgIn4810_ArgIn4829_ArgIn4851_ArgIn4870_ArgIn4892_ArgIn4911_ArgIn4933_ArgIn4952_ArgIn4974_ArgIn4993_ArgIn5015_ArgIn5034_ArgIn5056_ArgIn5075_ArgIn5097_ArgIn5116_ArgIn5138_ArgIn5157_ArgIn5179_ArgIn5198_ArgIn5220_ArgIn5239_ArgIn5261 *315 /1] [DramAddress260 *315 /1]  => [StreamOut252] [StreamOut251] 
  121: ContextEnable14609
    [ArgIn9381_ArgIn4624_ArgIn4646_ArgIn4665_ArgIn4687_ArgIn4706_ArgIn4728_ArgIn4747_ArgIn4769_ArgIn4788_ArgIn4810_ArgIn4829_ArgIn4851_ArgIn4870_ArgIn4892_ArgIn4911_ArgIn4933_ArgIn4952_ArgIn4974_ArgIn4993_ArgIn5015_ArgIn5034_ArgIn5056_ArgIn5075_ArgIn5097_ArgIn5116_ArgIn5138_ArgIn5157_ArgIn5179_ArgIn5198_ArgIn5220_ArgIn5239_ArgIn5261 *315 /1] [DramAddress322 *315 /1]  => [StreamOut314] [StreamOut313] 
  122: ContextEnable14627
    [ArgIn9381_ArgIn4624_ArgIn4646_ArgIn4665_ArgIn4687_ArgIn4706_ArgIn4728_ArgIn4747_ArgIn4769_ArgIn4788_ArgIn4810_ArgIn4829_ArgIn4851_ArgIn4870_ArgIn4892_ArgIn4911_ArgIn4933_ArgIn4952_ArgIn4974_ArgIn4993_ArgIn5015_ArgIn5034_ArgIn5056_ArgIn5075_ArgIn5097_ArgIn5116_ArgIn5138_ArgIn5157_ArgIn5179_ArgIn5198_ArgIn5220_ArgIn5239_ArgIn5261 *315 /1] [DramAddress391 *315 /1]  => [StreamOut383] [StreamOut382] 
  123: ContextEnable14645
    [ArgIn9381_ArgIn4624_ArgIn4646_ArgIn4665_ArgIn4687_ArgIn4706_ArgIn4728_ArgIn4747_ArgIn4769_ArgIn4788_ArgIn4810_ArgIn4829_ArgIn4851_ArgIn4870_ArgIn4892_ArgIn4911_ArgIn4933_ArgIn4952_ArgIn4974_ArgIn4993_ArgIn5015_ArgIn5034_ArgIn5056_ArgIn5075_ArgIn5097_ArgIn5116_ArgIn5138_ArgIn5157_ArgIn5179_ArgIn5198_ArgIn5220_ArgIn5239_ArgIn5261 *315 /1] [DramAddress453 *315 /1]  => [StreamOut445] [StreamOut444] 
  124: ContextEnable14663
    [ArgIn9381_ArgIn4624_ArgIn4646_ArgIn4665_ArgIn4687_ArgIn4706_ArgIn4728_ArgIn4747_ArgIn4769_ArgIn4788_ArgIn4810_ArgIn4829_ArgIn4851_ArgIn4870_ArgIn4892_ArgIn4911_ArgIn4933_ArgIn4952_ArgIn4974_ArgIn4993_ArgIn5015_ArgIn5034_ArgIn5056_ArgIn5075_ArgIn5097_ArgIn5116_ArgIn5138_ArgIn5157_ArgIn5179_ArgIn5198_ArgIn5220_ArgIn5239_ArgIn5261 *315 /1] [DramAddress522 *315 /1]  => [StreamOut514] [StreamOut513] 
  125: ContextEnable14681
    [ArgIn9381_ArgIn4624_ArgIn4646_ArgIn4665_ArgIn4687_ArgIn4706_ArgIn4728_ArgIn4747_ArgIn4769_ArgIn4788_ArgIn4810_ArgIn4829_ArgIn4851_ArgIn4870_ArgIn4892_ArgIn4911_ArgIn4933_ArgIn4952_ArgIn4974_ArgIn4993_ArgIn5015_ArgIn5034_ArgIn5056_ArgIn5075_ArgIn5097_ArgIn5116_ArgIn5138_ArgIn5157_ArgIn5179_ArgIn5198_ArgIn5220_ArgIn5239_ArgIn5261 *315 /1] [DramAddress584 *315 /1]  => [StreamOut576] [StreamOut575] 
  126: ContextEnable14699
    [ArgIn9381_ArgIn4624_ArgIn4646_ArgIn4665_ArgIn4687_ArgIn4706_ArgIn4728_ArgIn4747_ArgIn4769_ArgIn4788_ArgIn4810_ArgIn4829_ArgIn4851_ArgIn4870_ArgIn4892_ArgIn4911_ArgIn4933_ArgIn4952_ArgIn4974_ArgIn4993_ArgIn5015_ArgIn5034_ArgIn5056_ArgIn5075_ArgIn5097_ArgIn5116_ArgIn5138_ArgIn5157_ArgIn5179_ArgIn5198_ArgIn5220_ArgIn5239_ArgIn5261 *315 /1] [DramAddress653 *315 /1]  => [StreamOut645] [StreamOut644] 
  127: ContextEnable14717
    [ArgIn9381_ArgIn4624_ArgIn4646_ArgIn4665_ArgIn4687_ArgIn4706_ArgIn4728_ArgIn4747_ArgIn4769_ArgIn4788_ArgIn4810_ArgIn4829_ArgIn4851_ArgIn4870_ArgIn4892_ArgIn4911_ArgIn4933_ArgIn4952_ArgIn4974_ArgIn4993_ArgIn5015_ArgIn5034_ArgIn5056_ArgIn5075_ArgIn5097_ArgIn5116_ArgIn5138_ArgIn5157_ArgIn5179_ArgIn5198_ArgIn5220_ArgIn5239_ArgIn5261 *315 /1] [DramAddress715 *315 /1]  => [StreamOut707] [StreamOut706] 
  128: ContextEnable14735
    [ArgIn9381_ArgIn4624_ArgIn4646_ArgIn4665_ArgIn4687_ArgIn4706_ArgIn4728_ArgIn4747_ArgIn4769_ArgIn4788_ArgIn4810_ArgIn4829_ArgIn4851_ArgIn4870_ArgIn4892_ArgIn4911_ArgIn4933_ArgIn4952_ArgIn4974_ArgIn4993_ArgIn5015_ArgIn5034_ArgIn5056_ArgIn5075_ArgIn5097_ArgIn5116_ArgIn5138_ArgIn5157_ArgIn5179_ArgIn5198_ArgIn5220_ArgIn5239_ArgIn5261 *315 /1] [DramAddress784 *315 /1]  => [StreamOut776] [StreamOut775] 
  129: ContextEnable14753
    [ArgIn9381_ArgIn4624_ArgIn4646_ArgIn4665_ArgIn4687_ArgIn4706_ArgIn4728_ArgIn4747_ArgIn4769_ArgIn4788_ArgIn4810_ArgIn4829_ArgIn4851_ArgIn4870_ArgIn4892_ArgIn4911_ArgIn4933_ArgIn4952_ArgIn4974_ArgIn4993_ArgIn5015_ArgIn5034_ArgIn5056_ArgIn5075_ArgIn5097_ArgIn5116_ArgIn5138_ArgIn5157_ArgIn5179_ArgIn5198_ArgIn5220_ArgIn5239_ArgIn5261 *315 /1] [DramAddress846 *315 /1]  => [StreamOut838] [StreamOut837] 
  130: ContextEnable14771
    [ArgIn9381_ArgIn4624_ArgIn4646_ArgIn4665_ArgIn4687_ArgIn4706_ArgIn4728_ArgIn4747_ArgIn4769_ArgIn4788_ArgIn4810_ArgIn4829_ArgIn4851_ArgIn4870_ArgIn4892_ArgIn4911_ArgIn4933_ArgIn4952_ArgIn4974_ArgIn4993_ArgIn5015_ArgIn5034_ArgIn5056_ArgIn5075_ArgIn5097_ArgIn5116_ArgIn5138_ArgIn5157_ArgIn5179_ArgIn5198_ArgIn5220_ArgIn5239_ArgIn5261 *315 /1] [DramAddress915 *315 /1]  => [StreamOut907] [StreamOut906] 
  131: ContextEnable14789
    [ArgIn9381_ArgIn4624_ArgIn4646_ArgIn4665_ArgIn4687_ArgIn4706_ArgIn4728_ArgIn4747_ArgIn4769_ArgIn4788_ArgIn4810_ArgIn4829_ArgIn4851_ArgIn4870_ArgIn4892_ArgIn4911_ArgIn4933_ArgIn4952_ArgIn4974_ArgIn4993_ArgIn5015_ArgIn5034_ArgIn5056_ArgIn5075_ArgIn5097_ArgIn5116_ArgIn5138_ArgIn5157_ArgIn5179_ArgIn5198_ArgIn5220_ArgIn5239_ArgIn5261 *315 /1] [DramAddress977 *315 /1]  => [StreamOut969] [StreamOut968] 
  132: ContextEnable14807
    [ArgIn9381_ArgIn4624_ArgIn4646_ArgIn4665_ArgIn4687_ArgIn4706_ArgIn4728_ArgIn4747_ArgIn4769_ArgIn4788_ArgIn4810_ArgIn4829_ArgIn4851_ArgIn4870_ArgIn4892_ArgIn4911_ArgIn4933_ArgIn4952_ArgIn4974_ArgIn4993_ArgIn5015_ArgIn5034_ArgIn5056_ArgIn5075_ArgIn5097_ArgIn5116_ArgIn5138_ArgIn5157_ArgIn5179_ArgIn5198_ArgIn5220_ArgIn5239_ArgIn5261 *315 /1] [DramAddress1046 *315 /1]  => [StreamOut1038] [StreamOut1037] 
  133: ContextEnable14825
    [ArgIn9381_ArgIn4624_ArgIn4646_ArgIn4665_ArgIn4687_ArgIn4706_ArgIn4728_ArgIn4747_ArgIn4769_ArgIn4788_ArgIn4810_ArgIn4829_ArgIn4851_ArgIn4870_ArgIn4892_ArgIn4911_ArgIn4933_ArgIn4952_ArgIn4974_ArgIn4993_ArgIn5015_ArgIn5034_ArgIn5056_ArgIn5075_ArgIn5097_ArgIn5116_ArgIn5138_ArgIn5157_ArgIn5179_ArgIn5198_ArgIn5220_ArgIn5239_ArgIn5261 *315 /1] [DramAddress1108 *315 /1]  => [StreamOut1100] [StreamOut1099] 
  134: ContextEnable14843
    [ArgIn9381_ArgIn4624_ArgIn4646_ArgIn4665_ArgIn4687_ArgIn4706_ArgIn4728_ArgIn4747_ArgIn4769_ArgIn4788_ArgIn4810_ArgIn4829_ArgIn4851_ArgIn4870_ArgIn4892_ArgIn4911_ArgIn4933_ArgIn4952_ArgIn4974_ArgIn4993_ArgIn5015_ArgIn5034_ArgIn5056_ArgIn5075_ArgIn5097_ArgIn5116_ArgIn5138_ArgIn5157_ArgIn5179_ArgIn5198_ArgIn5220_ArgIn5239_ArgIn5261 *315 /1] [DramAddress1177 *315 /1]  => [StreamOut1169] [StreamOut1168] 
  135: ContextEnable14861
    [ArgIn9381_ArgIn4624_ArgIn4646_ArgIn4665_ArgIn4687_ArgIn4706_ArgIn4728_ArgIn4747_ArgIn4769_ArgIn4788_ArgIn4810_ArgIn4829_ArgIn4851_ArgIn4870_ArgIn4892_ArgIn4911_ArgIn4933_ArgIn4952_ArgIn4974_ArgIn4993_ArgIn5015_ArgIn5034_ArgIn5056_ArgIn5075_ArgIn5097_ArgIn5116_ArgIn5138_ArgIn5157_ArgIn5179_ArgIn5198_ArgIn5220_ArgIn5239_ArgIn5261 *315 /1] [DramAddress1239 *315 /1]  => [StreamOut1231] [StreamOut1230] 
  136: ContextEnable14879
    [ArgIn9381_ArgIn4624_ArgIn4646_ArgIn4665_ArgIn4687_ArgIn4706_ArgIn4728_ArgIn4747_ArgIn4769_ArgIn4788_ArgIn4810_ArgIn4829_ArgIn4851_ArgIn4870_ArgIn4892_ArgIn4911_ArgIn4933_ArgIn4952_ArgIn4974_ArgIn4993_ArgIn5015_ArgIn5034_ArgIn5056_ArgIn5075_ArgIn5097_ArgIn5116_ArgIn5138_ArgIn5157_ArgIn5179_ArgIn5198_ArgIn5220_ArgIn5239_ArgIn5261 *315 /1] [DramAddress1308 *315 /1]  => [StreamOut1300] [StreamOut1299] 
  137: ContextEnable14897
    [ArgIn9381_ArgIn4624_ArgIn4646_ArgIn4665_ArgIn4687_ArgIn4706_ArgIn4728_ArgIn4747_ArgIn4769_ArgIn4788_ArgIn4810_ArgIn4829_ArgIn4851_ArgIn4870_ArgIn4892_ArgIn4911_ArgIn4933_ArgIn4952_ArgIn4974_ArgIn4993_ArgIn5015_ArgIn5034_ArgIn5056_ArgIn5075_ArgIn5097_ArgIn5116_ArgIn5138_ArgIn5157_ArgIn5179_ArgIn5198_ArgIn5220_ArgIn5239_ArgIn5261 *315 /1] [DramAddress1370 *315 /1]  => [StreamOut1362] [StreamOut1361] 
  138: ContextEnable14915
    [ArgIn9381_ArgIn4624_ArgIn4646_ArgIn4665_ArgIn4687_ArgIn4706_ArgIn4728_ArgIn4747_ArgIn4769_ArgIn4788_ArgIn4810_ArgIn4829_ArgIn4851_ArgIn4870_ArgIn4892_ArgIn4911_ArgIn4933_ArgIn4952_ArgIn4974_ArgIn4993_ArgIn5015_ArgIn5034_ArgIn5056_ArgIn5075_ArgIn5097_ArgIn5116_ArgIn5138_ArgIn5157_ArgIn5179_ArgIn5198_ArgIn5220_ArgIn5239_ArgIn5261 *315 /1] [DramAddress1439 *315 /1]  => [StreamOut1431] [StreamOut1430] 
  139: ContextEnable14933
    [ArgIn9381_ArgIn4624_ArgIn4646_ArgIn4665_ArgIn4687_ArgIn4706_ArgIn4728_ArgIn4747_ArgIn4769_ArgIn4788_ArgIn4810_ArgIn4829_ArgIn4851_ArgIn4870_ArgIn4892_ArgIn4911_ArgIn4933_ArgIn4952_ArgIn4974_ArgIn4993_ArgIn5015_ArgIn5034_ArgIn5056_ArgIn5075_ArgIn5097_ArgIn5116_ArgIn5138_ArgIn5157_ArgIn5179_ArgIn5198_ArgIn5220_ArgIn5239_ArgIn5261 *315 /1] [DramAddress1501 *315 /1]  => [StreamOut1493] [StreamOut1492] 
  140: ContextEnable14951
    [ArgIn9381_ArgIn4624_ArgIn4646_ArgIn4665_ArgIn4687_ArgIn4706_ArgIn4728_ArgIn4747_ArgIn4769_ArgIn4788_ArgIn4810_ArgIn4829_ArgIn4851_ArgIn4870_ArgIn4892_ArgIn4911_ArgIn4933_ArgIn4952_ArgIn4974_ArgIn4993_ArgIn5015_ArgIn5034_ArgIn5056_ArgIn5075_ArgIn5097_ArgIn5116_ArgIn5138_ArgIn5157_ArgIn5179_ArgIn5198_ArgIn5220_ArgIn5239_ArgIn5261 *315 /1] [DramAddress1570 *315 /1]  => [StreamOut1562] [StreamOut1561] 
  141: ContextEnable14969
    [ArgIn9381_ArgIn4624_ArgIn4646_ArgIn4665_ArgIn4687_ArgIn4706_ArgIn4728_ArgIn4747_ArgIn4769_ArgIn4788_ArgIn4810_ArgIn4829_ArgIn4851_ArgIn4870_ArgIn4892_ArgIn4911_ArgIn4933_ArgIn4952_ArgIn4974_ArgIn4993_ArgIn5015_ArgIn5034_ArgIn5056_ArgIn5075_ArgIn5097_ArgIn5116_ArgIn5138_ArgIn5157_ArgIn5179_ArgIn5198_ArgIn5220_ArgIn5239_ArgIn5261 *315 /1] [DramAddress1632 *315 /1]  => [StreamOut1624] [StreamOut1623] 
  142: ContextEnable14987
    [ArgIn9381_ArgIn4624_ArgIn4646_ArgIn4665_ArgIn4687_ArgIn4706_ArgIn4728_ArgIn4747_ArgIn4769_ArgIn4788_ArgIn4810_ArgIn4829_ArgIn4851_ArgIn4870_ArgIn4892_ArgIn4911_ArgIn4933_ArgIn4952_ArgIn4974_ArgIn4993_ArgIn5015_ArgIn5034_ArgIn5056_ArgIn5075_ArgIn5097_ArgIn5116_ArgIn5138_ArgIn5157_ArgIn5179_ArgIn5198_ArgIn5220_ArgIn5239_ArgIn5261 *315 /1] [DramAddress1701 *315 /1]  => [StreamOut1693] [StreamOut1692] 
  143: ContextEnable15005
    [ArgIn9381_ArgIn4624_ArgIn4646_ArgIn4665_ArgIn4687_ArgIn4706_ArgIn4728_ArgIn4747_ArgIn4769_ArgIn4788_ArgIn4810_ArgIn4829_ArgIn4851_ArgIn4870_ArgIn4892_ArgIn4911_ArgIn4933_ArgIn4952_ArgIn4974_ArgIn4993_ArgIn5015_ArgIn5034_ArgIn5056_ArgIn5075_ArgIn5097_ArgIn5116_ArgIn5138_ArgIn5157_ArgIn5179_ArgIn5198_ArgIn5220_ArgIn5239_ArgIn5261 *315 /1] [DramAddress1763 *315 /1]  => [StreamOut1755] [StreamOut1754] 
  144: ContextEnable15023
    [ArgIn9381_ArgIn4624_ArgIn4646_ArgIn4665_ArgIn4687_ArgIn4706_ArgIn4728_ArgIn4747_ArgIn4769_ArgIn4788_ArgIn4810_ArgIn4829_ArgIn4851_ArgIn4870_ArgIn4892_ArgIn4911_ArgIn4933_ArgIn4952_ArgIn4974_ArgIn4993_ArgIn5015_ArgIn5034_ArgIn5056_ArgIn5075_ArgIn5097_ArgIn5116_ArgIn5138_ArgIn5157_ArgIn5179_ArgIn5198_ArgIn5220_ArgIn5239_ArgIn5261 *315 /1] [DramAddress1832 *315 /1]  => [StreamOut1824] [StreamOut1823] 
  145: ContextEnable15041
    [ArgIn9381_ArgIn4624_ArgIn4646_ArgIn4665_ArgIn4687_ArgIn4706_ArgIn4728_ArgIn4747_ArgIn4769_ArgIn4788_ArgIn4810_ArgIn4829_ArgIn4851_ArgIn4870_ArgIn4892_ArgIn4911_ArgIn4933_ArgIn4952_ArgIn4974_ArgIn4993_ArgIn5015_ArgIn5034_ArgIn5056_ArgIn5075_ArgIn5097_ArgIn5116_ArgIn5138_ArgIn5157_ArgIn5179_ArgIn5198_ArgIn5220_ArgIn5239_ArgIn5261 *315 /1] [DramAddress1894 *315 /1]  => [StreamOut1886] [StreamOut1885] 
  146: ContextEnable15059
    [ArgIn9381_ArgIn4624_ArgIn4646_ArgIn4665_ArgIn4687_ArgIn4706_ArgIn4728_ArgIn4747_ArgIn4769_ArgIn4788_ArgIn4810_ArgIn4829_ArgIn4851_ArgIn4870_ArgIn4892_ArgIn4911_ArgIn4933_ArgIn4952_ArgIn4974_ArgIn4993_ArgIn5015_ArgIn5034_ArgIn5056_ArgIn5075_ArgIn5097_ArgIn5116_ArgIn5138_ArgIn5157_ArgIn5179_ArgIn5198_ArgIn5220_ArgIn5239_ArgIn5261 *315 /1] [DramAddress1963 *315 /1]  => [StreamOut1955] [StreamOut1954] 
  147: ContextEnable15077
    [ArgIn9381_ArgIn4624_ArgIn4646_ArgIn4665_ArgIn4687_ArgIn4706_ArgIn4728_ArgIn4747_ArgIn4769_ArgIn4788_ArgIn4810_ArgIn4829_ArgIn4851_ArgIn4870_ArgIn4892_ArgIn4911_ArgIn4933_ArgIn4952_ArgIn4974_ArgIn4993_ArgIn5015_ArgIn5034_ArgIn5056_ArgIn5075_ArgIn5097_ArgIn5116_ArgIn5138_ArgIn5157_ArgIn5179_ArgIn5198_ArgIn5220_ArgIn5239_ArgIn5261 *315 /1] [DramAddress2025 *315 /1]  => [StreamOut2017] [StreamOut2016] 
  148: ContextEnable15095
    [ArgIn9381_ArgIn4624_ArgIn4646_ArgIn4665_ArgIn4687_ArgIn4706_ArgIn4728_ArgIn4747_ArgIn4769_ArgIn4788_ArgIn4810_ArgIn4829_ArgIn4851_ArgIn4870_ArgIn4892_ArgIn4911_ArgIn4933_ArgIn4952_ArgIn4974_ArgIn4993_ArgIn5015_ArgIn5034_ArgIn5056_ArgIn5075_ArgIn5097_ArgIn5116_ArgIn5138_ArgIn5157_ArgIn5179_ArgIn5198_ArgIn5220_ArgIn5239_ArgIn5261 *315 /1] [DramAddress2094 *315 /1]  => [StreamOut2086] [StreamOut2085] 
  149: ContextEnable15113
    [ArgIn9381_ArgIn4624_ArgIn4646_ArgIn4665_ArgIn4687_ArgIn4706_ArgIn4728_ArgIn4747_ArgIn4769_ArgIn4788_ArgIn4810_ArgIn4829_ArgIn4851_ArgIn4870_ArgIn4892_ArgIn4911_ArgIn4933_ArgIn4952_ArgIn4974_ArgIn4993_ArgIn5015_ArgIn5034_ArgIn5056_ArgIn5075_ArgIn5097_ArgIn5116_ArgIn5138_ArgIn5157_ArgInvc0
214	9070: E, vc0
	9090: E, vc1
	11980: W, vc0
215	9070: E, vc0
	9090: E, vc1
	11980: W, vc0
216	9070: E, vc0
	9090: E, vc1
	11980: W, vc0
	12332: N, vc0
217	9070: E, vc0
	9090: E, vc1
	11980: W, vc0
218	9070: E, vc0
	9090: E, vc1
	11980: W, vc0
219	9070: E, vc0
	9090: E, vc1
	11980: W, vc0
220	9070: E, vc0
	9090: E, vc1
	11980: W, vc0
221	9070: E, vc0
	9090: E, vc1
	11980: W, vc0
	12948: N, vc0
222	8116: E, vc0
	8136: E, vc1
	9070: E, vc0
	9090: E, vc1
	9400: SX, vc5
	10411: S, vc0
	10687: X, vc0
	10917: S, vc0
	11980: W, vc0
223	7798: N, vc1
	7818: N, vc0
	8116: X, vc0
	8136: X, vc1
	8381: N, vc1
	8401: N, vc0
	8805: S, vc1
	8825: S, vc0
	9070: S, vc0
	9090: S, vc1
	11980: W, vc0
224	7692: N, vc0
	7712: N, vc1
	8540: N, vc0
	8560: N, vc1
	8964: S, vc1
	8984: S, vc0
	9229: X, vc2
	9249: X, vc0
	13124: E, vc0
225	7692: W, vc0
	7712: W, vc1
	9400: SX, vc5
	10319: X, vc0
	11055: S, vc0
	13124: E, vc0
226	13124: N, vc0
227	12376: N, vc0
232	12332: N, vc0
237	12948: N, vc0
238	8381: E, vc1
	8401: E, vc0
	9400: SX, vc5
	10411: S, vc0
	10917: X, vc0
	12948: W, vc0
239	7798: N, vc1
	7818: N, vc0
	8381: N, vc1
	8401: N, vc0
	8805: X, vc1
	8825: X, vc0
	9070: S, vc0
	9090: S, vc1
	12948: W, vc0
240	8540: N, vc0
	8560: N, vc1
	8964: X, vc1
	8984: X, vc0
	12332: E, vc0
241	8540: W, vc0
	8560: W, vc1
	9400: X, vc5
	11055: X, vc0
	12332: E, vc0
242	12332: E, vc0
243	12332: E, vc0
	12376: N, vc0
244	12332: E, vc0
	12376: W, vc0
245	12332: E, vc0
	12376: W, vc0
246	12332: E, vc0
	12376: W, vc0
247	12332: E, vc0
	12376: W, vc0
248	12332: N, vc0
	12376: W, vc0
249	12376: W, vc0
250	12376: W, vc0
251	12376: W, vc0
252	12376: W, vc0
253	12376: W, vc0
254	7798: E, vc1
	7818: E, vc0
	9400: X, vc5
	10411: X, vc0
	12376: W, vc0
255	7798: N, vc1
	7818: N, vc0
	9070: X, vc0
	9090: X, vc1
	12376: W, vc0
Parsed placement file.
Set lat 1 from 0 to 0
Set lat 1 from 0 to 0
Set lat 1 from 0 to 0
Set lat 1 from 0 to 0
Set lat 1 from 0 to 0
Set lat 1 from 0 to 0
Set lat 1 from 0 to 0
Set lat 1 from 0 to 0
Set lat 1 from 0 to 0
Set lat 1 from 0 to 0
Set lat 1 from 0 to 0
Set lat 1 from 0 to 0
Set lat 1 from 0 to 0
Set lat 1 from 0 to 0
Set lat 1 from 0 to 0
Set lat 1 from 0 to 0
Set lat 1 from 0 to 0
Set lat 1 from 0 to 0
Set lat 1 from 0 to 0
Set lat 1 from 0 to 0
Set lat 1 from 0 to 0
Set lat 1 from 0 to 0
Set lat 1 from 0 to 0
Set lat 1 from 0 to 0
Set lat 1 from 0 to 0
Set lat 1 from 0 to 0
Set lat 1 from 0 to 0
Set lat 1 from 0 to 0
Set lat 1 from 0 to 0
Set lat 1 from 0 to 0
Set lat 1 from 0 to 0
Set lat 1 from 0 to 0
I'm the child process!
GPGPU-Sim uArch: interconnect node map (shaderID+MemID to icntID)
GPGPU-Sim uArch: Memory nodes ID start from index: 256
GPGPU-Sim uArch:    0   1   2   3   4   5   6   7   8   9  10  11  12  13  14  15
GPGPU-Sim uArch:   16  17  18  19  20  21  22  23  24  25  26  27  28  29  30  31
GPGPU-Sim uArch:   32  33  34  35  36  37  38  39  40  41  42  43  44  45  46  47
GPGPU-Sim uArch:   48  49  50  51  52  53  54  55  56  57  58  59  60  61  62  63
GPGPU-Sim uArch:   64  65  66  67  68  69  70  71  72  73  74  75  76  77  78  79
GPGPU-Sim uArch:   80  81  82  83  84  85  86  87  88  89  90  91  92  93  94  95
GPGPU-Sim uArch:   96  97  98  99 100 101 102 103 104 105 106 107 108 109 110 111
GPGPU-Sim uArch:  112 113 114 115 116 117 118 119 120 121 122 123 124 125 126 127
GPGPU-Sim uArch:  128 129 130 131 132 133 134 135 136 137 138 139 140 141 142 143
GPGPU-Sim uArch:  144 145 146 147 148 149 150 151 152 153 154 155 156 157 158 159
GPGPU-Sim uArch:  160 161 162 163 164 165 166 167 168 169 170 171 172 173 174 175
GPGPU-Sim uArch:  176 177 178 179 180 181 182 183 184 185 186 187 188 189 190 191
GPGPU-Sim uArch:  192 193 194 195 196 197 198 199 200 201 202 203 204 205 206 207
GPGPU-Sim uArch:  208 209 210 211 212 213 214 215 216 217 218 219 220 221 222 223
GPGPU-Sim uArch:  224 225 226 227 228 229 230 231 232 233 234 235 236 237 238 239
GPGPU-Sim uArch:  240 241 242 243 244 245 246 247 248 249 250 251 252 253 254 255
GPGPU-Sim uArch: interconnect node reverse map (icntID to shaderID+MemID)
GPGPU-Sim uArch: Memory nodes start from ID: 256
GPGPU-Sim uArch:    0   1   2   3   4   5   6   7   8   9  10  11  12  13  14  15
GPGPU-Sim uArch:   16  17  18  19  20  21  22  23  24  25  26  27  28  29  30  31
GPGPU-Sim uArch:   32  33  34  35  36  37  38  39  40  41  42  43  44  45  46  47
GPGPU-Sim uArch:   48  49  50  51  52  53  54  55  56  57  58  59  60  61  62  63
GPGPU-Sim uArch:   64  65  66  67  68  69  70  71  72  73  74  75  76  77  78  79
GPGPU-Sim uArch:   80  81  82  83  84  85  86  87  88  89  90  91  92  93  94  95
GPGPU-Sim uArch:   96  97  98  99 100 101 102 103 104 105 106 107 108 109 110 111
GPGPU-Sim uArch:  112 113 114 115 116 117 118 119 120 121 122 123 124 125 126 127
GPGPU-Sim uArch:  128 129 130 131 132 133 134 135 136 137 138 139 140 141 142 143
GPGPU-Sim uArch:  144 145 146 147 148 149 150 151 152 153 154 155 156 157 158 159
GPGPU-Sim uArch:  160 161 162 163 164 165 166 167 168 169 170 171 172 173 174 175
GPGPU-Sim uArch:  176 177 178 179 180 181 182 183 184 185 186 187 188 189 190 191
GPGPU-Sim uArch:  192 193 194 195 196 197 198 199 200 201 202 203 204 205 206 207
GPGPU-Sim uArch:  208 209 210 211 212 213 214 215 216 217 218 219 220 221 222 223
GPGPU-Sim uArch:  224 225 226 227 228 229 230 231 232 233 234 235 236 237 238 239
GPGPU-Sim uArch:  240 241 242 243 244 245 246 247 248 249 250 251 252 253 254 255
vc0
214	9070: E, vc0
	9090: E, vc1
	11980: W, vc0
215	9070: E, vc0
	9090: E, vc1
	11980: W, vc0
216	9070: E, vc0
	9090: E, vc1
	11980: W, vc0
	12332: N, vc0
217	9070: E, vc0
	9090: E, vc1
	11980: W, vc0
218	9070: E, vc0
	9090: E, vc1
	11980: W, vc0
219	9070: E, vc0
	9090: E, vc1
	11980: W, vc0
220	9070: E, vc0
	9090: E, vc1
	11980: W, vc0
221	9070: E, vc0
	9090: E, vc1
	11980: W, vc0
	12948: N, vc0
222	8116: E, vc0
	8136: E, vc1
	9070: E, vc0
	9090: E, vc1
	9400: SX, vc5
	10411: S, vc0
	10687: X, vc0
	10917: S, vc0
	11980: W, vc0
223	7798: N, vc1
	7818: N, vc0
	8116: X, vc0
	8136: X, vc1
	8381: N, vc1
	8401: N, vc0
	8805: S, vc1
	8825: S, vc0
	9070: S, vc0
	9090: S, vc1
	11980: W, vc0
224	7692: N, vc0
	7712: N, vc1
	8540: N, vc0
	8560: N, vc1
	8964: S, vc1
	8984: S, vc0
	9229: X, vc2
	9249: X, vc0
	13124: E, vc0
225	7692: W, vc0
	7712: W, vc1
	9400: SX, vc5
	10319: X, vc0
	11055: S, vc0
	13124: E, vc0
226	13124: N, vc0
227	12376: N, vc0
232	12332: N, vc0
237	12948: N, vc0
238	8381: E, vc1
	8401: E, vc0
	9400: SX, vc5
	10411: S, vc0
	10917: X, vc0
	12948: W, vc0
239	7798: N, vc1
	7818: N, vc0
	8381: N, vc1
	8401: N, vc0
	8805: X, vc1
	8825: X, vc0
	9070: S, vc0
	9090: S, vc1
	12948: W, vc0
240	8540: N, vc0
	8560: N, vc1
	8964: X, vc1
	8984: X, vc0
	12332: E, vc0
241	8540: W, vc0
	8560: W, vc1
	9400: X, vc5
	11055: X, vc0
	12332: E, vc0
242	12332: E, vc0
243	12332: E, vc0
	12376: N, vc0
244	12332: E, vc0
	12376: W, vc0
245	12332: E, vc0
	12376: W, vc0
246	12332: E, vc0
	12376: W, vc0
247	12332: E, vc0
	12376: W, vc0
248	12332: N, vc0
	12376: W, vc0
249	12376: W, vc0
250	12376: W, vc0
251	12376: W, vc0
252	12376: W, vc0
253	12376: W, vc0
254	7798: E, vc1
	7818: E, vc0
	9400: X, vc5
	10411: X, vc0
	12376: W, vc0
255	7798: N, vc1
	7818: N, vc0
	9070: X, vc0
	9090: X, vc1
	12376: W, vc0
Parsed placement file.
Set lat 1 from 0 to 0
Set lat 1 from 0 to 0
Set lat 1 from 0 to 0
Set lat 1 from 0 to 0
Set lat 1 from 0 to 0
Set lat 1 from 0 to 0
Set lat 1 from 0 to 0
Set lat 1 from 0 to 0
Set lat 1 from 0 to 0
Set lat 1 from 0 to 0
Set lat 1 from 0 to 0
Set lat 1 from 0 to 0
Set lat 1 from 0 to 0
Set lat 1 from 0 to 0
Set lat 1 from 0 to 0
Set lat 1 from 0 to 0
Set lat 1 from 0 to 0
Set lat 1 from 0 to 0
Set lat 1 from 0 to 0
Set lat 1 from 0 to 0
Set lat 1 from 0 to 0
Set lat 1 from 0 to 0
Set lat 1 from 0 to 0
Set lat 1 from 0 to 0
Set lat 1 from 0 to 0
Set lat 1 from 0 to 0
Set lat 1 from 0 to 0
Set lat 1 from 0 to 0
Set lat 1 from 0 to 0
Set lat 1 from 0 to 0
Set lat 1 from 0 to 0
Set lat 1 from 0 to 0
Child process has pid -28689
I'm the child process!
GPGPU-Sim uArch: interconnect node map (shaderID+MemID to icntID)
GPGPU-Sim uArch: Memory nodes ID start from index: 256
GPGPU-Sim uArch:    0   1   2   3   4   5   6   7   8   9  10  11  12  13  14  15
GPGPU-Sim uArch:   16  17  18  19  20  21  22  23  24  25  26  27  28  29  30  31
GPGPU-Sim uArch:   32  33  34  35  36  37  38  39  40  41  42  43  44  45  46  47
GPGPU-Sim uArch:   48  49  50  51  52  53  54  55  56  57  58  59  60  61  62  63
GPGPU-Sim uArch:   64  65  66  67  68  69  70  71  72  73  74  75  76  77  78  79
GPGPU-Sim uArch:   80  81  82  83  84  85  86  87  88  89  90  91  92  93  94  95
GPGPU-Sim uArch:   96  97  98  99 100 101 102 103 104 105 106 107 108 109 110 111
GPGPU-Sim uArch:  112 113 114 115 116 117 118 119 120 121 122 123 124 125 126 127
GPGPU-Sim uArch:  128 129 130 131 132 133 134 135 136 137 138 139 140 141 142 143
GPGPU-Sim uArch:  144 145 146 147 148 149 150 151 152 153 154 155 156 157 158 159
GPGPU-Sim uArch:  160 161 162 163 164 165 166 167 168 169 170 171 172 173 174 175
GPGPU-Sim uArch:  176 177 178 179 180 181 182 183 184 185 186 187 188 189 190 191
GPGPU-Sim uArch:  192 193 194 195 196 197 198 199 200 201 202 203 204 205 206 207
GPGPU-Sim uArch:  208 209 210 211 212 213 214 215 216 217 218 219 220 221 222 223
GPGPU-Sim uArch:  224 225 226 227 228 229 230 231 232 233 234 235 236 237 238 239
GPGPU-Sim uArch:  240 241 242 243 244 245 246 247 248 249 250 251 252 253 254 255
GPGPU-Sim uArch: interconnect node reverse map (icntID to shaderID+MemID)
GPGPU-Sim uArch: Memory nodes start from ID: 256
GPGPU-Sim uArch:    0   1   2   3   4   5   6   7   8   9  10  11  12  13  14  15
GPGPU-Sim uArch:   16  17  18  19  20  21  22  23  24  25  26  27  28  29  30  31
GPGPU-Sim uArch:   32  33  34  35  36  37  38  39  40  41  42  43  44  45  46  47
GPGPU-Sim uArch:   48  49  50  51  52  53  54  55  56  57  58  59  60  61  62  63
GPGPU-Sim uArch:   64  65  66  67  68  69  70  71  72  73  74  75  76  77  78  79
GPGPU-Sim uArch:   80  81  82  83  84  85  86  87  88  89  90  91  92  93  94  95
GPGPU-Sim uArch:   96  97  98  99 100 101 102 103 104 105 106 107 108 109 110 111
GPGPU-Sim uArch:  112 113 114 115 116 117 118 119 120 121 122 123 124 125 126 127
GPGPU-Sim uArch:  128 129 130 131 132 133 134 135 136 137 138 139 140 141 142 143
GPGPU-Sim uArch:  144 145 146 147 148 149 150 151 152 153 154 155 156 157 158 159
GPGPU-Sim uArch:  160 161 162 163 164 165 166 167 168 169 170 171 172 173 174 175
GPGPU-Sim uArch:  176 177 178 179 180 181 182 183 184 185 186 187 188 189 190 191
GPGPU-Sim uArch:  192 193 194 195 196 197 198 199 200 201 202 203 204 205 206 207
GPGPU-Sim uArch:  208 209 210 211 212 213 214 215 216 217 218 219 220 221 222 223
GPGPU-Sim uArch:  224 225 226 227 228 229 230 231 232 233 234 235 236 237 238 239
GPGPU-Sim uArch:  240 241 242 243 244 245 246 247 248 249 250 251 252 253 254 255
vc0
214	9070: E, vc0
	9090: E, vc1
	11980: W, vc0
215	9070: E, vc0
	9090: E, vc1
	11980: W, vc0
216	9070: E, vc0
	9090: E, vc1
	11980: W, vc0
	12332: N, vc0
217	9070: E, vc0
	9090: E, vc1
	11980: W, vc0
218	9070: E, vc0
	9090: E, vc1
	11980: W, vc0
219	9070: E, vc0
	9090: E, vc1
	11980: W, vc0
220	9070: E, vc0
	9090: E, vc1
	11980: W, vc0
221	9070: E, vc0
	9090: E, vc1
	11980: W, vc0
	12948: N, vc0
222	8116: E, vc0
	8136: E, vc1
	9070: E, vc0
	9090: E, vc1
	9400: SX, vc5
	10411: S, vc0
	10687: X, vc0
	10917: S, vc0
	11980: W, vc0
223	7798: N, vc1
	7818: N, vc0
	8116: X, vc0
	8136: X, vc1
	8381: N, vc1
	8401: N, vc0
	8805: S, vc1
	8825: S, vc0
	9070: S, vc0
	9090: S, vc1
	11980: W, vc0
224	7692: N, vc0
	7712: N, vc1
	8540: N, vc0
	8560: N, vc1
	8964: S, vc1
	8984: S, vc0
	9229: X, vc2
	9249: X, vc0
	13124: E, vc0
225	7692: W, vc0
	7712: W, vc1
	9400: SX, vc5
	10319: X, vc0
	11055: S, vc0
	13124: E, vc0
226	13124: N, vc0
227	12376: N, vc0
232	12332: N, vc0
237	12948: N, vc0
238	8381: E, vc1
	8401: E, vc0
	9400: SX, vc5
	10411: S, vc0
	10917: X, vc0
	12948: W, vc0
239	7798: N, vc1
	7818: N, vc0
	8381: N, vc1
	8401: N, vc0
	8805: X, vc1
	8825: X, vc0
	9070: S, vc0
	9090: S, vc1
	12948: W, vc0
240	8540: N, vc0
	8560: N, vc1
	8964: X, vc1
	8984: X, vc0
	12332: E, vc0
241	8540: W, vc0
	8560: W, vc1
	9400: X, vc5
	11055: X, vc0
	12332: E, vc0
242	12332: E, vc0
243	12332: E, vc0
	12376: N, vc0
244	12332: E, vc0
	12376: W, vc0
245	12332: E, vc0
	12376: W, vc0
246	12332: E, vc0
	12376: W, vc0
247	12332: E, vc0
	12376: W, vc0
248	12332: N, vc0
	12376: W, vc0
249	12376: W, vc0
250	12376: W, vc0
251	12376: W, vc0
252	12376: W, vc0
253	12376: W, vc0
254	7798: E, vc1
	7818: E, vc0
	9400: X, vc5
	10411: X, vc0
	12376: W, vc0
255	7798: N, vc1
	7818: N, vc0
	9070: X, vc0
	9090: X, vc1
	12376: W, vc0
Parsed placement file.
Set lat 1 from 0 to 0
Set lat 1 from 0 to 0
Set lat 1 from 0 to 0
Set lat 1 from 0 to 0
Set lat 1 from 0 to 0
Set lat 1 from 0 to 0
Set lat 1 from 0 to 0
Set lat 1 from 0 to 0
Set lat 1 from 0 to 0
Set lat 1 from 0 to 0
Set lat 1 from 0 to 0
Set lat 1 from 0 to 0
Set lat 1 from 0 to 0
Set lat 1 from 0 to 0
Set lat 1 from 0 to 0
Set lat 1 from 0 to 0
Set lat 1 from 0 to 0
Set lat 1 from 0 to 0
Set lat 1 from 0 to 0
Set lat 1 from 0 to 0
Set lat 1 from 0 to 0
Set lat 1 from 0 to 0
Set lat 1 from 0 to 0
Set lat 1 from 0 to 0
Set lat 1 from 0 to 0
Set lat 1 from 0 to 0
Set lat 1 from 0 to 0
Set lat 1 from 0 to 0
Set lat 1 from 0 to 0
Set lat 1 from 0 to 0
Set lat 1 from 0 to 0
Set lat 1 from 0 to 0
Child process has pid -28689
Child process has pid -28688
I'm the child process!
GPGPU-Sim uArch: interconnect node map (shaderID+MemID to icntID)
GPGPU-Sim uArch: Memory nodes ID start from index: 256
GPGPU-Sim uArch:    0   1   2   3   4   5   6   7   8   9  10  11  12  13  14  15
GPGPU-Sim uArch:   16  17  18  19  20  21  22  23  24  25  26  27  28  29  30  31
GPGPU-Sim uArch:   32  33  34  35  36  37  38  39  40  41  42  43  44  45  46  47
GPGPU-Sim uArch:   48  49  50  51  52  53  54  55  56  57  58  59  60  61  62  63
GPGPU-Sim uArch:   64  65  66  67  68  69  70  71  72  73  74  75  76  77  78  79
GPGPU-Sim uArch:   80  81  82  83  84  85  86  87  88  89  90  91  92  93  94  95
GPGPU-Sim uArch:   96  97  98  99 100 101 102 103 104 105 106 107 108 109 110 111
GPGPU-Sim uArch:  112 113 114 115 116 117 118 119 120 121 122 123 124 125 126 127
GPGPU-Sim uArch:  128 129 130 131 132 133 134 135 136 137 138 139 140 141 142 143
GPGPU-Sim uArch:  144 145 146 147 148 149 150 151 152 153 154 155 156 157 158 159
GPGPU-Sim uArch:  160 161 162 163 164 165 166 167 168 169 170 171 172 173 174 175
GPGPU-Sim uArch:  176 177 178 179 180 181 182 183 184 185 186 187 188 189 190 191
GPGPU-Sim uArch:  192 193 194 195 196 197 198 199 200 201 202 203 204 205 206 207
GPGPU-Sim uArch:  208 209 210 211 212 213 214 215 216 217 218 219 220 221 222 223
GPGPU-Sim uArch:  224 225 226 227 228 229 230 231 232 233 234 235 236 237 238 239
GPGPU-Sim uArch:  240 241 242 243 244 245 246 247 248 249 250 251 252 253 254 255
GPGPU-Sim uArch: interconnect node reverse map (icntID to shaderID+MemID)
GPGPU-Sim uArch: Memory nodes start from ID: 256
GPGPU-Sim uArch:    0   1   2   3   4   5   6   7   8   9  10  11  12  13  14  15
GPGPU-Sim uArch:   16  17  18  19  20  21  22  23  24  25  26  27  28  29  30  31
GPGPU-Sim uArch:   32  33  34  35  36  37  38  39  40  41  42  43  44  45  46  47
GPGPU-Sim uArch:   48  49  50  51  52  53  54  55  56  57  58  59  60  61  62  63
GPGPU-Sim uArch:   64  65  66  67  68  69  70  71  72  73  74  75  76  77  78  79
GPGPU-Sim uArch:   80  81  82  83  84  85  86  87  88  89  90  91  92  93  94  95
GPGPU-Sim uArch:   96  97  98  99 100 101 102 103 104 105 106 107 108 109 110 111
GPGPU-Sim uArch:  112 113 114 115 116 117 118 119 120 121 122 123 124 125 126 127
GPGPU-Sim uArch:  128 129 130 131 132 133 134 135 136 137 138 139 140 141 142 143
GPGPU-Sim uArch:  144 145 146 147 148 149 150 151 152 153 154 155 156 157 158 159
GPGPU-Sim uArch:  160 161 162 163 164 165 166 167 168 169 170 171 172 173 174 175
GPGPU-Sim uArch:  176 177 178 179 180 181 182 183 184 185 186 187 188 189 190 191
GPGPU-Sim uArch:  192 193 194 195 196 197 198 199 200 201 202 203 204 205 206 207
GPGPU-Sim uArch:  208 209 210 211 212 213 214 215 216 217 218 219 220 221 222 223
GPGPU-Sim uArch:  224 225 226 227 228 229 230 231 232 233 234 235 236 237 238 239
GPGPU-Sim uArch:  240 241 242 243 244 245 246 247 248 249 250 251 252 253 254 255
5179_ArgIn5198_ArgIn5220_ArgIn5239_ArgIn5261 *315 /1] [DramAddress2156 *315 /1]  => [StreamOut2148] [StreamOut2147] 
  150: ContextEnable15861
    [RetimingFIFO7129 *1 /1] [RetimingFIFO7120 *1 /1] [RetimingFIFO7138 *1 /1] [ArgIn9381_ArgIn4624_ArgIn4646_ArgIn4665_ArgIn4687_ArgIn4706_ArgIn4728_ArgIn4747_ArgIn4769_ArgIn4788_ArgIn4810_ArgIn4829_ArgIn4851_ArgIn4870_ArgIn4892_ArgIn4911_ArgIn4933_ArgIn4952_ArgIn4974_ArgIn4993_ArgIn5015_ArgIn5034_ArgIn5056_ArgIn5075_ArgIn5097_ArgIn5116_ArgIn5138_ArgIn5157_ArgIn5179_ArgIn5198_ArgIn5220_ArgIn5239_ArgIn5261 *315 /1] [Reg2213 *1 /1] [Reg2211 *1 /1]  => [ArgOut11] 

10000...
20000...
30000...
40000...
50000...
60000...
70000...
80000...
90000...
100000...
110000...
120000...
130000...
140000...
150000...
160000...
170000...
180000...
190000...
200000...
210000...
220000...
230000...
240000...
250000...
260000...
270000...
280000...
290000...
300000...
310000...
320000...
330000...
340000...
350000...
360000...
370000...
380000...
390000...
400000...
410000...
420000...
430000...
440000...
450000...
460000...
470000...
480000...
490000...
500000...
510000...
520000...
530000...
540000...
550000...
560000...
570000...
580000...
590000...
600000...
610000...
620000...
630000...
640000...
650000...
660000...
670000...
680000...
690000...
700000...
710000...
720000...
730000...
740000...
750000...
760000...
770000...
780000...
790000...
800000...
810000...
820000...
830000...
840000...
850000...
860000...
870000...
880000...
890000...
900000...
910000...
920000...
930000...
940000...
950000...
960000...
970000...
980000...
990000...
1000000...
1010000...
1020000...
1030000...
1040000...
1050000...
1060000...
1070000...
1080000...
1090000...
1100000...
1110000...
1120000...
1130000...
1140000...
1150000...
1160000...
1170000...
1180000...
1190000...
1200000...
1210000...
1220000...
1230000...
1240000...
1250000...
1260000...
1270000...
1280000...
1290000...
1300000...
1310000...
1320000...
1330000...
1340000...
1350000...
1360000...
1370000...
1380000...
1390000...
1400000...
1410000...
1420000...
1430000...
1440000...
1450000...
1460000...
1470000...
1480000...
1490000...
1500000...
1510000...
1520000...
1530000...
1540000...
1550000...
1560000...
1570000...
1580000...
1590000...
1600000...
1610000...
1620000...
1630000...
1640000...
1650000...
1660000...
1670000...
1680000...
1690000...
1700000...
1710000...
1720000...
1730000...
1740000...
1750000...
1760000...
1770000...
1780000...
1790000...
1800000...
1810000...
1820000...
1830000...
1840000...
1850000...
1860000...
1870000...
1880000...
1890000...
1900000...
1910000...
1920000...
1930000...
1940000...
1950000...
1960000...
1970000...
1980000...
1990000...
2000000...
2010000...
2020000...
2030000...
2040000...
2050000...
2060000...
2070000...
2080000...
2090000...
2100000...
2110000...
2120000...
2130000...
2140000...
2150000...
2160000...
2170000...
2180000...
2190000...
2200000...
2210000...
2220000...
2230000...
2240000...
2250000...
2260000...
2270000...
2280000...
2290000...
2300000...
2310000...
2320000...
2330000...
2340000...
2350000...
2360000...
2370000...
2380000...
2390000...
2400000...
2410000...
2420000...
2430000...
2440000...
2450000...
2460000...
2470000...
2480000...
2490000...
2500000...
2510000...
2520000...
2530000...
2540000...
2550000...
2560000...
2570000...
2580000...
2590000...
2600000...
2610000...
2620000...
2630000...
2640000...
2650000...
2660000...
2670000...
2680000...
2690000...
2700000...
2710000...
2720000...
2730000...
2740000...
2750000...
2760000...
2770000...
2780000...
2790000...
2800000...
2810000...
2820000...
2830000...
2840000...
2850000...
2860000...
2870000...
2880000...
2890000...
2900000...
2910000...
2920000...
2930000...
2940000...
2950000...
2960000...
2970000...
2980000...
2990000...
3000000...
3010000...
3020000...
3030000...
3040000...
3050000...
3060000...
3070000...
3080000...
3090000...
3100000...
3110000...
3120000...
3130000...
3140000...
3150000...
3160000...
3170000...
3180000...
3190000...
3200000...
3210000...
3220000...
3230000...
3240000...
3250000...
3260000...
3270000...
3280000...
3290000...
3300000...
3310000...
3320000...
3330000...
3340000...
3350000...
3360000...
3370000...
3380000...
3390000...
3400000...
3410000...
3420000...
3430000...
3440000...
3450000...
3460000...
3470000...
3480000...
3490000...
3500000...
3510000...
3520000...
3530000...
3540000...
3550000...
3560000...
3570000...
3580000...
3590000...
3600000...
3610000...
3620000...
3630000...
3640000...
3650000...
3660000...
3670000...
3680000...
3690000...
3700000...
3710000...
3720000...
3730000...
3740000...
3750000...
3760000...
3770000...
3780000...
3790000...
3800000...
3810000...
3820000...
3830000...
3840000...
3850000...
3860000...
3870000...
3880000...
3890000...
3900000...
3910000...
3920000...
3930000...
3940000...
3950000...
3960000...
3970000...
3980000...
3990000...
4000000...
4010000...
4020000...
4030000...
4040000...
POSSIBLE DEADLOCK
Simulation complete at cycle: 4047050
CE13741: Active:   0.0 Stalled: 100.0 Starved:   0.0
CE15137: Active:   0.0 Stalled:   0.0 Starved: 100.0
CE15127: Active:   0.0 Stalled:   0.0 Starved: 100.0
CE13755: Active:   0.7 Stalled:  99.3 Starved:   0.0
CE15457: Active:   0.7 Stalled:  98.6 Starved:   0.7
CE15447: Active:   0.0 Stalled:  99.8 Starved:   0.2
CE14329: Active:   0.0 Stalled:   0.0 Starved: 100.0
CE13769: Active:   0.7 Stalled:  99.3 Starved:   0.0
CE15157: Active:   0.7 Stalled:  98.6 Starved:   0.7
CE15147: Active:   0.0 Stalled:  99.8 Starved:   0.2
CE13783: Active:   0.0 Stalled: 100.0 Starved:   0.0
CE15477: Active:   0.0 Stalled:   0.0 Starved: 100.0
CE15467: Active:   0.0 Stalled:   0.0 Starved: 100.0
CE14343: Active:   0.0 Stalled:   0.0 Starved: 100.0
CE15839: Active:   0.0 Stalled:   0.0 Starved: 100.0
CE13797: Active:  11.3 Stalled:  88.7 Starved:   0.0
CE15177: Active:  11.3 Stalled:  77.0 Starved:  11.7
CE15167: Active:  10.6 Stalled:  89.1 Starved:   0.3
CE13811: Active:  11.3 Stalled:  88.7 Starved:   0.0
CE15497: Active:  11.3 Stalled:  77.3 Starved:  11.3
CE15487: Active:  10.6 Stalled:  89.1 Starved:   0.2
CE14357: Active:  10.6 Stalled:  78.2 Starved:  11.2
CE13825: Active:   7.1 Stalled:  92.9 Starved:   0.0
CE15197: Active:   7.1 Stalled:  85.8 Starved:   7.1
CE15187: Active:   6.5 Stalled:  93.3 Starved:   0.2
CE13839: Active:   7.1 Stalled:  92.9 Starved:   0.0
CE15517: Active:   7.1 Stalled:  85.8 Starved:   7.1
CE15507: Active:   6.5 Stalled:  93.3 Starved:   0.2
CE14371: Active:   6.5 Stalled:   0.0 Starved:  93.5
CE13853: Active:   8.3 Stalled:  91.7 Starved:   0.0
CE15217: Active:   8.3 Stalled:  83.4 Starved:   8.3
CE15207: Active:   7.6 Stalled:  92.2 Starved:   0.2
CE13867: Active:   7.6 Stalled:   7.9 Starved:  84.5
CE15537: Active:   7.6 Stalled:   0.3 Starved:  92.1
CE15527: Active:   7.6 Stalled:   9.1 Starved:  83.3
CE14385: Active:   7.6 Stalled:   0.0 Starved:  92.4
CE13881: Active:  23.0 Stalled:  77.0 Starved:   0.0
CE15237: Active:  23.0 Stalled:  54.6 Starved:  22.5
CE15227: Active:  22.3 Stalled:  77.5 Starved:   0.2
CE13895: Active:  22.3 Stalled:  77.7 Starved:   0.0
CE15557: Active:  22.3 Stalled:   0.0 Starved:  77.7
CE15547: Active:  22.3 Stalled:  26.4 Starved:  51.4
CE14399: Active:  22.3 Stalled:   0.0 Starved:  77.7
CE13909: Active:   5.2 Stalled:   5.2 Starved:  89.7
CE15257: Active:   5.2 Stalled:  89.7 Starved:  94.8
CE15247: Active:   4.5 Stalled:  95.3 Starved:   0.2
CE13923: Active:   4.5 Stalled:   5.3 Starved:  90.2
CE15577: Active:   4.5 Stalled:   0.0 Starved:  95.5
CE15567: Active:   4.5 Stalled:   5.2 Starved:  90.3
CE14413: Active:   4.5 Stalled:   0.0 Starved:  95.5
CE13937: Active:  22.3 Stalled:  77.7 Starved:   0.0
CE15277: Active:  22.3 Stalled:  56.0 Starved:  21.8
CE15267: Active:  21.6 Stalled:  78.2 Starved:   0.2
CE13951: Active:  22.3 Stalled:  77.7 Starved:   0.0
CE15597: Active:  22.3 Stalled:  10.9 Starved:  66.8
CE15587: Active:  21.6 Stalled:  40.1 Starved:  38.4
CE14427: Active:  21.6 Stalled:  13.5 Starved:  65.1
CE15773: Active:   0.0 Stalled:   0.0 Starved: 100.0
CE13965: Active:   3.6 Stalled:   8.4 Starved:  87.9
CE15297: Active:   3.6 Stalled:   5.3 Starved:  91.5
CE15287: Active:   3.6 Stalled:  11.7 Starved:  84.7
CE13979: Active:   4.4 Stalled:  95.6 Starved:   0.0
CE15617: Active:   4.4 Stalled:  81.1 Starved:  14.5
CE15607: Active:   3.6 Stalled:  87.9 Starved:   8.4
CE14441: Active:   3.6 Stalled:   0.0 Starved:  96.4
CE13993: Active:   1.3 Stalled:   1.3 Starved:  97.4
CE15317: Active:   1.3 Stalled:   0.0 Starved:  98.7
CE15307: Active:   1.3 Stalled:   1.6 Starved:  97.1
CE14007: Active:   2.0 Stalled:  98.0 Starved:   0.0
CE15637: Active:   2.0 Stalled:  96.0 Starved:   2.0
CE15627: Active:   1.3 Stalled:  98.5 Starved:   0.2
CE14455: Active:   1.3 Stalled:   0.0 Starved:  98.7
CE14021: Active:  25.6 Stalled:  74.4 Starved:   0.0
CE15337: Active:  25.6 Stalled:  49.4 Starved:  25.0
CE15327: Active:  24.9 Stalled:  74.9 Starved:   0.2
CE14035: Active:  25.0 Stalled:  75.0 Starved:   0.0
CE15657: Active:  25.0 Stalled:   0.0 Starved:  75.0
CE15647: Active:  24.9 Stalled:  72.2 Starved:   3.0
CE14469: Active:  24.9 Stalled:   0.2 Starved:  74.9
CE14049: Active:   7.3 Stalled:   7.3 Starved:  85.4
CE15357: Active:   7.3 Stalled:   0.0 Starved:  92.7
CE15347: Active:   7.3 Stalled:   7.2 Starved:  85.5
CE14063: Active:   8.0 Stalled:  92.0 Starved:   0.0
CE15677: Active:   8.0 Stalled:  84.0 Starved:   8.0
CE15667: Active:   7.3 Stalled:  92.5 Starved:   0.3
CE14483: Active:   7.3 Stalled:   0.0 Starved:  92.7
CE15795: Active:   0.0 Stalled:   0.0 Starved: 100.0
CE14077: Active:   3.8 Stalled:  92.5 Starved:   3.8
CE15377: Active:   3.8 Stalled:   0.0 Starved:  96.2
CE15367: Active:   3.7 Stalled:  13.6 Starved:  82.6
CE14091: Active:   4.5 Stalled:  95.5 Starved:   0.0
CE15697: Active:   4.5 Stalled:  91.2 Starved:   4.4
CE15687: Active:   3.7 Stalled:  96.0 Starved:   0.2
CE14497: Active:   3.7 Stalled:   0.0 Starved:  96.3
CE14105: Active:   7.0 Stalled:  93.0 Starved:   0.0
CE15397: Active:   7.0 Stalled:   0.0 Starved:  93.0
CE15387: Active:   6.9 Stalled:  92.8 Starved:   0.4
CE14119: Active:   7.1 Stalled:  18.8 Starved:  74.1
CE15717: Active:   7.1 Stalled:  12.1 Starved:  81.0
CE15707: Active:   6.9 Stalled:  92.9 Starved:   0.2
CE14511: Active:   6.9 Stalled:   0.0 Starved:  93.1
CE14133: Active:   5.2 Stalled:  94.8 Starved:   0.0
CE15417: Active:   5.2 Stalled:  89.7 Starved:   5.1
CE15407: Active:   4.5 Stalled:  95.3 Starved:   0.2
CE14147: Active:   4.5 Stalled:   4.4 Starved:  91.1
CE15737: Active:   4.5 Stalled:   0.0 Starved:  95.5
CE15727: Active:   4.5 Stalled:   4.8 Starved:  90.8
CE14525: Active:   4.5 Stalled:   0.0 Starved:  95.5
CE14161: Active:   7.6 Stalled:  92.4 Starved:   0.0
CE15437: Active:   7.6 Stalled:  85.0 Starved:   7.4
CE15427: Active:   6.9 Stalled:  92.9 Starved:   0.2
CE14175: Active:   7.6 Stalled:  92.4 Starved:   0.0
CE15757: Active:   7.6 Stalled:  85.0 Starved:   7.4
CE15747: Active:   6.9 Stalled:  92.9 Starved:   0.2
CE14539: Active:   6.9 Stalled:   0.0 Starved:  93.1
CE15819: Active:   0.0 Stalled:   0.0 Starved: 100.0
CE14249: Active:   0.0 Stalled:   0.0 Starved: 100.0
CE14319: Active:   0.0 Stalled:   0.0 Starved: 100.0
CE14555: Active:   0.0 Stalled: 100.0 Starved:   0.0
CE14573: Active:   0.0 Stalled: 100.0 Starved:   0.0
CE14591: Active:   0.0 Stalled: 100.0 Starved:   0.0
CE14609: Active:   0.0 Stalled: 100.0 Starved:   0.0
CE14627: Active:   0.0 Stalled: 100.0 Starved:   0.0
CE14645: Active:   0.0 Stalled: 100.0 Starved:   0.0
CE14663: Active:   0.0 Stalled: 100.0 Starved:   0.0
CE14681: Active:   0.0 Stalled: 100.0 Starved:   0.0
CE14699: Active:   0.0 Stalled: 100.0 Starved:   0.0
CE14717: Active:   0.0 Stalled: 100.0 Starved:   0.0
CE14735: Active:   0.0 Stalled:  39.3 Starved:  64.4
CE14753: Active:   0.0 Stalled:  87.0 Starved:  16.6
CE14771: Active:   0.0 Stalled: 100.0 Starved:   0.0
CE14789: Active:   0.0 Stalled: 100.0 Starved:   0.0
CE14807: Active:   0.0 Stalled: 100.0 Starved:   0.0
CE14825: Active:   0.0 Stalled:  80.5 Starved:  23.1
CE14843: Active:   0.0 Stalled: 100.0 Starved:   0.0
CE14861: Active:   0.0 Stalled: 100.0 Starved:   0.0
CE14879: Active:   0.0 Stalled: 100.0 Starved:   0.0
CE14897: Active:   0.0 Stalled: 100.0 Starved:   0.0
CE14915: Active:   0.0 Stalled:  91.1 Starved:  12.6
CE14933: Active:   0.0 Stalled:  80.3 Starved:  23.3
CE14951: Active:   0.0 Stalled: 100.0 Starved:   0.0
CE14969: Active:   0.0 Stalled: 100.0 Starved:   0.0
CE14987: Active:   0.0 Stalled: 100.0 Starved:   0.0
CE15005: Active:   0.0 Stalled: 100.0 Starved:   0.0
CE15023: Active:   0.0 Stalled: 100.0 Starved:  66.2
CE15041: Active:   0.0 Stalled: 100.0 Starved:   0.0
CE15059: Active:   0.0 Stalled: 100.0 Starved:   0.0
CE15077: Active:   0.0 Stalled: 100.0 Starved:   0.0
CE15095: Active:   0.0 Stalled: 100.0 Starved:   0.0
CE15113: Active:   0.0 Stalled: 100.0 Starved:   0.0
CE15861: Active:   0.0 Stalled:   0.0 Starved: 100.0
-------------PASS (DONE)------------
