Java HotSpot(TM) 64-Bit Server VM warning: ignoring option MaxPermSize=1g; support was removed in 8.0
Picked up _JAVA_OPTIONS: -Xss8192k
[0m[[0minfo[0m] [0mLoading global plugins from /home/yaqiz/.sbt/0.13/plugins[0m
[0m[[0minfo[0m] [0mLoading project definition from /home/yaqiz/pir/project[0m
[0m[[0minfo[0m] [0mSet current project to default-675fdc (in build file:/home/yaqiz/pir/)[0m
[0m[[0minfo[0m] [0mSet current project to apps (in build file:/home/yaqiz/pir/)[0m
[0m[[0minfo[0m] [0mRunning LogReg__D_128_iters_1_N_983040_ts_512_op_6_mp_2 --debug --mapping=true --load-pir=true --save-pir=false --net=static --psim=true --psim_out=/home/yaqiz/plastisim/configs/gen/LogReg__D_128_iters_1_N_983040_ts_512_op_6_mp_2_static/ --run-psim=true --trace=false --ctrl=true --bp=false --stat=false --arch=MyDesign --row=16 --col=8 --argin=64 --tokenout=32[0m
[pir] args=[--load-pir=true, --save-pir=true, --load-spade=false, --save-spade=false, --mapping=true, --splitting=true, --splitting-algo=alias_weighted_igraph, --psim=true, --ctrl=true, --trace=true, --bp=false, --snapint=10, --snapshot=false, --dot=true, --arch=MyDesign, --row=4, --col=4, --net=dynamic, --topo=mesh, --nn=false, --dag=true, --pattern=checkerboard, --argin=20, --argout=4, --tokenout=5, --routing-algo=dor, --routing-cost=H-hop, --debug, --mapping=true, --load-pir=true, --save-pir=false, --net=static, --psim=true, --psim_out=/home/yaqiz/plastisim/configs/gen/LogReg__D_128_iters_1_N_983040_ts_512_op_6_mp_2_static/, --run-psim=true, --trace=false, --ctrl=true, --bp=false, --stat=false, --arch=MyDesign, --row=16, --col=8, --argin=64, --tokenout=32]
[pir] Loading from /home/yaqiz/pir/out/LogReg__D_128_iters_1_N_983040_ts_512_op_6_mp_2/LogReg__D_128_iters_1_N_983040_ts_512_op_6_mp_2.pir[pir] Loading PIRDesign() from /home/yaqiz/pir/out/LogReg__D_128_iters_1_N_983040_ts_512_op_6_mp_2/LogReg__D_128_iters_1_N_983040_ts_512_op_6_mp_2.pir
[pir] Configuring spade MyDesign ...
[pir] Loading from /home/yaqiz/pir/out/LogReg__D_128_iters_1_N_983040_ts_512_op_6_mp_2/LogReg__D_128_iters_1_N_983040_ts_512_op_6_mp_2.sess[pir] Loading prism.Session@d1c2e22 from /home/yaqiz/pir/out/LogReg__D_128_iters_1_N_983040_ts_512_op_6_mp_2/LogReg__D_128_iters_1_N_983040_ts_512_op_6_mp_2.sess
[pir] Running 49-CUStatistics ...[pir] Finished 49-CUStatistics to [36mout/LogReg__D_128_iters_1_N_983040_ts_512_op_6_mp_2/stat.json[0m in 1543.074875ms
[pir] Running 50-PlastisimLinkAnalyzer ...[pir] Finished 50-PlastisimLinkAnalyzer in 62618.841041ms
[pir] Running 51-ControllerDotCodegen ...[pir] Finished 51-ControllerDotCodegen to [36mout/LogReg__D_128_iters_1_N_983040_ts_512_op_6_mp_2/controller.dot[0m in 13612.989412ms
[pir] Running 52-PIRIRDotCodegen ...[pir] Finished 52-PIRIRDotCodegen to [36mout/LogReg__D_128_iters_1_N_983040_ts_512_op_6_mp_2/top.dot[0m in 34746.728782ms
[pir] Running 53-SimpleIRDotCodegen ...[pir] Finished 53-SimpleIRDotCodegen to [36mout/LogReg__D_128_iters_1_N_983040_ts_512_op_6_mp_2/simple.dot[0m in 3168.731548ms
[pir] Running 54-PIRPrinter ...[pir] Finished 54-PIRPrinter to [36mout/LogReg__D_128_iters_1_N_983040_ts_512_op_6_mp_2/IR.txt[0m in 34467.484222ms
[pir] Running 55-PlastisimDotCodegen ...[pir] [33mcreating output directory: [36m/home/yaqiz/plastisim/configs/gen/LogReg__D_128_iters_1_N_983040_ts_512_op_6_mp_2_static/[0m[0m
[pir] Finished 55-PlastisimDotCodegen to [36mout/LogReg__D_128_iters_1_N_983040_ts_512_op_6_mp_2/psim.dot[0m in 36059.600612ms
[pir] Running 56-CUPruning ...[pir] Finished 56-CUPruning in 5165.276884ms
[pir] Running 57-CUPlacer ...-------------PASS (DONE)------------
