Java HotSpot(TM) 64-Bit Server VM warning: ignoring option MaxPermSize=1g; support was removed in 8.0
Picked up _JAVA_OPTIONS: -Xss16M
[0m[[0minfo[0m] [0mLoading global plugins from /home/yaqiz/.sbt/0.13/plugins[0m
[0m[[0minfo[0m] [0mLoading project definition from /home/yaqiz/spatial-lang/project[0m
[0m[[0minfo[0m] [0mSet current project to spatial-lang (in build file:/home/yaqiz/spatial-lang/)[0m
[0m[[33mwarn[0m] [0mThe `-` command is deprecated in favor of `onFailure` and will be removed in 0.14.0[0m
[0m[[0minfo[0m] [0mRunning TPCHQ6__N_330301440_ts_65536_op_2 --dot --cgra+ --pirsrc /home/yaqiz/pir/pir/apps/src/gen[0m
Loaded RoutingLUTs model from file
Loaded FanoutRegisters model from file
Loaded UnavailableALMs model from file
Loaded TileLoadModel model from file
Compiling TPCHQ6__N_330301440_ts_65536_op_2 to /home/yaqiz/spatial-lang/gen/TPCHQ6__N_330301440_ts_65536_op_2
[[33mwarn[0m] Plasticine only support 32 bit wordwidth. FixConvert to LongType. Use single precision instead TPCHQ6__N_330301440_ts_65536_op_2.scala:50:22
[[33mwarn[0m] Plasticine only support 32 bit wordwidth. FixConvert to LongType. Use single precision instead TPCHQ6__N_330301440_ts_65536_op_2.scala:51:22
[[33mwarn[0m] Plasticine only support 32 bit wordwidth. FixConvert to LongType. Use single precision instead TPCHQ6__N_330301440_ts_65536_op_2.scala:52:22
[[33mwarn[0m] Plasticine only support 32 bit wordwidth. FixConvert to LongType. Use single precision instead TPCHQ6__N_330301440_ts_65536_op_2.scala:53:22
[[33mwarn[0m] Plasticine only support 32 bit wordwidth. FixConvert to LongType. Use single precision instead TPCHQ6__N_330301440_ts_65536_op_2.scala:50:22
[[33mwarn[0m] Plasticine only support 32 bit wordwidth. FixConvert to LongType. Use single precision instead TPCHQ6__N_330301440_ts_65536_op_2.scala:51:22
[[33mwarn[0m] Plasticine only support 32 bit wordwidth. FixConvert to LongType. Use single precision instead TPCHQ6__N_330301440_ts_65536_op_2.scala:52:22
[[33mwarn[0m] Plasticine only support 32 bit wordwidth. FixConvert to LongType. Use single precision instead TPCHQ6__N_330301440_ts_65536_op_2.scala:53:22
[[34minfo[0m] mkdir -p /home/yaqiz/pir/pir/apps/src/gen
cp /home/yaqiz/spatial-lang/gen/TPCHQ6__N_330301440_ts_65536_op_2/pir/main.scala /home/yaqiz/pir/pir/apps/src/gen/TPCHQ6__N_330301440_ts_65536_op_2.scala
rm /home/yaqiz/pir/out/TPCHQ6__N_330301440_ts_65536_op_2/TPCHQ6__N_330301440_ts_65536_op_2.pir
[[32mcompleted[0m] Total time: 8.1790 seconds
[0m[[32msuccess[0m] [0mTotal time: 13 s, completed Jul 10, 2018 2:18:35 PM[0m
sbt -batch "apps/run-main TPCHQ6__N_330301440_ts_65536_op_2 --dot --cgra+ --pirsrc /home/yaqiz/pir/pir/apps/src/gen"
-------------PASS (DONE)------------
