Java HotSpot(TM) 64-Bit Server VM warning: ignoring option MaxPermSize=1g; support was removed in 8.0
Picked up _JAVA_OPTIONS: -Xss8192k
[0m[[0minfo[0m] [0mLoading global plugins from /home/yaqiz/.sbt/0.13/plugins[0m
[0m[[0minfo[0m] [0mLoading project definition from /home/yaqiz/pir/project[0m
[0m[[0minfo[0m] [0mSet current project to default-675fdc (in build file:/home/yaqiz/pir/)[0m
[0m[[0minfo[0m] [0mSet current project to apps (in build file:/home/yaqiz/pir/)[0m
[0m[[0minfo[0m] [0mCompiling 2 Scala sources to /home/yaqiz/pir/prism/target/scala-2.12/classes...[0m
[0m[[31merror[0m] [0merror while loading Node, /home/yaqiz/pir/prism/target/scala-2.12/classes/prism/node/Node.class (No such file or directory)[0m
[0m[[31merror[0m] [0m/home/yaqiz/pir/prism/src/traversal/GraphTraversal.scala:121: prism.node.Node does not take type parameters[0m
[0m[[31merror[0m] [0m  override type N <:Node[N][0m
[0m[[31merror[0m] [0m                    ^[0m
[0m[[31merror[0m] [0m/home/yaqiz/pir/prism/src/traversal/GraphTraversal.scala:124: inferred type arguments [TopologicalTraversal.this.N] do not conform to method visitGlobalIn's type parameter bounds [N <: prism.node.Node[N]][0m
[0m[[31merror[0m] [0m  def visitIn(n:N):List[N] = visitGlobalIn(n)[0m
[0m[[31merror[0m] [0m                             ^[0m
[0m[[31merror[0m] [0m/home/yaqiz/pir/prism/src/traversal/GraphTraversal.scala:124: type mismatch;[0m
[0m[[31merror[0m] [0m found   : TopologicalTraversal.this.N[0m
[0m[[31merror[0m] [0m required: N[0m
[0m[[31merror[0m] [0m  def visitIn(n:N):List[N] = visitGlobalIn(n)[0m
[0m[[31merror[0m] [0m                                           ^[0m
[0m[[31merror[0m] [0m/home/yaqiz/pir/prism/src/traversal/GraphTraversal.scala:125: inferred type arguments [TopologicalTraversal.this.N] do not conform to method visitGlobalOut's type parameter bounds [N <: prism.node.Node[N]][0m
[0m[[31merror[0m] [0m  def visitOut(n:N):List[N] = visitGlobalOut(n)[0m
[0m[[31merror[0m] [0m                              ^[0m
[0m[[31merror[0m] [0m/home/yaqiz/pir/prism/src/traversal/GraphTraversal.scala:125: type mismatch;[0m
[0m[[31merror[0m] [0m found   : TopologicalTraversal.this.N[0m
[0m[[31merror[0m] [0m required: N[0m
[0m[[31merror[0m] [0m  def visitOut(n:N):List[N] = visitGlobalOut(n)[0m
[0m[[31merror[0m] [0m                                             ^[0m
[0m[[31merror[0m] [0merror while loading SubGraph, /home/yaqiz/pir/prism/target/scala-2.12/classes/prism/node/SubGraph.class (No such file or directory)[0m
[0m[[31merror[0m] [0m/home/yaqiz/pir/prism/src/traversal/GraphTraversal.scala:167: prism.node.SubGraph does not take type parameters[0m
[0m[[31merror[0m] [0m        case n if depedFunc(n).filterNot{_.isInstanceOf[SubGraph[_]]}.isEmpty => false[0m
[0m[[31merror[0m] [0m                                                        ^[0m
[0m[[31merror[0m] [0m/home/yaqiz/pir/prism/src/traversal/GraphTraversal.scala:203: prism.node.Node does not take type parameters[0m
[0m[[31merror[0m] [0m  override type N <:Node[N][0m
[0m[[31merror[0m] [0m                    ^[0m
[0m[[31merror[0m] [0m/home/yaqiz/pir/prism/src/traversal/GraphTraversal.scala:205: prism.node.SubGraph does not take type parameters[0m
[0m[[31merror[0m] [0m    case n:SubGraph[_] => n.children.asInstanceOf[List[N]][0m
[0m[[31merror[0m] [0m           ^[0m
[0m[[31merror[0m] [0m/home/yaqiz/pir/prism/src/traversal/GraphTraversal.scala:205: value children is not a member of Any[0m
[0m[[31merror[0m] [0m    case n:SubGraph[_] => n.children.asInstanceOf[List[N]][0m
[0m[[31merror[0m] [0m                            ^[0m
[0m[[31merror[0m] [0merror while loading Atom, /home/yaqiz/pir/prism/target/scala-2.12/classes/prism/node/Atom.class (No such file or directory)[0m
[0m[[31merror[0m] [0m/home/yaqiz/pir/prism/src/traversal/GraphTraversal.scala:206: prism.node.Atom does not take type parameters[0m
[0m[[31merror[0m] [0m    case n:Atom[_] => Nil[0m
[0m[[31merror[0m] [0m           ^[0m
[0m[[31merror[0m] [0m/home/yaqiz/pir/prism/src/traversal/GraphTraversal.scala:212: value children is not a member of ChildFirstTraversal.this.N[0m
[0m[[31merror[0m] [0m    assert(!n.children.exists(isVisited), s"children of $n is visited before visit the parent in ChildFirstTraversal. children visited=${n.children.filter(isVisited)}")[0m
[0m[[31merror[0m] [0m              ^[0m
[0m[[31merror[0m] [0m/home/yaqiz/pir/prism/src/traversal/GraphTraversal.scala:212: missing argument list for method isVisited in trait GraphTraversal[0m
[0m[[31merror[0m] [0mUnapplied methods are only converted to functions when a function type is expected.[0m
[0m[[31merror[0m] [0mYou can make this conversion explicit by writing `isVisited _` or `isVisited(_)` instead of `isVisited`.[0m
[0m[[31merror[0m] [0m    assert(!n.children.exists(isVisited), s"children of $n is visited before visit the parent in ChildFirstTraversal. children visited=${n.children.filter(isVisited)}")[0m
[0m[[31merror[0m] [0m                              ^[0m
[0m[[31merror[0m] [0m/home/yaqiz/pir/prism/src/traversal/GraphTraversal.scala:212: value children is not a member of ChildFirstTraversal.this.N[0m
[0m[[31merror[0m] [0m    assert(!n.children.exists(isVisited), s"children of $n is visited before visit the parent in ChildFirstTraversal. children visited=${n.children.filter(isVisited)}")[0m
[0m[[31merror[0m] [0m                                                                                                                                           ^[0m
[0m[[31merror[0m] [0m/home/yaqiz/pir/prism/src/traversal/GraphTraversal.scala:212: missing argument list for method isVisited in trait GraphTraversal[0m
[0m[[31merror[0m] [0mUnapplied methods are only converted to functions when a function type is expected.[0m
[0m[[31merror[0m] [0mYou can make this conversion explicit by writing `isVisited _` or `isVisited(_)` instead of `isVisited`.[0m
[0m[[31merror[0m] [0m    assert(!n.children.exists(isVisited), s"children of $n is visited before visit the parent in ChildFirstTraversal. children visited=${n.children.filter(isVisited)}")[0m
[0m[[31merror[0m] [0m                                                                                                                                                           ^[0m
[0m[[31merror[0m] [0m/home/yaqiz/pir/prism/src/traversal/GraphTraversal.scala:214: value children is not a member of ChildFirstTraversal.this.N[0m
[0m[[31merror[0m] [0m    assert(!n.children.exists(c => !isVisited(c)), s"Not all children of $n is visited after ChildFirstTraversal ${n.children.filterNot(isVisited)}")[0m
[0m[[31merror[0m] [0m              ^[0m
[0m[[31merror[0m] [0m/home/yaqiz/pir/prism/src/traversal/GraphTraversal.scala:214: value children is not a member of ChildFirstTraversal.this.N[0m
[0m[[31merror[0m] [0m    assert(!n.children.exists(c => !isVisited(c)), s"Not all children of $n is visited after ChildFirstTraversal ${n.children.filterNot(isVisited)}")[0m
[0m[[31merror[0m] [0m                                                                                                                     ^[0m
[0m[[31merror[0m] [0m/home/yaqiz/pir/prism/src/traversal/GraphTraversal.scala:214: missing argument list for method isVisited in trait GraphTraversal[0m
[0m[[31merror[0m] [0mUnapplied methods are only converted to functions when a function type is expected.[0m
[0m[[31merror[0m] [0mYou can make this conversion explicit by writing `isVisited _` or `isVisited(_)` instead of `isVisited`.[0m
[0m[[31merror[0m] [0m    assert(!n.children.exists(c => !isVisited(c)), s"Not all children of $n is visited after ChildFirstTraversal ${n.children.filterNot(isVisited)}")[0m
[0m[[31merror[0m] [0m                                                                                                                                        ^[0m
[0m[[31merror[0m] [0m/home/yaqiz/pir/prism/src/traversal/GraphTraversal.scala:221: inferred type arguments [TopDownTopologicalTraversal.this.N] do not conform to method visitLocalIn's type parameter bounds [N <: prism.node.Node[N]][0m
[0m[[31merror[0m] [0m  override def visitIn(n:N):List[N] = visitLocalIn(n)[0m
[0m[[31merror[0m] [0m                                      ^[0m
[0m[[31merror[0m] [0m/home/yaqiz/pir/prism/src/traversal/GraphTraversal.scala:221: type mismatch;[0m
[0m[[31merror[0m] [0m found   : TopDownTopologicalTraversal.this.N[0m
[0m[[31merror[0m] [0m required: N[0m
[0m[[31merror[0m] [0m  override def visitIn(n:N):List[N] = visitLocalIn(n)[0m
[0m[[31merror[0m] [0m                                                   ^[0m
[0m[[31merror[0m] [0m/home/yaqiz/pir/prism/src/traversal/GraphTraversal.scala:222: inferred type arguments [TopDownTopologicalTraversal.this.N] do not conform to method visitLocalOut's type parameter bounds [N <: prism.node.Node[N]][0m
[0m[[31merror[0m] [0m  override def visitOut(n:N):List[N] = visitLocalOut(n)[0m
[0m[[31merror[0m] [0m                                       ^[0m
[0m[[31merror[0m] [0m/home/yaqiz/pir/prism/src/traversal/GraphTraversal.scala:222: type mismatch;[0m
[0m[[31merror[0m] [0m found   : TopDownTopologicalTraversal.this.N[0m
[0m[[31merror[0m] [0m required: N[0m
[0m[[31merror[0m] [0m  override def visitOut(n:N):List[N] = visitLocalOut(n)[0m
[0m[[31merror[0m] [0m                                                     ^[0m
[0m[[31merror[0m] [0m/home/yaqiz/pir/prism/src/traversal/GraphTraversal.scala:224: prism.node.SubGraph does not take type parameters[0m
[0m[[31merror[0m] [0m    case n:SubGraph[N] => scheduleDepFree(n.children)[0m
[0m[[31merror[0m] [0m           ^[0m
[0m[[31merror[0m] [0m/home/yaqiz/pir/prism/src/traversal/GraphTraversal.scala:224: value children is not a member of Any[0m
[0m[[31merror[0m] [0m    case n:SubGraph[N] => scheduleDepFree(n.children)[0m
[0m[[31merror[0m] [0m                                            ^[0m
[0m[[31merror[0m] [0m/home/yaqiz/pir/prism/src/traversal/GraphTraversal.scala:225: prism.node.Atom does not take type parameters[0m
[0m[[31merror[0m] [0m    case _:Atom[_] => visitDepFree(n)[0m
[0m[[31merror[0m] [0m           ^[0m
[0m[[31merror[0m] [0m/home/yaqiz/pir/prism/src/traversal/GraphTraversal.scala:233: value parent is not a member of BottomUpTopologicalTraversal.this.N[0m
[0m[[31merror[0m] [0m  override def depedFunc(n:N):List[N] = n.parent.toList ++ super.depedFunc(n)[0m
[0m[[31merror[0m] [0m                                          ^[0m
[0m[[31merror[0m] [0m/home/yaqiz/pir/prism/src/traversal/GraphTraversal.scala:234: value children is not a member of BottomUpTopologicalTraversal.this.N[0m
[0m[[31merror[0m] [0m  override def depFunc(n:N):List[N] = n.children ++ super.depFunc(n)[0m
[0m[[31merror[0m] [0m                                        ^[0m
[0m[[31merror[0m] [0m/home/yaqiz/pir/prism/src/traversal/GraphTraversal.scala:235: value children is not a member of BottomUpTopologicalTraversal.this.N[0m
[0m[[31merror[0m] [0m  override def isDepFree(n:N):Boolean = n.children.forall(isVisited) && depFunc(n).forall(isVisited) // performance optimization no need to evaluate depFunc(n) until children are visited[0m
[0m[[31merror[0m] [0m                                          ^[0m
[0m[[31merror[0m] [0m/home/yaqiz/pir/prism/src/traversal/GraphTraversal.scala:235: missing argument list for method isVisited in trait GraphTraversal[0m
[0m[[31merror[0m] [0mUnapplied methods are only converted to functions when a function type is expected.[0m
[0m[[31merror[0m] [0mYou can make this conversion explicit by writing `isVisited _` or `isVisited(_)` instead of `isVisited`.[0m
[0m[[31merror[0m] [0m  override def isDepFree(n:N):Boolean = n.children.forall(isVisited) && depFunc(n).forall(isVisited) // performance optimization no need to evaluate depFunc(n) until children are visited[0m
[0m[[31merror[0m] [0m                                                          ^[0m
[0m[[31merror[0m] [0m/home/yaqiz/pir/prism/src/traversal/GraphTraversal.scala:242: prism.node.SubGraph does not take type parameters[0m
[0m[[31merror[0m] [0m        case n:SubGraph[_] => false[0m
[0m[[31merror[0m] [0m               ^[0m
[0m[[31merror[0m] [0m/home/yaqiz/pir/prism/src/traversal/GraphTraversal.scala:248: prism.node.SubGraph does not take type parameters[0m
[0m[[31merror[0m] [0m        case n:SubGraph[_] => false[0m
[0m[[31merror[0m] [0m               ^[0m
[0m[[31merror[0m] [0m/home/yaqiz/pir/prism/src/traversal/GraphTraversal.scala:249: prism.node.SubGraph does not take type parameters[0m
[0m[[31merror[0m] [0m        case n if depedFunc(n).filterNot{_.isInstanceOf[SubGraph[_]]}.isEmpty => false[0m
[0m[[31merror[0m] [0m                                                        ^[0m
[0m[[31merror[0m] [0m/home/yaqiz/pir/prism/src/traversal/GraphTraversal.scala:257: value descendents is not a member of BottomUpTopologicalTraversal.this.N[0m
[0m[[31merror[0m] [0m  def visitScope(n:N):List[N] = n::n.descendents[0m
[0m[[31merror[0m] [0m                                     ^[0m
[0m[[31merror[0m] [0m35 errors found[0m
[0m[[31merror[0m] [0m(prism/compile:[31mcompileIncremental[0m) Compilation failed[0m
[0m[[31merror[0m] [0mTotal time: 6 s, completed Jul 3, 2018 12:27:21 PM[0m
-------------PASS (DONE)------------
