Java HotSpot(TM) 64-Bit Server VM warning: ignoring option MaxPermSize=1g; support was removed in 8.0
Picked up _JAVA_OPTIONS: -Xss8192k
[0m[[0minfo[0m] [0mLoading global plugins from /home/yaqiz/.sbt/0.13/plugins[0m
[0m[[0minfo[0m] [0mLoading project definition from /home/yaqiz/pir/project[0m
[0m[[0minfo[0m] [0mSet current project to default-675fdc (in build file:/home/yaqiz/pir/)[0m
[0m[[0minfo[0m] [0mSet current project to apps (in build file:/home/yaqiz/pir/)[0m
[0m[[0minfo[0m] [0mCompiling 2 Scala sources to /home/yaqiz/pir/pir/apps/target/scala-2.12/classes...[0m
[0m[[0minfo[0m] [0mRunning OuterProduct__op1_1_op2_2_ip2_16_ip1_1_ts1_64_ts2_1024_M_4194304_N_4194304 --debug --mapping=true --load-pir=true --save-pir=false --net=static --psim=true --psim_out=/home/yaqiz/plastisim/configs/gen/OuterProduct__op1_1_op2_2_ip2_16_ip1_1_ts1_64_ts2_1024_M_4194304_N_4194304_static/ --run-psim=true --trace=false --ctrl=true --bp=false --stat=false --arch=MyDesign --row=16 --col=8 --argin=64 --tokenout=32[0m
[pir] args=[--load-pir=true, --save-pir=true, --load-spade=false, --save-spade=false, --mapping=true, --splitting=true, --splitting-algo=alias_weighted_igraph, --psim=true, --ctrl=true, --trace=true, --bp=false, --snapint=10, --snapshot=false, --dot=true, --arch=MyDesign, --row=4, --col=4, --net=dynamic, --topo=mesh, --nn=false, --dag=true, --pattern=checkerboard, --argin=20, --argout=4, --tokenout=5, --routing-algo=dor, --routing-cost=H-hop, --debug, --mapping=true, --load-pir=true, --save-pir=false, --net=static, --psim=true, --psim_out=/home/yaqiz/plastisim/configs/gen/OuterProduct__op1_1_op2_2_ip2_16_ip1_1_ts1_64_ts2_1024_M_4194304_N_4194304_static/, --run-psim=true, --trace=false, --ctrl=true, --bp=false, --stat=false, --arch=MyDesign, --row=16, --col=8, --argin=64, --tokenout=32]
[pir] Loading from /home/yaqiz/pir/out/OuterProduct__op1_1_op2_2_ip2_16_ip1_1_ts1_64_ts2_1024_M_4194304_N_4194304/OuterProduct__op1_1_op2_2_ip2_16_ip1_1_ts1_64_ts2_1024_M_4194304_N_4194304.pir[pir] Loading PIRDesign() from /home/yaqiz/pir/out/OuterProduct__op1_1_op2_2_ip2_16_ip1_1_ts1_64_ts2_1024_M_4194304_N_4194304/OuterProduct__op1_1_op2_2_ip2_16_ip1_1_ts1_64_ts2_1024_M_4194304_N_4194304.pir
[pir] Configuring spade MyDesign ...
[pir] Loading from /home/yaqiz/pir/out/OuterProduct__op1_1_op2_2_ip2_16_ip1_1_ts1_64_ts2_1024_M_4194304_N_4194304/OuterProduct__op1_1_op2_2_ip2_16_ip1_1_ts1_64_ts2_1024_M_4194304_N_4194304.sess[pir] Loading prism.Session@26143a19 from /home/yaqiz/pir/out/OuterProduct__op1_1_op2_2_ip2_16_ip1_1_ts1_64_ts2_1024_M_4194304_N_4194304/OuterProduct__op1_1_op2_2_ip2_16_ip1_1_ts1_64_ts2_1024_M_4194304_N_4194304.sess
[pir] Running 49-CUStatistics ...[pir] Finished 49-CUStatistics to [36mout/OuterProduct__op1_1_op2_2_ip2_16_ip1_1_ts1_64_ts2_1024_M_4194304_N_4194304/stat.json[0m in 784.878563ms
[pir] Running 50-PlastisimLinkAnalyzer ...[pir] Finished 50-PlastisimLinkAnalyzer in 943.270264ms
[pir] Running 51-ControllerDotCodegen ...[pir] Finished 51-ControllerDotCodegen to [36mout/OuterProduct__op1_1_op2_2_ip2_16_ip1_1_ts1_64_ts2_1024_M_4194304_N_4194304/controller.dot[0m in 362.528323ms
[pir] Running 52-PIRIRDotCodegen ...[pir] Finished 52-PIRIRDotCodegen to [36mout/OuterProduct__op1_1_op2_2_ip2_16_ip1_1_ts1_64_ts2_1024_M_4194304_N_4194304/top.dot[0m in 872.531995ms
[pir] Running 53-SimpleIRDotCodegen ...[pir] Finished 53-SimpleIRDotCodegen to [36mout/OuterProduct__op1_1_op2_2_ip2_16_ip1_1_ts1_64_ts2_1024_M_4194304_N_4194304/simple.dot[0m in 289.719658ms
[pir] Running 54-PIRPrinter ...[pir] Finished 54-PIRPrinter to [36mout/OuterProduct__op1_1_op2_2_ip2_16_ip1_1_ts1_64_ts2_1024_M_4194304_N_4194304/IR.txt[0m in 646.215442ms
[pir] Running 55-PlastisimDotCodegen ...[pir] [33mcreating output directory: [36m/home/yaqiz/plastisim/configs/gen/OuterProduct__op1_1_op2_2_ip2_16_ip1_1_ts1_64_ts2_1024_M_4194304_N_4194304_static/[0m[0m
[pir] Finished 55-PlastisimDotCodegen to [36mout/OuterProduct__op1_1_op2_2_ip2_16_ip1_1_ts1_64_ts2_1024_M_4194304_N_4194304/psim.dot[0m in 968.908857ms
[pir] Running 56-CUPruning ...[pir] Finished 56-CUPruning in 1946.186085ms
[pir] Running 57-CUPlacer ...[[32msuccess[0m] CUPlacer succeeded
[pir] Finished 57-CUPlacer in 349042.107698ms
[pir] Running 58-PIRNetworkDotCodegen ...[pir] Finished 58-PIRNetworkDotCodegen to [36mout/OuterProduct__op1_1_op2_2_ip2_16_ip1_1_ts1_64_ts2_1024_M_4194304_N_4194304/control.dot[0m in 548.031635ms
[pir] Running 59-PIRNetworkDotCodegen ...[pir] Finished 59-PIRNetworkDotCodegen to [36mout/OuterProduct__op1_1_op2_2_ip2_16_ip1_1_ts1_64_ts2_1024_M_4194304_N_4194304/scalar.dot[0m in 568.322015ms
[pir] Running 60-PIRNetworkDotCodegen ...[pir] Finished 60-PIRNetworkDotCodegen to [36mout/OuterProduct__op1_1_op2_2_ip2_16_ip1_1_ts1_64_ts2_1024_M_4194304_N_4194304/vector.dot[0m in 518.729004ms
[pir] Running 61-TerminalCSVCodegen ...[pir] Finished 61-TerminalCSVCodegen to [36mout/OuterProduct__op1_1_op2_2_ip2_16_ip1_1_ts1_64_ts2_1024_M_4194304_N_4194304/node.csv[0m in 130.323432ms
[pir] Running 62-LinkCSVCodegen ...[pir] Finished 62-LinkCSVCodegen to [36mout/OuterProduct__op1_1_op2_2_ip2_16_ip1_1_ts1_64_ts2_1024_M_4194304_N_4194304/link.csv[0m in 357.989719ms
[pir] Running 63-PlastisimPlacementCodegen ...-------------PASS (DONE)------------
