Java HotSpot(TM) 64-Bit Server VM warning: ignoring option MaxPermSize=1g; support was removed in 8.0
Picked up _JAVA_OPTIONS: -Xss8192k
[0m[[0minfo[0m] [0mLoading global plugins from /home/yaqiz/.sbt/0.13/plugins[0m
[0m[[0minfo[0m] [0mLoading project definition from /home/yaqiz/pir/project[0m
[0m[[0minfo[0m] [0mSet current project to default-675fdc (in build file:/home/yaqiz/pir/)[0m
[0m[[0minfo[0m] [0mSet current project to apps (in build file:/home/yaqiz/pir/)[0m
[0m[[0minfo[0m] [0mRunning LogReg --debug --mapping=true --load-pir=true --save-pir=false --net=asic --psim=true --psim_out=/home/yaqiz/plastisim/configs/gen/LogReg_asic/ --run-psim=true --trace=false --ctrl=true --bp=false --stat=false --arch=MyDesign --row=16 --col=8 --argin=64 --tokenout=32[0m
[pir] args=[--load-pir=true, --save-pir=true, --load-spade=false, --save-spade=false, --mapping=true, --splitting=true, --splitting-algo=alias_weighted_igraph, --psim=true, --ctrl=true, --trace=true, --bp=false, --snapint=10, --snapshot=false, --dot=true, --arch=MyDesign, --row=4, --col=4, --net=dynamic, --topo=mesh, --nn=false, --dag=true, --pattern=checkerboard, --argin=64, --argout=4, --tokenout=5, --routing-algo=dor, --routing-cost=H-hop, --debug, --mapping=true, --load-pir=true, --save-pir=false, --net=asic, --psim=true, --psim_out=/home/yaqiz/plastisim/configs/gen/LogReg_asic/, --run-psim=true, --trace=false, --ctrl=true, --bp=false, --stat=false, --arch=MyDesign, --row=16, --col=8, --argin=64, --tokenout=32]
[pir] Loading from /home/yaqiz/pir/out/LogReg/LogReg.pir[pir] Loading PIRDesign() from /home/yaqiz/pir/out/LogReg/LogReg.pir
[pir] Configuring spade MyDesign ...
[pir] Loading from /home/yaqiz/pir/out/LogReg/LogReg.sess[pir] Loading prism.Session@1bc9a1bc from /home/yaqiz/pir/out/LogReg/LogReg.sess
[pir] Running 46-CUStatistics ...[pir] Finished 46-CUStatistics to [36mout/LogReg/stat.json[0m in 460.987102ms
[pir] Running 47-PlastisimLinkAnalyzer ...[pir] Finished 47-PlastisimLinkAnalyzer in 1054.677313ms
[pir] Running 48-ControllerDotCodegen ...[pir] Finished 48-ControllerDotCodegen to [36mout/LogReg/controller.dot[0m in 417.299167ms
[pir] Running 49-PIRIRDotCodegen ...[pir] Finished 49-PIRIRDotCodegen to [36mout/LogReg/top.dot[0m in 732.896362ms
[pir] Running 50-SimpleIRDotCodegen ...[pir] Finished 50-SimpleIRDotCodegen to [36mout/LogReg/simple.dot[0m in 275.250587ms
[pir] Running 51-PIRPrinter ...[pir] Finished 51-PIRPrinter to [36mout/LogReg/IR.txt[0m in 605.647742ms
[pir] Running 52-PlastisimDotCodegen ...[pir] [33mcreating output directory: [36m/home/yaqiz/plastisim/configs/gen/LogReg_asic/[0m[0m
[pir] Finished 52-PlastisimDotCodegen to [36mout/LogReg/psim.dot[0m in 640.635763ms
[pir] Running 53-CUPruning ...[pir] Finished 53-CUPruning in 151.448056ms
[pir] Running 54-CUPlacer ...[[32msuccess[0m] CUPlacer succeeded
[pir] Finished 54-CUPlacer in 5.001059ms
[pir] Running 55-PIRNetworkDotCodegen ...[pir] Finished 55-PIRNetworkDotCodegen to [36mout/LogReg/control.dot[0m in 0.637999ms
[pir] Running 56-PIRNetworkDotCodegen ...[pir] Finished 56-PIRNetworkDotCodegen to [36mout/LogReg/scalar.dot[0m in 0.218049ms
[pir] Running 57-PIRNetworkDotCodegen ...[pir] Finished 57-PIRNetworkDotCodegen to [36mout/LogReg/vector.dot[0m in 0.194038ms
[pir] Running 58-TerminalCSVCodegen ...[pir] Finished 58-TerminalCSVCodegen to [36mout/LogReg/node.csv[0m in 136.090347ms
[pir] Running 59-LinkCSVCodegen ...[pir] Finished 59-LinkCSVCodegen to [36mout/LogReg/link.csv[0m in 481.631754ms
[pir] Running 62-PlastisimDotCodegen ...[pir] Finished 62-PlastisimDotCodegen to [36mout/LogReg/psim.dot[0m in 638.925528ms
[pir] Running 63-PlastisimConfigCodegen ...[[33mcommand[0m] ln -f /home/yaqiz/plastisim/configs/mesh_generic.cfg /home/yaqiz/plastisim/configs/gen/LogReg_asic//
[[33mpsim[0m] /home/yaqiz/plastisim/plastisim -f /home/yaqiz/plastisim/configs/gen/LogReg_asic//config.psim
[[33mpsim[0m] log in /home/yaqiz/pir/out/LogReg/psim.log
[[32mpsim[0m] Simulation complete at cycle: 41
[pir] Finished 63-PlastisimConfigCodegen to [36mout/LogReg/config.psim[0m in 625.150821ms
compilation elapsed time: 8.520s
[0m[[32msuccess[0m] [0mTotal time: 11 s, completed Jul 3, 2018 1:21:27 PM[0m
-------------PASS (DONE)------------
