Java HotSpot(TM) 64-Bit Server VM warning: ignoring option MaxPermSize=1g; support was removed in 8.0
Picked up _JAVA_OPTIONS: -Xss8192k
[0m[[0minfo[0m] [0mLoading global plugins from /home/yaqiz/.sbt/0.13/plugins[0m
[0m[[0minfo[0m] [0mLoading project definition from /home/yaqiz/pir/project[0m
[0m[[0minfo[0m] [0mSet current project to default-675fdc (in build file:/home/yaqiz/pir/)[0m
[0m[[0minfo[0m] [0mSet current project to apps (in build file:/home/yaqiz/pir/)[0m
[0m[[0minfo[0m] [0mRunning LogReg --debug --mapping=true --load-pir=true --save-pir=false --net=static --psim=true --psim_out=/home/yaqiz/plastisim/configs/gen/LogReg_static/ --run-psim=true --trace=false --ctrl=true --bp=false --stat=false --arch=MyDesign --row=16 --col=8 --argin=64 --tokenout=32[0m
[pir] args=[--load-pir=true, --save-pir=true, --load-spade=false, --save-spade=false, --mapping=true, --splitting=true, --splitting-algo=alias_weighted_igraph, --psim=true, --ctrl=true, --trace=true, --bp=false, --snapint=10, --snapshot=false, --dot=true, --arch=MyDesign, --row=4, --col=4, --net=dynamic, --topo=mesh, --nn=false, --dag=true, --pattern=checkerboard, --argin=64, --argout=4, --tokenout=5, --routing-algo=dor, --routing-cost=H-hop, --debug, --mapping=true, --load-pir=true, --save-pir=false, --net=static, --psim=true, --psim_out=/home/yaqiz/plastisim/configs/gen/LogReg_static/, --run-psim=true, --trace=false, --ctrl=true, --bp=false, --stat=false, --arch=MyDesign, --row=16, --col=8, --argin=64, --tokenout=32]
[pir] Loading from /home/yaqiz/pir/out/LogReg/LogReg.pir[pir] Loading PIRDesign() from /home/yaqiz/pir/out/LogReg/LogReg.pir
[pir] Configuring spade MyDesign ...
[pir] Loading from /home/yaqiz/pir/out/LogReg/LogReg.sess[pir] Loading prism.Session@46cc7bc8 from /home/yaqiz/pir/out/LogReg/LogReg.sess
[pir] Running 46-CUStatistics ...[pir] Finished 46-CUStatistics to [36mout/LogReg/stat.json[0m in 931.260189ms
[pir] Running 47-PlastisimLinkAnalyzer ...[pir] Finished 47-PlastisimLinkAnalyzer in 1027.865298ms
[pir] Running 48-ControllerDotCodegen ...[pir] Finished 48-ControllerDotCodegen to [36mout/LogReg/controller.dot[0m in 416.252902ms
[pir] Running 49-PIRIRDotCodegen ...[pir] Finished 49-PIRIRDotCodegen to [36mout/LogReg/top.dot[0m in 681.443555ms
[pir] Running 50-SimpleIRDotCodegen ...[pir] Finished 50-SimpleIRDotCodegen to [36mout/LogReg/simple.dot[0m in 203.526004ms
[pir] Running 51-PIRPrinter ...[pir] Finished 51-PIRPrinter to [36mout/LogReg/IR.txt[0m in 630.433626ms
[pir] Running 52-PlastisimDotCodegen ...[pir] [33mcreating output directory: [36m/home/yaqiz/plastisim/configs/gen/LogReg_static/[0m[0m
[pir] Finished 52-PlastisimDotCodegen to [36mout/LogReg/psim.dot[0m in 646.528447ms
[pir] Running 53-CUPruning ...[pir] Finished 53-CUPruning in 1540.614255ms
[pir] Running 54-CUPlacer ...[[32msuccess[0m] CUPlacer succeeded
[pir] Finished 54-CUPlacer in 201954.739822ms
[pir] Running 55-PIRNetworkDotCodegen ...[pir] Finished 55-PIRNetworkDotCodegen to [36mout/LogReg/control.dot[0m in 478.81033ms
[pir] Running 56-PIRNetworkDotCodegen ...[pir] Finished 56-PIRNetworkDotCodegen to [36mout/LogReg/scalar.dot[0m in 485.447378ms
[pir] Running 57-PIRNetworkDotCodegen ...[pir] Finished 57-PIRNetworkDotCodegen to [36mout/LogReg/vector.dot[0m in 436.660009ms
[pir] Running 58-TerminalCSVCodegen ...[pir] Finished 58-TerminalCSVCodegen to [36mout/LogReg/node.csv[0m in 119.028093ms
[pir] Running 59-LinkCSVCodegen ...[pir] Finished 59-LinkCSVCodegen to [36mout/LogReg/link.csv[0m in 365.679613ms
[pir] Running 60-PlastisimPlacementCodegen ...[pir] Finished 60-PlastisimPlacementCodegen to [36mout/LogReg/pir.place[0m in 407.197924ms
[pir] Running 62-PlastisimDotCodegen ...[pir] Finished 62-PlastisimDotCodegen to [36mout/LogReg/psim.dot[0m in 532.795232ms
[pir] Running 63-PlastisimConfigCodegen ...[[33mcommand[0m] ln -f /home/yaqiz/plastisim/configs/mesh_generic.cfg /home/yaqiz/plastisim/configs/gen/LogReg_static//
[[33mpsim[0m] /home/yaqiz/plastisim/plastisim -f /home/yaqiz/plastisim/configs/gen/LogReg_static//config.psim
[[33mpsim[0m] log in /home/yaqiz/pir/out/LogReg/psim.log
[[32mpsim[0m] Simulation complete at cycle: 290
[pir] Finished 63-PlastisimConfigCodegen to [36mout/LogReg/config.psim[0m in 580.456723ms
compilation elapsed time: 222.950s
[0m[[32msuccess[0m] [0mTotal time: 225 s, completed Jul 3, 2018 1:25:18 PM[0m
-------------PASS (DONE)------------
