Java HotSpot(TM) 64-Bit Server VM warning: ignoring option MaxPermSize=1g; support was removed in 8.0
[0m[[0minfo[0m] [0mLoading global plugins from /home/yaqiz/.sbt/0.13/plugins[0m
[0m[[0minfo[0m] [0mLoading project definition from /home/yaqiz/spatial-lang/project[0m
[0m[[0minfo[0m] [0mSet current project to spatial-lang (in build file:/home/yaqiz/spatial-lang/)[0m
[0m[[33mwarn[0m] [0mThe `-` command is deprecated in favor of `onFailure` and will be removed in 0.14.0[0m
[0m[[0minfo[0m] [0mCompiling 1 Scala source to /home/yaqiz/spatial-lang/apps/target/scala-2.12/classes...[0m
[0m[[0minfo[0m] [0mRunning BlackScholes --dot --cgra+ --pirsrc /home/yaqiz/pir/pir/apps/src[0m
Loaded RoutingLUTs model from file
Loaded FanoutRegisters model from file
Loaded UnavailableALMs model from file
Loaded TileLoadModel model from file
Compiling BlackScholes to /home/yaqiz/spatial-lang/gen/BlackScholes
[[33mwarn[0m] Plasticine only support 32 bit wordwidth. FixConvert to LongType. Use single precision instead BlackScholes.scala:106:21
[[33mwarn[0m] Plasticine only support 32 bit wordwidth. FixConvert to LongType. Use single precision instead BlackScholes.scala:107:21
[[33mwarn[0m] Plasticine only support 32 bit wordwidth. FixConvert to LongType. Use single precision instead BlackScholes.scala:108:21
[[33mwarn[0m] Plasticine only support 32 bit wordwidth. FixConvert to LongType. Use single precision instead BlackScholes.scala:109:21
[[33mwarn[0m] Plasticine only support 32 bit wordwidth. FixConvert to LongType. Use single precision instead BlackScholes.scala:110:21
[[33mwarn[0m] Plasticine only support 32 bit wordwidth. FixConvert to LongType. Use single precision instead BlackScholes.scala:111:21
[[33mwarn[0m] Plasticine only support 32 bit wordwidth. FixConvert to LongType. Use single precision instead BlackScholes.scala:118:34
[[34minfo[0m] mkdir -p /home/yaqiz/pir/pir/apps/src
cp /home/yaqiz/spatial-lang/gen/BlackScholes/pir/main.scala /home/yaqiz/pir/pir/apps/src/BlackScholes.scala
rm /home/yaqiz/pir/out/BlackScholes/BlackScholes.pir
rm: cannot remove ‘/home/yaqiz/pir/out/BlackScholes/BlackScholes.pir’: No such file or directory
[[32mcompleted[0m] Total time: 15.6050 seconds
[0m[[32msuccess[0m] [0mTotal time: 28 s, completed Jul 1, 2018 10:30:18 PM[0m
sbt -batch "apps/run-main BlackScholes --dot --cgra+ --pirsrc /home/yaqiz/pir/pir/apps/src"
-------------PASS (DONE)------------
