Java HotSpot(TM) 64-Bit Server VM warning: ignoring option MaxPermSize=1g; support was removed in 8.0
Picked up _JAVA_OPTIONS: -Xss8192k
[0m[[0minfo[0m] [0mLoading global plugins from /home/yaqiz/.sbt/0.13/plugins[0m
[0m[[0minfo[0m] [0mLoading project definition from /home/yaqiz/pir/project[0m
[0m[[0minfo[0m] [0mSet current project to default-675fdc (in build file:/home/yaqiz/pir/)[0m
[0m[[0minfo[0m] [0mSet current project to apps (in build file:/home/yaqiz/pir/)[0m
[0m[[0minfo[0m] [0mRunning GDA__C_128_R_4096_ts_256_op_4_mp_2 --debug --mapping=true --load-pir=true --save-pir=false --net=dynamic --psim=true --routing-algo=proute --psim_out=/home/yaqiz/plastisim/configs/gen/GDA__C_128_R_4096_ts_256_op_4_mp_2_dynamic/ --run-psim=true --trace=false --ctrl=true --bp=false --stat=false --arch=MyDesign --row=16 --col=8 --argin=64 --tokenout=32[0m
[pir] args=[--load-pir=true, --save-pir=true, --load-spade=false, --save-spade=false, --mapping=true, --splitting=true, --splitting-algo=alias_weighted_igraph, --psim=true, --ctrl=true, --trace=true, --bp=false, --snapint=10, --snapshot=false, --dot=true, --arch=MyDesign, --row=4, --col=4, --net=dynamic, --topo=mesh, --nn=false, --dag=true, --pattern=checkerboard, --argin=64, --argout=4, --tokenout=5, --routing-algo=dor, --routing-cost=H-hop, --debug, --mapping=true, --load-pir=true, --save-pir=false, --net=dynamic, --psim=true, --routing-algo=proute, --psim_out=/home/yaqiz/plastisim/configs/gen/GDA__C_128_R_4096_ts_256_op_4_mp_2_dynamic/, --run-psim=true, --trace=false, --ctrl=true, --bp=false, --stat=false, --arch=MyDesign, --row=16, --col=8, --argin=64, --tokenout=32]
[pir] Loading from /home/yaqiz/pir/out/GDA__C_128_R_4096_ts_256_op_4_mp_2/GDA__C_128_R_4096_ts_256_op_4_mp_2.pir[pir] Loading PIRDesign() from /home/yaqiz/pir/out/GDA__C_128_R_4096_ts_256_op_4_mp_2/GDA__C_128_R_4096_ts_256_op_4_mp_2.pir
[pir] Configuring spade MyDesign ...
[pir] Loading from /home/yaqiz/pir/out/GDA__C_128_R_4096_ts_256_op_4_mp_2/GDA__C_128_R_4096_ts_256_op_4_mp_2.sess[pir] Loading prism.Session@18cf89de from /home/yaqiz/pir/out/GDA__C_128_R_4096_ts_256_op_4_mp_2/GDA__C_128_R_4096_ts_256_op_4_mp_2.sess
[pir] Running 49-CUStatistics ...[pir] Finished 49-CUStatistics to [36mout/GDA__C_128_R_4096_ts_256_op_4_mp_2/stat.json[0m in 1508.002462ms
[pir] Running 50-PlastisimLinkAnalyzer ...[pir] Finished 50-PlastisimLinkAnalyzer in 24570.368022ms
[pir] Running 51-ControllerDotCodegen ...[pir] Finished 51-ControllerDotCodegen to [36mout/GDA__C_128_R_4096_ts_256_op_4_mp_2/controller.dot[0m in 6788.632896ms
[pir] Running 52-PIRIRDotCodegen ...[pir] Finished 52-PIRIRDotCodegen to [36mout/GDA__C_128_R_4096_ts_256_op_4_mp_2/top.dot[0m in 13800.057761ms
[pir] Running 53-SimpleIRDotCodegen ...[pir] Finished 53-SimpleIRDotCodegen to [36mout/GDA__C_128_R_4096_ts_256_op_4_mp_2/simple.dot[0m in 1175.937922ms
[pir] Running 54-PIRPrinter ...[pir] Finished 54-PIRPrinter to [36mout/GDA__C_128_R_4096_ts_256_op_4_mp_2/IR.txt[0m in 12099.109414ms
[pir] Running 55-PlastisimDotCodegen ...[pir] [33mcreating output directory: [36m/home/yaqiz/plastisim/configs/gen/GDA__C_128_R_4096_ts_256_op_4_mp_2_dynamic/[0m[0m
[pir] Finished 55-PlastisimDotCodegen to [36mout/GDA__C_128_R_4096_ts_256_op_4_mp_2/psim.dot[0m in 12452.239778ms
[pir] Running 56-CUPruning ...[pir] Finished 56-CUPruning in 3604.937154ms
[pir] Running 57-CUPlacer ...[[32msuccess[0m] CUPlacer succeeded
[pir] Finished 57-CUPlacer in 94936.216565ms
[pir] Running 58-PIRNetworkDotCodegen ...[pir] Finished 58-PIRNetworkDotCodegen to [36mout/GDA__C_128_R_4096_ts_256_op_4_mp_2/control.dot[0m in 768.546649ms
[pir] Running 59-PIRNetworkDotCodegen ...[pir] Finished 59-PIRNetworkDotCodegen to [36mout/GDA__C_128_R_4096_ts_256_op_4_mp_2/scalar.dot[0m in 715.662235ms
[pir] Running 60-PIRNetworkDotCodegen ...[pir] Finished 60-PIRNetworkDotCodegen to [36mout/GDA__C_128_R_4096_ts_256_op_4_mp_2/vector.dot[0m in 691.460291ms
[pir] Running 61-TerminalCSVCodegen ...[pir] Finished 61-TerminalCSVCodegen to [36mout/GDA__C_128_R_4096_ts_256_op_4_mp_2/node.csv[0m in 840.468164ms
[pir] Running 62-LinkCSVCodegen ...[[33mproute[0m] /home/yaqiz/plastiroute/plastiroute -n /home/yaqiz/plastisim/configs/gen/GDA__C_128_R_4096_ts_256_op_4_mp_2_dynamic//node.csv -l /home/yaqiz/plastisim/configs/gen/GDA__C_128_R_4096_ts_256_op_4_mp_2_dynamic//link.csv -o /home/yaqiz/plastisim/configs/gen/GDA__C_128_R_4096_ts_256_op_4_mp_2_dynamic//proute.place -r 16 -c 12
[[33mproute[0m] log in /home/yaqiz/pir/out/GDA__C_128_R_4096_ts_256_op_4_mp_2/proute.log
[pir] Finished 62-LinkCSVCodegen to [36mout/GDA__C_128_R_4096_ts_256_op_4_mp_2/link.csv[0m in 13140.610134ms
[pir] Running 65-PlastisimDotCodegen ...[pir] Finished 65-PlastisimDotCodegen to [36mout/GDA__C_128_R_4096_ts_256_op_4_mp_2/psim.dot[0m in 12988.962133ms
[pir] Running 66-PlastisimConfigCodegen ...[[33mcommand[0m] ln -f /home/yaqiz/plastisim/configs/mesh_generic.cfg /home/yaqiz/plastisim/configs/gen/GDA__C_128_R_4096_ts_256_op_4_mp_2_dynamic//
[[33mpsim[0m] /home/yaqiz/plastisim/plastisim -f /home/yaqiz/plastisim/configs/gen/GDA__C_128_R_4096_ts_256_op_4_mp_2_dynamic//config.psim -p /home/yaqiz/plastisim/configs/gen/GDA__C_128_R_4096_ts_256_op_4_mp_2_dynamic//proute.place
[[33mpsim[0m] log in /home/yaqiz/pir/out/GDA__C_128_R_4096_ts_256_op_4_mp_2/psim.log
[[31merror[0m] failed /home/yaqiz/plastisim/plastisim -f /home/yaqiz/plastisim/configs/gen/GDA__C_128_R_4096_ts_256_op_4_mp_2_dynamic//config.psim -p /home/yaqiz/plastisim/configs/gen/GDA__C_128_R_4096_ts_256_op_4_mp_2_dynamic//proute.place
[[31mfail[0m] PlastisimConfigCodegen failed: Plastisim failed. details in /home/yaqiz/pir/out/GDA__C_128_R_4096_ts_256_op_4_mp_2/psim.log
[pir] Finished 66-PlastisimConfigCodegen to [36mout/GDA__C_128_R_4096_ts_256_op_4_mp_2/config.psim[0m in 6.4304251264502E7ms
compilation elapsed time: 64510.276s
java.lang.RuntimeException: Could not create directory /tmp/sbt_f3fbebe6
	at scala.sys.package$.error(package.scala:27)
	at sbt.IO$.createDirectory(IO.scala:233)
	at sbt.Defaults$$anonfun$globalSbtCore$15$$anonfun$apply$1.apply$mcV$sp(Defaults.scala:151)
	at sbt.Index$$anonfun$triggers$3.apply(EvaluateConfigurations.scala:309)
	at sbt.Index$$anonfun$triggers$3.apply(EvaluateConfigurations.scala:309)
	at sbt.Execute.runKeep(Execute.scala:70)
	at sbt.EvaluateTask$.liftedTree1$1(EvaluateTask.scala:359)
	at sbt.EvaluateTask$.run$1(EvaluateTask.scala:358)
	at sbt.EvaluateTask$.runTask(EvaluateTask.scala:378)
	at sbt.Aggregation$$anonfun$3.apply(Aggregation.scala:69)
	at sbt.Aggregation$$anonfun$3.apply(Aggregation.scala:67)
	at sbt.EvaluateTask$.withStreams(EvaluateTask.scala:314)
	at sbt.Aggregation$.timedRun(Aggregation.scala:67)
	at sbt.Aggregation$.runTasks(Aggregation.scala:76)
	at sbt.Aggregation$$anonfun$applyDynamicTasks$1.apply(Aggregation.scala:117)
	at sbt.Aggregation$$anonfun$applyDynamicTasks$1.apply(Aggregation.scala:115)
	at sbt.Command$$anonfun$applyEffect$2$$anonfun$apply$3.apply(Command.scala:61)
	at sbt.Command$$anonfun$applyEffect$2$$anonfun$apply$3.apply(Command.scala:61)
	at sbt.Act$$anonfun$sbt$Act$$actParser0$1$$anonfun$sbt$Act$$anonfun$$evaluate$1$1$$anonfun$apply$10.apply(Act.scala:253)
	at sbt.Act$$anonfun$sbt$Act$$actParser0$1$$anonfun$sbt$Act$$anonfun$$evaluate$1$1$$anonfun$apply$10.apply(Act.scala:250)
	at sbt.Command$.process(Command.scala:93)
	at sbt.MainLoop$$anonfun$1$$anonfun$apply$1.apply(MainLoop.scala:96)
	at sbt.MainLoop$$anonfun$1$$anonfun$apply$1.apply(MainLoop.scala:96)
	at sbt.State$$anon$1.runCmd$1(State.scala:183)
	at sbt.State$$anon$1.process(State.scala:187)
	at sbt.MainLoop$$anonfun$1.apply(MainLoop.scala:96)
	at sbt.MainLoop$$anonfun$1.apply(MainLoop.scala:96)
	at sbt.ErrorHandling$.wideConvert(ErrorHandling.scala:17)
	at sbt.MainLoop$.next(MainLoop.scala:96)
	at sbt.MainLoop$.run(MainLoop.scala:89)
	at sbt.MainLoop$$anonfun$runWithNewLog$1.apply(MainLoop.scala:68)
	at sbt.MainLoop$$anonfun$runWithNewLog$1.apply(MainLoop.scala:63)
	at sbt.Using.apply(Using.scala:24)
	at sbt.MainLoop$.runWithNewLog(MainLoop.scala:63)
	at sbt.MainLoop$.runAndClearLast(MainLoop.scala:46)
	