Java HotSpot(TM) 64-Bit Server VM warning: ignoring option MaxPermSize=1g; support was removed in 8.0
Picked up _JAVA_OPTIONS: -Xss8192k
[0m[[0minfo[0m] [0mLoading global plugins from /home/yaqiz/.sbt/0.13/plugins[0m
[0m[[0minfo[0m] [0mLoading project definition from /home/yaqiz/pir/project[0m
[0m[[0minfo[0m] [0mSet current project to default-675fdc (in build file:/home/yaqiz/pir/)[0m
[0m[[0minfo[0m] [0mSet current project to apps (in build file:/home/yaqiz/pir/)[0m
[0m[[0minfo[0m] [0mRunning LogReg__iters_4_D_128_N_8192_ts_512_op_1_mp_4 --out=/home/yaqiz/pir/out/LogReg__iters_4_D_128_N_8192_ts_512_op_1_mp_4_psim_D_v1_s4_rq4_f256 --psim-out=/home/yaqiz/plastisim/configs/finals/LogReg__iters_4_D_128_N_8192_ts_512_op_1_mp_4_psim_D_v1_s4_rq4_f256 --debug=false --verbose=true --dot=false --load-pir=true --save-pir=true --psim=true --trace=true --ctrl=true --bp=false --stat=true --routing-algo=proute --proute-iter=1000 --run-psim=true --arch=MyDesign --row=16 --col=8 --topo=mesh --argin=64 --tokenout=32 --pcu-stage=4 --vc=4 --net=dynamic --vlink=1 --slink=4 --fifo-depth=4 --vfifo=4 --proute-algo=route_min_directed_valient --link-prop=db --flit-width=256 --proute-q=4[0m
[pir] args=[--load-pir=true, --run-psim=false, --trace=false, --net=static, --stat=false, --vlink=2, --slink=6, --vfifo=4, --row=16, --col=8, --topo=mesh, --routing-algo=dor, --psim-timeout=100000000, --mapping=true, --splitting=true, --save-pir=true, --load-spade=false, --save-spade=false, --splitting-algo=alias_weighted_igraph, --ctrl=true, --bp=false, --snapint=10, --snapshot=false, --dot=true, --psim=false, --arch=MyDesign, --nn=false, --dag=true, --pattern=checkerboard, --argin=20, --argout=4, --tokenout=5, --fifo-depth=10, --vc=10, --routing-cost=H-hop, --out=/home/yaqiz/pir/out/LogReg__iters_4_D_128_N_8192_ts_512_op_1_mp_4_psim_D_v1_s4_rq4_f256, --psim-out=/home/yaqiz/plastisim/configs/finals/LogReg__iters_4_D_128_N_8192_ts_512_op_1_mp_4_psim_D_v1_s4_rq4_f256, --debug=false, --verbose=true, --dot=false, --load-pir=true, --save-pir=true, --psim=true, --trace=true, --ctrl=true, --bp=false, --stat=true, --routing-algo=proute, --proute-iter=1000, --run-psim=true, --arch=MyDesign, --row=16, --col=8, --topo=mesh, --argin=64, --tokenout=32, --pcu-stage=4, --vc=4, --net=dynamic, --vlink=1, --slink=4, --fifo-depth=4, --vfifo=4, --proute-algo=route_min_directed_valient, --link-prop=db, --flit-width=256, --proute-q=4]
[pir] Output directory set to [36m/home/yaqiz/pir/out/LogReg__iters_4_D_128_N_8192_ts_512_op_1_mp_4_psim_D_v1_s4_rq4_f256[0m
[pir] Loading from /home/yaqiz/pir/out/LogReg__iters_4_D_128_N_8192_ts_512_op_1_mp_4_psim_D_v1_s4_rq4_f256/LogReg__iters_4_D_128_N_8192_ts_512_op_1_mp_4.pir[pir] Loading PIRDesign() from /home/yaqiz/pir/out/LogReg__iters_4_D_128_N_8192_ts_512_op_1_mp_4_psim_D_v1_s4_rq4_f256/LogReg__iters_4_D_128_N_8192_ts_512_op_1_mp_4.pir
[pir] Configuring spade MyDesign ...
[pir] Loading from /home/yaqiz/pir/out/LogReg__iters_4_D_128_N_8192_ts_512_op_1_mp_4_psim_D_v1_s4_rq4_f256/LogReg__iters_4_D_128_N_8192_ts_512_op_1_mp_4.sess[pir] Loading prism.Session@6e27e7e3 from /home/yaqiz/pir/out/LogReg__iters_4_D_128_N_8192_ts_512_op_1_mp_4_psim_D_v1_s4_rq4_f256/LogReg__iters_4_D_128_N_8192_ts_512_op_1_mp_4.sess
[pir] Saving node PIRDesign() to /home/yaqiz/pir/out/LogReg__iters_4_D_128_N_8192_ts_512_op_1_mp_4_psim_D_v1_s4_rq4_f256/LogReg__iters_4_D_128_N_8192_ts_512_op_1_mp_4.pir
[pir] Running 53-PlastisimDotCodegen ...[pir] Finished 53-PlastisimDotCodegen to [36mpsim.dot[0m in 6383.358121ms
[pir] Running 54-ControllerDotCodegen ...[pir] Finished 54-ControllerDotCodegen to [36mcontroller.dot[0m in 2315.387217ms
[pir] Running 55-PIRIRDotCodegen ...[pir] Finished 55-PIRIRDotCodegen to [36mtop.dot[0m in 5426.079496ms
[pir] Running 56-SimpleIRDotCodegen ...[pir] Finished 56-SimpleIRDotCodegen to [36msimple.dot[0m in 856.920713ms
[pir] Running 58-CUPruning ...[pir] Finished 58-CUPruning in 2672.704611ms
[pir] Running 59-CUPlacer ...[[32msuccess[0m] CUPlacer succeeded
[pir] Finished 59-CUPlacer in 75230.05775ms
[pir] Running 60-CUStatistics ...[pir] =========== Post-splitting CU Statistics ==================
[pir] 
[pir] number of cus=52
[pir] number of ocu = 1
[pir] - cin (1.00,1.00,1.00) sin (0.00,0.00,0.00) vin (0.00,0.00,0.00)
[pir] - cout (1.00,1.00,1.00) sout (0.00,0.00,0.00) vout (0.00,0.00,0.00)
[pir] - stages (0.00,0.00,0.00)
[pir] number of pcu = 19
[pir] - cin (0.00,0.11,1.00) sin (0.00,0.95,2.00) vin (0.00,1.26,4.00)
[pir] - cout (0.00,0.00,0.00) sout (0.00,0.42,1.00) vout (0.00,0.58,1.00)
[pir] - stages (1.00,3.21,6.00)
[pir] number of dag = 4
[pir] - cin (0.00,0.00,0.00) sin (1.00,2.00,3.00) vin (0.00,0.00,0.00)
[pir] - cout (0.00,0.00,0.00) sout (2.00,2.00,2.00) vout (0.00,0.00,0.00)
[pir] - stages (1.00,2.25,5.00)
[pir] number of pmu = 23
[pir] - cin (0.00,0.00,0.00) sin (0.00,0.52,2.00) vin (1.00,1.61,2.00)
[pir] - cout (0.00,0.00,0.00) sout (0.00,0.04,1.00) vout (0.00,0.96,1.00)
[pir] - stages (0.00,0.70,2.00)
[pir] number of dfg = 4
[pir] - cin (0.00,0.00,0.00) sin (2.00,2.00,2.00) vin (0.00,0.25,1.00)
[pir] - cout (0.00,0.25,1.00) sout (0.00,0.00,0.00) vout (0.00,0.75,1.00)
[pir] - stages (0.00,0.00,0.00)
[pir] number of afg = 1
[pir] - cin (1.00,1.00,1.00) sin (0.00,0.00,0.00) vin (0.00,0.00,0.00)
[pir] - cout (1.00,1.00,1.00) sout (6.00,6.00,6.00) vout (0.00,0.00,0.00)
[pir] - stages (0.00,0.00,0.00)
[pir] compute CU = 20
[pir] memory CU = 23
[pir] mc CU = 4
[pir] Total = 24
[pir] PCU = 21 / 64 (32.81%)
[pir] PMU-comp = 1 / 63 (1.59%)
[pir] PMU-mem = 23 / 63 (36.51%)
[pir] AG-ag = 2 / 32 (6.25%)
[pir] AG-comp = 0 / 32 (0.00%)
[pir] MC = 4 / 32 (12.50%)
[pir] Finished 60-CUStatistics to [36mstat.json[0m in 1092.210891ms
[pir] Running 61-PIRNetworkDotCodegen ...[pir] Finished 61-PIRNetworkDotCodegen to [36mcontrol.dot[0m in 933.736784ms
[pir] Running 62-PIRNetworkDotCodegen ...[pir] Finished 62-PIRNetworkDotCodegen to [36mscalar.dot[0m in 571.376739ms
[pir] Running 63-PIRNetworkDotCodegen ...[pir] Finished 63-PIRNetworkDotCodegen to [36mvector.dot[0m in 520.04206ms
[pir] Running 64-TerminalCSVCodegen ...[pir] Finished 64-TerminalCSVCodegen to [36mnode.csv[0m in 5.024653ms
[pir] Running 65-LinkCSVCodegen ...[pir] Finished 65-LinkCSVCodegen to [36mlink.csv[0m in 4477.276261ms
[pir] Running 66-PlastisimPlacementCodegen ...[[33mproute[0m] /home/yaqiz/plastiroute/plastiroute -n /home/yaqiz/plastisim/configs/finals/LogReg__iters_4_D_128_N_8192_ts_512_op_1_mp_4_psim_D_v1_s4_rq4_f256/node.csv -l /home/yaqiz/plastisim/configs/finals/LogReg__iters_4_D_128_N_8192_ts_512_op_1_mp_4_psim_D_v1_s4_rq4_f256/link.csv -o /home/yaqiz/plastisim/configs/finals/LogReg__iters_4_D_128_N_8192_ts_512_op_1_mp_4_psim_D_v1_s4_rq4_f256/final.place -r 16 -c 8 -g /home/yaqiz/plastisim/configs/finals/LogReg__iters_4_D_128_N_8192_ts_512_op_1_mp_4_psim_D_v1_s4_rq4_f256/proute.dot -v /home/yaqiz/plastisim/configs/finals/LogReg__iters_4_D_128_N_8192_ts_512_op_1_mp_4_psim_D_v1_s4_rq4_f256/summary.csv -x1 -e 4 -a route_min_directed_valient  -q4  -i1000 -p100 -t1 -d100 -s0
[[33mproute[0m] log in /home/yaqiz/pir/out/LogReg__iters_4_D_128_N_8192_ts_512_op_1_mp_4_psim_D_v1_s4_rq4_f256/proute.log
Max static: 1vec 4scal
100 scores: min 199.05 	0.26/0.25/19/0.10/3 	max 3574.51 mean 2173.53
100 scores: min 137.01 	0.25/0.25/23/0.02/2 	max 2575.70 mean 1992.31
100 scores: min 137.01 	0.25/0.25/23/0.02/2 	max 3134.66 mean 2059.12
100 scores: min 15.49 	0.00/0.00/27/0.00/3 	max 2638.07 mean 1715.44
100 scores: min 15.49 	0.00/0.00/27/0.00/3 	max 3069.05 mean 1957.63
100 scores: min 15.49 	0.00/0.00/27/0.00/3 	max 2632.44 mean 1918.85
All static routes:
	6256:8:262144	6256:8:262144	6256:8:262144	6256:8:262144	6256:8:262144	6256:8:262144	6256:8:262144	6256:8:262144	6232:8:262144	6232:8:262144	6232:8:262144	6232:8:262144	6232:8:262144	6232:8:262144	6232:8:262144	6232:8:262144	6999:2:65536	6999:2:65536	5273:1:65536	7180:1:65536	7088:1:65536	4747:1:65536	7321:1:65536	7226:1:65536	7370:1:65536	4799:1:65536	7134:1:65536	4668:1:65536	5108:1:65536	4824:1:65536	7249:1:65536	5163:1:65536	4851:1:65536	7346:1:65536	4695:1:65536	7297:1:65536	7393:1:65536	5218:1:65536	4720:1:65536	7416:1:65536	4772:1:65536	7274:1:65536	3987:1:32768	4016:1:32768	4906:4:8192	4906:4:8192	4906:4:8192	4906:4:8192	5132:1:8192	5077:1:8192	5242:1:8192	4983:1:8192	5032:1:8192	4934:1:8192	4879:1:8192	5187:1:8192	6938:1:2048	4474:1:512	4499:1:512	4069:1:64	4040:1:64	4345:1:32	4146:1:8	4213:1:8	4237:12:1	4237:12:1	4237:12:1	4237:12:1	4237:12:1	4237:12:1	4237:12:1	4237:12:1	4237:12:1	4237:12:1	4237:12:1	4237:12:1	4291:10:1	4291:10:1	4291:10:1	4291:10:1	4291:10:1	4291:10:1	4291:10:1	4291:10:1	4291:10:1	4291:10:1	8020:2:1	8020:2:1	4268:1:1	4122:1:1	3934:1:1	4396:1:1	4187:1:1	4093:1:1	3963:1:1	4574:1:1	4644:1:1
All dynamic routes:
	6116:2:512	6116:2:512	5403:6:32	5403:6:32	5403:6:32	5403:6:32	5403:6:32	5403:6:32	4372:1:32	5380:6:8	5380:6:8	5380:6:8	5380:6:8	5380:6:8	5380:6:8
Best score is 15.49
Used 3 VCs for endpoint coloring.
	Used 3 VCs.
[[32mproute[0m] 	Used 3 VCs.
[[32mproute[0m] DynHopsVec:4384, DynHopsScal:0, StatHopsVec:18039972, StatHopsScal:1556576
[pir] Finished 66-PlastisimPlacementCodegen to [36mfinal.place[0m in 6469.350688ms
[pir] Running 67-PlastisimDotCodegen ...[pir] Finished 67-PlastisimDotCodegen to [36mpsim.dot[0m in 6114.911387ms
[pir] Running 68-PlastisimConfigCodegen ...[[33mcommand[0m] ln -f /home/yaqiz/plastisim/configs/mesh_generic.cfg /home/yaqiz/plastisim/configs/finals/LogReg__iters_4_D_128_N_8192_ts_512_op_1_mp_4_psim_D_v1_s4_rq4_f256/
[[33mpsim[0m] /home/yaqiz/plastisim/plastisim -f /home/yaqiz/plastisim/configs/finals/LogReg__iters_4_D_128_N_8192_ts_512_op_1_mp_4_psim_D_v1_s4_rq4_f256/config.psim -p /home/yaqiz/plastisim/configs/finals/LogReg__iters_4_D_128_N_8192_ts_512_op_1_mp_4_psim_D_v1_s4_rq4_f256/final.place -c 100000000 -l B -w 256 -q1
[[33mpsim[0m] log in /home/yaqiz/pir/out/LogReg__iters_4_D_128_N_8192_ts_512_op_1_mp_4_psim_D_v1_s4_rq4_f256/psim.log
Set non-priority VC slowdown to 1
Changing to config directory: /home/yaqiz/plastisim/configs/finals/LogReg__iters_4_D_128_N_8192_ts_512_op_1_mp_4_psim_D_v1_s4_rq4_f256
Constructing NetworkLink.
Constructing NetworkLink.
Constructing NetworkLink.
Constructing NetworkLink.
Constructing NetworkLink.
Constructing NetworkLink.
Constructing NetworkLink.
Constructing NetworkLink.
Constructing NetworkLink.
Constructing NetworkLink.
Constructing NetworkLink.
Constructing NetworkLink.
Constructing NetworkLink.
Constructing NetworkLink.
Constructing NetworkLink.
Constructing NetworkLink.
Constructing NetworkLink.
Constructing NetworkLink.
Constructing NetworkLink.
Constructing NetworkLink.
Constructing NetworkLink.
Constructing NetworkLink.
Constructing NetworkLink.
Constructing NetworkLink.
Constructing NetworkLink.
Constructing NetworkLink.
Constructing NetworkLink.
Constructing NetworkLink.
Constructing NetworkLink.
Constructing NetworkLink.
Constructing NetworkLink.
Constructing NetworkLink.
Constructing NetworkLink.
Constructing NetworkLink.
Constructing NetworkLink.
Constructing NetworkLink.
Constructing NetworkLink.
Constructing NetworkLink.
Constructing NetworkLink.
Constructing NetworkLink.
Constructing NetworkLink.
Constructing NetworkLink.
Constructing NetworkLink.
Constructing NetworkLink.
Constructing NetworkLink.
Constructing NetworkLink.
Constructing NetworkLink.
Constructing NetworkLink.
Constructing NetworkLink.
Constructing NetworkLink.
Constructing NetworkLink.
Constructing NetworkLink.
Constructing NetworkLink.
Constructing NetworkLink.
Constructing NetworkLink.
Constructing NetworkLink.
Constructing NetworkLink.
Constructing NetworkLink.
Constructing NetworkLink.
Constructing NetworkLink.
Constructing NetworkLink.
Constructing NetworkLink.
Added all names to the symbol table.
Adding static hop for route 6256 (1611->1636, lat 4).
Adding static hop for route 6256 (1611->1637, lat 6).
Adding static hop for route 6256 (1611->1638, lat 2).
Adding static hop for route 6256 (1611->1639, lat 4).
Adding static hop for route 6256 (1611->1640, lat 6).
Adding static hop for route 6256 (1611->1641, lat 2).
Adding static hop for route 6256 (1611->1642, lat 6).
Adding static hop for route 6256 (1611->1643, lat 4).
Adding static hop for route 6232 (213->1636, lat 14).
Adding static hop for route 6232 (213->1637, lat 20).
Adding static hop for route 6232 (213->1638, lat 16).
Adding static hop for route 6232 (213->1639, lat 18).
Adding static hop for route 6232 (213->1640, lat 20).
Adding static hop for route 6232 (213->1641, lat 22).
Adding static hop for route 6232 (213->1642, lat 20).
Adding static hop for route 6232 (213->1643, lat 22).
Adding static hop for route 6999 (3599->1646, lat 1).
Adding static hop for route 6999 (3599->1645, lat 1).
Adding static hop for route 5273 (1639->1627, lat 3).
Adding static hop for route 7180 (1626->1649, lat 5).
Adding static hop for route 7088 (1624->1647, lat 1).
Adding static hop for route 4747 (1631->1617, lat 1).
Adding static hop for route 7321 (3595->3599, lat 2).
Adding static hop for route 7226 (1627->1650, lat 1).
Adding static hop for route 7370 (3598->3599, lat 6).
Adding static hop for route 4799 (1632->1618, lat 1).
Adding static hop for route 7134 (1625->1648, lat 1).
Adding static hop for route 4668 (1640->1616, lat 5).
Adding static hop for route 5108 (1636->1624, lat 5).
Adding static hop for route 4824 (1643->1619, lat 3).
Adding static hop for route 7249 (1648->3598, lat 1).
Adding static hop for route 5163 (1637->1625, lat 13).
Adding static hop for route 4851 (1633->1619, lat 3).
Adding static hop for route 7346 (3600->3599, lat 2).
Adding static hop for route 4695 (1630->1616, lat 3).
Adding static hop for route 7297 (1646->3599, lat 3).
Adding static hop for route 7393 (1650->3600, lat 1).
Adding static hop for route 5218 (1638->1626, lat 1).
Adding static hop for route 4720 (1641->1617, lat 7).
Adding static hop for route 7416 (1649->3600, lat 15).
Adding static hop for route 4772 (1642->1618, lat 1).
Error setting saddr = 54
Adding static hop for route 7274 (1647->3598, lat 1).
Adding static hop for route 3987 (1610->213, lat 19).
Adding static hop for route 4016 (1610->213, lat 19).
Adding static hop for route 4906 (1644->1623, lat 1).
Adding static hop for route 4906 (1644->1621, lat 5).
Adding static hop for route 4906 (1644->1622, lat 1).
Adding static hop for route 4906 (1644->1620, lat 3).
Adding static hop for route 5132 (1621->1625, lat 2).
Adding static hop for route 5077 (1620->1624, lat 4).
Adding static hop for route 5242 (1623->1627, lat 4).
Adding static hop for route 4983 (1618->1622, lat 2).
Adding static hop for route 5032 (1619->1623, lat 6).
Adding static hop for route 4934 (1617->1621, lat 6).
Adding static hop for route 4879 (1616->1620, lat 2).
Adding static hop for route 5187 (1622->1626, lat 4).
Error setting daddr = 84
Adding static hop for route 6938 (293->1644, lat 8).
Error setting daddr = 103
Error setting daddr = 88
Error setting daddr = 86
Adding static hop for route 4474 (1645->1602, lat 1).
Error setting daddr = 3
Adding static hop for route 4499 (1635->1602, lat 1).
Error setting daddr = 5
Adding static hop for route 4069 (1613->293, lat 1).
Error setting daddr = 71
Adding static hop for route 4040 (1613->293, lat 1).
Error setting daddr = 120
Adding static hop for route 4345 (1629->1595, lat 5).
Error setting class = 0
Adding static hop for route 4146 (1628->1359, lat 1).
Error setting class = 0
Error setting class = 0
Error setting class = 0
Error setting class = 0
Adding static hop for route 4213 (1359->1480, lat 4).
Error setting class = 0
Adding static hop for route 4237 (1364->3595, lat 7).
Adding static hop for route 4237 (1364->1634, lat 9).
Adding static hop for route 4237 (1364->1633, lat 4).
Adding static hop for route 4237 (1364->1631, lat 3).
Adding static hop for route 4237 (1364->1630, lat 5).
Adding static hop for route 4237 (1364->1629, lat 1).
Adding static hop for route 4237 (1364->1613, lat 5).
Error setting class = 0
Adding static hop for route 4237 (1364->1610, lat 2).
Error setting class = 0
Adding static hop for route 4237 (1364->1602, lat 3).
Error setting lat = 4
Adding static hop for route 4237 (1364->1628, lat 11).
Error setting lat = 6
Adding static hop for route 4237 (1364->1611, lat 1).
Error setting lat = 2
Adding static hop for route 4237 (1364->1632, lat 5).
Error setting lat = 4
Adding static hop for route 4291 (1364->3595, lat 7).
Error setting lat = 6
Adding static hop for route 4291 (1364->1634, lat 1).
Error setting lat = 2
Adding static hop for route 4291 (1364->1633, lat 4).
Error setting lat = 6
Adding static hop for route 4291 (1364->1631, lat 3).
Error setting lat = 4
Adding static hop for route 4291 (1364->1630, lat 11).
Error setting saddr = 240
Error setting daddr = 84
Adding static hop for route 4291 (1364->1610, lat 2).
Error setting daddr = 103
Adding static hop for route 4291 (1364->1602, lat 9).
Error setting daddr = 88
Adding static hop for route 4291 (1364->1613, lat 5).
Error setting daddr = 86
Adding static hop for route 4291 (1364->1611, lat 1).
Error setting daddr = 3
Adding static hop for route 4291 (1364->1632, lat 5).
Error setting daddr = 5
Adding static hop for route 8020 (1364->3595, lat 2).
Error setting daddr = 71
Error setting daddr = 120
Adding static hop for route 8020 (1364->1611, lat 5).
Error setting class = 1
Adding static hop for route 4268 (1364->1591, lat 2).
Error setting class = 1
Adding static hop for route 4122 (1596->1359, lat 1).
Error setting class = 1
Adding static hop for route 3934 (1591->55, lat 3).
Error setting class = 1
Error setting class = 1
Error setting class = 1
Adding static hop for route 4396 (1364->1596, lat 4).
Error setting class = 1
Adding static hop for route 4187 (1480->1364, lat 6).
Error setting class = 1
Adding static hop for route 4093 (1596->1359, lat 1).
Error setting lat = 14
Adding static hop for route 3963 (1591->55, lat 3).
Error setting lat = 20
Adding static hop for route 4574 (1364->1610, lat 1).
Error setting lat = 16
Adding static hop for route 4644 (1364->1613, lat 5).
Error setting lat = 18
Printing hop routes
Error setting lat = 20
0	4093: X, vc3
Error setting lat = 22
	4122: X, vc1
Error setting lat = 20
	4146: X, vc0
Error setting lat = 22
	4396: X, vc2
Error setting saddr = 4
	5403: E, vc0
Error setting daddr = 9
1	4237: X, vc2
Error setting class = 4
	5380: X, vc1
Error setting lat = 5
	5403: XS, vc0
Error setting saddr = 72
2	4268: X, vc0
Error setting daddr = 7
3	6232: X, vc1
Error setting class = 0
	6256: X, vc0
Error setting lat = 5
4	4187: X, vc2
Error setting saddr = 19
	4237: X, vc0
Error setting daddr = 34
Error setting class = 0
	4291: X, vc1
Error setting lat = 2
	4574: X, vc3
Error setting saddr = 120
5	4372: E, vc0
Error setting daddr = 87
	6232: X, vc1
Error setting class = 0
	6256: X, vc0
Error setting lat = 3
6	4372: E, vc0
Error setting saddr = 71
	4879: X, vc1
Error setting daddr = 70
	4906: X, vc0
Error setting class = 1
7	4372: E, vc0
Error setting lat = 1
	7180: X, vc0
Error setting saddr = 5
8	4372: S, vc0
Error setting daddr = 36
	4906: X, vc0
Error setting class = 1
	4934: X, vc1
Error setting lat = 7
	5380: S, vc1
Error setting saddr = 3
	5403: S, vc2
Error setting daddr = 23
9	4040: X, vc1
Error setting class = 0
	4069: X, vc0
Error setting lat = 5
	4237: X, vc2
Error setting saddr = 86
	4291: X, vc3
Error setting daddr = 68
	4644: X, vc4
Error setting class = 0
	5380: W, vc0
Error setting lat = 3
	5403: W, vc1
Error setting saddr = 88
16	3934: X, vc0
Error setting daddr = 72
	3963: X, vc1
Error setting class = 0
Error setting lat = 1
Error setting saddr = 103
Error setting daddr = 40
Error setting class = 0
	5380: SE, vc0
Error setting lat = 13
	5403: N, vc0
Error setting saddr = 84
17	4237: X, vc2
Error setting daddr = 53
	4291: X, vc3
Error setting class = 0
	4474: X, vc0
Error setting lat = 5
	4499: X, vc1
Error setting saddr = 9
	5380: NE, vc0
Error setting daddr = 22
	5403: E, vc1
Error setting class = 0
	6116: E, vc2
Error setting lat = 8
Error setting saddr = 7
Error setting daddr = 51
Error setting class = 1
18	5380: E, vc0
Error setting lat = 15
	5403: E, vc1
Error setting saddr = 68
	6116: XE, vc2
Error setting daddr = 67
19	4237: X, vc0
Error setting class = 0
	4291: X, vc1
Error setting lat = 1
	5380: SE, vc0
Error setting saddr = 67
	5403: SE, vc1
Error setting daddr = 51
Error setting class = 0
Error setting lat = 1
	6116: S, vc2
Error setting saddr = 51
	8020: X, vc2
Error setting daddr = 34
20	4237: X, vc2
Error setting class = 2
	4291: X, vc3
Error setting lat = 2
	5380: X, vc1
Error setting saddr = 53
	5403: X, vc0
Error setting daddr = 37
21	4372: N, vc0
Error setting class = 0
	4906: X, vc0
Error setting lat = 1
	5032: X, vc1
Error setting saddr = 37
22	6938: X, vc0
Error setting daddr = 38
23	4668: X, vc0
Error setting class = 1
Error setting lat = 1
	4695: X, vc1
Error setting saddr = 40
Error setting daddr = 39
24	4237: X, vc2
Error setting class = 0
	4291: X, vc3
Error setting lat = 1
	4372: E, vc0
Error setting saddr = 39
	5380: X, vc1
Error setting daddr = 38
	5403: X, vc0
Error setting class = 0
25	4372: S, vc0
Error setting lat = 1
	5380: N, vc0
Error setting saddr = 38
	5403: N, vc1
Error setting daddr = 34
32	5380: E, vc0
Error setting class = 1
Error setting lat = 6
	5403: N, vc0
Error setting saddr = 35
33	5380: S, vc0
Error setting daddr = 55
	6999: X, vc0
Error setting class = 0
Error setting lat = 5
34	7297: X, vc3
Error setting saddr = 24
	7321: X, vc0
Error setting daddr = 23
	7346: X, vc2
Error setting class = 1
	7370: X, vc1
Error setting lat = 3
Error setting saddr = 20
35	4237: X, vc2
Error setting daddr = 36
	5380: X, vc1
Error setting class = 0
	5403: X, vc0
Error setting lat = 1
	6116: S, vc0
Error setting saddr = 69
36	4372: E, vc0
	4720: X, vc1
	4747: X, vc0
37	4372: N, vc0
	7088: X, vc0
38	7249: X, vc0
	7274: X, vc1
39	7134: X, vc0
40	5132: X, vc1
	5163: X, vc0
41	4372: S, vc0
	5380: N, vc0
Error setting daddr = 70
	5403: N, vc1
Error setting class = 0
Error setting lat = 1
48	5403: N, vc0
Error setting saddr = 56
49	4213: X, vc0
Error setting daddr = 87
Error setting class = 1
Error setting lat = 3
	5380: E, vc0
Error setting qdiv = 512
	5403: W, vc0
Error setting sendvc = 0
50	5380: S, vc0
Error setting saddr = 52
	6999: X, vc0
Error setting daddr = 55
Error setting class = 1
Error setting class = 1
51	6116: E, vc0
Error setting saddr = 33
Error setting daddr = 17
Error setting class = 0
	7393: X, vc0
Error setting lat = 1
	7416: X, vc1
Error setting saddr = 18
52	4237: X, vc1
Error setting daddr = 17
	4291: X, vc2
Error setting class = 1
	4372: N, vc0
Error setting lat = 1
	6116: X, vc0
Error setting saddr = 50
53	5077: X, vc1
Error setting daddr = 34
	5108: X, vc0
Error setting class = 3
54	4237: X, vc0
Error setting lat = 3
	4291: X, vc1
Error setting saddr = 9
	5380: E, vc0
Error setting daddr = 9
	8020: X, vc2
Error setting class = 1
55	4345: X, vc0
Error setting lat = 1
	4372: X, vc1
Error setting saddr = 2
	5380: E, vc0
Error setting daddr = 16
	5403: E, vc1
Error setting class = 0
56	4237: X, vc2
Error setting lat = 3
	4291: X, vc3
Error setting saddr = 0
	5380: XE, vc0
Error setting daddr = 0
	5403: XE, vc1
Error setting class = 3
Error setting lat = 1
Error setting saddr = 4
Error setting daddr = 240
Error setting class = 0
57	4372: S, vc0
Error setting lat = 19
	5380: N, vc0
Error setting saddr = 22
	5403: SN, vc1
Error setting daddr = 6
65	5403: N, vc0
Error setting daddr = 8
66	5380: E, vc0
Error setting daddr = 85
	5403: EW, vc0
Error setting daddr = 21
67	5380: E, vc0
Error setting class = 0
	5403: E, vc1
Error setting class = 0
	7226: X, vc0
Error setting class = 0
68	5242: X, vc1
Error setting class = 0
	5273: X, vc0
Error setting lat = 3
	5380: E, vc0
Error setting lat = 5
	5403: E, vc1
Error setting lat = 1
69	4237: X, vc2
Error setting lat = 1
	4291: X, vc3
Error setting saddr = 9
	5380: XE, vc0
Error setting daddr = 9
	5403: X, vc0
Error setting class = 0
70	4772: X, vc1
Error setting lat = 1
	4799: X, vc0
Error setting saddr = 2
	5380: N, vc0
Error setting daddr = 16
71	4372: N, vc0
Error setting class = 1
	6232: X, vc1
Error setting lat = 3
	6256: X, vc0
Error setting saddr = 0
72	4372: W, vc0
Error setting daddr = 0
	5187: X, vc1
Error setting class = 1
	5218: X, vc0
Error setting lat = 1
73	4372: W, vc0
Error setting saddr = 4
	5403: S, vc0
Error setting daddr = 240
Error setting class = 1
Error setting lat = 19
Error setting saddr = 4
Error setting daddr = 54
82	5403: N, vc0
Error setting daddr = 19
84	6232: X, vc1
Error setting class = 2
	6256: X, vc0
Error setting class = 2
85	4906: X, vc0
Error setting lat = 5
	4983: X, vc1
Error setting lat = 2
86	6232: X, vc1
Error setting saddr = 4
	6256: X, vc0
Error setting daddr = 4
87	4824: X, vc0
Error setting class = 3
	4851: X, vc1
Error setting lat = 1
88	6232: X, vc1
Error setting qdiv = 512
	6256: X, vc0
Error setting sendvc = 0
89	5403: S, vc0
Error setting saddr = 16
98	5403: N, vc0
Error setting daddr = 1
99	5403: W, vc0
Error setting daddr = 35
103	6232: X, vc1
Error setting daddr = 24
	6256: X, vc0
Error setting daddr = 20
105	5403: S, vc0
Error setting daddr = 69
115	5403: N, vc0
Error setting daddr = 56
116	5403: W, vc0
Error setting class = 1
117	5403: W, vc0
Error setting class = 1
118	5403: W, vc0
Error setting class = 1
119	5403: W, vc0
Error setting class = 1
120	5403: W, vc0
Error setting class = 1
	6232: X, vc1
Error setting class = 1
	6256: X, vc0
Error setting class = 1
121	5403: W, vc0
Error setting class = 1
240	3987: X, vc0
Error setting class = 1
	4016: X, vc1
Error setting class = 1
Parsed placement file.
Error setting class = 1
Error setting class = 1
Error setting qdiv = 512
Error setting sendvc = 0
Error setting saddr = 55
Set ejection VC at addr 84 to 0
Error setting daddr = 24
Set ejection VC at addr 103 to 0
Error setting daddr = 20
Set ejection VC at addr 88 to 0
Error setting daddr = 69
Set ejection VC at addr 86 to 0
Error setting daddr = 56
Set ejection VC at addr 3 to 0
Error setting daddr = 1
Set ejection VC at addr 5 to 0
Error setting daddr = 35
Set ejection VC at addr 71 to 0
Error setting class = 0
Error setting class = 0
Error setting class = 0
Set ejection VC at addr 120 to 0
Error setting class = 0
Link specified in placement file.
Error setting class = 0
Changing link to static with placed latencies.
Error setting class = 0
Set lat 4 from 0 to 0
Error setting class = 0
Set lat 6 from 0 to 1
Error setting class = 0
Set lat 2 from 0 to 2
Error setting class = 0
Set lat 4 from 0 to 3
Error setting class = 0
Set lat 6 from 0 to 4
Error setting class = 0
Set lat 2 from 0 to 5
Error setting class = 0
Set lat 6 from 0 to 6
Error setting saddr = 4
Set lat 4 from 0 to 7
Error setting daddr = 4
Error setting daddr = 17
Error setting daddr = 54
Set ejection VC at addr 84 to 1
Error setting daddr = 9
Set ejection VC at addr 103 to 1
Error setting daddr = 52
Set ejection VC at addr 88 to 1
Error setting daddr = 24
Set ejection VC at addr 86 to 1
Error setting daddr = 20
Set ejection VC at addr 3 to 1
Error setting daddr = 69
Error setting daddr = 56
Error setting daddr = 19
Error setting class = 1
Error setting class = 3
Error setting class = 1
Error setting class = 3
Error setting class = 2
Error setting class = 3
Error setting class = 3
Error setting class = 3
Error setting class = 3
Set ejection VC at addr 5 to 1
Error setting class = 1
Error setting lat = 2
Error setting lat = 9
Error setting lat = 1
Set ejection VC at addr 71 to 1
Error setting lat = 5
Error setting lat = 1
Error setting lat = 11
Error setting lat = 3
Error setting lat = 5
Error setting lat = 4
Error setting lat = 7
Error setting qdiv = 512
Error setting sendvc = 0
Error setting saddr = 17
Error setting daddr = 52
Error setting daddr = 18
Error setting class = 0
Error setting class = 0
Error setting class = 0
Error setting class = 0
Error setting saddr = 34
Error setting daddr = 33
Error setting daddr = 50
Error setting class = 0
Error setting class = 0
Error setting lat = 1
Error setting lat = 1
Error setting saddr = 4
Error setting daddr = 2
Set ejection VC at addr 120 to 1
Error setting class = 0
Link specified in placement file.
Error setting lat = 2
Error setting saddr = 4
Error setting daddr = 0
Error setting class = 2
Changing link to static with placed latencies.
Error setting lat = 4
Set lat 14 from 0 to 0
Error setting saddr = 0
Set lat 20 from 0 to 1
Error setting daddr = 49
Error setting class = 0
Set lat 16 from 0 to 2
Error setting lat = 4
Set lat 18 from 0 to 3
Error setting saddr = 4
Set lat 20 from 0 to 4
Error setting daddr = 4
Set lat 22 from 0 to 5
Error setting daddr = 17
Set lat 20 from 0 to 6
Error setting daddr = 54
Set lat 22 from 0 to 7
Error setting daddr = 9
Set lat 1 from 0 to 0
Error setting daddr = 52
Set ejection VC at addr 9 to 4
Error setting daddr = 24
Error setting daddr = 20
Error setting daddr = 69
Error setting daddr = 56
Link specified in placement file.
Error setting daddr = 1
Changing link to static with placed latencies.
Error setting daddr = 35
Set lat 5 from 0 to 0
Error setting daddr = 19
Set ejection VC at addr 7 to 0
Error setting class = 0
Link specified in placement file.
Error setting class = 2
Changing link to static with placed latencies.
Error setting class = 0
Set lat 5 from 0 to 0
Error setting class = 2
Set ejection VC at addr 34 to 0
Error setting class = 1
Link specified in placement file.
Error setting class = 2
Changing link to static with placed latencies.
Error setting class = 2
Set lat 2 from 0 to 0
Error setting class = 2
Set ejection VC at addr 87 to 0
Error setting class = 2
Link specified in placement file.
Error setting class = 2
Changing link to static with placed latencies.
Error setting class = 2
Set lat 3 from 0 to 0
Error setting class = 0
Set ejection VC at addr 70 to 1
Error setting lat = 2
Link specified in placement file.
Error setting lat = 3
Changing link to static with placed latencies.
Error setting lat = 1
Set lat 1 from 0 to 0
Error setting lat = 5
Set ejection VC at addr 36 to 1
Error setting lat = 9
Link specified in placement file.
Error setting lat = 5
Changing link to static with placed latencies.
Error setting lat = 3
Set lat 7 from 0 to 0
Error setting lat = 5
Error setting lat = 4
Error setting lat = 11
Error setting lat = 1
Error setting lat = 7
Error setting saddr = 49
Error setting daddr = 4
Error setting class = 2
Set ejection VC at addr 23 to 0
Error setting lat = 6
Error setting saddr = 1
Error setting daddr = 0
Error setting class = 0
Error setting lat = 1
Error setting saddr = 85
Error setting daddr = 72
Error setting class = 1
Error setting lat = 4
Error setting saddr = 70
Error setting daddr = 85
Error setting class = 1
Error setting lat = 2
Error setting saddr = 87
Link specified in placement file.
Error setting daddr = 21
Changing link to static with placed latencies.
Error setting class = 1
Set lat 5 from 0 to 0
Error setting lat = 6
Set ejection VC at addr 68 to 0
Error setting saddr = 21
Link specified in placement file.
Error setting daddr = 68
Error setting class = 1
Changing link to static with placed latencies.
Error setting lat = 4
Set lat 3 from 0 to 0
Error setting saddr = 23
Set ejection VC at addr 72 to 0
Error setting daddr = 6
Link specified in placement file.
Error setting class = 1
Changing link to static with placed latencies.
Error setting lat = 2
Set lat 1 from 0 to 0
Error setting saddr = 6
Set ejection VC at addr 40 to 0
Error setting daddr = 53
Link specified in placement file.
Error setting class = 1
Changing link to static with placed latencies.
Error setting lat = 4
Set lat 13 from 0 to 0
Error setting saddr = 36
Set ejection VC at addr 53 to 0
Error setting daddr = 8
Link specified in placement file.
Error setting class = 1
Changing link to static with placed latencies.
Error setting lat = 6
Set lat 5 from 0 to 0
Error setting saddr = 8
Set ejection VC at addr 22 to 0
Error setting daddr = 40
Link specified in placement file.
Error setting class = 1
Changing link to static with placed latencies.
Error setting lat = 2
Set lat 8 from 0 to 0
== Loading device model file '/home/yaqiz/plastisim/configs/DDR3_micron_64M_8B_x4_sg15.ini' == 
Set ejection VC at addr 51 to 1
Link specified in placement file.
Changing link to static with placed latencies.
Set lat 15 from 0 to 0
Set ejection VC at addr 67 to 0
Link specified in placement file.
Changing link to static with placed latencies.
Set lat 1 from 0 to 0
Set ejection VC at addr 51 to 0
Link specified in placement file.
Changing link to static with placed latencies.
Set lat 1 from 0 to 0
Set ejection VC at addr 34 to 2
== Loading system model file '/home/yaqiz/plastisim/configs/system.ini' == 
Link specified in placement file.
===== MemorySystem 0 =====
Changing link to static with placed latencies.
Set lat 2 from 0 to 0
Set ejection VC at addr 37 to 0
CH. 0 TOTAL_STORAGE : 4096MB | 1 Ranks | 16 Devices per rank
Link specified in placement file.
===== MemorySystem 1 =====
Changing link to static with placed latencies.
Set lat 1 from 0 to 0
Set ejection VC at addr 38 to 1
CH. 1 TOTAL_STORAGE : 4096MB | 1 Ranks | 16 Devices per rank
Link specified in placement file.
===== MemorySystem 2 =====
Changing link to static with placed latencies.
Set lat 1 from 0 to 0
CH. 2 TOTAL_STORAGE : 4096MB | 1 Ranks | 16 Devices per rank
Set ejection VC at addr 39 to 0
===== MemorySystem 3 =====
Link specified in placement file.
CH. 3 TOTAL_STORAGE : 4096MB | 1 Ranks | 16 Devices per rank
Changing link to static with placed latencies.
Set lat 1 from 0 to 0
Set ejection VC at addr 38 to 0
Link specified in placement file.
Changing link to static with placed latencies.
Set lat 1 from 0 to 0
Set ejection VC at addr 34 to 1
Link specified in placement file.
Changing link to static with placed latencies.
Set lat 6 from 0 to 0
Set ejection VC at addr 55 to 0
Link specified in placement file.
Changing link to static with placed latencies.
Set lat 5 from 0 to 0
Set ejection VC at addr 23 to 1
Link specified in placement file.
Changing link to static with placed latencies.
Set lat 3 from 0 to 0
Set ejection VC at addr 36 to 0
Link specified in placement file.
Changing link to static with placed latencies.
Set lat 1 from 0 to 0
Set ejection VC at addr 70 to 0
Link specified in placement file.
Changing link to static with placed latencies.
Set lat 1 from 0 to 0
Set ejection VC at addr 87 to 1
Link specified in placement file.
Changing link to static with placed latencies.
Set lat 3 from 0 to 0
Setting quality factor slowdown of 1 for 4372
Set bits per phit to 512
Set ejection VC at addr 55 to 1
Link specified in placement file.
Updating dynamic link exit VCs.
1 hops for route 4372
1 hops for route 4372
1 hops for route 4372
1 hops for route 4372
1 hops for route 4372
1 hops for route 4372
1 hops for route 4372
1 hops for route 4372
1 hops for route 4372
1 hops for route 4372
1 hops for route 4372
1 hops for route 4372
Set exit class for pos 0 to 1 (rt 4372)
1 hops for route 4372
1 hops for route 4372
1 hops for route 4372
1 hops for route 4372
Set ejection VC at addr 17 to 0
Link specified in placement file.
Changing link to static with placed latencies.
Set lat 1 from 0 to 0
Set ejection VC at addr 17 to 1
Link specified in placement file.
Changing link to static with placed latencies.
Set lat 1 from 0 to 0
Set ejection VC at addr 34 to 3
Link specified in placement file.
Changing link to static with placed latencies.
Set lat 3 from 0 to 0
Set ejection VC at addr 9 to 1
Link specified in placement file.
Changing link to static with placed latencies.
Set lat 1 from 0 to 0
Set ejection VC at addr 16 to 0
Link specified in placement file.
Changing link to static with placed latencies.
Set lat 3 from 0 to 0
Set ejection VC at addr 0 to 3
Link specified in placement file.
Changing link to static with placed latencies.
Set lat 1 from 0 to 0
Set ejection VC at addr 240 to 0
Link specified in placement file.
Changing link to static with placed latencies.
Set lat 19 from 0 to 0
Set ejection VC at addr 6 to 0
Set ejection VC at addr 8 to 0
Set ejection VC at addr 85 to 0
Set ejection VC at addr 21 to 0
Link specified in placement file.
Changing link to static with placed latencies.
Set lat 3 from 0 to 0
Set lat 5 from 0 to 1
Set lat 1 from 0 to 2
Set lat 1 from 0 to 3
Set lat 1 from 0 to 0
Set lat 1 from 0 to 0
Set lat 1 from 0 to 0
Set lat 1 from 0 to 0
Set lat 1 from 0 to 0
Set lat 1 from 0 to 0
Set lat 1 from 0 to 0
Set lat 1 from 1 to 0
Set lat 1 from 0 to 0
Set lat 1 from 1 to 0
Set lat 1 from 0 to 0
Set lat 1 from 1 to 0
Set lat 1 from 0 to 0
Set lat 1 from 1 to 0
Set lat 1 from 0 to 0
Set lat 1 from 0 to 0
Set lat 1 from 0 to 0
Set lat 1 from 0 to 0
Set ejection VC at addr 9 to 0
Link specified in placement file.
Changing link to static with placed latencies.
Set lat 1 from 0 to 0
Set ejection VC at addr 16 to 1
Link specified in placement file.
Changing link to static with placed latencies.
Set lat 3 from 0 to 0
Set ejection VC at addr 0 to 1
Link specified in placement file.
Changing link to static with placed latencies.
Set lat 1 from 0 to 0
Set ejection VC at addr 240 to 1
Link specified in placement file.
Changing link to static with placed latencies.
Set lat 19 from 0 to 0
Set ejection VC at addr 54 to 2
Set ejection VC at addr 19 to 2
Link specified in placement file.
Changing link to static with placed latencies.
Set lat 5 from 0 to 0
Set lat 2 from 0 to 1
Set ejection VC at addr 4 to 3
Link specified in placement file.
Changing link to static with placed latencies.
Set lat 1 from 0 to 0
Setting quality factor slowdown of 1 for 5380
Set bits per phit to 512
Set ejection VC at addr 1 to 1
Set ejection VC at addr 35 to 1
Set ejection VC at addr 24 to 1
Set ejection VC at addr 20 to 1
Set ejection VC at addr 69 to 1
Set ejection VC at addr 56 to 1
Link specified in placement file.
Updating dynamic link exit VCs.
1 hops for route 5380
Set exit class for pos 0 to 1 (rt 5380)
1 hops for route 5380
1 hops for route 5380
2 hops for route 5380
2 hops for route 5380
1 hops for route 5380
2 hops for route 5380
1 hops for route 5380
Set exit class for pos 3 to 1 (rt 5380)
1 hops for route 5380
Set exit class for pos 2 to 1 (rt 5380)
1 hops for route 5380
1 hops for route 5380
1 hops for route 5380
1 hops for route 5380
Set exit class for pos 1 to 1 (rt 5380)
1 hops for route 5380
1 hops for route 5380
1 hops for route 5380
1 hops for route 5380
1 hops for route 5380
2 hops for route 5380
Set exit class for pos 5 to 1 (rt 5380)
1 hops for route 5380
1 hops for route 5380
1 hops for route 5380
1 hops for route 5380
2 hops for route 5380
Set exit class for pos 4 to 1 (rt 5380)
1 hops for route 5380
Setting quality factor slowdown of 1 for 5403
Set bits per phit to 512
Set ejection VC at addr 24 to 0
Set ejection VC at addr 20 to 0
Set ejection VC at addr 69 to 0
Set ejection VC at addr 56 to 0
Set ejection VC at addr 1 to 0
Set ejection VC at addr 35 to 0
Link specified in placement file.
Updating dynamic link exit VCs.
1 hops for route 5403
2 hops for route 5403
Set exit class for pos 4 to 0 (rt 5403)
1 hops for route 5403
1 hops for route 5403
1 hops for route 5403
1 hops for route 5403
1 hops for route 5403
2 hops for route 5403
1 hops for route 5403
Set exit class for pos 1 to 0 (rt 5403)
1 hops for route 5403
Set exit class for pos 0 to 0 (rt 5403)
1 hops for route 5403
1 hops for route 5403
1 hops for route 5403
Set exit class for pos 5 to 0 (rt 5403)
1 hops for route 5403
1 hops for route 5403
1 hops for route 5403
1 hops for route 5403
2 hops for route 5403
Set exit class for pos 3 to 0 (rt 5403)
2 hops for route 5403
1 hops for route 5403
2 hops for route 5403
1 hops for route 5403
1 hops for route 5403
1 hops for route 5403
Set exit class for pos 2 to 0 (rt 5403)
1 hops for route 5403
1 hops for route 5403
1 hops for route 5403
1 hops for route 5403
1 hops for route 5403
1 hops for route 5403
1 hops for route 5403
1 hops for route 5403
1 hops for route 5403
1 hops for route 5403
1 hops for route 5403
1 hops for route 5403
1 hops for route 5403
Set ejection VC at addr 4 to 1
Set ejection VC at addr 17 to 3
Set ejection VC at addr 54 to 1
Set ejection VC at addr 9 to 3
Set ejection VC at addr 52 to 2
Set ejection VC at addr 24 to 3
Set ejection VC at addr 20 to 3
Set ejection VC at addr 69 to 3
Set ejection VC at addr 56 to 3
Set ejection VC at addr 19 to 1
Link specified in placement file.
Changing link to static with placed latencies.
Set lat 2 from 0 to 0
Set lat 9 from 0 to 1
Set lat 1 from 0 to 2
Set lat 5 from 0 to 3
Set lat 1 from 0 to 4
Set lat 11 from 0 to 5
Set lat 3 from 0 to 6
Set lat 5 from 0 to 7
Set lat 4 from 0 to 8
Set lat 7 from 0 to 9
Set lat 1 from 0 to 0
Set lat 1 from 0 to 0
Set lat 1 from 0 to 0
Set lat 1 from 0 to 0
Set lat 1 from 0 to 0
Set lat 1 from 0 to 0
Set lat 1 from 0 to 0
Set lat 1 from 0 to 0
Setting quality factor slowdown of 1 for 6116
Set bits per phit to 512
Set ejection VC at addr 52 to 0
Set ejection VC at addr 18 to 0
Link specified in placement file.
Updating dynamic link exit VCs.
1 hops for route 6116
2 hops for route 6116
Set exit class for pos 1 to 0 (rt 6116)
1 hops for route 6116
1 hops for route 6116
1 hops for route 6116
1 hops for route 6116
Set exit class for pos 0 to 0 (rt 6116)
Set ejection VC at addr 33 to 0
Set ejection VC at addr 50 to 0
Link specified in placement file.
Changing link to static with placed latencies.
Set lat 1 from 0 to 0
Set lat 1 from 0 to 1
Set ejection VC at addr 2 to 0
Link specified in placement file.
Changing link to static with placed latencies.
Set lat 2 from 0 to 0
Set ejection VC at addr 0 to 2
Link specified in placement file.
Changing link to static with placed latencies.
Set lat 4 from 0 to 0
Set ejection VC at addr 49 to 0
Link specified in placement file.
Changing link to static with placed latencies.
Set lat 4 from 0 to 0
Set ejection VC at addr 4 to 0
Set ejection VC at addr 17 to 2
Set ejection VC at addr 54 to 0
Set ejection VC at addr 9 to 2
Set ejection VC at addr 52 to 1
Set ejection VC at addr 24 to 2
Set ejection VC at addr 20 to 2
Set ejection VC at addr 69 to 2
Set ejection VC at addr 56 to 2
Set ejection VC at addr 1 to 2
Set ejection VC at addr 35 to 2
Set ejection VC at addr 19 to 0
Link specified in placement file.
Changing link to static with placed latencies.
Set lat 2 from 0 to 0
Set lat 3 from 0 to 1
Set lat 1 from 0 to 2
Set lat 5 from 0 to 3
Set lat 9 from 0 to 4
Set lat 5 from 0 to 5
Set lat 3 from 0 to 6
Set lat 5 from 0 to 7
Set lat 4 from 0 to 8
Set lat 11 from 0 to 9
Set lat 1 from 0 to 10
Set lat 7 from 0 to 11
Set ejection VC at addr 4 to 2
Link specified in placement file.
Changing link to static with placed latencies.
Set lat 6 from 0 to 0
Set lat 1 from 0 to 0
Set lat 1 from 0 to 0
Set lat 1 from 0 to 0
Set lat 1 from 0 to 0
Set lat 1 from 0 to 0
Set lat 1 from 0 to 0
Set lat 1 from 0 to 0
Set lat 1 from 0 to 0
Set lat 1 from 0 to 0
Set lat 1 from 0 to 0
Set lat 1 from 0 to 0
Set lat 1 from 0 to 0
Set ejection VC at addr 0 to 0
Link specified in placement file.
Changing link to static with placed latencies.
Set lat 1 from 0 to 0
Set ejection VC at addr 72 to 1
Link specified in placement file.
Changing link to static with placed latencies.
Set lat 4 from 0 to 0
Set ejection VC at addr 85 to 1
Link specified in placement file.
Changing link to static with placed latencies.
Set lat 2 from 0 to 0
Set ejection VC at addr 21 to 1
Link specified in placement file.
Changing link to static with placed latencies.
Set lat 6 from 0 to 0
Set ejection VC at addr 68 to 1
Link specified in placement file.
Changing link to static with placed latencies.
Set lat 4 from 0 to 0
Set ejection VC at addr 6 to 1
Link specified in placement file.
Changing link to static with placed latencies.
Set lat 2 from 0 to 0
Set ejection VC at addr 53 to 1
Link specified in placement file.
Changing link to static with placed latencies.
Set lat 4 from 0 to 0
Set ejection VC at addr 8 to 1
Link specified in placement file.
Changing link to static with placed latencies.
Set lat 6 from 0 to 0
Set ejection VC at addr 40 to 1
Link specified in placement file.
Changing link to static with placed latencies.
Set lat 2 from 0 to 0
Number of network classes: 5
Child process has pid -22464
Parsed definitions of all elements.
Total of 97 links:
  0: RetimingFIFO2643_RetimingFIFO2667_RetimingFIFO2690_RetimingFIFO2713_RetimingFIFO2736_RetimingFIFO2759_RetimingFIFO2782_RetimingFIFO2805
    
  1: RetimingFIFO2635_RetimingFIFO2659_RetimingFIFO2682_RetimingFIFO2705_RetimingFIFO2728_RetimingFIFO2751_RetimingFIFO2774_RetimingFIFO2797
    
  2: SRAM132
    
  3: DramAddress270
    
  4: RetimingFIFO3466
    
  5: RetimingFIFO3601
    
  6: RetimingFIFO3135
    
  7: RetimingFIFO3054
    
  8: RetimingFIFO2973
    
  9: RetimingFIFO2892
    
  10: RetimingFIFO3538
    
  11: RetimingFIFO3456
    
  12: RetimingFIFO3374
    
  13: RetimingFIFO3292
    
  14: RetimingFIFO2820
    
  15: RetimingFIFO2514
    
  16: RetimingFIFO3548
    
  17: RetimingFIFO2542
    
  18: RetimingFIFO3610
    
  19: RetimingFIFO3302
    
  20: RetimingFIFO2458
    
  21: RetimingFIFO3384
    
  22: RetimingFIFO2486
    
  23: RetimingFIFO3619
    
  24: RetimingFIFO2116
    
  25: RetimingFIFO2920
    
  26: RetimingFIFO3001
    
  27: RetimingFIFO3082
    
  28: RetimingFIFO3163
    
  29: RetimingFIFO2144
    
  30: RetimingFIFO2359
    
  31: RetimingFIFO2387
    
  32: RetimingFIFO2570
    
  33: StreamOut261
    
  34: StreamOut24
    
  35: StreamOut1301
    
  36: StreamOut157
    
  37: RetimingFIFO3191_RetimingFIFO3207_RetimingFIFO3223_RetimingFIFO3239
    
  38: SRAM836
    
  39: SRAM837
    
  40: SRAM834
    
  41: SRAM835
    
  42: SRAM17
    
  43: SRAM18
    
  44: SRAM19
    
  45: SRAM20
    
  46: SRAM21
    
  47: SRAM22
    
  48: SRAM105
    
  49: SRAM328
    
  50: SRAM106
    
  51: SRAM329
    
  52: StreamOut262
    
  53: StreamOut25
    
  54: StreamOut1302
    
  55: StreamOut158
    
  56: TokenIn7995_TokenIn8008
    
  57: DramAddress183
    
  58: RetimingFIFO1924_RetimingFIFO1982_RetimingFIFO2011_RetimingFIFO2040_RetimingFIFO2069_RetimingFIFO1953
    
  59: RetimingFIFO2154_RetimingFIFO2212_RetimingFIFO2226_RetimingFIFO2255_RetimingFIFO2284_RetimingFIFO2183
    
  60: ArgIn1894_ArgIn1826_ArgIn1860_ArgIn5548_ArgIn5685_ArgIn5822_ArgIn5959_ArgIn6072_ArgIn8059_ArgIn8134
    
  61: SRAM131
    
  62: SRAM130
    
  63: SRAM129
    
  64: SRAM128
    
  65: SRAM127
    
  66: SRAM126
    
  67: SRAM125
    
  68: SRAM124
    
  69: RetimingFIFO2397_RetimingFIFO2426
    
  70: RetimingFIFO2580_RetimingFIFO2609
    
  71: DramAddress35
    
  72: DramAddress1313
    
  73: StreamIn1304
    
  74: ArgIn4435_ArgIn4539_ArgIn4613_ArgIn5310_ArgIn7558_ArgIn7610_ArgIn7671_ArgIn7732_ArgIn7793_ArgIn7854_ArgIn8040_ArgIn8115
    
  75: TokenOut1487
    
  76: TokenIn6007
    
  77: TokenIn6020
    
  78: TokenIn5870
    
  79: TokenIn5883
    
  80: TokenIn5733
    
  81: TokenIn5746
    
  82: TokenIn5596
    
  83: TokenIn5609
    
  84: TokenIn5472
    
  85: TokenIn5459
    
  86: TokenIn5367
    
  87: TokenIn5354
    
  88: StreamOut1303
    
  89: Reg662
    
  90: Reg359
    
  91: Reg361
    
  92: Reg663
    
  93: Reg355
    
  94: Reg660
    
  95: Reg357
    
  96: Reg661
    
Total of 82 nodes:
  0: CE8268
    [StreamOut25 *8 /1] [StreamOut24 *8 /1]  => [RetimingFIFO1924_RetimingFIFO1982_RetimingFIFO2011_RetimingFIFO2040_RetimingFIFO2069_RetimingFIFO1953] 
  1: CE8282
    [StreamOut158 *8 /1] [StreamOut157 *8 /1]  => [RetimingFIFO2635_RetimingFIFO2659_RetimingFIFO2682_RetimingFIFO2705_RetimingFIFO2728_RetimingFIFO2751_RetimingFIFO2774_RetimingFIFO2797] 
  2: CE8296
    [StreamOut262 *32 /1] [StreamOut261 *32 /1]  => [RetimingFIFO2820] 
  3: CE9232
    [RetimingFIFO2820 *1 /1]  => [SRAM132] 
  4: CE9222
    [SRAM132 *128 /1]  => [RetimingFIFO3191_RetimingFIFO3207_RetimingFIFO3223_RetimingFIFO3239] 
  5: CE8336
     => [DramAddress270] [TokenIn7995_TokenIn8008] [DramAddress183] [ArgIn1894_ArgIn1826_ArgIn1860_ArgIn5548_ArgIn5685_ArgIn5822_ArgIn5959_ArgIn6072_ArgIn8059_ArgIn8134] [DramAddress35] [DramAddress1313] [ArgIn4435_ArgIn4539_ArgIn4613_ArgIn5310_ArgIn7558_ArgIn7610_ArgIn7671_ArgIn7732_ArgIn7793_ArgIn7854_ArgIn8040_ArgIn8115] 
  6: CE8354
    [TokenOut1487 *1 /1]  => 
  7: CE8374
    [DramAddress35 *1 /1]  => [StreamOut25] [StreamOut24] 
  8: CE8402
    [DramAddress1313 *1 /1]  => [StreamOut1302] [StreamOut1301] 
  9: CE8442
    [ArgIn4435_ArgIn4539_ArgIn4613_ArgIn5310_ArgIn7558_ArgIn7610_ArgIn7671_ArgIn7732_ArgIn7793_ArgIn7854_ArgIn8040_ArgIn8115 *32768 /1] [ArgIn1894_ArgIn1826_ArgIn1860_ArgIn5548_ArgIn5685_ArgIn5822_ArgIn5959_ArgIn6072_ArgIn8059_ArgIn8134 *32768 /1] [DramAddress183 *32768 /1]  => [StreamOut158] [StreamOut157] 
  10: CE8462
    [ArgIn4435_ArgIn4539_ArgIn4613_ArgIn5310_ArgIn7558_ArgIn7610_ArgIn7671_ArgIn7732_ArgIn7793_ArgIn7854_ArgIn8040_ArgIn8115 *262144 /1] [ArgIn1894_ArgIn1826_ArgIn1860_ArgIn5548_ArgIn5685_ArgIn5822_ArgIn5959_ArgIn6072_ArgIn8059_ArgIn8134 *262144 /1] [TokenIn7995_TokenIn8008 *262144 /1]  => [RetimingFIFO2643_RetimingFIFO2667_RetimingFIFO2690_RetimingFIFO2713_RetimingFIFO2736_RetimingFIFO2759_RetimingFIFO2782_RetimingFIFO2805] 
  11: CE8482
    [ArgIn4435_ArgIn4539_ArgIn4613_ArgIn5310_ArgIn7558_ArgIn7610_ArgIn7671_ArgIn7732_ArgIn7793_ArgIn7854_ArgIn8040_ArgIn8115 *64 /1] [ArgIn1894_ArgIn1826_ArgIn1860_ArgIn5548_ArgIn5685_ArgIn5822_ArgIn5959_ArgIn6072_ArgIn8059_ArgIn8134 *64 /1] [DramAddress270 *64 /1]  => [StreamOut262] [StreamOut261] 
  12: CE9366
    [ArgIn4435_ArgIn4539_ArgIn4613_ArgIn5310_ArgIn7558_ArgIn7610_ArgIn7671_ArgIn7732_ArgIn7793_ArgIn7854_ArgIn8040_ArgIn8115 *65536 /1] [ArgIn1894_ArgIn1826_ArgIn1860_ArgIn5548_ArgIn5685_ArgIn5822_ArgIn5959_ArgIn6072_ArgIn8059_ArgIn8134 *65536 /1] [TokenIn7995_TokenIn8008 *65536 /1]  => [RetimingFIFO3601] 
  13: CE9042
    [RetimingFIFO2635_RetimingFIFO2659_RetimingFIFO2682_RetimingFIFO2705_RetimingFIFO2728_RetimingFIFO2751_RetimingFIFO2774_RetimingFIFO2797 *1 /1] [RetimingFIFO2643_RetimingFIFO2667_RetimingFIFO2690_RetimingFIFO2713_RetimingFIFO2736_RetimingFIFO2759_RetimingFIFO2782_RetimingFIFO2805 *1 /1]  => [SRAM124] 
  14: CE9030
    [SRAM124 *1024 /1]  => [RetimingFIFO3292] 
  15: CE9066
    [RetimingFIFO2635_RetimingFIFO2659_RetimingFIFO2682_RetimingFIFO2705_RetimingFIFO2728_RetimingFIFO2751_RetimingFIFO2774_RetimingFIFO2797 *1 /1] [RetimingFIFO2643_RetimingFIFO2667_RetimingFIFO2690_RetimingFIFO2713_RetimingFIFO2736_RetimingFIFO2759_RetimingFIFO2782_RetimingFIFO2805 *1 /1]  => [SRAM125] 
  16: CE9054
    [SRAM125 *1024 /1]  => [RetimingFIFO3374] 
  17: CE9090
    [RetimingFIFO2635_RetimingFIFO2659_RetimingFIFO2682_RetimingFIFO2705_RetimingFIFO2728_RetimingFIFO2751_RetimingFIFO2774_RetimingFIFO2797 *1 /1] [RetimingFIFO2643_RetimingFIFO2667_RetimingFIFO2690_RetimingFIFO2713_RetimingFIFO2736_RetimingFIFO2759_RetimingFIFO2782_RetimingFIFO2805 *1 /1]  => [SRAM126] 
  18: CE9078
    [SRAM126 *1024 /1]  => [RetimingFIFO3456] 
  19: CE9114
    [RetimingFIFO2635_RetimingFIFO2659_RetimingFIFO2682_RetimingFIFO2705_RetimingFIFO2728_RetimingFIFO2751_RetimingFIFO2774_RetimingFIFO2797 *1 /1] [RetimingFIFO2643_RetimingFIFO2667_RetimingFIFO2690_RetimingFIFO2713_RetimingFIFO2736_RetimingFIFO2759_RetimingFIFO2782_RetimingFIFO2805 *1 /1]  => [SRAM127] 
  20: CE9102
    [SRAM127 *1024 /1]  => [RetimingFIFO3538] 
  21: CE9138
    [RetimingFIFO2635_RetimingFIFO2659_RetimingFIFO2682_RetimingFIFO2705_RetimingFIFO2728_RetimingFIFO2751_RetimingFIFO2774_RetimingFIFO2797 *1 /1] [RetimingFIFO2643_RetimingFIFO2667_RetimingFIFO2690_RetimingFIFO2713_RetimingFIFO2736_RetimingFIFO2759_RetimingFIFO2782_RetimingFIFO2805 *1 /1]  => [SRAM128] 
  22: CE9126
    [SRAM128 *1024 /1]  => [RetimingFIFO2892] 
  23: CE9162
    [RetimingFIFO2635_RetimingFIFO2659_RetimingFIFO2682_RetimingFIFO2705_RetimingFIFO2728_RetimingFIFO2751_RetimingFIFO2774_RetimingFIFO2797 *1 /1] [RetimingFIFO2643_RetimingFIFO2667_RetimingFIFO2690_RetimingFIFO2713_RetimingFIFO2736_RetimingFIFO2759_RetimingFIFO2782_RetimingFIFO2805 *1 /1]  => [SRAM129] 
  24: CE9150
    [SRAM129 *1024 /1]  => [RetimingFIFO2973] 
  25: CE9186
    [RetimingFIFO2635_RetimingFIFO2659_RetimingFIFO2682_RetimingFIFO2705_RetimingFIFO2728_RetimingFIFO2751_RetimingFIFO2774_RetimingFIFO2797 *1 /1] [RetimingFIFO2643_RetimingFIFO2667_RetimingFIFO2690_RetimingFIFO2713_RetimingFIFO2736_RetimingFIFO2759_RetimingFIFO2782_RetimingFIFO2805 *1 /1]  => [SRAM130] 
  26: CE9174
    [SRAM130 *1024 /1]  => [RetimingFIFO3054] 
  27: CE9210
    [RetimingFIFO2635_RetimingFIFO2659_RetimingFIFO2682_RetimingFIFO2705_RetimingFIFO2728_RetimingFIFO2751_RetimingFIFO2774_RetimingFIFO2797 *1 /1] [RetimingFIFO2643_RetimingFIFO2667_RetimingFIFO2690_RetimingFIFO2713_RetimingFIFO2736_RetimingFIFO2759_RetimingFIFO2782_RetimingFIFO2805 *1 /1]  => [SRAM131] 
  28: CE9198
    [SRAM131 *1024 /1]  => [RetimingFIFO3135] 
  29: CE8362
    [StreamIn1304 *1 /1]  => [TokenOut1487] 
  30: CE9020
    [RetimingFIFO2397_RetimingFIFO2426 *1 /1]  => [SRAM106] 
  31: CE9010
    [SRAM106 *8 /1]  => [RetimingFIFO2387] 
  32: CE9252
    [RetimingFIFO2580_RetimingFIFO2609 *1 /1]  => [SRAM328] 
  33: CE9242
    [SRAM328 *8 /1]  => [RetimingFIFO2359] 
  34: CE8420
    [ArgIn4435_ArgIn4539_ArgIn4613_ArgIn5310_ArgIn7558_ArgIn7610_ArgIn7671_ArgIn7732_ArgIn7793_ArgIn7854_ArgIn8040_ArgIn8115 *512 /1] [ArgIn1894_ArgIn1826_ArgIn1860_ArgIn5548_ArgIn5685_ArgIn5822_ArgIn5959_ArgIn6072_ArgIn8059_ArgIn8134 *512 /1] [RetimingFIFO2359 *1 /1] [RetimingFIFO2387 *1 /1]  => [RetimingFIFO2397_RetimingFIFO2426] 
  35: CE8996
    [ArgIn4435_ArgIn4539_ArgIn4613_ArgIn5310_ArgIn7558_ArgIn7610_ArgIn7671_ArgIn7732_ArgIn7793_ArgIn7854_ArgIn8040_ArgIn8115 *512 /1] [ArgIn1894_ArgIn1826_ArgIn1860_ArgIn5548_ArgIn5685_ArgIn5822_ArgIn5959_ArgIn6072_ArgIn8059_ArgIn8134 *512 /1] [RetimingFIFO2397_RetimingFIFO2426 *1 /1]  => [SRAM105] 
  36: CE8982
    [SRAM105 *8 /1]  => [RetimingFIFO2144] 
  37: CE9272
    [RetimingFIFO2580_RetimingFIFO2609 *1 /1]  => [SRAM329] 
  38: CE9262
    [SRAM329 *8 /1]  => [RetimingFIFO2570] 
  39: CE9292
    [RetimingFIFO3302 *1 /1]  => [SRAM834] 
  40: CE9282
    [SRAM834 *8 /1]  => [RetimingFIFO2458] 
  41: CE9312
    [RetimingFIFO3384 *1 /1]  => [SRAM835] 
  42: CE9302
    [SRAM835 *8 /1]  => [RetimingFIFO2486] 
  43: CE9382
    [RetimingFIFO2486 *1 /1] [RetimingFIFO2458 *1 /1]  => [RetimingFIFO3619] 
  44: CE9332
    [RetimingFIFO3466 *1 /1]  => [SRAM836] 
  45: CE9322
    [SRAM836 *8 /1]  => [RetimingFIFO2514] 
  46: CE9352
    [RetimingFIFO3548 *1 /1]  => [SRAM837] 
  47: CE9342
    [SRAM837 *8 /1]  => [RetimingFIFO2542] 
  48: CE9418
    [RetimingFIFO2542 *1 /1] [RetimingFIFO2514 *1 /1]  => [RetimingFIFO3610] 
  49: CE9400
    [RetimingFIFO2570 *1 /1] [RetimingFIFO3601 *1 /1] [RetimingFIFO3610 *1 /1] [RetimingFIFO3619 *1 /1]  => [RetimingFIFO2580_RetimingFIFO2609] 
  50: CE8312
    [StreamOut1302 *8 /1] [StreamOut1303 *1 /1] [StreamOut1301 *8 /1]  => [StreamIn1304] 
  51: CE8388
    [RetimingFIFO2116 *1 /1] [RetimingFIFO2144 *1 /1]  => [RetimingFIFO2154_RetimingFIFO2212_RetimingFIFO2226_RetimingFIFO2255_RetimingFIFO2284_RetimingFIFO2183] 
  52: CE8682
    [RetimingFIFO1924_RetimingFIFO1982_RetimingFIFO2011_RetimingFIFO2040_RetimingFIFO2069_RetimingFIFO1953 *1 /1]  => [TokenIn5354] 
  53: CE8700
    [ArgIn4435_ArgIn4539_ArgIn4613_ArgIn5310_ArgIn7558_ArgIn7610_ArgIn7671_ArgIn7732_ArgIn7793_ArgIn7854_ArgIn8040_ArgIn8115 *32 /1] [TokenIn5354 *32 /1] [RetimingFIFO2154_RetimingFIFO2212_RetimingFIFO2226_RetimingFIFO2255_RetimingFIFO2284_RetimingFIFO2183 *1 /1]  => [TokenIn5367] [SRAM17] 
  54: CE8668
    [TokenIn5367 *8 /1] [SRAM17 *8 /1]  => [StreamOut1303] 
  55: CE8732
    [RetimingFIFO1924_RetimingFIFO1982_RetimingFIFO2011_RetimingFIFO2040_RetimingFIFO2069_RetimingFIFO1953 *1 /1]  => [TokenIn5459] 
  56: CE8750
    [ArgIn4435_ArgIn4539_ArgIn4613_ArgIn5310_ArgIn7558_ArgIn7610_ArgIn7671_ArgIn7732_ArgIn7793_ArgIn7854_ArgIn8040_ArgIn8115 *32 /1] [TokenIn5459 *32 /1] [RetimingFIFO2154_RetimingFIFO2212_RetimingFIFO2226_RetimingFIFO2255_RetimingFIFO2284_RetimingFIFO2183 *1 /1]  => [TokenIn5472] [SRAM18] 
  57: CE8718
    [TokenIn5472 *8 /1] [SRAM18 *8 /1]  => [RetimingFIFO2116] 
  58: CE8794
    [RetimingFIFO1924_RetimingFIFO1982_RetimingFIFO2011_RetimingFIFO2040_RetimingFIFO2069_RetimingFIFO1953 *1 /1]  => [TokenIn5596] [SRAM19] 
  59: CE8774
    [ArgIn4435_ArgIn4539_ArgIn4613_ArgIn5310_ArgIn7558_ArgIn7610_ArgIn7671_ArgIn7732_ArgIn7793_ArgIn7854_ArgIn8040_ArgIn8115 *65536 /1] [TokenIn5596 *65536 /1] [ArgIn1894_ArgIn18et lat 4 from 0 to 8
Set lat 7 from 0 to 9
Set lat 1 from 0 to 0
Set lat 1 from 0 to 0
Set lat 1 from 0 to 0
Set lat 1 from 0 to 0
Set lat 1 from 0 to 0
Set lat 1 from 0 to 0
Set lat 1 from 0 to 0
Set lat 1 from 0 to 0
Setting quality factor slowdown of 1 for 6116
Set bits per phit to 512
Set ejection VC at addr 52 to 0
Set ejection VC at addr 18 to 0
Link specified in placement file.
Updating dynamic link exit VCs.
1 hops for route 6116
2 hops for route 6116
Set exit class for pos 1 to 0 (rt 6116)
1 hops for route 6116
1 hops for route 6116
1 hops for route 6116
1 hops for route 6116
Set exit class for pos 0 to 0 (rt 6116)
DRAMSim2 Clock Frequency =800000000Hz, CPU Clock Frequency=1000000000Hz
Set ejection VC at addr 33 to 0
Set ejection VC at addr 50 to 0
Link specified in placement file.
Changing link to static with placed latencies.
Set lat 1 from 0 to 0
Set lat 1 from 0 to 1
Set ejection VC at addr 2 to 0
Link specified in placement file.
Changing link to static with placed latencies.
Set lat 2 from 0 to 0
Set ejection VC at addr 0 to 2
Link specified in placement file.
Changing link to static with placed latencies.
Set lat 4 from 0 to 0
Set ejection VC at addr 49 to 0
Link specified in placement file.
Changing link to static with placed latencies.
Set lat 4 from 0 to 0
Set ejection VC at addr 4 to 0
Set ejection VC at addr 17 to 2
Set ejection VC at addr 54 to 0
Set ejection VC at addr 9 to 2
Set ejection VC at addr 52 to 1
Set ejection VC at addr 24 to 2
Set ejection VC at addr 20 to 2
Set ejection VC at addr 69 to 2
Set ejection VC at addr 56 to 2
Set ejection VC at addr 1 to 2
Set ejection VC at addr 35 to 2
Set ejection VC at addr 19 to 0
Link specified in placement file.
Changing link to static with placed latencies.
Set lat 2 from 0 to 0
Set lat 3 from 0 to 1
Set lat 1 from 0 to 2
Set lat 5 from 0 to 3
Set lat 9 from 0 to 4
Set lat 5 from 0 to 5
Set lat 3 from 0 to 6
Set lat 5 from 0 to 7
Set lat 4 from 0 to 8
Set lat 11 from 0 to 9
Set lat 1 from 0 to 10
Set lat 7 from 0 to 11
Set ejection VC at addr 4 to 2
Link specified in placement file.
Changing link to static with placed latencies.
Set lat 6 from 0 to 0
Set lat 1 from 0 to 0
Set lat 1 from 0 to 0
Set lat 1 from 0 to 0
Set lat 1 from 0 to 0
Set lat 1 from 0 to 0
Set lat 1 from 0 to 0
Set lat 1 from 0 to 0
Set lat 1 from 0 to 0
Set lat 1 from 0 to 0
Set lat 1 from 0 to 0
Set lat 1 from 0 to 0
Set lat 1 from 0 to 0
Set ejection VC at addr 0 to 0
Link specified in placement file.
Changing link to static with placed latencies.
Set lat 1 from 0 to 0
Set ejection VC at addr 72 to 1
Link specified in placement file.
Changing link to static with placed latencies.
Set lat 4 from 0 to 0
Set ejection VC at addr 85 to 1
Link specified in placement file.
Changing link to static with placed latencies.
Set lat 2 from 0 to 0
Set ejection VC at addr 21 to 1
Link specified in placement file.
Changing link to static with placed latencies.
Set lat 6 from 0 to 0
Set ejection VC at addr 68 to 1
Link specified in placement file.
Changing link to static with placed latencies.
Set lat 4 from 0 to 0
Set ejection VC at addr 6 to 1
Link specified in placement file.
Changing link to static with placed latencies.
Set lat 2 from 0 to 0
Set ejection VC at addr 53 to 1
Link specified in placement file.
Changing link to static with placed latencies.
Set lat 4 from 0 to 0
Set ejection VC at addr 8 to 1
Link specified in placement file.
Changing link to static with placed latencies.
Set lat 6 from 0 to 0
Set ejection VC at addr 40 to 1
Link specified in placement file.
Changing link to static with placed latencies.
Set lat 2 from 0 to 0
Number of network classes: 5
I'm the child process!
GPGPU-Sim uArch: interconnect node map (shaderID+MemID to icntID)
GPGPU-Sim uArch: Memory nodes ID start from index: 256
GPGPU-Sim uArch:    0   1   2   3   4   5   6   7   8   9  10  11  12  13  14  15
GPGPU-Sim uArch:   16  17  18  19  20  21  22  23  24  25  26  27  28  29  30  31
GPGPU-Sim uArch:   32  33  34  35  36  37  38  39  40  41  42  43  44  45  46  47
GPGPU-Sim uArch:   48  49  50  51  52  53  54  55  56  57  58  59  60  61  62  63
GPGPU-Sim uArch:   64  65  66  67  68  69  70  71  72  73  74  75  76  77  78  79
GPGPU-Sim uArch:   80  81  82  83  84  85  86  87  88  89  90  91  92  93  94  95
GPGPU-Sim uArch:   96  97  98  99 100 101 102 103 104 105 106 107 108 109 110 111
GPGPU-Sim uArch:  112 113 114 115 116 117 118 119 120 121 122 123 124 125 126 127
GPGPU-Sim uArch:  128 129 130 131 132 133 134 135 136 137 138 139 140 141 142 143
GPGPU-Sim uArch:  144 145 146 147 148 149 150 151 152 153 154 155 156 157 158 159
GPGPU-Sim uArch:  160 161 162 163 164 165 166 167 168 169 170 171 172 173 174 175
GPGPU-Sim uArch:  176 177 178 179 180 181 182 183 184 185 186 187 188 189 190 191
GPGPU-Sim uArch:  192 193 194 195 196 197 198 199 200 201 202 203 204 205 206 207
GPGPU-Sim uArch:  208 209 210 211 212 213 214 215 216 217 218 219 220 221 222 223
GPGPU-Sim uArch:  224 225 226 227 228 229 230 231 232 233 234 235 236 237 238 239
GPGPU-Sim uArch:  240 241 242 243 244 245 246 247 248 249 250 251 252 253 254 255
GPGPU-Sim uArch: interconnect node reverse map (icntID to shaderID+MemID)
GPGPU-Sim uArch: Memory nodes start from ID: 256
GPGPU-Sim uArch:    0   1   2   3   4   5   6   7   8   9  10  11  12  13  14  15
GPGPU-Sim uArch:   16  17  18  19  20  21  22  23  24  25  26  27  28  29  30  31
GPGPU-Sim uArch:   32  33  34  35  36  37  38  39  40  41  42  43  44  45  46  47
GPGPU-Sim uArch:   48  49  50  51  52  53  54  55  56  57  58  59  60  61  62  63
GPGPU-Sim uArch:   64  65  66  67  68  69  70  71  72  73  74  75  76  77  78  79
GPGPU-Sim uArch:   80  81  82  83  84  85  86  87  88  89  90  91  92  93  94  95
GPGPU-Sim uArch:   96  97  98  99 100 101 102 103 104 105 106 107 108 109 110 111
GPGPU-Sim uArch:  112 113 114 115 116 117 118 119 120 121 122 123 124 125 126 127
GPGPU-Sim uArch:  128 129 130 131 132 133 134 135 136 137 138 139 140 141 142 143
GPGPU-Sim uArch:  144 145 146 147 148 149 150 151 152 153 154 155 156 157 158 159
GPGPU-Sim uArch:  160 161 162 163 164 165 166 167 168 169 170 171 172 173 174 175
GPGPU-Sim uArch:  176 177 178 179 180 181 182 183 184 185 186 187 188 189 190 191
GPGPU-Sim uArch:  192 193 194 195 196 197 198 199 200 201 202 203 204 205 206 207
GPGPU-Sim uArch:  208 209 210 211 212 213 214 215 216 217 218 219 220 221 222 223
GPGPU-Sim uArch:  224 225 226 227 228 229 230 231 232 233 234 235 236 237 238 239
GPGPU-Sim uArch:  240 241 242 243 244 245 246 247 248 249 250 251 252 253 254 255
26_ArgIn1860_ArgIn5548_ArgIn5685_ArgIn5822_ArgIn5959_ArgIn6072_ArgIn8059_ArgIn8134 *65536 /1] [SRAM19 *16384 /1]  => [TokenIn5609] [RetimingFIFO2920] 
  60: CE8808
    [TokenIn5609 *8 /1] [RetimingFIFO2154_RetimingFIFO2212_RetimingFIFO2226_RetimingFIFO2255_RetimingFIFO2284_RetimingFIFO2183 *1 /1]  => [SRAM19] 
  61: CE8848
    [RetimingFIFO1924_RetimingFIFO1982_RetimingFIFO2011_RetimingFIFO2040_RetimingFIFO2069_RetimingFIFO1953 *1 /1]  => [TokenIn5733] [SRAM20] 
  62: CE8828
    [ArgIn4435_ArgIn4539_ArgIn4613_ArgIn5310_ArgIn7558_ArgIn7610_ArgIn7671_ArgIn7732_ArgIn7793_ArgIn7854_ArgIn8040_ArgIn8115 *65536 /1] [TokenIn5733 *65536 /1] [ArgIn1894_ArgIn1826_ArgIn1860_ArgIn5548_ArgIn5685_ArgIn5822_ArgIn5959_ArgIn6072_ArgIn8059_ArgIn8134 *65536 /1] [SRAM20 *16384 /1]  => [TokenIn5746] [RetimingFIFO3001] 
  63: CE8862
    [TokenIn5746 *8 /1] [RetimingFIFO2154_RetimingFIFO2212_RetimingFIFO2226_RetimingFIFO2255_RetimingFIFO2284_RetimingFIFO2183 *1 /1]  => [SRAM20] 
  64: CE8902
    [RetimingFIFO1924_RetimingFIFO1982_RetimingFIFO2011_RetimingFIFO2040_RetimingFIFO2069_RetimingFIFO1953 *1 /1]  => [TokenIn5870] [SRAM21] 
  65: CE8882
    [ArgIn4435_ArgIn4539_ArgIn4613_ArgIn5310_ArgIn7558_ArgIn7610_ArgIn7671_ArgIn7732_ArgIn7793_ArgIn7854_ArgIn8040_ArgIn8115 *65536 /1] [TokenIn5870 *65536 /1] [ArgIn1894_ArgIn1826_ArgIn1860_ArgIn5548_ArgIn5685_ArgIn5822_ArgIn5959_ArgIn6072_ArgIn8059_ArgIn8134 *65536 /1] [SRAM21 *16384 /1]  => [TokenIn5883] [RetimingFIFO3082] 
  66: CE8916
    [TokenIn5883 *8 /1] [RetimingFIFO2154_RetimingFIFO2212_RetimingFIFO2226_RetimingFIFO2255_RetimingFIFO2284_RetimingFIFO2183 *1 /1]  => [SRAM21] 
  67: CE8956
    [RetimingFIFO1924_RetimingFIFO1982_RetimingFIFO2011_RetimingFIFO2040_RetimingFIFO2069_RetimingFIFO1953 *1 /1]  => [TokenIn6007] [SRAM22] 
  68: CE8936
    [ArgIn4435_ArgIn4539_ArgIn4613_ArgIn5310_ArgIn7558_ArgIn7610_ArgIn7671_ArgIn7732_ArgIn7793_ArgIn7854_ArgIn8040_ArgIn8115 *65536 /1] [TokenIn6007 *65536 /1] [ArgIn1894_ArgIn1826_ArgIn1860_ArgIn5548_ArgIn5685_ArgIn5822_ArgIn5959_ArgIn6072_ArgIn8059_ArgIn8134 *65536 /1] [SRAM22 *16384 /1]  => [TokenIn6020] [RetimingFIFO3163] 
  69: CE8970
    [TokenIn6020 *8 /1] [RetimingFIFO2154_RetimingFIFO2212_RetimingFIFO2226_RetimingFIFO2255_RetimingFIFO2284_RetimingFIFO2183 *1 /1]  => [SRAM22] 
  70: CE8500
    [RetimingFIFO2892 *1 /1] [RetimingFIFO2920 *1 /1]  => [Reg355] 
  71: CE8514
    [RetimingFIFO2973 *1 /1] [RetimingFIFO3001 *1 /1]  => [Reg357] 
  72: CE8528
    [RetimingFIFO3054 *1 /1] [RetimingFIFO3082 *1 /1]  => [Reg359] 
  73: CE8542
    [RetimingFIFO3135 *1 /1] [RetimingFIFO3163 *1 /1]  => [Reg361] 
  74: CE8556
    [Reg355 *1 /1] [RetimingFIFO3191_RetimingFIFO3207_RetimingFIFO3223_RetimingFIFO3239 *1 /1]  => [Reg660] 
  75: CE8570
    [Reg357 *1 /1] [RetimingFIFO3191_RetimingFIFO3207_RetimingFIFO3223_RetimingFIFO3239 *1 /1]  => [Reg661] 
  76: CE8584
    [Reg359 *1 /1] [RetimingFIFO3191_RetimingFIFO3207_RetimingFIFO3223_RetimingFIFO3239 *1 /1]  => [Reg662] 
  77: CE8598
    [Reg361 *1 /1] [RetimingFIFO3191_RetimingFIFO3207_RetimingFIFO3223_RetimingFIFO3239 *1 /1]  => [Reg663] 
  78: CE8612
    [Reg660 *8 /1] [RetimingFIFO3292 *1 /1]  => [RetimingFIFO3302] 
  79: CE8626
    [Reg661 *8 /1] [RetimingFIFO3374 *1 /1]  => [RetimingFIFO3384] 
  80: CE8640
    [Reg662 *8 /1] [RetimingFIFO3456 *1 /1]  => [RetimingFIFO3466] 
  81: CE8654
    [Reg663 *8 /1] [RetimingFIFO3538 *1 /1]  => [RetimingFIFO3548] 

10000...
20000...
30000...
40000...
50000...
60000...
70000...
80000...
90000...
100000...
110000...
120000...
130000...
140000...
150000...
160000...
170000...
180000...
190000...
200000...
210000...
220000...
230000...
240000...
250000...
260000...
270000...
280000...
290000...
300000...
310000...
320000...
330000...
340000...
Simulation complete at cycle: 344896
[[32mpsim[0m] Simulation complete at cycle: 344896
CE8268: Active:   0.0 Stalled:   0.0 Starved: 100.0 Total Active:        8 Total Output:        8 Expected Active:        8 Last Activity: 344875 
	       8        8 
	DRAM:   0.00 GB/s (  0.00 GB/s R,   0.00 GB/s W)
	ROB remaining: 0
CE8282: Active:  76.0 Stalled:   0.0 Starved:   1.3 Total Active:   262144 Total Output:   262144 Expected Active:   262144 Last Activity: 4541 
	  262144   262144 
	DRAM:  48.64 GB/s ( 48.64 GB/s R,   0.00 GB/s W)
	ROB remaining: 0
CE8296: Active:   0.6 Stalled:  88.0 Starved:  23.5 Total Active:     2048 Total Output:     2048 Expected Active:     2048 Last Activity: 80903 
	    2048     2048 
	DRAM:   0.38 GB/s (  0.38 GB/s R,   0.00 GB/s W)
	ROB remaining: 0
CE9232: Active:   0.6 Stalled:  89.6 Starved:  11.4 Total Active:     2048 Total Output:     2048 Expected Active:     2048 Last Activity: 38728 
	    2048 
CE9222: Active:   2.4 Stalled:  97.1 Starved:   0.6 Total Active:     8192 Total Output:     8192 Expected Active:     8192 Last Activity: 1715 
	    8192 
CE8336: Active:   0.0 Stalled:   0.0 Starved: 100.0 Total Active:        1 Total Output:        1 Expected Active:        1 Last Activity: 344895 
	
CE8354: Active:   0.0 Stalled:   0.0 Starved: 100.0 Total Active:        1 Total Output:        1 Expected Active:        1 Last Activity: 1 
	       1 
CE8374: Active:   0.0 Stalled:   0.0 Starved: 100.0 Total Active:        1 Total Output:        1 Expected Active:        1 Last Activity: 344891 
	       1 
CE8402: Active:   0.0 Stalled:   0.0 Starved: 100.0 Total Active:        1 Total Output:        1 Expected Active:        1 Last Activity: 344891 
	       1 
CE8442: Active:   9.5 Stalled:  89.0 Starved:   1.5 Total Active:    32768 Total Output:    32768 Expected Active:    32768 Last Activity: 5142 
	   32768    32768    32768 
CE8462: Active:  76.0 Stalled:  22.8 Starved:   1.2 Total Active:   262144 Total Output:   262144 Expected Active:   262144 Last Activity: 4234 
	  262144   262144   262144 
CE8482: Active:   0.0 Stalled:  47.2 Starved:  66.7 Total Active:       64 Total Output:       64 Expected Active:       64 Last Activity: 229969 
	      64       64       64 
CE9366: Active:  19.0 Stalled:  80.9 Starved:   0.1 Total Active:    65536 Total Output:    65536 Expected Active:    65536 Last Activity: 509 
	   65536    65536    65536 
CE9042: Active:  76.0 Stalled:   0.0 Starved:  24.0 Total Active:   262144 Total Output:   262144 Expected Active:   262144 Last Activity: 4218 
	  262144   262144 
CE9030: Active:  19.0 Stalled:  42.9 Starved:  38.1 Total Active:    65536 Total Output:    65536 Expected Active:    65536 Last Activity: 875 
	   65536 
CE9066: Active:  76.0 Stalled:   0.0 Starved:  24.0 Total Active:   262144 Total Output:   262144 Expected Active:   262144 Last Activity: 4218 
	  262144   262144 
CE9054: Active:  19.0 Stalled:  42.0 Starved:  39.0 Total Active:    65536 Total Output:    65536 Expected Active:    65536 Last Activity: 925 
	   65536 
CE9090: Active:  76.0 Stalled:   0.0 Starved:  24.0 Total Active:   262144 Total Output:   262144 Expected Active:   262144 Last Activity: 4218 
	  262144   262144 
CE9078: Active:  19.0 Stalled:  41.6 Starved:  39.4 Total Active:    65536 Total Output:    65536 Expected Active:    65536 Last Activity: 948 
	   65536 
CE9114: Active:  76.0 Stalled:   0.0 Starved:  24.0 Total Active:   262144 Total Output:   262144 Expected Active:   262144 Last Activity: 4218 
	  262144   262144 
CE9102: Active:  19.0 Stalled:  43.8 Starved:  37.6 Total Active:    65536 Total Output:    65536 Expected Active:    65536 Last Activity: 848 
	   65536 
CE9138: Active:  76.0 Stalled:   0.0 Starved:  24.0 Total Active:   262144 Total Output:   262144 Expected Active:   262144 Last Activity: 4218 
	  262144   262144 
CE9126: Active:  19.0 Stalled:  26.9 Starved:  54.5 Total Active:    65536 Total Output:    65536 Expected Active:    65536 Last Activity: 1759 
	   65536 
CE9162: Active:  76.0 Stalled:   0.0 Starved:  24.0 Total Active:   262144 Total Output:   262144 Expected Active:   262144 Last Activity: 4218 
	  262144   262144 
CE9150: Active:  19.0 Stalled:  24.4 Starved:  56.6 Total Active:    65536 Total Output:    65536 Expected Active:    65536 Last Activity: 1875 
	   65536 
CE9186: Active:  76.0 Stalled:   0.0 Starved:  24.0 Total Active:   262144 Total Output:   262144 Expected Active:   262144 Last Activity: 4218 
	  262144   262144 
CE9174: Active:  19.0 Stalled:  25.6 Starved:  55.8 Total Active:    65536 Total Output:    65536 Expected Active:    65536 Last Activity: 1832 
	   65536 
CE9210: Active:  76.0 Stalled:   0.0 Starved:  24.0 Total Active:   262144 Total Output:   262144 Expected Active:   262144 Last Activity: 4218 
	  262144   262144 
CE9198: Active:  19.0 Stalled:  23.2 Starved:  57.8 Total Active:    65536 Total Output:    65536 Expected Active:    65536 Last Activity: 1939 
	   65536 
CE8362: Active:   0.0 Stalled:   0.0 Starved: 100.0 Total Active:        8 Total Output:        8 Expected Active:        8 Last Activity: 10 
	       8 
CE9020: Active:   0.1 Stalled:   0.0 Starved:  99.9 Total Active:      512 Total Output:      512 Expected Active:      512 Last Activity: 368 
	     512 
CE9010: Active:   0.2 Stalled:  98.5 Starved:  99.8 Total Active:      520 Total Output:      520 Expected Active:      512 Last Activity: 355 BOTH
	     512 
CE9252: Active:  19.0 Stalled:   0.0 Starved:  81.0 Total Active:    65536 Total Output:    65536 Expected Active:    65536 Last Activity: 444 
	   65536 
CE9242: Active:   0.1 Stalled:   0.0 Starved:  99.9 Total Active:      512 Total Output:      512 Expected Active:      512 Last Activity: 431 
	     512 
CE8420: Active:   0.1 Stalled:   0.0 Starved:  99.9 Total Active:      512 Total Output:      512 Expected Active:      512 Last Activity: 425 
	     512      512      512      513 
CE8996: Active:   0.1 Stalled:   0.0 Starved:  99.9 Total Active:      512 Total Output:      512 Expected Active:      512 Last Activity: 345 
	     512      512      512 
CE8982: Active:   0.0 Stalled:   0.0 Starved: 100.0 Total Active:       32 Total Output:       32 Expected Active:       32 Last Activity: 332 
	      32 
CE9272: Active:  19.0 Stalled:   0.0 Starved:  81.0 Total Active:    65536 Total Output:    65536 Expected Active:    65536 Last Activity: 444 
	   65536 
CE9262: Active:  19.0 Stalled:   0.0 Starved:  81.0 Total Active:    65544 Total Output:    65544 Expected Active:    65536 Last Activity: 431 STARVE
	   65536 
CE9292: Active:  19.0 Stalled:  44.6 Starved:  36.7 Total Active:    65536 Total Output:    65536 Expected Active:    65536 Last Activity: 763 
	   65536 
CE9282: Active:  19.0 Stalled:  48.1 Starved:  33.3 Total Active:    65536 Total Output:    65536 Expected Active:    65536 Last Activity: 565 
	   65536 
CE9312: Active:  19.0 Stalled:  44.6 Starved:  36.7 Total Active:    65536 Total Output:    65536 Expected Active:    65536 Last Activity: 763 
	   65536 
CE9302: Active:  19.0 Stalled:  48.1 Starved:  33.3 Total Active:    65536 Total Output:    65536 Expected Active:    65536 Last Activity: 565 
	   65536 
CE9382: Active:  19.0 Stalled:  48.5 Starved:  32.8 Total Active:    65536 Total Output:    65536 Expected Active:    65536 Last Activity: 534 
	   65536    65536 
CE9332: Active:  19.0 Stalled:  43.3 Starved:  38.1 Total Active:    65536 Total Output:    65536 Expected Active:    65536 Last Activity: 837 
	   65536 
CE9322: Active:  19.0 Stalled:  46.7 Starved:  34.7 Total Active:    65536 Total Output:    65536 Expected Active:    65536 Last Activity: 639 
	   65536 
CE9352: Active:  19.0 Stalled:  45.1 Starved:  36.3 Total Active:    65536 Total Output:    65536 Expected Active:    65536 Last Activity: 738 
	   65536 
CE9342: Active:  19.0 Stalled:  48.5 Starved:  32.8 Total Active:    65536 Total Output:    65536 Expected Active:    65536 Last Activity: 540 
	   65536 
CE9418: Active:  19.0 Stalled:  49.0 Starved:  32.4 Total Active:    65536 Total Output:    65536 Expected Active:    65536 Last Activity: 509 
	   65536    65536 
CE9400: Active:  19.0 Stalled:   0.0 Starved:  81.0 Total Active:    65536 Total Output:    65536 Expected Active:    65536 Last Activity: 453 
	   65537    65536    65536    65536 
CE8312: Active:   0.0 Stalled:   0.0 Starved: 100.0 Total Active:        8 Total Output:        8 Expected Active:        8 Last Activity: 49 
	       8        8        8 
	DRAM:   0.00 GB/s (  0.00 GB/s R,   0.00 GB/s W)
	ROB remaining: 0
CE8388: Active:   0.0 Stalled:   0.0 Starved: 100.0 Total Active:       32 Total Output:       32 Expected Active:       32 Last Activity: 228 
	      33       32 
CE8682: Active:   0.0 Stalled:   0.0 Starved: 100.0 Total Active:        8 Total Output:        8 Expected Active:        8 Last Activity: 344778 
	       8 
CE8700: Active:   0.0 Stalled:   0.0 Starved: 100.0 Total Active:       32 Total Output:       32 Expected Active:       32 Last Activity: 69 
	      32       32       32 
CE8668: Active:   0.0 Stalled:   0.0 Starved: 100.0 Total Active:        8 Total Output:        8 Expected Active:        8 Last Activity: 56 
	       8        8 
CE8732: Active:   0.0 Stalled:   0.0 Starved: 100.0 Total Active:        8 Total Output:        8 Expected Active:        8 Last Activity: 344765 
	       8 
CE8750: Active:   0.0 Stalled:   0.0 Starved: 100.0 Total Active:       32 Total Output:       32 Expected Active:       32 Last Activity: 46 
	      32       32       32 
CE8718: Active:   0.0 Stalled:   0.0 Starved: 100.0 Total Active:       40 Total Output:       40 Expected Active:       32 Last Activity: 33 STARVE
	      32       32 
CE8794: Active:   0.0 Stalled:   0.0 Starved: 100.0 Total Active:        8 Total Output:        8 Expected Active:        8 Last Activity: 344695 
	       8 
CE8774: Active:  19.0 Stalled:  79.0 Starved:   1.9 Total Active:    65536 Total Output:    65536 Expected Active:    65536 Last Activity: 1736 
	   65536    65536    65536    81920 
CE8808: Active:   0.0 Stalled:   0.0 Starved: 100.0 Total Active:       32 Total Output:       32 Expected Active:       32 Last Activity: 149 
	      32       32 
CE8848: Active:   0.0 Stalled:   0.0 Starved: 100.0 Total Active:        8 Total Output:        8 Expected Active:        8 Last Activity: 344762 
	       8 
CE8828: Active:  19.0 Stalled:  78.9 Starved:   2.2 Total Active:    65536 Total Output:    65536 Expected Active:    65536 Last Activity: 1847 
	   65536    65536    65536    81920 
CE8862: Active:   0.0 Stalled:   0.0 Starved: 100.0 Total Active:       32 Total Output:       32 Expected Active:       32 Last Activity: 43 
	      32       32 
CE8902: Active:   0.0 Stalled:   0.0 Starved: 100.0 Total Active:        8 Total Output:        8 Expected Active:        8 Last Activity: 344751 
	       8 
CE8882: Active:  19.0 Stalled:  78.9 Starved:   2.1 Total Active:    65536 Total Output:    65536 Expected Active:    65536 Last Activity: 1832 
	   65536    65536    65536    81920 
CE8916: Active:   0.0 Stalled:   0.0 Starved: 100.0 Total Active:       32 Total Output:       32 Expected Active:       32 Last Activity: 92 
	      32       32 
CE8956: Active:   0.0 Stalled:   0.0 Starved: 100.0 Total Active:        8 Total Output:        8 Expected Active:        8 Last Activity: 344728 
	       8 
CE8936: Active:  19.0 Stalled:  78.9 Starved:   2.1 Total Active:    65536 Total Output:    65536 Expected Active:    65536 Last Activity: 1939 
	   65536    65536    65536    81920 
CE8970: Active:   0.0 Stalled:   0.0 Starved: 100.0 Total Active:       32 Total Output:       32 Expected Active:       32 Last Activity: 185 
	      32       32 
CE8500: Active:  19.0 Stalled:  28.2 Starved:  53.1 Total Active:    65536 Total Output:    65536 Expected Active:    65536 Last Activity: 1681 
	   65536    65536 
CE8514: Active:  19.0 Stalled:  26.1 Starved:  55.3 Total Active:    65536 Total Output:    65536 Expected Active:    65536 Last Activity: 1795 
	   65536    65536 
CE8528: Active:  19.0 Stalled:  26.4 Starved:  55.0 Total Active:    65536 Total Output:    65536 Expected Active:    65536 Last Activity: 1780 
	   65536    65536 
CE8542: Active:  19.0 Stalled:  24.5 Starved:  56.9 Total Active:    65536 Total Output:    65536 Expected Active:    65536 Last Activity: 1884 
	   65536    65536 
CE8556: Active:   2.4 Stalled:  48.6 Starved:  52.8 Total Active:     8192 Total Output:     8192 Expected Active:     8192 Last Activity: 1394 
	    8192     8192 
CE8570: Active:   2.4 Stalled:  51.4 Starved:  49.9 Total Active:     8192 Total Output:     8192 Expected Active:     8192 Last Activity: 1280 
	    8192     8192 
CE8584: Active:   2.4 Stalled:  46.2 Starved:  55.1 Total Active:     8192 Total Output:     8192 Expected Active:     8192 Last Activity: 1493 
	    8192     8192 
CE8598: Active:   2.4 Stalled:  49.2 Starved:  52.2 Total Active:     8192 Total Output:     8192 Expected Active:     8192 Last Activity: 1369 
	    8192     8192 
CE8612: Active:  19.0 Stalled:  43.8 Starved:  37.6 Total Active:    65536 Total Output:    65536 Expected Active:    65536 Last Activity: 818 
	   65536    65536 
CE8626: Active:  19.0 Stalled:  43.8 Starved:  37.6 Total Active:    65536 Total Output:    65536 Expected Active:    65536 Last Activity: 818 
	   65536    65536 
CE8640: Active:  19.0 Stalled:  42.0 Starved:  39.4 Total Active:    65536 Total Output:    65536 Expected Active:    65536 Last Activity: 917 
	   65536    65536 
CE8654: Active:  19.0 Stalled:  44.3 Starved:  37.1 Total Active:    65536 Total Output:    65536 Expected Active:    65536 Last Activity: 793 
	   65536    65536 
Total DRAM:	  49.03 GB/s ( 49.03 GB/s R,   0.00 GB/s W)
[[32mpsim[0m] Total DRAM:	  49.03 GB/s ( 49.03 GB/s R,   0.00 GB/s W)
Pending Read: 0	 Pending Write: 0	
Sending shutdown IPC message.
IPC layer sent 344896 msgs recvd 344896 msgs
[pir] Finished 68-PlastisimConfigCodegen to [36mconfig.psim[0m in 87213.120812ms
[pir] Running 69-PlastisimDotCodegen ...[pir] Finished 69-PlastisimDotCodegen to [36mpsim.dot[0m in 5198.816557ms
[pir] Saving node prism.Session@6e27e7e3 to /home/yaqiz/pir/out/LogReg__iters_4_D_128_N_8192_ts_512_op_1_mp_4_psim_D_v1_s4_rq4_f256/LogReg__iters_4_D_128_N_8192_ts_512_op_1_mp_4.sess
[0m[[32msuccess[0m] [0mTotal time: 220 s, completed Aug 6, 2018 1:35:04 AM[0m
-------------PASS (DONE)------------
