Java HotSpot(TM) 64-Bit Server VM warning: ignoring option MaxPermSize=1g; support was removed in 8.0
Picked up _JAVA_OPTIONS: -Xss8192k
[0m[[0minfo[0m] [0mLoading global plugins from /home/yaqiz/.sbt/0.13/plugins[0m
[0m[[0minfo[0m] [0mLoading project definition from /home/yaqiz/pir/project[0m
[0m[[0minfo[0m] [0mSet current project to default-675fdc (in build file:/home/yaqiz/pir/)[0m
[0m[[0minfo[0m] [0mSet current project to apps (in build file:/home/yaqiz/pir/)[0m
[0m[[0minfo[0m] [0mRunning LogReg__iters_4_D_128_N_8192_ts_512_op_1_mp_4 --out=/home/yaqiz/pir/out/LogReg__iters_4_D_128_N_8192_ts_512_op_1_mp_4_psim_v3_s4_cd --psim-out=/home/yaqiz/plastisim/configs/finals/LogReg__iters_4_D_128_N_8192_ts_512_op_1_mp_4_psim_v3_s4_cd --debug=false --verbose=true --dot=false --load-pir=true --save-pir=true --psim=true --trace=true --ctrl=true --bp=false --stat=true --routing-algo=proute --proute-iter=1000 --run-psim=true --arch=MyDesign --row=16 --col=8 --topo=mesh --argin=64 --tokenout=32 --pcu-stage=6 --vc=4 --net=static --vlink=3 --slink=4 --fifo-depth=4 --vfifo=4 --link-prop=cd --flit-width=512[0m
[pir] args=[--load-pir=true, --run-psim=false, --trace=false, --net=static, --stat=false, --vlink=2, --slink=4, --vfifo=4, --row=16, --col=8, --topo=mesh, --routing-algo=proute, --psim-timeout=100000000, --mapping=true, --splitting=true, --save-pir=true, --load-spade=false, --save-spade=false, --splitting-algo=alias_weighted_igraph, --ctrl=true, --bp=false, --snapint=10, --snapshot=false, --dot=true, --psim=true, --arch=MyDesign, --nn=false, --dag=true, --pattern=checkerboard, --argin=20, --argout=4, --tokenout=5, --fifo-depth=10, --vc=10, --routing-cost=H-hop, --out=/home/yaqiz/pir/out/LogReg__iters_4_D_128_N_8192_ts_512_op_1_mp_4_psim_v3_s4_cd, --psim-out=/home/yaqiz/plastisim/configs/finals/LogReg__iters_4_D_128_N_8192_ts_512_op_1_mp_4_psim_v3_s4_cd, --debug=false, --verbose=true, --dot=false, --load-pir=true, --save-pir=true, --psim=true, --trace=true, --ctrl=true, --bp=false, --stat=true, --routing-algo=proute, --proute-iter=1000, --run-psim=true, --arch=MyDesign, --row=16, --col=8, --topo=mesh, --argin=64, --tokenout=32, --pcu-stage=6, --vc=4, --net=static, --vlink=3, --slink=4, --fifo-depth=4, --vfifo=4, --link-prop=cd, --flit-width=512]
[pir] Output directory set to [36m/home/yaqiz/pir/out/LogReg__iters_4_D_128_N_8192_ts_512_op_1_mp_4_psim_v3_s4_cd[0m
[pir] Loading from /home/yaqiz/pir/out/LogReg__iters_4_D_128_N_8192_ts_512_op_1_mp_4_psim_v3_s4_cd/LogReg__iters_4_D_128_N_8192_ts_512_op_1_mp_4.pir[pir] Loading PIRDesign() from /home/yaqiz/pir/out/LogReg__iters_4_D_128_N_8192_ts_512_op_1_mp_4_psim_v3_s4_cd/LogReg__iters_4_D_128_N_8192_ts_512_op_1_mp_4.pir
[pir] Configuring spade MyDesign ...
[pir] Loading from /home/yaqiz/pir/out/LogReg__iters_4_D_128_N_8192_ts_512_op_1_mp_4_psim_v3_s4_cd/LogReg__iters_4_D_128_N_8192_ts_512_op_1_mp_4.sess[pir] Loading prism.Session@69382e0f from /home/yaqiz/pir/out/LogReg__iters_4_D_128_N_8192_ts_512_op_1_mp_4_psim_v3_s4_cd/LogReg__iters_4_D_128_N_8192_ts_512_op_1_mp_4.sess
[pir] Saving node PIRDesign() to /home/yaqiz/pir/out/LogReg__iters_4_D_128_N_8192_ts_512_op_1_mp_4_psim_v3_s4_cd/LogReg__iters_4_D_128_N_8192_ts_512_op_1_mp_4.pir
[pir] Running 53-PlastisimDotCodegen ...[pir] Finished 53-PlastisimDotCodegen to [36mpsim.dot[0m in 4194.926648ms
[pir] Running 54-ControllerDotCodegen ...[pir] Finished 54-ControllerDotCodegen to [36mcontroller.dot[0m in 2744.369115ms
[pir] Running 55-PIRIRDotCodegen ...[pir] Finished 55-PIRIRDotCodegen to [36mtop.dot[0m in 6128.717973ms
[pir] Running 56-SimpleIRDotCodegen ...[pir] Finished 56-SimpleIRDotCodegen to [36msimple.dot[0m in 1310.856297ms
[pir] Running 58-CUPruning ...[pir] Finished 58-CUPruning in 3655.723001ms
[pir] Running 59-CUPlacer ...[[32msuccess[0m] CUPlacer succeeded
[pir] Finished 59-CUPlacer in 604110.158177ms
[pir] Running 60-CUStatistics ...[pir] =========== Post-splitting CU Statistics ==================
[pir] number of cus=52
[pir] number of ocu = 1
[pir] - cin (1.00,1.00,1.00) sin (0.00,0.00,0.00) vin (0.00,0.00,0.00)
[pir] - cout (1.00,1.00,1.00) sout (0.00,0.00,0.00) vout (0.00,0.00,0.00)
[pir] - stages (0.00,0.00,0.00)
[pir] number of pcu = 19
[pir] - cin (0.00,0.11,1.00) sin (0.00,0.95,2.00) vin (0.00,1.26,4.00)
[pir] - cout (0.00,0.00,0.00) sout (0.00,0.42,1.00) vout (0.00,0.58,1.00)
[pir] - stages (1.00,3.21,6.00)
[pir] number of dag = 4
[pir] - cin (0.00,0.00,0.00) sin (1.00,2.00,3.00) vin (0.00,0.00,0.00)
[pir] - cout (0.00,0.00,0.00) sout (2.00,2.00,2.00) vout (0.00,0.00,0.00)
[pir] - stages (1.00,2.25,5.00)
[pir] number of pmu = 23
[pir] - cin (0.00,0.00,0.00) sin (0.00,0.52,2.00) vin (1.00,1.61,2.00)
[pir] - cout (0.00,0.00,0.00) sout (0.00,0.04,1.00) vout (0.00,0.96,1.00)
[pir] - stages (0.00,0.70,2.00)
[pir] number of dfg = 4
[pir] - cin (0.00,0.00,0.00) sin (2.00,2.00,2.00) vin (0.00,0.25,1.00)
[pir] - cout (0.00,0.25,1.00) sout (0.00,0.00,0.00) vout (0.00,0.75,1.00)
[pir] - stages (0.00,0.00,0.00)
[pir] number of afg = 1
[pir] - cin (1.00,1.00,1.00) sin (0.00,0.00,0.00) vin (0.00,0.00,0.00)
[pir] - cout (1.00,1.00,1.00) sout (6.00,6.00,6.00) vout (0.00,0.00,0.00)
[pir] - stages (0.00,0.00,0.00)
[pir] compute CU = 20
[pir] memory CU = 23
[pir] mc CU = 4
[pir] Total = 24
[pir] PCU = 21 / 64 (32.81%)
[pir] PMU-comp = 0 / 64 (0.00%)
[pir] PMU-mem = 23 / 64 (35.94%)
[pir] AG-ag = 2 / 34 (5.88%)
[pir] AG-comp = 1 / 34 (2.94%)
[pir] MC = 4 / 34 (11.76%)
[pir] Finished 60-CUStatistics to [36mstat.json[0m in 996.593629ms
[pir] Running 61-PIRNetworkDotCodegen ...[pir] Finished 61-PIRNetworkDotCodegen to [36mcontrol.dot[0m in 1136.546509ms
[pir] Running 62-PIRNetworkDotCodegen ...[pir] Finished 62-PIRNetworkDotCodegen to [36mscalar.dot[0m in 1295.082382ms
[pir] Running 63-PIRNetworkDotCodegen ...[pir] Finished 63-PIRNetworkDotCodegen to [36mvector.dot[0m in 1076.503585ms
[pir] Running 64-TerminalCSVCodegen ...[pir] Finished 64-TerminalCSVCodegen to [36mnode.csv[0m in 9.786393ms
[pir] Running 65-LinkCSVCodegen ...[pir] Finished 65-LinkCSVCodegen to [36mlink.csv[0m in 6834.270376ms
[pir] Running 66-PlastisimPlacementCodegen ...[[32mpir[0m] 
StatHopsScal: 680099,StatHopsCtrl: 64,StatHopsVec: 19425688
[pir] Finished 66-PlastisimPlacementCodegen to [36mfinal.place[0m in 6239.960458ms
[pir] Running 67-PlastisimDotCodegen ...[pir] Finished 67-PlastisimDotCodegen to [36mpsim.dot[0m in 6175.910994ms
[pir] Running 68-PlastisimConfigCodegen ...[[33mcommand[0m] ln -f /home/yaqiz/plastisim/configs/mesh_generic.cfg /home/yaqiz/plastisim/configs/finals/LogReg__iters_4_D_128_N_8192_ts_512_op_1_mp_4_psim_v3_s4_cd/
[[33mpsim[0m] /home/yaqiz/plastisim/plastisim -f /home/yaqiz/plastisim/configs/finals/LogReg__iters_4_D_128_N_8192_ts_512_op_1_mp_4_psim_v3_s4_cd/config.psim -p /home/yaqiz/plastisim/configs/finals/LogReg__iters_4_D_128_N_8192_ts_512_op_1_mp_4_psim_v3_s4_cd/final.place -c 100000000 -l C -w 512 -q1
[[33mpsim[0m] log in /home/yaqiz/pir/out/LogReg__iters_4_D_128_N_8192_ts_512_op_1_mp_4_psim_v3_s4_cd/psim.log
Error setting saddr = 0
Set non-priority VC slowdown to 1
Error setting daddr = 0
Error setting daddr = 0
Error setting daddr = 0
Error setting daddr = 0
Error setting daddr = 0
Error setting daddr = 0
Error setting daddr = 0
Error setting daddr = 0
Error setting class = 0
Error setting class = 0
Error setting class = 0
Error setting class = 0
Error setting class = 0
Error setting class = 0
Error setting class = 0
Error setting class = 0
Error setting lat = 7
Changing to config directory: /home/yaqiz/plastisim/configs/finals/LogReg__iters_4_D_128_N_8192_ts_512_op_1_mp_4_psim_v3_s4_cd
Error setting lat = 5
Constructing NetworkLink.
Constructing NetworkLink.
Error setting lat = 3
Constructing NetworkLink.
Error setting lat = 6
Constructing NetworkLink.
Error setting lat = 6
Error setting lat = 2
Error setting lat = 2
Error setting lat = 4
Constructing NetworkLink.
Error setting saddr = 0
Constructing NetworkLink.
Error setting daddr = 0
Constructing NetworkLink.
Constructing NetworkLink.
Constructing NetworkLink.
Error setting daddr = 0
Constructing NetworkLink.
Error setting daddr = 0
Constructing NetworkLink.
Constructing NetworkLink.
Constructing NetworkLink.
Error setting daddr = 0
Constructing NetworkLink.
Error setting daddr = 0
Constructing NetworkLink.
Error setting daddr = 0
Constructing NetworkLink.
Constructing NetworkLink.
Constructing NetworkLink.
Error setting daddr = 0
Constructing NetworkLink.
Error setting daddr = 0
Constructing NetworkLink.
Constructing NetworkLink.
Error setting class = 0
Constructing NetworkLink.
Error setting class = 0
Error setting class = 0
Error setting class = 0
Error setting class = 0
Constructing NetworkLink.
Constructing NetworkLink.
Constructing NetworkLink.
Constructing NetworkLink.
Error setting class = 0
Constructing NetworkLink.
Constructing NetworkLink.
Constructing NetworkLink.
Constructing NetworkLink.
Constructing NetworkLink.
Constructing NetworkLink.
Constructing NetworkLink.
Constructing NetworkLink.
Constructing NetworkLink.
Constructing NetworkLink.
Constructing NetworkLink.
Constructing NetworkLink.
Constructing NetworkLink.
Constructing NetworkLink.
Constructing NetworkLink.
Constructing NetworkLink.
Constructing NetworkLink.
Constructing NetworkLink.
Constructing NetworkLink.
Error setting class = 0
Constructing NetworkLink.
Constructing NetworkLink.
Constructing NetworkLink.
Error setting class = 0
Error setting lat = 4
Error setting lat = 6
Error setting lat = 8
Error setting lat = 12
Error setting lat = 6
Error setting lat = 10
Error setting lat = 10
Error setting lat = 12
Error setting saddr = 0
Error setting daddr = 0
Error setting class = 0
Error setting lat = 17
Error setting saddr = 0
Error setting daddr = 0
Error setting class = 0
Error setting lat = 2
Error setting saddr = 0
Error setting daddr = 0
Error setting class = 0
Error setting lat = 5
Error setting saddr = 0
Error setting daddr = 0
Error setting class = 0
Error setting lat = 3
Constructing NetworkLink.
Error setting saddr = 0
Error setting daddr = 0
Error setting class = 0
Error setting lat = 4
Error setting saddr = 0
Error setting daddr = 0
Error setting class = 0
Constructing NetworkLink.
Constructing NetworkLink.
Constructing NetworkLink.
Constructing NetworkLink.
Constructing NetworkLink.
Constructing NetworkLink.
Constructing NetworkLink.
Constructing NetworkLink.
Constructing NetworkLink.
Constructing NetworkLink.
Constructing NetworkLink.
Constructing NetworkLink.
Constructing NetworkLink.
Error setting lat = 2
Added all names to the symbol table.
Adding static hop for route 3934 (1591->55, lat 5).
Adding static hop for route 3963 (1591->55, lat 6).
Adding static hop for route 3987 (1610->213, lat 6).
Adding static hop for route 4016 (1610->213, lat 7).
Adding static hop for route 4040 (1613->293, lat 1).
Adding static hop for route 4069 (1613->293, lat 1).
Adding static hop for route 6860 (293->1644, lat 10).
Adding static hop for route 4187 (1480->1364, lat 16).
Adding static hop for route 4268 (1364->1591, lat 16).
Adding static hop for route 4396 (1364->1596, lat 18).
Adding static hop for route 4574 (1364->1610, lat 17).
Adding static hop for route 4291 (1364->1610, lat 19).
Adding static hop for route 4237 (1364->1610, lat 19).
Adding static hop for route 7888 (1364->1611, lat 7).
Adding static hop for route 4237 (1364->1611, lat 9).
Adding static hop for route 4291 (1364->1611, lat 9).
Adding static hop for route 4644 (1364->1613, lat 17).
Adding static hop for route 4291 (1364->1613, lat 17).
Adding static hop for route 4237 (1364->1613, lat 17).
Adding static hop for route 7888 (1364->3595, lat 15).
Adding static hop for route 4237 (1364->3595, lat 17).
Adding static hop for route 4291 (1364->3595, lat 17).
Adding static hop for route 6178 (1611->1636, lat 7).
Adding static hop for route 6154 (213->1636, lat 4).
Adding static hop for route 6178 (1611->1637, lat 5).
Adding static hop for route 6154 (213->1637, lat 6).
Adding static hop for route 6178 (1611->1638, lat 3).
Adding static hop for route 6154 (213->1638, lat 8).
Adding static hop for route 6178 (1611->1639, lat 6).
Adding static hop for route 6154 (213->1639, lat 12).
Adding static hop for route 6178 (1611->1640, lat 6).
Adding static hop for route 6154 (213->1640, lat 6).
Adding static hop for route 6178 (1611->1641, lat 2).
Adding static hop for route 6154 (213->1641, lat 10).
Adding static hop for route 6178 (1611->1642, lat 2).
Adding static hop for route 6154 (213->1642, lat 10).
Adding static hop for route 6178 (1611->1643, lat 4).
Adding static hop for route 6154 (213->1643, lat 12).
Adding static hop for route 4213 (1359->1480, lat 4).
Adding static hop for route 6038 (1602->1635, lat 3).
Adding static hop for route 6921 (3599->1645, lat 3).
Adding static hop for route 4474 (1645->1602, lat 4).
Adding static hop for route 4499 (1635->1602, lat 3).
Adding static hop for route 4291 (1364->1602, lat 17).
Adding static hop for route 4237 (1364->1602, lat 17).
Adding static hop for route 6038 (1602->1634, lat 2).
Adding static hop for route 4291 (1364->1634, lat 18).
Adding static hop for route 4237 (1364->1634, lat 18).
Adding static hop for route 6921 (3599->1646, lat 4).
Adding static hop for route 7010 (1624->1647, lat 3).
Adding static hop for route 7056 (1625->1648, lat 3).
Adding static hop for route 7196 (1647->3598, lat 3).
Adding static hop for route 7171 (1648->3598, lat 6).
Adding static hop for route 7102 (1626->1649, lat 3).
Adding static hop for route 7148 (1627->1650, lat 2).
Adding static hop for route 7338 (1649->3600, lat 5).
Adding static hop for route 7315 (1650->3600, lat 12).
Adding static hop for route 7243 (3595->3599, lat 4).
Adding static hop for route 7292 (3598->3599, lat 2).
Adding static hop for route 7268 (3600->3599, lat 2).
Adding static hop for route 7219 (1646->3599, lat 4).
Adding static hop for route 4093 (1596->1359, lat 1).
Adding static hop for route 4122 (1596->1359, lat 1).
Adding static hop for route 4146 (1628->1359, lat 3).
Adding static hop for route 4345 (1629->1595, lat 2).
Adding static hop for route 4372 (1634->1595, lat 6).
Adding static hop for route 5367 (55->1628, lat 2).
Adding static hop for route 5390 (1595->1628, lat 5).
Adding static hop for route 4237 (1364->1628, lat 16).
Adding static hop for route 5367 (55->1629, lat 3).
Adding static hop for route 5390 (1595->1629, lat 3).
Adding static hop for route 4237 (1364->1629, lat 14).
Adding static hop for route 5367 (55->1630, lat 5).
Adding static hop for route 5390 (1595->1630, lat 2).
Adding static hop for route 4291 (1364->1630, lat 12).
Adding static hop for route 4237 (1364->1630, lat 12).
Adding static hop for route 5367 (55->1631, lat 7).
Adding static hop for route 5390 (1595->1631, lat 4).
Adding static hop for route 4291 (1364->1631, lat 10).
Adding static hop for route 4237 (1364->1631, lat 10).
Adding static hop for route 5367 (55->1632, lat 9).
Adding static hop for route 5390 (1595->1632, lat 6).
Adding static hop for route 4291 (1364->1632, lat 8).
Adding static hop for route 4237 (1364->1632, lat 8).
Adding static hop for route 5367 (55->1633, lat 11).
Adding static hop for route 5390 (1595->1633, lat 8).
Adding static hop for route 4291 (1364->1633, lat 6).
Adding static hop for route 4237 (1364->1633, lat 6).
Adding static hop for route 4668 (1640->1616, lat 4).
Adding static hop for route 4695 (1630->1616, lat 2).
Adding static hop for route 4720 (1641->1617, lat 3).
Adding static hop for route 4747 (1631->1617, lat 2).
Adding static hop for route 4772 (1642->1618, lat 4).
Adding static hop for route 4799 (1632->1618, lat 2).
Adding static hop for route 4824 (1643->1619, lat 2).
Adding static hop for route 4851 (1633->1619, lat 2).
Adding static hop for route 4906 (1644->1620, lat 3).
Adding static hop for route 4879 (1616->1620, lat 2).
Adding static hop for route 4906 (1644->1621, lat 2).
Adding static hop for route 4934 (1617->1621, lat 2).
Adding static hop for route 4906 (1644->1622, lat 4).
Adding static hop for route 4983 (1618->1622, lat 2).
Adding static hop for route 4906 (1644->1623, lat 10).
Adding static hop for route 5032 (1619->1623, lat 3).
Adding static hop for route 5108 (1636->1624, lat 2).
Adding static hop for route 5077 (1620->1624, lat 2).
Adding static hop for route 5163 (1637->1625, lat 2).
Adding static hop for route 5132 (1621->1625, lat 2).
Adding static hop for route 5218 (1638->1626, lat 2).
Adding static hop for route 5187 (1622->1626, lat 2).
Adding static hop for route 5273 (1639->1627, lat 2).
Adding static hop for route 5242 (1623->1627, lat 2).
Printing hop routes
Parsed placement file.
Set ejection VC at addr 0 to 0
Set ejection VC at addr 0 to 0
Set ejection VC at addr 0 to 0
Set ejection VC at addr 0 to 0
Set ejection VC at addr 0 to 0
Set ejection VC at addr 0 to 0
Set ejection VC at addr 0 to 0
Set ejection VC at addr 0 to 0
Link specified in placement file.
Changing link to static with placed latencies.
Set lat 8 from 0 to 0
Set lat 6 from 0 to 1
Set lat 4 from 0 to 2
Set lat 7 from 0 to 3
Set lat 7 from 0 to 4
Set lat 3 from 0 to 5
Set lat 3 from 0 to 6
Set lat 5 from 0 to 7
Set ejection VC at addr 0 to 0
Set ejection VC at addr 0 to 0
Set ejection VC at addr 0 to 0
Set ejection VC at addr 0 to 0
Set ejection VC at addr 0 to 0
Set ejection VC at addr 0 to 0
Set ejection VC at addr 0 to 0
Set ejection VC at addr 0 to 0
Link specified in placement file.
Changing link to static with placed latencies.
Set lat 5 from 0 to 0
Set lat 7 from 0 to 1
Set lat 9 from 0 to 2
Set lat 13 from 0 to 3
Set lat 7 from 0 to 4
Set lat 11 from 0 to 5
Set lat 11 from 0 to 6
Set lat 13 from 0 to 7
Set lat 1 from 0 to 0
Set ejection VC at addr 0 to 0
Link specified in placement file.
Changing link to static with placed latencies.
Set lat 18 from 0 to 0
Set ejection VC at addr 0 to 0
Link specified in placement file.
Changing link to static with placed latencies.
Set lat 3 from 0 to 0
Error setting saddr = 0
Error setting daddr = 0
Error setting class = 0
Error setting lat = 4
Error setting saddr = 0
Error setting daddr = 0
Error setting class = 0
Error setting lat = 3
Error setting saddr = 0
Error setting daddr = 0
Error setting class = 0
Error setting lat = 4
Error setting saddr = 0
Error setting daddr = 0
Error setting class = 0
Error setting lat = 2
Error setting saddr = 0
Error setting daddr = 0
Error setting class = 0
Error setting lat = 2
Error setting saddr = 0
Error setting daddr = 0
Error setting class = 0
Error setting lat = 2
Error setting saddr = 0
Error setting daddr = 0
Error setting class = 0
Error setting lat = 2
Error setting saddr = 0
Error setting daddr = 0
Error setting class = 0
Error setting lat = 10
Error setting saddr = 0
Error setting daddr = 0
Error setting class = 0
Error setting lat = 12
Error setting saddr = 0
Error setting daddr = 0
Error setting class = 0
Error setting lat = 2
Error setting saddr = 0
Error setting daddr = 0
Error setting class = 0
Error setting lat = 3
Error setting saddr = 0
Error setting daddr = 0
Error setting class = 0
Error setting lat = 3
Error setting saddr = 0
Error setting daddr = 0
Error setting class = 0
Error setting lat = 3
Error setting saddr = 0
Error setting daddr = 0
Error setting class = 0
Error setting lat = 6
Error setting saddr = 0
Error setting daddr = 0
Error setting class = 0
Error setting lat = 2
Error setting saddr = 0
Error setting daddr = 0
Error setting class = 0
Error setting lat = 2
Error setting saddr = 0
Error setting daddr = 0
Error setting class = 0
Error setting lat = 2
Error setting saddr = 0
Error setting daddr = 0
Error setting class = 0
Error setting lat = 2
Error setting saddr = 0
Error setting daddr = 0
Error setting class = 0
Error setting lat = 2
Error setting saddr = 0
Error setting daddr = 0
Error setting class = 0
Error setting lat = 2
Error setting saddr = 0
Error setting daddr = 0
Error setting class = 0
Error setting lat = 6
Error setting saddr = 0
Error setting daddr = 0
Error setting class = 0
Error setting lat = 4
Error setting saddr = 0
Error setting daddr = 0
Error setting class = 0
Error setting lat = 3
Error setting saddr = 0
Error setting daddr = 0
Error setting class = 0
Error setting lat = 4
Error setting saddr = 0
Error setting daddr = 0
Error setting class = 0
Error setting lat = 1
Error setting saddr = 0
Error setting daddr = 0
Error setting class = 0
Error setting lat = 5
Error setting saddr = 0
Error setting daddr = 0
Error setting class = 0
Error setting lat = 1
Error setting saddr = 0
Error setting daddr = 0
Error setting class = 0
Error setting lat = 6
Error setting saddr = 0
Error setting daddr = 0
Error setting daddr = 0
Error setting daddr = 0
Error setting daddr = 0
Error setting class = 0
Error setting class = 0
Error setting class = 0
Error setting class = 0
Error setting lat = 3
Error setting lat = 2
Error setting lat = 4
Error setting lat = 10
Error setting saddr = 0
Error setting daddr = 0
Error setting class = 0
Error setting lat = 1
Error setting saddr = 0
Error setting daddr = 0
Error setting class = 0
Error setting lat = 6
Error setting saddr = 0
Error setting daddr = 0
Error setting class = 0
Error setting lat = 1
Error setting saddr = 0
Error setting daddr = 0
Error setting class = 0
Error setting lat = 7
Error setting saddr = 0
Error setting daddr = 0
Error setting daddr = 0
Error setting class = 0
Error setting class = 0
Error setting lat = 7
Error setting lat = 15
Error setting saddr = 0
Error setting daddr = 0
Error setting class = 0
Error setting lat = 17
Error setting saddr = 0
Error setting daddr = 0
Error setting daddr = 0
Error setting daddr = 0
Error setting daddr = 0
Error setting daddr = 0
Error setting daddr = 0
Error setting class = 0
Error setting class = 0
Error setting class = 0
Error setting class = 0
Error setting class = 0
Error setting class = 0
Error setting lat = 2
Error setting lat = 3
Error setting lat = 5
Error setting lat = 7
Error setting lat = 9
Error setting lat = 11
Error setting saddr = 0
Error setting daddr = 0
Error setting daddr = 0
Error setting daddr = 0
Error setting daddr = 0
Error setting daddr = 0
Error setting daddr = 0
Error setting class = 0
Error setting class = 0
Error setting class = 0
Error setting class = 0
Error setting class = 0
Error setting class = 0
Error setting lat = 2
Error setting lat = 4
Error setting lat = 6
Error setting lat = 8
Error setting lat = 5
Error setting lat = 3
Error setting saddr = 0
Error setting daddr = 0
Error setting daddr = 0
Error setting daddr = 0
Error setting daddr = 0
Error setting daddr = 0
Error setting daddr = 0
Error setting daddr = 0
Error setting daddr = 0
Error setting daddr = 0
Error setting daddr = 0
Error setting class = 0
Error setting class = 0
Error setting class = 0
Error setting class = 0
Error setting class = 0
Error setting class = 0
Error setting class = 0
Error setting class = 0
Error setting class = 0
Error setting class = 0
Error setting lat = 19
Error setting lat = 17
Error setting lat = 9
Error setting lat = 17
Error setting lat = 18
Error setting lat = 12
Error setting lat = 10
Error setting lat = 8
Error setting lat = 6
Error setting lat = 17
Error setting saddr = 0
Error setting daddr = 0
Error setting daddr = 0
Error setting class = 0
Error setting class = 0
Error setting lat = 2
Error setting lat = 3
Error setting saddr = 0
Error setting daddr = 0
Error setting daddr = 0
Error setting class = 0
Error setting class = 0
Error setting lat = 3
Error setting lat = 4
Error setting saddr = 0
Error setting daddr = 0
Error setting class = 0
Set ejection VC at addr 0 to 0
Link specified in placement file.
Changing link to static with placed latencies.
Set lat 6 from 0 to 0
Set ejection VC at addr 0 to 0
Link specified in placement file.
Changing link to static with placed latencies.
Set lat 4 from 0 to 0
Set ejection VC at addr 0 to 0
Link specified in placement file.
Changing link to static with placed latencies.
Set lat 5 from 0 to 0
Set ejection VC at addr 0 to 0
Link specified in placement file.
Changing link to static with placed latencies.
Set lat 3 from 0 to 0
Set ejection VC at addr 0 to 0
Link specified in placement file.
Changing link to static with placed latencies.
Set lat 5 from 0 to 0
Set ejection VC at addr 0 to 0
Link specified in placement file.
Changing link to static with placed latencies.
Set lat 4 from 0 to 0
Set ejection VC at addr 0 to 0
Link specified in placement file.
Changing link to static with placed latencies.
Set lat 5 from 0 to 0
Set ejection VC at addr 0 to 0
Link specified in placement file.
Changing link to static with placed latencies.
Set lat 3 from 0 to 0
Set ejection VC at addr 0 to 0
Link specified in placement file.
Changing link to static with placed latencies.
Set lat 3 from 0 to 0
Set ejection VC at addr 0 to 0
Link specified in placement file.
Changing link to static with placed latencies.
Set lat 3 from 0 to 0
Set ejection VC at addr 0 to 0
Link specified in placement file.
Changing link to static with placed latencies.
Set lat 3 from 0 to 0
Set ejection VC at addr 0 to 0
Link specified in placement file.
Changing link to static with placed latencies.
Set lat 11 from 0 to 0
Set ejection VC at addr 0 to 0
Link specified in placement file.
Changing link to static with placed latencies.
Set lat 13 from 0 to 0
Set ejection VC at addr 0 to 0
Link specified in placement file.
Changing link to static with placed latencies.
Set lat 3 from 0 to 0
Set ejection VC at addr 0 to 0
Link specified in placement file.
Changing link to static with placed latencies.
Set lat 4 from 0 to 0
Set ejection VC at addr 0 to 0
Link specified in placement file.
Changing link to static with placed latencies.
Set lat 4 from 0 to 0
Set ejection VC at addr 0 to 0
Link specified in placement file.
Changing link to static with placed latencies.
Set lat 4 from 0 to 0
Set ejection VC at addr 0 to 0
Link specified in placement file.
Changing link to static with placed latencies.
Set lat 7 from 0 to 0
Set ejection VC at addr 0 to 0
Link specified in placement file.
Changing link to static with placed latencies.
Set lat 3 from 0 to 0
Set ejection VC at addr 0 to 0
Link specified in placement file.
Changing link to static with placed latencies.
Set lat 3 from 0 to 0
Set ejection VC at addr 0 to 0
Link specified in placement file.
Changing link to static with placed latencies.
Set lat 3 from 0 to 0
Set ejection VC at addr 0 to 0
Link specified in placement file.
Changing link to static with placed latencies.
Set lat 3 from 0 to 0
Set ejection VC at addr 0 to 0
Link specified in placement file.
Changing link to static with placed latencies.
Set lat 3 from 0 to 0
Set ejection VC at addr 0 to 0
Link specified in placement file.
Changing link to static with placed latencies.
Set lat 3 from 0 to 0
Set ejection VC at addr 0 to 0
Link specified in placement file.
Changing link to static with placed latencies.
Set lat 7 from 0 to 0
Set ejection VC at addr 0 to 0
Link specified in placement file.
Changing link to static with placed latencies.
Set lat 5 from 0 to 0
Set ejection VC at addr 0 to 0
Link specified in placement file.
Changing link to static with placed latencies.
Set lat 4 from 0 to 0
Set ejection VC at addr 0 to 0
Link specified in placement file.
Changing link to static with placed latencies.
Set lat 5 from 0 to 0
Set ejection VC at addr 0 to 0
Link specified in placement file.
Changing link to static with placed latencies.
Set lat 2 from 0 to 0
Set ejection VC at addr 0 to 0
Link specified in placement file.
Changing link to static with placed latencies.
Set lat 6 from 0 to 0
Set ejection VC at addr 0 to 0
Error setting lat = 16
Link specified in placement file.
Error setting saddr = 0
Changing link to static with placed latencies.
Error setting daddr = 0
Set lat 2 from 0 to 0
Error setting class = 0
Set ejection VC at addr 0 to 0
Error setting lat = 18
Link specified in placement file.
Error setting saddr = 0
Changing link to static with placed latencies.
Error setting daddr = 0
Set lat 7 from 0 to 0
Error setting class = 0
Set ejection VC at addr 0 to 0
Error setting lat = 4
Set ejection VC at addr 0 to 0
Error setting saddr = 0
Set ejection VC at addr 0 to 0
Error setting daddr = 0
Set ejection VC at addr 0 to 0
Error setting daddr = 0
Link specified in placement file.
Error setting daddr = 0
Changing link to static with placed latencies.
Error setting daddr = 0
Set lat 4 from 0 to 0
Error setting daddr = 0
Set lat 3 from 0 to 1
Error setting daddr = 0
Set lat 5 from 0 to 2
Error setting daddr = 0
Set lat 11 from 0 to 3
Error setting daddr = 0
Set lat 1 from 0 to 0
Error setting daddr = 0
Set lat 1 from 0 to 0
Error setting daddr = 0
Set lat 1 from 0 to 0
Error setting daddr = 0
Set lat 1 from 0 to 0
Error setting daddr = 0
Set lat 1 from 0 to 0
Error setting class = 0
Set lat 1 from 0 to 0
Error setting class = 0
Set lat 1 from 0 to 0
Error setting class = 0
Set lat 1 from 1 to 0
Error setting class = 0
Set lat 1 from 0 to 0
Error setting class = 0
Set lat 1 from 1 to 0
Error setting class = 0
Set lat 1 from 0 to 0
Error setting class = 0
Set lat 1 from 1 to 0
Error setting class = 0
Set lat 1 from 0 to 0
Error setting class = 0
Set lat 1 from 1 to 0
Error setting class = 0
Set lat 1 from 0 to 0
Error setting class = 0
Set lat 1 from 0 to 0
Error setting class = 0
Set lat 1 from 0 to 0
Error setting lat = 19
Error setting lat = 17
Set lat 1 from 0 to 0
Set ejection VC at addr 0 to 0
Link specified in placement file.
Changing link to static with placed latencies.
Error setting lat = 9
Error setting lat = 17
Error setting lat = 16
Error setting lat = 14
Error setting lat = 18
Error setting lat = 12
Error setting lat = 10
Error setting lat = 8
Error setting lat = 6
Error setting lat = 17
Error setting saddr = 0
Error setting daddr = 0
Error setting class = 0
Error setting lat = 16
Error setting saddr = 0
Error setting daddr = 0
Error setting class = 0
Error setting lat = 3
Error setting saddr = 0
Error setting daddr = 0
Set lat 2 from 0 to 0
Set ejection VC at addr 0 to 0
Link specified in placement file.
Changing link to static with placed latencies.
Set lat 7 from 0 to 0
Set ejection VC at addr 0 to 0
Link specified in placement file.
Changing link to static with placed latencies.
Set lat 2 from 0 to 0
Set ejection VC at addr 0 to 0
Link specified in placement file.
Changing link to static with placed latencies.
Set lat 8 from 0 to 0
Set ejection VC at addr 0 to 0
Set ejection VC at addr 0 to 0
Link specified in placement file.
Changing link to static with placed latencies.
Set lat 8 from 0 to 0
Set lat 16 from 0 to 1
Set ejection VC at addr 0 to 0
Link specified in placement file.
Changing link to static with placed latencies.
Set lat 18 from 0 to 0
Set ejection VC at addr 0 to 0
Set ejection VC at addr 0 to 0
Set ejection VC at addr 0 to 0
Set ejection VC at addr 0 to 0
Set ejection VC at addr 0 to 0
Set ejection VC at addr 0 to 0
Link specified in placement file.
Changing link to static with placed latencies.
Set lat 3 from 0 to 0
Set lat 4 from 0 to 1
Set lat 6 from 0 to 2
Set lat 8 from 0 to 3
Set lat 10 from 0 to 4
Set lat 12 from 0 to 5
Set ejection VC at addr 0 to 0
Set ejection VC at addr 0 to 0
Set ejection VC at addr 0 to 0
Set ejection VC at addr 0 to 0
Set ejection VC at addr 0 to 0
Set ejection VC at addr 0 to 0
Link specified in placement file.
Changing link to static with placed latencies.
Set lat 3 from 0 to 0
Set lat 5 from 0 to 1
Set lat 7 from 0 to 2
Set lat 9 from 0 to 3
Set lat 6 from 0 to 4
Set lat 4 from 0 to 5
Set ejection VC at addr 0 to 0
Set ejection VC at addr 0 to 0
Set ejection VC at addr 0 to 0
Set ejection VC at addr 0 to 0
Set ejection VC at addr 0 to 0
Set ejection VC at addr 0 to 0
Set ejection VC at addr 0 to 0
Set ejection VC at addr 0 to 0
Set ejection VC at addr 0 to 0
Set ejection VC at addr 0 to 0
Link specified in placement file.
Changing link to static with placed latencies.
Set lat 20 from 0 to 0
Set lat 18 from 0 to 1
Set lat 10 from 0 to 2
Set lat 18 from 0 to 3
Set lat 19 from 0 to 4
Set lat 13 from 0 to 5
Set lat 11 from 0 to 6
Set lat 9 from 0 to 7
Set lat 7 from 0 to 8
Set lat 18 from 0 to 9
Set lat 1 from 0 to 0
Set lat 1 from 0 to 0
Set lat 1 from 0 to 0
Set lat 1 from 0 to 0
Set lat 1 from 0 to 0
Set lat 1 from 0 to 0
Set lat 1 from 0 to 0
Set lat 1 from 0 to 0
Set ejection VC at addr 0 to 0
Set ejection VC at addr 0 to 0
Link specified in placement file.
Changing link to static with placed latencies.
Set lat 3 from 0 to 0
Set lat 4 from 0 to 1
Set ejection VC at addr 0 to 0
Set ejection VC at addr 0 to 0
Link specified in placement file.
Changing link to static with placed latencies.
Set lat 4 from 0 to 0
Set lat 5 from 0 to 1
Set ejection VC at addr 0 to 0
Link specified in placement file.
Changing link to static with placed latencies.
Set lat 17 from 0 to 0
Set ejection VC at addr 0 to 0
Link specified in placement file.
Changing link to static with placed latencies.
Set lat 19 from 0 to 0
Set ejection VC at addr 0 to 0
Link specified in placement file.
Changing link to static with placed latencies.
Set lat 5 from 0 to 0
Set ejection VC at addr 0 to 0
Set ejection VC at addr 0 to 0
Set ejection VC at addr 0 to 0
Set ejection VC at addr 0 to 0
Set ejection VC at addr 0 to 0
Set ejection VC at addr 0 to 0
Error setting class = 0
Error setting lat = 2
Error setting saddr = 0
Error setting daddr = 0
Error setting class = 0
Error setting lat = 3
Error setting saddr = 0
Error setting daddr = 0
Error setting class = 0
Error setting lat = 2
Error setting saddr = 0
Error setting daddr = 0
Error setting class = 0
Error setting lat = 2
Error setting saddr = 0
Error setting daddr = 0
Error setting class = 0
Error setting lat = 2
Error setting saddr = 0
Error setting daddr = 0
Error setting class = 0
Error setting lat = 2
Error setting saddr = 0
Error setting daddr = 0
Error setting class = 0
Error setting lat = 2
Error setting saddr = 0
Error setting daddr = 0
Error setting class = 0
Error setting lat = 2
== Loading device model file '/home/yaqiz/plastisim/configs/DDR3_micron_64M_8B_x4_sg15.ini' == 
== Loading system model file '/home/yaqiz/plastisim/configs/system.ini' == 
===== MemorySystem 0 =====
CH. 0 TOTAL_STORAGE : 4096MB | 1 Ranks | 16 Devices per rank
===== MemorySystem 1 =====
CH. 1 TOTAL_STORAGE : 4096MB | 1 Ranks | 16 Devices per rank
===== MemorySystem 2 =====
CH. 2 TOTAL_STORAGE : 4096MB | 1 Ranks | 16 Devices per rank
===== MemorySystem 3 =====
CH. 3 TOTAL_STORAGE : 4096MB | 1 Ranks | 16 Devices per rank
DRAMSim2 Clock Frequency =800000000Hz, CPU Clock Frequency=1000000000Hz
Set ejection VC at addr 0 to 0
Set ejection VC at addr 0 to 0
Set ejection VC at addr 0 to 0
Set ejection VC at addr 0 to 0
Set ejection VC at addr 0 to 0
Set ejection VC at addr 0 to 0
Link specified in placement file.
Changing link to static with placed latencies.
Set lat 20 from 0 to 0
Set lat 18 from 0 to 1
Set lat 10 from 0 to 2
Set lat 18 from 0 to 3
Set lat 17 from 0 to 4
Set lat 15 from 0 to 5
Set lat 19 from 0 to 6
Set lat 13 from 0 to 7
Set lat 11 from 0 to 8
Set lat 9 from 0 to 9
Set lat 7 from 0 to 10
Set lat 18 from 0 to 11
Set ejection VC at addr 0 to 0
Link specified in placement file.
Changing link to static with placed latencies.
Set lat 17 from 0 to 0
Set lat 1 from 0 to 0
Set lat 1 from 0 to 0
Set lat 1 from 0 to 0
Set lat 1 from 0 to 0
Set lat 1 from 0 to 0
Set lat 1 from 0 to 0
Set ejection VC at addr 0 to 0
Link specified in placement file.
Changing link to static with placed latencies.
Set lat 4 from 0 to 0
Set ejection VC at addr 0 to 0
Link specified in placement file.
Changing link to static with placed latencies.
Set lat 3 from 0 to 0
Set ejection VC at addr 0 to 0
Link specified in placement file.
Changing link to static with placed latencies.
Set lat 4 from 0 to 0
Set ejection VC at addr 0 to 0
Link specified in placement file.
Changing link to static with placed latencies.
Set lat 3 from 0 to 0
Set ejection VC at addr 0 to 0
Link specified in placement file.
Changing link to static with placed latencies.
Set lat 3 from 0 to 0
Set ejection VC at addr 0 to 0
Link specified in placement file.
Changing link to static with placed latencies.
Set lat 3 from 0 to 0
Set ejection VC at addr 0 to 0
Link specified in placement file.
Changing link to static with placed latencies.
Set lat 3 from 0 to 0
Set ejection VC at addr 0 to 0
Link specified in placement file.
Changing link to static with placed latencies.
Set lat 3 from 0 to 0
Set ejection VC at addr 0 to 0
Link specified in placement file.
Changing link to static with placed latencies.
Set lat 3 from 0 to 0
Parsed definitions of all elements.
Total of 91 links:
  0: RetimingFIFO2643_RetimingFIFO2667_RetimingFIFO2690_RetimingFIFO2713_RetimingFIFO2736_RetimingFIFO2759_RetimingFIFO2782_RetimingFIFO2805
    
  1: RetimingFIFO2635_RetimingFIFO2659_RetimingFIFO2682_RetimingFIFO2705_RetimingFIFO2728_RetimingFIFO2751_RetimingFIFO2774_RetimingFIFO2797
    
  2: SRAM132
    
  3: DramAddress270
    
  4: RetimingFIFO3548
    
  5: RetimingFIFO2514
    
  6: RetimingFIFO3466
    
  7: RetimingFIFO3601
    
  8: RetimingFIFO3135
    
  9: RetimingFIFO3054
    
  10: RetimingFIFO2973
    
  11: RetimingFIFO2892
    
  12: RetimingFIFO3538
    
  13: RetimingFIFO3456
    
  14: RetimingFIFO3374
    
  15: RetimingFIFO3292
    
  16: RetimingFIFO2820
    
  17: RetimingFIFO2542
    
  18: RetimingFIFO3610
    
  19: RetimingFIFO3302
    
  20: RetimingFIFO2458
    
  21: RetimingFIFO3384
    
  22: RetimingFIFO2486
    
  23: RetimingFIFO3619
    
  24: RetimingFIFO2116
    
  25: RetimingFIFO2920
    
  26: RetimingFIFO3001
    
  27: RetimingFIFO3082
    
  28: RetimingFIFO3163
    
  29: RetimingFIFO2144
    
  30: RetimingFIFO2359
    
  31: RetimingFIFO2387
    
  32: RetimingFIFO2570
    
  33: StreamOut261
    
  34: StreamOut24
    
  35: StreamOut1301
    
  36: StreamOut157
    
  37: RetimingFIFO3191_RetimingFIFO3207_RetimingFIFO3223_RetimingFIFO3239
    
  38: SRAM837
    
  39: SRAM836
    
  40: SRAM834
    
  41: SRAM835
    
  42: SRAM17
    
  43: SRAM18
    
  44: SRAM19
    
  45: SRAM20
    
  46: SRAM21
    
  47: SRAM22
    
  48: SRAM105
    
  49: SRAM328
    
  50: SRAM106
    
  51: SRAM329
    
  52: StreamOut262
    
  53: StreamOut25
    
  54: StreamOut1302
    
  55: StreamOut158
    
  56: TokenIn7863_TokenIn7876
    
  57: DramAddress183
    
  58: RetimingFIFO1924_RetimingFIFO1982_RetimingFIFO2011_RetimingFIFO2040_RetimingFIFO2069_RetimingFIFO1953
    
  59: RetimingFIFO2154_RetimingFIFO2212_RetimingFIFO2226_RetimingFIFO2255_RetimingFIFO2284_RetimingFIFO2183
    
  60: ArgIn1894_ArgIn1826_ArgIn1860_ArgIn5522_ArgIn5646_ArgIn5770_ArgIn5894_ArgIn5994_ArgIn7927_ArgIn8002
    
  61: SRAM131
    
  62: SRAM130
    
  63: SRAM129
    
  64: SRAM128
    
  65: SRAM127
    
  66: SRAM126
    
  67: SRAM125
    
  68: SRAM124
    
  69: RetimingFIFO2397_RetimingFIFO2426
    
  70: RetimingFIFO2580_RetimingFIFO2609
    
  71: DramAddress35
    
  72: DramAddress1313
    
  73: StreamIn1304
    
  74: ArgIn4435_ArgIn4539_ArgIn4613_ArgIn5310_ArgIn7471_ArgIn7514_ArgIn7566_ArgIn7618_ArgIn7670_ArgIn7722_ArgIn7908_ArgIn7983
    
  75: TokenOut1487
    
  76: TokenIn5942
    
  77: TokenIn5818
    
  78: TokenIn5694
    
  79: TokenIn5570
    
  80: TokenIn5446
    
  81: TokenIn5354
    
  82: StreamOut1303
    
  83: Reg663
    
  84: Reg361
    
  85: Reg662
    
  86: Reg359
    
  87: Reg355
    
  88: Reg660
    
  89: Reg357
    
  90: Reg661
    
Total of 82 nodes:
  0: CE8136
    [StreamOut25 *8 /1] [StreamOut24 *8 /1]  => [RetimingFIFO1924_RetimingFIFO1982_RetimingFIFO2011_RetimingFIFO2040_RetimingFIFO2069_RetimingFIFO1953] 
  1: CE8150
    [StreamOut158 *8 /1] [StreamOut157 *8 /1]  => [RetimingFIFO2635_RetimingFIFO2659_RetimingFIFO2682_RetimingFIFO2705_RetimingFIFO2728_RetimingFIFO2751_RetimingFIFO2774_RetimingFIFO2797] 
  2: CE8164
    [StreamOut262 *32 /1] [StreamOut261 *32 /1]  => [RetimingFIFO2820] 
  3: CE9052
    [RetimingFIFO2820 *1 /1]  => [SRAM132] 
  4: CE9042
    [SRAM132 *128 /1]  => [RetimingFIFO3191_RetimingFIFO3207_RetimingFIFO3223_RetimingFIFO3239] 
  5: CE8204
     => [DramAddress270] [TokenIn7863_TokenIn7876] [DramAddress183] [ArgIn1894_ArgIn1826_ArgIn1860_ArgIn5522_ArgIn5646_ArgIn5770_ArgIn5894_ArgIn5994_ArgIn7927_ArgIn8002] [DramAddress35] [DramAddress1313] [ArgIn4435_ArgIn4539_ArgIn4613_ArgIn5310_ArgIn7471_ArgIn7514_ArgIn7566_ArgIn7618_ArgIn7670_ArgIn7722_ArgIn7908_ArgIn7983] 
  6: CE8222
    [TokenOut1487 *1 /1]  => 
  7: CE8242
    [DramAddress35 *1 /1]  => [StreamOut25] [StreamOut24] 
  8: CE8270
    [DramAddress1313 *1 /1]  => [StreamOut1302] [StreamOut1301] 
  9: CE8310
    [ArgIn4435_ArgIn4539_ArgIn4613_ArgIn5310_ArgIn7471_ArgIn7514_ArgIn7566_ArgIn7618_ArgIn7670_ArgIn7722_ArgIn7908_ArgIn7983 *32768 /1] [ArgIn1894_ArgIn1826_ArgIn1860_ArgIn5522_ArgIn5646_ArgIn5770_ArgIn5894_ArgIn5994_ArgIn7927_ArgIn8002 *32768 /1] [DramAddress183 *32768 /1]  => [StreamOut158] [StreamOut157] 
  10: CE8330
    [ArgIn4435_ArgIn4539_ArgIn4613_ArgIn5310_ArgIn7471_ArgIn7514_ArgIn7566_ArgIn7618_ArgIn7670_ArgIn7722_ArgIn7908_ArgIn7983 *262144 /1] [ArgIn1894_ArgIn1826_ArgIn1860_ArgIn5522_ArgIn5646_ArgIn5770_ArgIn5894_ArgIn5994_ArgIn7927_ArgIn8002 *262144 /1] [TokenIn7863_TokenIn7876 *262144 /1]  => [RetimingFIFO2643_RetimingFIFO2667_RetimingFIFO2690_RetimingFIFO2713_RetimingFIFO2736_RetimingFIFO2759_RetimingFIFO2782_RetimingFIFO2805] 
  11: CE8350
    [ArgIn4435_ArgIn4539_ArgIn4613_ArgIn5310_ArgIn7471_ArgIn7514_ArgIn7566_ArgIn7618_ArgIn7670_ArgIn7722_ArgIn7908_ArgIn7983 *64 /1] [ArgIn1894_ArgIn1826_ArgIn1860_ArgIn5522_ArgIn5646_ArgIn5770_ArgIn5894_ArgIn5994_ArgIn7927_ArgIn8002 *64 /1] [DramAddress270 *64 /1]  => [StreamOut262] [StreamOut261] 
  12: CE9186
    [ArgIn4435_ArgIn4539_ArgIn4613_ArgIn5310_ArgIn7471_ArgIn7514_ArgIn7566_ArgIn7618_ArgIn7670_ArgIn7722_ArgIn7908_ArgIn7983 *65536 /1] [ArgIn1894_ArgIn1826_ArgIn1860_ArgIn5522_ArgIn5646_ArgIn5770_ArgIn5894_ArgIn5994_ArgIn7927_ArgIn8002 *65536 /1] [TokenIn7863_TokenIn7876 *65536 /1]  => [RetimingFIFO3601] 
  13: CE8862
    [RetimingFIFO2635_RetimingFIFO2659_RetimingFIFO2682_RetimingFIFO2705_RetimingFIFO2728_RetimingFIFO2751_RetimingFIFO2774_RetimingFIFO2797 *1 /1] [RetimingFIFO2643_RetimingFIFO2667_RetimingFIFO2690_RetimingFIFO2713_RetimingFIFO2736_RetimingFIFO2759_RetimingFIFO2782_RetimingFIFO2805 *1 /1]  => [SRAM124] 
  14: CE8850
    [SRAM124 *1024 /1]  => [RetimingFIFO3292] 
  15: CE8886
    [RetimingFIFO2635_RetimingFIFO2659_RetimingFIFO2682_RetimingFIFO2705_RetimingFIFO2728_RetimingFIFO2751_RetimingFIFO2774_RetimingFIFO2797 *1 /1] [RetimingFIFO2643_RetimingFIFO2667_RetimingFIFO2690_RetimingFIFO2713_RetimingFIFO2736_RetimingFIFO2759_RetimingFIFO2782_RetimingFIFO2805 *1 /1]  => [SRAM125] 
  16: CE8874
    [SRAM125 *1024 /1]  => [RetimingFIFO3374] 
  17: CE8910
    [RetimingFIFO2635_RetimingFIFO2659_RetimingFIFO2682_RetimingFIFO2705_RetimingFIFO2728_RetimingFIFO2751_RetimingFIFO2774_RetimingFIFO2797 *1 /1] [RetimingFIFO2643_RetimingFIFO2667_RetimingFIFO2690_RetimingFIFO2713_RetimingFIFO2736_RetimingFIFO2759_RetimingFIFO2782_RetimingFIFO2805 *1 /1]  => [SRAM126] 
  18: CE8898
    [SRAM126 *1024 /1]  => [RetimingFIFO3456] 
  19: CE8934
    [RetimingFIFO2635_RetimingFIFO2659_RetimingFIFO2682_RetimingFIFO2705_RetimingFIFO2728_RetimingFIFO2751_RetimingFIFO2774_RetimingFIFO2797 *1 /1] [RetimingFIFO2643_RetimingFIFO2667_RetimingFIFO2690_RetimingFIFO2713_RetimingFIFO2736_RetimingFIFO2759_RetimingFIFO2782_RetimingFIFO2805 *1 /1]  => [SRAM127] 
  20: CE8922
    [SRAM127 *1024 /1]  => [RetimingFIFO3538] 
  21: CE8958
    [RetimingFIFO2635_RetimingFIFO2659_RetimingFIFO2682_RetimingFIFO2705_RetimingFIFO2728_RetimingFIFO2751_RetimingFIFO2774_RetimingFIFO2797 *1 /1] [RetimingFIFO2643_RetimingFIFO2667_RetimingFIFO2690_RetimingFIFO2713_RetimingFIFO2736_RetimingFIFO2759_RetimingFIFO2782_RetimingFIFO2805 *1 /1]  => [SRAM128] 
  22: CE8946
    [SRAM128 *1024 /1]  => [RetimingFIFO2892] 
  23: CE8982
    [RetimingFIFO2635_RetimingFIFO2659_RetimingFIFO2682_RetimingFIFO2705_RetimingFIFO2728_RetimingFIFO2751_RetimingFIFO2774_RetimingFIFO2797 *1 /1] [RetimingFIFO2643_RetimingFIFO2667_RetimingFIFO2690_RetimingFIFO2713_RetimingFIFO2736_RetimingFIFO2759_RetimingFIFO2782_RetimingFIFO2805 *1 /1]  => [SRAM129] 
  24: CE8970
    [SRAM129 *1024 /1]  => [RetimingFIFO2973] 
  25: CE9006
    [RetimingFIFO2635_RetimingFIFO2659_RetimingFIFO2682_RetimingFIFO2705_RetimingFIFO2728_RetimingFIFO2751_RetimingFIFO2774_RetimingFIFO2797 *1 /1] [RetimingFIFO2643_RetimingFIFO2667_RetimingFIFO2690_RetimingFIFO2713_RetimingFIFO2736_RetimingFIFO2759_RetimingFIFO2782_RetimingFIFO2805 *1 /1]  => [SRAM130] 
  26: CE8994
    [SRAM130 *1024 /1]  => [RetimingFIFO3054] 
  27: CE9030
    [RetimingFIFO2635_RetimingFIFO2659_RetimingFIFO2682_RetimingFIFO2705_RetimingFIFO2728_RetimingFIFO2751_RetimingFIFO2774_RetimingFIFO2797 *1 /1] [RetimingFIFO2643_RetimingFIFO2667_RetimingFIFO2690_RetimingFIFO2713_RetimingFIFO2736_RetimingFIFO2759_RetimingFIFO2782_RetimingFIFO2805 *1 /1]  => [SRAM131] 
  28: CE9018
    [SRAM131 *1024 /1]  => [RetimingFIFO3135] 
  29: CE8230
    [StreamIn1304 *1 /1]  => [TokenOut1487] 
  30: CE8840
    [RetimingFIFO2397_RetimingFIFO2426 *1 /1]  => [SRAM106] 
  31: CE8830
    [SRAM106 *8 /1]  => [RetimingFIFO2387] 
  32: CE9072
    [RetimingFIFO2580_RetimingFIFO2609 *1 /1]  => [SRAM328] 
  33: CE9062
    [SRAM328 *8 /1]  => [RetimingFIFO2359] 
  34: CE8288
    [ArgIn4435_ArgIn4539_ArgIn4613_ArgIn5310_ArgIn7471_ArgIn7514_ArgIn7566_ArgIn7618_ArgIn7670_ArgIn7722_ArgIn7908_ArgIn7983 *512 /1] [ArgIn1894_ArgIn1826_ArgIn1860_ArgIn5522_ArgIn5646_ArgIn5770_ArgIn5894_ArgIn5994_ArgIn7927_ArgIn8002 *512 /1] [RetimingFIFO2359 *1 /1] [RetimingFIFO2387 *1 /1]  => [RetimingFIFO2397_RetimingFIFO2426] 
  35: CE8816
    [ArgIn4435_ArgIn4539_ArgIn4613_ArgIn5310_ArgIn7471_ArgIn7514_ArgIn7566_ArgIn7618_ArgIn7670_ArgIn7722_ArgIn7908_ArgIn7983 *512 /1] [ArgIn1894_ArgIn1826_ArgIn1860_ArgIn5522_ArgIn5646_ArgIn5770_ArgIn5894_ArgIn5994_ArgIn7927_ArgIn8002 *512 /1] [RetimingFIFO2397_RetimingFIFO2426 *1 /1]  => [SRAM105] 
  36: CE8802
    [SRAM105 *8 /1]  => [RetimingFIFO2144] 
  37: CE9092
    [RetimingFIFO2580_RetimingFIFO2609 *1 /1]  => [SRAM329] 
  38: CE9082
    [SRAM329 *8 /1]  => [RetimingFIFO2570] 
  39: CE9112
    [RetimingFIFO3302 *1 /1]  => [SRAM834] 
  40: CE9102
    [SRAM834 *8 /1]  => [RetimingFIFO2458] 
  41: CE9132
    [RetimingFIFO3384 *1 /1]  => [SRAM835] 
  42: CE9122
    [SRAM835 *8 /1]  => [RetimingFIFO2486] 
  43: CE9202
    [RetimingFIFO2486 *1 /1] [RetimingFIFO2458 *1 /1]  => [RetimingFIFO3619] 
  44: CE9152
    [RetimingFIFO3466 *1 /1]  => [SRAM836] 
  45: CE9142
    [SRAM836 *8 /1]  => [RetimingFIFO2514] 
  46: CE9172
    [RetimingFIFO3548 *1 /1]  => [SRAM837] 
  47: CE9162
    [SRAM837 *8 /1]  => [RetimingFIFO2542] 
  48: CE9238
    [RetimingFIFO2542 *1 /1] [RetimingFIFO2514 *1 /1]  => [RetimingFIFO3610] 
  49: CE9220
    [RetimingFIFO2570 *1 /1] [RetimingFIFO3601 *1 /1] [RetimingFIFO3610 *1 /1] [RetimingFIFO3619 *1 /1]  => [RetimingFIFO2580_RetimingFIFO2609] 
  50: CE8180
    [StreamOut1302 *8 /1] [StreamOut1303 *1 /1] [StreamOut1301 *8 /1]  => [StreamIn1304] 
  51: CE8256
    [RetimingFIFO2116 *1 /1] [RetimingFIFO2144 *1 /1]  => [RetimingFIFO2154_RetimingFIFO2212_RetimingFIFO2226_RetimingFIFO2255_RetimingFIFO2284_RetimingFIFO2183] 
  52: CE8546
    [RetimingFIFO1924_RetimingFIFO1982_RetimingFIFO2011_RetimingFIFO2040_RetimingFIFO2069_RetimingFIFO1953 *1 /1]  => [TokenIn5354] 
  53: CE8562
    [ArgIn4435_ArgIn4539_ArgIn4613_ArgIn5310_ArgIn7471_ArgIn7514_ArgIn7566_ArgIn7618_ArgIn7670_ArgIn7722_ArgIn7908_ArgIn7983 *32 /1] [TokenIn5354 *32 /1] [RetimingFIFO2154_RetimingFIFO2212_RetimingFIFO2226_RetimingFIFO2255_RetimingFIFO2284_RetimingFIFO2183 *1 /1]  => [SRAM17] 
  54: CE8534
    [SRAM17 *8 /1]  => [StreamOut1303] 
  55: CE8588
    [RetimingFIFO1924_RetimingFIFO1982_RetimingFIFO2011_RetimingFIFO2040_RetimingFIFO2069_RetimingFIFO1953 *1 /1]  => [TokenIn5446] 
  56: CE8604
    [ArgIn4435_ArgIn4539_ArgIn4613_ArgIn5310_ArgIn7471_ArgIn7514_ArgIn7566_ArgIn7618_ArgIn7670_ArgIn7722_ArgIn7908_ArgIn7983 *32 /1] [TokenIn5446 *32 /1] [RetimingFIFO2154_RetimingFIFO2212_RetimingFIFO2226_RetimingFIFO2255_RetimingFIFO2284_RetimingFIFO2183 *1 /1]  => [SRAM18] 
  57: CE8576
    [SRAM18 *8 /1]  => [RetimingFIFO2116] 
  58: CE8640
    [RetimingFIFO1924_RetimingFIFO1982_RetimingFIFO2011_RetimingFIFO2040_RetimingFIFO2069_RetimingFIFO1953 *1 /1]  => [SRAM19] 
  59: CE8652
    [TokenIn5570 *8 /1] [RetimingFIFO2154_RetimingFIFO2212_RetimingFIFO2226_RetimingFIFO2255_RetimingFIFO2284_RetimingFIFO2183 *1 /1]  => [SRAM19] 
  60: CE8624
    [ArgIn4435_ArgIn4539_ArgIn4613_ArgIn5310_ArgIn7471_ArgIn7514_ArgIn7566_ArgIn7618_ArgIn7670_ArgIn7722_ArgIn7908_ArgIn7983 *65536 /1] [ArgIn1894_ArgIn1826_ArgIn1860_ArgIn5522_ArgIn5646_ArgIn5770_ArgIn5894_ArgIn5994_ArgIn7927_ArgIn8002 *65536 /1] [SRAM19 *16384 /1]  => [TokenIn5570] [RetimingFIFO2920] 
  61: CE8686
    [RetimingFIFO1924_RetimingFIFO1982_RetimingFIFO2011_RetimingFIFO2040_RetimingFIFO2069_RetimingFIFO1953 *1 /1]  => [SRAM20] 
  62: CE8698
    [TokenIn5694 *8 /1] [RetimingFIFO2154_RetimingFIFO2212_RetimingFIFO2226_RetimingFIFO2255_RetimingFIFO2284_RetimingFIFO2183 *1 /1]  => [SRAM20] 
  63: CE8670
    [ArgIn4435_ArgIn4539_ArgIn4613_ArgIn5310_ArgIn7471_ArgIn7514_ArgIn7566_ArgIn7618_ArgIn7670_ArgIn7722_ArgIn7908_ArgIn7983 *65536 /1] [ArgIn1894_ArgIn1826_ArgIn1860_ArgIn5522_ArgIn5646_ArgIn5770_ArgIn5894_ArgIn5994_ArgIn7927_ArgIn8002 *65536 /1] [SRAM20 *16384 /1]  => [TokenIn5694] [RetimingFIFO3001] 
  64: CE8732
    [RetimingFIFO1924_RetimingFIFO1982_RetimingFIFO2011_RetimingFIFO2040_RetimingFIFO2069_RetimingFIFO1953 *1 /1]  => [SRAM21] 
  65: CE8744
    [TokenIn5818 *8 /1] [RetimingFIFO2154_RetimingFIFO2212_RetimingFIFO2226_RetimingFIFO2255_RetimingFIFO2284_RetimingFIFO2183 *1 /1]  => [SRAM21] 
  66: CE8716
    [ArgIn4435_ArgIn4539_ArgIn4613_ArgIn5310_ArgIn7471_ArgIn7514_ArgIn7566_ArgIn7618_ArgIn7670_ArgIn7722_ArgIn7908_ArgIn7983 *65536 /1] [ArgIn1894_ArgIn1826_ArgIn1860_ArgIn5522_ArgIn5646_ArgIn5770_ArgIn5894_ArgIn5994_ArgIn7927_ArgIn8002 *65536 /1] [SRAM21 *16384 /1]  => [TokenIn5818] [RetimingFIFO3082] 
  67: CE8778
    [RetimingFIFO1924_RetimingFIFO1982_RetimingFIFO2011_RetimingFIFO2040_RetimingFIFO2069_RetimingFIFO1953 *1 /1]  => [SRAM22] 
  68: CE8790
    [TokenIn5942 *8 /1] [RetimingFIFO2154_RetimingFIFO2212_RetimingFIFO2226_RetimingFIFO2255_RetimingFIFO2284_RetimingFIFO2183 *1 /1]  => [SRAM22] 
  69: CE8762
    [ArgIn4435_ArgIn4539_ArgIn4613_ArgIn5310_ArgIn7471_ArgIn7514_ArgIn7566_ArgIn7618_ArgIn7670_ArgIn7722_ArgIn7908_ArgIn7983 *65536 /1] [ArgIn1894_ArgIn1826_ArgIn1860_ArgIn5522_ArgIn5646_ArgIn5770_ArgIn5894_ArgIn5994_ArgIn7927_ArgIn8002 *65536 /1] [SRAM22 *16384 /1]  => [TokenIn5942] [RetimingFIFO3163] 
  70: CE8368
    [RetimingFIFO2892 *1 /1] [RetimingFIFO2920 *1 /1]  => [Reg355] 
  71: CE8382
    [RetimingFIFO2973 *1 /1] [RetimingFIFO3001 *1 /1]  => [Reg357] 
  72: CE8396
    [RetimingFIFO3054 *1 /1] [RetimingFIFO3082 *1 /1]  => [Reg359] 
  73: CE8410
    [RetimingFIFO3135 *1 /1] [RetimingFIFO3163 *1 /1]  => [Reg361] 
  74: CE8424
    [Reg355 *1 /1] [RetimingFIFO3191_RetimingFIFO3207_RetimingFIFO3223_RetimingFIFO3239 *1 /1]  => [Reg660] 
  75: CE8438
    [Reg357 *1 /1] [RetimingFIFO3191_RetimingFIFO3207_RetimingFIFO3223_RetimingFIFO3239 *1 /1]  => [Reg661] 
  76: CE8452
    [Reg359 *1 /1] [RetimingFIFO3191_RetimingFIFO3207_RetimingFIFO3223_RetimingFIFO3239 *1 /1]  => [Reg662] 
  77: CE8466
    [Reg361 *1 /1] [RetimingFIFO3191_RetimingFIFO3207_RetimingFIFO3223_RetimingFIFO3239 *1 /1]  => [Reg663] 
  78: CE8480
    [Reg660 *8 /1] [RetimingFIFO3292 *1 /1]  => [RetimingFIFO3302] 
  79: CE8494
    [Reg661 *8 /1] [RetimingFIFO3374 *1 /1]  => [RetimingFIFO3384] 
  80: CE8508
    [Reg662 *8 /1] [RetimingFIFO3456 *1 /1]  => [RetimingFIFO3466] 
  81: CE8522
    [Reg663 *8 /1] [RetimingFIFO3538 *1 /1]  => [RetimingFIFO3548] 

10000...
20000...
30000...
40000...
50000...
60000...
70000...
80000...
90000...
100000...
110000...
120000...
130000...
140000...
150000...
160000...
170000...
180000...
190000...
200000...
210000...
220000...
230000...
240000...
250000...
260000...
270000...
280000...
290000...
300000...
310000...
320000...
330000...
340000...
350000...
360000...
370000...
380000...
390000...
400000...
410000...
420000...
430000...
440000...
450000...
460000...
470000...
480000...
490000...
500000...
510000...
520000...
530000...
540000...
550000...
560000...
570000...
580000...
590000...
600000...
610000...
620000...
630000...
640000...
650000...
660000...
670000...
680000...
690000...
700000...
710000...
720000...
730000...
740000...
750000...
760000...
770000...
780000...
790000...
800000...
810000...
820000...
830000...
840000...
850000...
860000...
870000...
880000...
890000...
900000...
910000...
920000...
930000...
940000...
950000...
960000...
970000...
980000...
990000...
1000000...
1010000...
1020000...
1030000...
1040000...
1050000...
1060000...
1070000...
1080000...
1090000...
1100000...
1110000...
1120000...
1130000...
1140000...
1150000...
1160000...
1170000...
1180000...
1190000...
1200000...
1210000...
1220000...
1230000...
1240000...
1250000...
1260000...
1270000...
1280000...
1290000...
1300000...
1310000...
1320000...
1330000...
1340000...
1350000...
1360000...
1370000...
1380000...
1390000...
1400000...
1410000...
1420000...
1430000...
1440000...
1450000...
1460000...
1470000...
1480000...
1490000...
1500000...
1510000...
1520000...
1530000...
1540000...
1550000...
1560000...
1570000...
1580000...
1590000...
1600000...
1610000...
1620000...
1630000...
1640000...
1650000...
1660000...
1670000...
1680000...
1690000...
1700000...
1710000...
Simulation complete at cycle: 1711024
[[32mpsim[0m] Simulation complete at cycle: 1711024
CE8136: Active:   0.0 Stalled:   0.0 Starved: 100.0 Total Active:        8 Total Output:        8 Expected Active:        8 Last Activity: 1710968 
	       8        8 
	DRAM:   0.00 GB/s (  0.00 GB/s R,   0.00 GB/s W)
	ROB remaining: 0
CE8150: Active:  15.3 Stalled:  84.3 Starved:   0.5 Total Active:   262144 Total Output:   262144 Expected Active:   262144 Last Activity: 7726 
	  262144   262144 
	DRAM:   9.81 GB/s (  9.81 GB/s R,   0.00 GB/s W)
	ROB remaining: 0
CE8164: Active:   0.1 Stalled:  88.9 Starved:  18.8 Total Active:     2048 Total Output:     2048 Expected Active:     2048 Last Activity: 321234 
	    2048     2048 
	DRAM:   0.08 GB/s (  0.08 GB/s R,   0.00 GB/s W)
	ROB remaining: 0
CE9052: Active:   0.1 Stalled:  90.0 Starved:  11.5 Total Active:     2048 Total Output:     2048 Expected Active:     2048 Last Activity: 187992 
	    2048 
CE9042: Active:   0.5 Stalled:  99.4 Starved:   0.1 Total Active:     8192 Total Output:     8192 Expected Active:     8192 Last Activity: 1783 
	    8192 
CE8204: Active:   0.0 Stalled:   0.0 Starved: 100.0 Total Active:        1 Total Output:        1 Expected Active:        1 Last Activity: 1711023 
	
CE8222: Active:   0.0 Stalled:   0.0 Starved: 100.0 Total Active:        1 Total Output:        1 Expected Active:        1 Last Activity: 1 
	       1 
CE8242: Active:   0.0 Stalled:   0.0 Starved: 100.0 Total Active:        1 Total Output:        1 Expected Active:        1 Last Activity: 1710989 
	       1 
CE8270: Active:   0.0 Stalled:   0.0 Starved: 100.0 Total Active:        1 Total Output:        1 Expected Active:        1 Last Activity: 1710985 
	       1 
CE8310: Active:   1.9 Stalled:  97.6 Starved:   0.5 Total Active:    32768 Total Output:    32768 Expected Active:    32768 Last Activity: 8965 
	   32768    32768    32768 
CE8330: Active:  15.3 Stalled:  84.3 Starved:   0.4 Total Active:   262144 Total Output:   262144 Expected Active:   262144 Last Activity: 7000 
	  262144   262144   262144 
CE8350: Active:   0.0 Stalled:  54.8 Starved:  59.2 Total Active:       64 Total Output:       64 Expected Active:       64 Last Activity: 1013453 
	      64       64       64 
CE9186: Active:   3.8 Stalled:  96.2 Starved:   0.0 Total Active:    65536 Total Output:    65536 Expected Active:    65536 Last Activity: 265 
	   65536    65536    65536 
CE8862: Active:  15.3 Stalled:   0.0 Starved:  84.7 Total Active:   262144 Total Output:   262144 Expected Active:   262144 Last Activity: 6938 
	  262144   262144 
CE8850: Active:   3.8 Stalled:  19.2 Starved:  77.1 Total Active:    65536 Total Output:    65536 Expected Active:    65536 Last Activity: 814 
	   65536 
CE8886: Active:  15.3 Stalled:   0.0 Starved:  84.7 Total Active:   262144 Total Output:   262144 Expected Active:   262144 Last Activity: 6936 
	  262144   262144 
CE8874: Active:   3.8 Stalled:  19.2 Starved:  77.0 Total Active:    65536 Total Output:    65536 Expected Active:    65536 Last Activity: 770 
	   65536 
CE8910: Active:  15.3 Stalled:   0.0 Starved:  84.7 Total Active:   262144 Total Output:   262144 Expected Active:   262144 Last Activity: 6934 
	  262144   262144 
CE8898: Active:   3.8 Stalled:  19.4 Starved:  76.7 Total Active:    65536 Total Output:    65536 Expected Active:    65536 Last Activity: 711 
	   65536 
CE8934: Active:  15.3 Stalled:   0.0 Starved:  84.7 Total Active:   262144 Total Output:   262144 Expected Active:   262144 Last Activity: 6930 
	  262144   262144 
CE8922: Active:   3.8 Stalled:  19.5 Starved:  76.7 Total Active:    65536 Total Output:    65536 Expected Active:    65536 Last Activity: 705 
	   65536 
CE8958: Active:  15.3 Stalled:   0.0 Starved:  84.7 Total Active:   262144 Total Output:   262144 Expected Active:   262144 Last Activity: 6936 
	  262144   262144 
CE8946: Active:   3.8 Stalled:  15.9 Starved:  80.4 Total Active:    65536 Total Output:    65536 Expected Active:    65536 Last Activity: 1686 
	   65536 
CE8982: Active:  15.3 Stalled:   0.0 Starved:  84.7 Total Active:   262144 Total Output:   262144 Expected Active:   262144 Last Activity: 6932 
	  262144   262144 
CE8970: Active:   3.8 Stalled:  15.9 Starved:  80.4 Total Active:    65536 Total Output:    65536 Expected Active:    65536 Last Activity: 1695 
	   65536 
CE9006: Active:  15.3 Stalled:   0.0 Starved:  84.7 Total Active:   262144 Total Output:   262144 Expected Active:   262144 Last Activity: 6932 
	  262144   262144 
CE8994: Active:   3.8 Stalled:  16.0 Starved:  80.2 Total Active:    65536 Total Output:    65536 Expected Active:    65536 Last Activity: 1634 
	   65536 
CE9030: Active:  15.3 Stalled:   0.0 Starved:  84.7 Total Active:   262144 Total Output:   262144 Expected Active:   262144 Last Activity: 6930 
	  262144   262144 
CE9018: Active:   3.8 Stalled:  16.0 Starved:  80.2 Total Active:    65536 Total Output:    65536 Expected Active:    65536 Last Activity: 1629 
	   65536 
CE8230: Active:   0.0 Stalled:   0.0 Starved: 100.0 Total Active:        8 Total Output:        8 Expected Active:        8 Last Activity: 27 
	       8 
CE8840: Active:   0.0 Stalled:   0.0 Starved: 100.0 Total Active:      512 Total Output:      512 Expected Active:      512 Last Activity: 147 
	     512 
CE8830: Active:   0.0 Stalled:  99.9 Starved: 100.0 Total Active:      520 Total Output:      518 Expected Active:      512 Last Activity: 134 BOTH
	     512 
CE9072: Active:   3.8 Stalled:   0.0 Starved:  96.2 Total Active:    65536 Total Output:    65536 Expected Active:    65536 Last Activity: 187 
	   65536 
CE9062: Active:   0.0 Stalled:   0.0 Starved: 100.0 Total Active:      512 Total Output:      512 Expected Active:      512 Last Activity: 174 
	     512 
CE8288: Active:   0.0 Stalled:   0.0 Starved: 100.0 Total Active:      512 Total Output:      512 Expected Active:      512 Last Activity: 158 
	     512      512      512      513 
CE8816: Active:   0.0 Stalled:   0.0 Starved: 100.0 Total Active:      512 Total Output:      512 Expected Active:      512 Last Activity: 148 
	     512      512      512 
CE8802: Active:   0.0 Stalled:   0.0 Starved: 100.0 Total Active:       32 Total Output:       32 Expected Active:       32 Last Activity: 135 
	      32 
CE9092: Active:   3.8 Stalled:   0.0 Starved:  96.2 Total Active:    65536 Total Output:    65536 Expected Active:    65536 Last Activity: 186 
	   65536 
CE9082: Active:   3.8 Stalled:  78.0 Starved:  96.2 Total Active:    65544 Total Output:    65542 Expected Active:    65536 Last Activity: 173 BOTH
	   65536 
CE9112: Active:   3.8 Stalled:  16.6 Starved:  80.4 Total Active:    65536 Total Output:    65536 Expected Active:    65536 Last Activity: 668 
	   65536 
CE9102: Active:   3.8 Stalled:  20.7 Starved:  75.6 Total Active:    65536 Total Output:    65536 Expected Active:    65536 Last Activity: 316 
	   65536 
CE9132: Active:   3.8 Stalled:  16.8 Starved:  80.2 Total Active:    65536 Total Output:    65536 Expected Active:    65536 Last Activity: 671 
	   65536 
CE9122: Active:   3.8 Stalled:  20.7 Starved:  75.6 Total Active:    65536 Total Output:    65536 Expected Active:    65536 Last Activity: 313 
	   65536 
CE9202: Active:   3.8 Stalled:  20.8 Starved:  75.8 Total Active:    65536 Total Output:    65536 Expected Active:    65536 Last Activity: 267 
	   65536    65536 
CE9152: Active:   3.8 Stalled:  16.8 Starved:  80.1 Total Active:    65536 Total Output:    65536 Expected Active:    65536 Last Activity: 608 
	   65536 
CE9142: Active:   3.8 Stalled:  20.9 Starved:  75.4 Total Active:    65536 Total Output:    65536 Expected Active:    65536 Last Activity: 255 
	   65536 
CE9172: Active:   3.8 Stalled:  17.9 Starved:  78.5 Total Active:    65536 Total Output:    65536 Expected Active:    65536 Last Activity: 603 
	   65536 
CE9162: Active:   3.8 Stalled:  21.0 Starved:  75.3 Total Active:    65536 Total Output:    65536 Expected Active:    65536 Last Activity: 248 
	   65536 
CE9238: Active:   3.8 Stalled:   0.0 Starved:  96.2 Total Active:    65536 Total Output:    65536 Expected Active:    65536 Last Activity: 208 
	   65536    65536 
CE9220: Active:   3.8 Stalled:   0.0 Starved:  96.2 Total Active:    65536 Total Output:    65536 Expected Active:    65536 Last Activity: 198 
	   65537    65536    65536    65536 
CE8180: Active:   0.0 Stalled:   0.0 Starved: 100.0 Total Active:        8 Total Output:        8 Expected Active:        8 Last Activity: 74 
	       8        8        8 
	DRAM:   0.00 GB/s (  0.00 GB/s R,   0.00 GB/s W)
	ROB remaining: 0
CE8256: Active:   0.0 Stalled:   0.0 Starved: 100.0 Total Active:       32 Total Output:       32 Expected Active:       32 Last Activity: 113 
	      33       32 
CE8546: Active:   0.0 Stalled:   0.0 Starved: 100.0 Total Active:        8 Total Output:        8 Expected Active:        8 Last Activity: 1710906 
	       8 
CE8562: Active:   0.0 Stalled:   0.0 Starved: 100.0 Total Active:       32 Total Output:       32 Expected Active:       32 Last Activity: 96 
	      32       32       32 
CE8534: Active:   0.0 Stalled:   0.0 Starved: 100.0 Total Active:        8 Total Output:        8 Expected Active:        8 Last Activity: 83 
	       8 
CE8588: Active:   0.0 Stalled:   0.0 Starved: 100.0 Total Active:        8 Total Output:        8 Expected Active:        8 Last Activity: 1710905 
	       8 
CE8604: Active:   0.0 Stalled:   0.0 Starved: 100.0 Total Active:       32 Total Output:       32 Expected Active:       32 Last Activity: 98 
	      32       32       32 
CE8576: Active:   0.0 Stalled: 100.0 Starved: 100.0 Total Active:       40 Total Output:       38 Expected Active:       32 Last Activity: 85 BOTH
	      32 
CE8640: Active:   0.0 Stalled:   0.0 Starved: 100.0 Total Active:        8 Total Output:        8 Expected Active:        8 Last Activity: 1710903 
	       8 
CE8652: Active:   0.0 Stalled:   0.0 Starved: 100.0 Total Active:       32 Total Output:       32 Expected Active:       32 Last Activity: 99 
	      32       32 
CE8624: Active:   3.8 Stalled:  95.8 Starved:   0.4 Total Active:    65536 Total Output:    65536 Expected Active:    65536 Last Activity: 1688 
	   65536    65536    81920 
CE8686: Active:   0.0 Stalled:   0.0 Starved: 100.0 Total Active:        8 Total Output:        8 Expected Active:        8 Last Activity: 1710901 
	       8 
CE8698: Active:   0.0 Stalled:   0.0 Starved: 100.0 Total Active:       32 Total Output:       32 Expected Active:       32 Last Activity: 97 
	      32       32 
CE8670: Active:   3.8 Stalled:  95.8 Starved:   0.4 Total Active:    65536 Total Output:    65536 Expected Active:    65536 Last Activity: 1696 
	   65536    65536    81920 
CE8732: Active:   0.0 Stalled:   0.0 Starved: 100.0 Total Active:        8 Total Output:        8 Expected Active:        8 Last Activity: 1710899 
	       8 
CE8744: Active:   0.0 Stalled:   0.0 Starved: 100.0 Total Active:       32 Total Output:       32 Expected Active:       32 Last Activity: 95 
	      32       32 
CE8716: Active:   3.8 Stalled:  95.8 Starved:   0.4 Total Active:    65536 Total Output:    65536 Expected Active:    65536 Last Activity: 1636 
	   65536    65536    81920 
CE8778: Active:   0.0 Stalled:   0.0 Starved: 100.0 Total Active:        8 Total Output:        8 Expected Active:        8 Last Activity: 1710897 
	       8 
CE8790: Active:   0.0 Stalled:   0.0 Starved: 100.0 Total Active:       32 Total Output:       32 Expected Active:       32 Last Activity: 93 
	      32       32 
CE8762: Active:   3.8 Stalled:  95.8 Starved:   0.4 Total Active:    65536 Total Output:    65536 Expected Active:    65536 Last Activity: 1629 
	   65536    65536    81920 
CE8368: Active:   3.8 Stalled:  11.3 Starved:  85.5 Total Active:    65536 Total Output:    65536 Expected Active:    65536 Last Activity: 1640 
	   65536    65536 
CE8382: Active:   3.8 Stalled:  13.1 Starved:  83.4 Total Active:    65536 Total Output:    65536 Expected Active:    65536 Last Activity: 1638 
	   65536    65536 
CE8396: Active:   3.8 Stalled:  11.5 Starved:  85.3 Total Active:    65536 Total Output:    65536 Expected Active:    65536 Last Activity: 1588 
	   65536    65536 
CE8410: Active:   3.8 Stalled:  15.1 Starved:  81.2 Total Active:    65536 Total Output:    65536 Expected Active:    65536 Last Activity: 1579 
	   65536    65536 
CE8424: Active:   0.5 Stalled:  20.0 Starved:  81.0 Total Active:     8192 Total Output:     8192 Expected Active:     8192 Last Activity: 1342 
	    8192     8192 
CE8438: Active:   0.5 Stalled:  20.5 Starved:  80.5 Total Active:     8192 Total Output:     8192 Expected Active:     8192 Last Activity: 1341 
	    8192     8192 
CE8452: Active:   0.5 Stalled:  20.3 Starved:  80.7 Total Active:     8192 Total Output:     8192 Expected Active:     8192 Last Activity: 1282 
	    8192     8192 
CE8466: Active:   0.5 Stalled:  20.9 Starved:  80.3 Total Active:     8192 Total Output:     8192 Expected Active:     8192 Last Activity: 1275 
	    8192     8192 
CE8480: Active:   3.8 Stalled:  19.0 Starved:  77.6 Total Active:    65536 Total Output:    65536 Expected Active:    65536 Last Activity: 722 
	   65536    65536 
CE8494: Active:   3.8 Stalled:  19.1 Starved:  77.3 Total Active:    65536 Total Output:    65536 Expected Active:    65536 Last Activity: 721 
	   65536    65536 
CE8508: Active:   3.8 Stalled:  19.2 Starved:  77.3 Total Active:    65536 Total Output:    65536 Expected Active:    65536 Last Activity: 662 
	   65536    65536 
CE8522: Active:   3.8 Stalled:  18.7 Starved:  77.7 Total Active:    65536 Total Output:    65536 Expected Active:    65536 Last Activity: 655 
	   65536    65536 
Total DRAM:	   9.88 GB/s (  9.88 GB/s R,   0.00 GB/s W)
[[32mpsim[0m] Total DRAM:	   9.88 GB/s (  9.88 GB/s R,   0.00 GB/s W)
Pending Read: 0	 Pending Write: 0	
[pir] Finished 68-PlastisimConfigCodegen to [36mconfig.psim[0m in 49391.738795ms
[pir] Running 69-PlastisimDotCodegen ...[pir] Finished 69-PlastisimDotCodegen to [36mpsim.dot[0m in 5467.393654ms
[pir] Running 70-AreaPowerStat ...
[pir] pcu_total_active = 1114657
[pir] pmu_total_active = 2761816
[pir] dag_total_active = 73
[[33mpir[0m] python /home/yaqiz/pir/out/LogReg__iters_4_D_128_N_8192_ts_512_op_1_mp_4_psim_v3_s4_cd/area_power_model.py
[[33mpir[0m] log in /home/yaqiz/pir/out/LogReg__iters_4_D_128_N_8192_ts_512_op_1_mp_4_psim_v3_s4_cd/area_power.log
router_unit_area                     0.00 (um^2)
vswitch_unit_area               102262.91 (um^2)
sswitch_unit_area                 7490.46 (um^2)
pcu_unit_area                   849000.00 (um^2)
pmu_unit_area                   532000.00 (um^2)
total_router_area                    0.00 (um^2)
total_vswitch_area                  15.65 (mm^2)
total_sswitch_area                   1.15 (mm^2)
total_pcu_area                      54.34 (mm^2)
total_pmu_area                      34.05 (mm^2)
total_net_area                      16.79 (mm^2)
total_area                         105.18 (mm^2)
router_flit_energy                   0.00 (fJ)
router_flit_energy_scalar            0.00 (fJ)
vswitch_flit_energy                  6.95 (pJ)
sswitch_flit_energy                206.23 (fJ)
total_router_energy                  0.00 (fJ)
total_vswitch_energy               134.94 (uJ)
total_sswitch_energy               140.26 (nJ)
total_net_energy                   135.08 (uJ)
pcu_unit_energy                    224.00 (pJ)
pmu_unit_energy                    300.31 (pJ)
dag_unit_energy                     31.41 (pJ)
total_pcu_energy                   249.68 (uJ)
total_pmu_energy                   829.41 (uJ)
total_dag_energy                     2.29 (nJ)
total_energy                         1.21 (mJ)
total_router_power                   0.00 (pW)
total_vswitch_power                 78.86 (mW)
total_sswitch_power                 81.97 (uW)
total_net_power                     78.95 (mW)
total_pcu_power                    145.93 (mW)
total_pmu_power                    484.75 (mW)
total_dag_power                      1.34 (uW)
total_power                        709.62 (mW)
[pir] Finished 70-AreaPowerStat to [36marea_power_model.py[0m in 1254.404044ms
[pir] Saving node prism.Session@69382e0f to /home/yaqiz/pir/out/LogReg__iters_4_D_128_N_8192_ts_512_op_1_mp_4_psim_v3_s4_cd/LogReg__iters_4_D_128_N_8192_ts_512_op_1_mp_4.sess
[0m[[32msuccess[0m] [0mTotal time: 724 s, completed Aug 17, 2018 4:58:25 PM[0m
-------------PASS (DONE)------------
