Java HotSpot(TM) 64-Bit Server VM warning: ignoring option MaxPermSize=1g; support was removed in 8.0
Picked up _JAVA_OPTIONS: -Xss16M
[0m[[0minfo[0m] [0mLoading global plugins from /home/yaqiz/.sbt/0.13/plugins[0m
[0m[[0minfo[0m] [0mLoading project definition from /home/yaqiz/spatial-lang/project[0m
[0m[[0minfo[0m] [0mSet current project to spatial-lang (in build file:/home/yaqiz/spatial-lang/)[0m
[0m[[33mwarn[0m] [0mThe `-` command is deprecated in favor of `onFailure` and will be removed in 0.14.0[0m
[0m[[0minfo[0m] [0mCompiling 4 Scala sources to /home/yaqiz/spatial-lang/apps/target/scala-2.12/classes...[0m
[0m[[0minfo[0m] [0mRunning GEMM_Blocked__DIM_512_IDIM_256_ts_256_its_128_loop_ii_1_loop_jj_1_loop_kk_1_loop_i_2_loop_k_8 --dot --cgra+ --pirsrc /home/yaqiz/pir/pir/apps/src[0m
[[33mwarn[0m] Area model file UltraScalePlus.csv for target AWS_F1 was not found.
Compiling GEMM_Blocked__DIM_512_IDIM_256_ts_256_its_128_loop_ii_1_loop_jj_1_loop_kk_1_loop_i_2_loop_k_8 to /home/yaqiz/spatial-lang/gen/GEMM_Blocked__DIM_512_IDIM_256_ts_256_its_128_loop_ii_1_loop_jj_1_loop_kk_1_loop_i_2_loop_k_8
[[33mwarn[0m] Plasticine only support 32 bit wordwidth. FixConvert to LongType. Use single precision instead GEMM_Blocked__DIM_512_IDIM_256_ts_256_its_128_loop_ii_1_loop_jj_1_loop_kk_1_loop_i_2_loop_k_8.scala:43:20
[[33mwarn[0m] Plasticine only support 32 bit wordwidth. FixConvert to LongType. Use single precision instead GEMM_Blocked__DIM_512_IDIM_256_ts_256_its_128_loop_ii_1_loop_jj_1_loop_kk_1_loop_i_2_loop_k_8.scala:46:22
[[33mwarn[0m] Plasticine only support 32 bit wordwidth. FixConvert to LongType. Use single precision instead GEMM_Blocked__DIM_512_IDIM_256_ts_256_its_128_loop_ii_1_loop_jj_1_loop_kk_1_loop_i_2_loop_k_8.scala:46:22
[[33mwarn[0m] Plasticine only support 32 bit wordwidth. FixConvert to LongType. Use single precision instead GEMM_Blocked__DIM_512_IDIM_256_ts_256_its_128_loop_ii_1_loop_jj_1_loop_kk_1_loop_i_2_loop_k_8.scala:58:48
[[34minfo[0m] mkdir -p /home/yaqiz/pir/pir/apps/src
cp /home/yaqiz/spatial-lang/gen/GEMM_Blocked__DIM_512_IDIM_256_ts_256_its_128_loop_ii_1_loop_jj_1_loop_kk_1_loop_i_2_loop_k_8/pir/main.scala /home/yaqiz/pir/pir/apps/src/GEMM_Blocked__DIM_512_IDIM_256_ts_256_its_128_loop_ii_1_loop_jj_1_loop_kk_1_loop_i_2_loop_k_8.scala
rm /home/yaqiz/pir/out/GEMM_Blocked__DIM_512_IDIM_256_ts_256_its_128_loop_ii_1_loop_jj_1_loop_kk_1_loop_i_2_loop_k_8/GEMM_Blocked__DIM_512_IDIM_256_ts_256_its_128_loop_ii_1_loop_jj_1_loop_kk_1_loop_i_2_loop_k_8.pir
rm: cannot remove ‘/home/yaqiz/pir/out/GEMM_Blocked__DIM_512_IDIM_256_ts_256_its_128_loop_ii_1_loop_jj_1_loop_kk_1_loop_i_2_loop_k_8/GEMM_Blocked__DIM_512_IDIM_256_ts_256_its_128_loop_ii_1_loop_jj_1_loop_kk_1_loop_i_2_loop_k_8.pir’: No such file or directory
[[32mcompleted[0m] Total time: 15.2560 seconds
[0m[[32msuccess[0m] [0mTotal time: 35 s, completed Jul 23, 2018 1:18:33 PM[0m
sbt -batch "apps/run-main GEMM_Blocked__DIM_512_IDIM_256_ts_256_its_128_loop_ii_1_loop_jj_1_loop_kk_1_loop_i_2_loop_k_8 --dot --cgra+ --pirsrc /home/yaqiz/pir/pir/apps/src"
-------------PASS (DONE)------------
