Java HotSpot(TM) 64-Bit Server VM warning: ignoring option MaxPermSize=1g; support was removed in 8.0
Picked up _JAVA_OPTIONS: -Xss8192k
[0m[[0minfo[0m] [0mLoading global plugins from /home/yaqiz/.sbt/0.13/plugins[0m
[0m[[0minfo[0m] [0mLoading project definition from /home/yaqiz/pir/project[0m
[0m[[0minfo[0m] [0mSet current project to default-675fdc (in build file:/home/yaqiz/pir/)[0m
[0m[[0minfo[0m] [0mSet current project to apps (in build file:/home/yaqiz/pir/)[0m
[0m[[0minfo[0m] [0mRunning DotProduct__N_1048576_ts_65536_op_1 --out=/home/yaqiz/pir/out/DotProduct__N_1048576_ts_65536_op_1_psim_D_v1_s4_rq4 --psim-out=/home/yaqiz/plastisim/configs/finals/DotProduct__N_1048576_ts_65536_op_1_psim_D_v1_s4_rq4 --debug=false --verbose=true --dot=false --load-pir=true --save-pir=true --psim=true --trace=true --ctrl=true --bp=false --stat=true --routing-algo=proute --proute-iter=1000 --run-psim=true --arch=MyDesign --row=16 --col=8 --topo=mesh --argin=64 --tokenout=32 --pcu-stage=4 --vc=4 --net=dynamic --vlink=1 --slink=4 --fifo-depth=4 --vfifo=4 --proute-algo=route_min_directed_valient --link-prop=db --flit-width=512 --proute-q=4[0m
[pir] args=[--load-pir=true, --run-psim=false, --trace=false, --net=static, --stat=false, --vlink=2, --slink=6, --vfifo=4, --row=16, --col=8, --topo=mesh, --routing-algo=dor, --psim-timeout=100000000, --mapping=true, --splitting=true, --save-pir=true, --load-spade=false, --save-spade=false, --splitting-algo=alias_weighted_igraph, --ctrl=true, --bp=false, --snapint=10, --snapshot=false, --dot=true, --psim=false, --arch=MyDesign, --nn=false, --dag=true, --pattern=checkerboard, --argin=20, --argout=4, --tokenout=5, --fifo-depth=10, --vc=10, --routing-cost=H-hop, --out=/home/yaqiz/pir/out/DotProduct__N_1048576_ts_65536_op_1_psim_D_v1_s4_rq4, --psim-out=/home/yaqiz/plastisim/configs/finals/DotProduct__N_1048576_ts_65536_op_1_psim_D_v1_s4_rq4, --debug=false, --verbose=true, --dot=false, --load-pir=true, --save-pir=true, --psim=true, --trace=true, --ctrl=true, --bp=false, --stat=true, --routing-algo=proute, --proute-iter=1000, --run-psim=true, --arch=MyDesign, --row=16, --col=8, --topo=mesh, --argin=64, --tokenout=32, --pcu-stage=4, --vc=4, --net=dynamic, --vlink=1, --slink=4, --fifo-depth=4, --vfifo=4, --proute-algo=route_min_directed_valient, --link-prop=db, --flit-width=512, --proute-q=4]
[pir] Output directory set to [36m/home/yaqiz/pir/out/DotProduct__N_1048576_ts_65536_op_1_psim_D_v1_s4_rq4[0m
[pir] Loading from /home/yaqiz/pir/out/DotProduct__N_1048576_ts_65536_op_1_psim_D_v1_s4_rq4/DotProduct__N_1048576_ts_65536_op_1.pir[pir] Loading PIRDesign() from /home/yaqiz/pir/out/DotProduct__N_1048576_ts_65536_op_1_psim_D_v1_s4_rq4/DotProduct__N_1048576_ts_65536_op_1.pir
[pir] Configuring spade MyDesign ...
[pir] Loading from /home/yaqiz/pir/out/DotProduct__N_1048576_ts_65536_op_1_psim_D_v1_s4_rq4/DotProduct__N_1048576_ts_65536_op_1.sess[pir] Loading prism.Session@bbac99f from /home/yaqiz/pir/out/DotProduct__N_1048576_ts_65536_op_1_psim_D_v1_s4_rq4/DotProduct__N_1048576_ts_65536_op_1.sess
[pir] Saving node PIRDesign() to /home/yaqiz/pir/out/DotProduct__N_1048576_ts_65536_op_1_psim_D_v1_s4_rq4/DotProduct__N_1048576_ts_65536_op_1.pir
[pir] Running 53-PlastisimDotCodegen ...[pir] Finished 53-PlastisimDotCodegen to [36mpsim.dot[0m in 525.111534ms
[pir] Running 54-ControllerDotCodegen ...[pir] Finished 54-ControllerDotCodegen to [36mcontroller.dot[0m in 80.667224ms
[pir] Running 55-PIRIRDotCodegen ...[pir] Finished 55-PIRIRDotCodegen to [36mtop.dot[0m in 223.013125ms
[pir] Running 56-SimpleIRDotCodegen ...[pir] Finished 56-SimpleIRDotCodegen to [36msimple.dot[0m in 69.643339ms
[pir] Running 58-CUPruning ...[pir] Finished 58-CUPruning in 1282.945529ms
[pir] Running 59-CUPlacer ...[[32msuccess[0m] CUPlacer succeeded
[pir] Finished 59-CUPlacer in 22296.919676ms
[pir] Running 60-CUStatistics ...[pir] =========== Post-splitting CU Statistics ==================
[pir] 
[pir] number of cus=9
[pir] number of pcu = 1
[pir] - cin (0.00,0.00,0.00) sin (0.00,0.00,0.00) vin (2.00,2.00,2.00)
[pir] - cout (0.00,0.00,0.00) sout (1.00,1.00,1.00) vout (0.00,0.00,0.00)
[pir] - stages (6.00,6.00,6.00)
[pir] number of dag = 2
[pir] - cin (0.00,0.00,0.00) sin (2.00,2.00,2.00) vin (0.00,0.00,0.00)
[pir] - cout (0.00,0.00,0.00) sout (2.00,2.00,2.00) vout (0.00,0.00,0.00)
[pir] - stages (2.00,2.00,2.00)
[pir] number of pmu = 2
[pir] - cin (0.00,0.00,0.00) sin (0.00,0.00,0.00) vin (1.00,1.00,1.00)
[pir] - cout (0.00,0.00,0.00) sout (0.00,0.00,0.00) vout (1.00,1.00,1.00)
[pir] - stages (0.00,0.00,0.00)
[pir] number of dfg = 2
[pir] - cin (0.00,0.00,0.00) sin (2.00,2.00,2.00) vin (0.00,0.00,0.00)
[pir] - cout (0.00,0.00,0.00) sout (0.00,0.00,0.00) vout (1.00,1.00,1.00)
[pir] - stages (0.00,0.00,0.00)
[pir] number of scu = 1
[pir] - cin (0.00,0.00,0.00) sin (2.00,2.00,2.00) vin (0.00,0.00,0.00)
[pir] - cout (0.00,0.00,0.00) sout (1.00,1.00,1.00) vout (0.00,0.00,0.00)
[pir] - stages (1.00,1.00,1.00)
[pir] number of afg = 1
[pir] - cin (0.00,0.00,0.00) sin (1.00,1.00,1.00) vin (0.00,0.00,0.00)
[pir] - cout (0.00,0.00,0.00) sout (3.00,3.00,3.00) vout (0.00,0.00,0.00)
[pir] - stages (0.00,0.00,0.00)
[pir] compute CU = 2
[pir] memory CU = 2
[pir] mc CU = 2
[pir] Total = 4
[pir] PCU = 2 / 64 (3.13%)
[pir] PMU-comp = 1 / 63 (1.59%)
[pir] PMU-mem = 2 / 63 (3.17%)
[pir] AG-ag = 0 / 32 (0.00%)
[pir] AG-comp = 0 / 32 (0.00%)
[pir] MC = 2 / 32 (6.25%)
[pir] Finished 60-CUStatistics to [36mstat.json[0m in 1232.601308ms
[pir] Running 61-PIRNetworkDotCodegen ...[pir] Finished 61-PIRNetworkDotCodegen to [36mcontrol.dot[0m in 1590.594112ms
[pir] Running 62-PIRNetworkDotCodegen ...[pir] Finished 62-PIRNetworkDotCodegen to [36mscalar.dot[0m in 736.228528ms
[pir] Running 63-PIRNetworkDotCodegen ...[pir] Finished 63-PIRNetworkDotCodegen to [36mvector.dot[0m in 657.351842ms
[pir] Running 64-TerminalCSVCodegen ...[pir] Finished 64-TerminalCSVCodegen to [36mnode.csv[0m in 5.839862ms
[pir] Running 65-LinkCSVCodegen ...[pir] Finished 65-LinkCSVCodegen to [36mlink.csv[0m in 177.936108ms
[pir] Running 66-PlastisimPlacementCodegen ...[[33mproute[0m] /home/yaqiz/plastiroute/plastiroute -n /home/yaqiz/plastisim/configs/finals/DotProduct__N_1048576_ts_65536_op_1_psim_D_v1_s4_rq4/node.csv -l /home/yaqiz/plastisim/configs/finals/DotProduct__N_1048576_ts_65536_op_1_psim_D_v1_s4_rq4/link.csv -o /home/yaqiz/plastisim/configs/finals/DotProduct__N_1048576_ts_65536_op_1_psim_D_v1_s4_rq4/final.place -r 16 -c 8 -g /home/yaqiz/plastisim/configs/finals/DotProduct__N_1048576_ts_65536_op_1_psim_D_v1_s4_rq4/proute.dot -v /home/yaqiz/plastisim/configs/finals/DotProduct__N_1048576_ts_65536_op_1_psim_D_v1_s4_rq4/summary.csv -x1 -e 4 -a route_min_directed_valient  -q4  -i1000 -p100 -t1 -d100 -s0
[[33mproute[0m] log in /home/yaqiz/pir/out/DotProduct__N_1048576_ts_65536_op_1_psim_D_v1_s4_rq4/proute.log
Max static: 1vec 4scal
100 scores: min 2.50 	0.00/0.00/5/0.00/0 	max 511.75 mean 42.54
100 scores: min 2.00 	0.00/0.00/4/0.00/0 	max 760.25 mean 59.51
100 scores: min 2.00 	0.00/0.00/4/0.00/0 	max 759.25 mean 41.83
All static routes:
	771:1:65536	744:1:65536	980:1:65536	936:1:65536	609:1:16	556:1:16	585:1:16	638:1:16	799:1:16	713:3:1	713:3:1	713:3:1	846:1:1	892:1:1	686:1:1
All dynamic routes:

Best score is 2.00
Used 0 VCs for endpoint coloring.
	Used 0 VCs.
[[32mproute[0m] 	Used 0 VCs.
[[32mproute[0m] DynHopsVec:0, DynHopsScal:0, StatHopsVec:589824, StatHopsScal:216
[pir] Finished 66-PlastisimPlacementCodegen to [36mfinal.place[0m in 951.014958ms
[pir] Running 67-PlastisimDotCodegen ...[pir] Finished 67-PlastisimDotCodegen to [36mpsim.dot[0m in 330.488815ms
[pir] Running 68-PlastisimConfigCodegen ...[[33mcommand[0m] ln -f /home/yaqiz/plastisim/configs/mesh_generic.cfg /home/yaqiz/plastisim/configs/finals/DotProduct__N_1048576_ts_65536_op_1_psim_D_v1_s4_rq4/
[[33mpsim[0m] /home/yaqiz/plastisim/plastisim -f /home/yaqiz/plastisim/configs/finals/DotProduct__N_1048576_ts_65536_op_1_psim_D_v1_s4_rq4/config.psim -p /home/yaqiz/plastisim/configs/finals/DotProduct__N_1048576_ts_65536_op_1_psim_D_v1_s4_rq4/final.place -c 100000000 -l B -w 512 -q1
[[33mpsim[0m] log in /home/yaqiz/pir/out/DotProduct__N_1048576_ts_65536_op_1_psim_D_v1_s4_rq4/psim.log
Set non-priority VC slowdown to 1
Changing to config directory: /home/yaqiz/plastisim/configs/finals/DotProduct__N_1048576_ts_65536_op_1_psim_D_v1_s4_rq4
Constructing NetworkLink.
Constructing NetworkLink.
Constructing NetworkLink.
Constructing NetworkLink.
Constructing NetworkLink.
Constructing NetworkLink.
Constructing NetworkLink.
Constructing NetworkLink.
Constructing NetworkLink.
Constructing NetworkLink.
Constructing NetworkLink.
Constructing NetworkLink.
Constructing NetworkLink.
Added all names to the symbol table.
Adding static hop for route 771 (356->344, lat 3).
Adding static hop for route 744 (355->344, lat 1).
Adding static hop for route 980 (135->356, lat 4).
Adding static hop for route 936 (73->355, lat 1).
Adding static hop for route 609 (352->135, lat 2).
Adding static hop for route 556 (349->73, lat 4).
Adding static hop for route 585 (349->73, lat 4).
Adding static hop for route 638 (352->135, lat 2).
Adding static hop for route 799 (344->345, lat 1).
Adding static hop for route 713 (259->345, lat 3).
Adding static hop for route 713 (259->352, lat 1).
Adding static hop for route 713 (259->349, lat 1).
Adding static hop for route 846 (259->349, lat 1).
Adding static hop for route 892 (259->352, lat 3).
Adding static hop for route 686 (345->259, lat 1).
Printing hop routes
0	556: X, vc0
	585: X, vc1
1	936: X, vc0
2	744: X, vc1
	771: X, vc0
3	713: X, vc1
	799: X, vc0
4	686: X, vc2
	713: X, vc0
	846: X, vc1
5	980: X, vc0
7	713: X, vc0
	892: X, vc1
9	609: X, vc0
	638: X, vc1
Parsed placement file.
Set ejection VC at addr 4 to 0
Set ejection VC at addr 7 to 0
Set ejection VC at addr 3 to 1
Link specified in placement file.
Changing link to static with placed latencies.
Set lat 1 from 0 to 0
Set lat 1 from 0 to 1
Set lat 3 from 0 to 2
Set ejection VC at addr 7 to 1
Link specified in placement file.
Changing link to static with placed latencies.
Set lat 3 from 0 to 0
Set ejection VC at addr 4 to 1
Link specified in placement file.
Changing link to static with placed latencies.
Set lat 1 from 0 to 0
Set ejection VC at addr 2 to 1
Link specified in placement file.
Changing link to static with placed latencies.
Set lat 1 from 0 to 0
Set ejection VC at addr 5 to 0
Link specified in placement file.
Changing link to static with placed latencies.
Set lat 4 from 0 to 0
Set ejection VC at addr 1 to 0
Link specified in placement file.
Changing link to static with placed latencies.
Set lat 1 from 0 to 0
Set ejection VC at addr 2 to 0
Link specified in placement file.
Changing link to static with placed latencies.
Set lat 3 from 0 to 0
Set ejection VC at addr 9 to 0
Link specified in placement file.
Changing link to static with placed latencies.
Set lat 2 from 0 to 0
Set ejection VC at addr 0 to 0
Link specified in placement file.
Changing link to static with placed latencies.
Set lat 4 from 0 to 0
Set ejection VC at addr 9 to 1
Link specified in placement file.
Changing link to static with placed latencies.
Set lat 2 from 0 to 0
Set ejection VC at addr 0 to 1
Link specified in placement file.
Changing link to static with placed latencies.
Set lat 4 from 0 to 0
Set lat 1 from 0 to 0
Set lat 1 from 0 to 0
Set ejection VC at addr 3 to 0
Link specified in placement file.
Changing link to static with placed latencies.
Set lat 1 from 0 to 0
Set ejection VC at addr 4 to 2
Link specified in placement file.
Changing link to static with placed latencies.
Set lat 1 from 0 to 0
Number of network classes: 3
Child process has pid -27796
Error setting saddr = 4
Error setting daddr = 4
Error setting daddr = 7
Error setting daddr = 3
Error setting class = 0
Error setting class = 0
Error setting class = 1
Error setting lat = 1
Error setting lat = 1
Error setting lat = 3
Error setting saddr = 4
Error setting daddr = 7
Error setting class = 1
Error setting lat = 3
Error setting saddr = 4
Error setting daddr = 4
Error setting class = 1
Error setting lat = 1
Error setting saddr = 1
Error setting daddr = 2
Error setting class = 1
Error setting lat = 1
Error setting saddr = 9
Error setting daddr = 5
Error setting class = 0
Error setting lat = 4
Error setting saddr = 0
Error setting daddr = 1
Error setting class = 0
Error setting lat = 1
Error setting saddr = 5
Error setting daddr = 2
Error setting class = 0
Error setting lat = 3
Error setting saddr = 7
Error setting daddr = 9
Error setting class = 0
Error setting lat = 2
Error setting saddr = 4
Error setting daddr = 0
Error setting class = 0
Error setting lat = 4
Error setting saddr = 7
Error setting daddr = 9
Error setting class = 1
Error setting lat = 2
Error setting saddr = 4
Error setting daddr = 0
Error setting class = 1
Error setting lat = 4
Error setting saddr = 2
Error setting daddr = 3
Error setting class = 0
Error setting lat = 1
Error setting saddr = 3
Error setting daddr = 4
Error setting class = 2
Error setting lat = 1
== Loading device model file '/home/yaqiz/plastisim/configs/DDR3_micron_64M_8B_x4_sg15.ini' == 
== Loading system model file '/home/yaqiz/plastisim/configs/system.ini' == 
===== MemorySystem 0 =====
CH. 0 TOTAL_STORAGE : 4096MB | 1 Ranks | 16 Devices per rank
===== MemorySystem 1 =====
CH. 1 TOTAL_STORAGE : 4096MB | 1 Ranks | 16 Devices per rank
===== MemorySystem 2 =====
CH. 2 TOTAL_STORAGE : 4096MB | 1 Ranks | 16 Devices per rank
===== MemorySystem 3 =====
CH. 3 TOTAL_STORAGE : 4096MB | 1 Ranks | 16 Devices per rank
Set non-priority VC slowdown to 1
Changing to config directory: /home/yaqiz/plastisim/configs/finals/DotProduct__N_1048576_ts_65536_op_1_psim_D_v1_s4_rq4
Constructing NetworkLink.
Constructing NetworkLink.
Constructing NetworkLink.
Constructing NetworkLink.
Constructing NetworkLink.
Constructing NetworkLink.
Constructing NetworkLink.
Constructing NetworkLink.
Constructing NetworkLink.
Constructing NetworkLink.
Constructing NetworkLink.
Constructing NetworkLink.
Constructing NetworkLink.
Added all names to the symbol table.
Adding static hop for route 771 (356->344, lat 3).
Adding static hop for route 744 (355->344, lat 1).
Adding static hop for route 980 (135->356, lat 4).
Adding static hop for route 936 (73->355, lat 1).
Adding static hop for route 609 (352->135, lat 2).
Adding static hop for route 556 (349->73, lat 4).
Adding static hop for route 585 (349->73, lat 4).
Adding static hop for route 638 (352->135, lat 2).
Adding static hop for route 799 (344->345, lat 1).
Adding static hop for route 713 (259->345, lat 3).
Adding static hop for route 713 (259->352, lat 1).
Adding static hop for route 713 (259->349, lat 1).
Adding static hop for route 846 (259->349, lat 1).
Adding static hop for route 892 (259->352, lat 3).
Adding static hop for route 686 (345->259, lat 1).
Printing hop routes
0	556: X, vc0
	585: X, vc1
1	936: X, vc0
2	744: X, vc1
	771: X, vc0
3	713: X, vc1
	799: X, vc0
4	686: X, vc2
	713: X, vc0
	846: X, vc1
5	980: X, vc0
7	713: X, vc0
	892: X, vc1
9	609: X, vc0
	638: X, vc1
Parsed placement file.
Set ejection VC at addr 4 to 0
Set ejection VC at addr 7 to 0
Set ejection VC at addr 3 to 1
Link specified in placement file.
Changing link to static with placed latencies.
Set lat 1 from 0 to 0
Set lat 1 from 0 to 1
Set lat 3 from 0 to 2
Set ejection VC at addr 7 to 1
Link specified in placement file.
Changing link to static with placed latencies.
Set lat 3 from 0 to 0
Set ejection VC at addr 4 to 1
Link specified in placement file.
Changing link to static with placed latencies.
Set lat 1 from 0 to 0
Set ejection VC at addr 2 to 1
Link specified in placement file.
Changing link to static with placed latencies.
Set lat 1 from 0 to 0
Set ejection VC at addr 5 to 0
Link specified in placement file.
Changing link to static with placed latencies.
Set lat 4 from 0 to 0
Set ejection VC at addr 1 to 0
Link specified in placement file.
Changing link to static with placed latencies.
Set lat 1 from 0 to 0
Set ejection VC at addr 2 to 0
Link specified in placement file.
Changing link to static with placed latencies.
Set lat 3 from 0 to 0
Set ejection VC at addr 9 to 0
Link specified in placement file.
Changing link to static with placed latencies.
Set lat 2 from 0 to 0
Set ejection VC at addr 0 to 0
Link specified in placement file.
Changing link to static with placed latencies.
Set lat 4 from 0 to 0
Set ejection VC at addr 9 to 1
Link specified in placement file.
Changing link to static with placed latencies.
Set lat 2 from 0 to 0
Set ejection VC at addr 0 to 1
Link specified in placement file.
Changing link to static with placed latencies.
Set lat 4 from 0 to 0
Set lat 1 from 0 to 0
Set lat 1 from 0 to 0
Set ejection VC at addr 3 to 0
Link specified in placement file.
Changing link to static with placed latencies.
Set lat 1 from 0 to 0
Set ejection VC at addr 4 to 2
Link specified in placement file.
Changing link to static with placed latencies.
Set lat 1 from 0 to 0
Number of network classes: 3
I'm the child process!
GPGPU-Sim uArch: interconnect node map (shaderID+MemID to icntID)
GPGPU-Sim uArch: Memory nodes ID start from index: 256
GPGPU-Sim uArch:    0   1   2   3   4   5   6   7   8   9  10  11  12  13  14  15
GPGPU-Sim uArch:   16  17  18  19  20  21  22  23  24  25  26  27  28  29  30  31
GPGPU-Sim uArch:   32  33  34  35  36  37  38  39  40  41  42  43  44  45  46  47
GPGPU-Sim uArch:   48  49  50  51  52  53  54  55  56  57  58  59  60  61  62  63
GPGPU-Sim uArch:   64  65  66  67  68  69  70  71  72  73  74  75  76  77  78  79
GPGPU-Sim uArch:   80  81  82  83  84  85  86  87  88  89  90  91  92  93  94  95
GPGPU-Sim uArch:   96  97  98  99 100 101 102 103 104 105 106 107 108 109 110 111
GPGPU-Sim uArch:  112 113 114 115 116 117 118 119 120 121 122 123 124 125 126 127
GPGPU-Sim uArch:  128 129 130 131 132 133 134 135 136 137 138 139 140 141 142 143
GPGPU-Sim uArch:  144 145 146 147 148 149 150 151 152 153 154 155 156 157 158 159
GPGPU-Sim uArch:  160 161 162 163 164 165 166 167 168 169 170 171 172 173 174 175
GPGPU-Sim uArch:  176 177 178 179 180 181 182 183 184 185 186 187 188 189 190 191
GPGPU-Sim uArch:  192 193 194 195 196 197 198 199 200 201 202 203 204 205 206 207
GPGPU-Sim uArch:  208 209 210 211 212 213 214 215 216 217 218 219 220 221 222 223
GPGPU-Sim uArch:  224 225 226 227 228 229 230 231 232 233 234 235 236 237 238 239
GPGPU-Sim uArch:  240 241 242 243 244 245 246 247 248 249 250 251 252 253 254 255
GPGPU-Sim uArch: interconnect node reverse map (icntID to shaderID+MemID)
GPGPU-Sim uArch: Memory nodes start from ID: 256
GPGPU-Sim uArch:    0   1   2   3   4   5   6   7   8   9  10  11  12  13  14  15
GPGPU-Sim uArch:   16  17  18  19  20  21  22  23  24  25  26  27  28  29  30  31
GPGPU-Sim uArch:   32  33  34  35  36  37  38  39  40  41  42  43  44  45  46  47
GPGPU-Sim uArch:   48  49  50  51  52  53  54  55  56  57  58  59  60  61  62  63
GPGPU-Sim uArch:   64  65  66  67  68  69  70  71  72  73  74  75  76  77  78  79
GPGPU-Sim uArch:   80  81  82  83  84  85  86  87  88  89  90  91  92  93  94  95
GPGPU-Sim uArch:   96  97  98  99 100 101 102 103 104 105 106 107 108 109 110 111
GPGPU-Sim uArch:  112 113 114 115 116 117 118 119 120 121 122 123 124 125 126 127
GPGPU-Sim uArch:  128 129 130 131 132 133 134 135 136 137 138 139 140 141 142 143
GPGPU-Sim uArch:  144 145 146 147 148 149 150 151 152 153 154 155 156 157 158 159
GPGPU-Sim uArch:  160 161 162 163 164 165 166 167 168 169 170 171 172 173 174 175
GPGPU-Sim uArch:  176 177 178 179 180 181 182 183 184 185 186 187 188 189 190 191
GPGPU-Sim uArch:  192 193 194 195 196 197 198 199 200 201 202 203 204 205 206 207
GPGPU-Sim uArch:  208 209 210 211 212 213 214 215 216 217 218 219 220 221 222 223
GPGPU-Sim uArch:  224 225 226 227 228 229 230 231 232 233 234 235 236 237 238 239
GPGPU-Sim uArch:  240 241 242 243 244 245 246 247 248 249 250 251 252 253 254 255
DRAMSim2 Clock Frequency =800000000Hz, CPU Clock Frequency=1000000000Hz
Parsed definitions of all elements.
Total of 15 links:
  0: ArgIn358_ArgIn380_ArgIn662
    
  1: DramAddress115
    
  2: DramAddress53
    
  3: RetimingFIFO416
    
  4: RetimingFIFO483
    
  5: RetimingFIFO454
    
  6: RetimingFIFO444
    
  7: StreamOut106
    
  8: StreamOut44
    
  9: StreamOut107
    
  10: StreamOut45
    
  11: SRAM33
    
  12: SRAM34
    
  13: Reg166
    
  14: ArgOut12
    
Total of 12 nodes:
  0: CE1028
    [StreamOut45 *4096 /1] [StreamOut44 *4096 /1]  => [RetimingFIFO454] 
  1: CE1148
    [RetimingFIFO454 *1 /1]  => [SRAM33] 
  2: CE1138
    [SRAM33 *4096 /1]  => [RetimingFIFO416] 
  3: CE1042
    [StreamOut107 *4096 /1] [StreamOut106 *4096 /1]  => [RetimingFIFO483] 
  4: CE1168
    [RetimingFIFO483 *1 /1]  => [SRAM34] 
  5: CE1158
    [SRAM34 *4096 /1]  => [RetimingFIFO444] 
  6: CE1076
    [RetimingFIFO416 *1 /1] [RetimingFIFO444 *1 /1]  => [Reg166] 
  7: CE1056
     => [ArgIn358_ArgIn380_ArgIn662] [DramAddress53] [DramAddress115] 
  8: CE1066
    [ArgOut12 *1 /1]  => 
  9: CE1090
    [ArgIn358_ArgIn380_ArgIn662 *16 /1] [Reg166 *1 /1]  => [ArgOut12] 
  10: CE1106
    [ArgIn358_ArgIn380_ArgIn662 *16 /1] [DramAddress53 *16 /1]  => [StreamOut45] [StreamOut44] 
  11: CE1124
    [ArgIn358_ArgIn380_ArgIn662 *16 /1] [DramAddress115 *16 /1]  => [StreamOut107] [StreamOut106] 

10000...
20000...
30000...
40000...
50000...
60000...
70000...
80000...
90000...
100000...
110000...
120000...
130000...
140000...
150000...
160000...
170000...
Simulation complete at cycle: 173014
[[32mpsim[0m] Simulation complete at cycle: 173014
CE1028: Active:  37.9 Stalled:   0.0 Starved:   2.6 Total Active:    65536 Total Output:    65536 Expected Active:    65536 Last Activity: 4445 
	   65536    65536 
	DRAM:  24.24 GB/s ( 24.24 GB/s R,   0.00 GB/s W)
	ROB remaining: 0
CE1148: Active:  37.9 Stalled:   0.0 Starved:  62.1 Total Active:    65536 Total Output:    65536 Expected Active:    65536 Last Activity: 4123 
	   65536 
CE1138: Active:  37.9 Stalled:   0.0 Starved:  62.1 Total Active:    65536 Total Output:    65536 Expected Active:    65536 Last Activity: 22 
	   65536 
CE1042: Active:  37.9 Stalled:   0.0 Starved:   3.0 Total Active:    65536 Total Output:    65536 Expected Active:    65536 Last Activity: 5249 
	   65536    65536 
	DRAM:  24.24 GB/s ( 24.24 GB/s R,   0.00 GB/s W)
	ROB remaining: 0
CE1168: Active:  37.9 Stalled:   0.0 Starved:  62.1 Total Active:    65536 Total Output:    65536 Expected Active:    65536 Last Activity: 4515 
	   65536 
CE1158: Active:  37.9 Stalled:   5.1 Starved:  57.1 Total Active:    65536 Total Output:    65536 Expected Active:    65536 Last Activity: 29 
	   65536 
CE1076: Active:  37.9 Stalled:   0.0 Starved:  62.1 Total Active:    65536 Total Output:    65536 Expected Active:    65536 Last Activity: 16 
	   65536    65536 
CE1056: Active:   0.0 Stalled:   0.0 Starved: 100.0 Total Active:        1 Total Output:        1 Expected Active:        1 Last Activity: 173013 
	
CE1066: Active:   0.0 Stalled:   0.0 Starved: 100.0 Total Active:        1 Total Output:        1 Expected Active:        1 Last Activity: 1 
	       1 
CE1090: Active:   0.0 Stalled:   0.0 Starved: 100.0 Total Active:       16 Total Output:       16 Expected Active:       16 Last Activity: 8 
	      16       16 
CE1106: Active:   0.0 Stalled:   0.0 Starved: 100.0 Total Active:       16 Total Output:       16 Expected Active:       16 Last Activity: 172995 
	      16       16 
CE1124: Active:   0.0 Stalled:   0.0 Starved: 100.0 Total Active:       16 Total Output:       16 Expected Active:       16 Last Activity: 172994 
	      16       16 
Total DRAM:	  48.49 GB/s ( 48.49 GB/s R,   0.00 GB/s W)
[[32mpsim[0m] Total DRAM:	  48.49 GB/s ( 48.49 GB/s R,   0.00 GB/s W)
Pending Read: 0	 Pending Write: 0	
Sending shutdown IPC message.
IPC layer sent 173014 msgs recvd 173014 msgs
[pir] Finished 68-PlastisimConfigCodegen to [36mconfig.psim[0m in 50832.258838ms
[pir] Running 69-PlastisimDotCodegen ...[pir] Finished 69-PlastisimDotCodegen to [36mpsim.dot[0m in 208.768985ms
[pir] Saving node prism.Session@bbac99f to /home/yaqiz/pir/out/DotProduct__N_1048576_ts_65536_op_1_psim_D_v1_s4_rq4/DotProduct__N_1048576_ts_65536_op_1.sess
[0m[[32msuccess[0m] [0mTotal time: 93 s, completed Aug 6, 2018 1:28:49 AM[0m
-------------PASS (DONE)------------
