Java HotSpot(TM) 64-Bit Server VM warning: ignoring option MaxPermSize=1g; support was removed in 8.0
Picked up _JAVA_OPTIONS: -Xss8192k
[0m[[0minfo[0m] [0mLoading global plugins from /home/yaqiz/.sbt/0.13/plugins[0m
[0m[[0minfo[0m] [0mLoading project definition from /home/yaqiz/pir/project[0m
[0m[[0minfo[0m] [0mSet current project to default-675fdc (in build file:/home/yaqiz/pir/)[0m
[0m[[0minfo[0m] [0mSet current project to apps (in build file:/home/yaqiz/pir/)[0m
[0m[[0minfo[0m] [0mRunning DotProduct__N_1048576_ts_65536_op_1 --out=/home/yaqiz/pir/out/DotProduct__N_1048576_ts_65536_op_1_psim_D_v0_s4_rq4 --psim-out=/home/yaqiz/plastisim/configs/finals/DotProduct__N_1048576_ts_65536_op_1_psim_D_v0_s4_rq4 --debug=false --verbose=true --dot=false --load-pir=true --save-pir=true --psim=true --trace=true --ctrl=true --bp=false --stat=true --routing-algo=proute --proute-iter=1000 --run-psim=true --arch=MyDesign --row=16 --col=8 --topo=mesh --argin=64 --tokenout=32 --pcu-stage=4 --vc=4 --net=dynamic --vlink=0 --slink=4 --fifo-depth=4 --vfifo=4 --proute-algo=route_min_directed_valient --link-prop=db --flit-width=512 --proute-q=4[0m
[pir] args=[--load-pir=true, --run-psim=false, --trace=false, --net=static, --stat=false, --vlink=2, --slink=6, --vfifo=4, --row=16, --col=8, --topo=mesh, --routing-algo=dor, --psim-timeout=100000000, --mapping=true, --splitting=true, --save-pir=true, --load-spade=false, --save-spade=false, --splitting-algo=alias_weighted_igraph, --ctrl=true, --bp=false, --snapint=10, --snapshot=false, --dot=true, --psim=false, --arch=MyDesign, --nn=false, --dag=true, --pattern=checkerboard, --argin=20, --argout=4, --tokenout=5, --fifo-depth=10, --vc=10, --routing-cost=H-hop, --out=/home/yaqiz/pir/out/DotProduct__N_1048576_ts_65536_op_1_psim_D_v0_s4_rq4, --psim-out=/home/yaqiz/plastisim/configs/finals/DotProduct__N_1048576_ts_65536_op_1_psim_D_v0_s4_rq4, --debug=false, --verbose=true, --dot=false, --load-pir=true, --save-pir=true, --psim=true, --trace=true, --ctrl=true, --bp=false, --stat=true, --routing-algo=proute, --proute-iter=1000, --run-psim=true, --arch=MyDesign, --row=16, --col=8, --topo=mesh, --argin=64, --tokenout=32, --pcu-stage=4, --vc=4, --net=dynamic, --vlink=0, --slink=4, --fifo-depth=4, --vfifo=4, --proute-algo=route_min_directed_valient, --link-prop=db, --flit-width=512, --proute-q=4]
[pir] Output directory set to [36m/home/yaqiz/pir/out/DotProduct__N_1048576_ts_65536_op_1_psim_D_v0_s4_rq4[0m
[pir] Loading from /home/yaqiz/pir/out/DotProduct__N_1048576_ts_65536_op_1_psim_D_v0_s4_rq4/DotProduct__N_1048576_ts_65536_op_1.pir[pir] Loading PIRDesign() from /home/yaqiz/pir/out/DotProduct__N_1048576_ts_65536_op_1_psim_D_v0_s4_rq4/DotProduct__N_1048576_ts_65536_op_1.pir
[pir] Configuring spade MyDesign ...
[pir] Loading from /home/yaqiz/pir/out/DotProduct__N_1048576_ts_65536_op_1_psim_D_v0_s4_rq4/DotProduct__N_1048576_ts_65536_op_1.sess[pir] Loading prism.Session@44bac713 from /home/yaqiz/pir/out/DotProduct__N_1048576_ts_65536_op_1_psim_D_v0_s4_rq4/DotProduct__N_1048576_ts_65536_op_1.sess
[pir] Saving node PIRDesign() to /home/yaqiz/pir/out/DotProduct__N_1048576_ts_65536_op_1_psim_D_v0_s4_rq4/DotProduct__N_1048576_ts_65536_op_1.pir
[pir] Running 53-PlastisimDotCodegen ...[pir] Finished 53-PlastisimDotCodegen to [36mpsim.dot[0m in 446.431435ms
[pir] Running 54-ControllerDotCodegen ...[pir] Finished 54-ControllerDotCodegen to [36mcontroller.dot[0m in 72.94147ms
[pir] Running 55-PIRIRDotCodegen ...[pir] Finished 55-PIRIRDotCodegen to [36mtop.dot[0m in 204.127216ms
[pir] Running 56-SimpleIRDotCodegen ...[pir] Finished 56-SimpleIRDotCodegen to [36msimple.dot[0m in 63.838318ms
[pir] Running 58-CUPruning ...[pir] Finished 58-CUPruning in 1307.235479ms
[pir] Running 59-CUPlacer ...[[32msuccess[0m] CUPlacer succeeded
[pir] Finished 59-CUPlacer in 25142.399162ms
[pir] Running 60-CUStatistics ...[pir] =========== Post-splitting CU Statistics ==================
[pir] 
[pir] number of cus=9
[pir] number of pcu = 1
[pir] - cin (0.00,0.00,0.00) sin (0.00,0.00,0.00) vin (2.00,2.00,2.00)
[pir] - cout (0.00,0.00,0.00) sout (1.00,1.00,1.00) vout (0.00,0.00,0.00)
[pir] - stages (6.00,6.00,6.00)
[pir] number of dag = 2
[pir] - cin (0.00,0.00,0.00) sin (2.00,2.00,2.00) vin (0.00,0.00,0.00)
[pir] - cout (0.00,0.00,0.00) sout (2.00,2.00,2.00) vout (0.00,0.00,0.00)
[pir] - stages (2.00,2.00,2.00)
[pir] number of pmu = 2
[pir] - cin (0.00,0.00,0.00) sin (0.00,0.00,0.00) vin (1.00,1.00,1.00)
[pir] - cout (0.00,0.00,0.00) sout (0.00,0.00,0.00) vout (1.00,1.00,1.00)
[pir] - stages (0.00,0.00,0.00)
[pir] number of dfg = 2
[pir] - cin (0.00,0.00,0.00) sin (2.00,2.00,2.00) vin (0.00,0.00,0.00)
[pir] - cout (0.00,0.00,0.00) sout (0.00,0.00,0.00) vout (1.00,1.00,1.00)
[pir] - stages (0.00,0.00,0.00)
[pir] number of scu = 1
[pir] - cin (0.00,0.00,0.00) sin (2.00,2.00,2.00) vin (0.00,0.00,0.00)
[pir] - cout (0.00,0.00,0.00) sout (1.00,1.00,1.00) vout (0.00,0.00,0.00)
[pir] - stages (1.00,1.00,1.00)
[pir] number of afg = 1
[pir] - cin (0.00,0.00,0.00) sin (1.00,1.00,1.00) vin (0.00,0.00,0.00)
[pir] - cout (0.00,0.00,0.00) sout (3.00,3.00,3.00) vout (0.00,0.00,0.00)
[pir] - stages (0.00,0.00,0.00)
[pir] compute CU = 2
[pir] memory CU = 2
[pir] mc CU = 2
[pir] Total = 4
[pir] PCU = 2 / 64 (3.13%)
[pir] PMU-comp = 1 / 63 (1.59%)
[pir] PMU-mem = 2 / 63 (3.17%)
[pir] AG-ag = 0 / 32 (0.00%)
[pir] AG-comp = 0 / 32 (0.00%)
[pir] MC = 2 / 32 (6.25%)
[pir] Finished 60-CUStatistics to [36mstat.json[0m in 1266.38215ms
[pir] Running 61-PIRNetworkDotCodegen ...[pir] Finished 61-PIRNetworkDotCodegen to [36mcontrol.dot[0m in 750.569458ms
[pir] Running 62-PIRNetworkDotCodegen ...[pir] Finished 62-PIRNetworkDotCodegen to [36mscalar.dot[0m in 631.711748ms
[pir] Running 63-PIRNetworkDotCodegen ...[pir] Finished 63-PIRNetworkDotCodegen to [36mvector.dot[0m in 543.094394ms
[pir] Running 64-TerminalCSVCodegen ...[pir] Finished 64-TerminalCSVCodegen to [36mnode.csv[0m in 6.76882ms
[pir] Running 65-LinkCSVCodegen ...[pir] Finished 65-LinkCSVCodegen to [36mlink.csv[0m in 114.672878ms
[pir] Running 66-PlastisimPlacementCodegen ...[[33mproute[0m] /home/yaqiz/plastiroute/plastiroute -n /home/yaqiz/plastisim/configs/finals/DotProduct__N_1048576_ts_65536_op_1_psim_D_v0_s4_rq4/node.csv -l /home/yaqiz/plastisim/configs/finals/DotProduct__N_1048576_ts_65536_op_1_psim_D_v0_s4_rq4/link.csv -o /home/yaqiz/plastisim/configs/finals/DotProduct__N_1048576_ts_65536_op_1_psim_D_v0_s4_rq4/final.place -r 16 -c 8 -g /home/yaqiz/plastisim/configs/finals/DotProduct__N_1048576_ts_65536_op_1_psim_D_v0_s4_rq4/proute.dot -v /home/yaqiz/plastisim/configs/finals/DotProduct__N_1048576_ts_65536_op_1_psim_D_v0_s4_rq4/summary.csv -x0 -e 4 -a route_min_directed_valient  -q4  -i1000 -p100 -t1 -d100 -s0
[[33mproute[0m] log in /home/yaqiz/pir/out/DotProduct__N_1048576_ts_65536_op_1_psim_D_v0_s4_rq4/proute.log
Max static: 0vec 4scal
100 scores: min 754.75 	1.00/2.00/5/2.25/1 	max 1271.50 mean 822.53
100 scores: min 753.25 	1.00/2.00/4/1.25/1 	max 1268.25 mean 813.71
100 scores: min 753.25 	1.00/2.00/4/1.25/1 	max 1254.75 mean 784.28
100 scores: min 753.25 	1.00/2.00/4/1.25/1 	max 1260.50 mean 778.85
100 scores: min 753.25 	1.00/2.00/4/1.25/1 	max 1265.25 mean 776.84
100 scores: min 753.25 	1.00/2.00/4/1.25/1 	max 1272.75 mean 777.60
100 scores: min 753.25 	1.00/2.00/4/1.25/1 	max 1264.25 mean 781.71
100 scores: min 753.25 	1.00/2.00/4/1.25/1 	max 1275.00 mean 789.29
100 scores: min 753.25 	1.00/2.00/4/1.25/1 	max 1253.75 mean 768.73
100 scores: min 753.25 	1.00/2.00/4/1.25/1 	max 1267.75 mean 798.52
100 scores: min 753.25 	1.00/2.00/4/1.25/1 	max 1254.75 mean 769.10
100 scores: min 753.25 	1.00/2.00/4/1.25/1 	max 1255.25 mean 779.16
100 scores: min 753.25 	1.00/2.00/4/1.25/1 	max 1257.75 mean 787.00
100 scores: min 753.25 	1.00/2.00/4/1.25/1 	max 1254.75 mean 770.22
100 scores: min 753.00 	1.00/2.00/4/1.00/1 	max 1270.25 mean 819.84
100 scores: min 752.50 	1.00/2.00/3/1.00/1 	max 1254.25 mean 774.08
100 scores: min 752.50 	1.00/2.00/3/1.00/1 	max 1268.75 mean 770.60
100 scores: min 752.50 	1.00/2.00/3/1.00/1 	max 1255.25 mean 766.41
100 scores: min 752.50 	1.00/2.00/3/1.00/1 	max 1258.25 mean 761.44
100 scores: min 752.50 	1.00/2.00/3/1.00/1 	max 1254.75 mean 773.87
100 scores: min 752.50 	1.00/2.00/3/1.00/1 	max 1255.25 mean 765.97
100 scores: min 752.50 	1.00/2.00/3/1.00/1 	max 1255.75 mean 768.50
100 scores: min 752.50 	1.00/2.00/3/1.00/1 	max 1253.50 mean 761.85
100 scores: min 752.50 	1.00/2.00/3/1.00/1 	max 1266.75 mean 776.76
100 scores: min 752.50 	1.00/2.00/3/1.00/1 	max 1254.75 mean 780.07
100 scores: min 752.50 	1.00/2.00/3/1.00/1 	max 1262.75 mean 766.15
100 scores: min 752.50 	1.00/2.00/3/1.00/1 	max 1267.50 mean 781.00
100 scores: min 752.50 	1.00/2.00/3/1.00/1 	max 1009.25 mean 757.91
100 scores: min 752.50 	1.00/2.00/3/1.00/1 	max 1255.00 mean 760.50
100 scores: min 752.50 	1.00/2.00/3/1.00/1 	max 1254.75 mean 781.27
100 scores: min 752.50 	1.00/2.00/3/1.00/1 	max 1009.00 mean 760.59
100 scores: min 752.50 	1.00/2.00/3/1.00/1 	max 1254.75 mean 767.99
100 scores: min 752.50 	1.00/2.00/3/1.00/1 	max 1257.50 mean 776.60
100 scores: min 752.50 	1.00/2.00/3/1.00/1 	max 1258.25 mean 768.97
100 scores: min 752.50 	1.00/2.00/3/1.00/1 	max 1254.00 mean 771.36
100 scores: min 752.50 	1.00/2.00/3/1.00/1 	max 1264.25 mean 786.50
100 scores: min 752.50 	1.00/2.00/3/1.00/1 	max 1275.00 mean 781.27
100 scores: min 752.50 	1.00/2.00/3/1.00/1 	max 1258.00 mean 768.74
100 scores: min 752.50 	1.00/2.00/3/1.00/1 	max 1255.25 mean 771.64
100 scores: min 752.50 	1.00/2.00/3/1.00/1 	max 1254.50 mean 763.73
100 scores: min 752.50 	1.00/2.00/3/1.00/1 	max 1267.50 mean 784.41
100 scores: min 752.50 	1.00/2.00/3/1.00/1 	max 1265.25 mean 773.93
100 scores: min 752.50 	1.00/2.00/3/1.00/1 	max 1254.00 mean 768.74
100 scores: min 752.50 	1.00/2.00/3/1.00/1 	max 1254.50 mean 768.25
100 scores: min 752.50 	1.00/2.00/3/1.00/1 	max 1255.25 mean 773.15
100 scores: min 752.50 	1.00/2.00/3/1.00/1 	max 1258.25 mean 784.22
100 scores: min 752.50 	1.00/2.00/3/1.00/1 	max 1266.75 mean 786.47
100 scores: min 752.50 	1.00/2.00/3/1.00/1 	max 1003.75 mean 758.53
100 scores: min 752.50 	1.00/2.00/3/1.00/1 	max 1273.25 mean 778.79
100 scores: min 752.50 	1.00/2.00/3/1.00/1 	max 1254.75 mean 766.13
100 scores: min 752.50 	1.00/2.00/3/1.00/1 	max 1254.75 mean 773.12
100 scores: min 752.50 	1.00/2.00/3/1.00/1 	max 1258.00 mean 766.39
100 scores: min 752.50 	1.00/2.00/3/1.00/1 	max 1278.24 mean 786.56
100 scores: min 752.50 	1.00/2.00/3/1.00/1 	max 1259.00 mean 783.20
100 scores: min 752.50 	1.00/2.00/3/1.00/1 	max 1271.25 mean 773.73
100 scores: min 752.50 	1.00/2.00/3/1.00/1 	max 1253.50 mean 765.65
100 scores: min 752.50 	1.00/2.00/3/1.00/1 	max 1267.75 mean 765.76
100 scores: min 752.50 	1.00/2.00/3/1.00/1 	max 1253.50 mean 765.25
100 scores: min 752.50 	1.00/2.00/3/1.00/1 	max 1258.25 mean 770.82
100 scores: min 752.50 	1.00/2.00/3/1.00/1 	max 1255.25 mean 778.67
100 scores: min 752.50 	1.00/2.00/3/1.00/1 	max 1266.75 mean 793.74
100 scores: min 752.50 	1.00/2.00/3/1.00/1 	max 1272.75 mean 778.16
100 scores: min 752.50 	1.00/2.00/3/1.00/1 	max 1256.50 mean 780.20
100 scores: min 752.50 	1.00/2.00/3/1.00/1 	max 1267.00 mean 790.97
100 scores: min 752.50 	1.00/2.00/3/1.00/1 	max 1255.25 mean 782.93
100 scores: min 752.50 	1.00/2.00/3/1.00/1 	max 1261.25 mean 762.79
100 scores: min 752.50 	1.00/2.00/3/1.00/1 	max 1257.50 mean 769.92
100 scores: min 752.50 	1.00/2.00/3/1.00/1 	max 1254.75 mean 770.61
100 scores: min 752.50 	1.00/2.00/3/1.00/1 	max 1266.00 mean 778.08
100 scores: min 752.50 	1.00/2.00/3/1.00/1 	max 1257.50 mean 769.89
100 scores: min 752.50 	1.00/2.00/3/1.00/1 	max 1264.00 mean 765.08
100 scores: min 752.50 	1.00/2.00/3/1.00/1 	max 1268.75 mean 780.38
100 scores: min 752.50 	1.00/2.00/3/1.00/1 	max 1254.25 mean 768.62
100 scores: min 752.50 	1.00/2.00/3/1.00/1 	max 1266.00 mean 775.14
100 scores: min 752.50 	1.00/2.00/3/1.00/1 	max 773.00 mean 756.16
100 scores: min 752.50 	1.00/2.00/3/1.00/1 	max 1255.25 mean 763.61
100 scores: min 752.50 	1.00/2.00/3/1.00/1 	max 1265.75 mean 776.17
100 scores: min 752.50 	1.00/2.00/3/1.00/1 	max 1272.50 mean 801.26
100 scores: min 752.50 	1.00/2.00/3/1.00/1 	max 1268.25 mean 786.31
100 scores: min 752.50 	1.00/2.00/3/1.00/1 	max 1255.25 mean 775.01
100 scores: min 752.50 	1.00/2.00/3/1.00/1 	max 1271.50 mean 771.26
100 scores: min 752.50 	1.00/2.00/3/1.00/1 	max 1263.50 mean 766.69
100 scores: min 752.50 	1.00/2.00/3/1.00/1 	max 1268.00 mean 793.56
100 scores: min 752.50 	1.00/2.00/3/1.00/1 	max 1254.25 mean 761.18
100 scores: min 752.50 	1.00/2.00/3/1.00/1 	max 1264.50 mean 774.14
100 scores: min 752.50 	1.00/2.00/3/1.00/1 	max 1259.25 mean 769.11
100 scores: min 752.50 	1.00/2.00/3/1.00/1 	max 1255.75 mean 776.18
100 scores: min 752.50 	1.00/2.00/3/1.00/1 	max 1255.75 mean 778.89
100 scores: min 752.50 	1.00/2.00/3/1.00/1 	max 1274.00 mean 780.97
100 scores: min 752.50 	1.00/2.00/3/1.00/1 	max 1268.50 mean 772.82
100 scores: min 752.50 	1.00/2.00/3/1.00/1 	max 1255.50 mean 775.76
100 scores: min 752.50 	1.00/2.00/3/1.00/1 	max 1267.00 mean 775.68
100 scores: min 752.50 	1.00/2.00/3/1.00/1 	max 1265.25 mean 774.00
100 scores: min 752.50 	1.00/2.00/3/1.00/1 	max 1264.75 mean 784.45
100 scores: min 752.50 	1.00/2.00/3/1.00/1 	max 1254.75 mean 760.91
100 scores: min 752.50 	1.00/2.00/3/1.00/1 	max 1267.00 mean 785.99
100 scores: min 752.50 	1.00/2.00/3/1.00/1 	max 1262.75 mean 770.84
100 scores: min 752.50 	1.00/2.00/3/1.00/1 	max 1268.25 mean 761.62
100 scores: min 752.50 	1.00/2.00/3/1.00/1 	max 1253.75 mean 760.13
100 scores: min 752.50 	1.00/2.00/3/1.00/1 	max 1265.00 mean 775.52
100 scores: min 752.50 	1.00/2.00/3/1.00/1 	max 1265.75 mean 783.32
100 scores: min 752.50 	1.00/2.00/3/1.00/1 	max 1004.75 mean 758.05
100 scores: min 752.50 	1.00/2.00/3/1.00/1 	max 1254.25 mean 773.46
100 scores: min 752.50 	1.00/2.00/3/1.00/1 	max 774.75 mean 755.95
100 scores: min 752.50 	1.00/2.00/3/1.00/1 	max 1253.75 mean 771.29
100 scores: min 752.50 	1.00/2.00/3/1.00/1 	max 1255.00 mean 767.45
100 scores: min 752.50 	1.00/2.00/3/1.00/1 	max 1263.25 mean 778.36
100 scores: min 752.50 	1.00/2.00/3/1.00/1 	max 1255.50 mean 772.34
100 scores: min 752.50 	1.00/2.00/3/1.00/1 	max 1255.25 mean 773.42
100 scores: min 752.50 	1.00/2.00/3/1.00/1 	max 1269.25 mean 762.81
100 scores: min 752.50 	1.00/2.00/3/1.00/1 	max 1270.75 mean 775.31
100 scores: min 752.50 	1.00/2.00/3/1.00/1 	max 1265.50 mean 776.28
100 scores: min 752.50 	1.00/2.00/3/1.00/1 	max 1263.25 mean 764.64
100 scores: min 752.50 	1.00/2.00/3/1.00/1 	max 1253.75 mean 761.47
100 scores: min 752.50 	1.00/2.00/3/1.00/1 	max 1254.75 mean 762.71
100 scores: min 752.50 	1.00/2.00/3/1.00/1 	max 1269.00 mean 774.09
100 scores: min 752.50 	1.00/2.00/3/1.00/1 	max 1005.25 mean 758.47
100 scores: min 752.50 	1.00/2.00/3/1.00/1 	max 1255.00 mean 770.23
100 scores: min 752.50 	1.00/2.00/3/1.00/1 	max 1254.75 mean 765.18
100 scores: min 752.50 	1.00/2.00/3/1.00/1 	max 1265.50 mean 773.61
100 scores: min 752.50 	1.00/2.00/3/1.00/1 	max 1266.00 mean 790.93
100 scores: min 752.50 	1.00/2.00/3/1.00/1 	max 1255.00 mean 778.00
100 scores: min 752.50 	1.00/2.00/3/1.00/1 	max 1262.00 mean 798.39
100 scores: min 752.50 	1.00/2.00/3/1.00/1 	max 1270.25 mean 790.91
100 scores: min 752.50 	1.00/2.00/3/1.00/1 	max 1265.00 mean 773.22
100 scores: min 752.50 	1.00/2.00/3/1.00/1 	max 1004.25 mean 760.41
100 scores: min 752.50 	1.00/2.00/3/1.00/1 	max 1254.25 mean 763.40
100 scores: min 752.50 	1.00/2.00/3/1.00/1 	max 1254.25 mean 760.67
100 scores: min 752.50 	1.00/2.00/3/1.00/1 	max 1257.50 mean 763.25
100 scores: min 752.50 	1.00/2.00/3/1.00/1 	max 1260.00 mean 766.27
100 scores: min 752.50 	1.00/2.00/3/1.00/1 	max 1253.75 mean 767.89
100 scores: min 752.50 	1.00/2.00/3/1.00/1 	max 1263.25 mean 773.16
100 scores: min 752.50 	1.00/2.00/3/1.00/1 	max 1274.74 mean 775.98
100 scores: min 752.50 	1.00/2.00/3/1.00/1 	max 1265.00 mean 775.91
100 scores: min 752.50 	1.00/2.00/3/1.00/1 	max 1265.75 mean 770.64
100 scores: min 752.50 	1.00/2.00/3/1.00/1 	max 1257.50 mean 766.33
100 scores: min 752.50 	1.00/2.00/3/1.00/1 	max 1274.00 mean 771.30
100 scores: min 752.50 	1.00/2.00/3/1.00/1 	max 1272.00 mean 771.03
100 scores: min 752.50 	1.00/2.00/3/1.00/1 	max 1268.50 mean 776.71
100 scores: min 752.50 	1.00/2.00/3/1.00/1 	max 1271.00 mean 792.12
100 scores: min 752.50 	1.00/2.00/3/1.00/1 	max 1267.75 mean 795.99
100 scores: min 752.50 	1.00/2.00/3/1.00/1 	max 1254.00 mean 765.91
100 scores: min 752.50 	1.00/2.00/3/1.00/1 	max 774.25 mean 756.08
100 scores: min 752.50 	1.00/2.00/3/1.00/1 	max 1261.50 mean 776.48
100 scores: min 752.50 	1.00/2.00/3/1.00/1 	max 1254.50 mean 761.67
100 scores: min 752.50 	1.00/2.00/3/1.00/1 	max 1254.75 mean 775.05
100 scores: min 752.50 	1.00/2.00/3/1.00/1 	max 1254.75 mean 761.28
100 scores: min 752.50 	1.00/2.00/3/1.00/1 	max 1260.25 mean 781.17
100 scores: min 752.50 	1.00/2.00/3/1.00/1 	max 1254.75 mean 771.30
100 scores: min 752.50 	1.00/2.00/3/1.00/1 	max 1258.25 mean 763.48
100 scores: min 752.50 	1.00/2.00/3/1.00/1 	max 1266.75 mean 773.47
100 scores: min 752.50 	1.00/2.00/3/1.00/1 	max 1255.25 mean 776.25
100 scores: min 752.50 	1.00/2.00/3/1.00/1 	max 1264.50 mean 780.89
100 scores: min 752.50 	1.00/2.00/3/1.00/1 	max 1266.50 mean 773.08
100 scores: min 752.50 	1.00/2.00/3/1.00/1 	max 1267.25 mean 797.99
100 scores: min 752.50 	1.00/2.00/3/1.00/1 	max 1255.50 mean 775.88
100 scores: min 752.50 	1.00/2.00/3/1.00/1 	max 1265.75 mean 783.63
100 scores: min 752.50 	1.00/2.00/3/1.00/1 	max 1271.50 mean 761.52
100 scores: min 752.50 	1.00/2.00/3/1.00/1 	max 1257.50 mean 771.05
100 scores: min 752.50 	1.00/2.00/3/1.00/1 	max 1264.00 mean 771.36
100 scores: min 752.50 	1.00/2.00/3/1.00/1 	max 1257.50 mean 775.57
100 scores: min 752.50 	1.00/2.00/3/1.00/1 	max 1267.25 mean 771.17
100 scores: min 752.50 	1.00/2.00/3/1.00/1 	max 1253.75 mean 763.24
100 scores: min 752.50 	1.00/2.00/3/1.00/1 	max 1266.00 mean 784.25
100 scores: min 752.50 	1.00/2.00/3/1.00/1 	max 1272.50 mean 788.25
100 scores: min 752.50 	1.00/2.00/3/1.00/1 	max 1257.50 mean 774.86
100 scores: min 752.50 	1.00/2.00/3/1.00/1 	max 1269.75 mean 789.45
100 scores: min 752.50 	1.00/2.00/3/1.00/1 	max 1266.75 mean 778.33
100 scores: min 752.50 	1.00/2.00/3/1.00/1 	max 1258.25 mean 778.37
100 scores: min 752.50 	1.00/2.00/3/1.00/1 	max 1258.25 mean 793.11
100 scores: min 752.50 	1.00/2.00/3/1.00/1 	max 1264.00 mean 761.19
100 scores: min 752.50 	1.00/2.00/3/1.00/1 	max 1255.50 mean 775.73
100 scores: min 752.50 	1.00/2.00/3/1.00/1 	max 1272.50 mean 766.54
100 scores: min 752.50 	1.00/2.00/3/1.00/1 	max 1255.75 mean 779.19
100 scores: min 752.50 	1.00/2.00/3/1.00/1 	max 1265.50 mean 793.39
100 scores: min 752.50 	1.00/2.00/3/1.00/1 	max 1255.25 mean 781.09
100 scores: min 752.50 	1.00/2.00/3/1.00/1 	max 1271.00 mean 766.49
100 scores: min 752.50 	1.00/2.00/3/1.00/1 	max 1258.25 mean 760.73
100 scores: min 752.50 	1.00/2.00/3/1.00/1 	max 1264.50 mean 765.96
100 scores: min 752.50 	1.00/2.00/3/1.00/1 	max 1265.75 mean 796.23
100 scores: min 752.50 	1.00/2.00/3/1.00/1 	max 1270.75 mean 774.05
100 scores: min 752.50 	1.00/2.00/3/1.00/1 	max 1255.25 mean 771.35
100 scores: min 752.50 	1.00/2.00/3/1.00/1 	max 1255.75 mean 768.90
100 scores: min 752.50 	1.00/2.00/3/1.00/1 	max 1267.75 mean 769.29
100 scores: min 752.50 	1.00/2.00/3/1.00/1 	max 1004.75 mean 759.06
100 scores: min 752.50 	1.00/2.00/3/1.00/1 	max 1264.75 mean 762.54
100 scores: min 752.50 	1.00/2.00/3/1.00/1 	max 1265.00 mean 791.57
100 scores: min 752.50 	1.00/2.00/3/1.00/1 	max 1266.50 mean 788.57
100 scores: min 752.50 	1.00/2.00/3/1.00/1 	max 1258.25 mean 759.88
100 scores: min 752.50 	1.00/2.00/3/1.00/1 	max 1270.00 mean 774.09
100 scores: min 752.50 	1.00/2.00/3/1.00/1 	max 1263.75 mean 781.36
100 scores: min 752.50 	1.00/2.00/3/1.00/1 	max 1267.00 mean 780.81
100 scores: min 752.50 	1.00/2.00/3/1.00/1 	max 1266.00 mean 761.20
100 scores: min 752.50 	1.00/2.00/3/1.00/1 	max 1275.00 mean 773.81
100 scores: min 752.50 	1.00/2.00/3/1.00/1 	max 1255.25 mean 761.42
100 scores: min 752.50 	1.00/2.00/3/1.00/1 	max 1255.25 mean 773.76
100 scores: min 752.50 	1.00/2.00/3/1.00/1 	max 1263.50 mean 790.64
100 scores: min 752.50 	1.00/2.00/3/1.00/1 	max 1258.25 mean 798.51
100 scores: min 752.50 	1.00/2.00/3/1.00/1 	max 1268.75 mean 771.04
100 scores: min 752.50 	1.00/2.00/3/1.00/1 	max 1254.75 mean 763.66
100 scores: min 752.50 	1.00/2.00/3/1.00/1 	max 1255.50 mean 778.56
100 scores: min 752.50 	1.00/2.00/3/1.00/1 	max 1255.25 mean 780.65
100 scores: min 752.50 	1.00/2.00/3/1.00/1 	max 1269.00 mean 781.15
100 scores: min 752.50 	1.00/2.00/3/1.00/1 	max 1005.25 mean 760.56
100 scores: min 752.50 	1.00/2.00/3/1.00/1 	max 1254.00 mean 773.34
100 scores: min 752.50 	1.00/2.00/3/1.00/1 	max 1266.75 mean 771.96
100 scores: min 752.50 	1.00/2.00/3/1.00/1 	max 1271.75 mean 775.39
100 scores: min 752.50 	1.00/2.00/3/1.00/1 	max 1263.00 mean 764.23
100 scores: min 752.50 	1.00/2.00/3/1.00/1 	max 1264.00 mean 775.37
100 scores: min 752.50 	1.00/2.00/3/1.00/1 	max 1267.75 mean 799.36
100 scores: min 752.50 	1.00/2.00/3/1.00/1 	max 1255.25 mean 765.85
100 scores: min 752.50 	1.00/2.00/3/1.00/1 	max 1264.50 mean 771.24
100 scores: min 752.50 	1.00/2.00/3/1.00/1 	max 1255.25 mean 786.08
100 scores: min 752.50 	1.00/2.00/3/1.00/1 	max 1264.75 mean 781.31
100 scores: min 752.50 	1.00/2.00/3/1.00/1 	max 1269.50 mean 766.89
100 scores: min 752.50 	1.00/2.00/3/1.00/1 	max 1265.50 mean 767.68
100 scores: min 752.50 	1.00/2.00/3/1.00/1 	max 1269.75 mean 779.09
100 scores: min 752.50 	1.00/2.00/3/1.00/1 	max 1266.00 mean 764.65
100 scores: min 752.50 	1.00/2.00/3/1.00/1 	max 1254.75 mean 778.26
100 scores: min 752.50 	1.00/2.00/3/1.00/1 	max 1267.75 mean 766.35
100 scores: min 752.50 	1.00/2.00/3/1.00/1 	max 1254.75 mean 762.95
100 scores: min 752.50 	1.00/2.00/3/1.00/1 	max 774.50 mean 755.85
100 scores: min 752.50 	1.00/2.00/3/1.00/1 	max 1254.75 mean 760.85
100 scores: min 752.50 	1.00/2.00/3/1.00/1 	max 1264.00 mean 775.22
100 scores: min 752.50 	1.00/2.00/3/1.00/1 	max 1265.00 mean 777.99
100 scores: min 752.50 	1.00/2.00/3/1.00/1 	max 1254.75 mean 778.64
100 scores: min 752.50 	1.00/2.00/3/1.00/1 	max 1272.25 mean 773.23
100 scores: min 752.50 	1.00/2.00/3/1.00/1 	max 1254.75 mean 765.38
100 scores: min 752.50 	1.00/2.00/3/1.00/1 	max 1255.25 mean 768.45
100 scores: min 752.50 	1.00/2.00/3/1.00/1 	max 1266.25 mean 775.78
100 scores: min 752.50 	1.00/2.00/3/1.00/1 	max 1254.25 mean 760.89
100 scores: min 752.50 	1.00/2.00/3/1.00/1 	max 1254.75 mean 766.34
100 scores: min 752.50 	1.00/2.00/3/1.00/1 	max 1254.75 mean 778.48
100 scores: min 752.50 	1.00/2.00/3/1.00/1 	max 1266.25 mean 773.94
100 scores: min 752.50 	1.00/2.00/3/1.00/1 	max 1272.50 mean 775.91
100 scores: min 752.50 	1.00/2.00/3/1.00/1 	max 1253.50 mean 762.34
100 scores: min 752.50 	1.00/2.00/3/1.00/1 	max 1271.75 mean 786.33
100 scores: min 752.50 	1.00/2.00/3/1.00/1 	max 1255.75 mean 766.46
100 scores: min 752.50 	1.00/2.00/3/1.00/1 	max 1262.75 mean 766.32
100 scores: min 752.50 	1.00/2.00/3/1.00/1 	max 1262.00 mean 766.14
100 scores: min 752.50 	1.00/2.00/3/1.00/1 	max 1264.75 mean 773.08
100 scores: min 752.50 	1.00/2.00/3/1.00/1 	max 1254.75 mean 773.72
100 scores: min 752.50 	1.00/2.00/3/1.00/1 	max 1254.25 mean 763.26
100 scores: min 752.50 	1.00/2.00/3/1.00/1 	max 1253.50 mean 765.45
100 scores: min 752.50 	1.00/2.00/3/1.00/1 	max 1270.25 mean 778.71
100 scores: min 752.50 	1.00/2.00/3/1.00/1 	max 1253.50 mean 760.37
100 scores: min 752.50 	1.00/2.00/3/1.00/1 	max 1255.50 mean 763.95
100 scores: min 752.50 	1.00/2.00/3/1.00/1 	max 1261.25 mean 784.94
100 scores: min 752.50 	1.00/2.00/3/1.00/1 	max 1257.50 mean 778.35
100 scores: min 752.50 	1.00/2.00/3/1.00/1 	max 1273.25 mean 781.16
100 scores: min 752.50 	1.00/2.00/3/1.00/1 	max 1267.00 mean 765.33
100 scores: min 752.50 	1.00/2.00/3/1.00/1 	max 1258.00 mean 762.44
100 scores: min 752.50 	1.00/2.00/3/1.00/1 	max 770.50 mean 755.62
100 scores: min 752.50 	1.00/2.00/3/1.00/1 	max 1266.75 mean 785.94
100 scores: min 752.50 	1.00/2.00/3/1.00/1 	max 1268.50 mean 785.86
100 scores: min 752.50 	1.00/2.00/3/1.00/1 	max 1273.75 mean 779.61
100 scores: min 752.50 	1.00/2.00/3/1.00/1 	max 1257.50 mean 773.59
100 scores: min 752.50 	1.00/2.00/3/1.00/1 	max 1254.75 mean 760.32
100 scores: min 752.50 	1.00/2.00/3/1.00/1 	max 1262.25 mean 775.30
100 scores: min 752.50 	1.00/2.00/3/1.00/1 	max 1255.25 mean 770.96
100 scores: min 752.50 	1.00/2.00/3/1.00/1 	max 1266.50 mean 774.30
100 scores: min 752.50 	1.00/2.00/3/1.00/1 	max 1264.25 mean 782.78
100 scores: min 752.50 	1.00/2.00/3/1.00/1 	max 1254.00 mean 760.98
100 scores: min 752.50 	1.00/2.00/3/1.00/1 	max 1268.00 mean 766.62
100 scores: min 752.50 	1.00/2.00/3/1.00/1 	max 1265.75 mean 781.74
100 scores: min 752.50 	1.00/2.00/3/1.00/1 	max 1261.25 mean 763.26
100 scores: min 752.50 	1.00/2.00/3/1.00/1 	max 1254.75 mean 770.95
100 scores: min 752.50 	1.00/2.00/3/1.00/1 	max 1268.00 mean 775.49
100 scores: min 752.50 	1.00/2.00/3/1.00/1 	max 1269.75 mean 775.15
100 scores: min 752.50 	1.00/2.00/3/1.00/1 	max 1273.50 mean 784.27
100 scores: min 752.50 	1.00/2.00/3/1.00/1 	max 1265.00 mean 760.86
100 scores: min 752.50 	1.00/2.00/3/1.00/1 	max 1254.25 mean 762.86
100 scores: min 752.50 	1.00/2.00/3/1.00/1 	max 1268.00 mean 769.97
100 scores: min 752.50 	1.00/2.00/3/1.00/1 	max 1266.50 mean 771.12
100 scores: min 752.50 	1.00/2.00/3/1.00/1 	max 1271.75 mean 777.70
100 scores: min 752.50 	1.00/2.00/3/1.00/1 	max 1004.75 mean 757.36
100 scores: min 752.50 	1.00/2.00/3/1.00/1 	max 1254.00 mean 768.61
100 scores: min 752.50 	1.00/2.00/3/1.00/1 	max 1254.00 mean 763.25
100 scores: min 752.50 	1.00/2.00/3/1.00/1 	max 1258.50 mean 773.30
100 scores: min 752.50 	1.00/2.00/3/1.00/1 	max 1261.50 mean 778.42
100 scores: min 752.50 	1.00/2.00/3/1.00/1 	max 1254.75 mean 765.35
100 scores: min 752.50 	1.00/2.00/3/1.00/1 	max 1276.99 mean 768.69
100 scores: min 752.50 	1.00/2.00/3/1.00/1 	max 1266.50 mean 778.72
100 scores: min 752.50 	1.00/2.00/3/1.00/1 	max 1254.75 mean 768.39
100 scores: min 752.50 	1.00/2.00/3/1.00/1 	max 1271.25 mean 777.86
100 scores: min 752.50 	1.00/2.00/3/1.00/1 	max 1254.25 mean 765.54
100 scores: min 752.50 	1.00/2.00/3/1.00/1 	max 774.00 mean 755.49
100 scores: min 752.50 	1.00/2.00/3/1.00/1 	max 1267.50 mean 778.49
100 scores: min 752.50 	1.00/2.00/3/1.00/1 	max 1264.50 mean 772.86
100 scores: min 752.50 	1.00/2.00/3/1.00/1 	max 1264.00 mean 778.36
100 scores: min 752.50 	1.00/2.00/3/1.00/1 	max 1253.75 mean 761.09
100 scores: min 752.50 	1.00/2.00/3/1.00/1 	max 1254.75 mean 765.95
100 scores: min 752.50 	1.00/2.00/3/1.00/1 	max 1266.00 mean 787.99
100 scores: min 752.50 	1.00/2.00/3/1.00/1 	max 1254.75 mean 765.16
100 scores: min 752.50 	1.00/2.00/3/1.00/1 	max 1267.00 mean 808.15
100 scores: min 752.50 	1.00/2.00/3/1.00/1 	max 1262.75 mean 775.76
100 scores: min 752.50 	1.00/2.00/3/1.00/1 	max 1271.50 mean 771.48
100 scores: min 752.50 	1.00/2.00/3/1.00/1 	max 1272.50 mean 770.68
100 scores: min 752.50 	1.00/2.00/3/1.00/1 	max 1271.00 mean 771.54
100 scores: min 752.50 	1.00/2.00/3/1.00/1 	max 1266.50 mean 788.23
100 scores: min 752.50 	1.00/2.00/3/1.00/1 	max 1265.75 mean 766.21
100 scores: min 752.50 	1.00/2.00/3/1.00/1 	max 1257.50 mean 781.07
100 scores: min 752.50 	1.00/2.00/3/1.00/1 	max 1257.50 mean 767.33
100 scores: min 752.50 	1.00/2.00/3/1.00/1 	max 1264.25 mean 768.20
100 scores: min 752.50 	1.00/2.00/3/1.00/1 	max 1273.00 mean 772.40
100 scores: min 752.50 	1.00/2.00/3/1.00/1 	max 1263.25 mean 768.24
100 scores: min 752.50 	1.00/2.00/3/1.00/1 	max 1259.00 mean 783.06
100 scores: min 752.50 	1.00/2.00/3/1.00/1 	max 1265.75 mean 773.78
100 scores: min 752.50 	1.00/2.00/3/1.00/1 	max 1260.25 mean 770.78
100 scores: min 752.50 	1.00/2.00/3/1.00/1 	max 1255.00 mean 766.15
100 scores: min 752.50 	1.00/2.00/3/1.00/1 	max 1267.50 mean 770.25
100 scores: min 752.50 	1.00/2.00/3/1.00/1 	max 1266.50 mean 768.03
100 scores: min 752.50 	1.00/2.00/3/1.00/1 	max 1268.50 mean 780.74
100 scores: min 752.50 	1.00/2.00/3/1.00/1 	max 1265.25 mean 765.68
100 scores: min 752.50 	1.00/2.00/3/1.00/1 	max 1265.50 mean 768.76
100 scores: min 752.50 	1.00/2.00/3/1.00/1 	max 1272.50 mean 770.32
100 scores: min 752.50 	1.00/2.00/3/1.00/1 	max 1265.50 mean 791.30
100 scores: min 752.50 	1.00/2.00/3/1.00/1 	max 1262.50 mean 767.26
100 scores: min 752.50 	1.00/2.00/3/1.00/1 	max 1267.50 mean 770.50
100 scores: min 752.50 	1.00/2.00/3/1.00/1 	max 1255.50 mean 785.71
100 scores: min 752.50 	1.00/2.00/3/1.00/1 	max 1259.00 mean 760.38
100 scores: min 752.50 	1.00/2.00/3/1.00/1 	max 1262.50 mean 768.55
100 scores: min 752.50 	1.00/2.00/3/1.00/1 	max 1265.75 mean 760.16
100 scores: min 752.50 	1.00/2.00/3/1.00/1 	max 1273.75 mean 781.04
100 scores: min 752.50 	1.00/2.00/3/1.00/1 	max 1272.25 mean 780.58
100 scores: min 752.50 	1.00/2.00/3/1.00/1 	max 1269.50 mean 770.26
100 scores: min 752.50 	1.00/2.00/3/1.00/1 	max 1271.00 mean 775.47
100 scores: min 752.50 	1.00/2.00/3/1.00/1 	max 1255.25 mean 763.04
100 scores: min 752.50 	1.00/2.00/3/1.00/1 	max 1261.00 mean 786.12
100 scores: min 752.50 	1.00/2.00/3/1.00/1 	max 1263.00 mean 766.72
100 scores: min 752.50 	1.00/2.00/3/1.00/1 	max 1258.75 mean 770.74
100 scores: min 752.50 	1.00/2.00/3/1.00/1 	max 1253.50 mean 761.11
100 scores: min 752.50 	1.00/2.00/3/1.00/1 	max 1270.75 mean 772.61
100 scores: min 752.50 	1.00/2.00/3/1.00/1 	max 1254.25 mean 770.54
100 scores: min 752.50 	1.00/2.00/3/1.00/1 	max 1004.75 mean 760.89
100 scores: min 752.50 	1.00/2.00/3/1.00/1 	max 1254.75 mean 772.74
100 scores: min 752.50 	1.00/2.00/3/1.00/1 	max 1255.75 mean 795.87
100 scores: min 752.50 	1.00/2.00/3/1.00/1 	max 1269.00 mean 778.18
100 scores: min 752.50 	1.00/2.00/3/1.00/1 	max 1270.75 mean 776.00
100 scores: min 752.50 	1.00/2.00/3/1.00/1 	max 1269.00 mean 767.95
100 scores: min 752.50 	1.00/2.00/3/1.00/1 	max 1269.75 mean 768.28
100 scores: min 752.50 	1.00/2.00/3/1.00/1 	max 772.75 mean 756.20
100 scores: min 752.50 	1.00/2.00/3/1.00/1 	max 1253.50 mean 765.31
100 scores: min 752.50 	1.00/2.00/3/1.00/1 	max 1254.25 mean 765.07
100 scores: min 752.50 	1.00/2.00/3/1.00/1 	max 1264.25 mean 772.99
100 scores: min 752.50 	1.00/2.00/3/1.00/1 	max 1257.50 mean 782.84
100 scores: min 752.50 	1.00/2.00/3/1.00/1 	max 1266.25 mean 765.97
100 scores: min 752.50 	1.00/2.00/3/1.00/1 	max 1269.00 mean 784.17
100 scores: min 752.50 	1.00/2.00/3/1.00/1 	max 1266.00 mean 798.66
100 scores: min 752.50 	1.00/2.00/3/1.00/1 	max 1272.00 mean 765.68
100 scores: min 752.50 	1.00/2.00/3/1.00/1 	max 1253.75 mean 761.50
100 scores: min 752.50 	1.00/2.00/3/1.00/1 	max 1267.00 mean 768.31
100 scores: min 752.50 	1.00/2.00/3/1.00/1 	max 1254.25 mean 771.57
100 scores: min 752.50 	1.00/2.00/3/1.00/1 	max 1264.25 mean 772.95
100 scores: min 752.50 	1.00/2.00/3/1.00/1 	max 1255.50 mean 768.35
100 scores: min 752.50 	1.00/2.00/3/1.00/1 	max 1262.25 mean 788.53
100 scores: min 752.50 	1.00/2.00/3/1.00/1 	max 1273.50 mean 776.35
100 scores: min 752.50 	1.00/2.00/3/1.00/1 	max 1254.75 mean 763.27
100 scores: min 752.50 	1.00/2.00/3/1.00/1 	max 1261.00 mean 770.73
100 scores: min 752.50 	1.00/2.00/3/1.00/1 	max 1262.75 mean 775.77
100 scores: min 752.50 	1.00/2.00/3/1.00/1 	max 1256.00 mean 776.22
100 scores: min 752.50 	1.00/2.00/3/1.00/1 	max 1268.00 mean 776.06
100 scores: min 752.50 	1.00/2.00/3/1.00/1 	max 1265.25 mean 781.23
100 scores: min 752.50 	1.00/2.00/3/1.00/1 	max 1254.75 mean 761.08
100 scores: min 752.50 	1.00/2.00/3/1.00/1 	max 1272.75 mean 781.14
100 scores: min 752.50 	1.00/2.00/3/1.00/1 	max 1268.00 mean 769.77
100 scores: min 752.50 	1.00/2.00/3/1.00/1 	max 1270.00 mean 789.52
100 scores: min 752.50 	1.00/2.00/3/1.00/1 	max 1271.25 mean 789.45
100 scores: min 752.50 	1.00/2.00/3/1.00/1 	max 1254.25 mean 769.15
100 scores: min 752.50 	1.00/2.00/3/1.00/1 	max 1269.25 mean 778.51
100 scores: min 752.50 	1.00/2.00/3/1.00/1 	max 772.75 mean 756.01
100 scores: min 752.50 	1.00/2.00/3/1.00/1 	max 1264.50 mean 776.12
100 scores: min 752.50 	1.00/2.00/3/1.00/1 	max 1255.25 mean 776.00
100 scores: min 752.50 	1.00/2.00/3/1.00/1 	max 1254.75 mean 772.75
100 scores: min 752.50 	1.00/2.00/3/1.00/1 	max 1273.25 mean 764.36
100 scores: min 752.50 	1.00/2.00/3/1.00/1 	max 1255.50 mean 765.26
100 scores: min 752.50 	1.00/2.00/3/1.00/1 	max 1270.25 mean 770.51
100 scores: min 752.50 	1.00/2.00/3/1.00/1 	max 1258.00 mean 765.66
100 scores: min 752.50 	1.00/2.00/3/1.00/1 	max 1265.75 mean 775.71
100 scores: min 752.50 	1.00/2.00/3/1.00/1 	max 1266.00 mean 770.39
100 scores: min 752.50 	1.00/2.00/3/1.00/1 	max 1270.25 mean 785.70
100 scores: min 752.50 	1.00/2.00/3/1.00/1 	max 1271.50 mean 768.94
100 scores: min 752.50 	1.00/2.00/3/1.00/1 	max 1269.50 mean 778.38
100 scores: min 752.50 	1.00/2.00/3/1.00/1 	max 1254.75 mean 761.06
100 scores: min 752.50 	1.00/2.00/3/1.00/1 	max 1255.00 mean 767.66
100 scores: min 752.50 	1.00/2.00/3/1.00/1 	max 1276.49 mean 775.28
100 scores: min 752.50 	1.00/2.00/3/1.00/1 	max 1266.50 mean 763.09
100 scores: min 752.50 	1.00/2.00/3/1.00/1 	max 1257.50 mean 760.01
100 scores: min 752.50 	1.00/2.00/3/1.00/1 	max 774.00 mean 756.34
100 scores: min 752.50 	1.00/2.00/3/1.00/1 	max 1254.75 mean 773.12
100 scores: min 752.50 	1.00/2.00/3/1.00/1 	max 1264.25 mean 760.36
100 scores: min 752.50 	1.00/2.00/3/1.00/1 	max 1270.25 mean 777.97
100 scores: min 752.50 	1.00/2.00/3/1.00/1 	max 1267.00 mean 775.33
100 scores: min 752.50 	1.00/2.00/3/1.00/1 	max 1265.00 mean 765.70
100 scores: min 752.50 	1.00/2.00/3/1.00/1 	max 1262.00 mean 768.30
100 scores: min 752.50 	1.00/2.00/3/1.00/1 	max 1013.75 mean 764.72
100 scores: min 752.50 	1.00/2.00/3/1.00/1 	max 1009.00 mean 758.42
100 scores: min 752.50 	1.00/2.00/3/1.00/1 	max 1254.75 mean 760.96
100 scores: min 752.50 	1.00/2.00/3/1.00/1 	max 1254.75 mean 760.59
100 scores: min 752.50 	1.00/2.00/3/1.00/1 	max 1258.00 mean 777.74
100 scores: min 752.50 	1.00/2.00/3/1.00/1 	max 1269.75 mean 773.11
100 scores: min 752.50 	1.00/2.00/3/1.00/1 	max 1254.25 mean 760.78
100 scores: min 752.50 	1.00/2.00/3/1.00/1 	max 1265.75 mean 760.06
100 scores: min 752.50 	1.00/2.00/3/1.00/1 	max 1273.75 mean 766.66
100 scores: min 752.50 	1.00/2.00/3/1.00/1 	max 1257.50 mean 766.47
100 scores: min 752.50 	1.00/2.00/3/1.00/1 	max 1254.75 mean 766.17
100 scores: min 752.50 	1.00/2.00/3/1.00/1 	max 1255.50 mean 765.85
100 scores: min 752.50 	1.00/2.00/3/1.00/1 	max 1258.00 mean 774.04
100 scores: min 752.50 	1.00/2.00/3/1.00/1 	max 1254.75 mean 761.45
100 scores: min 752.50 	1.00/2.00/3/1.00/1 	max 1267.50 mean 785.66
100 scores: min 752.50 	1.00/2.00/3/1.00/1 	max 1256.50 mean 771.56
100 scores: min 752.50 	1.00/2.00/3/1.00/1 	max 1268.50 mean 779.25
100 scores: min 752.50 	1.00/2.00/3/1.00/1 	max 1256.75 mean 772.85
100 scores: min 752.50 	1.00/2.00/3/1.00/1 	max 1267.50 mean 771.52
100 scores: min 752.50 	1.00/2.00/3/1.00/1 	max 1257.50 mean 770.69
100 scores: min 752.50 	1.00/2.00/3/1.00/1 	max 1266.00 mean 775.69
100 scores: min 752.50 	1.00/2.00/3/1.00/1 	max 1269.00 mean 768.82
100 scores: min 752.50 	1.00/2.00/3/1.00/1 	max 1258.00 mean 766.18
100 scores: min 752.50 	1.00/2.00/3/1.00/1 	max 1263.50 mean 778.14
100 scores: min 752.50 	1.00/2.00/3/1.00/1 	max 1264.00 mean 795.89
100 scores: min 752.50 	1.00/2.00/3/1.00/1 	max 1262.00 mean 776.33
100 scores: min 752.50 	1.00/2.00/3/1.00/1 	max 1259.75 mean 775.93
100 scores: min 752.50 	1.00/2.00/3/1.00/1 	max 1268.25 mean 782.86
100 scores: min 752.50 	1.00/2.00/3/1.00/1 	max 1268.25 mean 765.82
100 scores: min 752.50 	1.00/2.00/3/1.00/1 	max 1264.75 mean 775.03
100 scores: min 752.50 	1.00/2.00/3/1.00/1 	max 1255.25 mean 781.29
100 scores: min 752.50 	1.00/2.00/3/1.00/1 	max 1261.50 mean 781.42
100 scores: min 752.50 	1.00/2.00/3/1.00/1 	max 1258.00 mean 782.51
100 scores: min 752.50 	1.00/2.00/3/1.00/1 	max 1254.25 mean 766.40
100 scores: min 752.50 	1.00/2.00/3/1.00/1 	max 1255.00 mean 763.44
100 scores: min 752.50 	1.00/2.00/3/1.00/1 	max 1267.75 mean 773.00
100 scores: min 752.50 	1.00/2.00/3/1.00/1 	max 1266.50 mean 796.01
100 scores: min 752.50 	1.00/2.00/3/1.00/1 	max 1274.75 mean 768.45
100 scores: min 752.50 	1.00/2.00/3/1.00/1 	max 770.75 mean 756.28
100 scores: min 752.50 	1.00/2.00/3/1.00/1 	max 1254.75 mean 760.44
100 scores: min 752.50 	1.00/2.00/3/1.00/1 	max 1004.75 mean 760.66
100 scores: min 752.50 	1.00/2.00/3/1.00/1 	max 1261.00 mean 776.84
100 scores: min 752.50 	1.00/2.00/3/1.00/1 	max 1264.25 mean 783.37
100 scores: min 752.50 	1.00/2.00/3/1.00/1 	max 1267.75 mean 793.62
100 scores: min 752.50 	1.00/2.00/3/1.00/1 	max 1265.50 mean 778.70
100 scores: min 752.50 	1.00/2.00/3/1.00/1 	max 1255.25 mean 772.87
100 scores: min 752.50 	1.00/2.00/3/1.00/1 	max 1265.00 mean 785.39
100 scores: min 752.50 	1.00/2.00/3/1.00/1 	max 1265.75 mean 778.79
100 scores: min 752.50 	1.00/2.00/3/1.00/1 	max 1254.00 mean 765.65
100 scores: min 752.50 	1.00/2.00/3/1.00/1 	max 1269.25 mean 765.89
100 scores: min 752.50 	1.00/2.00/3/1.00/1 	max 1255.00 mean 765.49
100 scores: min 752.50 	1.00/2.00/3/1.00/1 	max 774.50 mean 755.70
100 scores: min 752.50 	1.00/2.00/3/1.00/1 	max 1265.25 mean 770.40
100 scores: min 752.50 	1.00/2.00/3/1.00/1 	max 1266.75 mean 765.11
100 scores: min 752.50 	1.00/2.00/3/1.00/1 	max 1253.75 mean 763.01
100 scores: min 752.50 	1.00/2.00/3/1.00/1 	max 1255.00 mean 760.31
100 scores: min 752.50 	1.00/2.00/3/1.00/1 	max 1272.25 mean 773.69
100 scores: min 752.50 	1.00/2.00/3/1.00/1 	max 1268.50 mean 788.65
100 scores: min 752.50 	1.00/2.00/3/1.00/1 	max 1264.00 mean 785.73
100 scores: min 752.50 	1.00/2.00/3/1.00/1 	max 1255.00 mean 778.35
100 scores: min 752.50 	1.00/2.00/3/1.00/1 	max 1258.25 mean 775.61
100 scores: min 752.50 	1.00/2.00/3/1.00/1 	max 1255.25 mean 770.44
100 scores: min 752.50 	1.00/2.00/3/1.00/1 	max 1266.00 mean 776.49
100 scores: min 752.50 	1.00/2.00/3/1.00/1 	max 1267.75 mean 771.31
100 scores: min 752.50 	1.00/2.00/3/1.00/1 	max 1255.25 mean 778.33
100 scores: min 752.50 	1.00/2.00/3/1.00/1 	max 1270.00 mean 774.82
100 scores: min 752.50 	1.00/2.00/3/1.00/1 	max 1265.25 mean 803.29
100 scores: min 752.50 	1.00/2.00/3/1.00/1 	max 1261.75 mean 778.10
100 scores: min 752.50 	1.00/2.00/3/1.00/1 	max 1255.25 mean 773.46
100 scores: min 752.50 	1.00/2.00/3/1.00/1 	max 1254.75 mean 768.55
100 scores: min 752.50 	1.00/2.00/3/1.00/1 	max 1266.25 mean 780.80
100 scores: min 752.50 	1.00/2.00/3/1.00/1 	max 1258.00 mean 772.90
100 scores: min 752.50 	1.00/2.00/3/1.00/1 	max 1255.75 mean 765.73
100 scores: min 752.50 	1.00/2.00/3/1.00/1 	max 1004.25 mean 758.03
100 scores: min 752.50 	1.00/2.00/3/1.00/1 	max 1267.50 mean 778.56
100 scores: min 752.50 	1.00/2.00/3/1.00/1 	max 1267.75 mean 786.29
100 scores: min 752.50 	1.00/2.00/3/1.00/1 	max 1254.75 mean 765.61
100 scores: min 752.50 	1.00/2.00/3/1.00/1 	max 1254.25 mean 765.43
100 scores: min 752.50 	1.00/2.00/3/1.00/1 	max 1254.00 mean 763.02
100 scores: min 752.50 	1.00/2.00/3/1.00/1 	max 1269.00 mean 768.23
100 scores: min 752.50 	1.00/2.00/3/1.00/1 	max 1254.25 mean 770.92
100 scores: min 752.50 	1.00/2.00/3/1.00/1 	max 1254.75 mean 762.81
100 scores: min 752.50 	1.00/2.00/3/1.00/1 	max 1262.75 mean 766.11
100 scores: min 752.50 	1.00/2.00/3/1.00/1 	max 1276.50 mean 772.53
100 scores: min 752.50 	1.00/2.00/3/1.00/1 	max 1254.00 mean 760.84
100 scores: min 752.50 	1.00/2.00/3/1.00/1 	max 1268.00 mean 770.45
100 scores: min 752.50 	1.00/2.00/3/1.00/1 	max 1255.50 mean 767.88
100 scores: min 752.50 	1.00/2.00/3/1.00/1 	max 1267.00 mean 774.17
100 scores: min 752.50 	1.00/2.00/3/1.00/1 	max 1254.25 mean 760.45
100 scores: min 752.50 	1.00/2.00/3/1.00/1 	max 1262.75 mean 775.86
100 scores: min 752.50 	1.00/2.00/3/1.00/1 	max 1265.00 mean 769.08
100 scores: min 752.50 	1.00/2.00/3/1.00/1 	max 1259.50 mean 771.11
100 scores: min 752.50 	1.00/2.00/3/1.00/1 	max 1259.75 mean 780.60
100 scores: min 752.50 	1.00/2.00/3/1.00/1 	max 1269.25 mean 770.73
100 scores: min 752.50 	1.00/2.00/3/1.00/1 	max 1253.75 mean 760.08
100 scores: min 752.50 	1.00/2.00/3/1.00/1 	max 1005.75 mean 757.57
100 scores: min 752.50 	1.00/2.00/3/1.00/1 	max 1267.50 mean 768.00
100 scores: min 752.50 	1.00/2.00/3/1.00/1 	max 1264.25 mean 778.07
100 scores: min 752.50 	1.00/2.00/3/1.00/1 	max 1255.50 mean 777.39
100 scores: min 752.50 	1.00/2.00/3/1.00/1 	max 1270.25 mean 781.56
100 scores: min 752.50 	1.00/2.00/3/1.00/1 	max 1254.75 mean 770.59
100 scores: min 752.50 	1.00/2.00/3/1.00/1 	max 1269.25 mean 803.28
100 scores: min 752.50 	1.00/2.00/3/1.00/1 	max 1266.25 mean 781.38
100 scores: min 752.50 	1.00/2.00/3/1.00/1 	max 1269.50 mean 771.04
100 scores: min 752.50 	1.00/2.00/3/1.00/1 	max 1259.25 mean 783.09
100 scores: min 752.50 	1.00/2.00/3/1.00/1 	max 1269.75 mean 766.29
100 scores: min 752.50 	1.00/2.00/3/1.00/1 	max 1261.00 mean 790.93
100 scores: min 752.50 	1.00/2.00/3/1.00/1 	max 1004.75 mean 757.62
100 scores: min 752.50 	1.00/2.00/3/1.00/1 	max 1254.75 mean 769.98
100 scores: min 752.50 	1.00/2.00/3/1.00/1 	max 1254.25 mean 766.14
100 scores: min 752.50 	1.00/2.00/3/1.00/1 	max 1262.75 mean 771.04
100 scores: min 752.50 	1.00/2.00/3/1.00/1 	max 1269.50 mean 782.95
100 scores: min 752.50 	1.00/2.00/3/1.00/1 	max 1255.25 mean 783.73
100 scores: min 752.50 	1.00/2.00/3/1.00/1 	max 1272.75 mean 775.69
100 scores: min 752.50 	1.00/2.00/3/1.00/1 	max 1255.75 mean 780.88
100 scores: min 752.50 	1.00/2.00/3/1.00/1 	max 1273.00 mean 780.47
100 scores: min 752.50 	1.00/2.00/3/1.00/1 	max 1253.75 mean 760.55
100 scores: min 752.50 	1.00/2.00/3/1.00/1 	max 1254.75 mean 763.12
100 scores: min 752.50 	1.00/2.00/3/1.00/1 	max 1255.50 mean 767.53
100 scores: min 752.50 	1.00/2.00/3/1.00/1 	max 1267.75 mean 778.09
100 scores: min 752.50 	1.00/2.00/3/1.00/1 	max 1261.75 mean 781.48
100 scores: min 752.50 	1.00/2.00/3/1.00/1 	max 1265.50 mean 765.63
100 scores: min 752.50 	1.00/2.00/3/1.00/1 	max 1261.00 mean 761.10
100 scores: min 752.50 	1.00/2.00/3/1.00/1 	max 1273.00 mean 777.15
100 scores: min 752.50 	1.00/2.00/3/1.00/1 	max 1254.75 mean 775.90
100 scores: min 752.50 	1.00/2.00/3/1.00/1 	max 1261.00 mean 766.41
100 scores: min 752.50 	1.00/2.00/3/1.00/1 	max 1270.75 mean 775.84
100 scores: min 752.50 	1.00/2.00/3/1.00/1 	max 1263.25 mean 789.29
100 scores: min 752.50 	1.00/2.00/3/1.00/1 	max 1254.25 mean 763.55
100 scores: min 752.50 	1.00/2.00/3/1.00/1 	max 1255.50 mean 770.56
100 scores: min 752.50 	1.00/2.00/3/1.00/1 	max 1262.00 mean 770.67
100 scores: min 752.50 	1.00/2.00/3/1.00/1 	max 1268.50 mean 773.28
100 scores: min 752.50 	1.00/2.00/3/1.00/1 	max 1004.75 mean 758.39
100 scores: min 752.50 	1.00/2.00/3/1.00/1 	max 1254.25 mean 763.71
100 scores: min 752.50 	1.00/2.00/3/1.00/1 	max 1269.50 mean 779.83
100 scores: min 752.50 	1.00/2.00/3/1.00/1 	max 1266.50 mean 776.01
100 scores: min 752.50 	1.00/2.00/3/1.00/1 	max 1269.50 mean 766.15
100 scores: min 752.50 	1.00/2.00/3/1.00/1 	max 1269.75 mean 771.95
100 scores: min 752.50 	1.00/2.00/3/1.00/1 	max 1255.25 mean 770.12
100 scores: min 752.50 	1.00/2.00/3/1.00/1 	max 1271.00 mean 783.00
100 scores: min 752.50 	1.00/2.00/3/1.00/1 	max 1255.25 mean 776.32
100 scores: min 752.50 	1.00/2.00/3/1.00/1 	max 1254.75 mean 775.56
100 scores: min 752.50 	1.00/2.00/3/1.00/1 	max 1265.25 mean 772.92
100 scores: min 752.50 	1.00/2.00/3/1.00/1 	max 1268.25 mean 770.17
100 scores: min 752.50 	1.00/2.00/3/1.00/1 	max 1257.50 mean 778.68
100 scores: min 752.50 	1.00/2.00/3/1.00/1 	max 1265.25 mean 771.10
100 scores: min 752.50 	1.00/2.00/3/1.00/1 	max 1266.25 mean 772.70
100 scores: min 752.50 	1.00/2.00/3/1.00/1 	max 1273.00 mean 770.98
100 scores: min 752.50 	1.00/2.00/3/1.00/1 	max 1270.00 mean 780.60
100 scores: min 752.50 	1.00/2.00/3/1.00/1 	max 1270.75 mean 777.97
100 scores: min 752.50 	1.00/2.00/3/1.00/1 	max 1255.00 mean 760.86
100 scores: min 752.50 	1.00/2.00/3/1.00/1 	max 1276.99 mean 785.95
100 scores: min 752.50 	1.00/2.00/3/1.00/1 	max 1255.25 mean 773.90
100 scores: min 752.50 	1.00/2.00/3/1.00/1 	max 1268.25 mean 773.67
100 scores: min 752.50 	1.00/2.00/3/1.00/1 	max 1263.75 mean 776.33
100 scores: min 752.50 	1.00/2.00/3/1.00/1 	max 1264.50 mean 769.32
100 scores: min 752.50 	1.00/2.00/3/1.00/1 	max 1254.75 mean 775.92
100 scores: min 752.50 	1.00/2.00/3/1.00/1 	max 1254.75 mean 773.16
100 scores: min 752.50 	1.00/2.00/3/1.00/1 	max 1268.75 mean 781.37
100 scores: min 752.50 	1.00/2.00/3/1.00/1 	max 1254.75 mean 766.14
100 scores: min 752.50 	1.00/2.00/3/1.00/1 	max 1253.75 mean 763.03
100 scores: min 752.50 	1.00/2.00/3/1.00/1 	max 1268.50 mean 806.71
100 scores: min 752.50 	1.00/2.00/3/1.00/1 	max 774.25 mean 756.39
100 scores: min 752.50 	1.00/2.00/3/1.00/1 	max 1268.75 mean 776.42
100 scores: min 752.50 	1.00/2.00/3/1.00/1 	max 1270.25 mean 776.68
100 scores: min 752.50 	1.00/2.00/3/1.00/1 	max 1264.50 mean 791.55
100 scores: min 752.50 	1.00/2.00/3/1.00/1 	max 1254.75 mean 780.95
100 scores: min 752.50 	1.00/2.00/3/1.00/1 	max 1268.75 mean 787.98
100 scores: min 752.50 	1.00/2.00/3/1.00/1 	max 1264.25 mean 794.57
100 scores: min 752.50 	1.00/2.00/3/1.00/1 	max 1258.25 mean 766.31
100 scores: min 752.50 	1.00/2.00/3/1.00/1 	max 1256.50 mean 766.69
100 scores: min 752.50 	1.00/2.00/3/1.00/1 	max 1272.50 mean 784.14
100 scores: min 752.50 	1.00/2.00/3/1.00/1 	max 1263.75 mean 766.20
100 scores: min 752.50 	1.00/2.00/3/1.00/1 	max 1266.50 mean 768.10
100 scores: min 752.50 	1.00/2.00/3/1.00/1 	max 1265.00 mean 771.17
100 scores: min 752.50 	1.00/2.00/3/1.00/1 	max 1257.50 mean 765.96
100 scores: min 752.50 	1.00/2.00/3/1.00/1 	max 1254.25 mean 765.76
100 scores: min 752.50 	1.00/2.00/3/1.00/1 	max 774.50 mean 756.25
100 scores: min 752.50 	1.00/2.00/3/1.00/1 	max 1255.25 mean 772.78
100 scores: min 752.50 	1.00/2.00/3/1.00/1 	max 1266.75 mean 775.61
100 scores: min 752.50 	1.00/2.00/3/1.00/1 	max 1269.00 mean 775.63
100 scores: min 752.50 	1.00/2.00/3/1.00/1 	max 1254.75 mean 776.66
100 scores: min 752.50 	1.00/2.00/3/1.00/1 	max 1263.25 mean 775.92
100 scores: min 752.50 	1.00/2.00/3/1.00/1 	max 1254.75 mean 771.16
100 scores: min 752.50 	1.00/2.00/3/1.00/1 	max 1270.00 mean 798.35
100 scores: min 752.50 	1.00/2.00/3/1.00/1 	max 1264.75 mean 773.77
100 scores: min 752.50 	1.00/2.00/3/1.00/1 	max 1264.50 mean 783.44
100 scores: min 752.50 	1.00/2.00/3/1.00/1 	max 1267.50 mean 776.59
100 scores: min 752.50 	1.00/2.00/3/1.00/1 	max 1267.75 mean 789.10
100 scores: min 752.50 	1.00/2.00/3/1.00/1 	max 1254.50 mean 770.39
100 scores: min 752.50 	1.00/2.00/3/1.00/1 	max 1273.50 mean 778.64
100 scores: min 752.50 	1.00/2.00/3/1.00/1 	max 1254.75 mean 772.84
100 scores: min 752.50 	1.00/2.00/3/1.00/1 	max 1271.00 mean 773.73
100 scores: min 752.50 	1.00/2.00/3/1.00/1 	max 1254.75 mean 771.51
100 scores: min 752.50 	1.00/2.00/3/1.00/1 	max 1254.25 mean 789.15
100 scores: min 752.50 	1.00/2.00/3/1.00/1 	max 1264.75 mean 768.70
100 scores: min 752.50 	1.00/2.00/3/1.00/1 	max 1258.00 mean 775.06
100 scores: min 752.50 	1.00/2.00/3/1.00/1 	max 1264.50 mean 773.77
100 scores: min 752.50 	1.00/2.00/3/1.00/1 	max 1262.75 mean 780.16
100 scores: min 752.50 	1.00/2.00/3/1.00/1 	max 1268.50 mean 773.98
100 scores: min 752.50 	1.00/2.00/3/1.00/1 	max 1257.50 mean 790.34
100 scores: min 752.50 	1.00/2.00/3/1.00/1 	max 1265.75 mean 788.73
100 scores: min 752.50 	1.00/2.00/3/1.00/1 	max 1269.00 mean 773.08
100 scores: min 752.50 	1.00/2.00/3/1.00/1 	max 1255.25 mean 775.44
100 scores: min 752.50 	1.00/2.00/3/1.00/1 	max 1009.00 mean 763.55
100 scores: min 752.50 	1.00/2.00/3/1.00/1 	max 1269.50 mean 772.82
100 scores: min 752.50 	1.00/2.00/3/1.00/1 	max 1268.00 mean 778.26
100 scores: min 752.50 	1.00/2.00/3/1.00/1 	max 1269.25 mean 762.66
100 scores: min 752.50 	1.00/2.00/3/1.00/1 	max 1267.25 mean 765.04
100 scores: min 752.50 	1.00/2.00/3/1.00/1 	max 1265.00 mean 786.47
100 scores: min 752.50 	1.00/2.00/3/1.00/1 	max 1272.00 mean 769.10
100 scores: min 752.50 	1.00/2.00/3/1.00/1 	max 1262.25 mean 772.74
100 scores: min 752.50 	1.00/2.00/3/1.00/1 	max 1255.25 mean 768.09
100 scores: min 752.50 	1.00/2.00/3/1.00/1 	max 1268.00 mean 787.94
100 scores: min 752.50 	1.00/2.00/3/1.00/1 	max 1257.50 mean 781.02
100 scores: min 752.50 	1.00/2.00/3/1.00/1 	max 1262.75 mean 776.12
100 scores: min 752.50 	1.00/2.00/3/1.00/1 	max 1269.00 mean 766.82
100 scores: min 752.50 	1.00/2.00/3/1.00/1 	max 1266.00 mean 766.35
100 scores: min 752.50 	1.00/2.00/3/1.00/1 	max 772.00 mean 754.64
100 scores: min 752.50 	1.00/2.00/3/1.00/1 	max 1262.00 mean 773.54
100 scores: min 752.50 	1.00/2.00/3/1.00/1 	max 1270.75 mean 783.67
100 scores: min 752.50 	1.00/2.00/3/1.00/1 	max 1265.75 mean 769.40
100 scores: min 752.50 	1.00/2.00/3/1.00/1 	max 1267.50 mean 778.90
100 scores: min 752.50 	1.00/2.00/3/1.00/1 	max 1255.50 mean 760.63
100 scores: min 752.50 	1.00/2.00/3/1.00/1 	max 1264.75 mean 768.76
100 scores: min 752.50 	1.00/2.00/3/1.00/1 	max 1264.75 mean 790.34
100 scores: min 752.50 	1.00/2.00/3/1.00/1 	max 1255.50 mean 778.46
100 scores: min 752.50 	1.00/2.00/3/1.00/1 	max 1268.25 mean 776.44
100 scores: min 752.50 	1.00/2.00/3/1.00/1 	max 1020.25 mean 758.90
100 scores: min 752.50 	1.00/2.00/3/1.00/1 	max 1268.00 mean 769.18
100 scores: min 752.50 	1.00/2.00/3/1.00/1 	max 1272.25 mean 781.29
100 scores: min 752.50 	1.00/2.00/3/1.00/1 	max 1255.25 mean 762.51
100 scores: min 752.50 	1.00/2.00/3/1.00/1 	max 1254.25 mean 761.08
100 scores: min 752.50 	1.00/2.00/3/1.00/1 	max 1268.75 mean 768.07
100 scores: min 752.50 	1.00/2.00/3/1.00/1 	max 1255.25 mean 770.35
100 scores: min 752.50 	1.00/2.00/3/1.00/1 	max 1253.50 mean 765.56
100 scores: min 752.50 	1.00/2.00/3/1.00/1 	max 1270.25 mean 783.50
100 scores: min 752.50 	1.00/2.00/3/1.00/1 	max 1263.00 mean 765.98
100 scores: min 752.50 	1.00/2.00/3/1.00/1 	max 1004.25 mean 758.04
100 scores: min 752.50 	1.00/2.00/3/1.00/1 	max 1254.00 mean 770.34
100 scores: min 752.50 	1.00/2.00/3/1.00/1 	max 1260.00 mean 768.10
100 scores: min 752.50 	1.00/2.00/3/1.00/1 	max 1258.00 mean 777.55
100 scores: min 752.50 	1.00/2.00/3/1.00/1 	max 1268.00 mean 785.47
100 scores: min 752.50 	1.00/2.00/3/1.00/1 	max 1258.00 mean 762.00
100 scores: min 752.50 	1.00/2.00/3/1.00/1 	max 1266.00 mean 766.09
100 scores: min 752.50 	1.00/2.00/3/1.00/1 	max 1258.00 mean 780.11
100 scores: min 752.50 	1.00/2.00/3/1.00/1 	max 1264.50 mean 773.76
100 scores: min 752.50 	1.00/2.00/3/1.00/1 	max 1254.00 mean 763.53
100 scores: min 752.50 	1.00/2.00/3/1.00/1 	max 1267.25 mean 774.75
100 scores: min 752.50 	1.00/2.00/3/1.00/1 	max 1254.75 mean 770.79
100 scores: min 752.50 	1.00/2.00/3/1.00/1 	max 1267.25 mean 791.61
100 scores: min 752.50 	1.00/2.00/3/1.00/1 	max 1272.75 mean 788.41
100 scores: min 752.50 	1.00/2.00/3/1.00/1 	max 1264.00 mean 770.92
100 scores: min 752.50 	1.00/2.00/3/1.00/1 	max 1272.25 mean 773.35
100 scores: min 752.50 	1.00/2.00/3/1.00/1 	max 1262.25 mean 775.49
100 scores: min 752.50 	1.00/2.00/3/1.00/1 	max 1266.75 mean 762.02
100 scores: min 752.50 	1.00/2.00/3/1.00/1 	max 1262.50 mean 784.12
100 scores: min 752.50 	1.00/2.00/3/1.00/1 	max 1265.25 mean 763.11
100 scores: min 752.50 	1.00/2.00/3/1.00/1 	max 1269.50 mean 773.95
100 scores: min 752.50 	1.00/2.00/3/1.00/1 	max 1257.50 mean 768.75
100 scores: min 752.50 	1.00/2.00/3/1.00/1 	max 1263.00 mean 783.18
100 scores: min 752.50 	1.00/2.00/3/1.00/1 	max 1265.00 mean 783.48
100 scores: min 752.50 	1.00/2.00/3/1.00/1 	max 1264.75 mean 785.86
100 scores: min 752.50 	1.00/2.00/3/1.00/1 	max 1272.50 mean 776.11
100 scores: min 752.50 	1.00/2.00/3/1.00/1 	max 1269.75 mean 770.40
100 scores: min 752.50 	1.00/2.00/3/1.00/1 	max 1254.75 mean 775.61
100 scores: min 752.50 	1.00/2.00/3/1.00/1 	max 1259.75 mean 780.71
100 scores: min 752.50 	1.00/2.00/3/1.00/1 	max 1255.25 mean 780.25
100 scores: min 752.50 	1.00/2.00/3/1.00/1 	max 1262.50 mean 765.43
100 scores: min 752.50 	1.00/2.00/3/1.00/1 	max 1265.50 mean 768.98
100 scores: min 752.50 	1.00/2.00/3/1.00/1 	max 1271.00 mean 770.61
100 scores: min 752.50 	1.00/2.00/3/1.00/1 	max 1267.25 mean 788.05
100 scores: min 752.50 	1.00/2.00/3/1.00/1 	max 1267.75 mean 775.55
100 scores: min 752.50 	1.00/2.00/3/1.00/1 	max 1268.00 mean 766.20
100 scores: min 752.50 	1.00/2.00/3/1.00/1 	max 1266.75 mean 776.50
100 scores: min 752.50 	1.00/2.00/3/1.00/1 	max 1262.50 mean 770.90
100 scores: min 752.50 	1.00/2.00/3/1.00/1 	max 1273.25 mean 778.32
100 scores: min 752.50 	1.00/2.00/3/1.00/1 	max 1254.75 mean 773.10
100 scores: min 752.50 	1.00/2.00/3/1.00/1 	max 1265.25 mean 783.83
100 scores: min 752.50 	1.00/2.00/3/1.00/1 	max 1263.00 mean 765.78
100 scores: min 752.50 	1.00/2.00/3/1.00/1 	max 1254.75 mean 775.36
100 scores: min 752.50 	1.00/2.00/3/1.00/1 	max 1255.25 mean 768.36
100 scores: min 752.50 	1.00/2.00/3/1.00/1 	max 1267.25 mean 768.83
100 scores: min 752.50 	1.00/2.00/3/1.00/1 	max 1254.75 mean 763.46
100 scores: min 752.50 	1.00/2.00/3/1.00/1 	max 1270.00 mean 775.83
100 scores: min 752.50 	1.00/2.00/3/1.00/1 	max 1264.25 mean 769.98
100 scores: min 752.50 	1.00/2.00/3/1.00/1 	max 1267.00 mean 770.91
100 scores: min 752.50 	1.00/2.00/3/1.00/1 	max 1270.25 mean 772.97
100 scores: min 752.50 	1.00/2.00/3/1.00/1 	max 1255.25 mean 773.45
100 scores: min 752.50 	1.00/2.00/3/1.00/1 	max 1269.75 mean 785.89
100 scores: min 752.50 	1.00/2.00/3/1.00/1 	max 1267.00 mean 773.00
100 scores: min 752.50 	1.00/2.00/3/1.00/1 	max 1265.00 mean 765.73
100 scores: min 752.50 	1.00/2.00/3/1.00/1 	max 1265.25 mean 770.43
100 scores: min 752.50 	1.00/2.00/3/1.00/1 	max 1264.75 mean 770.46
100 scores: min 752.50 	1.00/2.00/3/1.00/1 	max 1264.00 mean 785.36
100 scores: min 752.50 	1.00/2.00/3/1.00/1 	max 1266.00 mean 760.80
100 scores: min 752.50 	1.00/2.00/3/1.00/1 	max 1265.25 mean 770.45
100 scores: min 752.50 	1.00/2.00/3/1.00/1 	max 1004.75 mean 761.31
100 scores: min 752.50 	1.00/2.00/3/1.00/1 	max 1266.75 mean 795.72
100 scores: min 752.50 	1.00/2.00/3/1.00/1 	max 1262.25 mean 771.61
100 scores: min 752.50 	1.00/2.00/3/1.00/1 	max 1004.25 mean 760.99
100 scores: min 752.50 	1.00/2.00/3/1.00/1 	max 1256.25 mean 770.06
100 scores: min 752.50 	1.00/2.00/3/1.00/1 	max 1261.25 mean 780.72
100 scores: min 752.50 	1.00/2.00/3/1.00/1 	max 1270.50 mean 781.05
100 scores: min 752.50 	1.00/2.00/3/1.00/1 	max 1263.25 mean 778.56
100 scores: min 752.50 	1.00/2.00/3/1.00/1 	max 1261.50 mean 764.13
100 scores: min 752.50 	1.00/2.00/3/1.00/1 	max 1269.00 mean 767.65
100 scores: min 752.50 	1.00/2.00/3/1.00/1 	max 1269.25 mean 770.98
100 scores: min 752.50 	1.00/2.00/3/1.00/1 	max 771.25 mean 755.60
100 scores: min 752.50 	1.00/2.00/3/1.00/1 	max 1254.75 mean 765.80
100 scores: min 752.50 	1.00/2.00/3/1.00/1 	max 1004.75 mean 761.20
100 scores: min 752.50 	1.00/2.00/3/1.00/1 	max 1254.25 mean 760.45
100 scores: min 752.50 	1.00/2.00/3/1.00/1 	max 1268.50 mean 790.99
100 scores: min 752.50 	1.00/2.00/3/1.00/1 	max 1272.25 mean 765.60
100 scores: min 752.50 	1.00/2.00/3/1.00/1 	max 1269.00 mean 781.57
100 scores: min 752.50 	1.00/2.00/3/1.00/1 	max 1264.25 mean 766.16
100 scores: min 752.50 	1.00/2.00/3/1.00/1 	max 1267.25 mean 766.17
100 scores: min 752.50 	1.00/2.00/3/1.00/1 	max 1267.00 mean 771.06
100 scores: min 752.50 	1.00/2.00/3/1.00/1 	max 1262.50 mean 771.35
100 scores: min 752.50 	1.00/2.00/3/1.00/1 	max 1268.50 mean 790.76
100 scores: min 752.50 	1.00/2.00/3/1.00/1 	max 1264.75 mean 795.96
100 scores: min 752.50 	1.00/2.00/3/1.00/1 	max 1257.50 mean 781.21
100 scores: min 752.50 	1.00/2.00/3/1.00/1 	max 1254.75 mean 775.80
100 scores: min 752.50 	1.00/2.00/3/1.00/1 	max 1267.75 mean 770.43
100 scores: min 752.50 	1.00/2.00/3/1.00/1 	max 1270.25 mean 778.76
100 scores: min 752.50 	1.00/2.00/3/1.00/1 	max 1267.75 mean 776.66
100 scores: min 752.50 	1.00/2.00/3/1.00/1 	max 1267.50 mean 771.26
100 scores: min 752.50 	1.00/2.00/3/1.00/1 	max 1268.00 mean 766.90
100 scores: min 752.50 	1.00/2.00/3/1.00/1 	max 1255.50 mean 770.86
100 scores: min 752.50 	1.00/2.00/3/1.00/1 	max 1267.50 mean 779.58
100 scores: min 752.50 	1.00/2.00/3/1.00/1 	max 1275.99 mean 765.63
100 scores: min 752.50 	1.00/2.00/3/1.00/1 	max 1255.75 mean 768.16
100 scores: min 752.50 	1.00/2.00/3/1.00/1 	max 1272.25 mean 771.25
100 scores: min 752.50 	1.00/2.00/3/1.00/1 	max 1257.00 mean 771.43
100 scores: min 752.50 	1.00/2.00/3/1.00/1 	max 1272.50 mean 783.56
100 scores: min 752.50 	1.00/2.00/3/1.00/1 	max 1263.75 mean 781.00
100 scores: min 752.50 	1.00/2.00/3/1.00/1 	max 1259.25 mean 768.44
100 scores: min 752.50 	1.00/2.00/3/1.00/1 	max 1269.25 mean 765.64
100 scores: min 752.50 	1.00/2.00/3/1.00/1 	max 1265.50 mean 773.17
100 scores: min 752.50 	1.00/2.00/3/1.00/1 	max 1254.75 mean 767.59
100 scores: min 752.50 	1.00/2.00/3/1.00/1 	max 1254.75 mean 768.97
100 scores: min 752.50 	1.00/2.00/3/1.00/1 	max 1264.75 mean 775.37
100 scores: min 752.50 	1.00/2.00/3/1.00/1 	max 1267.75 mean 773.00
100 scores: min 752.50 	1.00/2.00/3/1.00/1 	max 1265.25 mean 782.85
100 scores: min 752.50 	1.00/2.00/3/1.00/1 	max 1255.75 mean 775.46
100 scores: min 752.50 	1.00/2.00/3/1.00/1 	max 1266.75 mean 781.82
100 scores: min 752.50 	1.00/2.00/3/1.00/1 	max 1255.50 mean 771.45
100 scores: min 752.50 	1.00/2.00/3/1.00/1 	max 1257.50 mean 761.49
100 scores: min 752.50 	1.00/2.00/3/1.00/1 	max 1262.25 mean 776.11
100 scores: min 752.50 	1.00/2.00/3/1.00/1 	max 1255.25 mean 770.80
100 scores: min 752.50 	1.00/2.00/3/1.00/1 	max 1262.25 mean 767.04
100 scores: min 752.50 	1.00/2.00/3/1.00/1 	max 1277.24 mean 763.42
100 scores: min 752.50 	1.00/2.00/3/1.00/1 	max 1268.00 mean 770.40
100 scores: min 752.50 	1.00/2.00/3/1.00/1 	max 1269.00 mean 768.05
100 scores: min 752.50 	1.00/2.00/3/1.00/1 	max 1254.75 mean 768.19
100 scores: min 752.50 	1.00/2.00/3/1.00/1 	max 1261.75 mean 770.75
100 scores: min 752.50 	1.00/2.00/3/1.00/1 	max 1254.75 mean 766.50
100 scores: min 752.50 	1.00/2.00/3/1.00/1 	max 1254.00 mean 766.54
100 scores: min 752.50 	1.00/2.00/3/1.00/1 	max 1266.25 mean 772.76
100 scores: min 752.50 	1.00/2.00/3/1.00/1 	max 1255.25 mean 771.58
100 scores: min 752.50 	1.00/2.00/3/1.00/1 	max 1269.75 mean 786.22
100 scores: min 752.50 	1.00/2.00/3/1.00/1 	max 1255.50 mean 790.91
100 scores: min 752.50 	1.00/2.00/3/1.00/1 	max 1264.75 mean 778.36
100 scores: min 752.50 	1.00/2.00/3/1.00/1 	max 1254.00 mean 763.58
100 scores: min 752.50 	1.00/2.00/3/1.00/1 	max 1258.25 mean 776.45
100 scores: min 752.50 	1.00/2.00/3/1.00/1 	max 1267.25 mean 783.11
100 scores: min 752.50 	1.00/2.00/3/1.00/1 	max 1009.00 mean 761.39
100 scores: min 752.50 	1.00/2.00/3/1.00/1 	max 1255.50 mean 778.77
100 scores: min 752.50 	1.00/2.00/3/1.00/1 	max 1254.75 mean 778.04
100 scores: min 752.50 	1.00/2.00/3/1.00/1 	max 1270.25 mean 760.78
100 scores: min 752.50 	1.00/2.00/3/1.00/1 	max 1263.00 mean 760.57
100 scores: min 752.50 	1.00/2.00/3/1.00/1 	max 1254.75 mean 774.82
100 scores: min 752.50 	1.00/2.00/3/1.00/1 	max 1266.50 mean 773.23
100 scores: min 752.50 	1.00/2.00/3/1.00/1 	max 1268.25 mean 778.53
100 scores: min 752.50 	1.00/2.00/3/1.00/1 	max 1014.75 mean 760.68
100 scores: min 752.50 	1.00/2.00/3/1.00/1 	max 1268.50 mean 765.79
100 scores: min 752.50 	1.00/2.00/3/1.00/1 	max 1264.25 mean 761.10
100 scores: min 752.50 	1.00/2.00/3/1.00/1 	max 1276.00 mean 770.13
100 scores: min 752.50 	1.00/2.00/3/1.00/1 	max 1254.00 mean 774.09
100 scores: min 752.50 	1.00/2.00/3/1.00/1 	max 1265.75 mean 764.76
100 scores: min 752.50 	1.00/2.00/3/1.00/1 	max 1269.25 mean 788.12
100 scores: min 752.50 	1.00/2.00/3/1.00/1 	max 1254.00 mean 762.94
100 scores: min 752.50 	1.00/2.00/3/1.00/1 	max 1261.00 mean 775.09
100 scores: min 752.50 	1.00/2.00/3/1.00/1 	max 1264.50 mean 770.70
100 scores: min 752.50 	1.00/2.00/3/1.00/1 	max 1266.50 mean 773.37
100 scores: min 752.50 	1.00/2.00/3/1.00/1 	max 1270.00 mean 770.40
100 scores: min 752.50 	1.00/2.00/3/1.00/1 	max 1263.50 mean 770.66
100 scores: min 752.50 	1.00/2.00/3/1.00/1 	max 1263.75 mean 765.38
100 scores: min 752.50 	1.00/2.00/3/1.00/1 	max 1264.00 mean 780.71
100 scores: min 752.50 	1.00/2.00/3/1.00/1 	max 1268.00 mean 767.67
100 scores: min 752.50 	1.00/2.00/3/1.00/1 	max 1269.75 mean 782.95
100 scores: min 752.50 	1.00/2.00/3/1.00/1 	max 1262.75 mean 765.39
100 scores: min 752.50 	1.00/2.00/3/1.00/1 	max 1261.50 mean 777.74
100 scores: min 752.50 	1.00/2.00/3/1.00/1 	max 1271.50 mean 776.01
100 scores: min 752.50 	1.00/2.00/3/1.00/1 	max 769.50 mean 755.68
100 scores: min 752.50 	1.00/2.00/3/1.00/1 	max 1016.50 mean 760.83
100 scores: min 752.50 	1.00/2.00/3/1.00/1 	max 1253.50 mean 762.71
100 scores: min 752.50 	1.00/2.00/3/1.00/1 	max 1261.50 mean 775.69
100 scores: min 752.50 	1.00/2.00/3/1.00/1 	max 1266.25 mean 767.93
100 scores: min 752.50 	1.00/2.00/3/1.00/1 	max 1265.25 mean 772.80
100 scores: min 752.50 	1.00/2.00/3/1.00/1 	max 770.50 mean 755.16
100 scores: min 752.50 	1.00/2.00/3/1.00/1 	max 1254.75 mean 767.85
100 scores: min 752.50 	1.00/2.00/3/1.00/1 	max 1263.50 mean 775.89
100 scores: min 752.50 	1.00/2.00/3/1.00/1 	max 1274.50 mean 771.41
100 scores: min 752.50 	1.00/2.00/3/1.00/1 	max 1272.25 mean 776.07
100 scores: min 752.50 	1.00/2.00/3/1.00/1 	max 1267.75 mean 778.03
100 scores: min 752.50 	1.00/2.00/3/1.00/1 	max 1254.75 mean 777.88
100 scores: min 752.50 	1.00/2.00/3/1.00/1 	max 1272.00 mean 782.91
100 scores: min 752.50 	1.00/2.00/3/1.00/1 	max 1254.75 mean 767.44
100 scores: min 752.50 	1.00/2.00/3/1.00/1 	max 1266.25 mean 772.97
100 scores: min 752.50 	1.00/2.00/3/1.00/1 	max 1258.50 mean 770.32
100 scores: min 752.50 	1.00/2.00/3/1.00/1 	max 1276.49 mean 780.03
100 scores: min 752.50 	1.00/2.00/3/1.00/1 	max 1254.00 mean 760.53
100 scores: min 752.50 	1.00/2.00/3/1.00/1 	max 1255.25 mean 765.25
100 scores: min 752.50 	1.00/2.00/3/1.00/1 	max 1267.25 mean 777.24
100 scores: min 752.50 	1.00/2.00/3/1.00/1 	max 1268.25 mean 775.35
100 scores: min 752.50 	1.00/2.00/3/1.00/1 	max 1255.75 mean 766.16
100 scores: min 752.50 	1.00/2.00/3/1.00/1 	max 1254.75 mean 768.60
100 scores: min 752.50 	1.00/2.00/3/1.00/1 	max 1267.00 mean 773.41
100 scores: min 752.50 	1.00/2.00/3/1.00/1 	max 1263.75 mean 791.98
100 scores: min 752.50 	1.00/2.00/3/1.00/1 	max 1255.00 mean 765.42
100 scores: min 752.50 	1.00/2.00/3/1.00/1 	max 1272.00 mean 776.69
100 scores: min 752.50 	1.00/2.00/3/1.00/1 	max 1264.50 mean 764.87
100 scores: min 752.50 	1.00/2.00/3/1.00/1 	max 1263.75 mean 778.04
100 scores: min 752.50 	1.00/2.00/3/1.00/1 	max 1255.25 mean 777.71
100 scores: min 752.50 	1.00/2.00/3/1.00/1 	max 770.00 mean 755.85
100 scores: min 752.50 	1.00/2.00/3/1.00/1 	max 1254.75 mean 773.03
100 scores: min 752.50 	1.00/2.00/3/1.00/1 	max 1272.00 mean 768.17
100 scores: min 752.50 	1.00/2.00/3/1.00/1 	max 1264.00 mean 772.79
100 scores: min 752.50 	1.00/2.00/3/1.00/1 	max 1263.25 mean 765.21
100 scores: min 752.50 	1.00/2.00/3/1.00/1 	max 1255.75 mean 767.64
100 scores: min 752.50 	1.00/2.00/3/1.00/1 	max 1266.25 mean 765.39
100 scores: min 752.50 	1.00/2.00/3/1.00/1 	max 1267.00 mean 773.56
100 scores: min 752.50 	1.00/2.00/3/1.00/1 	max 1255.25 mean 770.83
100 scores: min 752.50 	1.00/2.00/3/1.00/1 	max 1258.00 mean 760.19
100 scores: min 752.50 	1.00/2.00/3/1.00/1 	max 1268.00 mean 765.45
100 scores: min 752.50 	1.00/2.00/3/1.00/1 	max 1255.75 mean 765.51
100 scores: min 752.50 	1.00/2.00/3/1.00/1 	max 1254.75 mean 770.86
100 scores: min 752.50 	1.00/2.00/3/1.00/1 	max 1257.50 mean 773.80
100 scores: min 752.50 	1.00/2.00/3/1.00/1 	max 1254.25 mean 764.73
100 scores: min 752.50 	1.00/2.00/3/1.00/1 	max 1258.00 mean 763.59
100 scores: min 752.50 	1.00/2.00/3/1.00/1 	max 1255.25 mean 768.12
100 scores: min 752.50 	1.00/2.00/3/1.00/1 	max 1258.00 mean 770.66
100 scores: min 752.50 	1.00/2.00/3/1.00/1 	max 1269.00 mean 773.52
100 scores: min 752.50 	1.00/2.00/3/1.00/1 	max 1254.75 mean 765.29
100 scores: min 752.50 	1.00/2.00/3/1.00/1 	max 1253.75 mean 760.80
100 scores: min 752.50 	1.00/2.00/3/1.00/1 	max 1253.75 mean 762.94
100 scores: min 752.50 	1.00/2.00/3/1.00/1 	max 1253.50 mean 760.44
100 scores: min 752.50 	1.00/2.00/3/1.00/1 	max 1268.75 mean 770.87
100 scores: min 752.50 	1.00/2.00/3/1.00/1 	max 1255.25 mean 783.64
100 scores: min 752.50 	1.00/2.00/3/1.00/1 	max 1272.50 mean 771.21
100 scores: min 752.50 	1.00/2.00/3/1.00/1 	max 1263.25 mean 788.31
100 scores: min 752.50 	1.00/2.00/3/1.00/1 	max 1254.75 mean 767.57
100 scores: min 752.50 	1.00/2.00/3/1.00/1 	max 1254.75 mean 765.26
100 scores: min 752.50 	1.00/2.00/3/1.00/1 	max 1259.50 mean 778.63
100 scores: min 752.50 	1.00/2.00/3/1.00/1 	max 1258.00 mean 765.69
100 scores: min 752.50 	1.00/2.00/3/1.00/1 	max 1259.75 mean 796.49
100 scores: min 752.50 	1.00/2.00/3/1.00/1 	max 1267.00 mean 785.96
100 scores: min 752.50 	1.00/2.00/3/1.00/1 	max 1258.00 mean 781.08
100 scores: min 752.50 	1.00/2.00/3/1.00/1 	max 1004.75 mean 760.84
100 scores: min 752.50 	1.00/2.00/3/1.00/1 	max 1265.50 mean 766.82
100 scores: min 752.50 	1.00/2.00/3/1.00/1 	max 1263.75 mean 766.98
100 scores: min 752.50 	1.00/2.00/3/1.00/1 	max 1013.50 mean 760.91
100 scores: min 752.50 	1.00/2.00/3/1.00/1 	max 1265.25 mean 777.62
100 scores: min 752.50 	1.00/2.00/3/1.00/1 	max 1257.50 mean 789.57
100 scores: min 752.50 	1.00/2.00/3/1.00/1 	max 1267.25 mean 783.25
100 scores: min 752.50 	1.00/2.00/3/1.00/1 	max 1264.50 mean 771.04
100 scores: min 752.50 	1.00/2.00/3/1.00/1 	max 1254.75 mean 765.70
100 scores: min 752.50 	1.00/2.00/3/1.00/1 	max 1255.50 mean 766.08
100 scores: min 752.50 	1.00/2.00/3/1.00/1 	max 1265.75 mean 773.51
100 scores: min 752.50 	1.00/2.00/3/1.00/1 	max 1267.00 mean 783.97
100 scores: min 752.50 	1.00/2.00/3/1.00/1 	max 1266.50 mean 773.75
100 scores: min 752.50 	1.00/2.00/3/1.00/1 	max 1263.75 mean 775.44
100 scores: min 752.50 	1.00/2.00/3/1.00/1 	max 1263.75 mean 763.14
100 scores: min 752.50 	1.00/2.00/3/1.00/1 	max 1270.50 mean 773.55
100 scores: min 752.50 	1.00/2.00/3/1.00/1 	max 1258.00 mean 775.65
100 scores: min 752.50 	1.00/2.00/3/1.00/1 	max 1270.50 mean 760.52
100 scores: min 752.50 	1.00/2.00/3/1.00/1 	max 1255.25 mean 765.49
100 scores: min 752.50 	1.00/2.00/3/1.00/1 	max 1255.25 mean 763.85
100 scores: min 752.50 	1.00/2.00/3/1.00/1 	max 1269.25 mean 770.32
100 scores: min 752.50 	1.00/2.00/3/1.00/1 	max 1268.50 mean 776.59
100 scores: min 752.50 	1.00/2.00/3/1.00/1 	max 1272.25 mean 765.44
100 scores: min 752.50 	1.00/2.00/3/1.00/1 	max 1265.75 mean 764.38
100 scores: min 752.50 	1.00/2.00/3/1.00/1 	max 1255.00 mean 768.46
100 scores: min 752.50 	1.00/2.00/3/1.00/1 	max 1264.75 mean 774.13
100 scores: min 752.50 	1.00/2.00/3/1.00/1 	max 1258.00 mean 767.68
100 scores: min 752.50 	1.00/2.00/3/1.00/1 	max 1263.25 mean 761.98
100 scores: min 752.50 	1.00/2.00/3/1.00/1 	max 1004.00 mean 760.11
100 scores: min 752.50 	1.00/2.00/3/1.00/1 	max 1255.50 mean 777.89
100 scores: min 752.50 	1.00/2.00/3/1.00/1 	max 1253.75 mean 763.03
100 scores: min 752.50 	1.00/2.00/3/1.00/1 	max 1254.75 mean 772.98
100 scores: min 752.50 	1.00/2.00/3/1.00/1 	max 1266.25 mean 773.46
100 scores: min 752.50 	1.00/2.00/3/1.00/1 	max 1268.00 mean 775.19
100 scores: min 752.50 	1.00/2.00/3/1.00/1 	max 1265.75 mean 771.10
100 scores: min 752.50 	1.00/2.00/3/1.00/1 	max 1262.00 mean 773.32
100 scores: min 752.50 	1.00/2.00/3/1.00/1 	max 1254.25 mean 762.58
100 scores: min 752.50 	1.00/2.00/3/1.00/1 	max 1269.75 mean 783.15
100 scores: min 752.50 	1.00/2.00/3/1.00/1 	max 1266.25 mean 781.37
100 scores: min 752.50 	1.00/2.00/3/1.00/1 	max 1254.75 mean 775.52
100 scores: min 752.50 	1.00/2.00/3/1.00/1 	max 1264.25 mean 778.01
100 scores: min 752.50 	1.00/2.00/3/1.00/1 	max 1254.75 mean 771.07
100 scores: min 752.50 	1.00/2.00/3/1.00/1 	max 1253.75 mean 765.55
100 scores: min 752.50 	1.00/2.00/3/1.00/1 	max 1255.75 mean 773.25
100 scores: min 752.50 	1.00/2.00/3/1.00/1 	max 1254.25 mean 771.38
100 scores: min 752.50 	1.00/2.00/3/1.00/1 	max 1254.00 mean 760.73
100 scores: min 752.50 	1.00/2.00/3/1.00/1 	max 1267.75 mean 770.68
100 scores: min 752.50 	1.00/2.00/3/1.00/1 	max 1253.50 mean 768.09
100 scores: min 752.50 	1.00/2.00/3/1.00/1 	max 1264.75 mean 775.89
100 scores: min 752.50 	1.00/2.00/3/1.00/1 	max 1253.50 mean 767.71
100 scores: min 752.50 	1.00/2.00/3/1.00/1 	max 1269.25 mean 807.55
100 scores: min 752.50 	1.00/2.00/3/1.00/1 	max 1272.50 mean 784.39
100 scores: min 752.50 	1.00/2.00/3/1.00/1 	max 1254.75 mean 770.48
100 scores: min 752.50 	1.00/2.00/3/1.00/1 	max 1253.75 mean 763.14
100 scores: min 752.50 	1.00/2.00/3/1.00/1 	max 1265.50 mean 768.35
100 scores: min 752.50 	1.00/2.00/3/1.00/1 	max 1268.50 mean 771.46
100 scores: min 752.50 	1.00/2.00/3/1.00/1 	max 1013.75 mean 757.45
100 scores: min 752.50 	1.00/2.00/3/1.00/1 	max 1266.25 mean 765.70
100 scores: min 752.50 	1.00/2.00/3/1.00/1 	max 1262.25 mean 770.85
100 scores: min 752.50 	1.00/2.00/3/1.00/1 	max 1267.50 mean 777.91
100 scores: min 752.50 	1.00/2.00/3/1.00/1 	max 1254.75 mean 770.22
100 scores: min 752.50 	1.00/2.00/3/1.00/1 	max 1254.75 mean 770.34
100 scores: min 752.50 	1.00/2.00/3/1.00/1 	max 1260.25 mean 772.86
100 scores: min 752.50 	1.00/2.00/3/1.00/1 	max 1004.75 mean 758.30
100 scores: min 752.50 	1.00/2.00/3/1.00/1 	max 1018.50 mean 758.58
100 scores: min 752.50 	1.00/2.00/3/1.00/1 	max 1268.00 mean 769.80
100 scores: min 752.50 	1.00/2.00/3/1.00/1 	max 1264.00 mean 773.78
100 scores: min 752.50 	1.00/2.00/3/1.00/1 	max 1255.25 mean 770.62
100 scores: min 752.50 	1.00/2.00/3/1.00/1 	max 1259.50 mean 776.49
100 scores: min 752.50 	1.00/2.00/3/1.00/1 	max 1254.75 mean 765.64
100 scores: min 752.50 	1.00/2.00/3/1.00/1 	max 1254.75 mean 769.83
100 scores: min 752.50 	1.00/2.00/3/1.00/1 	max 1005.00 mean 757.85
100 scores: min 752.50 	1.00/2.00/3/1.00/1 	max 1258.00 mean 778.19
100 scores: min 752.50 	1.00/2.00/3/1.00/1 	max 1254.75 mean 776.15
100 scores: min 752.50 	1.00/2.00/3/1.00/1 	max 1255.25 mean 768.39
100 scores: min 752.50 	1.00/2.00/3/1.00/1 	max 1272.25 mean 766.50
100 scores: min 752.50 	1.00/2.00/3/1.00/1 	max 1264.00 mean 773.99
100 scores: min 752.50 	1.00/2.00/3/1.00/1 	max 1254.75 mean 772.78
100 scores: min 752.50 	1.00/2.00/3/1.00/1 	max 1274.99 mean 771.48
100 scores: min 752.50 	1.00/2.00/3/1.00/1 	max 1263.00 mean 762.83
100 scores: min 752.50 	1.00/2.00/3/1.00/1 	max 771.75 mean 755.46
100 scores: min 752.50 	1.00/2.00/3/1.00/1 	max 771.50 mean 755.34
100 scores: min 752.50 	1.00/2.00/3/1.00/1 	max 1254.00 mean 762.82
100 scores: min 752.50 	1.00/2.00/3/1.00/1 	max 1257.00 mean 765.87
100 scores: min 752.50 	1.00/2.00/3/1.00/1 	max 1260.00 mean 775.93
100 scores: min 752.50 	1.00/2.00/3/1.00/1 	max 1263.25 mean 765.31
100 scores: min 752.50 	1.00/2.00/3/1.00/1 	max 1265.75 mean 769.35
100 scores: min 752.50 	1.00/2.00/3/1.00/1 	max 1254.75 mean 763.69
100 scores: min 752.50 	1.00/2.00/3/1.00/1 	max 1258.00 mean 761.55
100 scores: min 752.50 	1.00/2.00/3/1.00/1 	max 1258.00 mean 785.87
100 scores: min 752.50 	1.00/2.00/3/1.00/1 	max 1265.00 mean 788.41
100 scores: min 752.50 	1.00/2.00/3/1.00/1 	max 1265.25 mean 773.59
100 scores: min 752.50 	1.00/2.00/3/1.00/1 	max 1270.25 mean 772.55
100 scores: min 752.50 	1.00/2.00/3/1.00/1 	max 1266.75 mean 772.73
100 scores: min 752.50 	1.00/2.00/3/1.00/1 	max 1254.75 mean 780.00
100 scores: min 752.50 	1.00/2.00/3/1.00/1 	max 1261.75 mean 773.51
100 scores: min 752.50 	1.00/2.00/3/1.00/1 	max 1267.75 mean 787.79
100 scores: min 752.50 	1.00/2.00/3/1.00/1 	max 1269.75 mean 778.07
100 scores: min 752.50 	1.00/2.00/3/1.00/1 	max 1267.75 mean 773.39
100 scores: min 752.50 	1.00/2.00/3/1.00/1 	max 1254.25 mean 770.57
100 scores: min 752.50 	1.00/2.00/3/1.00/1 	max 1255.25 mean 763.23
100 scores: min 752.50 	1.00/2.00/3/1.00/1 	max 1264.75 mean 773.41
100 scores: min 752.50 	1.00/2.00/3/1.00/1 	max 1257.50 mean 761.37
100 scores: min 752.50 	1.00/2.00/3/1.00/1 	max 1254.75 mean 767.70
100 scores: min 752.50 	1.00/2.00/3/1.00/1 	max 1265.50 mean 782.87
100 scores: min 752.50 	1.00/2.00/3/1.00/1 	max 1256.25 mean 775.20
100 scores: min 752.50 	1.00/2.00/3/1.00/1 	max 1265.25 mean 781.09
100 scores: min 752.50 	1.00/2.00/3/1.00/1 	max 1258.00 mean 778.66
100 scores: min 752.50 	1.00/2.00/3/1.00/1 	max 1255.50 mean 777.87
100 scores: min 752.50 	1.00/2.00/3/1.00/1 	max 1270.25 mean 766.18
100 scores: min 752.50 	1.00/2.00/3/1.00/1 	max 1255.25 mean 792.62
100 scores: min 752.50 	1.00/2.00/3/1.00/1 	max 1253.75 mean 770.48
100 scores: min 752.50 	1.00/2.00/3/1.00/1 	max 1258.00 mean 765.46
100 scores: min 752.50 	1.00/2.00/3/1.00/1 	max 1267.00 mean 771.11
100 scores: min 752.50 	1.00/2.00/3/1.00/1 	max 1264.25 mean 769.71
100 scores: min 752.50 	1.00/2.00/3/1.00/1 	max 1275.75 mean 778.62
100 scores: min 752.50 	1.00/2.00/3/1.00/1 	max 1261.75 mean 771.31
100 scores: min 752.50 	1.00/2.00/3/1.00/1 	max 1254.75 mean 764.31
100 scores: min 752.50 	1.00/2.00/3/1.00/1 	max 1267.00 mean 767.93
100 scores: min 752.50 	1.00/2.00/3/1.00/1 	max 1254.75 mean 764.41
100 scores: min 752.50 	1.00/2.00/3/1.00/1 	max 1263.50 mean 781.05
100 scores: min 752.50 	1.00/2.00/3/1.00/1 	max 1263.75 mean 780.63
100 scores: min 752.50 	1.00/2.00/3/1.00/1 	max 1254.25 mean 760.63
100 scores: min 752.50 	1.00/2.00/3/1.00/1 	max 1266.50 mean 767.75
100 scores: min 752.50 	1.00/2.00/3/1.00/1 	max 1265.50 mean 773.20
100 scores: min 752.50 	1.00/2.00/3/1.00/1 	max 1268.25 mean 775.47
100 scores: min 752.50 	1.00/2.00/3/1.00/1 	max 1262.25 mean 791.78
100 scores: min 752.50 	1.00/2.00/3/1.00/1 	max 1268.00 mean 763.89
100 scores: min 752.50 	1.00/2.00/3/1.00/1 	max 1267.00 mean 781.00
100 scores: min 752.50 	1.00/2.00/3/1.00/1 	max 1255.25 mean 766.73
100 scores: min 752.50 	1.00/2.00/3/1.00/1 	max 1271.00 mean 787.89
100 scores: min 752.50 	1.00/2.00/3/1.00/1 	max 1274.75 mean 776.19
100 scores: min 752.50 	1.00/2.00/3/1.00/1 	max 1268.00 mean 775.66
100 scores: min 752.50 	1.00/2.00/3/1.00/1 	max 1253.75 mean 767.66
100 scores: min 752.50 	1.00/2.00/3/1.00/1 	max 1255.50 mean 765.27
100 scores: min 752.50 	1.00/2.00/3/1.00/1 	max 1266.25 mean 783.92
100 scores: min 752.50 	1.00/2.00/3/1.00/1 	max 1254.25 mean 770.49
100 scores: min 752.50 	1.00/2.00/3/1.00/1 	max 1254.75 mean 766.16
100 scores: min 752.50 	1.00/2.00/3/1.00/1 	max 1255.25 mean 772.14
100 scores: min 752.50 	1.00/2.00/3/1.00/1 	max 1255.25 mean 770.98
100 scores: min 752.50 	1.00/2.00/3/1.00/1 	max 1256.25 mean 771.29
100 scores: min 752.50 	1.00/2.00/3/1.00/1 	max 1254.75 mean 773.56
100 scores: min 752.50 	1.00/2.00/3/1.00/1 	max 1254.75 mean 765.59
100 scores: min 752.50 	1.00/2.00/3/1.00/1 	max 1255.00 mean 770.71
100 scores: min 752.50 	1.00/2.00/3/1.00/1 	max 1012.25 mean 758.92
100 scores: min 752.50 	1.00/2.00/3/1.00/1 	max 1021.00 mean 760.68
All static routes:
	609:1:16	556:1:16	585:1:16	638:1:16	799:1:16	713:3:1	713:3:1	713:3:1	846:1:1	892:1:1
All dynamic routes:
	771:1:65536	744:1:65536	980:1:65536	936:1:65536	686:1:1
Best score is 752.50
Used 1 VCs for endpoint coloring.
	Used 1 VCs.
[[32mproute[0m] 	Used 1 VCs.
[[32mproute[0m] DynHopsVec:262144, DynHopsScal:3, StatHopsVec:0, StatHopsScal:186
[pir] Finished 66-PlastisimPlacementCodegen to [36mfinal.place[0m in 93269.091429ms
[pir] Running 67-PlastisimDotCodegen ...[pir] Finished 67-PlastisimDotCodegen to [36mpsim.dot[0m in 277.775104ms
[pir] Running 68-PlastisimConfigCodegen ...[[33mcommand[0m] ln -f /home/yaqiz/plastisim/configs/mesh_generic.cfg /home/yaqiz/plastisim/configs/finals/DotProduct__N_1048576_ts_65536_op_1_psim_D_v0_s4_rq4/
[[33mpsim[0m] /home/yaqiz/plastisim/plastisim -f /home/yaqiz/plastisim/configs/finals/DotProduct__N_1048576_ts_65536_op_1_psim_D_v0_s4_rq4/config.psim -p /home/yaqiz/plastisim/configs/finals/DotProduct__N_1048576_ts_65536_op_1_psim_D_v0_s4_rq4/final.place -c 100000000 -l B -w 512 -q1
[[33mpsim[0m] log in /home/yaqiz/pir/out/DotProduct__N_1048576_ts_65536_op_1_psim_D_v0_s4_rq4/psim.log
Set non-priority VC slowdown to 1
Changing to config directory: /home/yaqiz/plastisim/configs/finals/DotProduct__N_1048576_ts_65536_op_1_psim_D_v0_s4_rq4
Constructing NetworkLink.
Constructing NetworkLink.
Constructing NetworkLink.
Constructing NetworkLink.
Constructing NetworkLink.
Constructing NetworkLink.
Constructing NetworkLink.
Constructing NetworkLink.
Constructing NetworkLink.
Constructing NetworkLink.
Constructing NetworkLink.
Constructing NetworkLink.
Constructing NetworkLink.
Added all names to the symbol table.
Adding static hop for route 609 (352->135, lat 3).
Adding static hop for route 556 (349->73, lat 2).
Adding static hop for route 585 (349->73, lat 2).
Adding static hop for route 638 (352->135, lat 3).
Adding static hop for route 799 (344->345, lat 1).
Adding static hop for route 713 (259->345, lat 3).
Adding static hop for route 713 (259->349, lat 2).
Adding static hop for route 713 (259->352, lat 3).
Adding static hop for route 846 (259->349, lat 2).
Adding static hop for route 892 (259->352, lat 3).
Printing hop routes
0	556: X, vc0
	585: X, vc1
	936: E, vc0
1	744: S, vc0
	936: X, vc0
2	686: E, vc0
	713: X, vc0
	846: X, vc1
3	686: E, vc0
4	686: X, vc0
17	744: X, vc1
	771: X, vc0
18	686: N, vc0
	713: X, vc1
	799: X, vc0
32	609: X, vc0
	638: X, vc1
	980: E, vc0
33	771: N, vc0
	980: X, vc0
35	713: X, vc0
	892: X, vc1
Parsed placement file.
Set ejection VC at addr 2 to 0
Set ejection VC at addr 35 to 0
Set ejection VC at addr 18 to 1
Link specified in placement file.
Changing link to static with placed latencies.
Set lat 2 from 0 to 0
Set lat 3 from 0 to 1
Set lat 3 from 0 to 2
Set ejection VC at addr 35 to 1
Link specified in placement file.
Changing link to static with placed latencies.
Set lat 3 from 0 to 0
Set ejection VC at addr 2 to 1
Link specified in placement file.
Changing link to static with placed latencies.
Set lat 2 from 0 to 0
Setting quality factor slowdown of 1 for 744
Set bits per phit to 512
Set ejection VC at addr 17 to 1
Link specified in placement file.
Updating dynamic link exit VCs.
1 hops for route 744
1 hops for route 744
Set exit class for pos 0 to 1 (rt 744)
Setting quality factor slowdown of 1 for 980
Set bits per phit to 512
Set ejection VC at addr 33 to 0
Link specified in placement file.
Updating dynamic link exit VCs.
1 hops for route 980
1 hops for route 980
Set exit class for pos 0 to 0 (rt 980)
Setting quality factor slowdown of 1 for 936
Set bits per phit to 512
Set ejection VC at addr 1 to 0
Link specified in placement file.
Updating dynamic link exit VCs.
1 hops for route 936
1 hops for route 936
Set exit class for pos 0 to 0 (rt 936)
Setting quality factor slowdown of 1 for 771
Set bits per phit to 512
Set ejection VC at addr 17 to 0
Link specified in placement file.
Updating dynamic link exit VCs.
1 hops for route 771
Set exit class for pos 0 to 0 (rt 771)
1 hops for route 771
Set ejection VC at addr 32 to 0
Link specified in placement file.
Changing link to static with placed latencies.
Set lat 3 from 0 to 0
Set ejection VC at addr 0 to 0
Link specified in placement file.
Changing link to static with placed latencies.
Set lat 2 from 0 to 0
Set ejection VC at addr 32 to 1
Link specified in placement file.
Changing link to static with placed latencies.
Set lat 3 from 0 to 0
Set ejection VC at addr 0 to 1
Link specified in placement file.
Changing link to static with placed latencies.
Set lat 2 from 0 to 0
Set lat 1 from 0 to 0
Set lat 1 from 0 to 0
Set ejection VC at addr 18 to 0
Link specified in placement file.
Changing link to static with placed latencies.
Set lat 1 from 0 to 0
Setting quality factor slowdown of 1 for 686
Set bits per phit to 512
Set ejection VC at addr 4 to 0
Link specified in placement file.
Updating dynamic link exit VCs.
1 hops for route 686
1 hops for route 686
1 hops for route 686
Set exit class for pos 0 to 0 (rt 686)
1 hops for route 686
Number of network classes: 2
Child process has pid -24810
Sleeping for other message queue.
Sleeping for other message queue.
Sleeping for other message queue.
Sleeping for other message queue.
Sleeping for other message queue.
Sleeping for other message queue.
Sleeping for other message queue.
Sleeping for other message queue.
Error setting saddr = 4
Error setting daddr = 2
Error setting daddr = 35
Error setting daddr = 18
Error setting class = 0
Error setting class = 0
Error setting class = 1
Error setting lat = 2
Error setting lat = 3
Error setting lat = 3
Error setting saddr = 4
Error setting daddr = 35
Error setting class = 1
Error setting lat = 3
Error setting saddr = 4
Error setting daddr = 2
Error setting class = 1
Error setting lat = 2
Error setting qdiv = 512
Error setting sendvc = 0
Error setting saddr = 1
Error setting daddr = 17
Error setting class = 1
Error setting class = 1
Error setting qdiv = 512
Error setting sendvc = 0
Error setting saddr = 32
Error setting daddr = 33
Error setting class = 0
Error setting class = 0
Error setting qdiv = 512
Error setting sendvc = 0
Error setting saddr = 0
Error setting daddr = 1
Error setting class = 0
Error setting class = 0
Error setting qdiv = 512
Error setting sendvc = 0
Error setting saddr = 33
Error setting daddr = 17
Error setting class = 0
Error setting class = 0
Error setting saddr = 35
Error setting daddr = 32
Error setting class = 0
Error setting lat = 3
Error setting saddr = 2
Error setting daddr = 0
Error setting class = 0
Error setting lat = 2
Error setting saddr = 35
Error setting daddr = 32
Error setting class = 1
Error setting lat = 3
Error setting saddr = 2
Error setting daddr = 0
Error setting class = 1
Error setting lat = 2
Error setting saddr = 17
Error setting daddr = 18
Error setting class = 0
Error setting lat = 1
Error setting qdiv = 512
Error setting sendvc = 0
Error setting saddr = 18
Error setting daddr = 4
Error setting class = 0
Error setting class = 0
== Loading device model file '/home/yaqiz/plastisim/configs/DDR3_micron_64M_8B_x4_sg15.ini' == 
== Loading system model file '/home/yaqiz/plastisim/configs/system.ini' == 
===== MemorySystem 0 =====
CH. 0 TOTAL_STORAGE : 4096MB | 1 Ranks | 16 Devices per rank
===== MemorySystem 1 =====
CH. 1 TOTAL_STORAGE : 4096MB | 1 Ranks | 16 Devices per rank
===== MemorySystem 2 =====
CH. 2 TOTAL_STORAGE : 4096MB | 1 Ranks | 16 Devices per rank
===== MemorySystem 3 =====
CH. 3 TOTAL_STORAGE : 4096MB | 1 Ranks | 16 Devices per rank
Set non-priority VC slowdown to 1
Changing to config directory: /home/yaqiz/plastisim/configs/finals/DotProduct__N_1048576_ts_65536_op_1_psim_D_v0_s4_rq4
Constructing NetworkLink.
Constructing NetworkLink.
Constructing NetworkLink.
Constructing NetworkLink.
DRAMSim2 Clock Frequency =800000000Hz, CPU Clock Frequency=1000000000Hz
Constructing NetworkLink.
Constructing NetworkLink.
Constructing NetworkLink.
Constructing NetworkLink.
Constructing NetworkLink.
Constructing NetworkLink.
Constructing NetworkLink.
Constructing NetworkLink.
Constructing NetworkLink.
Added all names to the symbol table.
Adding static hop for route 609 (352->135, lat 3).
Adding static hop for route 556 (349->73, lat 2).
Adding static hop for route 585 (349->73, lat 2).
Adding static hop for route 638 (352->135, lat 3).
Adding static hop for route 799 (344->345, lat 1).
Adding static hop for route 713 (259->345, lat 3).
Adding static hop for route 713 (259->349, lat 2).
Adding static hop for route 713 (259->352, lat 3).
Adding static hop for route 846 (259->349, lat 2).
Adding static hop for route 892 (259->352, lat 3).
Printing hop routes
0	556: X, vc0
	585: X, vc1
	936: E, vc0
1	744: S, vc0
	936: X, vc0
2	686: E, vc0
	713: X, vc0
	846: X, vc1
3	686: E, vc0
4	686: X, vc0
17	744: X, vc1
	771: X, vc0
18	686: N, vc0
	713: X, vc1
	799: X, vc0
32	609: X, vc0
	638: X, vc1
	980: E, vc0
33	771: N, vc0
	980: X, vc0
35	713: X, vc0
	892: X, vc1
Parsed placement file.
Set ejection VC at addr 2 to 0
Set ejection VC at addr 35 to 0
Set ejection VC at addr 18 to 1
Link specified in placement file.
Changing link to static with placed latencies.
Set lat 2 from 0 to 0
Set lat 3 from 0 to 1
Set lat 3 from 0 to 2
Set ejection VC at addr 35 to 1
Link specified in placement file.
Changing link to static with placed latencies.
Set lat 3 from 0 to 0
Set ejection VC at addr 2 to 1
Link specified in placement file.
Changing link to static with placed latencies.
Set lat 2 from 0 to 0
Setting quality factor slowdown of 1 for 744
Set bits per phit to 512
Set ejection VC at addr 17 to 1
Link specified in placement file.
Updating dynamic link exit VCs.
1 hops for route 744
1 hops for route 744
Set exit class for pos 0 to 1 (rt 744)
Setting quality factor slowdown of 1 for 980
Set bits per phit to 512
Set ejection VC at addr 33 to 0
Link specified in placement file.
Updating dynamic link exit VCs.
1 hops for route 980
1 hops for route 980
Set exit class for pos 0 to 0 (rt 980)
Setting quality factor slowdown of 1 for 936
Set bits per phit to 512
Set ejection VC at addr 1 to 0
Link specified in placement file.
Updating dynamic link exit VCs.
1 hops for route 936
1 hops for route 936
Set exit class for pos 0 to 0 (rt 936)
Setting quality factor slowdown of 1 for 771
Set bits per phit to 512
Set ejection VC at addr 17 to 0
Link specified in placement file.
Updating dynamic link exit VCs.
1 hops for route 771
Set exit class for pos 0 to 0 (rt 771)
1 hops for route 771
Set ejection VC at addr 32 to 0
Link specified in placement file.
Changing link to static with placed latencies.
Set lat 3 from 0 to 0
Set ejection VC at addr 0 to 0
Link specified in placement file.
Changing link to static with placed latencies.
Set lat 2 from 0 to 0
Set ejection VC at addr 32 to 1
Link specified in placement file.
Changing link to static with placed latencies.
Set lat 3 from 0 to 0
Set ejection VC at addr 0 to 1
Link specified in placement file.
Changing link to static with placed latencies.
Set lat 2 from 0 to 0
Set lat 1 from 0 to 0
Set lat 1 from 0 to 0
Set ejection VC at addr 18 to 0
Link specified in placement file.
Changing link to static with placed latencies.
Set lat 1 from 0 to 0
Setting quality factor slowdown of 1 for 686
Set bits per phit to 512
Set ejection VC at addr 4 to 0
Link specified in placement file.
Updating dynamic link exit VCs.
1 hops for route 686
1 hops for route 686
1 hops for route 686
Set exit class for pos 0 to 0 (rt 686)
1 hops for route 686
Number of network classes: 2
I'm the child process!
GPGPU-Sim uArch: interconnect node map (shaderID+MemID to icntID)
GPGPU-Sim uArch: Memory nodes ID start from index: 256
GPGPU-Sim uArch:    0   1   2   3   4   5   6   7   8   9  10  11  12  13  14  15
GPGPU-Sim uArch:   16  17  18  19  20  21  22  23  24  25  26  27  28  29  30  31
GPGPU-Sim uArch:   32  33  34  35  36  37  38  39  40  41  42  43  44  45  46  47
GPGPU-Sim uArch:   48  49  50  51  52  53  54  55  56  57  58  59  60  61  62  63
GPGPU-Sim uArch:   64  65  66  67  68  69  70  71  72  73  74  75  76  77  78  79
GPGPU-Sim uArch:   80  81  82  83  84  85  86  87  88  89  90  91  92  93  94  95
GPGPU-Sim uArch:   96  97  98  99 100 101 102 103 104 105 106 107 108 109 110 111
GPGPU-Sim uArch:  112 113 114 115 116 117 118 119 120 121 122 123 124 125 126 127
GPGPU-Sim uArch:  128 129 130 131 132 133 134 135 136 137 138 139 140 141 142 143
GPGPU-Sim uArch:  144 145 146 147 148 149 150 151 152 153 154 155 156 157 158 159
GPGPU-Sim uArch:  160 161 162 163 164 165 166 167 168 169 170 171 172 173 174 175
GPGPU-Sim uArch:  176 177 178 179 180 181 182 183 184 185 186 187 188 189 190 191
GPGPU-Sim uArch:  192 193 194 195 196 197 198 199 200 201 202 203 204 205 206 207
GPGPU-Sim uArch:  208 209 210 211 212 213 214 215 216 217 218 219 220 221 222 223
GPGPU-Sim uArch:  224 225 226 227 228 229 230 231 232 233 234 235 236 237 238 239
GPGPU-Sim uArch:  240 241 242 243 244 245 246 247 248 249 250 251 252 253 254 255
GPGPU-Sim uArch: interconnect node reverse map (icntID to shaderID+MemID)
GPGPU-Sim uArch: Memory nodes start from ID: 256
GPGPU-Sim uArch:    0   1   2   3   4   5   6   7   8   9  10  11  12  13  14  15
GPGPU-Sim uArch:   16  17  18  19  20  21  22  23  24  25  26  27  28  29  30  31
GPGPU-Sim uArch:   32  33  34  35  36  37  38  39  40  41  42  43  44  45  46  47
GPGPU-Sim uArch:   48  49  50  51  52  53  54  55  56  57  58  59  60  61  62  63
GPGPU-Sim uArch:   64  65  66  67  68  69  70  71  72  73  74  75  76  77  78  79
GPGPU-Sim uArch:   80  81  82  83  84  85  86  87  88  89  90  91  92  93  94  95
GPGPU-Sim uArch:   96  97  98  99 100 101 102 103 104 105 106 107 108 109 110 111
GPGPU-Sim uArch:  112 113 114 115 116 117 118 119 120 121 122 123 124 125 126 127
GPGPU-Sim uArch:  128 129 130 131 132 133 134 135 136 137 138 139 140 141 142 143
GPGPU-Sim uArch:  144 145 146 147 148 149 150 151 152 153 154 155 156 157 158 159
GPGPU-Sim uArch:  160 161 162 163 164 165 166 167 168 169 170 171 172 173 174 175
GPGPU-Sim uArch:  176 177 178 179 180 181 182 183 184 185 186 187 188 189 190 191
GPGPU-Sim uArch:  192 193 194 195 196 197 198 199 200 201 202 203 204 205 206 207
GPGPU-Sim uArch:  208 209 210 211 212 213 214 215 216 217 218 219 220 221 222 223
GPGPU-Sim uArch:  224 225 226 227 228 229 230 231 232 233 234 235 236 237 238 239
GPGPU-Sim uArch:  240 241 242 243 244 245 246 247 248 249 250 251 252 253 254 255
Parsed definitions of all elements.
Total of 15 links:
  0: ArgIn358_ArgIn380_ArgIn662
    
  1: DramAddress115
    
  2: DramAddress53
    
  3: RetimingFIFO416
    
  4: RetimingFIFO483
    
  5: RetimingFIFO454
    
  6: RetimingFIFO444
    
  7: StreamOut106
    
  8: StreamOut44
    
  9: StreamOut107
    
  10: StreamOut45
    
  11: SRAM33
    
  12: SRAM34
    
  13: Reg166
    
  14: ArgOut12
    
Total of 12 nodes:
  0: CE1028
    [StreamOut45 *4096 /1] [StreamOut44 *4096 /1]  => [RetimingFIFO454] 
  1: CE1148
    [RetimingFIFO454 *1 /1]  => [SRAM33] 
  2: CE1138
    [SRAM33 *4096 /1]  => [RetimingFIFO416] 
  3: CE1042
    [StreamOut107 *4096 /1] [StreamOut106 *4096 /1]  => [RetimingFIFO483] 
  4: CE1168
    [RetimingFIFO483 *1 /1]  => [SRAM34] 
  5: CE1158
    [SRAM34 *4096 /1]  => [RetimingFIFO444] 
  6: CE1076
    [RetimingFIFO416 *1 /1] [RetimingFIFO444 *1 /1]  => [Reg166] 
  7: CE1056
     => [ArgIn358_ArgIn380_ArgIn662] [DramAddress53] [DramAddress115] 
  8: CE1066
    [ArgOut12 *1 /1]  => 
  9: CE1090
    [ArgIn358_ArgIn380_ArgIn662 *16 /1] [Reg166 *1 /1]  => [ArgOut12] 
  10: CE1106
    [ArgIn358_ArgIn380_ArgIn662 *16 /1] [DramAddress53 *16 /1]  => [StreamOut45] [StreamOut44] 
  11: CE1124
    [ArgIn358_ArgIn380_ArgIn662 *16 /1] [DramAddress115 *16 /1]  => [StreamOut107] [StreamOut106] 

10000...
20000...
30000...
40000...
50000...
60000...
70000...
80000...
90000...
100000...
110000...
120000...
130000...
140000...
150000...
160000...
170000...
180000...
190000...
200000...
Simulation complete at cycle: 209348
[[32mpsim[0m] Simulation complete at cycle: 209348
CE1028: Active:  31.3 Stalled:  62.6 Starved:   6.3 Total Active:    65536 Total Output:    65536 Expected Active:    65536 Last Activity: 13158 
	   65536    65536 
	DRAM:  20.04 GB/s ( 20.04 GB/s R,   0.00 GB/s W)
	ROB remaining: 0
CE1148: Active:  31.3 Stalled:   0.0 Starved:  68.7 Total Active:    65536 Total Output:    65536 Expected Active:    65536 Last Activity: 12350 
	   65536 
CE1138: Active:  31.3 Stalled:  62.4 Starved:   6.3 Total Active:    65536 Total Output:    65536 Expected Active:    65536 Last Activity: 91 
	   65536 
CE1042: Active:  31.3 Stalled:  62.6 Starved:   6.3 Total Active:    65536 Total Output:    65536 Expected Active:    65536 Last Activity: 13278 
	   65536    65536 
	DRAM:  20.04 GB/s ( 20.04 GB/s R,   0.00 GB/s W)
	ROB remaining: 0
CE1168: Active:  31.3 Stalled:   0.0 Starved:  68.7 Total Active:    65536 Total Output:    65536 Expected Active:    65536 Last Activity: 12470 
	   65536 
CE1158: Active:  31.3 Stalled:  62.6 Starved:   6.1 Total Active:    65536 Total Output:    65536 Expected Active:    65536 Last Activity: 143 
	   65536 
CE1076: Active:  31.3 Stalled:   0.0 Starved:  68.7 Total Active:    65536 Total Output:    65536 Expected Active:    65536 Last Activity: 39 
	   65536    65536 
CE1056: Active:   0.0 Stalled:   0.0 Starved: 100.0 Total Active:        1 Total Output:        1 Expected Active:        1 Last Activity: 209347 
	
CE1066: Active:   0.0 Stalled:   0.0 Starved: 100.0 Total Active:        1 Total Output:        1 Expected Active:        1 Last Activity: 1 
	       1 
CE1090: Active:   0.0 Stalled:   0.0 Starved: 100.0 Total Active:       16 Total Output:       16 Expected Active:       16 Last Activity: 31 
	      16       16 
CE1106: Active:   0.0 Stalled:   0.0 Starved: 100.0 Total Active:       16 Total Output:       16 Expected Active:       16 Last Activity: 209328 
	      16       16 
CE1124: Active:   0.0 Stalled:   0.0 Starved: 100.0 Total Active:       16 Total Output:       16 Expected Active:       16 Last Activity: 209328 
	      16       16 
Total DRAM:	  40.07 GB/s ( 40.07 GB/s R,   0.00 GB/s W)
[[32mpsim[0m] Total DRAM:	  40.07 GB/s ( 40.07 GB/s R,   0.00 GB/s W)
Pending Read: 0	 Pending Write: 0	
Sending shutdown IPC message.
IPC layer sent 209348 msgs recvd 209348 msgs
[pir] Finished 68-PlastisimConfigCodegen to [36mconfig.psim[0m in 54254.257387ms
[pir] Running 69-PlastisimDotCodegen ...[pir] Finished 69-PlastisimDotCodegen to [36mpsim.dot[0m in 184.804509ms
[pir] Saving node prism.Session@44bac713 to /home/yaqiz/pir/out/DotProduct__N_1048576_ts_65536_op_1_psim_D_v0_s4_rq4/DotProduct__N_1048576_ts_65536_op_1.sess
[0m[[32msuccess[0m] [0mTotal time: 197 s, completed Aug 6, 2018 1:31:38 AM[0m
-------------PASS (DONE)------------
