Java HotSpot(TM) 64-Bit Server VM warning: ignoring option MaxPermSize=1g; support was removed in 8.0
Picked up _JAVA_OPTIONS: -Xss8192k
Waiting for lock on /home/yaqiz/.sbt/boot/sbt.boot.lock to be available...
[0m[[0minfo[0m] [0mLoading global plugins from /home/yaqiz/.sbt/0.13/plugins[0m
[0m[[0minfo[0m] [0mLoading project definition from /home/yaqiz/pir/project[0m
[0m[[0minfo[0m] [0mSet current project to default-675fdc (in build file:/home/yaqiz/pir/)[0m
[0m[[0minfo[0m] [0mSet current project to apps (in build file:/home/yaqiz/pir/)[0m
[0m[[0minfo[0m] [0mRunning DotProduct__N_1048576_ts_65536_op_1 --out=/home/yaqiz/pir/out/DotProduct__N_1048576_ts_65536_op_1_psim_D_v0_s0_rq4 --psim-out=/home/yaqiz/plastisim/configs/finals/DotProduct__N_1048576_ts_65536_op_1_psim_D_v0_s0_rq4 --debug=false --verbose=true --dot=false --load-pir=true --save-pir=true --psim=true --trace=true --ctrl=true --bp=false --stat=true --routing-algo=proute --proute-iter=1000 --run-psim=true --arch=MyDesign --row=16 --col=8 --topo=mesh --argin=64 --tokenout=32 --pcu-stage=4 --vc=4 --net=dynamic --vlink=0 --slink=0 --fifo-depth=4 --vfifo=4 --proute-algo=route_min_directed_valient --link-prop=db --flit-width=512 --proute-q=4[0m
[pir] args=[--load-pir=true, --run-psim=false, --trace=false, --net=static, --stat=false, --vlink=2, --slink=6, --vfifo=4, --row=16, --col=8, --topo=mesh, --routing-algo=dor, --psim-timeout=100000000, --mapping=true, --splitting=true, --save-pir=true, --load-spade=false, --save-spade=false, --splitting-algo=alias_weighted_igraph, --ctrl=true, --bp=false, --snapint=10, --snapshot=false, --dot=true, --psim=false, --arch=MyDesign, --nn=false, --dag=true, --pattern=checkerboard, --argin=20, --argout=4, --tokenout=5, --fifo-depth=10, --vc=10, --routing-cost=H-hop, --out=/home/yaqiz/pir/out/DotProduct__N_1048576_ts_65536_op_1_psim_D_v0_s0_rq4, --psim-out=/home/yaqiz/plastisim/configs/finals/DotProduct__N_1048576_ts_65536_op_1_psim_D_v0_s0_rq4, --debug=false, --verbose=true, --dot=false, --load-pir=true, --save-pir=true, --psim=true, --trace=true, --ctrl=true, --bp=false, --stat=true, --routing-algo=proute, --proute-iter=1000, --run-psim=true, --arch=MyDesign, --row=16, --col=8, --topo=mesh, --argin=64, --tokenout=32, --pcu-stage=4, --vc=4, --net=dynamic, --vlink=0, --slink=0, --fifo-depth=4, --vfifo=4, --proute-algo=route_min_directed_valient, --link-prop=db, --flit-width=512, --proute-q=4]
[pir] Output directory set to [36m/home/yaqiz/pir/out/DotProduct__N_1048576_ts_65536_op_1_psim_D_v0_s0_rq4[0m
[pir] Loading from /home/yaqiz/pir/out/DotProduct__N_1048576_ts_65536_op_1_psim_D_v0_s0_rq4/DotProduct__N_1048576_ts_65536_op_1.pir[pir] Loading PIRDesign() from /home/yaqiz/pir/out/DotProduct__N_1048576_ts_65536_op_1_psim_D_v0_s0_rq4/DotProduct__N_1048576_ts_65536_op_1.pir
[pir] Configuring spade MyDesign ...
[pir] Loading from /home/yaqiz/pir/out/DotProduct__N_1048576_ts_65536_op_1_psim_D_v0_s0_rq4/DotProduct__N_1048576_ts_65536_op_1.sess[pir] Loading prism.Session@7347fe5a from /home/yaqiz/pir/out/DotProduct__N_1048576_ts_65536_op_1_psim_D_v0_s0_rq4/DotProduct__N_1048576_ts_65536_op_1.sess
[pir] Saving node PIRDesign() to /home/yaqiz/pir/out/DotProduct__N_1048576_ts_65536_op_1_psim_D_v0_s0_rq4/DotProduct__N_1048576_ts_65536_op_1.pir
[pir] Running 53-PlastisimDotCodegen ...[pir] Finished 53-PlastisimDotCodegen to [36mpsim.dot[0m in 493.262854ms
[pir] Running 54-ControllerDotCodegen ...[pir] Finished 54-ControllerDotCodegen to [36mcontroller.dot[0m in 57.273648ms
[pir] Running 55-PIRIRDotCodegen ...[pir] Finished 55-PIRIRDotCodegen to [36mtop.dot[0m in 169.953356ms
[pir] Running 56-SimpleIRDotCodegen ...[pir] Finished 56-SimpleIRDotCodegen to [36msimple.dot[0m in 49.276703ms
[pir] Running 58-CUPruning ...[pir] Finished 58-CUPruning in 1399.534431ms
[pir] Running 59-CUPlacer ...[[32msuccess[0m] CUPlacer succeeded
[pir] Finished 59-CUPlacer in 22837.087225ms
[pir] Running 60-CUStatistics ...[pir] =========== Post-splitting CU Statistics ==================
[pir] 
[pir] number of cus=9
[pir] number of pcu = 1
[pir] - cin (0.00,0.00,0.00) sin (0.00,0.00,0.00) vin (2.00,2.00,2.00)
[pir] - cout (0.00,0.00,0.00) sout (1.00,1.00,1.00) vout (0.00,0.00,0.00)
[pir] - stages (6.00,6.00,6.00)
[pir] number of dag = 2
[pir] - cin (0.00,0.00,0.00) sin (2.00,2.00,2.00) vin (0.00,0.00,0.00)
[pir] - cout (0.00,0.00,0.00) sout (2.00,2.00,2.00) vout (0.00,0.00,0.00)
[pir] - stages (2.00,2.00,2.00)
[pir] number of pmu = 2
[pir] - cin (0.00,0.00,0.00) sin (0.00,0.00,0.00) vin (1.00,1.00,1.00)
[pir] - cout (0.00,0.00,0.00) sout (0.00,0.00,0.00) vout (1.00,1.00,1.00)
[pir] - stages (0.00,0.00,0.00)
[pir] number of dfg = 2
[pir] - cin (0.00,0.00,0.00) sin (2.00,2.00,2.00) vin (0.00,0.00,0.00)
[pir] - cout (0.00,0.00,0.00) sout (0.00,0.00,0.00) vout (1.00,1.00,1.00)
[pir] - stages (0.00,0.00,0.00)
[pir] number of scu = 1
[pir] - cin (0.00,0.00,0.00) sin (2.00,2.00,2.00) vin (0.00,0.00,0.00)
[pir] - cout (0.00,0.00,0.00) sout (1.00,1.00,1.00) vout (0.00,0.00,0.00)
[pir] - stages (1.00,1.00,1.00)
[pir] number of afg = 1
[pir] - cin (0.00,0.00,0.00) sin (1.00,1.00,1.00) vin (0.00,0.00,0.00)
[pir] - cout (0.00,0.00,0.00) sout (3.00,3.00,3.00) vout (0.00,0.00,0.00)
[pir] - stages (0.00,0.00,0.00)
[pir] compute CU = 2
[pir] memory CU = 2
[pir] mc CU = 2
[pir] Total = 4
[pir] PCU = 2 / 64 (3.13%)
[pir] PMU-comp = 1 / 63 (1.59%)
[pir] PMU-mem = 2 / 63 (3.17%)
[pir] AG-ag = 0 / 32 (0.00%)
[pir] AG-comp = 0 / 32 (0.00%)
[pir] MC = 2 / 32 (6.25%)
[pir] Finished 60-CUStatistics to [36mstat.json[0m in 957.612382ms
[pir] Running 61-PIRNetworkDotCodegen ...[pir] Finished 61-PIRNetworkDotCodegen to [36mcontrol.dot[0m in 842.951503ms
[pir] Running 62-PIRNetworkDotCodegen ...[pir] Finished 62-PIRNetworkDotCodegen to [36mscalar.dot[0m in 450.503168ms
[pir] Running 63-PIRNetworkDotCodegen ...[pir] Finished 63-PIRNetworkDotCodegen to [36mvector.dot[0m in 572.28159ms
[pir] Running 64-TerminalCSVCodegen ...[pir] Finished 64-TerminalCSVCodegen to [36mnode.csv[0m in 4.954776ms
[pir] Running 65-LinkCSVCodegen ...[pir] Finished 65-LinkCSVCodegen to [36mlink.csv[0m in 84.708575ms
[pir] Running 66-PlastisimPlacementCodegen ...[[33mproute[0m] /home/yaqiz/plastiroute/plastiroute -n /home/yaqiz/plastisim/configs/finals/DotProduct__N_1048576_ts_65536_op_1_psim_D_v0_s0_rq4/node.csv -l /home/yaqiz/plastisim/configs/finals/DotProduct__N_1048576_ts_65536_op_1_psim_D_v0_s0_rq4/link.csv -o /home/yaqiz/plastisim/configs/finals/DotProduct__N_1048576_ts_65536_op_1_psim_D_v0_s0_rq4/final.place -r 16 -c 8 -g /home/yaqiz/plastisim/configs/finals/DotProduct__N_1048576_ts_65536_op_1_psim_D_v0_s0_rq4/proute.dot -v /home/yaqiz/plastisim/configs/finals/DotProduct__N_1048576_ts_65536_op_1_psim_D_v0_s0_rq4/summary.csv -x0 -e 0 -a route_min_directed_valient  -q4  -i1000 -p100 -t1 -d100 -s0
[[33mproute[0m] log in /home/yaqiz/pir/out/DotProduct__N_1048576_ts_65536_op_1_psim_D_v0_s0_rq4/proute.log
Max static: 0vec 0scal
100 scores: min 756.31 	1.00/2.00/7/2.75/2 	max 1755.38 mean 860.08
100 scores: min 753.31 	1.00/2.00/4/1.25/3 	max 1255.25 mean 861.08
100 scores: min 753.31 	1.00/2.00/4/1.25/2 	max 1755.75 mean 819.55
100 scores: min 752.56 	1.00/2.00/3/1.00/2 	max 1266.25 mean 788.76
100 scores: min 752.56 	1.00/2.00/3/1.00/2 	max 1270.75 mean 790.57
100 scores: min 752.56 	1.00/2.00/3/1.00/2 	max 1264.75 mean 796.68
100 scores: min 752.56 	1.00/2.00/3/1.00/2 	max 1517.26 mean 790.82
100 scores: min 752.56 	1.00/2.00/3/1.00/2 	max 1271.25 mean 788.30
100 scores: min 752.56 	1.00/2.00/3/1.00/2 	max 1267.50 mean 777.84
100 scores: min 752.56 	1.00/2.00/3/1.00/2 	max 1023.00 mean 772.94
100 scores: min 752.56 	1.00/2.00/3/1.00/2 	max 1265.75 mean 788.27
100 scores: min 752.56 	1.00/2.00/3/1.00/2 	max 1263.00 mean 780.77
100 scores: min 752.56 	1.00/2.00/3/1.00/2 	max 1269.75 mean 788.57
100 scores: min 752.56 	1.00/2.00/3/1.00/2 	max 1270.75 mean 796.04
100 scores: min 752.56 	1.00/2.00/3/1.00/2 	max 1254.25 mean 786.08
100 scores: min 752.56 	1.00/2.00/3/1.00/2 	max 1021.26 mean 772.99
100 scores: min 752.56 	1.00/2.00/3/1.00/2 	max 1253.50 mean 780.57
100 scores: min 752.56 	1.00/2.00/3/1.00/2 	max 1254.25 mean 788.70
100 scores: min 752.56 	1.00/2.00/3/1.00/2 	max 1269.81 mean 773.59
100 scores: min 752.56 	1.00/2.00/3/1.00/2 	max 1256.00 mean 785.99
100 scores: min 752.56 	1.00/2.00/3/1.00/2 	max 1014.50 mean 770.36
100 scores: min 752.56 	1.00/2.00/3/1.00/2 	max 1254.25 mean 773.33
100 scores: min 752.56 	1.00/2.00/3/1.00/2 	max 1253.50 mean 776.09
100 scores: min 752.56 	1.00/2.00/3/1.00/2 	max 1255.75 mean 794.00
100 scores: min 752.56 	1.00/2.00/3/1.00/2 	max 1007.51 mean 767.91
100 scores: min 752.56 	1.00/2.00/3/1.00/2 	max 1255.25 mean 790.88
100 scores: min 752.56 	1.00/2.00/3/1.00/2 	max 1256.50 mean 785.60
100 scores: min 752.56 	1.00/2.00/3/1.00/2 	max 1269.50 mean 795.26
100 scores: min 752.56 	1.00/2.00/3/1.00/2 	max 1017.76 mean 778.16
100 scores: min 752.56 	1.00/2.00/3/1.00/2 	max 1255.37 mean 786.10
100 scores: min 752.56 	1.00/2.00/3/1.00/2 	max 1255.00 mean 797.92
100 scores: min 752.56 	1.00/2.00/3/1.00/2 	max 1256.25 mean 780.31
100 scores: min 752.56 	1.00/2.00/3/1.00/2 	max 1255.50 mean 776.40
100 scores: min 752.56 	1.00/2.00/3/1.00/2 	max 1262.25 mean 791.25
100 scores: min 752.56 	1.00/2.00/3/1.00/2 	max 1254.00 mean 788.29
100 scores: min 752.56 	1.00/2.00/3/1.00/2 	max 1267.00 mean 816.21
100 scores: min 752.56 	1.00/2.00/3/1.00/2 	max 1755.25 mean 806.27
100 scores: min 752.56 	1.00/2.00/3/1.00/2 	max 1264.25 mean 783.32
100 scores: min 752.56 	1.00/2.00/3/1.00/2 	max 1269.00 mean 791.17
100 scores: min 752.56 	1.00/2.00/3/1.00/2 	max 1012.25 mean 768.25
100 scores: min 752.56 	1.00/2.00/3/1.00/2 	max 1272.50 mean 796.56
100 scores: min 752.56 	1.00/2.00/3/1.00/2 	max 1265.25 mean 790.87
100 scores: min 752.56 	1.00/2.00/3/1.00/2 	max 1269.00 mean 786.08
100 scores: min 752.56 	1.00/2.00/3/1.00/2 	max 1254.75 mean 787.98
100 scores: min 752.56 	1.00/2.00/3/1.00/2 	max 1272.50 mean 775.36
100 scores: min 752.56 	1.00/2.00/3/1.00/2 	max 1265.00 mean 804.55
100 scores: min 752.56 	1.00/2.00/3/1.00/2 	max 1271.06 mean 791.50
100 scores: min 752.56 	1.00/2.00/3/1.00/2 	max 1268.00 mean 805.78
100 scores: min 752.56 	1.00/2.00/3/1.00/2 	max 1264.25 mean 783.41
100 scores: min 752.56 	1.00/2.00/3/1.00/2 	max 1254.25 mean 781.30
100 scores: min 752.56 	1.00/2.00/3/1.00/2 	max 1265.75 mean 784.99
100 scores: min 752.56 	1.00/2.00/3/1.00/2 	max 1267.75 mean 773.34
100 scores: min 752.56 	1.00/2.00/3/1.00/2 	max 1269.25 mean 796.21
100 scores: min 752.56 	1.00/2.00/3/1.00/2 	max 1266.01 mean 785.38
100 scores: min 752.56 	1.00/2.00/3/1.00/2 	max 1265.00 mean 788.35
100 scores: min 752.56 	1.00/2.00/3/1.00/2 	max 1258.00 mean 798.16
100 scores: min 752.56 	1.00/2.00/3/1.00/2 	max 1254.25 mean 772.97
100 scores: min 752.56 	1.00/2.00/3/1.00/2 	max 1270.75 mean 815.36
100 scores: min 752.56 	1.00/2.00/3/1.00/2 	max 1255.50 mean 790.73
100 scores: min 752.56 	1.00/2.00/3/1.00/2 	max 1504.75 mean 780.77
100 scores: min 752.56 	1.00/2.00/3/1.00/2 	max 1253.50 mean 790.90
100 scores: min 752.56 	1.00/2.00/3/1.00/2 	max 1267.00 mean 787.97
100 scores: min 752.56 	1.00/2.00/3/1.00/2 	max 1012.50 mean 770.42
100 scores: min 752.56 	1.00/2.00/3/1.00/2 	max 1268.50 mean 793.34
100 scores: min 752.56 	1.00/2.00/3/1.00/2 	max 1255.75 mean 793.28
100 scores: min 752.56 	1.00/2.00/3/1.00/2 	max 1266.50 mean 788.40
100 scores: min 752.56 	1.00/2.00/3/1.00/2 	max 1255.50 mean 787.97
100 scores: min 752.56 	1.00/2.00/3/1.00/2 	max 1275.00 mean 785.60
100 scores: min 752.56 	1.00/2.00/3/1.00/2 	max 1254.25 mean 783.17
100 scores: min 752.56 	1.00/2.00/3/1.00/2 	max 1011.26 mean 772.78
100 scores: min 752.56 	1.00/2.00/3/1.00/2 	max 1267.00 mean 788.10
100 scores: min 752.56 	1.00/2.00/3/1.00/2 	max 1263.50 mean 785.42
100 scores: min 752.56 	1.00/2.00/3/1.00/2 	max 1268.00 mean 794.14
100 scores: min 752.56 	1.00/2.00/3/1.00/2 	max 1268.75 mean 795.54
100 scores: min 752.56 	1.00/2.00/3/1.00/2 	max 1270.31 mean 781.57
100 scores: min 752.56 	1.00/2.00/3/1.00/2 	max 1504.75 mean 793.80
100 scores: min 752.56 	1.00/2.00/3/1.00/2 	max 1504.75 mean 808.20
100 scores: min 752.56 	1.00/2.00/3/1.00/2 	max 1755.25 mean 814.01
100 scores: min 752.56 	1.00/2.00/3/1.00/2 	max 1259.25 mean 793.76
100 scores: min 752.56 	1.00/2.00/3/1.00/2 	max 1255.25 mean 787.65
100 scores: min 752.56 	1.00/2.00/3/1.00/2 	max 1255.75 mean 778.24
100 scores: min 752.56 	1.00/2.00/3/1.00/2 	max 1265.00 mean 779.04
100 scores: min 752.56 	1.00/2.00/3/1.00/2 	max 1261.50 mean 803.37
100 scores: min 752.56 	1.00/2.00/3/1.00/2 	max 1268.75 mean 780.93
100 scores: min 752.56 	1.00/2.00/3/1.00/2 	max 1256.25 mean 798.96
100 scores: min 752.56 	1.00/2.00/3/1.00/2 	max 1263.50 mean 793.62
100 scores: min 752.56 	1.00/2.00/3/1.00/2 	max 1255.25 mean 776.66
100 scores: min 752.56 	1.00/2.00/3/1.00/2 	max 1504.75 mean 805.91
100 scores: min 752.56 	1.00/2.00/3/1.00/2 	max 1264.50 mean 795.78
100 scores: min 752.56 	1.00/2.00/3/1.00/2 	max 1022.51 mean 780.24
100 scores: min 752.56 	1.00/2.00/3/1.00/2 	max 1260.00 mean 801.05
100 scores: min 752.56 	1.00/2.00/3/1.00/2 	max 1255.25 mean 787.98
100 scores: min 752.56 	1.00/2.00/3/1.00/2 	max 1255.25 mean 796.01
100 scores: min 752.56 	1.00/2.00/3/1.00/2 	max 1253.50 mean 778.92
100 scores: min 752.56 	1.00/2.00/3/1.00/2 	max 1265.50 mean 782.98
100 scores: min 752.56 	1.00/2.00/3/1.00/2 	max 1267.50 mean 805.89
100 scores: min 752.56 	1.00/2.00/3/1.00/2 	max 1270.75 mean 793.72
100 scores: min 752.56 	1.00/2.00/3/1.00/2 	max 1267.25 mean 779.26
100 scores: min 752.56 	1.00/2.00/3/1.00/2 	max 1020.25 mean 770.20
100 scores: min 752.56 	1.00/2.00/3/1.00/2 	max 1256.25 mean 788.04
100 scores: min 752.56 	1.00/2.00/3/1.00/2 	max 1263.75 mean 780.48
100 scores: min 752.56 	1.00/2.00/3/1.00/2 	max 1254.75 mean 780.90
100 scores: min 752.56 	1.00/2.00/3/1.00/2 	max 1264.75 mean 778.08
100 scores: min 752.56 	1.00/2.00/3/1.00/2 	max 1021.81 mean 772.74
100 scores: min 752.56 	1.00/2.00/3/1.00/2 	max 1255.25 mean 783.76
100 scores: min 752.56 	1.00/2.00/3/1.00/2 	max 1266.25 mean 775.17
100 scores: min 752.56 	1.00/2.00/3/1.00/2 	max 1504.75 mean 788.33
100 scores: min 752.56 	1.00/2.00/3/1.00/2 	max 1264.50 mean 782.35
100 scores: min 752.56 	1.00/2.00/3/1.00/2 	max 1266.00 mean 781.09
100 scores: min 752.56 	1.00/2.00/3/1.00/2 	max 1264.75 mean 772.94
100 scores: min 752.56 	1.00/2.00/3/1.00/2 	max 1017.00 mean 775.23
100 scores: min 752.56 	1.00/2.00/3/1.00/2 	max 1268.50 mean 783.64
100 scores: min 752.56 	1.00/2.00/3/1.00/2 	max 1264.50 mean 787.52
100 scores: min 752.56 	1.00/2.00/3/1.00/2 	max 1275.25 mean 804.16
100 scores: min 752.56 	1.00/2.00/3/1.00/2 	max 1254.25 mean 775.17
100 scores: min 752.56 	1.00/2.00/3/1.00/2 	max 1269.75 mean 794.10
100 scores: min 752.56 	1.00/2.00/3/1.00/2 	max 1255.50 mean 786.18
100 scores: min 752.56 	1.00/2.00/3/1.00/2 	max 1272.25 mean 788.26
100 scores: min 752.56 	1.00/2.00/3/1.00/2 	max 1264.00 mean 780.02
100 scores: min 752.56 	1.00/2.00/3/1.00/2 	max 1271.75 mean 783.87
100 scores: min 752.56 	1.00/2.00/3/1.00/2 	max 1253.50 mean 783.81
100 scores: min 752.56 	1.00/2.00/3/1.00/2 	max 1266.75 mean 793.19
100 scores: min 752.56 	1.00/2.00/3/1.00/2 	max 1267.25 mean 808.21
100 scores: min 752.56 	1.00/2.00/3/1.00/2 	max 1272.00 mean 793.20
100 scores: min 752.56 	1.00/2.00/3/1.00/2 	max 1267.75 mean 798.73
100 scores: min 752.56 	1.00/2.00/3/1.00/2 	max 1256.25 mean 775.94
100 scores: min 752.56 	1.00/2.00/3/1.00/2 	max 1264.75 mean 793.19
100 scores: min 752.56 	1.00/2.00/3/1.00/2 	max 1013.87 mean 768.53
100 scores: min 752.56 	1.00/2.00/3/1.00/2 	max 1265.81 mean 785.58
100 scores: min 752.56 	1.00/2.00/3/1.00/2 	max 1021.00 mean 776.15
100 scores: min 752.56 	1.00/2.00/3/1.00/2 	max 1254.75 mean 790.43
100 scores: min 752.56 	1.00/2.00/3/1.00/2 	max 1268.81 mean 803.49
100 scores: min 752.56 	1.00/2.00/3/1.00/2 	max 1261.00 mean 775.32
100 scores: min 752.56 	1.00/2.00/3/1.00/2 	max 1253.50 mean 778.15
100 scores: min 752.56 	1.00/2.00/3/1.00/2 	max 1254.25 mean 783.06
100 scores: min 752.56 	1.00/2.00/3/1.00/2 	max 1260.00 mean 798.76
100 scores: min 752.56 	1.00/2.00/3/1.00/2 	max 1271.75 mean 788.69
100 scores: min 752.56 	1.00/2.00/3/1.00/2 	max 1271.00 mean 780.58
100 scores: min 752.56 	1.00/2.00/3/1.00/2 	max 1266.50 mean 791.42
100 scores: min 752.56 	1.00/2.00/3/1.00/2 	max 1274.50 mean 793.76
100 scores: min 752.56 	1.00/2.00/3/1.00/2 	max 1266.25 mean 798.52
100 scores: min 752.56 	1.00/2.00/3/1.00/2 	max 1270.50 mean 792.86
100 scores: min 752.56 	1.00/2.00/3/1.00/2 	max 1521.50 mean 785.74
100 scores: min 752.56 	1.00/2.00/3/1.00/2 	max 1263.50 mean 788.66
100 scores: min 752.56 	1.00/2.00/3/1.00/2 	max 1272.25 mean 786.28
100 scores: min 752.56 	1.00/2.00/3/1.00/2 	max 1255.25 mean 777.44
100 scores: min 752.56 	1.00/2.00/3/1.00/2 	max 1270.00 mean 798.02
100 scores: min 752.56 	1.00/2.00/3/1.00/2 	max 1256.25 mean 785.65
100 scores: min 752.56 	1.00/2.00/3/1.00/2 	max 1273.25 mean 790.87
100 scores: min 752.56 	1.00/2.00/3/1.00/2 	max 1271.25 mean 788.09
100 scores: min 752.56 	1.00/2.00/3/1.00/2 	max 1267.25 mean 785.58
100 scores: min 752.56 	1.00/2.00/3/1.00/2 	max 1255.75 mean 790.70
100 scores: min 752.56 	1.00/2.00/3/1.00/2 	max 1254.00 mean 782.99
100 scores: min 752.56 	1.00/2.00/3/1.00/2 	max 1755.25 mean 795.81
100 scores: min 752.56 	1.00/2.00/3/1.00/2 	max 1269.25 mean 797.65
100 scores: min 752.56 	1.00/2.00/3/1.00/2 	max 1504.75 mean 793.28
100 scores: min 752.56 	1.00/2.00/3/1.00/2 	max 1274.00 mean 795.86
100 scores: min 752.56 	1.00/2.00/3/1.00/2 	max 1254.00 mean 786.63
100 scores: min 752.56 	1.00/2.00/3/1.00/2 	max 1266.25 mean 772.95
100 scores: min 752.56 	1.00/2.00/3/1.00/2 	max 1265.75 mean 780.87
100 scores: min 752.56 	1.00/2.00/3/1.00/2 	max 1266.00 mean 790.37
100 scores: min 752.56 	1.00/2.00/3/1.00/2 	max 1255.25 mean 778.28
100 scores: min 752.56 	1.00/2.00/3/1.00/2 	max 1254.25 mean 777.59
100 scores: min 752.56 	1.00/2.00/3/1.00/2 	max 1275.50 mean 796.34
100 scores: min 752.56 	1.00/2.00/3/1.00/2 	max 1271.00 mean 787.84
100 scores: min 752.56 	1.00/2.00/3/1.00/2 	max 1019.26 mean 762.52
100 scores: min 752.56 	1.00/2.00/3/1.00/2 	max 1253.50 mean 780.66
100 scores: min 752.56 	1.00/2.00/3/1.00/2 	max 1271.00 mean 793.12
100 scores: min 752.56 	1.00/2.00/3/1.00/2 	max 1265.25 mean 805.75
100 scores: min 752.56 	1.00/2.00/3/1.00/2 	max 1273.00 mean 797.97
100 scores: min 752.56 	1.00/2.00/3/1.00/2 	max 1267.50 mean 797.79
100 scores: min 752.56 	1.00/2.00/3/1.00/2 	max 1267.25 mean 793.05
100 scores: min 752.56 	1.00/2.00/3/1.00/2 	max 1255.50 mean 773.39
100 scores: min 752.56 	1.00/2.00/3/1.00/2 	max 1263.75 mean 788.94
100 scores: min 752.56 	1.00/2.00/3/1.00/2 	max 1256.25 mean 795.67
100 scores: min 752.56 	1.00/2.00/3/1.00/2 	max 1270.75 mean 790.44
100 scores: min 752.56 	1.00/2.00/3/1.00/2 	max 1272.00 mean 798.73
100 scores: min 752.56 	1.00/2.00/3/1.00/2 	max 1260.75 mean 784.76
100 scores: min 752.56 	1.00/2.00/3/1.00/2 	max 1269.26 mean 798.35
100 scores: min 752.56 	1.00/2.00/3/1.00/2 	max 1266.50 mean 793.66
100 scores: min 752.56 	1.00/2.00/3/1.00/2 	max 1255.25 mean 784.03
100 scores: min 752.56 	1.00/2.00/3/1.00/2 	max 1504.75 mean 780.65
100 scores: min 752.56 	1.00/2.00/3/1.00/2 	max 1265.00 mean 795.71
100 scores: min 752.56 	1.00/2.00/3/1.00/2 	max 1269.25 mean 811.51
100 scores: min 752.56 	1.00/2.00/3/1.00/2 	max 1765.25 mean 785.36
100 scores: min 752.56 	1.00/2.00/3/1.00/2 	max 1263.76 mean 793.87
100 scores: min 752.56 	1.00/2.00/3/1.00/2 	max 1265.00 mean 798.97
100 scores: min 752.56 	1.00/2.00/3/1.00/2 	max 1261.00 mean 773.08
100 scores: min 752.56 	1.00/2.00/3/1.00/2 	max 1254.25 mean 784.62
100 scores: min 752.56 	1.00/2.00/3/1.00/2 	max 1269.75 mean 793.42
100 scores: min 752.56 	1.00/2.00/3/1.00/2 	max 1266.50 mean 785.77
100 scores: min 752.56 	1.00/2.00/3/1.00/2 	max 1266.00 mean 805.47
100 scores: min 752.56 	1.00/2.00/3/1.00/2 	max 1504.75 mean 790.56
100 scores: min 752.56 	1.00/2.00/3/1.00/2 	max 1255.25 mean 781.16
100 scores: min 752.56 	1.00/2.00/3/1.00/2 	max 1266.25 mean 798.47
100 scores: min 752.56 	1.00/2.00/3/1.00/2 	max 1266.50 mean 777.99
100 scores: min 752.56 	1.00/2.00/3/1.00/2 	max 1255.50 mean 782.52
100 scores: min 752.56 	1.00/2.00/3/1.00/2 	max 1253.50 mean 780.91
100 scores: min 752.56 	1.00/2.00/3/1.00/2 	max 1025.50 mean 776.16
100 scores: min 752.56 	1.00/2.00/3/1.00/2 	max 1255.25 mean 788.50
100 scores: min 752.56 	1.00/2.00/3/1.00/2 	max 1254.75 mean 775.45
100 scores: min 752.56 	1.00/2.00/3/1.00/2 	max 1504.75 mean 784.99
100 scores: min 752.56 	1.00/2.00/3/1.00/2 	max 1266.75 mean 788.39
100 scores: min 752.56 	1.00/2.00/3/1.00/2 	max 1268.75 mean 783.45
100 scores: min 752.56 	1.00/2.00/3/1.00/2 	max 1255.25 mean 775.36
100 scores: min 752.56 	1.00/2.00/3/1.00/2 	max 1256.25 mean 784.17
100 scores: min 752.56 	1.00/2.00/3/1.00/2 	max 1264.00 mean 800.51
100 scores: min 752.56 	1.00/2.00/3/1.00/2 	max 1268.00 mean 779.39
100 scores: min 752.56 	1.00/2.00/3/1.00/2 	max 1254.25 mean 787.43
100 scores: min 752.56 	1.00/2.00/3/1.00/2 	max 1255.50 mean 806.85
100 scores: min 752.56 	1.00/2.00/3/1.00/2 	max 1255.00 mean 793.13
100 scores: min 752.56 	1.00/2.00/3/1.00/2 	max 1254.75 mean 786.47
100 scores: min 752.56 	1.00/2.00/3/1.00/2 	max 1270.75 mean 793.41
100 scores: min 752.56 	1.00/2.00/3/1.00/2 	max 1755.25 mean 783.18
100 scores: min 752.56 	1.00/2.00/3/1.00/2 	max 1263.00 mean 801.33
100 scores: min 752.56 	1.00/2.00/3/1.00/2 	max 1262.75 mean 770.27
100 scores: min 752.56 	1.00/2.00/3/1.00/2 	max 1270.00 mean 791.51
100 scores: min 752.56 	1.00/2.00/3/1.00/2 	max 1256.25 mean 792.19
100 scores: min 752.56 	1.00/2.00/3/1.00/2 	max 1255.25 mean 801.04
100 scores: min 752.56 	1.00/2.00/3/1.00/2 	max 1267.00 mean 786.57
100 scores: min 752.56 	1.00/2.00/3/1.00/2 	max 1272.75 mean 800.77
100 scores: min 752.56 	1.00/2.00/3/1.00/2 	max 1504.75 mean 790.84
100 scores: min 752.56 	1.00/2.00/3/1.00/2 	max 1255.75 mean 778.30
100 scores: min 752.56 	1.00/2.00/3/1.00/2 	max 1254.25 mean 780.36
100 scores: min 752.56 	1.00/2.00/3/1.00/2 	max 1273.50 mean 808.12
100 scores: min 752.56 	1.00/2.00/3/1.00/2 	max 1268.25 mean 791.27
100 scores: min 752.56 	1.00/2.00/3/1.00/2 	max 1265.00 mean 795.98
100 scores: min 752.56 	1.00/2.00/3/1.00/2 	max 1263.75 mean 778.04
100 scores: min 752.56 	1.00/2.00/3/1.00/2 	max 1268.75 mean 803.49
100 scores: min 752.56 	1.00/2.00/3/1.00/2 	max 1269.25 mean 803.42
100 scores: min 752.56 	1.00/2.00/3/1.00/2 	max 1272.00 mean 785.86
100 scores: min 752.56 	1.00/2.00/3/1.00/2 	max 1254.25 mean 788.73
100 scores: min 752.56 	1.00/2.00/3/1.00/2 	max 1255.25 mean 792.89
100 scores: min 752.56 	1.00/2.00/3/1.00/2 	max 1270.00 mean 791.04
100 scores: min 752.56 	1.00/2.00/3/1.00/2 	max 1269.75 mean 785.59
100 scores: min 752.56 	1.00/2.00/3/1.00/2 	max 1272.00 mean 783.96
100 scores: min 752.56 	1.00/2.00/3/1.00/2 	max 1254.75 mean 785.82
100 scores: min 752.56 	1.00/2.00/3/1.00/2 	max 1270.00 mean 798.59
100 scores: min 752.56 	1.00/2.00/3/1.00/2 	max 1255.25 mean 781.17
100 scores: min 752.56 	1.00/2.00/3/1.00/2 	max 1254.25 mean 775.26
100 scores: min 752.56 	1.00/2.00/3/1.00/2 	max 1255.25 mean 779.86
100 scores: min 752.56 	1.00/2.00/3/1.00/2 	max 1021.00 mean 778.40
100 scores: min 752.56 	1.00/2.00/3/1.00/2 	max 1254.00 mean 768.33
100 scores: min 752.56 	1.00/2.00/3/1.00/2 	max 1255.25 mean 795.19
100 scores: min 752.56 	1.00/2.00/3/1.00/2 	max 1014.76 mean 775.77
100 scores: min 752.56 	1.00/2.00/3/1.00/2 	max 1254.75 mean 775.35
100 scores: min 752.56 	1.00/2.00/3/1.00/2 	max 1268.50 mean 785.96
100 scores: min 752.56 	1.00/2.00/3/1.00/2 	max 1260.50 mean 774.95
100 scores: min 752.56 	1.00/2.00/3/1.00/2 	max 1264.25 mean 787.95
100 scores: min 752.56 	1.00/2.00/3/1.00/2 	max 1270.00 mean 800.72
100 scores: min 752.56 	1.00/2.00/3/1.00/2 	max 1755.25 mean 782.46
100 scores: min 752.56 	1.00/2.00/3/1.00/2 	max 1255.25 mean 795.15
100 scores: min 752.56 	1.00/2.00/3/1.00/2 	max 1254.75 mean 785.18
100 scores: min 752.56 	1.00/2.00/3/1.00/2 	max 1265.75 mean 787.76
100 scores: min 752.56 	1.00/2.00/3/1.00/2 	max 1265.25 mean 805.07
100 scores: min 752.56 	1.00/2.00/3/1.00/2 	max 1267.75 mean 796.64
100 scores: min 752.56 	1.00/2.00/3/1.00/2 	max 1268.75 mean 795.62
100 scores: min 752.56 	1.00/2.00/3/1.00/2 	max 1256.25 mean 787.73
100 scores: min 752.56 	1.00/2.00/3/1.00/2 	max 1272.50 mean 783.22
100 scores: min 752.56 	1.00/2.00/3/1.00/2 	max 1267.00 mean 785.75
100 scores: min 752.56 	1.00/2.00/3/1.00/2 	max 1268.50 mean 783.74
100 scores: min 752.56 	1.00/2.00/3/1.00/2 	max 1004.50 mean 757.65
100 scores: min 752.56 	1.00/2.00/3/1.00/2 	max 1264.25 mean 799.97
100 scores: min 752.56 	1.00/2.00/3/1.00/2 	max 1260.76 mean 783.53
100 scores: min 752.56 	1.00/2.00/3/1.00/2 	max 1272.25 mean 783.91
100 scores: min 752.56 	1.00/2.00/3/1.00/2 	max 1271.75 mean 780.71
100 scores: min 752.56 	1.00/2.00/3/1.00/2 	max 1255.75 mean 783.02
100 scores: min 752.56 	1.00/2.00/3/1.00/2 	max 1264.00 mean 795.23
100 scores: min 752.56 	1.00/2.00/3/1.00/2 	max 1269.25 mean 787.89
100 scores: min 752.56 	1.00/2.00/3/1.00/2 	max 1266.00 mean 801.58
100 scores: min 752.56 	1.00/2.00/3/1.00/2 	max 1255.25 mean 780.59
100 scores: min 752.56 	1.00/2.00/3/1.00/2 	max 1255.50 mean 775.06
100 scores: min 752.56 	1.00/2.00/3/1.00/2 	max 1264.25 mean 780.01
100 scores: min 752.56 	1.00/2.00/3/1.00/2 	max 1269.00 mean 796.04
100 scores: min 752.56 	1.00/2.00/3/1.00/2 	max 1504.75 mean 782.73
100 scores: min 752.56 	1.00/2.00/3/1.00/2 	max 1263.25 mean 794.96
100 scores: min 752.56 	1.00/2.00/3/1.00/2 	max 1256.25 mean 788.52
100 scores: min 752.56 	1.00/2.00/3/1.00/2 	max 1254.75 mean 780.44
100 scores: min 752.56 	1.00/2.00/3/1.00/2 	max 1272.00 mean 815.89
100 scores: min 752.56 	1.00/2.00/3/1.00/2 	max 1255.50 mean 778.22
100 scores: min 752.56 	1.00/2.00/3/1.00/2 	max 1264.00 mean 785.43
100 scores: min 752.56 	1.00/2.00/3/1.00/2 	max 1254.75 mean 795.80
100 scores: min 752.56 	1.00/2.00/3/1.00/2 	max 1260.56 mean 785.90
100 scores: min 752.56 	1.00/2.00/3/1.00/2 	max 1256.25 mean 785.67
100 scores: min 752.56 	1.00/2.00/3/1.00/2 	max 1269.25 mean 782.98
100 scores: min 752.56 	1.00/2.00/3/1.00/2 	max 1267.75 mean 772.85
100 scores: min 752.56 	1.00/2.00/3/1.00/2 	max 1265.25 mean 782.57
100 scores: min 752.56 	1.00/2.00/3/1.00/2 	max 1273.75 mean 801.01
100 scores: min 752.56 	1.00/2.00/3/1.00/2 	max 1255.75 mean 790.42
100 scores: min 752.56 	1.00/2.00/3/1.00/2 	max 1272.25 mean 798.47
100 scores: min 752.56 	1.00/2.00/3/1.00/2 	max 1266.25 mean 780.82
100 scores: min 752.56 	1.00/2.00/3/1.00/2 	max 1504.75 mean 783.30
100 scores: min 752.56 	1.00/2.00/3/1.00/2 	max 1270.75 mean 792.87
100 scores: min 752.56 	1.00/2.00/3/1.00/2 	max 1259.00 mean 787.69
100 scores: min 752.56 	1.00/2.00/3/1.00/2 	max 1755.25 mean 798.34
100 scores: min 752.56 	1.00/2.00/3/1.00/2 	max 1254.25 mean 793.23
100 scores: min 752.56 	1.00/2.00/3/1.00/2 	max 1270.75 mean 812.01
100 scores: min 752.56 	1.00/2.00/3/1.00/2 	max 1504.75 mean 788.10
100 scores: min 752.56 	1.00/2.00/3/1.00/2 	max 1269.56 mean 801.51
100 scores: min 752.56 	1.00/2.00/3/1.00/2 	max 1504.75 mean 818.36
100 scores: min 752.56 	1.00/2.00/3/1.00/2 	max 1269.75 mean 801.41
100 scores: min 752.56 	1.00/2.00/3/1.00/2 	max 1017.50 mean 778.09
100 scores: min 752.56 	1.00/2.00/3/1.00/2 	max 1255.25 mean 772.53
100 scores: min 752.56 	1.00/2.00/3/1.00/2 	max 1265.50 mean 783.33
100 scores: min 752.56 	1.00/2.00/3/1.00/2 	max 1263.50 mean 787.61
100 scores: min 752.56 	1.00/2.00/3/1.00/2 	max 1270.50 mean 790.88
100 scores: min 752.56 	1.00/2.00/3/1.00/2 	max 1270.00 mean 813.01
100 scores: min 752.56 	1.00/2.00/3/1.00/2 	max 1254.75 mean 778.90
100 scores: min 752.56 	1.00/2.00/3/1.00/2 	max 1265.25 mean 791.47
100 scores: min 752.56 	1.00/2.00/3/1.00/2 	max 1254.25 mean 783.24
100 scores: min 752.56 	1.00/2.00/3/1.00/2 	max 1255.25 mean 778.10
100 scores: min 752.56 	1.00/2.00/3/1.00/2 	max 1267.50 mean 795.89
100 scores: min 752.56 	1.00/2.00/3/1.00/2 	max 1014.25 mean 783.20
100 scores: min 752.56 	1.00/2.00/3/1.00/2 	max 1263.50 mean 780.40
100 scores: min 752.56 	1.00/2.00/3/1.00/2 	max 1269.75 mean 791.48
100 scores: min 752.56 	1.00/2.00/3/1.00/2 	max 1268.50 mean 803.00
100 scores: min 752.56 	1.00/2.00/3/1.00/2 	max 1269.25 mean 804.45
100 scores: min 752.56 	1.00/2.00/3/1.00/2 	max 1266.25 mean 787.24
100 scores: min 752.56 	1.00/2.00/3/1.00/2 	max 1013.81 mean 767.97
100 scores: min 752.56 	1.00/2.00/3/1.00/2 	max 1504.75 mean 798.23
100 scores: min 752.56 	1.00/2.00/3/1.00/2 	max 1023.50 mean 780.59
100 scores: min 752.56 	1.00/2.00/3/1.00/2 	max 1021.26 mean 781.08
100 scores: min 752.56 	1.00/2.00/3/1.00/2 	max 1254.31 mean 777.86
100 scores: min 752.56 	1.00/2.00/3/1.00/2 	max 1255.25 mean 776.03
100 scores: min 752.56 	1.00/2.00/3/1.00/2 	max 1254.75 mean 770.85
100 scores: min 752.56 	1.00/2.00/3/1.00/2 	max 1255.25 mean 775.24
100 scores: min 752.56 	1.00/2.00/3/1.00/2 	max 1264.00 mean 803.06
100 scores: min 752.56 	1.00/2.00/3/1.00/2 	max 1254.75 mean 780.34
100 scores: min 752.56 	1.00/2.00/3/1.00/2 	max 1260.00 mean 809.26
100 scores: min 752.56 	1.00/2.00/3/1.00/2 	max 1254.25 mean 796.03
100 scores: min 752.56 	1.00/2.00/3/1.00/2 	max 1254.25 mean 775.33
100 scores: min 752.56 	1.00/2.00/3/1.00/2 	max 1755.25 mean 775.57
100 scores: min 752.56 	1.00/2.00/3/1.00/2 	max 1021.75 mean 775.43
100 scores: min 752.56 	1.00/2.00/3/1.00/2 	max 1023.00 mean 783.00
100 scores: min 752.56 	1.00/2.00/3/1.00/2 	max 1266.00 mean 793.62
100 scores: min 752.56 	1.00/2.00/3/1.00/2 	max 1258.50 mean 802.64
100 scores: min 752.56 	1.00/2.00/3/1.00/2 	max 1255.50 mean 798.46
100 scores: min 752.56 	1.00/2.00/3/1.00/2 	max 1255.25 mean 785.54
100 scores: min 752.56 	1.00/2.00/3/1.00/2 	max 1266.00 mean 783.62
100 scores: min 752.56 	1.00/2.00/3/1.00/2 	max 1271.75 mean 790.66
100 scores: min 752.56 	1.00/2.00/3/1.00/2 	max 1270.00 mean 793.53
100 scores: min 752.56 	1.00/2.00/3/1.00/2 	max 1267.00 mean 790.98
100 scores: min 752.56 	1.00/2.00/3/1.00/2 	max 1264.00 mean 793.00
100 scores: min 752.56 	1.00/2.00/3/1.00/2 	max 1019.26 mean 772.54
100 scores: min 752.56 	1.00/2.00/3/1.00/2 	max 1254.00 mean 778.09
100 scores: min 752.56 	1.00/2.00/3/1.00/2 	max 1273.00 mean 802.98
100 scores: min 752.56 	1.00/2.00/3/1.00/2 	max 1269.25 mean 791.41
100 scores: min 752.56 	1.00/2.00/3/1.00/2 	max 1255.75 mean 793.99
100 scores: min 752.56 	1.00/2.00/3/1.00/2 	max 1755.25 mean 792.91
100 scores: min 752.56 	1.00/2.00/3/1.00/2 	max 1268.01 mean 790.73
100 scores: min 752.56 	1.00/2.00/3/1.00/2 	max 1265.00 mean 788.74
100 scores: min 752.56 	1.00/2.00/3/1.00/2 	max 1262.75 mean 785.74
100 scores: min 752.56 	1.00/2.00/3/1.00/2 	max 1269.00 mean 796.44
100 scores: min 752.56 	1.00/2.00/3/1.00/2 	max 1263.50 mean 785.52
100 scores: min 752.56 	1.00/2.00/3/1.00/2 	max 1254.25 mean 785.99
100 scores: min 752.56 	1.00/2.00/3/1.00/2 	max 1266.25 mean 798.16
100 scores: min 752.56 	1.00/2.00/3/1.00/2 	max 1270.75 mean 785.84
100 scores: min 752.56 	1.00/2.00/3/1.00/2 	max 1265.00 mean 785.55
100 scores: min 752.56 	1.00/2.00/3/1.00/2 	max 1755.75 mean 782.89
100 scores: min 752.56 	1.00/2.00/3/1.00/2 	max 1270.75 mean 793.28
100 scores: min 752.56 	1.00/2.00/3/1.00/2 	max 1017.25 mean 773.37
100 scores: min 752.56 	1.00/2.00/3/1.00/2 	max 1026.25 mean 773.50
100 scores: min 752.56 	1.00/2.00/3/1.00/2 	max 1265.00 mean 785.75
100 scores: min 752.56 	1.00/2.00/3/1.00/2 	max 1254.31 mean 781.10
100 scores: min 752.56 	1.00/2.00/3/1.00/2 	max 1266.00 mean 785.77
100 scores: min 752.56 	1.00/2.00/3/1.00/2 	max 1267.25 mean 777.15
100 scores: min 752.56 	1.00/2.00/3/1.00/2 	max 1264.00 mean 789.46
100 scores: min 752.56 	1.00/2.00/3/1.00/2 	max 1254.00 mean 776.85
100 scores: min 752.56 	1.00/2.00/3/1.00/2 	max 1255.75 mean 788.87
100 scores: min 752.56 	1.00/2.00/3/1.00/2 	max 1255.25 mean 775.20
100 scores: min 752.56 	1.00/2.00/3/1.00/2 	max 1271.00 mean 798.17
100 scores: min 752.56 	1.00/2.00/3/1.00/2 	max 1254.75 mean 788.22
100 scores: min 752.56 	1.00/2.00/3/1.00/2 	max 1262.25 mean 788.71
100 scores: min 752.56 	1.00/2.00/3/1.00/2 	max 1020.50 mean 780.29
100 scores: min 752.56 	1.00/2.00/3/1.00/2 	max 1276.50 mean 801.90
100 scores: min 752.56 	1.00/2.00/3/1.00/2 	max 1268.50 mean 778.08
100 scores: min 752.56 	1.00/2.00/3/1.00/2 	max 1269.25 mean 778.42
100 scores: min 752.56 	1.00/2.00/3/1.00/2 	max 1270.25 mean 798.24
100 scores: min 752.56 	1.00/2.00/3/1.00/2 	max 1260.25 mean 778.45
100 scores: min 752.56 	1.00/2.00/3/1.00/2 	max 1266.25 mean 773.33
100 scores: min 752.56 	1.00/2.00/3/1.00/2 	max 1267.75 mean 798.41
100 scores: min 752.56 	1.00/2.00/3/1.00/2 	max 1262.76 mean 773.93
100 scores: min 752.56 	1.00/2.00/3/1.00/2 	max 1270.75 mean 786.16
100 scores: min 752.56 	1.00/2.00/3/1.00/2 	max 1254.25 mean 798.63
100 scores: min 752.56 	1.00/2.00/3/1.00/2 	max 1266.25 mean 780.57
100 scores: min 752.56 	1.00/2.00/3/1.00/2 	max 1264.75 mean 775.12
100 scores: min 752.56 	1.00/2.00/3/1.00/2 	max 1266.50 mean 800.86
100 scores: min 752.56 	1.00/2.00/3/1.00/2 	max 1256.00 mean 780.42
100 scores: min 752.56 	1.00/2.00/3/1.00/2 	max 1261.75 mean 786.39
100 scores: min 752.56 	1.00/2.00/3/1.00/2 	max 1265.00 mean 792.84
100 scores: min 752.56 	1.00/2.00/3/1.00/2 	max 1263.25 mean 770.30
100 scores: min 752.56 	1.00/2.00/3/1.00/2 	max 1270.00 mean 803.05
100 scores: min 752.56 	1.00/2.00/3/1.00/2 	max 1254.00 mean 787.97
100 scores: min 752.56 	1.00/2.00/3/1.00/2 	max 1755.25 mean 790.56
100 scores: min 752.56 	1.00/2.00/3/1.00/2 	max 1265.25 mean 805.76
100 scores: min 752.56 	1.00/2.00/3/1.00/2 	max 1261.50 mean 802.36
100 scores: min 752.56 	1.00/2.00/3/1.00/2 	max 1254.25 mean 783.58
100 scores: min 752.56 	1.00/2.00/3/1.00/2 	max 1254.31 mean 771.05
100 scores: min 752.56 	1.00/2.00/3/1.00/2 	max 1263.50 mean 786.41
100 scores: min 752.56 	1.00/2.00/3/1.00/2 	max 1019.00 mean 772.94
100 scores: min 752.56 	1.00/2.00/3/1.00/2 	max 1256.25 mean 785.69
100 scores: min 752.56 	1.00/2.00/3/1.00/2 	max 1253.75 mean 767.89
100 scores: min 752.56 	1.00/2.00/3/1.00/2 	max 1017.51 mean 775.38
100 scores: min 752.56 	1.00/2.00/3/1.00/2 	max 1272.75 mean 790.93
100 scores: min 752.56 	1.00/2.00/3/1.00/2 	max 1255.50 mean 783.63
100 scores: min 752.56 	1.00/2.00/3/1.00/2 	max 1267.75 mean 800.79
100 scores: min 752.56 	1.00/2.00/3/1.00/2 	max 1274.00 mean 785.35
100 scores: min 752.56 	1.00/2.00/3/1.00/2 	max 1264.00 mean 786.04
100 scores: min 752.56 	1.00/2.00/3/1.00/2 	max 1254.75 mean 783.37
100 scores: min 752.56 	1.00/2.00/3/1.00/2 	max 1271.25 mean 788.42
100 scores: min 752.56 	1.00/2.00/3/1.00/2 	max 1020.76 mean 791.54
100 scores: min 752.56 	1.00/2.00/3/1.00/2 	max 1504.75 mean 804.25
100 scores: min 752.56 	1.00/2.00/3/1.00/2 	max 1254.75 mean 785.14
100 scores: min 752.56 	1.00/2.00/3/1.00/2 	max 1268.25 mean 786.11
100 scores: min 752.56 	1.00/2.00/3/1.00/2 	max 1255.25 mean 795.68
100 scores: min 752.56 	1.00/2.00/3/1.00/2 	max 1263.50 mean 788.54
100 scores: min 752.56 	1.00/2.00/3/1.00/2 	max 1270.25 mean 788.23
100 scores: min 752.56 	1.00/2.00/3/1.00/2 	max 1268.25 mean 780.87
100 scores: min 752.56 	1.00/2.00/3/1.00/2 	max 1255.50 mean 775.20
100 scores: min 752.56 	1.00/2.00/3/1.00/2 	max 1264.50 mean 787.67
100 scores: min 752.56 	1.00/2.00/3/1.00/2 	max 1255.81 mean 791.01
100 scores: min 752.56 	1.00/2.00/3/1.00/2 	max 1256.75 mean 783.11
100 scores: min 752.56 	1.00/2.00/3/1.00/2 	max 1265.75 mean 798.26
100 scores: min 752.56 	1.00/2.00/3/1.00/2 	max 1266.75 mean 780.15
100 scores: min 752.56 	1.00/2.00/3/1.00/2 	max 1020.25 mean 772.89
100 scores: min 752.56 	1.00/2.00/3/1.00/2 	max 1504.75 mean 806.12
100 scores: min 752.56 	1.00/2.00/3/1.00/2 	max 1271.75 mean 808.87
100 scores: min 752.56 	1.00/2.00/3/1.00/2 	max 1254.25 mean 807.33
100 scores: min 752.56 	1.00/2.00/3/1.00/2 	max 1255.25 mean 791.28
100 scores: min 752.56 	1.00/2.00/3/1.00/2 	max 1504.75 mean 780.88
100 scores: min 752.56 	1.00/2.00/3/1.00/2 	max 1255.25 mean 787.87
100 scores: min 752.56 	1.00/2.00/3/1.00/2 	max 1263.25 mean 793.48
100 scores: min 752.56 	1.00/2.00/3/1.00/2 	max 1267.25 mean 798.49
100 scores: min 752.56 	1.00/2.00/3/1.00/2 	max 1269.00 mean 793.36
100 scores: min 752.56 	1.00/2.00/3/1.00/2 	max 1255.25 mean 780.78
100 scores: min 752.56 	1.00/2.00/3/1.00/2 	max 1015.01 mean 770.27
100 scores: min 752.56 	1.00/2.00/3/1.00/2 	max 1265.50 mean 801.79
100 scores: min 752.56 	1.00/2.00/3/1.00/2 	max 1254.75 mean 775.85
100 scores: min 752.56 	1.00/2.00/3/1.00/2 	max 1268.50 mean 793.10
100 scores: min 752.56 	1.00/2.00/3/1.00/2 	max 1268.25 mean 798.95
100 scores: min 752.56 	1.00/2.00/3/1.00/2 	max 1265.75 mean 773.17
100 scores: min 752.56 	1.00/2.00/3/1.00/2 	max 1504.75 mean 800.98
100 scores: min 752.56 	1.00/2.00/3/1.00/2 	max 1266.25 mean 784.03
100 scores: min 752.56 	1.00/2.00/3/1.00/2 	max 1254.00 mean 793.26
100 scores: min 752.56 	1.00/2.00/3/1.00/2 	max 1754.25 mean 798.68
100 scores: min 752.56 	1.00/2.00/3/1.00/2 	max 1264.00 mean 770.85
100 scores: min 752.56 	1.00/2.00/3/1.00/2 	max 1020.75 mean 770.74
100 scores: min 752.56 	1.00/2.00/3/1.00/2 	max 1266.25 mean 782.89
100 scores: min 752.56 	1.00/2.00/3/1.00/2 	max 1020.25 mean 772.95
100 scores: min 752.56 	1.00/2.00/3/1.00/2 	max 1254.25 mean 775.43
100 scores: min 752.56 	1.00/2.00/3/1.00/2 	max 1014.75 mean 770.26
100 scores: min 752.56 	1.00/2.00/3/1.00/2 	max 1274.75 mean 804.04
100 scores: min 752.56 	1.00/2.00/3/1.00/2 	max 1271.25 mean 788.47
100 scores: min 752.56 	1.00/2.00/3/1.00/2 	max 1254.25 mean 786.06
100 scores: min 752.56 	1.00/2.00/3/1.00/2 	max 1267.50 mean 793.01
100 scores: min 752.56 	1.00/2.00/3/1.00/2 	max 1254.75 mean 792.87
100 scores: min 752.56 	1.00/2.00/3/1.00/2 	max 1267.75 mean 783.38
100 scores: min 752.56 	1.00/2.00/3/1.00/2 	max 1023.00 mean 776.39
100 scores: min 752.56 	1.00/2.00/3/1.00/2 	max 1254.25 mean 788.43
100 scores: min 752.56 	1.00/2.00/3/1.00/2 	max 1262.50 mean 770.30
100 scores: min 752.56 	1.00/2.00/3/1.00/2 	max 1266.00 mean 783.89
100 scores: min 752.56 	1.00/2.00/3/1.00/2 	max 1271.25 mean 793.49
100 scores: min 752.56 	1.00/2.00/3/1.00/2 	max 1274.00 mean 780.35
100 scores: min 752.56 	1.00/2.00/3/1.00/2 	max 1269.50 mean 780.25
100 scores: min 752.56 	1.00/2.00/3/1.00/2 	max 1255.25 mean 788.59
100 scores: min 752.56 	1.00/2.00/3/1.00/2 	max 1255.25 mean 785.65
100 scores: min 752.56 	1.00/2.00/3/1.00/2 	max 1255.75 mean 785.36
100 scores: min 752.56 	1.00/2.00/3/1.00/2 	max 1256.25 mean 780.41
100 scores: min 752.56 	1.00/2.00/3/1.00/2 	max 1266.75 mean 798.47
100 scores: min 752.56 	1.00/2.00/3/1.00/2 	max 1766.50 mean 785.85
100 scores: min 752.56 	1.00/2.00/3/1.00/2 	max 1266.75 mean 789.24
100 scores: min 752.56 	1.00/2.00/3/1.00/2 	max 1262.25 mean 793.11
100 scores: min 752.56 	1.00/2.00/3/1.00/2 	max 1274.50 mean 795.92
100 scores: min 752.56 	1.00/2.00/3/1.00/2 	max 1018.56 mean 762.86
100 scores: min 752.56 	1.00/2.00/3/1.00/2 	max 1275.00 mean 793.37
100 scores: min 752.56 	1.00/2.00/3/1.00/2 	max 1261.50 mean 795.75
100 scores: min 752.56 	1.00/2.00/3/1.00/2 	max 1754.25 mean 795.87
100 scores: min 752.56 	1.00/2.00/3/1.00/2 	max 1270.00 mean 773.37
100 scores: min 752.56 	1.00/2.00/3/1.00/2 	max 1264.81 mean 774.91
100 scores: min 752.56 	1.00/2.00/3/1.00/2 	max 1269.00 mean 788.32
100 scores: min 752.56 	1.00/2.00/3/1.00/2 	max 1263.50 mean 768.00
100 scores: min 752.56 	1.00/2.00/3/1.00/2 	max 1271.50 mean 780.43
100 scores: min 752.56 	1.00/2.00/3/1.00/2 	max 1272.00 mean 811.85
100 scores: min 752.56 	1.00/2.00/3/1.00/2 	max 1268.75 mean 785.62
100 scores: min 752.56 	1.00/2.00/3/1.00/2 	max 1271.50 mean 796.36
100 scores: min 752.56 	1.00/2.00/3/1.00/2 	max 1268.00 mean 796.23
100 scores: min 752.56 	1.00/2.00/3/1.00/2 	max 1020.81 mean 771.29
100 scores: min 752.56 	1.00/2.00/3/1.00/2 	max 1022.00 mean 778.43
100 scores: min 752.56 	1.00/2.00/3/1.00/2 	max 1256.25 mean 800.62
100 scores: min 752.56 	1.00/2.00/3/1.00/2 	max 1270.50 mean 782.28
100 scores: min 752.56 	1.00/2.00/3/1.00/2 	max 1265.25 mean 784.94
100 scores: min 752.56 	1.00/2.00/3/1.00/2 	max 1270.75 mean 787.97
100 scores: min 752.56 	1.00/2.00/3/1.00/2 	max 1017.50 mean 773.11
100 scores: min 752.56 	1.00/2.00/3/1.00/2 	max 1270.00 mean 785.11
100 scores: min 752.56 	1.00/2.00/3/1.00/2 	max 1272.25 mean 791.22
100 scores: min 752.56 	1.00/2.00/3/1.00/2 	max 1254.25 mean 775.35
100 scores: min 752.56 	1.00/2.00/3/1.00/2 	max 1264.00 mean 788.34
100 scores: min 752.56 	1.00/2.00/3/1.00/2 	max 1270.75 mean 785.86
100 scores: min 752.56 	1.00/2.00/3/1.00/2 	max 1269.50 mean 806.35
100 scores: min 752.56 	1.00/2.00/3/1.00/2 	max 1259.25 mean 775.35
100 scores: min 752.56 	1.00/2.00/3/1.00/2 	max 1259.00 mean 795.91
100 scores: min 752.56 	1.00/2.00/3/1.00/2 	max 1270.25 mean 788.54
100 scores: min 752.56 	1.00/2.00/3/1.00/2 	max 1270.25 mean 772.48
100 scores: min 752.56 	1.00/2.00/3/1.00/2 	max 1023.00 mean 775.14
100 scores: min 752.56 	1.00/2.00/3/1.00/2 	max 1264.00 mean 796.00
100 scores: min 752.56 	1.00/2.00/3/1.00/2 	max 1255.50 mean 785.78
100 scores: min 752.56 	1.00/2.00/3/1.00/2 	max 1268.50 mean 795.67
100 scores: min 752.56 	1.00/2.00/3/1.00/2 	max 1254.31 mean 786.14
100 scores: min 752.56 	1.00/2.00/3/1.00/2 	max 1253.75 mean 788.33
100 scores: min 752.56 	1.00/2.00/3/1.00/2 	max 1255.25 mean 790.71
100 scores: min 752.56 	1.00/2.00/3/1.00/2 	max 1255.75 mean 780.55
100 scores: min 752.56 	1.00/2.00/3/1.00/2 	max 1266.75 mean 798.01
100 scores: min 752.56 	1.00/2.00/3/1.00/2 	max 1265.50 mean 775.68
100 scores: min 752.56 	1.00/2.00/3/1.00/2 	max 1255.50 mean 797.40
100 scores: min 752.56 	1.00/2.00/3/1.00/2 	max 1504.75 mean 795.65
100 scores: min 752.56 	1.00/2.00/3/1.00/2 	max 1269.25 mean 786.81
100 scores: min 752.56 	1.00/2.00/3/1.00/2 	max 1254.25 mean 777.98
100 scores: min 752.56 	1.00/2.00/3/1.00/2 	max 1263.00 mean 781.40
100 scores: min 752.56 	1.00/2.00/3/1.00/2 	max 1272.75 mean 796.79
100 scores: min 752.56 	1.00/2.00/3/1.00/2 	max 1762.00 mean 790.24
100 scores: min 752.56 	1.00/2.00/3/1.00/2 	max 1023.06 mean 775.73
100 scores: min 752.56 	1.00/2.00/3/1.00/2 	max 1270.00 mean 790.79
100 scores: min 752.56 	1.00/2.00/3/1.00/2 	max 1271.25 mean 813.93
100 scores: min 752.56 	1.00/2.00/3/1.00/2 	max 1254.00 mean 800.34
100 scores: min 752.56 	1.00/2.00/3/1.00/2 	max 1016.01 mean 770.07
100 scores: min 752.56 	1.00/2.00/3/1.00/2 	max 1261.25 mean 775.18
100 scores: min 752.56 	1.00/2.00/3/1.00/2 	max 1254.25 mean 787.92
100 scores: min 752.56 	1.00/2.00/3/1.00/2 	max 1268.00 mean 777.84
100 scores: min 752.56 	1.00/2.00/3/1.00/2 	max 1254.25 mean 780.84
100 scores: min 752.56 	1.00/2.00/3/1.00/2 	max 1254.81 mean 772.87
100 scores: min 752.56 	1.00/2.00/3/1.00/2 	max 1269.00 mean 798.31
100 scores: min 752.56 	1.00/2.00/3/1.00/2 	max 1267.00 mean 778.35
100 scores: min 752.56 	1.00/2.00/3/1.00/2 	max 1267.00 mean 794.43
100 scores: min 752.56 	1.00/2.00/3/1.00/2 	max 1269.75 mean 790.40
100 scores: min 752.56 	1.00/2.00/3/1.00/2 	max 1272.25 mean 767.96
100 scores: min 752.56 	1.00/2.00/3/1.00/2 	max 1263.25 mean 808.45
100 scores: min 752.56 	1.00/2.00/3/1.00/2 	max 1264.50 mean 800.49
100 scores: min 752.56 	1.00/2.00/3/1.00/2 	max 1255.25 mean 795.87
100 scores: min 752.56 	1.00/2.00/3/1.00/2 	max 1255.75 mean 792.66
100 scores: min 752.56 	1.00/2.00/3/1.00/2 	max 1255.50 mean 785.81
100 scores: min 752.56 	1.00/2.00/3/1.00/2 	max 1272.50 mean 781.01
100 scores: min 752.56 	1.00/2.00/3/1.00/2 	max 1504.75 mean 795.20
100 scores: min 752.56 	1.00/2.00/3/1.00/2 	max 1268.00 mean 780.74
100 scores: min 752.56 	1.00/2.00/3/1.00/2 	max 1262.00 mean 797.61
100 scores: min 752.56 	1.00/2.00/3/1.00/2 	max 1255.25 mean 795.66
100 scores: min 752.56 	1.00/2.00/3/1.00/2 	max 1262.75 mean 796.13
100 scores: min 752.56 	1.00/2.00/3/1.00/2 	max 1255.50 mean 800.82
100 scores: min 752.56 	1.00/2.00/3/1.00/2 	max 1266.00 mean 793.63
100 scores: min 752.56 	1.00/2.00/3/1.00/2 	max 1266.75 mean 803.15
100 scores: min 752.56 	1.00/2.00/3/1.00/2 	max 1265.75 mean 798.22
100 scores: min 752.56 	1.00/2.00/3/1.00/2 	max 1268.25 mean 790.93
100 scores: min 752.56 	1.00/2.00/3/1.00/2 	max 1275.50 mean 787.89
100 scores: min 752.56 	1.00/2.00/3/1.00/2 	max 1022.50 mean 775.38
100 scores: min 752.56 	1.00/2.00/3/1.00/2 	max 1016.50 mean 776.14
100 scores: min 752.56 	1.00/2.00/3/1.00/2 	max 1273.25 mean 800.61
100 scores: min 752.56 	1.00/2.00/3/1.00/2 	max 1267.50 mean 797.77
100 scores: min 752.56 	1.00/2.00/3/1.00/2 	max 1265.50 mean 801.38
100 scores: min 752.56 	1.00/2.00/3/1.00/2 	max 1268.50 mean 786.07
100 scores: min 752.56 	1.00/2.00/3/1.00/2 	max 1255.75 mean 801.18
100 scores: min 752.56 	1.00/2.00/3/1.00/2 	max 1264.75 mean 790.95
100 scores: min 752.56 	1.00/2.00/3/1.00/2 	max 1267.50 mean 778.60
100 scores: min 752.56 	1.00/2.00/3/1.00/2 	max 1265.75 mean 782.63
100 scores: min 752.56 	1.00/2.00/3/1.00/2 	max 1255.25 mean 792.49
100 scores: min 752.56 	1.00/2.00/3/1.00/2 	max 1261.75 mean 786.49
100 scores: min 752.56 	1.00/2.00/3/1.00/2 	max 1265.25 mean 783.53
100 scores: min 752.56 	1.00/2.00/3/1.00/2 	max 1274.50 mean 795.84
100 scores: min 752.56 	1.00/2.00/3/1.00/2 	max 1263.25 mean 800.82
100 scores: min 752.56 	1.00/2.00/3/1.00/2 	max 1267.75 mean 785.70
100 scores: min 752.56 	1.00/2.00/3/1.00/2 	max 1266.75 mean 790.37
100 scores: min 752.56 	1.00/2.00/3/1.00/2 	max 1019.25 mean 780.73
100 scores: min 752.56 	1.00/2.00/3/1.00/2 	max 1013.81 mean 772.59
100 scores: min 752.56 	1.00/2.00/3/1.00/2 	max 1255.25 mean 797.90
100 scores: min 752.56 	1.00/2.00/3/1.00/2 	max 1255.25 mean 783.13
100 scores: min 752.56 	1.00/2.00/3/1.00/2 	max 1254.31 mean 777.19
100 scores: min 752.56 	1.00/2.00/3/1.00/2 	max 1261.25 mean 802.44
100 scores: min 752.56 	1.00/2.00/3/1.00/2 	max 1268.00 mean 793.00
100 scores: min 752.56 	1.00/2.00/3/1.00/2 	max 1020.06 mean 775.64
100 scores: min 752.56 	1.00/2.00/3/1.00/2 	max 1262.75 mean 782.93
100 scores: min 752.56 	1.00/2.00/3/1.00/2 	max 1265.25 mean 795.68
100 scores: min 752.56 	1.00/2.00/3/1.00/2 	max 1266.75 mean 788.41
100 scores: min 752.56 	1.00/2.00/3/1.00/2 	max 1269.50 mean 797.88
100 scores: min 752.56 	1.00/2.00/3/1.00/2 	max 1268.00 mean 795.35
100 scores: min 752.56 	1.00/2.00/3/1.00/2 	max 1262.75 mean 785.74
100 scores: min 752.56 	1.00/2.00/3/1.00/2 	max 1255.75 mean 803.47
100 scores: min 752.56 	1.00/2.00/3/1.00/2 	max 1268.25 mean 790.40
100 scores: min 752.56 	1.00/2.00/3/1.00/2 	max 1017.51 mean 770.65
100 scores: min 752.56 	1.00/2.00/3/1.00/2 	max 1270.00 mean 790.39
100 scores: min 752.56 	1.00/2.00/3/1.00/2 	max 1254.00 mean 775.62
100 scores: min 752.56 	1.00/2.00/3/1.00/2 	max 1255.75 mean 778.18
100 scores: min 752.56 	1.00/2.00/3/1.00/2 	max 1256.50 mean 800.66
100 scores: min 752.56 	1.00/2.00/3/1.00/2 	max 1264.00 mean 780.71
100 scores: min 752.56 	1.00/2.00/3/1.00/2 	max 1504.75 mean 802.52
100 scores: min 752.56 	1.00/2.00/3/1.00/2 	max 1266.00 mean 793.68
100 scores: min 752.56 	1.00/2.00/3/1.00/2 	max 1265.50 mean 787.61
100 scores: min 752.56 	1.00/2.00/3/1.00/2 	max 1255.50 mean 791.29
100 scores: min 752.56 	1.00/2.00/3/1.00/2 	max 1755.25 mean 792.96
100 scores: min 752.56 	1.00/2.00/3/1.00/2 	max 1256.25 mean 793.93
100 scores: min 752.56 	1.00/2.00/3/1.00/2 	max 1268.25 mean 783.08
100 scores: min 752.56 	1.00/2.00/3/1.00/2 	max 1253.50 mean 788.05
100 scores: min 752.56 	1.00/2.00/3/1.00/2 	max 1267.50 mean 781.00
100 scores: min 752.56 	1.00/2.00/3/1.00/2 	max 1254.25 mean 780.26
100 scores: min 752.56 	1.00/2.00/3/1.00/2 	max 1273.00 mean 801.02
100 scores: min 752.56 	1.00/2.00/3/1.00/2 	max 1268.25 mean 782.56
100 scores: min 752.56 	1.00/2.00/3/1.00/2 	max 1504.75 mean 775.20
100 scores: min 752.56 	1.00/2.00/3/1.00/2 	max 1255.50 mean 781.68
100 scores: min 752.56 	1.00/2.00/3/1.00/2 	max 1268.25 mean 791.55
100 scores: min 752.56 	1.00/2.00/3/1.00/2 	max 1260.50 mean 795.46
100 scores: min 752.56 	1.00/2.00/3/1.00/2 	max 1255.25 mean 775.56
100 scores: min 752.56 	1.00/2.00/3/1.00/2 	max 1271.75 mean 803.10
100 scores: min 752.56 	1.00/2.00/3/1.00/2 	max 1268.25 mean 808.70
100 scores: min 752.56 	1.00/2.00/3/1.00/2 	max 1255.25 mean 780.23
100 scores: min 752.56 	1.00/2.00/3/1.00/2 	max 1022.25 mean 791.28
100 scores: min 752.56 	1.00/2.00/3/1.00/2 	max 1256.00 mean 770.73
100 scores: min 752.56 	1.00/2.00/3/1.00/2 	max 1255.25 mean 785.00
100 scores: min 752.56 	1.00/2.00/3/1.00/2 	max 1017.75 mean 776.00
100 scores: min 752.56 	1.00/2.00/3/1.00/2 	max 1254.25 mean 795.85
100 scores: min 752.56 	1.00/2.00/3/1.00/2 	max 1265.25 mean 798.92
100 scores: min 752.56 	1.00/2.00/3/1.00/2 	max 1270.00 mean 813.51
100 scores: min 752.56 	1.00/2.00/3/1.00/2 	max 1268.25 mean 803.01
100 scores: min 752.56 	1.00/2.00/3/1.00/2 	max 1264.00 mean 787.92
100 scores: min 752.56 	1.00/2.00/3/1.00/2 	max 1265.50 mean 787.98
100 scores: min 752.56 	1.00/2.00/3/1.00/2 	max 1258.75 mean 793.23
100 scores: min 752.56 	1.00/2.00/3/1.00/2 	max 1268.56 mean 796.53
100 scores: min 752.56 	1.00/2.00/3/1.00/2 	max 1254.75 mean 783.90
100 scores: min 752.56 	1.00/2.00/3/1.00/2 	max 1254.25 mean 771.64
100 scores: min 752.56 	1.00/2.00/3/1.00/2 	max 1256.75 mean 800.64
100 scores: min 752.56 	1.00/2.00/3/1.00/2 	max 1756.00 mean 790.19
100 scores: min 752.56 	1.00/2.00/3/1.00/2 	max 1254.75 mean 778.12
100 scores: min 752.56 	1.00/2.00/3/1.00/2 	max 1504.75 mean 785.57
100 scores: min 752.56 	1.00/2.00/3/1.00/2 	max 1255.75 mean 782.70
100 scores: min 752.56 	1.00/2.00/3/1.00/2 	max 1266.75 mean 778.16
100 scores: min 752.56 	1.00/2.00/3/1.00/2 	max 1504.75 mean 808.20
100 scores: min 752.56 	1.00/2.00/3/1.00/2 	max 1264.00 mean 796.37
100 scores: min 752.56 	1.00/2.00/3/1.00/2 	max 1261.00 mean 792.60
100 scores: min 752.56 	1.00/2.00/3/1.00/2 	max 1254.75 mean 778.04
100 scores: min 752.56 	1.00/2.00/3/1.00/2 	max 1256.25 mean 775.50
100 scores: min 752.56 	1.00/2.00/3/1.00/2 	max 1255.00 mean 789.93
100 scores: min 752.56 	1.00/2.00/3/1.00/2 	max 1504.75 mean 787.75
100 scores: min 752.56 	1.00/2.00/3/1.00/2 	max 1253.31 mean 764.71
100 scores: min 752.56 	1.00/2.00/3/1.00/2 	max 1275.75 mean 795.68
100 scores: min 752.56 	1.00/2.00/3/1.00/2 	max 1268.25 mean 820.02
100 scores: min 752.56 	1.00/2.00/3/1.00/2 	max 1267.25 mean 795.71
100 scores: min 752.56 	1.00/2.00/3/1.00/2 	max 1255.00 mean 782.72
100 scores: min 752.56 	1.00/2.00/3/1.00/2 	max 1267.50 mean 794.22
100 scores: min 752.56 	1.00/2.00/3/1.00/2 	max 1255.75 mean 797.76
100 scores: min 752.56 	1.00/2.00/3/1.00/2 	max 1262.50 mean 781.23
100 scores: min 752.56 	1.00/2.00/3/1.00/2 	max 1268.75 mean 778.49
100 scores: min 752.56 	1.00/2.00/3/1.00/2 	max 1255.75 mean 767.66
100 scores: min 752.56 	1.00/2.00/3/1.00/2 	max 1266.25 mean 785.71
100 scores: min 752.56 	1.00/2.00/3/1.00/2 	max 1268.00 mean 790.20
100 scores: min 752.56 	1.00/2.00/3/1.00/2 	max 1269.50 mean 794.04
100 scores: min 752.56 	1.00/2.00/3/1.00/2 	max 1266.50 mean 778.86
100 scores: min 752.56 	1.00/2.00/3/1.00/2 	max 1022.75 mean 765.34
100 scores: min 752.56 	1.00/2.00/3/1.00/2 	max 1270.75 mean 786.23
100 scores: min 752.56 	1.00/2.00/3/1.00/2 	max 1019.25 mean 780.77
100 scores: min 752.56 	1.00/2.00/3/1.00/2 	max 1258.00 mean 802.89
100 scores: min 752.56 	1.00/2.00/3/1.00/2 	max 1261.00 mean 805.70
100 scores: min 752.56 	1.00/2.00/3/1.00/2 	max 1261.50 mean 787.75
100 scores: min 752.56 	1.00/2.00/3/1.00/2 	max 1264.75 mean 786.00
100 scores: min 752.56 	1.00/2.00/3/1.00/2 	max 1254.25 mean 778.04
100 scores: min 752.56 	1.00/2.00/3/1.00/2 	max 1263.50 mean 803.02
100 scores: min 752.56 	1.00/2.00/3/1.00/2 	max 1271.50 mean 788.50
100 scores: min 752.56 	1.00/2.00/3/1.00/2 	max 1263.25 mean 780.16
100 scores: min 752.56 	1.00/2.00/3/1.00/2 	max 1755.25 mean 780.53
100 scores: min 752.56 	1.00/2.00/3/1.00/2 	max 1263.25 mean 788.88
100 scores: min 752.56 	1.00/2.00/3/1.00/2 	max 1504.75 mean 803.08
100 scores: min 752.56 	1.00/2.00/3/1.00/2 	max 1263.25 mean 798.17
100 scores: min 752.56 	1.00/2.00/3/1.00/2 	max 1269.75 mean 780.62
100 scores: min 752.56 	1.00/2.00/3/1.00/2 	max 1264.25 mean 790.80
100 scores: min 752.56 	1.00/2.00/3/1.00/2 	max 1263.00 mean 783.61
100 scores: min 752.56 	1.00/2.00/3/1.00/2 	max 1267.00 mean 801.03
100 scores: min 752.56 	1.00/2.00/3/1.00/2 	max 1256.25 mean 800.88
100 scores: min 752.56 	1.00/2.00/3/1.00/2 	max 1254.75 mean 790.54
100 scores: min 752.56 	1.00/2.00/3/1.00/2 	max 1269.75 mean 796.08
100 scores: min 752.56 	1.00/2.00/3/1.00/2 	max 1270.75 mean 778.17
100 scores: min 752.56 	1.00/2.00/3/1.00/2 	max 1268.25 mean 788.07
100 scores: min 752.56 	1.00/2.00/3/1.00/2 	max 1267.25 mean 785.67
100 scores: min 752.56 	1.00/2.00/3/1.00/2 	max 1267.00 mean 798.06
100 scores: min 752.56 	1.00/2.00/3/1.00/2 	max 1766.88 mean 816.00
100 scores: min 752.56 	1.00/2.00/3/1.00/2 	max 1255.25 mean 795.95
100 scores: min 752.56 	1.00/2.00/3/1.00/2 	max 1504.75 mean 789.73
100 scores: min 752.56 	1.00/2.00/3/1.00/2 	max 1270.00 mean 788.12
100 scores: min 752.56 	1.00/2.00/3/1.00/2 	max 1254.00 mean 765.09
100 scores: min 752.56 	1.00/2.00/3/1.00/2 	max 1255.75 mean 775.88
100 scores: min 752.56 	1.00/2.00/3/1.00/2 	max 1754.25 mean 790.92
100 scores: min 752.56 	1.00/2.00/3/1.00/2 	max 1256.25 mean 780.56
100 scores: min 752.56 	1.00/2.00/3/1.00/2 	max 1018.25 mean 780.67
100 scores: min 752.56 	1.00/2.00/3/1.00/2 	max 1257.25 mean 788.03
100 scores: min 752.56 	1.00/2.00/3/1.00/2 	max 1254.75 mean 782.48
100 scores: min 752.56 	1.00/2.00/3/1.00/2 	max 1255.00 mean 777.79
100 scores: min 752.56 	1.00/2.00/3/1.00/2 	max 1269.75 mean 770.42
100 scores: min 752.56 	1.00/2.00/3/1.00/2 	max 1257.00 mean 800.44
100 scores: min 752.56 	1.00/2.00/3/1.00/2 	max 1254.25 mean 781.03
100 scores: min 752.56 	1.00/2.00/3/1.00/2 	max 1530.56 mean 800.75
100 scores: min 752.56 	1.00/2.00/3/1.00/2 	max 1504.75 mean 798.32
100 scores: min 752.56 	1.00/2.00/3/1.00/2 	max 1261.25 mean 783.73
100 scores: min 752.56 	1.00/2.00/3/1.00/2 	max 1256.25 mean 767.44
100 scores: min 752.56 	1.00/2.00/3/1.00/2 	max 1254.25 mean 788.08
100 scores: min 752.56 	1.00/2.00/3/1.00/2 	max 1264.50 mean 795.83
100 scores: min 752.56 	1.00/2.00/3/1.00/2 	max 1267.50 mean 785.87
100 scores: min 752.56 	1.00/2.00/3/1.00/2 	max 1255.75 mean 783.68
100 scores: min 752.56 	1.00/2.00/3/1.00/2 	max 1274.25 mean 764.99
100 scores: min 752.56 	1.00/2.00/3/1.00/2 	max 1271.00 mean 785.96
100 scores: min 752.56 	1.00/2.00/3/1.00/2 	max 1266.00 mean 775.63
100 scores: min 752.56 	1.00/2.00/3/1.00/2 	max 1253.50 mean 775.48
100 scores: min 752.56 	1.00/2.00/3/1.00/2 	max 1273.00 mean 820.74
100 scores: min 752.56 	1.00/2.00/3/1.00/2 	max 1263.50 mean 782.67
100 scores: min 752.56 	1.00/2.00/3/1.00/2 	max 1253.50 mean 783.19
100 scores: min 752.56 	1.00/2.00/3/1.00/2 	max 1254.25 mean 780.19
100 scores: min 752.56 	1.00/2.00/3/1.00/2 	max 1255.50 mean 796.25
100 scores: min 752.56 	1.00/2.00/3/1.00/2 	max 1020.50 mean 775.63
100 scores: min 752.56 	1.00/2.00/3/1.00/2 	max 1019.50 mean 773.58
100 scores: min 752.56 	1.00/2.00/3/1.00/2 	max 1271.25 mean 777.79
100 scores: min 752.56 	1.00/2.00/3/1.00/2 	max 1254.75 mean 773.76
100 scores: min 752.56 	1.00/2.00/3/1.00/2 	max 1269.75 mean 810.79
100 scores: min 752.56 	1.00/2.00/3/1.00/2 	max 1266.50 mean 788.21
100 scores: min 752.56 	1.00/2.00/3/1.00/2 	max 1268.50 mean 790.59
100 scores: min 752.56 	1.00/2.00/3/1.00/2 	max 1270.75 mean 802.98
100 scores: min 752.56 	1.00/2.00/3/1.00/2 	max 1255.25 mean 790.22
100 scores: min 752.56 	1.00/2.00/3/1.00/2 	max 1270.00 mean 795.77
100 scores: min 752.56 	1.00/2.00/3/1.00/2 	max 1267.75 mean 796.20
100 scores: min 752.56 	1.00/2.00/3/1.00/2 	max 1268.25 mean 790.96
100 scores: min 752.56 	1.00/2.00/3/1.00/2 	max 1018.75 mean 775.90
100 scores: min 752.56 	1.00/2.00/3/1.00/2 	max 1254.25 mean 787.89
100 scores: min 752.56 	1.00/2.00/3/1.00/2 	max 1504.75 mean 811.43
100 scores: min 752.56 	1.00/2.00/3/1.00/2 	max 1256.00 mean 792.96
100 scores: min 752.56 	1.00/2.00/3/1.00/2 	max 1254.81 mean 786.20
100 scores: min 752.56 	1.00/2.00/3/1.00/2 	max 1267.50 mean 798.62
100 scores: min 752.56 	1.00/2.00/3/1.00/2 	max 1269.50 mean 798.64
100 scores: min 752.56 	1.00/2.00/3/1.00/2 	max 1254.75 mean 775.94
100 scores: min 752.56 	1.00/2.00/3/1.00/2 	max 1505.38 mean 785.61
100 scores: min 752.56 	1.00/2.00/3/1.00/2 	max 1260.25 mean 768.53
100 scores: min 752.56 	1.00/2.00/3/1.00/2 	max 1269.75 mean 788.03
100 scores: min 752.56 	1.00/2.00/3/1.00/2 	max 1519.25 mean 793.21
100 scores: min 752.56 	1.00/2.00/3/1.00/2 	max 1255.75 mean 777.34
100 scores: min 752.56 	1.00/2.00/3/1.00/2 	max 1264.75 mean 785.93
100 scores: min 752.56 	1.00/2.00/3/1.00/2 	max 1271.75 mean 798.03
100 scores: min 752.56 	1.00/2.00/3/1.00/2 	max 1504.75 mean 792.88
100 scores: min 752.56 	1.00/2.00/3/1.00/2 	max 1254.25 mean 777.97
100 scores: min 752.56 	1.00/2.00/3/1.00/2 	max 1265.50 mean 780.51
100 scores: min 752.56 	1.00/2.00/3/1.00/2 	max 1263.25 mean 786.42
100 scores: min 752.56 	1.00/2.00/3/1.00/2 	max 1271.75 mean 796.09
100 scores: min 752.56 	1.00/2.00/3/1.00/2 	max 1267.75 mean 778.78
100 scores: min 752.56 	1.00/2.00/3/1.00/2 	max 1263.00 mean 797.98
100 scores: min 752.56 	1.00/2.00/3/1.00/2 	max 1274.81 mean 780.46
100 scores: min 752.56 	1.00/2.00/3/1.00/2 	max 1263.26 mean 801.68
100 scores: min 752.56 	1.00/2.00/3/1.00/2 	max 1266.00 mean 783.40
100 scores: min 752.56 	1.00/2.00/3/1.00/2 	max 1255.50 mean 797.67
100 scores: min 752.56 	1.00/2.00/3/1.00/2 	max 1260.00 mean 785.30
100 scores: min 752.56 	1.00/2.00/3/1.00/2 	max 1269.00 mean 798.14
100 scores: min 752.56 	1.00/2.00/3/1.00/2 	max 1268.25 mean 803.73
100 scores: min 752.56 	1.00/2.00/3/1.00/2 	max 1269.00 mean 793.63
100 scores: min 752.56 	1.00/2.00/3/1.00/2 	max 1271.75 mean 790.75
100 scores: min 752.56 	1.00/2.00/3/1.00/2 	max 1254.25 mean 775.60
100 scores: min 752.56 	1.00/2.00/3/1.00/2 	max 1024.31 mean 778.91
100 scores: min 752.56 	1.00/2.00/3/1.00/2 	max 1268.75 mean 786.27
100 scores: min 752.56 	1.00/2.00/3/1.00/2 	max 1255.75 mean 788.03
100 scores: min 752.56 	1.00/2.00/3/1.00/2 	max 1255.25 mean 783.09
100 scores: min 752.56 	1.00/2.00/3/1.00/2 	max 1254.25 mean 763.24
100 scores: min 752.56 	1.00/2.00/3/1.00/2 	max 1255.00 mean 771.03
100 scores: min 752.56 	1.00/2.00/3/1.00/2 	max 1268.75 mean 798.38
100 scores: min 752.56 	1.00/2.00/3/1.00/2 	max 1273.75 mean 809.28
100 scores: min 752.56 	1.00/2.00/3/1.00/2 	max 1504.75 mean 789.03
100 scores: min 752.56 	1.00/2.00/3/1.00/2 	max 1256.25 mean 790.54
100 scores: min 752.56 	1.00/2.00/3/1.00/2 	max 1254.25 mean 785.74
100 scores: min 752.56 	1.00/2.00/3/1.00/2 	max 1256.25 mean 790.77
100 scores: min 752.56 	1.00/2.00/3/1.00/2 	max 1272.50 mean 780.13
100 scores: min 752.56 	1.00/2.00/3/1.00/2 	max 1262.75 mean 780.80
100 scores: min 752.56 	1.00/2.00/3/1.00/2 	max 1265.00 mean 783.38
100 scores: min 752.56 	1.00/2.00/3/1.00/2 	max 1254.25 mean 778.23
100 scores: min 752.56 	1.00/2.00/3/1.00/2 	max 1268.75 mean 786.03
100 scores: min 752.56 	1.00/2.00/3/1.00/2 	max 1021.01 mean 771.56
100 scores: min 752.56 	1.00/2.00/3/1.00/2 	max 1269.50 mean 785.22
100 scores: min 752.56 	1.00/2.00/3/1.00/2 	max 1267.25 mean 794.48
100 scores: min 752.56 	1.00/2.00/3/1.00/2 	max 1267.50 mean 774.82
100 scores: min 752.56 	1.00/2.00/3/1.00/2 	max 1267.25 mean 795.87
100 scores: min 752.56 	1.00/2.00/3/1.00/2 	max 1268.75 mean 790.56
100 scores: min 752.56 	1.00/2.00/3/1.00/2 	max 1262.00 mean 778.05
100 scores: min 752.56 	1.00/2.00/3/1.00/2 	max 1267.50 mean 791.02
100 scores: min 752.56 	1.00/2.00/3/1.00/2 	max 1256.25 mean 778.46
100 scores: min 752.56 	1.00/2.00/3/1.00/2 	max 1254.25 mean 775.13
100 scores: min 752.56 	1.00/2.00/3/1.00/2 	max 1268.00 mean 796.28
100 scores: min 752.56 	1.00/2.00/3/1.00/2 	max 1271.75 mean 778.17
100 scores: min 752.56 	1.00/2.00/3/1.00/2 	max 1255.25 mean 775.91
100 scores: min 752.56 	1.00/2.00/3/1.00/2 	max 1254.25 mean 787.63
100 scores: min 752.56 	1.00/2.00/3/1.00/2 	max 1505.25 mean 808.53
100 scores: min 752.56 	1.00/2.00/3/1.00/2 	max 1254.00 mean 788.13
100 scores: min 752.56 	1.00/2.00/3/1.00/2 	max 1268.75 mean 787.89
100 scores: min 752.56 	1.00/2.00/3/1.00/2 	max 1256.50 mean 781.16
100 scores: min 752.56 	1.00/2.00/3/1.00/2 	max 1254.25 mean 786.28
100 scores: min 752.56 	1.00/2.00/3/1.00/2 	max 1268.00 mean 776.02
100 scores: min 752.56 	1.00/2.00/3/1.00/2 	max 1255.00 mean 785.47
100 scores: min 752.56 	1.00/2.00/3/1.00/2 	max 1267.25 mean 788.38
100 scores: min 752.56 	1.00/2.00/3/1.00/2 	max 1255.25 mean 785.78
100 scores: min 752.56 	1.00/2.00/3/1.00/2 	max 1254.75 mean 773.25
100 scores: min 752.56 	1.00/2.00/3/1.00/2 	max 1263.75 mean 790.43
100 scores: min 752.56 	1.00/2.00/3/1.00/2 	max 1264.75 mean 797.96
100 scores: min 752.56 	1.00/2.00/3/1.00/2 	max 1264.25 mean 783.55
100 scores: min 752.56 	1.00/2.00/3/1.00/2 	max 1272.50 mean 784.24
100 scores: min 752.56 	1.00/2.00/3/1.00/2 	max 1274.50 mean 796.80
100 scores: min 752.56 	1.00/2.00/3/1.00/2 	max 1265.25 mean 783.01
100 scores: min 752.56 	1.00/2.00/3/1.00/2 	max 1268.00 mean 793.04
100 scores: min 752.56 	1.00/2.00/3/1.00/2 	max 1255.25 mean 805.53
100 scores: min 752.56 	1.00/2.00/3/1.00/2 	max 1254.25 mean 772.87
100 scores: min 752.56 	1.00/2.00/3/1.00/2 	max 1271.00 mean 785.50
100 scores: min 752.56 	1.00/2.00/3/1.00/2 	max 1263.25 mean 775.46
100 scores: min 752.56 	1.00/2.00/3/1.00/2 	max 1262.00 mean 784.98
100 scores: min 752.56 	1.00/2.00/3/1.00/2 	max 1268.00 mean 773.48
100 scores: min 752.56 	1.00/2.00/3/1.00/2 	max 1264.75 mean 785.20
100 scores: min 752.56 	1.00/2.00/3/1.00/2 	max 1253.75 mean 769.71
100 scores: min 752.56 	1.00/2.00/3/1.00/2 	max 1272.25 mean 778.38
100 scores: min 752.56 	1.00/2.00/3/1.00/2 	max 1270.00 mean 781.66
100 scores: min 752.56 	1.00/2.00/3/1.00/2 	max 1269.25 mean 795.83
100 scores: min 752.56 	1.00/2.00/3/1.00/2 	max 1268.81 mean 810.83
100 scores: min 752.56 	1.00/2.00/3/1.00/2 	max 1253.75 mean 767.09
100 scores: min 752.56 	1.00/2.00/3/1.00/2 	max 1007.50 mean 760.85
100 scores: min 752.56 	1.00/2.00/3/1.00/2 	max 1267.25 mean 818.99
100 scores: min 752.56 	1.00/2.00/3/1.00/2 	max 1253.50 mean 772.73
100 scores: min 752.56 	1.00/2.00/3/1.00/2 	max 1504.75 mean 780.84
100 scores: min 752.56 	1.00/2.00/3/1.00/2 	max 1271.50 mean 780.77
100 scores: min 752.56 	1.00/2.00/3/1.00/2 	max 1256.25 mean 793.91
100 scores: min 752.56 	1.00/2.00/3/1.00/2 	max 1255.75 mean 785.78
100 scores: min 752.56 	1.00/2.00/3/1.00/2 	max 1253.50 mean 778.48
100 scores: min 752.56 	1.00/2.00/3/1.00/2 	max 1254.25 mean 783.19
100 scores: min 752.56 	1.00/2.00/3/1.00/2 	max 1264.25 mean 772.95
100 scores: min 752.56 	1.00/2.00/3/1.00/2 	max 1264.75 mean 787.44
100 scores: min 752.56 	1.00/2.00/3/1.00/2 	max 1504.75 mean 780.48
100 scores: min 752.56 	1.00/2.00/3/1.00/2 	max 1254.00 mean 791.55
100 scores: min 752.56 	1.00/2.00/3/1.00/2 	max 1271.75 mean 801.31
100 scores: min 752.56 	1.00/2.00/3/1.00/2 	max 1269.00 mean 775.36
100 scores: min 752.56 	1.00/2.00/3/1.00/2 	max 1264.75 mean 775.94
100 scores: min 752.56 	1.00/2.00/3/1.00/2 	max 1755.25 mean 783.44
100 scores: min 752.56 	1.00/2.00/3/1.00/2 	max 1267.00 mean 810.97
100 scores: min 752.56 	1.00/2.00/3/1.00/2 	max 1265.25 mean 799.23
100 scores: min 752.56 	1.00/2.00/3/1.00/2 	max 1256.25 mean 780.47
100 scores: min 752.56 	1.00/2.00/3/1.00/2 	max 1270.50 mean 791.49
100 scores: min 752.56 	1.00/2.00/3/1.00/2 	max 1254.25 mean 780.78
100 scores: min 752.56 	1.00/2.00/3/1.00/2 	max 1254.25 mean 783.16
100 scores: min 752.56 	1.00/2.00/3/1.00/2 	max 1262.25 mean 783.63
100 scores: min 752.56 	1.00/2.00/3/1.00/2 	max 1264.25 mean 785.46
100 scores: min 752.56 	1.00/2.00/3/1.00/2 	max 1255.50 mean 778.58
100 scores: min 752.56 	1.00/2.00/3/1.00/2 	max 1270.00 mean 772.93
100 scores: min 752.56 	1.00/2.00/3/1.00/2 	max 1254.25 mean 775.31
100 scores: min 752.56 	1.00/2.00/3/1.00/2 	max 1254.75 mean 783.49
100 scores: min 752.56 	1.00/2.00/3/1.00/2 	max 1256.25 mean 781.16
100 scores: min 752.56 	1.00/2.00/3/1.00/2 	max 1272.00 mean 783.86
100 scores: min 752.56 	1.00/2.00/3/1.00/2 	max 1263.00 mean 778.45
100 scores: min 752.56 	1.00/2.00/3/1.00/2 	max 1255.25 mean 780.12
100 scores: min 752.56 	1.00/2.00/3/1.00/2 	max 1267.25 mean 790.37
100 scores: min 752.56 	1.00/2.00/3/1.00/2 	max 1504.25 mean 792.99
100 scores: min 752.56 	1.00/2.00/3/1.00/2 	max 1253.50 mean 775.58
100 scores: min 752.56 	1.00/2.00/3/1.00/2 	max 1254.75 mean 798.61
100 scores: min 752.56 	1.00/2.00/3/1.00/2 	max 1255.00 mean 780.38
100 scores: min 752.56 	1.00/2.00/3/1.00/2 	max 1263.50 mean 803.32
100 scores: min 752.56 	1.00/2.00/3/1.00/2 	max 1254.00 mean 778.47
100 scores: min 752.56 	1.00/2.00/3/1.00/2 	max 1265.50 mean 776.11
100 scores: min 752.56 	1.00/2.00/3/1.00/2 	max 1255.25 mean 779.05
100 scores: min 752.56 	1.00/2.00/3/1.00/2 	max 1255.50 mean 788.06
100 scores: min 752.56 	1.00/2.00/3/1.00/2 	max 1266.25 mean 785.49
100 scores: min 752.56 	1.00/2.00/3/1.00/2 	max 1505.38 mean 816.46
100 scores: min 752.56 	1.00/2.00/3/1.00/2 	max 1254.00 mean 770.09
100 scores: min 752.56 	1.00/2.00/3/1.00/2 	max 1262.50 mean 798.73
100 scores: min 752.56 	1.00/2.00/3/1.00/2 	max 1019.87 mean 772.67
100 scores: min 752.56 	1.00/2.00/3/1.00/2 	max 1273.25 mean 773.34
100 scores: min 752.56 	1.00/2.00/3/1.00/2 	max 1266.50 mean 795.70
100 scores: min 752.56 	1.00/2.00/3/1.00/2 	max 1270.75 mean 796.26
100 scores: min 752.56 	1.00/2.00/3/1.00/2 	max 1265.50 mean 775.82
100 scores: min 752.56 	1.00/2.00/3/1.00/2 	max 1020.56 mean 775.18
100 scores: min 752.56 	1.00/2.00/3/1.00/2 	max 1272.00 mean 787.67
100 scores: min 752.56 	1.00/2.00/3/1.00/2 	max 1254.25 mean 782.87
100 scores: min 752.56 	1.00/2.00/3/1.00/2 	max 1269.75 mean 782.44
100 scores: min 752.56 	1.00/2.00/3/1.00/2 	max 1266.50 mean 783.13
100 scores: min 752.56 	1.00/2.00/3/1.00/2 	max 1259.00 mean 775.13
100 scores: min 752.56 	1.00/2.00/3/1.00/2 	max 1268.25 mean 806.04
100 scores: min 752.56 	1.00/2.00/3/1.00/2 	max 1755.25 mean 800.57
100 scores: min 752.56 	1.00/2.00/3/1.00/2 	max 1019.00 mean 783.74
100 scores: min 752.56 	1.00/2.00/3/1.00/2 	max 1264.75 mean 785.23
100 scores: min 752.56 	1.00/2.00/3/1.00/2 	max 1268.00 mean 783.85
100 scores: min 752.56 	1.00/2.00/3/1.00/2 	max 1254.75 mean 775.48
100 scores: min 752.56 	1.00/2.00/3/1.00/2 	max 1253.50 mean 788.90
100 scores: min 752.56 	1.00/2.00/3/1.00/2 	max 1755.25 mean 785.35
100 scores: min 752.56 	1.00/2.00/3/1.00/2 	max 1254.75 mean 791.94
100 scores: min 752.56 	1.00/2.00/3/1.00/2 	max 1254.25 mean 783.12
100 scores: min 752.56 	1.00/2.00/3/1.00/2 	max 1254.75 mean 790.70
100 scores: min 752.56 	1.00/2.00/3/1.00/2 	max 1255.25 mean 785.26
100 scores: min 752.56 	1.00/2.00/3/1.00/2 	max 1263.50 mean 795.65
100 scores: min 752.56 	1.00/2.00/3/1.00/2 	max 1267.00 mean 781.41
100 scores: min 752.56 	1.00/2.00/3/1.00/2 	max 1263.75 mean 777.79
100 scores: min 752.56 	1.00/2.00/3/1.00/2 	max 1254.75 mean 796.23
100 scores: min 752.56 	1.00/2.00/3/1.00/2 	max 1264.75 mean 805.89
100 scores: min 752.56 	1.00/2.00/3/1.00/2 	max 1255.25 mean 772.71
100 scores: min 752.56 	1.00/2.00/3/1.00/2 	max 1266.75 mean 788.30
100 scores: min 752.56 	1.00/2.00/3/1.00/2 	max 1254.81 mean 808.98
100 scores: min 752.56 	1.00/2.00/3/1.00/2 	max 1256.25 mean 770.53
100 scores: min 752.56 	1.00/2.00/3/1.00/2 	max 1263.00 mean 793.12
100 scores: min 752.56 	1.00/2.00/3/1.00/2 	max 1254.25 mean 781.31
100 scores: min 752.56 	1.00/2.00/3/1.00/2 	max 1267.75 mean 780.68
100 scores: min 752.56 	1.00/2.00/3/1.00/2 	max 1254.25 mean 785.65
100 scores: min 752.56 	1.00/2.00/3/1.00/2 	max 1267.25 mean 791.24
100 scores: min 752.56 	1.00/2.00/3/1.00/2 	max 1264.25 mean 785.81
100 scores: min 752.56 	1.00/2.00/3/1.00/2 	max 1254.81 mean 788.21
100 scores: min 752.56 	1.00/2.00/3/1.00/2 	max 1255.25 mean 788.30
100 scores: min 752.56 	1.00/2.00/3/1.00/2 	max 1263.25 mean 785.93
100 scores: min 752.56 	1.00/2.00/3/1.00/2 	max 1256.25 mean 784.99
100 scores: min 752.56 	1.00/2.00/3/1.00/2 	max 1257.00 mean 792.82
100 scores: min 752.56 	1.00/2.00/3/1.00/2 	max 1262.00 mean 787.01
100 scores: min 752.56 	1.00/2.00/3/1.00/2 	max 1256.25 mean 795.69
100 scores: min 752.56 	1.00/2.00/3/1.00/2 	max 1271.75 mean 770.83
100 scores: min 752.56 	1.00/2.00/3/1.00/2 	max 1266.75 mean 803.38
100 scores: min 752.56 	1.00/2.00/3/1.00/2 	max 1269.75 mean 794.05
100 scores: min 752.56 	1.00/2.00/3/1.00/2 	max 1254.75 mean 774.89
100 scores: min 752.56 	1.00/2.00/3/1.00/2 	max 1266.75 mean 775.67
100 scores: min 752.56 	1.00/2.00/3/1.00/2 	max 1266.50 mean 803.54
100 scores: min 752.56 	1.00/2.00/3/1.00/2 	max 1255.75 mean 805.34
100 scores: min 752.56 	1.00/2.00/3/1.00/2 	max 1504.75 mean 792.58
100 scores: min 752.56 	1.00/2.00/3/1.00/2 	max 1254.75 mean 782.95
100 scores: min 752.56 	1.00/2.00/3/1.00/2 	max 1254.75 mean 782.95
100 scores: min 752.56 	1.00/2.00/3/1.00/2 	max 1019.31 mean 763.26
100 scores: min 752.56 	1.00/2.00/3/1.00/2 	max 1265.00 mean 781.31
100 scores: min 752.56 	1.00/2.00/3/1.00/2 	max 1015.51 mean 767.42
100 scores: min 752.56 	1.00/2.00/3/1.00/2 	max 1255.50 mean 781.55
100 scores: min 752.56 	1.00/2.00/3/1.00/2 	max 1254.75 mean 770.68
100 scores: min 752.56 	1.00/2.00/3/1.00/2 	max 1258.50 mean 796.45
100 scores: min 752.56 	1.00/2.00/3/1.00/2 	max 1254.25 mean 785.60
100 scores: min 752.56 	1.00/2.00/3/1.00/2 	max 1256.25 mean 774.99
100 scores: min 752.56 	1.00/2.00/3/1.00/2 	max 1256.50 mean 780.59
100 scores: min 752.56 	1.00/2.00/3/1.00/2 	max 1254.75 mean 793.33
100 scores: min 752.56 	1.00/2.00/3/1.00/2 	max 1271.75 mean 803.71
100 scores: min 752.56 	1.00/2.00/3/1.00/2 	max 1255.50 mean 786.04
100 scores: min 752.56 	1.00/2.00/3/1.00/2 	max 1265.50 mean 793.87
100 scores: min 752.56 	1.00/2.00/3/1.00/2 	max 1264.75 mean 806.24
100 scores: min 752.56 	1.00/2.00/3/1.00/2 	max 1256.25 mean 805.38
100 scores: min 752.56 	1.00/2.00/3/1.00/2 	max 1268.25 mean 786.78
100 scores: min 752.56 	1.00/2.00/3/1.00/2 	max 1265.50 mean 780.39
100 scores: min 752.56 	1.00/2.00/3/1.00/2 	max 1012.26 mean 768.11
100 scores: min 752.56 	1.00/2.00/3/1.00/2 	max 1255.00 mean 778.08
100 scores: min 752.56 	1.00/2.00/3/1.00/2 	max 1255.00 mean 777.87
100 scores: min 752.56 	1.00/2.00/3/1.00/2 	max 1261.75 mean 787.89
100 scores: min 752.56 	1.00/2.00/3/1.00/2 	max 1265.00 mean 800.93
100 scores: min 752.56 	1.00/2.00/3/1.00/2 	max 1254.31 mean 775.17
100 scores: min 752.56 	1.00/2.00/3/1.00/2 	max 1266.75 mean 791.92
100 scores: min 752.56 	1.00/2.00/3/1.00/2 	max 1255.25 mean 791.27
100 scores: min 752.56 	1.00/2.00/3/1.00/2 	max 1255.25 mean 784.08
100 scores: min 752.56 	1.00/2.00/3/1.00/2 	max 1266.75 mean 808.34
100 scores: min 752.56 	1.00/2.00/3/1.00/2 	max 1265.25 mean 798.48
100 scores: min 752.56 	1.00/2.00/3/1.00/2 	max 1262.25 mean 786.06
100 scores: min 752.56 	1.00/2.00/3/1.00/2 	max 1264.00 mean 802.47
100 scores: min 752.56 	1.00/2.00/3/1.00/2 	max 1258.75 mean 782.44
100 scores: min 752.56 	1.00/2.00/3/1.00/2 	max 1258.75 mean 797.67
100 scores: min 752.56 	1.00/2.00/3/1.00/2 	max 1263.75 mean 795.64
100 scores: min 752.56 	1.00/2.00/3/1.00/2 	max 1268.25 mean 788.01
100 scores: min 752.56 	1.00/2.00/3/1.00/2 	max 1255.50 mean 787.71
100 scores: min 752.56 	1.00/2.00/3/1.00/2 	max 1254.00 mean 801.48
100 scores: min 752.56 	1.00/2.00/3/1.00/2 	max 1254.75 mean 772.94
100 scores: min 752.56 	1.00/2.00/3/1.00/2 	max 1258.00 mean 793.48
100 scores: min 752.56 	1.00/2.00/3/1.00/2 	max 1264.50 mean 780.77
100 scores: min 752.56 	1.00/2.00/3/1.00/2 	max 1267.76 mean 789.01
100 scores: min 752.56 	1.00/2.00/3/1.00/2 	max 1264.50 mean 807.74
100 scores: min 752.56 	1.00/2.00/3/1.00/2 	max 1254.25 mean 785.71
100 scores: min 752.56 	1.00/2.00/3/1.00/2 	max 1255.25 mean 795.21
100 scores: min 752.56 	1.00/2.00/3/1.00/2 	max 1255.25 mean 781.24
100 scores: min 752.56 	1.00/2.00/3/1.00/2 	max 1263.25 mean 806.10
100 scores: min 752.56 	1.00/2.00/3/1.00/2 	max 1504.75 mean 807.93
100 scores: min 752.56 	1.00/2.00/3/1.00/2 	max 1269.25 mean 781.34
100 scores: min 752.56 	1.00/2.00/3/1.00/2 	max 1270.75 mean 800.72
100 scores: min 752.56 	1.00/2.00/3/1.00/2 	max 1271.25 mean 780.33
100 scores: min 752.56 	1.00/2.00/3/1.00/2 	max 1254.75 mean 770.67
100 scores: min 752.56 	1.00/2.00/3/1.00/2 	max 1261.00 mean 791.05
100 scores: min 752.56 	1.00/2.00/3/1.00/2 	max 1255.50 mean 782.45
100 scores: min 752.56 	1.00/2.00/3/1.00/2 	max 1274.50 mean 803.54
100 scores: min 752.56 	1.00/2.00/3/1.00/2 	max 1755.75 mean 793.98
100 scores: min 752.56 	1.00/2.00/3/1.00/2 	max 1253.50 mean 773.87
100 scores: min 752.56 	1.00/2.00/3/1.00/2 	max 1266.50 mean 763.23
100 scores: min 752.56 	1.00/2.00/3/1.00/2 	max 1255.50 mean 779.41
100 scores: min 752.56 	1.00/2.00/3/1.00/2 	max 1265.25 mean 808.83
100 scores: min 752.56 	1.00/2.00/3/1.00/2 	max 1255.25 mean 790.65
100 scores: min 752.56 	1.00/2.00/3/1.00/2 	max 1268.25 mean 803.57
100 scores: min 752.56 	1.00/2.00/3/1.00/2 	max 1255.50 mean 772.93
100 scores: min 752.56 	1.00/2.00/3/1.00/2 	max 1255.50 mean 775.86
100 scores: min 752.56 	1.00/2.00/3/1.00/2 	max 1504.75 mean 792.99
100 scores: min 752.56 	1.00/2.00/3/1.00/2 	max 1254.75 mean 794.07
100 scores: min 752.56 	1.00/2.00/3/1.00/2 	max 1274.50 mean 779.04
100 scores: min 752.56 	1.00/2.00/3/1.00/2 	max 1504.75 mean 801.12
100 scores: min 752.56 	1.00/2.00/3/1.00/2 	max 1255.25 mean 791.36
100 scores: min 752.56 	1.00/2.00/3/1.00/2 	max 1254.00 mean 770.76
100 scores: min 752.56 	1.00/2.00/3/1.00/2 	max 1264.00 mean 788.72
100 scores: min 752.56 	1.00/2.00/3/1.00/2 	max 1504.75 mean 785.54
100 scores: min 752.56 	1.00/2.00/3/1.00/2 	max 1269.00 mean 779.97
100 scores: min 752.56 	1.00/2.00/3/1.00/2 	max 1255.75 mean 790.33
100 scores: min 752.56 	1.00/2.00/3/1.00/2 	max 1268.50 mean 793.75
100 scores: min 752.56 	1.00/2.00/3/1.00/2 	max 1254.00 mean 768.07
100 scores: min 752.56 	1.00/2.00/3/1.00/2 	max 1272.75 mean 816.06
100 scores: min 752.56 	1.00/2.00/3/1.00/2 	max 1254.75 mean 791.94
100 scores: min 752.56 	1.00/2.00/3/1.00/2 	max 1264.50 mean 795.60
100 scores: min 752.56 	1.00/2.00/3/1.00/2 	max 1265.75 mean 785.98
100 scores: min 752.56 	1.00/2.00/3/1.00/2 	max 1504.75 mean 800.80
100 scores: min 752.56 	1.00/2.00/3/1.00/2 	max 1256.25 mean 808.05
100 scores: min 752.56 	1.00/2.00/3/1.00/2 	max 1255.50 mean 781.13
100 scores: min 752.56 	1.00/2.00/3/1.00/2 	max 1270.00 mean 786.56
100 scores: min 752.56 	1.00/2.00/3/1.00/2 	max 1754.25 mean 785.70
All static routes:

All dynamic routes:
	771:1:65536	744:1:65536	980:1:65536	936:1:65536	609:1:16	556:1:16	585:1:16	638:1:16	799:1:16	713:3:1	713:3:1	713:3:1	846:1:1	892:1:1	686:1:1
Best score is 752.56
Used 2 VCs for endpoint coloring.
	Used 2 VCs.
[[32mproute[0m] 	Used 2 VCs.
[[32mproute[0m] DynHopsVec:262144, DynHopsScal:189, StatHopsVec:0, StatHopsScal:0
[pir] Finished 66-PlastisimPlacementCodegen to [36mfinal.place[0m in 94731.478654ms
[pir] Running 67-PlastisimDotCodegen ...[pir] Finished 67-PlastisimDotCodegen to [36mpsim.dot[0m in 163.312835ms
[pir] Running 68-PlastisimConfigCodegen ...[[33mcommand[0m] ln -f /home/yaqiz/plastisim/configs/mesh_generic.cfg /home/yaqiz/plastisim/configs/finals/DotProduct__N_1048576_ts_65536_op_1_psim_D_v0_s0_rq4/
[[33mpsim[0m] /home/yaqiz/plastisim/plastisim -f /home/yaqiz/plastisim/configs/finals/DotProduct__N_1048576_ts_65536_op_1_psim_D_v0_s0_rq4/config.psim -p /home/yaqiz/plastisim/configs/finals/DotProduct__N_1048576_ts_65536_op_1_psim_D_v0_s0_rq4/final.place -c 100000000 -l B -w 512 -q1
[[33mpsim[0m] log in /home/yaqiz/pir/out/DotProduct__N_1048576_ts_65536_op_1_psim_D_v0_s0_rq4/psim.log
Error setting qdiv = 512
Set non-priority VC slowdown to 1
Changing to config directory: /home/yaqiz/plastisim/configs/finals/DotProduct__N_1048576_ts_65536_op_1_psim_D_v0_s0_rq4
Error setting sendvc = 0
Constructing NetworkLink.
Error setting saddr = 4
Constructing NetworkLink.
Error setting daddr = 2
Constructing NetworkLink.
Error setting daddr = 35
Constructing NetworkLink.
Error setting daddr = 18
Constructing NetworkLink.
Error setting class = 0
Constructing NetworkLink.
Error setting class = 0
Constructing NetworkLink.
Error setting class = 1
Constructing NetworkLink.
Error setting class = 0
Constructing NetworkLink.
Error setting class = 1
Constructing NetworkLink.
Constructing NetworkLink.
Constructing NetworkLink.
Error setting class = 0
Constructing NetworkLink.
Error setting qdiv = 512
Added all names to the symbol table.
Error setting sendvc = 0
Printing hop routes
Error setting saddr = 4
0	556: X, vc0
Error setting daddr = 35
	585: X, vc1
	936: E, vc0
Error setting class = 1
1	556: W, vc0
	585: W, vc1
Error setting class = 1
	744: S, vc0
	936: X, vc0
Error setting qdiv = 512
Error setting sendvc = 0
Error setting saddr = 4
Error setting daddr = 2
Error setting class = 1
Error setting class = 1
Error setting qdiv = 512
Error setting sendvc = 0
Error setting saddr = 1
Error setting daddr = 17
Error setting class = 1
Error setting class = 1
Error setting qdiv = 512
Error setting sendvc = 0
Error setting saddr = 32
Error setting daddr = 33
Error setting class = 0
Error setting class = 0
Error setting qdiv = 512
Error setting sendvc = 0
2	556: W, vc0
	585: W, vc1
	686: E, vc0
	713: XS, vc0
	846: X, vc1
3	686: E, vc0
	713: SW, vc0
	846: W, vc1
4	686: X, vc0
	713: W, vc0
	846: W, vc1
	892: S, vc0
17	744: X, vc1
	771: X, vc0
	799: E, vc0
18	686: N, vc0
	713: X, vc1
	799: X, vc0
19	713: S, vc0
20	892: S, vc0
32	609: X, vc0
	638: X, vc1
	980: E, vc0
33	609: W, vc0
	638: W, vc1
	771: N, vc0
	980: X, vc0
34	609: W, vc0
	638: W, vc1
35	609: W, vc0
	638: W, vc1
	713: X, vc0
	892: X, vc1
36	892: W, vc0
Parsed placement file.
Setting quality factor slowdown of 1 for 713
Set bits per phit to 512
Set ejection VC at addr 2 to 0
Set ejection VC at addr 35 to 0
Set ejection VC at addr 18 to 1
Link specified in placement file.
Updating dynamic link exit VCs.
2 hops for route 713
Set exit class for pos 0 to 0 (rt 713)
2 hops for route 713
1 hops for route 713
1 hops for route 713
Set exit class for pos 2 to 1 (rt 713)
1 hops for route 713
1 hops for route 713
Set exit class for pos 1 to 0 (rt 713)
Setting quality factor slowdown of 1 for 892
Set bits per phit to 512
Set ejection VC at addr 35 to 1
Link specified in placement file.
Updating dynamic link exit VCs.
1 hops for route 892
1 hops for route 892
1 hops for route 892
Set exit class for pos 0 to 1 (rt 892)
1 hops for route 892
Setting quality factor slowdown of 1 for 846
Set bits per phit to 512
Set ejection VC at addr 2 to 1
Link specified in placement file.
Updating dynamic link exit VCs.
1 hops for route 846
Set exit class for pos 0 to 1 (rt 846)
1 hops for route 846
1 hops for route 846
Setting quality factor slowdown of 1 for 744
Set bits per phit to 512
Set ejection VC at addr 17 to 1
Link specified in placement file.
Updating dynamic link exit VCs.
1 hops for route 744
1 hops for route 744
Set exit class for pos 0 to 1 (rt 744)
Setting quality factor slowdown of 1 for 980
Set bits per phit to 512
Set ejection VC at addr 33 to 0
Link specified in placement file.
Updating dynamic link exit VCs.
1 hops for route 980
1 hops for route 980
Set exit class for pos 0 to 0 (rt 980)
Setting quality factor slowdown of 1 for 936
Set bits per phit to 512
Set ejection VC at addr 1 to 0
Link specified in placement file.
Updating dynamic link exit VCs.
1 hops for route 936
1 hops for route 936
Set exit class for pos 0 to 0 (rt 936)
Setting quality factor slowdown of 1 for 771
Set bits per phit to 512
Set ejection VC at addr 17 to 0
Link specified in placement file.
Updating dynamic link exit VCs.
1 hops for route 771
Set exit class for pos 0 to 0 (rt 771)
1 hops for route 771
Setting quality factor slowdown of 1 for 609
Set bits per phit to 512
Set ejection VC at addr 32 to 0
Link specified in placement file.
Updating dynamic link exit VCs.
1 hops for route 609
Set exit class for pos 0 to 0 (rt 609)
1 hops for route 609
1 hops for route 609
1 hops for route 609
Setting quality factor slowdown of 1 for 556
Set bits per phit to 512
Set ejection VC at addr 0 to 0
Link specified in placement file.
Updating dynamic link exit VCs.
1 hops for route 556
Set exit class for pos 0 to 0 (rt 556)
1 hops for route 556
1 hops for route 556
Setting quality factor slowdown of 1 for 638
Set bits per phit to 512
Set ejection VC at addr 32 to 1
Link specified in placement file.
Updating dynamic link exit VCs.
1 hops for route 638
Set exit class for pos 0 to 1 (rt 638)
1 hops for route 638
1 hops for route 638
1 hops for route 638
Setting quality factor slowdown of 1 for 585
Set bits per phit to 512
Set ejection VC at addr 0 to 1
Link specified in placement file.
Updating dynamic link exit VCs.
1 hops for route 585
Set exit class for pos 0 to 1 (rt 585)
1 hops for route 585
Error setting saddr = 0
1 hops for route 585
Error setting daddr = 1
Set lat 1 from 0 to 0
Error setting class = 0
Set lat 1 from 0 to 0
Error setting class = 0
Setting quality factor slowdown of 1 for 799
Error setting qdiv = 512
Set bits per phit to 512
Error setting sendvc = 0
Set ejection VC at addr 18 to 0
Error setting saddr = 33
Link specified in placement file.
Error setting daddr = 17
Updating dynamic link exit VCs.
Error setting class = 0
1 hops for route 799
Error setting class = 0
1 hops for route 799
Error setting qdiv = 512
Set exit class for pos 0 to 0 (rt 799)
Setting quality factor slowdown of 1 for 686
Set bits per phit to 512
Error setting sendvc = 0
Set ejection VC at addr 4 to 0
Error setting saddr = 35
Link specified in placement file.
Error setting daddr = 32
Updating dynamic link exit VCs.
Error setting class = 0
1 hops for route 686
Error setting class = 0
1 hops for route 686
Error setting qdiv = 512
1 hops for route 686
Error setting sendvc = 0
Error setting saddr = 2
Set exit class for pos 0 to 0 (rt 686)
Error setting daddr = 0
1 hops for route 686
Error setting class = 0
Number of network classes: 2
Error setting class = 0
Child process has pid -23818
Error setting qdiv = 512
Error setting sendvc = 0
Error setting saddr = 35
Error setting daddr = 32
Error setting class = 1
Error setting class = 1
Error setting qdiv = 512
Error setting sendvc = 0
Error setting saddr = 2
Error setting daddr = 0
Error setting class = 1
Error setting class = 1
Error setting qdiv = 512
Error setting sendvc = 0
Error setting saddr = 17
Error setting daddr = 18
Error setting class = 0
Error setting class = 0
Error setting qdiv = 512
Error setting sendvc = 0
Error setting saddr = 18
Error setting daddr = 4
Error setting class = 0
Error setting class = 0
== Loading device model file '/home/yaqiz/plastisim/configs/DDR3_micron_64M_8B_x4_sg15.ini' == 
== Loading system model file '/home/yaqiz/plastisim/configs/system.ini' == 
===== MemorySystem 0 =====
CH. 0 TOTAL_STORAGE : 4096MB | 1 Ranks | 16 Devices per rank
===== MemorySystem 1 =====
CH. 1 TOTAL_STORAGE : 4096MB | 1 Ranks | 16 Devices per rank
===== MemorySystem 2 =====
CH. 2 TOTAL_STORAGE : 4096MB | 1 Ranks | 16 Devices per rank
===== MemorySystem 3 =====
CH. 3 TOTAL_STORAGE : 4096MB | 1 Ranks | 16 Devices per rank
at addr 0 to 1
Link specified in placement file.
Updating dynamic link exit VCs.
1 hops for route 585
Set exit class for pos 0 to 1 (rt 585)
1 hops for route 585
1 hops for route 585
Set lat 1 from 0 to 0
Set lat 1 from 0 to 0
Setting quality factor slowdown of 1 for 799
Set bits per phit to 512
Set ejection VC at addr 18 to 0
Link specified in placement file.
Updating dynamic link exit VCs.
1 hops for route 799
1 hops for route 799
Set exit class for pos 0 to 0 (rt 799)
Setting quality factor slowdown of 1 for 686
Set bits per phit to 512
Set ejection VC at addr 4 to 0
Link specified in placement file.
Updating dynamic link exit VCs.
1 hops for route 686
1 hops for route 686
1 hops for route 686
Set exit class for pos 0 to 0 (rt 686)
1 hops for route 686
Number of network classes: 2
I'm the child process!
GPGPU-Sim uArch: interconnect node map (shaderID+MemID to icntID)
GPGPU-Sim uArch: Memory nodes ID start from index: 256
GPGPU-Sim uArch:    0   1   2   3   4   5   6   7   8   9  10  11  12  13  14  15
GPGPU-Sim uArch:   16  17  18  19  20  21  22  23  24  25  26  27  28  29  30  31
GPGPU-Sim uArch:   32  33  34  35  36  37  38  39  40  41  42  43  44  45  46  47
GPGPU-Sim uArch:   48  49  50  51  52  53  54  55  56  57  58  59  60  61  62  63
GPGPU-Sim uArch:   64  65  66  67  68  69  70  71  72  73  74  75  76  77  78  79
GPGPU-Sim uArch:   80  81  82  83  84  85  86  87  88  89  90  91  92  93  94  95
GPGPU-Sim uArch:   96  97  98  99 100 101 102 103 104 105 106 107 108 109 110 111
GPGPU-Sim uArch:  112 113 114 115 116 117 118 119 120 121 122 123 124 125 126 127
GPGPU-Sim uArch:  128 129 130 131 132 133 134 135 136 137 138 139 140 141 142 143
GPGPU-Sim uArch:  144 145 146 147 148 149 150 151 152 153 154 155 156 157 158 159
GPGPU-Sim uArch:  160 161 162 163 164 165 166 167 168 169 170 171 172 173 174 175
GPGPU-Sim uArch:  176 177 178 179 180 181 182 183 184 185 186 187 188 189 190 191
GPGPU-Sim uArch:  192 193 194 195 196 197 198 199 200 201 202 203 204 205 206 207
GPGPU-Sim uArch:  208 209 210 211 212 213 214 215 216 217 218 219 220 221 222 223
GPGPU-Sim uArch:  224 225 226 227 228 229 230 231 232 233 234 235 236 237 238 239
GPGPU-Sim uArch:  240 241 242 243 244 245 246 247 248 249 250 251 252 253 254 255
GPGPU-Sim uArch: interconnect node reverse map (icntID to shaderID+MemID)
GPGPU-Sim uArch: Memory nodes start from ID: 256
GPGPU-Sim uArch:    0   1   2   3   4   5   6   7   8   9  10  11  12  13  14  15
GPGPU-Sim uArch:   16  17  18  19  20  21  22  23  24  25  26  27  28  29  30  31
GPGPU-Sim uArch:   32  33  34  35  36  37  38  39  40  41  42  43  44  45  46  47
GPGPU-Sim uArch:   48  49  50  51  52  53  54  55  56  57  58  59  60  61  62  63
GPGPU-Sim uArch:   64  65  66  67  68  69  70  71  72  73  74  75  76  77  78  79
GPGPU-Sim uArch:   80  81  82  83  84  85  86  87  88  89  90  91  92  93  94  95
GPGPU-Sim uArch:   96  97  98  99 100 101 102 103 104 105 106 107 108 109 110 111
GPGPU-Sim uArch:  112 113 114 115 116 117 118 119 120 121 122 123 124 125 126 127
GPGPU-Sim uArch:  128 129 130 131 132 133 134 135 136 137 138 139 140 141 142 143
GPGPU-Sim uArch:  144 145 146 147 148 149 150 151 152 153 154 155 156 157 158 159
GPGPU-Sim uArch:  160 161 162 163 164 165 166 167 168 169 170 171 172 173 174 175
GPGPU-Sim uArch:  176 177 178 179 180 181 182 183 184 185 186 187 188 189 190 191
GPGPU-Sim uArch:  192 193 194 195 196 197 198 199 200 201 202 203 204 205 206 207
GPGPU-Sim uArch:  208 209 210 211 212 213 214 215 216 217 218 219 220 221 222 223
GPGPU-Sim uArch:  224 225 226 227 228 229 230 231 232 233 234 235 236 237 238 239
GPGPU-Sim uArch:  240 241 242 243 244 245 246 247 248 249 250 251 252 253 254 255
Parsed definitions of all elements.
Total of 15 links:
  0: ArgIn358_ArgIn380_ArgIn662
    
  1: DramAddress115
    
  2: DramAddress53
    
  3: RetimingFIFO416
    
  4: RetimingFIFO483
    
  5: RetimingFIFO454
    
  6: RetimingFIFO444
    
  7: StreamOut106
    
  8: StreamOut44
    
  9: StreamOut107
    
  10: StreamOut45
    
  11: SRAM33
    
  12: SRAM34
    
  13: Reg166
    
  14: ArgOut12
    
Total of 12 nodes:
  0: CE1028
    [StreamOut45 *4096 /1] [StreamOut44 *4096 /1]  => [RetimingFIFO454] 
  1: CE1148
    [RetimingFIFO454 *1 /1]  => [SRAM33] 
  2: CE1138
    [SRAM33 *4096 /1]  => [RetimingFIFO416] 
  3: CE1042
    [StreamOut107 *4096 /1] [StreamOut106 *4096 /1]  => [RetimingFIFO483] 
  4: CE1168
    [RetimingFIFO483 *1 /1]  => [SRAM34] 
  5: CE1158
    [SRAM34 *4096 /1]  => [RetimingFIFO444] 
  6: CE1076
    [RetimingFIFO416 *1 /1] [RetimingFIFO444 *1 /1]  => [Reg166] 
  7: CE1056
     => [ArgIn358_ArgIn380_ArgIn662] [DramAddress53] [DramAddress115] 
  8: CE1066
    [ArgOut12 *1 /1]  => 
  9: CE1090
    [ArgIn358_ArgIn380_ArgIn662 *16 /1] [Reg166 *1 /1]  => [ArgOut12] 
  10: CE1106
    [ArgIn358_ArgIn380_ArgIn662 *16 /1] [DramAddress53 *16 /1]  => [StreamOut45] [StreamOut44] 
  11: CE1124
    [ArgIn358_ArgIn380_ArgIn662 *16 /1] [DramAddress115 *16 /1]  => [StreamOut107] [StreamOut106] 

DRAMSim2 Clock Frequency =800000000Hz, CPU Clock Frequency=1000000000Hz
10000...
20000...
30000...
40000...
50000...
60000...
70000...
80000...
90000...
100000...
110000...
120000...
130000...
140000...
150000...
160000...
170000...
180000...
190000...
200000...
Simulation complete at cycle: 209199
[[32mpsim[0m] Simulation complete at cycle: 209199
CE1028: Active:  31.3 Stalled:  62.6 Starved:   6.3 Total Active:    65536 Total Output:    65536 Expected Active:    65536 Last Activity: 13049 
	   65536    65536 
	DRAM:  20.05 GB/s ( 20.05 GB/s R,   0.00 GB/s W)
	ROB remaining: 0
CE1148: Active:  31.3 Stalled:   0.0 Starved:  68.7 Total Active:    65536 Total Output:    65536 Expected Active:    65536 Last Activity: 12364 
	   65536 
CE1138: Active:  31.3 Stalled:  62.5 Starved:   6.3 Total Active:    65536 Total Output:    65536 Expected Active:    65536 Last Activity: 105 
	   65536 
CE1042: Active:  31.3 Stalled:  62.6 Starved:   6.3 Total Active:    65536 Total Output:    65536 Expected Active:    65536 Last Activity: 13052 
	   65536    65536 
	DRAM:  20.05 GB/s ( 20.05 GB/s R,   0.00 GB/s W)
	ROB remaining: 0
CE1168: Active:  31.3 Stalled:   0.0 Starved:  68.7 Total Active:    65536 Total Output:    65536 Expected Active:    65536 Last Activity: 12379 
	   65536 
CE1158: Active:  31.3 Stalled:  62.5 Starved:   6.3 Total Active:    65536 Total Output:    65536 Expected Active:    65536 Last Activity: 120 
	   65536 
CE1076: Active:  31.3 Stalled:   0.0 Starved:  68.7 Total Active:    65536 Total Output:    65536 Expected Active:    65536 Last Activity: 53 
	   65536    65536 
CE1056: Active:   0.0 Stalled:   0.0 Starved: 100.0 Total Active:        1 Total Output:        1 Expected Active:        1 Last Activity: 209198 
	
CE1066: Active:   0.0 Stalled:   0.0 Starved: 100.0 Total Active:        1 Total Output:        1 Expected Active:        1 Last Activity: 1 
	       1 
CE1090: Active:   0.0 Stalled:   0.0 Starved: 100.0 Total Active:       16 Total Output:       16 Expected Active:       16 Last Activity: 31 
	      16       16 
CE1106: Active:   0.0 Stalled:   0.0 Starved: 100.0 Total Active:       16 Total Output:       16 Expected Active:       16 Last Activity: 209136 
	      16       16 
CE1124: Active:   0.0 Stalled:   0.0 Starved: 100.0 Total Active:       16 Total Output:       16 Expected Active:       16 Last Activity: 209119 
	      16       16 
Total DRAM:	  40.10 GB/s ( 40.10 GB/s R,   0.00 GB/s W)
[[32mpsim[0m] Total DRAM:	  40.10 GB/s ( 40.10 GB/s R,   0.00 GB/s W)
Pending Read: 0	 Pending Write: 0	
Sending shutdown IPC message.
IPC layer sent 209199 msgs recvd 209199 msgs
[pir] Finished 68-PlastisimConfigCodegen to [36mconfig.psim[0m in 53777.330535ms
[pir] Running 69-PlastisimDotCodegen ...[pir] Finished 69-PlastisimDotCodegen to [36mpsim.dot[0m in 134.239393ms
[pir] Saving node prism.Session@7347fe5a to /home/yaqiz/pir/out/DotProduct__N_1048576_ts_65536_op_1_psim_D_v0_s0_rq4/DotProduct__N_1048576_ts_65536_op_1.sess
[0m[[32msuccess[0m] [0mTotal time: 192 s, completed Aug 6, 2018 1:32:45 AM[0m
-------------PASS (DONE)------------
