Java HotSpot(TM) 64-Bit Server VM warning: ignoring option MaxPermSize=1g; support was removed in 8.0
Picked up _JAVA_OPTIONS: -Xss8192k
[0m[[0minfo[0m] [0mLoading global plugins from /home/yaqiz/.sbt/0.13/plugins[0m
[0m[[0minfo[0m] [0mLoading project definition from /home/yaqiz/pir/project[0m
[0m[[0minfo[0m] [0mSet current project to default-675fdc (in build file:/home/yaqiz/pir/)[0m
[0m[[0minfo[0m] [0mSet current project to apps (in build file:/home/yaqiz/pir/)[0m
[0m[[0minfo[0m] [0mRunning DotProduct__N_1048576_ts_65536_op_1 --out=/home/yaqiz/pir/out/DotProduct__N_1048576_ts_65536_op_1_psim_D_v1_s4 --psim-out=/home/yaqiz/plastisim/configs/finals/DotProduct__N_1048576_ts_65536_op_1_psim_D_v1_s4 --debug=false --verbose=true --dot=false --load-pir=true --save-pir=true --psim=true --trace=true --ctrl=true --bp=false --stat=true --routing-algo=proute --proute-iter=1000 --run-psim=true --arch=MyDesign --row=16 --col=8 --topo=mesh --argin=64 --tokenout=32 --pcu-stage=4 --vc=4 --net=dynamic --vlink=1 --slink=4 --fifo-depth=4 --vfifo=4 --proute-algo=route_min_directed_valient --link-prop=db --flit-width=512[0m
[pir] args=[--load-pir=true, --run-psim=false, --trace=false, --net=dynamic, --stat=false, --vlink=2, --slink=6, --vfifo=4, --row=16, --col=8, --topo=mesh, --routing-algo=proute, --psim-timeout=100000000, --mapping=true, --splitting=true, --save-pir=true, --load-spade=false, --save-spade=false, --splitting-algo=alias_weighted_igraph, --ctrl=true, --bp=false, --snapint=10, --snapshot=false, --dot=true, --psim=true, --arch=MyDesign, --nn=false, --dag=true, --pattern=checkerboard, --argin=20, --argout=4, --tokenout=5, --fifo-depth=10, --vc=10, --routing-cost=H-hop, --out=/home/yaqiz/pir/out/DotProduct__N_1048576_ts_65536_op_1_psim_D_v1_s4, --psim-out=/home/yaqiz/plastisim/configs/finals/DotProduct__N_1048576_ts_65536_op_1_psim_D_v1_s4, --debug=false, --verbose=true, --dot=false, --load-pir=true, --save-pir=true, --psim=true, --trace=true, --ctrl=true, --bp=false, --stat=true, --routing-algo=proute, --proute-iter=1000, --run-psim=true, --arch=MyDesign, --row=16, --col=8, --topo=mesh, --argin=64, --tokenout=32, --pcu-stage=4, --vc=4, --net=dynamic, --vlink=1, --slink=4, --fifo-depth=4, --vfifo=4, --proute-algo=route_min_directed_valient, --link-prop=db, --flit-width=512]
[pir] Output directory set to [36m/home/yaqiz/pir/out/DotProduct__N_1048576_ts_65536_op_1_psim_D_v1_s4[0m
[pir] Loading from /home/yaqiz/pir/out/DotProduct__N_1048576_ts_65536_op_1_psim_D_v1_s4/DotProduct__N_1048576_ts_65536_op_1.pir[pir] Loading PIRDesign() from /home/yaqiz/pir/out/DotProduct__N_1048576_ts_65536_op_1_psim_D_v1_s4/DotProduct__N_1048576_ts_65536_op_1.pir
[pir] Configuring spade MyDesign ...
[pir] Loading from /home/yaqiz/pir/out/DotProduct__N_1048576_ts_65536_op_1_psim_D_v1_s4/DotProduct__N_1048576_ts_65536_op_1.sess[pir] Loading prism.Session@6e8b00a8 from /home/yaqiz/pir/out/DotProduct__N_1048576_ts_65536_op_1_psim_D_v1_s4/DotProduct__N_1048576_ts_65536_op_1.sess
[pir] Saving node PIRDesign() to /home/yaqiz/pir/out/DotProduct__N_1048576_ts_65536_op_1_psim_D_v1_s4/DotProduct__N_1048576_ts_65536_op_1.pir
[pir] Running 53-PlastisimDotCodegen ...[pir] Finished 53-PlastisimDotCodegen to [36mpsim.dot[0m in 592.506804ms
[pir] Running 54-ControllerDotCodegen ...[pir] Finished 54-ControllerDotCodegen to [36mcontroller.dot[0m in 75.48448ms
[pir] Running 55-PIRIRDotCodegen ...[pir] Finished 55-PIRIRDotCodegen to [36mtop.dot[0m in 208.64248ms
[pir] Running 56-SimpleIRDotCodegen ...[pir] Finished 56-SimpleIRDotCodegen to [36msimple.dot[0m in 83.012278ms
[pir] Running 58-CUPruning ...[pir] Finished 58-CUPruning in 1372.459216ms
[pir] Running 59-CUPlacer ...[[32msuccess[0m] CUPlacer succeeded
[pir] Finished 59-CUPlacer in 14781.475346ms
[pir] Running 60-CUStatistics ...[pir] =========== Post-splitting CU Statistics ==================
[pir] 
[pir] number of cus=9
[pir] number of pcu = 1
[pir] - cin (0.00,0.00,0.00) sin (0.00,0.00,0.00) vin (2.00,2.00,2.00)
[pir] - cout (0.00,0.00,0.00) sout (1.00,1.00,1.00) vout (0.00,0.00,0.00)
[pir] - stages (6.00,6.00,6.00)
[pir] number of dag = 2
[pir] - cin (0.00,0.00,0.00) sin (2.00,2.00,2.00) vin (0.00,0.00,0.00)
[pir] - cout (0.00,0.00,0.00) sout (2.00,2.00,2.00) vout (0.00,0.00,0.00)
[pir] - stages (2.00,2.00,2.00)
[pir] number of pmu = 2
[pir] - cin (0.00,0.00,0.00) sin (0.00,0.00,0.00) vin (1.00,1.00,1.00)
[pir] - cout (0.00,0.00,0.00) sout (0.00,0.00,0.00) vout (1.00,1.00,1.00)
[pir] - stages (0.00,0.00,0.00)
[pir] number of dfg = 2
[pir] - cin (0.00,0.00,0.00) sin (2.00,2.00,2.00) vin (0.00,0.00,0.00)
[pir] - cout (0.00,0.00,0.00) sout (0.00,0.00,0.00) vout (1.00,1.00,1.00)
[pir] - stages (0.00,0.00,0.00)
[pir] number of scu = 1
[pir] - cin (0.00,0.00,0.00) sin (2.00,2.00,2.00) vin (0.00,0.00,0.00)
[pir] - cout (0.00,0.00,0.00) sout (1.00,1.00,1.00) vout (0.00,0.00,0.00)
[pir] - stages (1.00,1.00,1.00)
[pir] number of afg = 1
[pir] - cin (0.00,0.00,0.00) sin (1.00,1.00,1.00) vin (0.00,0.00,0.00)
[pir] - cout (0.00,0.00,0.00) sout (3.00,3.00,3.00) vout (0.00,0.00,0.00)
[pir] - stages (0.00,0.00,0.00)
[pir] compute CU = 2
[pir] memory CU = 2
[pir] mc CU = 2
[pir] Total = 4
[pir] PCU = 2 / 64 (3.13%)
[pir] PMU-comp = 1 / 63 (1.59%)
[pir] PMU-mem = 2 / 63 (3.17%)
[pir] AG-ag = 0 / 32 (0.00%)
[pir] AG-comp = 0 / 32 (0.00%)
[pir] MC = 2 / 32 (6.25%)
[pir] Finished 60-CUStatistics to [36mstat.json[0m in 712.800584ms
[pir] Running 61-PIRNetworkDotCodegen ...[pir] Finished 61-PIRNetworkDotCodegen to [36mcontrol.dot[0m in 489.586172ms
[pir] Running 62-PIRNetworkDotCodegen ...[pir] Finished 62-PIRNetworkDotCodegen to [36mscalar.dot[0m in 407.720018ms
[pir] Running 63-PIRNetworkDotCodegen ...[pir] Finished 63-PIRNetworkDotCodegen to [36mvector.dot[0m in 379.285877ms
[pir] Running 64-TerminalCSVCodegen ...[pir] Finished 64-TerminalCSVCodegen to [36mnode.csv[0m in 3.855149ms
[pir] Running 65-LinkCSVCodegen ...[pir] Finished 65-LinkCSVCodegen to [36mlink.csv[0m in 57.695017ms
[pir] Running 66-PlastisimPlacementCodegen ...[[33mproute[0m] /home/yaqiz/plastiroute/plastiroute -n /home/yaqiz/plastisim/configs/finals/DotProduct__N_1048576_ts_65536_op_1_psim_D_v1_s4/node.csv -l /home/yaqiz/plastisim/configs/finals/DotProduct__N_1048576_ts_65536_op_1_psim_D_v1_s4/link.csv -o /home/yaqiz/plastisim/configs/finals/DotProduct__N_1048576_ts_65536_op_1_psim_D_v1_s4/final.place -r 16 -c 8 -g /home/yaqiz/plastisim/configs/finals/DotProduct__N_1048576_ts_65536_op_1_psim_D_v1_s4/proute.dot -v /home/yaqiz/plastisim/configs/finals/DotProduct__N_1048576_ts_65536_op_1_psim_D_v1_s4/summary.csv -x1 -e 4 -a route_min_directed_valient  -q1  -s0  -i1000 -p100 -t1 -d100
[[33mproute[0m] log in /home/yaqiz/pir/out/DotProduct__N_1048576_ts_65536_op_1_psim_D_v1_s4/proute.log
Max static: 1vec 4scal
100 scores: min 2.50 	0.00/0.00/5/0.00/0 	max 511.75 mean 42.54
100 scores: min 2.00 	0.00/0.00/4/0.00/0 	max 1260.25 mean 69.51
100 scores: min 2.00 	0.00/0.00/4/0.00/0 	max 1259.25 mean 46.83
100 scores: min 2.00 	0.00/0.00/4/0.00/0 	max 512.00 mean 13.97
100 scores: min 2.00 	0.00/0.00/4/0.00/0 	max 511.50 mean 14.20
100 scores: min 2.00 	0.00/0.00/4/0.00/0 	max 1253.75 mean 47.04
100 scores: min 2.00 	0.00/0.00/4/0.00/0 	max 510.75 mean 24.17
100 scores: min 2.00 	0.00/0.00/4/0.00/0 	max 514.75 mean 19.32
100 scores: min 2.00 	0.00/0.00/4/0.00/0 	max 509.25 mean 28.94
100 scores: min 2.00 	0.00/0.00/4/0.00/0 	max 507.75 mean 38.95
100 scores: min 1.51 	0.00/0.00/3/0.00/1 	max 503.00 mean 29.08
100 scores: min 1.51 	0.00/0.00/3/0.00/1 	max 502.75 mean 9.08
100 scores: min 1.51 	0.00/0.00/3/0.00/1 	max 503.75 mean 9.08
100 scores: min 1.51 	0.00/0.00/3/0.00/1 	max 503.25 mean 9.36
100 scores: min 1.51 	0.00/0.00/3/0.00/1 	max 509.25 mean 9.46
100 scores: min 1.51 	0.00/0.00/3/0.00/1 	max 10.50 mean 4.09
100 scores: min 1.51 	0.00/0.00/3/0.00/1 	max 507.25 mean 19.14
100 scores: min 1.51 	0.00/0.00/3/0.00/1 	max 502.75 mean 14.35
100 scores: min 1.51 	0.00/0.00/3/0.00/1 	max 508.75 mean 29.67
100 scores: min 1.51 	0.00/0.00/3/0.00/1 	max 509.75 mean 23.99
100 scores: min 1.51 	0.00/0.00/3/0.00/1 	max 508.75 mean 19.18
100 scores: min 1.50 	0.00/0.00/3/0.00/0 	max 503.75 mean 8.95
100 scores: min 1.50 	0.00/0.00/3/0.00/0 	max 1257.75 mean 27.37
100 scores: min 1.50 	0.00/0.00/3/0.00/0 	max 508.75 mean 14.39
100 scores: min 1.50 	0.00/0.00/3/0.00/0 	max 503.75 mean 14.01
100 scores: min 1.50 	0.00/0.00/3/0.00/0 	max 507.25 mean 19.19
100 scores: min 1.50 	0.00/0.00/3/0.00/0 	max 506.75 mean 29.11
100 scores: min 1.50 	0.00/0.00/3/0.00/0 	max 503.75 mean 24.00
100 scores: min 1.50 	0.00/0.00/3/0.00/0 	max 503.75 mean 19.13
100 scores: min 1.50 	0.00/0.00/3/0.00/0 	max 504.25 mean 24.37
100 scores: min 1.50 	0.00/0.00/3/0.00/0 	max 504.25 mean 19.03
100 scores: min 1.50 	0.00/0.00/3/0.00/0 	max 504.25 mean 23.76
100 scores: min 1.50 	0.00/0.00/3/0.00/0 	max 10.51 mean 4.32
100 scores: min 1.50 	0.00/0.00/3/0.00/0 	max 510.75 mean 19.27
100 scores: min 1.50 	0.00/0.00/3/0.00/0 	max 502.25 mean 9.16
100 scores: min 1.50 	0.00/0.00/3/0.00/0 	max 503.75 mean 24.10
100 scores: min 1.50 	0.00/0.00/3/0.00/0 	max 503.75 mean 24.01
100 scores: min 1.50 	0.00/0.00/3/0.00/0 	max 509.75 mean 19.17
100 scores: min 1.50 	0.00/0.00/3/0.00/0 	max 502.75 mean 9.11
100 scores: min 1.50 	0.00/0.00/3/0.00/0 	max 511.75 mean 14.48
100 scores: min 1.50 	0.00/0.00/3/0.00/0 	max 510.75 mean 24.81
100 scores: min 1.50 	0.00/0.00/3/0.00/0 	max 503.75 mean 19.64
100 scores: min 1.50 	0.00/0.00/3/0.00/0 	max 513.75 mean 19.36
100 scores: min 1.50 	0.00/0.00/3/0.00/0 	max 502.75 mean 9.04
100 scores: min 1.50 	0.00/0.00/3/0.00/0 	max 10.51 mean 3.57
100 scores: min 1.50 	0.00/0.00/3/0.00/0 	max 508.75 mean 34.12
100 scores: min 1.50 	0.00/0.00/3/0.00/0 	max 503.25 mean 14.25
100 scores: min 1.50 	0.00/0.00/3/0.00/0 	max 511.25 mean 14.29
100 scores: min 1.50 	0.00/0.00/3/0.00/0 	max 509.75 mean 14.39
100 scores: min 1.50 	0.00/0.00/3/0.00/0 	max 503.75 mean 19.32
100 scores: min 1.50 	0.00/0.00/3/0.00/0 	max 510.75 mean 13.90
100 scores: min 1.50 	0.00/0.00/3/0.00/0 	max 508.75 mean 9.22
100 scores: min 1.50 	0.00/0.00/3/0.00/0 	max 510.25 mean 24.63
100 scores: min 1.50 	0.00/0.00/3/0.00/0 	max 511.25 mean 13.96
100 scores: min 1.50 	0.00/0.00/3/0.00/0 	max 511.75 mean 24.23
100 scores: min 1.50 	0.00/0.00/3/0.00/0 	max 503.25 mean 9.16
100 scores: min 1.50 	0.00/0.00/3/0.00/0 	max 507.25 mean 14.30
100 scores: min 1.50 	0.00/0.00/3/0.00/0 	max 512.25 mean 28.92
100 scores: min 1.50 	0.00/0.00/3/0.00/0 	max 503.25 mean 9.22
100 scores: min 1.50 	0.00/0.00/3/0.00/0 	max 511.00 mean 19.70
100 scores: min 1.50 	0.00/0.00/3/0.00/0 	max 503.75 mean 14.16
100 scores: min 1.50 	0.00/0.00/3/0.00/0 	max 511.25 mean 28.92
100 scores: min 1.50 	0.00/0.00/3/0.00/0 	max 503.75 mean 8.99
100 scores: min 1.50 	0.00/0.00/3/0.00/0 	max 503.75 mean 9.40
100 scores: min 1.50 	0.00/0.00/3/0.00/0 	max 510.25 mean 14.00
100 scores: min 1.50 	0.00/0.00/3/0.00/0 	max 510.25 mean 9.30
100 scores: min 1.50 	0.00/0.00/3/0.00/0 	max 503.25 mean 18.95
100 scores: min 1.50 	0.00/0.00/3/0.00/0 	max 503.25 mean 9.59
100 scores: min 1.50 	0.00/0.00/3/0.00/0 	max 509.25 mean 9.33
100 scores: min 1.50 	0.00/0.00/3/0.00/0 	max 11.01 mean 3.62
100 scores: min 1.50 	0.00/0.00/3/0.00/0 	max 504.75 mean 14.09
100 scores: min 1.50 	0.00/0.00/3/0.00/0 	max 11.50 mean 4.63
100 scores: min 1.50 	0.00/0.00/3/0.00/0 	max 509.75 mean 24.89
100 scores: min 1.50 	0.00/0.00/3/0.00/0 	max 503.75 mean 14.60
100 scores: min 1.50 	0.00/0.00/3/0.00/0 	max 510.25 mean 19.40
100 scores: min 1.50 	0.00/0.00/3/0.00/0 	max 510.25 mean 14.39
100 scores: min 1.50 	0.00/0.00/3/0.00/0 	max 503.25 mean 13.99
100 scores: min 1.50 	0.00/0.00/3/0.00/0 	max 503.75 mean 14.84
100 scores: min 1.50 	0.00/0.00/3/0.00/0 	max 503.25 mean 9.38
100 scores: min 1.50 	0.00/0.00/3/0.00/0 	max 503.25 mean 9.28
100 scores: min 1.50 	0.00/0.00/3/0.00/0 	max 504.25 mean 14.68
100 scores: min 1.50 	0.00/0.00/3/0.00/0 	max 504.75 mean 14.83
100 scores: min 1.50 	0.00/0.00/3/0.00/0 	max 511.25 mean 14.37
100 scores: min 1.50 	0.00/0.00/3/0.00/0 	max 503.25 mean 9.20
100 scores: min 1.50 	0.00/0.00/3/0.00/0 	max 506.75 mean 14.43
100 scores: min 1.50 	0.00/0.00/3/0.00/0 	max 510.75 mean 19.40
100 scores: min 1.50 	0.00/0.00/3/0.00/0 	max 502.75 mean 9.63
100 scores: min 1.50 	0.00/0.00/3/0.00/0 	max 511.75 mean 19.55
100 scores: min 1.50 	0.00/0.00/3/0.00/0 	max 11.51 mean 4.35
100 scores: min 1.50 	0.00/0.00/3/0.00/0 	max 503.75 mean 8.68
100 scores: min 1.50 	0.00/0.00/3/0.00/0 	max 502.75 mean 9.25
100 scores: min 1.50 	0.00/0.00/3/0.00/0 	max 514.25 mean 24.22
100 scores: min 1.50 	0.00/0.00/3/0.00/0 	max 503.75 mean 19.39
100 scores: min 1.50 	0.00/0.00/3/0.00/0 	max 509.25 mean 15.00
100 scores: min 1.50 	0.00/0.00/3/0.00/0 	max 11.51 mean 4.30
100 scores: min 1.50 	0.00/0.00/3/0.00/0 	max 503.25 mean 9.71
100 scores: min 1.50 	0.00/0.00/3/0.00/0 	max 503.75 mean 9.36
100 scores: min 1.50 	0.00/0.00/3/0.00/0 	max 10.51 mean 4.69
100 scores: min 1.50 	0.00/0.00/3/0.00/0 	max 503.25 mean 9.15
100 scores: min 1.50 	0.00/0.00/3/0.00/0 	max 503.75 mean 24.27
100 scores: min 1.50 	0.00/0.00/3/0.00/0 	max 512.75 mean 24.14
100 scores: min 1.50 	0.00/0.00/3/0.00/0 	max 504.25 mean 14.30
100 scores: min 1.50 	0.00/0.00/3/0.00/0 	max 509.75 mean 19.28
100 scores: min 1.50 	0.00/0.00/3/0.00/0 	max 510.50 mean 24.03
100 scores: min 1.50 	0.00/0.00/3/0.00/0 	max 11.00 mean 4.54
100 scores: min 1.50 	0.00/0.00/3/0.00/0 	max 510.75 mean 23.35
100 scores: min 1.50 	0.00/0.00/3/0.00/0 	max 503.75 mean 14.36
100 scores: min 1.50 	0.00/0.00/3/0.00/0 	max 510.25 mean 13.62
100 scores: min 1.50 	0.00/0.00/3/0.00/0 	max 503.75 mean 19.14
100 scores: min 1.50 	0.00/0.00/3/0.00/0 	max 11.01 mean 3.54
100 scores: min 1.50 	0.00/0.00/3/0.00/0 	max 503.25 mean 23.62
100 scores: min 1.50 	0.00/0.00/3/0.00/0 	max 509.25 mean 23.94
100 scores: min 1.50 	0.00/0.00/3/0.00/0 	max 503.25 mean 18.02
100 scores: min 1.50 	0.00/0.00/3/0.00/0 	max 510.75 mean 18.87
100 scores: min 1.50 	0.00/0.00/3/0.00/0 	max 502.75 mean 8.34
100 scores: min 1.50 	0.00/0.00/3/0.00/0 	max 503.75 mean 8.95
100 scores: min 1.50 	0.00/0.00/3/0.00/0 	max 504.00 mean 8.70
100 scores: min 1.50 	0.00/0.00/3/0.00/0 	max 503.75 mean 23.07
100 scores: min 1.50 	0.00/0.00/3/0.00/0 	max 504.25 mean 18.43
100 scores: min 1.50 	0.00/0.00/3/0.00/0 	max 504.75 mean 8.81
100 scores: min 1.50 	0.00/0.00/3/0.00/0 	max 507.75 mean 23.87
100 scores: min 1.50 	0.00/0.00/3/0.00/0 	max 503.75 mean 18.29
100 scores: min 1.50 	0.00/0.00/3/0.00/0 	max 10.51 mean 3.55
100 scores: min 1.50 	0.00/0.00/3/0.00/0 	max 510.25 mean 18.88
100 scores: min 1.50 	0.00/0.00/3/0.00/0 	max 512.25 mean 29.18
100 scores: min 1.50 	0.00/0.00/3/0.00/0 	max 510.75 mean 23.37
100 scores: min 1.50 	0.00/0.00/3/0.00/0 	max 504.25 mean 23.82
100 scores: min 1.50 	0.00/0.00/3/0.00/0 	max 503.75 mean 13.73
100 scores: min 1.50 	0.00/0.00/3/0.00/0 	max 506.25 mean 18.64
100 scores: min 1.50 	0.00/0.00/3/0.00/0 	max 10.51 mean 3.91
100 scores: min 1.50 	0.00/0.00/3/0.00/0 	max 505.50 mean 13.41
100 scores: min 1.50 	0.00/0.00/3/0.00/0 	max 509.25 mean 18.62
100 scores: min 1.50 	0.00/0.00/3/0.00/0 	max 503.75 mean 8.33
100 scores: min 1.50 	0.00/0.00/3/0.00/0 	max 503.75 mean 13.62
100 scores: min 1.50 	0.00/0.00/3/0.00/0 	max 508.75 mean 23.33
100 scores: min 1.50 	0.00/0.00/3/0.00/0 	max 504.25 mean 13.74
100 scores: min 1.50 	0.00/0.00/3/0.00/0 	max 510.75 mean 13.83
100 scores: min 1.50 	0.00/0.00/3/0.00/0 	max 511.25 mean 13.46
100 scores: min 1.50 	0.00/0.00/3/0.00/0 	max 507.25 mean 18.65
100 scores: min 1.50 	0.00/0.00/3/0.00/0 	max 504.75 mean 14.06
100 scores: min 1.50 	0.00/0.00/3/0.00/0 	max 507.25 mean 8.50
100 scores: min 1.50 	0.00/0.00/3/0.00/0 	max 510.25 mean 18.17
100 scores: min 1.50 	0.00/0.00/3/0.00/0 	max 502.75 mean 8.39
100 scores: min 1.50 	0.00/0.00/3/0.00/0 	max 507.75 mean 13.50
100 scores: min 1.50 	0.00/0.00/3/0.00/0 	max 11.00 mean 3.46
100 scores: min 1.50 	0.00/0.00/3/0.00/0 	max 11.00 mean 3.28
100 scores: min 1.50 	0.00/0.00/3/0.00/0 	max 510.25 mean 23.35
100 scores: min 1.50 	0.00/0.00/3/0.00/0 	max 504.25 mean 23.69
100 scores: min 1.50 	0.00/0.00/3/0.00/0 	max 503.75 mean 18.37
100 scores: min 1.50 	0.00/0.00/3/0.00/0 	max 509.25 mean 23.68
100 scores: min 1.50 	0.00/0.00/3/0.00/0 	max 503.75 mean 23.35
100 scores: min 1.50 	0.00/0.00/3/0.00/0 	max 509.75 mean 23.97
100 scores: min 1.50 	0.00/0.00/3/0.00/0 	max 511.75 mean 13.53
100 scores: min 1.50 	0.00/0.00/3/0.00/0 	max 11.01 mean 3.65
100 scores: min 1.50 	0.00/0.00/3/0.00/0 	max 503.25 mean 17.96
100 scores: min 1.50 	0.00/0.00/3/0.00/0 	max 503.50 mean 18.73
100 scores: min 1.50 	0.00/0.00/3/0.00/0 	max 504.00 mean 13.54
100 scores: min 1.50 	0.00/0.00/3/0.00/0 	max 509.25 mean 9.07
100 scores: min 1.50 	0.00/0.00/3/0.00/0 	max 502.75 mean 8.32
100 scores: min 1.50 	0.00/0.00/3/0.00/0 	max 507.75 mean 33.62
100 scores: min 1.50 	0.00/0.00/3/0.00/0 	max 504.75 mean 8.21
100 scores: min 1.50 	0.00/0.00/3/0.00/0 	max 504.75 mean 18.71
100 scores: min 1.50 	0.00/0.00/3/0.00/0 	max 10.00 mean 3.25
100 scores: min 1.50 	0.00/0.00/3/0.00/0 	max 508.75 mean 14.11
100 scores: min 1.50 	0.00/0.00/3/0.00/0 	max 512.25 mean 18.37
100 scores: min 1.50 	0.00/0.00/3/0.00/0 	max 504.75 mean 13.39
100 scores: min 1.50 	0.00/0.00/3/0.00/0 	max 506.75 mean 8.48
100 scores: min 1.50 	0.00/0.00/3/0.00/0 	max 504.25 mean 8.69
100 scores: min 1.50 	0.00/0.00/3/0.00/0 	max 504.50 mean 8.40
100 scores: min 1.50 	0.00/0.00/3/0.00/0 	max 503.50 mean 13.47
100 scores: min 1.50 	0.00/0.00/3/0.00/0 	max 504.25 mean 8.26
100 scores: min 1.50 	0.00/0.00/3/0.00/0 	max 11.01 mean 3.35
100 scores: min 1.50 	0.00/0.00/3/0.00/0 	max 510.25 mean 28.37
100 scores: min 1.50 	0.00/0.00/3/0.00/0 	max 504.25 mean 14.02
100 scores: min 1.50 	0.00/0.00/3/0.00/0 	max 504.75 mean 18.42
100 scores: min 1.50 	0.00/0.00/3/0.00/0 	max 503.25 mean 8.38
100 scores: min 1.50 	0.00/0.00/3/0.00/0 	max 509.75 mean 8.72
100 scores: min 1.50 	0.00/0.00/3/0.00/0 	max 11.01 mean 3.41
100 scores: min 1.50 	0.00/0.00/3/0.00/0 	max 504.50 mean 13.60
100 scores: min 1.50 	0.00/0.00/3/0.00/0 	max 507.75 mean 13.61
100 scores: min 1.50 	0.00/0.00/3/0.00/0 	max 505.25 mean 18.66
100 scores: min 1.50 	0.00/0.00/3/0.00/0 	max 510.75 mean 8.36
100 scores: min 1.50 	0.00/0.00/3/0.00/0 	max 504.25 mean 8.46
100 scores: min 1.50 	0.00/0.00/3/0.00/0 	max 510.75 mean 28.72
100 scores: min 1.50 	0.00/0.00/3/0.00/0 	max 509.25 mean 13.52
100 scores: min 1.50 	0.00/0.00/3/0.00/0 	max 10.51 mean 4.08
100 scores: min 1.50 	0.00/0.00/3/0.00/0 	max 509.25 mean 23.96
100 scores: min 1.50 	0.00/0.00/3/0.00/0 	max 504.25 mean 18.34
100 scores: min 1.50 	0.00/0.00/3/0.00/0 	max 504.25 mean 23.09
100 scores: min 1.50 	0.00/0.00/3/0.00/0 	max 503.00 mean 8.66
100 scores: min 1.50 	0.00/0.00/3/0.00/0 	max 12.50 mean 3.93
100 scores: min 1.50 	0.00/0.00/3/0.00/0 	max 508.75 mean 28.39
100 scores: min 1.50 	0.00/0.00/3/0.00/0 	max 503.75 mean 8.75
100 scores: min 1.50 	0.00/0.00/3/0.00/0 	max 511.75 mean 18.51
100 scores: min 1.50 	0.00/0.00/3/0.00/0 	max 505.25 mean 33.83
100 scores: min 1.50 	0.00/0.00/3/0.00/0 	max 510.25 mean 23.52
100 scores: min 1.50 	0.00/0.00/3/0.00/0 	max 503.00 mean 8.21
100 scores: min 1.50 	0.00/0.00/3/0.00/0 	max 504.25 mean 23.50
100 scores: min 1.50 	0.00/0.00/3/0.00/0 	max 10.01 mean 3.43
100 scores: min 1.50 	0.00/0.00/3/0.00/0 	max 504.25 mean 8.55
100 scores: min 1.50 	0.00/0.00/3/0.00/0 	max 503.75 mean 18.44
100 scores: min 1.50 	0.00/0.00/3/0.00/0 	max 503.25 mean 7.83
100 scores: min 1.50 	0.00/0.00/3/0.00/0 	max 508.25 mean 13.62
100 scores: min 1.50 	0.00/0.00/3/0.00/0 	max 510.25 mean 13.37
100 scores: min 1.50 	0.00/0.00/3/0.00/0 	max 511.25 mean 18.32
100 scores: min 1.50 	0.00/0.00/3/0.00/0 	max 508.75 mean 18.81
100 scores: min 1.50 	0.00/0.00/3/0.00/0 	max 505.75 mean 8.49
100 scores: min 1.50 	0.00/0.00/3/0.00/0 	max 508.25 mean 13.75
100 scores: min 1.50 	0.00/0.00/3/0.00/0 	max 508.75 mean 13.09
100 scores: min 1.50 	0.00/0.00/3/0.00/0 	max 504.75 mean 13.98
100 scores: min 1.50 	0.00/0.00/3/0.00/0 	max 511.75 mean 28.69
100 scores: min 1.50 	0.00/0.00/3/0.00/0 	max 504.25 mean 18.94
100 scores: min 1.50 	0.00/0.00/3/0.00/0 	max 507.75 mean 23.88
100 scores: min 1.50 	0.00/0.00/3/0.00/0 	max 505.75 mean 13.40
100 scores: min 1.50 	0.00/0.00/3/0.00/0 	max 510.75 mean 18.81
100 scores: min 1.50 	0.00/0.00/3/0.00/0 	max 508.25 mean 8.07
100 scores: min 1.50 	0.00/0.00/3/0.00/0 	max 504.25 mean 9.16
100 scores: min 1.50 	0.00/0.00/3/0.00/0 	max 508.25 mean 9.14
100 scores: min 1.50 	0.00/0.00/3/0.00/0 	max 504.25 mean 23.46
100 scores: min 1.50 	0.00/0.00/3/0.00/0 	max 509.25 mean 18.97
100 scores: min 1.50 	0.00/0.00/3/0.00/0 	max 503.75 mean 8.53
100 scores: min 1.50 	0.00/0.00/3/0.00/0 	max 504.50 mean 8.50
100 scores: min 1.50 	0.00/0.00/3/0.00/0 	max 510.75 mean 13.73
100 scores: min 1.50 	0.00/0.00/3/0.00/0 	max 504.75 mean 13.14
100 scores: min 1.50 	0.00/0.00/3/0.00/0 	max 510.75 mean 28.47
100 scores: min 1.50 	0.00/0.00/3/0.00/0 	max 510.75 mean 18.66
100 scores: min 1.50 	0.00/0.00/3/0.00/0 	max 10.01 mean 3.68
100 scores: min 1.50 	0.00/0.00/3/0.00/0 	max 504.00 mean 8.03
100 scores: min 1.50 	0.00/0.00/3/0.00/0 	max 504.75 mean 18.63
100 scores: min 1.50 	0.00/0.00/3/0.00/0 	max 508.75 mean 8.41
100 scores: min 1.50 	0.00/0.00/3/0.00/0 	max 510.25 mean 18.51
100 scores: min 1.50 	0.00/0.00/3/0.00/0 	max 503.75 mean 33.67
100 scores: min 1.50 	0.00/0.00/3/0.00/0 	max 510.25 mean 18.36
100 scores: min 1.50 	0.00/0.00/3/0.00/0 	max 510.25 mean 18.70
100 scores: min 1.50 	0.00/0.00/3/0.00/0 	max 507.25 mean 18.78
100 scores: min 1.50 	0.00/0.00/3/0.00/0 	max 505.25 mean 9.15
100 scores: min 1.50 	0.00/0.00/3/0.00/0 	max 506.00 mean 8.44
100 scores: min 1.50 	0.00/0.00/3/0.00/0 	max 503.75 mean 23.78
100 scores: min 1.50 	0.00/0.00/3/0.00/0 	max 504.00 mean 18.56
100 scores: min 1.50 	0.00/0.00/3/0.00/0 	max 510.25 mean 23.46
100 scores: min 1.50 	0.00/0.00/3/0.00/0 	max 508.75 mean 8.26
100 scores: min 1.50 	0.00/0.00/3/0.00/0 	max 503.50 mean 13.76
100 scores: min 1.50 	0.00/0.00/3/0.00/0 	max 503.75 mean 8.46
100 scores: min 1.50 	0.00/0.00/3/0.00/0 	max 10.51 mean 3.29
100 scores: min 1.50 	0.00/0.00/3/0.00/0 	max 504.75 mean 18.70
100 scores: min 1.50 	0.00/0.00/3/0.00/0 	max 12.00 mean 3.37
100 scores: min 1.50 	0.00/0.00/3/0.00/0 	max 507.75 mean 18.56
100 scores: min 1.50 	0.00/0.00/3/0.00/0 	max 504.25 mean 13.26
100 scores: min 1.50 	0.00/0.00/3/0.00/0 	max 507.25 mean 28.60
100 scores: min 1.50 	0.00/0.00/3/0.00/0 	max 504.25 mean 8.74
100 scores: min 1.50 	0.00/0.00/3/0.00/0 	max 504.25 mean 13.47
100 scores: min 1.50 	0.00/0.00/3/0.00/0 	max 505.75 mean 13.38
100 scores: min 1.50 	0.00/0.00/3/0.00/0 	max 508.75 mean 8.43
100 scores: min 1.50 	0.00/0.00/3/0.00/0 	max 508.25 mean 28.47
100 scores: min 1.50 	0.00/0.00/3/0.00/0 	max 503.75 mean 13.47
100 scores: min 1.50 	0.00/0.00/3/0.00/0 	max 11.51 mean 3.87
100 scores: min 1.50 	0.00/0.00/3/0.00/0 	max 510.75 mean 18.53
100 scores: min 1.50 	0.00/0.00/3/0.00/0 	max 502.75 mean 13.61
100 scores: min 1.50 	0.00/0.00/3/0.00/0 	max 510.75 mean 23.47
100 scores: min 1.50 	0.00/0.00/3/0.00/0 	max 503.75 mean 13.63
100 scores: min 1.50 	0.00/0.00/3/0.00/0 	max 10.01 mean 3.64
100 scores: min 1.50 	0.00/0.00/3/0.00/0 	max 505.25 mean 8.35
100 scores: min 1.50 	0.00/0.00/3/0.00/0 	max 503.75 mean 18.56
100 scores: min 1.50 	0.00/0.00/3/0.00/0 	max 502.75 mean 8.58
100 scores: min 1.50 	0.00/0.00/3/0.00/0 	max 10.01 mean 4.05
100 scores: min 1.50 	0.00/0.00/3/0.00/0 	max 11.01 mean 3.53
100 scores: min 1.50 	0.00/0.00/3/0.00/0 	max 508.25 mean 8.64
100 scores: min 1.50 	0.00/0.00/3/0.00/0 	max 510.75 mean 13.38
100 scores: min 1.50 	0.00/0.00/3/0.00/0 	max 507.50 mean 28.28
100 scores: min 1.50 	0.00/0.00/3/0.00/0 	max 503.75 mean 13.86
100 scores: min 1.50 	0.00/0.00/3/0.00/0 	max 512.25 mean 18.75
100 scores: min 1.50 	0.00/0.00/3/0.00/0 	max 510.25 mean 8.29
100 scores: min 1.50 	0.00/0.00/3/0.00/0 	max 503.00 mean 8.18
100 scores: min 1.50 	0.00/0.00/3/0.00/0 	max 510.25 mean 13.63
100 scores: min 1.50 	0.00/0.00/3/0.00/0 	max 509.75 mean 13.42
100 scores: min 1.50 	0.00/0.00/3/0.00/0 	max 505.00 mean 13.12
100 scores: min 1.50 	0.00/0.00/3/0.00/0 	max 508.75 mean 18.75
100 scores: min 1.50 	0.00/0.00/3/0.00/0 	max 510.75 mean 18.53
100 scores: min 1.50 	0.00/0.00/3/0.00/0 	max 11.51 mean 3.77
100 scores: min 1.50 	0.00/0.00/3/0.00/0 	max 511.75 mean 18.61
100 scores: min 1.50 	0.00/0.00/3/0.00/0 	max 10.51 mean 3.47
100 scores: min 1.50 	0.00/0.00/3/0.00/0 	max 504.25 mean 18.61
100 scores: min 1.50 	0.00/0.00/3/0.00/0 	max 10.51 mean 3.69
100 scores: min 1.50 	0.00/0.00/3/0.00/0 	max 509.75 mean 28.49
100 scores: min 1.50 	0.00/0.00/3/0.00/0 	max 502.75 mean 8.51
100 scores: min 1.50 	0.00/0.00/3/0.00/0 	max 509.75 mean 8.36
100 scores: min 1.50 	0.00/0.00/3/0.00/0 	max 11.50 mean 3.39
100 scores: min 1.50 	0.00/0.00/3/0.00/0 	max 511.75 mean 23.59
100 scores: min 1.50 	0.00/0.00/3/0.00/0 	max 508.25 mean 23.45
100 scores: min 1.50 	0.00/0.00/3/0.00/0 	max 505.75 mean 8.58
100 scores: min 1.50 	0.00/0.00/3/0.00/0 	max 504.00 mean 8.59
100 scores: min 1.50 	0.00/0.00/3/0.00/0 	max 510.75 mean 13.75
100 scores: min 1.50 	0.00/0.00/3/0.00/0 	max 506.25 mean 13.50
100 scores: min 1.50 	0.00/0.00/3/0.00/0 	max 504.25 mean 8.50
100 scores: min 1.50 	0.00/0.00/3/0.00/0 	max 504.75 mean 8.75
100 scores: min 1.50 	0.00/0.00/3/0.00/0 	max 510.75 mean 23.84
100 scores: min 1.50 	0.00/0.00/3/0.00/0 	max 511.25 mean 34.14
100 scores: min 1.50 	0.00/0.00/3/0.00/0 	max 505.25 mean 13.70
100 scores: min 1.50 	0.00/0.00/3/0.00/0 	max 10.51 mean 3.78
100 scores: min 1.50 	0.00/0.00/3/0.00/0 	max 504.00 mean 18.29
100 scores: min 1.50 	0.00/0.00/3/0.00/0 	max 507.75 mean 18.78
100 scores: min 1.50 	0.00/0.00/3/0.00/0 	max 507.75 mean 28.54
100 scores: min 1.50 	0.00/0.00/3/0.00/0 	max 10.51 mean 2.99
100 scores: min 1.50 	0.00/0.00/3/0.00/0 	max 504.25 mean 13.25
100 scores: min 1.50 	0.00/0.00/3/0.00/0 	max 503.50 mean 8.36
100 scores: min 1.50 	0.00/0.00/3/0.00/0 	max 506.75 mean 13.33
100 scores: min 1.50 	0.00/0.00/3/0.00/0 	max 504.25 mean 8.61
100 scores: min 1.50 	0.00/0.00/3/0.00/0 	max 502.75 mean 8.58
100 scores: min 1.50 	0.00/0.00/3/0.00/0 	max 509.25 mean 33.54
100 scores: min 1.50 	0.00/0.00/3/0.00/0 	max 512.25 mean 13.70
100 scores: min 1.50 	0.00/0.00/3/0.00/0 	max 509.25 mean 28.25
100 scores: min 1.50 	0.00/0.00/3/0.00/0 	max 505.25 mean 18.41
100 scores: min 1.50 	0.00/0.00/3/0.00/0 	max 510.25 mean 18.55
100 scores: min 1.50 	0.00/0.00/3/0.00/0 	max 502.25 mean 8.60
100 scores: min 1.50 	0.00/0.00/3/0.00/0 	max 503.50 mean 18.76
100 scores: min 1.50 	0.00/0.00/3/0.00/0 	max 503.50 mean 8.51
100 scores: min 1.50 	0.00/0.00/3/0.00/0 	max 508.75 mean 8.79
100 scores: min 1.50 	0.00/0.00/3/0.00/0 	max 505.25 mean 8.47
100 scores: min 1.50 	0.00/0.00/3/0.00/0 	max 502.25 mean 8.26
100 scores: min 1.50 	0.00/0.00/3/0.00/0 	max 509.75 mean 23.66
100 scores: min 1.50 	0.00/0.00/3/0.00/0 	max 508.25 mean 8.06
100 scores: min 1.50 	0.00/0.00/3/0.00/0 	max 10.01 mean 3.69
100 scores: min 1.50 	0.00/0.00/3/0.00/0 	max 509.25 mean 8.03
100 scores: min 1.50 	0.00/0.00/3/0.00/0 	max 507.25 mean 23.84
100 scores: min 1.50 	0.00/0.00/3/0.00/0 	max 509.75 mean 8.31
100 scores: min 1.50 	0.00/0.00/3/0.00/0 	max 503.50 mean 8.22
100 scores: min 1.50 	0.00/0.00/3/0.00/0 	max 510.25 mean 8.27
100 scores: min 1.50 	0.00/0.00/3/0.00/0 	max 506.75 mean 18.67
100 scores: min 1.50 	0.00/0.00/3/0.00/0 	max 503.50 mean 8.99
100 scores: min 1.50 	0.00/0.00/3/0.00/0 	max 509.75 mean 24.12
100 scores: min 1.50 	0.00/0.00/3/0.00/0 	max 507.25 mean 8.19
100 scores: min 1.50 	0.00/0.00/3/0.00/0 	max 509.25 mean 23.83
100 scores: min 1.50 	0.00/0.00/3/0.00/0 	max 502.25 mean 8.08
100 scores: min 1.50 	0.00/0.00/3/0.00/0 	max 504.25 mean 28.56
100 scores: min 1.50 	0.00/0.00/3/0.00/0 	max 509.75 mean 13.64
100 scores: min 1.50 	0.00/0.00/3/0.00/0 	max 506.75 mean 8.46
100 scores: min 1.50 	0.00/0.00/3/0.00/0 	max 504.25 mean 23.61
100 scores: min 1.50 	0.00/0.00/3/0.00/0 	max 509.75 mean 43.87
100 scores: min 1.50 	0.00/0.00/3/0.00/0 	max 509.75 mean 8.53
100 scores: min 1.50 	0.00/0.00/3/0.00/0 	max 1253.75 mean 16.07
100 scores: min 1.50 	0.00/0.00/3/0.00/0 	max 510.75 mean 13.61
100 scores: min 1.50 	0.00/0.00/3/0.00/0 	max 511.25 mean 19.02
100 scores: min 1.50 	0.00/0.00/3/0.00/0 	max 505.75 mean 13.27
100 scores: min 1.50 	0.00/0.00/3/0.00/0 	max 504.75 mean 18.30
100 scores: min 1.50 	0.00/0.00/3/0.00/0 	max 504.75 mean 8.28
100 scores: min 1.50 	0.00/0.00/3/0.00/0 	max 1252.75 mean 26.09
100 scores: min 1.50 	0.00/0.00/3/0.00/0 	max 504.00 mean 14.09
100 scores: min 1.50 	0.00/0.00/3/0.00/0 	max 510.25 mean 24.12
100 scores: min 1.50 	0.00/0.00/3/0.00/0 	max 502.75 mean 13.56
100 scores: min 1.50 	0.00/0.00/3/0.00/0 	max 510.75 mean 18.55
100 scores: min 1.50 	0.00/0.00/3/0.00/0 	max 505.25 mean 14.04
100 scores: min 1.50 	0.00/0.00/3/0.00/0 	max 10.51 mean 3.58
100 scores: min 1.50 	0.00/0.00/3/0.00/0 	max 511.75 mean 13.92
100 scores: min 1.50 	0.00/0.00/3/0.00/0 	max 10.01 mean 3.81
100 scores: min 1.50 	0.00/0.00/3/0.00/0 	max 504.25 mean 23.77
100 scores: min 1.50 	0.00/0.00/3/0.00/0 	max 503.00 mean 13.63
100 scores: min 1.50 	0.00/0.00/3/0.00/0 	max 507.25 mean 13.52
100 scores: min 1.50 	0.00/0.00/3/0.00/0 	max 504.00 mean 8.68
100 scores: min 1.50 	0.00/0.00/3/0.00/0 	max 503.00 mean 8.50
100 scores: min 1.50 	0.00/0.00/3/0.00/0 	max 511.25 mean 8.56
100 scores: min 1.50 	0.00/0.00/3/0.00/0 	max 506.75 mean 23.98
100 scores: min 1.50 	0.00/0.00/3/0.00/0 	max 503.75 mean 18.96
100 scores: min 1.50 	0.00/0.00/3/0.00/0 	max 510.25 mean 33.83
100 scores: min 1.50 	0.00/0.00/3/0.00/0 	max 510.75 mean 13.73
100 scores: min 1.50 	0.00/0.00/3/0.00/0 	max 10.50 mean 3.38
100 scores: min 1.50 	0.00/0.00/3/0.00/0 	max 508.25 mean 8.20
100 scores: min 1.50 	0.00/0.00/3/0.00/0 	max 503.50 mean 8.80
100 scores: min 1.50 	0.00/0.00/3/0.00/0 	max 512.25 mean 29.36
100 scores: min 1.50 	0.00/0.00/3/0.00/0 	max 504.25 mean 19.03
100 scores: min 1.50 	0.00/0.00/3/0.00/0 	max 503.75 mean 13.41
100 scores: min 1.50 	0.00/0.00/3/0.00/0 	max 509.25 mean 13.82
100 scores: min 1.50 	0.00/0.00/3/0.00/0 	max 504.25 mean 18.53
100 scores: min 1.50 	0.00/0.00/3/0.00/0 	max 511.25 mean 23.74
100 scores: min 1.50 	0.00/0.00/3/0.00/0 	max 503.25 mean 8.54
100 scores: min 1.50 	0.00/0.00/3/0.00/0 	max 509.75 mean 14.11
100 scores: min 1.50 	0.00/0.00/3/0.00/0 	max 507.25 mean 13.42
100 scores: min 1.50 	0.00/0.00/3/0.00/0 	max 11.51 mean 3.54
100 scores: min 1.50 	0.00/0.00/3/0.00/0 	max 503.25 mean 13.82
100 scores: min 1.50 	0.00/0.00/3/0.00/0 	max 503.25 mean 13.42
100 scores: min 1.50 	0.00/0.00/3/0.00/0 	max 502.75 mean 8.79
100 scores: min 1.50 	0.00/0.00/3/0.00/0 	max 504.25 mean 23.61
100 scores: min 1.50 	0.00/0.00/3/0.00/0 	max 509.75 mean 23.92
100 scores: min 1.50 	0.00/0.00/3/0.00/0 	max 504.00 mean 13.79
100 scores: min 1.50 	0.00/0.00/3/0.00/0 	max 503.50 mean 13.64
100 scores: min 1.50 	0.00/0.00/3/0.00/0 	max 509.75 mean 23.41
100 scores: min 1.50 	0.00/0.00/3/0.00/0 	max 503.00 mean 8.50
100 scores: min 1.50 	0.00/0.00/3/0.00/0 	max 509.75 mean 18.74
100 scores: min 1.50 	0.00/0.00/3/0.00/0 	max 504.75 mean 18.46
100 scores: min 1.50 	0.00/0.00/3/0.00/0 	max 512.25 mean 14.02
100 scores: min 1.50 	0.00/0.00/3/0.00/0 	max 504.25 mean 13.52
100 scores: min 1.50 	0.00/0.00/3/0.00/0 	max 503.50 mean 8.37
100 scores: min 1.50 	0.00/0.00/3/0.00/0 	max 507.25 mean 18.44
100 scores: min 1.50 	0.00/0.00/3/0.00/0 	max 504.00 mean 23.17
100 scores: min 1.50 	0.00/0.00/3/0.00/0 	max 512.25 mean 8.37
100 scores: min 1.50 	0.00/0.00/3/0.00/0 	max 503.75 mean 23.63
100 scores: min 1.50 	0.00/0.00/3/0.00/0 	max 507.75 mean 17.91
100 scores: min 1.50 	0.00/0.00/3/0.00/0 	max 509.25 mean 8.63
100 scores: min 1.50 	0.00/0.00/3/0.00/0 	max 511.25 mean 18.64
100 scores: min 1.50 	0.00/0.00/3/0.00/0 	max 503.25 mean 14.06
100 scores: min 1.50 	0.00/0.00/3/0.00/0 	max 505.75 mean 23.51
100 scores: min 1.50 	0.00/0.00/3/0.00/0 	max 509.25 mean 13.49
100 scores: min 1.50 	0.00/0.00/3/0.00/0 	max 11.01 mean 3.29
100 scores: min 1.50 	0.00/0.00/3/0.00/0 	max 509.25 mean 33.62
100 scores: min 1.50 	0.00/0.00/3/0.00/0 	max 506.00 mean 23.75
100 scores: min 1.50 	0.00/0.00/3/0.00/0 	max 513.75 mean 23.87
100 scores: min 1.50 	0.00/0.00/3/0.00/0 	max 511.25 mean 43.30
100 scores: min 1.50 	0.00/0.00/3/0.00/0 	max 508.25 mean 28.24
100 scores: min 1.50 	0.00/0.00/3/0.00/0 	max 504.75 mean 28.66
100 scores: min 1.50 	0.00/0.00/3/0.00/0 	max 503.75 mean 18.71
100 scores: min 1.50 	0.00/0.00/3/0.00/0 	max 504.50 mean 28.47
100 scores: min 1.50 	0.00/0.00/3/0.00/0 	max 504.00 mean 28.95
100 scores: min 1.50 	0.00/0.00/3/0.00/0 	max 506.25 mean 18.81
100 scores: min 1.50 	0.00/0.00/3/0.00/0 	max 506.00 mean 23.30
100 scores: min 1.50 	0.00/0.00/3/0.00/0 	max 504.25 mean 13.59
100 scores: min 1.50 	0.00/0.00/3/0.00/0 	max 504.75 mean 23.75
100 scores: min 1.50 	0.00/0.00/3/0.00/0 	max 504.75 mean 18.52
100 scores: min 1.50 	0.00/0.00/3/0.00/0 	max 503.75 mean 13.59
100 scores: min 1.50 	0.00/0.00/3/0.00/0 	max 513.25 mean 23.20
100 scores: min 1.50 	0.00/0.00/3/0.00/0 	max 503.25 mean 18.21
100 scores: min 1.50 	0.00/0.00/3/0.00/0 	max 508.25 mean 28.20
100 scores: min 1.50 	0.00/0.00/3/0.00/0 	max 503.25 mean 13.84
100 scores: min 1.50 	0.00/0.00/3/0.00/0 	max 504.75 mean 28.35
100 scores: min 1.50 	0.00/0.00/3/0.00/0 	max 504.25 mean 18.83
100 scores: min 1.50 	0.00/0.00/3/0.00/0 	max 510.75 mean 28.27
100 scores: min 1.50 	0.00/0.00/3/0.00/0 	max 510.75 mean 13.40
100 scores: min 1.50 	0.00/0.00/3/0.00/0 	max 508.75 mean 28.61
100 scores: min 1.50 	0.00/0.00/3/0.00/0 	max 504.25 mean 8.81
100 scores: min 1.50 	0.00/0.00/3/0.00/0 	max 504.00 mean 33.17
100 scores: min 1.50 	0.00/0.00/3/0.00/0 	max 511.75 mean 34.07
100 scores: min 1.50 	0.00/0.00/3/0.00/0 	max 503.25 mean 8.58
100 scores: min 1.50 	0.00/0.00/3/0.00/0 	max 504.75 mean 18.50
100 scores: min 1.50 	0.00/0.00/3/0.00/0 	max 511.75 mean 33.68
100 scores: min 1.50 	0.00/0.00/3/0.00/0 	max 512.75 mean 28.65
100 scores: min 1.50 	0.00/0.00/3/0.00/0 	max 502.25 mean 8.42
100 scores: min 1.50 	0.00/0.00/3/0.00/0 	max 508.50 mean 18.71
100 scores: min 1.50 	0.00/0.00/3/0.00/0 	max 503.75 mean 13.26
100 scores: min 1.50 	0.00/0.00/3/0.00/0 	max 509.75 mean 24.33
100 scores: min 1.50 	0.00/0.00/3/0.00/0 	max 504.25 mean 23.34
100 scores: min 1.50 	0.00/0.00/3/0.00/0 	max 512.25 mean 18.38
100 scores: min 1.50 	0.00/0.00/3/0.00/0 	max 503.75 mean 18.90
100 scores: min 1.50 	0.00/0.00/3/0.00/0 	max 503.75 mean 8.69
100 scores: min 1.50 	0.00/0.00/3/0.00/0 	max 504.25 mean 23.39
100 scores: min 1.50 	0.00/0.00/3/0.00/0 	max 503.75 mean 18.85
100 scores: min 1.50 	0.00/0.00/3/0.00/0 	max 511.25 mean 18.30
100 scores: min 1.50 	0.00/0.00/3/0.00/0 	max 509.25 mean 18.77
100 scores: min 1.50 	0.00/0.00/3/0.00/0 	max 503.75 mean 28.34
100 scores: min 1.50 	0.00/0.00/3/0.00/0 	max 505.25 mean 18.56
100 scores: min 1.50 	0.00/0.00/3/0.00/0 	max 508.75 mean 33.23
100 scores: min 1.50 	0.00/0.00/3/0.00/0 	max 511.75 mean 13.48
100 scores: min 1.50 	0.00/0.00/3/0.00/0 	max 504.75 mean 18.24
100 scores: min 1.50 	0.00/0.00/3/0.00/0 	max 504.75 mean 13.46
100 scores: min 1.50 	0.00/0.00/3/0.00/0 	max 511.25 mean 13.62
100 scores: min 1.50 	0.00/0.00/3/0.00/0 	max 503.50 mean 23.47
100 scores: min 1.50 	0.00/0.00/3/0.00/0 	max 503.75 mean 13.43
100 scores: min 1.50 	0.00/0.00/3/0.00/0 	max 508.25 mean 38.72
100 scores: min 1.50 	0.00/0.00/3/0.00/0 	max 504.25 mean 18.16
100 scores: min 1.50 	0.00/0.00/3/0.00/0 	max 511.75 mean 33.82
100 scores: min 1.50 	0.00/0.00/3/0.00/0 	max 502.75 mean 18.56
100 scores: min 1.50 	0.00/0.00/3/0.00/0 	max 502.25 mean 8.79
100 scores: min 1.50 	0.00/0.00/3/0.00/0 	max 504.00 mean 13.27
100 scores: min 1.50 	0.00/0.00/3/0.00/0 	max 513.25 mean 28.99
100 scores: min 1.50 	0.00/0.00/3/0.00/0 	max 510.25 mean 28.21
100 scores: min 1.50 	0.00/0.00/3/0.00/0 	max 509.00 mean 18.57
100 scores: min 1.50 	0.00/0.00/3/0.00/0 	max 503.75 mean 9.23
100 scores: min 1.50 	0.00/0.00/3/0.00/0 	max 503.75 mean 18.81
100 scores: min 1.50 	0.00/0.00/3/0.00/0 	max 504.00 mean 14.04
100 scores: min 1.50 	0.00/0.00/3/0.00/0 	max 504.25 mean 13.74
100 scores: min 1.50 	0.00/0.00/3/0.00/0 	max 510.50 mean 154.17
100 scores: min 1.50 	0.00/0.00/3/0.00/0 	max 508.50 mean 119.27
100 scores: min 1.50 	0.00/0.00/3/0.00/0 	max 503.50 mean 139.48
100 scores: min 1.50 	0.00/0.00/3/0.00/0 	max 503.50 mean 119.54
100 scores: min 1.50 	0.00/0.00/3/0.00/0 	max 504.75 mean 18.57
100 scores: min 1.50 	0.00/0.00/3/0.00/0 	max 511.25 mean 18.65
100 scores: min 1.50 	0.00/0.00/3/0.00/0 	max 502.50 mean 18.34
100 scores: min 1.50 	0.00/0.00/3/0.00/0 	max 509.25 mean 18.54
100 scores: min 1.50 	0.00/0.00/3/0.00/0 	max 503.00 mean 18.59
100 scores: min 1.50 	0.00/0.00/3/0.00/0 	max 505.75 mean 33.80
100 scores: min 1.50 	0.00/0.00/3/0.00/0 	max 509.75 mean 8.89
100 scores: min 1.50 	0.00/0.00/3/0.00/0 	max 504.00 mean 13.03
100 scores: min 1.50 	0.00/0.00/3/0.00/0 	max 504.00 mean 18.89
100 scores: min 1.50 	0.00/0.00/3/0.00/0 	max 504.00 mean 18.53
100 scores: min 1.50 	0.00/0.00/3/0.00/0 	max 503.00 mean 8.47
100 scores: min 1.50 	0.00/0.00/3/0.00/0 	max 504.75 mean 18.81
100 scores: min 1.50 	0.00/0.00/3/0.00/0 	max 504.75 mean 13.60
100 scores: min 1.50 	0.00/0.00/3/0.00/0 	max 503.75 mean 23.84
100 scores: min 1.50 	0.00/0.00/3/0.00/0 	max 508.75 mean 24.06
100 scores: min 1.50 	0.00/0.00/3/0.00/0 	max 512.25 mean 28.73
100 scores: min 1.50 	0.00/0.00/3/0.00/0 	max 508.75 mean 18.62
100 scores: min 1.50 	0.00/0.00/3/0.00/0 	max 514.25 mean 28.74
100 scores: min 1.50 	0.00/0.00/3/0.00/0 	max 503.50 mean 13.47
100 scores: min 1.50 	0.00/0.00/3/0.00/0 	max 504.75 mean 18.17
100 scores: min 1.50 	0.00/0.00/3/0.00/0 	max 1258.25 mean 31.00
100 scores: min 1.50 	0.00/0.00/3/0.00/0 	max 504.75 mean 8.54
100 scores: min 1.50 	0.00/0.00/3/0.00/0 	max 503.75 mean 28.16
100 scores: min 1.50 	0.00/0.00/3/0.00/0 	max 505.25 mean 18.91
100 scores: min 1.50 	0.00/0.00/3/0.00/0 	max 505.75 mean 28.28
100 scores: min 1.50 	0.00/0.00/3/0.00/0 	max 504.75 mean 13.96
100 scores: min 1.50 	0.00/0.00/3/0.00/0 	max 508.75 mean 18.69
100 scores: min 1.50 	0.00/0.00/3/0.00/0 	max 504.25 mean 19.03
100 scores: min 1.50 	0.00/0.00/3/0.00/0 	max 505.25 mean 13.26
100 scores: min 1.50 	0.00/0.00/3/0.00/0 	max 502.25 mean 14.05
100 scores: min 1.50 	0.00/0.00/3/0.00/0 	max 504.75 mean 23.73
100 scores: min 1.50 	0.00/0.00/3/0.00/0 	max 506.75 mean 13.26
100 scores: min 1.50 	0.00/0.00/3/0.00/0 	max 511.25 mean 23.54
100 scores: min 1.50 	0.00/0.00/3/0.00/0 	max 503.75 mean 9.21
100 scores: min 1.50 	0.00/0.00/3/0.00/0 	max 508.75 mean 8.94
100 scores: min 1.50 	0.00/0.00/3/0.00/0 	max 510.50 mean 18.36
100 scores: min 1.50 	0.00/0.00/3/0.00/0 	max 509.75 mean 38.99
100 scores: min 1.50 	0.00/0.00/3/0.00/0 	max 509.25 mean 8.76
100 scores: min 1.50 	0.00/0.00/3/0.00/0 	max 504.25 mean 18.55
100 scores: min 1.50 	0.00/0.00/3/0.00/0 	max 504.75 mean 23.54
100 scores: min 1.50 	0.00/0.00/3/0.00/0 	max 503.75 mean 18.72
100 scores: min 1.50 	0.00/0.00/3/0.00/0 	max 510.25 mean 13.50
100 scores: min 1.50 	0.00/0.00/3/0.00/0 	max 502.75 mean 8.18
100 scores: min 1.50 	0.00/0.00/3/0.00/0 	max 504.75 mean 13.74
100 scores: min 1.50 	0.00/0.00/3/0.00/0 	max 512.25 mean 24.06
100 scores: min 1.50 	0.00/0.00/3/0.00/0 	max 509.25 mean 13.74
100 scores: min 1.50 	0.00/0.00/3/0.00/0 	max 503.75 mean 19.07
100 scores: min 1.50 	0.00/0.00/3/0.00/0 	max 503.75 mean 19.24
100 scores: min 1.50 	0.00/0.00/3/0.00/0 	max 509.25 mean 13.65
100 scores: min 1.50 	0.00/0.00/3/0.00/0 	max 10.50 mean 3.90
100 scores: min 1.50 	0.00/0.00/3/0.00/0 	max 508.25 mean 13.86
100 scores: min 1.50 	0.00/0.00/3/0.00/0 	max 509.25 mean 24.15
100 scores: min 1.50 	0.00/0.00/3/0.00/0 	max 503.00 mean 18.57
100 scores: min 1.50 	0.00/0.00/3/0.00/0 	max 11.00 mean 3.41
100 scores: min 1.50 	0.00/0.00/3/0.00/0 	max 504.00 mean 8.54
100 scores: min 1.50 	0.00/0.00/3/0.00/0 	max 504.25 mean 18.43
100 scores: min 1.50 	0.00/0.00/3/0.00/0 	max 10.51 mean 3.76
100 scores: min 1.50 	0.00/0.00/3/0.00/0 	max 504.00 mean 18.73
100 scores: min 1.50 	0.00/0.00/3/0.00/0 	max 510.25 mean 23.36
100 scores: min 1.50 	0.00/0.00/3/0.00/0 	max 503.50 mean 8.66
100 scores: min 1.50 	0.00/0.00/3/0.00/0 	max 11.01 mean 3.93
100 scores: min 1.50 	0.00/0.00/3/0.00/0 	max 508.75 mean 24.39
100 scores: min 1.50 	0.00/0.00/3/0.00/0 	max 508.75 mean 18.80
100 scores: min 1.50 	0.00/0.00/3/0.00/0 	max 503.75 mean 8.42
100 scores: min 1.50 	0.00/0.00/3/0.00/0 	max 508.75 mean 18.98
100 scores: min 1.50 	0.00/0.00/3/0.00/0 	max 503.75 mean 13.64
100 scores: min 1.50 	0.00/0.00/3/0.00/0 	max 506.75 mean 13.80
100 scores: min 1.50 	0.00/0.00/3/0.00/0 	max 508.75 mean 28.36
100 scores: min 1.50 	0.00/0.00/3/0.00/0 	max 508.75 mean 8.74
100 scores: min 1.50 	0.00/0.00/3/0.00/0 	max 502.25 mean 13.86
100 scores: min 1.50 	0.00/0.00/3/0.00/0 	max 502.50 mean 8.63
100 scores: min 1.50 	0.00/0.00/3/0.00/0 	max 10.51 mean 3.60
100 scores: min 1.50 	0.00/0.00/3/0.00/0 	max 10.01 mean 3.70
100 scores: min 1.50 	0.00/0.00/3/0.00/0 	max 503.50 mean 13.73
100 scores: min 1.50 	0.00/0.00/3/0.00/0 	max 508.75 mean 24.14
100 scores: min 1.50 	0.00/0.00/3/0.00/0 	max 504.25 mean 18.64
100 scores: min 1.50 	0.00/0.00/3/0.00/0 	max 510.75 mean 14.00
100 scores: min 1.50 	0.00/0.00/3/0.00/0 	max 511.75 mean 23.77
100 scores: min 1.50 	0.00/0.00/3/0.00/0 	max 510.75 mean 18.76
100 scores: min 1.50 	0.00/0.00/3/0.00/0 	max 508.25 mean 13.95
100 scores: min 1.50 	0.00/0.00/3/0.00/0 	max 505.75 mean 28.48
100 scores: min 1.50 	0.00/0.00/3/0.00/0 	max 504.75 mean 18.61
100 scores: min 1.50 	0.00/0.00/3/0.00/0 	max 504.25 mean 14.39
100 scores: min 1.50 	0.00/0.00/3/0.00/0 	max 513.75 mean 13.92
100 scores: min 1.50 	0.00/0.00/3/0.00/0 	max 511.25 mean 269.48
100 scores: min 1.50 	0.00/0.00/3/0.00/0 	max 503.75 mean 28.84
100 scores: min 1.50 	0.00/0.00/3/0.00/0 	max 503.75 mean 13.72
100 scores: min 1.50 	0.00/0.00/3/0.00/0 	max 505.25 mean 13.74
100 scores: min 1.50 	0.00/0.00/3/0.00/0 	max 503.00 mean 8.86
100 scores: min 1.50 	0.00/0.00/3/0.00/0 	max 504.25 mean 8.82
100 scores: min 1.50 	0.00/0.00/3/0.00/0 	max 503.75 mean 13.22
100 scores: min 1.50 	0.00/0.00/3/0.00/0 	max 505.25 mean 23.27
100 scores: min 1.50 	0.00/0.00/3/0.00/0 	max 507.75 mean 19.20
100 scores: min 1.50 	0.00/0.00/3/0.00/0 	max 510.25 mean 23.97
100 scores: min 1.50 	0.00/0.00/3/0.00/0 	max 510.25 mean 28.82
100 scores: min 1.50 	0.00/0.00/3/0.00/0 	max 504.75 mean 8.77
100 scores: min 1.50 	0.00/0.00/3/0.00/0 	max 503.25 mean 8.92
100 scores: min 1.50 	0.00/0.00/3/0.00/0 	max 503.75 mean 18.31
100 scores: min 1.50 	0.00/0.00/3/0.00/0 	max 508.75 mean 18.96
100 scores: min 1.50 	0.00/0.00/3/0.00/0 	max 504.25 mean 23.47
100 scores: min 1.50 	0.00/0.00/3/0.00/0 	max 503.25 mean 23.84
100 scores: min 1.50 	0.00/0.00/3/0.00/0 	max 508.75 mean 13.54
100 scores: min 1.50 	0.00/0.00/3/0.00/0 	max 511.25 mean 23.66
100 scores: min 1.50 	0.00/0.00/3/0.00/0 	max 504.75 mean 18.00
100 scores: min 1.50 	0.00/0.00/3/0.00/0 	max 506.75 mean 23.69
100 scores: min 1.50 	0.00/0.00/3/0.00/0 	max 511.75 mean 18.73
100 scores: min 1.50 	0.00/0.00/3/0.00/0 	max 11.50 mean 3.93
100 scores: min 1.50 	0.00/0.00/3/0.00/0 	max 508.25 mean 8.24
100 scores: min 1.50 	0.00/0.00/3/0.00/0 	max 12.00 mean 3.67
100 scores: min 1.50 	0.00/0.00/3/0.00/0 	max 503.00 mean 8.50
100 scores: min 1.50 	0.00/0.00/3/0.00/0 	max 513.75 mean 28.82
100 scores: min 1.50 	0.00/0.00/3/0.00/0 	max 510.25 mean 18.52
100 scores: min 1.50 	0.00/0.00/3/0.00/0 	max 509.75 mean 8.74
100 scores: min 1.50 	0.00/0.00/3/0.00/0 	max 506.00 mean 18.62
100 scores: min 1.50 	0.00/0.00/3/0.00/0 	max 512.75 mean 13.62
100 scores: min 1.50 	0.00/0.00/3/0.00/0 	max 513.25 mean 13.35
100 scores: min 1.50 	0.00/0.00/3/0.00/0 	max 503.75 mean 13.41
100 scores: min 1.50 	0.00/0.00/3/0.00/0 	max 505.75 mean 13.46
100 scores: min 1.50 	0.00/0.00/3/0.00/0 	max 504.75 mean 28.76
100 scores: min 1.50 	0.00/0.00/3/0.00/0 	max 508.75 mean 18.53
100 scores: min 1.50 	0.00/0.00/3/0.00/0 	max 503.75 mean 8.49
100 scores: min 1.50 	0.00/0.00/3/0.00/0 	max 510.25 mean 18.87
100 scores: min 1.50 	0.00/0.00/3/0.00/0 	max 508.75 mean 13.33
100 scores: min 1.50 	0.00/0.00/3/0.00/0 	max 503.75 mean 19.21
100 scores: min 1.50 	0.00/0.00/3/0.00/0 	max 502.25 mean 8.80
100 scores: min 1.50 	0.00/0.00/3/0.00/0 	max 503.75 mean 9.04
100 scores: min 1.50 	0.00/0.00/3/0.00/0 	max 503.75 mean 18.89
100 scores: min 1.50 	0.00/0.00/3/0.00/0 	max 504.00 mean 13.29
100 scores: min 1.50 	0.00/0.00/3/0.00/0 	max 503.25 mean 19.07
100 scores: min 1.50 	0.00/0.00/3/0.00/0 	max 505.25 mean 28.29
100 scores: min 1.50 	0.00/0.00/3/0.00/0 	max 503.75 mean 18.95
100 scores: min 1.50 	0.00/0.00/3/0.00/0 	max 511.25 mean 13.06
100 scores: min 1.50 	0.00/0.00/3/0.00/0 	max 513.75 mean 13.34
100 scores: min 1.50 	0.00/0.00/3/0.00/0 	max 503.75 mean 19.00
100 scores: min 1.50 	0.00/0.00/3/0.00/0 	max 510.25 mean 29.51
100 scores: min 1.50 	0.00/0.00/3/0.00/0 	max 503.25 mean 9.36
100 scores: min 1.50 	0.00/0.00/3/0.00/0 	max 502.25 mean 8.96
100 scores: min 1.50 	0.00/0.00/3/0.00/0 	max 503.50 mean 18.63
100 scores: min 1.50 	0.00/0.00/3/0.00/0 	max 508.75 mean 24.33
100 scores: min 1.50 	0.00/0.00/3/0.00/0 	max 510.75 mean 13.99
100 scores: min 1.50 	0.00/0.00/3/0.00/0 	max 511.75 mean 24.55
100 scores: min 1.50 	0.00/0.00/3/0.00/0 	max 510.25 mean 19.33
100 scores: min 1.50 	0.00/0.00/3/0.00/0 	max 508.75 mean 18.69
100 scores: min 1.50 	0.00/0.00/3/0.00/0 	max 508.75 mean 23.96
100 scores: min 1.50 	0.00/0.00/3/0.00/0 	max 508.25 mean 19.35
100 scores: min 1.50 	0.00/0.00/3/0.00/0 	max 508.75 mean 29.46
100 scores: min 1.50 	0.00/0.00/3/0.00/0 	max 507.75 mean 23.88
100 scores: min 1.50 	0.00/0.00/3/0.00/0 	max 505.75 mean 14.04
100 scores: min 1.50 	0.00/0.00/3/0.00/0 	max 510.75 mean 19.29
100 scores: min 1.50 	0.00/0.00/3/0.00/0 	max 507.75 mean 28.93
100 scores: min 1.50 	0.00/0.00/3/0.00/0 	max 511.75 mean 24.49
100 scores: min 1.50 	0.00/0.00/3/0.00/0 	max 503.75 mean 9.72
100 scores: min 1.50 	0.00/0.00/3/0.00/0 	max 508.75 mean 19.68
100 scores: min 1.50 	0.00/0.00/3/0.00/0 	max 510.75 mean 19.90
100 scores: min 1.50 	0.00/0.00/3/0.00/0 	max 511.25 mean 49.16
100 scores: min 1.50 	0.00/0.00/3/0.00/0 	max 505.75 mean 13.39
100 scores: min 1.50 	0.00/0.00/3/0.00/0 	max 11.00 mean 4.52
100 scores: min 1.50 	0.00/0.00/3/0.00/0 	max 503.75 mean 13.93
100 scores: min 1.50 	0.00/0.00/3/0.00/0 	max 510.75 mean 18.88
100 scores: min 1.50 	0.00/0.00/3/0.00/0 	max 508.75 mean 14.13
100 scores: min 1.50 	0.00/0.00/3/0.00/0 	max 510.25 mean 28.90
100 scores: min 1.50 	0.00/0.00/3/0.00/0 	max 509.75 mean 14.01
100 scores: min 1.50 	0.00/0.00/3/0.00/0 	max 503.25 mean 8.63
100 scores: min 1.50 	0.00/0.00/3/0.00/0 	max 503.25 mean 13.51
100 scores: min 1.50 	0.00/0.00/3/0.00/0 	max 10.51 mean 4.25
100 scores: min 1.50 	0.00/0.00/3/0.00/0 	max 508.75 mean 18.37
100 scores: min 1.50 	0.00/0.00/3/0.00/0 	max 511.75 mean 28.81
100 scores: min 1.50 	0.00/0.00/3/0.00/0 	max 512.75 mean 18.57
100 scores: min 1.50 	0.00/0.00/3/0.00/0 	max 503.75 mean 8.69
100 scores: min 1.50 	0.00/0.00/3/0.00/0 	max 504.00 mean 33.68
100 scores: min 1.50 	0.00/0.00/3/0.00/0 	max 504.25 mean 18.99
100 scores: min 1.50 	0.00/0.00/3/0.00/0 	max 502.75 mean 9.07
100 scores: min 1.50 	0.00/0.00/3/0.00/0 	max 11.51 mean 4.99
100 scores: min 1.50 	0.00/0.00/3/0.00/0 	max 502.75 mean 9.17
100 scores: min 1.50 	0.00/0.00/3/0.00/0 	max 506.75 mean 19.49
100 scores: min 1.50 	0.00/0.00/3/0.00/0 	max 509.75 mean 9.37
100 scores: min 1.50 	0.00/0.00/3/0.00/0 	max 503.75 mean 14.19
100 scores: min 1.50 	0.00/0.00/3/0.00/0 	max 504.25 mean 8.97
100 scores: min 1.50 	0.00/0.00/3/0.00/0 	max 502.75 mean 8.93
100 scores: min 1.50 	0.00/0.00/3/0.00/0 	max 511.75 mean 29.27
100 scores: min 1.50 	0.00/0.00/3/0.00/0 	max 509.75 mean 44.67
100 scores: min 1.50 	0.00/0.00/3/0.00/0 	max 509.75 mean 274.20
100 scores: min 1.50 	0.00/0.00/3/0.00/0 	max 1260.75 mean 257.05
100 scores: min 1.50 	0.00/0.00/3/0.00/0 	max 510.75 mean 334.57
100 scores: min 1.50 	0.00/0.00/3/0.00/0 	max 510.75 mean 279.13
100 scores: min 1.50 	0.00/0.00/3/0.00/0 	max 510.75 mean 299.19
100 scores: min 1.50 	0.00/0.00/3/0.00/0 	max 511.25 mean 289.39
100 scores: min 1.50 	0.00/0.00/3/0.00/0 	max 506.75 mean 14.51
100 scores: min 1.50 	0.00/0.00/3/0.00/0 	max 510.25 mean 24.28
100 scores: min 1.50 	0.00/0.00/3/0.00/0 	max 508.75 mean 19.29
100 scores: min 1.50 	0.00/0.00/3/0.00/0 	max 509.75 mean 23.96
100 scores: min 1.50 	0.00/0.00/3/0.00/0 	max 503.75 mean 8.91
100 scores: min 1.50 	0.00/0.00/3/0.00/0 	max 503.75 mean 19.24
100 scores: min 1.50 	0.00/0.00/3/0.00/0 	max 507.75 mean 9.15
100 scores: min 1.50 	0.00/0.00/3/0.00/0 	max 505.25 mean 8.97
100 scores: min 1.50 	0.00/0.00/3/0.00/0 	max 510.75 mean 48.95
100 scores: min 1.50 	0.00/0.00/3/0.00/0 	max 1256.75 mean 26.13
100 scores: min 1.50 	0.00/0.00/3/0.00/0 	max 503.25 mean 8.87
100 scores: min 1.50 	0.00/0.00/3/0.00/0 	max 510.75 mean 19.32
100 scores: min 1.50 	0.00/0.00/3/0.00/0 	max 503.75 mean 19.27
100 scores: min 1.50 	0.00/0.00/3/0.00/0 	max 503.25 mean 9.13
100 scores: min 1.50 	0.00/0.00/3/0.00/0 	max 509.25 mean 18.98
100 scores: min 1.50 	0.00/0.00/3/0.00/0 	max 508.75 mean 14.63
100 scores: min 1.50 	0.00/0.00/3/0.00/0 	max 510.75 mean 23.96
100 scores: min 1.50 	0.00/0.00/3/0.00/0 	max 504.00 mean 14.46
100 scores: min 1.50 	0.00/0.00/3/0.00/0 	max 510.75 mean 24.22
100 scores: min 1.50 	0.00/0.00/3/0.00/0 	max 509.75 mean 29.09
100 scores: min 1.50 	0.00/0.00/3/0.00/0 	max 503.75 mean 14.13
100 scores: min 1.50 	0.00/0.00/3/0.00/0 	max 11.00 mean 4.34
100 scores: min 1.50 	0.00/0.00/3/0.00/0 	max 10.50 mean 3.81
100 scores: min 1.50 	0.00/0.00/3/0.00/0 	max 508.75 mean 24.65
100 scores: min 1.50 	0.00/0.00/3/0.00/0 	max 506.75 mean 13.73
100 scores: min 1.50 	0.00/0.00/3/0.00/0 	max 507.75 mean 18.97
100 scores: min 1.50 	0.00/0.00/3/0.00/0 	max 502.25 mean 9.34
100 scores: min 1.50 	0.00/0.00/3/0.00/0 	max 504.25 mean 8.93
100 scores: min 1.50 	0.00/0.00/3/0.00/0 	max 503.75 mean 14.11
100 scores: min 1.50 	0.00/0.00/3/0.00/0 	max 510.25 mean 24.19
100 scores: min 1.50 	0.00/0.00/3/0.00/0 	max 510.25 mean 9.28
100 scores: min 1.50 	0.00/0.00/3/0.00/0 	max 504.25 mean 19.21
100 scores: min 1.50 	0.00/0.00/3/0.00/0 	max 503.25 mean 18.93
100 scores: min 1.50 	0.00/0.00/3/0.00/0 	max 509.25 mean 39.10
100 scores: min 1.50 	0.00/0.00/3/0.00/0 	max 508.75 mean 9.58
100 scores: min 1.50 	0.00/0.00/3/0.00/0 	max 503.75 mean 8.68
100 scores: min 1.50 	0.00/0.00/3/0.00/0 	max 504.25 mean 13.98
100 scores: min 1.50 	0.00/0.00/3/0.00/0 	max 503.25 mean 19.10
100 scores: min 1.50 	0.00/0.00/3/0.00/0 	max 507.75 mean 13.28
100 scores: min 1.50 	0.00/0.00/3/0.00/0 	max 508.25 mean 23.88
100 scores: min 1.50 	0.00/0.00/3/0.00/0 	max 512.25 mean 23.91
100 scores: min 1.50 	0.00/0.00/3/0.00/0 	max 11.01 mean 3.69
100 scores: min 1.50 	0.00/0.00/3/0.00/0 	max 508.75 mean 8.88
100 scores: min 1.50 	0.00/0.00/3/0.00/0 	max 503.75 mean 8.47
100 scores: min 1.50 	0.00/0.00/3/0.00/0 	max 508.75 mean 13.73
100 scores: min 1.50 	0.00/0.00/3/0.00/0 	max 505.75 mean 8.79
100 scores: min 1.50 	0.00/0.00/3/0.00/0 	max 508.75 mean 13.63
100 scores: min 1.50 	0.00/0.00/3/0.00/0 	max 509.25 mean 28.89
100 scores: min 1.50 	0.00/0.00/3/0.00/0 	max 508.75 mean 34.04
100 scores: min 1.50 	0.00/0.00/3/0.00/0 	max 503.75 mean 9.57
100 scores: min 1.50 	0.00/0.00/3/0.00/0 	max 504.25 mean 13.97
100 scores: min 1.50 	0.00/0.00/3/0.00/0 	max 503.25 mean 9.46
100 scores: min 1.50 	0.00/0.00/3/0.00/0 	max 511.75 mean 19.48
100 scores: min 1.50 	0.00/0.00/3/0.00/0 	max 510.75 mean 24.60
100 scores: min 1.50 	0.00/0.00/3/0.00/0 	max 10.51 mean 4.09
100 scores: min 1.50 	0.00/0.00/3/0.00/0 	max 511.75 mean 9.65
100 scores: min 1.50 	0.00/0.00/3/0.00/0 	max 509.25 mean 29.37
100 scores: min 1.50 	0.00/0.00/3/0.00/0 	max 505.75 mean 14.44
100 scores: min 1.50 	0.00/0.00/3/0.00/0 	max 512.25 mean 29.05
100 scores: min 1.50 	0.00/0.00/3/0.00/0 	max 505.75 mean 19.38
100 scores: min 1.50 	0.00/0.00/3/0.00/0 	max 503.75 mean 19.72
100 scores: min 1.50 	0.00/0.00/3/0.00/0 	max 502.25 mean 8.93
100 scores: min 1.50 	0.00/0.00/3/0.00/0 	max 504.25 mean 24.38
100 scores: min 1.50 	0.00/0.00/3/0.00/0 	max 503.50 mean 14.44
100 scores: min 1.50 	0.00/0.00/3/0.00/0 	max 503.00 mean 24.70
100 scores: min 1.50 	0.00/0.00/3/0.00/0 	max 506.25 mean 34.19
100 scores: min 1.50 	0.00/0.00/3/0.00/0 	max 508.75 mean 24.55
100 scores: min 1.50 	0.00/0.00/3/0.00/0 	max 11.00 mean 4.22
100 scores: min 1.50 	0.00/0.00/3/0.00/0 	max 508.75 mean 29.32
100 scores: min 1.50 	0.00/0.00/3/0.00/0 	max 510.75 mean 34.51
100 scores: min 1.50 	0.00/0.00/3/0.00/0 	max 509.75 mean 19.90
100 scores: min 1.50 	0.00/0.00/3/0.00/0 	max 503.75 mean 9.37
100 scores: min 1.50 	0.00/0.00/3/0.00/0 	max 513.75 mean 29.39
100 scores: min 1.50 	0.00/0.00/3/0.00/0 	max 11.51 mean 4.14
100 scores: min 1.50 	0.00/0.00/3/0.00/0 	max 510.75 mean 33.64
100 scores: min 1.50 	0.00/0.00/3/0.00/0 	max 509.75 mean 18.86
100 scores: min 1.50 	0.00/0.00/3/0.00/0 	max 505.25 mean 18.67
100 scores: min 1.50 	0.00/0.00/3/0.00/0 	max 508.75 mean 29.02
100 scores: min 1.50 	0.00/0.00/3/0.00/0 	max 505.25 mean 28.81
100 scores: min 1.50 	0.00/0.00/3/0.00/0 	max 506.00 mean 19.01
100 scores: min 1.50 	0.00/0.00/3/0.00/0 	max 503.50 mean 9.26
100 scores: min 1.50 	0.00/0.00/3/0.00/0 	max 503.75 mean 18.71
100 scores: min 1.50 	0.00/0.00/3/0.00/0 	max 511.25 mean 29.22
100 scores: min 1.50 	0.00/0.00/3/0.00/0 	max 510.50 mean 19.33
100 scores: min 1.50 	0.00/0.00/3/0.00/0 	max 511.25 mean 24.46
100 scores: min 1.50 	0.00/0.00/3/0.00/0 	max 510.75 mean 34.42
100 scores: min 1.50 	0.00/0.00/3/0.00/0 	max 508.75 mean 19.38
100 scores: min 1.50 	0.00/0.00/3/0.00/0 	max 507.75 mean 24.50
100 scores: min 1.50 	0.00/0.00/3/0.00/0 	max 509.25 mean 13.98
100 scores: min 1.50 	0.00/0.00/3/0.00/0 	max 503.75 mean 8.94
100 scores: min 1.50 	0.00/0.00/3/0.00/0 	max 503.00 mean 8.91
100 scores: min 1.50 	0.00/0.00/3/0.00/0 	max 10.51 mean 4.10
100 scores: min 1.50 	0.00/0.00/3/0.00/0 	max 510.25 mean 19.07
100 scores: min 1.50 	0.00/0.00/3/0.00/0 	max 510.25 mean 14.44
100 scores: min 1.50 	0.00/0.00/3/0.00/0 	max 506.75 mean 9.31
100 scores: min 1.50 	0.00/0.00/3/0.00/0 	max 503.75 mean 19.05
100 scores: min 1.50 	0.00/0.00/3/0.00/0 	max 506.75 mean 14.26
100 scores: min 1.50 	0.00/0.00/3/0.00/0 	max 503.75 mean 9.13
100 scores: min 1.50 	0.00/0.00/3/0.00/0 	max 503.75 mean 9.05
100 scores: min 1.50 	0.00/0.00/3/0.00/0 	max 511.25 mean 19.14
100 scores: min 1.50 	0.00/0.00/3/0.00/0 	max 12.00 mean 4.29
100 scores: min 1.50 	0.00/0.00/3/0.00/0 	max 503.75 mean 14.40
100 scores: min 1.50 	0.00/0.00/3/0.00/0 	max 504.25 mean 9.17
100 scores: min 1.50 	0.00/0.00/3/0.00/0 	max 511.75 mean 24.48
100 scores: min 1.50 	0.00/0.00/3/0.00/0 	max 503.25 mean 9.60
100 scores: min 1.50 	0.00/0.00/3/0.00/0 	max 504.00 mean 8.95
100 scores: min 1.50 	0.00/0.00/3/0.00/0 	max 511.75 mean 8.85
100 scores: min 1.50 	0.00/0.00/3/0.00/0 	max 503.75 mean 9.29
100 scores: min 1.50 	0.00/0.00/3/0.00/0 	max 511.25 mean 13.59
100 scores: min 1.50 	0.00/0.00/3/0.00/0 	max 512.75 mean 39.15
100 scores: min 1.50 	0.00/0.00/3/0.00/0 	max 510.75 mean 24.21
100 scores: min 1.50 	0.00/0.00/3/0.00/0 	max 502.75 mean 14.29
100 scores: min 1.50 	0.00/0.00/3/0.00/0 	max 503.75 mean 9.49
100 scores: min 1.50 	0.00/0.00/3/0.00/0 	max 509.75 mean 14.58
100 scores: min 1.50 	0.00/0.00/3/0.00/0 	max 507.75 mean 18.95
100 scores: min 1.50 	0.00/0.00/3/0.00/0 	max 503.75 mean 14.57
100 scores: min 1.50 	0.00/0.00/3/0.00/0 	max 11.51 mean 3.86
100 scores: min 1.50 	0.00/0.00/3/0.00/0 	max 509.75 mean 23.89
100 scores: min 1.50 	0.00/0.00/3/0.00/0 	max 509.75 mean 18.98
100 scores: min 1.50 	0.00/0.00/3/0.00/0 	max 511.75 mean 19.02
100 scores: min 1.50 	0.00/0.00/3/0.00/0 	max 509.75 mean 19.07
100 scores: min 1.50 	0.00/0.00/3/0.00/0 	max 508.75 mean 14.03
100 scores: min 1.50 	0.00/0.00/3/0.00/0 	max 513.75 mean 14.00
100 scores: min 1.50 	0.00/0.00/3/0.00/0 	max 510.75 mean 24.61
100 scores: min 1.50 	0.00/0.00/3/0.00/0 	max 509.25 mean 14.37
100 scores: min 1.50 	0.00/0.00/3/0.00/0 	max 503.25 mean 8.72
100 scores: min 1.50 	0.00/0.00/3/0.00/0 	max 503.25 mean 8.64
100 scores: min 1.50 	0.00/0.00/3/0.00/0 	max 506.00 mean 19.03
100 scores: min 1.50 	0.00/0.00/3/0.00/0 	max 10.51 mean 4.06
100 scores: min 1.50 	0.00/0.00/3/0.00/0 	max 511.25 mean 14.05
100 scores: min 1.50 	0.00/0.00/3/0.00/0 	max 1259.25 mean 31.60
100 scores: min 1.50 	0.00/0.00/3/0.00/0 	max 511.25 mean 19.08
100 scores: min 1.50 	0.00/0.00/3/0.00/0 	max 511.25 mean 14.13
100 scores: min 1.50 	0.00/0.00/3/0.00/0 	max 508.25 mean 38.83
100 scores: min 1.50 	0.00/0.00/3/0.00/0 	max 510.75 mean 34.38
100 scores: min 1.50 	0.00/0.00/3/0.00/0 	max 504.75 mean 9.16
100 scores: min 1.50 	0.00/0.00/3/0.00/0 	max 512.75 mean 24.07
100 scores: min 1.50 	0.00/0.00/3/0.00/0 	max 1258.75 mean 25.77
100 scores: min 1.50 	0.00/0.00/3/0.00/0 	max 503.75 mean 19.05
100 scores: min 1.50 	0.00/0.00/3/0.00/0 	max 10.51 mean 4.12
100 scores: min 1.50 	0.00/0.00/3/0.00/0 	max 503.75 mean 9.65
100 scores: min 1.50 	0.00/0.00/3/0.00/0 	max 11.51 mean 4.74
100 scores: min 1.50 	0.00/0.00/3/0.00/0 	max 511.25 mean 19.55
100 scores: min 1.50 	0.00/0.00/3/0.00/0 	max 505.25 mean 8.91
100 scores: min 1.50 	0.00/0.00/3/0.00/0 	max 503.75 mean 14.21
100 scores: min 1.50 	0.00/0.00/3/0.00/0 	max 512.25 mean 29.11
100 scores: min 1.50 	0.00/0.00/3/0.00/0 	max 507.75 mean 14.30
100 scores: min 1.50 	0.00/0.00/3/0.00/0 	max 503.25 mean 9.21
100 scores: min 1.50 	0.00/0.00/3/0.00/0 	max 502.75 mean 13.36
100 scores: min 1.50 	0.00/0.00/3/0.00/0 	max 503.75 mean 14.08
100 scores: min 1.50 	0.00/0.00/3/0.00/0 	max 10.51 mean 3.98
100 scores: min 1.50 	0.00/0.00/3/0.00/0 	max 504.25 mean 18.55
100 scores: min 1.50 	0.00/0.00/3/0.00/0 	max 510.25 mean 39.43
100 scores: min 1.50 	0.00/0.00/3/0.00/0 	max 510.75 mean 29.01
100 scores: min 1.50 	0.00/0.00/3/0.00/0 	max 506.75 mean 8.82
100 scores: min 1.50 	0.00/0.00/3/0.00/0 	max 508.75 mean 28.76
100 scores: min 1.50 	0.00/0.00/3/0.00/0 	max 502.75 mean 18.08
100 scores: min 1.50 	0.00/0.00/3/0.00/0 	max 511.75 mean 23.92
100 scores: min 1.50 	0.00/0.00/3/0.00/0 	max 510.75 mean 24.63
100 scores: min 1.50 	0.00/0.00/3/0.00/0 	max 504.25 mean 13.52
100 scores: min 1.50 	0.00/0.00/3/0.00/0 	max 503.75 mean 9.46
100 scores: min 1.50 	0.00/0.00/3/0.00/0 	max 503.50 mean 9.47
100 scores: min 1.50 	0.00/0.00/3/0.00/0 	max 505.25 mean 14.64
100 scores: min 1.50 	0.00/0.00/3/0.00/0 	max 503.25 mean 18.65
100 scores: min 1.50 	0.00/0.00/3/0.00/0 	max 502.75 mean 13.90
100 scores: min 1.50 	0.00/0.00/3/0.00/0 	max 507.25 mean 19.20
100 scores: min 1.50 	0.00/0.00/3/0.00/0 	max 503.75 mean 18.88
100 scores: min 1.50 	0.00/0.00/3/0.00/0 	max 509.75 mean 23.47
100 scores: min 1.50 	0.00/0.00/3/0.00/0 	max 503.75 mean 8.81
100 scores: min 1.50 	0.00/0.00/3/0.00/0 	max 510.75 mean 9.20
100 scores: min 1.50 	0.00/0.00/3/0.00/0 	max 504.75 mean 29.38
100 scores: min 1.50 	0.00/0.00/3/0.00/0 	max 506.25 mean 9.26
100 scores: min 1.50 	0.00/0.00/3/0.00/0 	max 505.75 mean 24.29
100 scores: min 1.50 	0.00/0.00/3/0.00/0 	max 503.75 mean 9.24
100 scores: min 1.50 	0.00/0.00/3/0.00/0 	max 503.25 mean 19.47
100 scores: min 1.50 	0.00/0.00/3/0.00/0 	max 505.75 mean 14.48
100 scores: min 1.50 	0.00/0.00/3/0.00/0 	max 505.25 mean 18.90
100 scores: min 1.50 	0.00/0.00/3/0.00/0 	max 509.75 mean 14.44
100 scores: min 1.50 	0.00/0.00/3/0.00/0 	max 510.75 mean 29.47
100 scores: min 1.50 	0.00/0.00/3/0.00/0 	max 507.25 mean 18.64
100 scores: min 1.50 	0.00/0.00/3/0.00/0 	max 509.75 mean 14.04
100 scores: min 1.50 	0.00/0.00/3/0.00/0 	max 504.00 mean 18.35
100 scores: min 1.50 	0.00/0.00/3/0.00/0 	max 506.25 mean 19.47
100 scores: min 1.50 	0.00/0.00/3/0.00/0 	max 508.75 mean 14.03
100 scores: min 1.50 	0.00/0.00/3/0.00/0 	max 503.75 mean 13.47
100 scores: min 1.50 	0.00/0.00/3/0.00/0 	max 10.51 mean 4.17
100 scores: min 1.50 	0.00/0.00/3/0.00/0 	max 507.75 mean 19.61
100 scores: min 1.50 	0.00/0.00/3/0.00/0 	max 503.25 mean 14.40
100 scores: min 1.50 	0.00/0.00/3/0.00/0 	max 510.25 mean 29.16
100 scores: min 1.50 	0.00/0.00/3/0.00/0 	max 504.50 mean 24.31
100 scores: min 1.50 	0.00/0.00/3/0.00/0 	max 502.25 mean 9.00
100 scores: min 1.50 	0.00/0.00/3/0.00/0 	max 511.75 mean 19.16
100 scores: min 1.50 	0.00/0.00/3/0.00/0 	max 504.25 mean 18.82
100 scores: min 1.50 	0.00/0.00/3/0.00/0 	max 510.25 mean 24.18
100 scores: min 1.50 	0.00/0.00/3/0.00/0 	max 505.25 mean 8.78
100 scores: min 1.50 	0.00/0.00/3/0.00/0 	max 509.00 mean 49.29
100 scores: min 1.50 	0.00/0.00/3/0.00/0 	max 507.75 mean 14.24
100 scores: min 1.50 	0.00/0.00/3/0.00/0 	max 503.50 mean 14.25
100 scores: min 1.50 	0.00/0.00/3/0.00/0 	max 510.75 mean 19.44
100 scores: min 1.50 	0.00/0.00/3/0.00/0 	max 512.25 mean 43.85
100 scores: min 1.50 	0.00/0.00/3/0.00/0 	max 507.75 mean 13.97
100 scores: min 1.50 	0.00/0.00/3/0.00/0 	max 510.25 mean 34.73
100 scores: min 1.50 	0.00/0.00/3/0.00/0 	max 503.75 mean 8.94
100 scores: min 1.50 	0.00/0.00/3/0.00/0 	max 502.25 mean 9.27
100 scores: min 1.50 	0.00/0.00/3/0.00/0 	max 503.75 mean 8.95
100 scores: min 1.50 	0.00/0.00/3/0.00/0 	max 510.75 mean 18.99
100 scores: min 1.50 	0.00/0.00/3/0.00/0 	max 511.25 mean 14.25
100 scores: min 1.50 	0.00/0.00/3/0.00/0 	max 507.25 mean 14.12
100 scores: min 1.50 	0.00/0.00/3/0.00/0 	max 506.25 mean 18.94
100 scores: min 1.50 	0.00/0.00/3/0.00/0 	max 510.75 mean 18.93
100 scores: min 1.50 	0.00/0.00/3/0.00/0 	max 507.75 mean 18.75
100 scores: min 1.50 	0.00/0.00/3/0.00/0 	max 508.75 mean 34.32
100 scores: min 1.50 	0.00/0.00/3/0.00/0 	max 10.51 mean 3.77
100 scores: min 1.50 	0.00/0.00/3/0.00/0 	max 504.50 mean 18.89
100 scores: min 1.50 	0.00/0.00/3/0.00/0 	max 1255.75 mean 31.52
100 scores: min 1.50 	0.00/0.00/3/0.00/0 	max 503.50 mean 9.18
100 scores: min 1.50 	0.00/0.00/3/0.00/0 	max 506.75 mean 14.22
100 scores: min 1.50 	0.00/0.00/3/0.00/0 	max 510.75 mean 14.45
100 scores: min 1.50 	0.00/0.00/3/0.00/0 	max 11.01 mean 3.86
100 scores: min 1.50 	0.00/0.00/3/0.00/0 	max 505.25 mean 9.43
100 scores: min 1.50 	0.00/0.00/3/0.00/0 	max 507.75 mean 14.11
100 scores: min 1.50 	0.00/0.00/3/0.00/0 	max 511.75 mean 13.98
100 scores: min 1.50 	0.00/0.00/3/0.00/0 	max 506.25 mean 13.64
100 scores: min 1.50 	0.00/0.00/3/0.00/0 	max 510.75 mean 9.30
100 scores: min 1.50 	0.00/0.00/3/0.00/0 	max 509.75 mean 23.79
100 scores: min 1.50 	0.00/0.00/3/0.00/0 	max 507.75 mean 28.67
100 scores: min 1.50 	0.00/0.00/3/0.00/0 	max 508.75 mean 23.68
100 scores: min 1.50 	0.00/0.00/3/0.00/0 	max 513.25 mean 28.96
100 scores: min 1.50 	0.00/0.00/3/0.00/0 	max 507.25 mean 14.08
100 scores: min 1.50 	0.00/0.00/3/0.00/0 	max 511.50 mean 9.02
100 scores: min 1.50 	0.00/0.00/3/0.00/0 	max 508.75 mean 13.98
100 scores: min 1.50 	0.00/0.00/3/0.00/0 	max 509.75 mean 13.56
100 scores: min 1.50 	0.00/0.00/3/0.00/0 	max 506.75 mean 13.42
100 scores: min 1.50 	0.00/0.00/3/0.00/0 	max 508.75 mean 8.66
100 scores: min 1.50 	0.00/0.00/3/0.00/0 	max 510.50 mean 24.21
100 scores: min 1.50 	0.00/0.00/3/0.00/0 	max 502.75 mean 8.64
100 scores: min 1.50 	0.00/0.00/3/0.00/0 	max 508.75 mean 13.69
100 scores: min 1.50 	0.00/0.00/3/0.00/0 	max 504.25 mean 18.73
100 scores: min 1.50 	0.00/0.00/3/0.00/0 	max 503.75 mean 13.96
100 scores: min 1.50 	0.00/0.00/3/0.00/0 	max 505.75 mean 13.90
100 scores: min 1.50 	0.00/0.00/3/0.00/0 	max 506.75 mean 13.88
100 scores: min 1.50 	0.00/0.00/3/0.00/0 	max 503.50 mean 13.92
100 scores: min 1.50 	0.00/0.00/3/0.00/0 	max 509.75 mean 13.98
100 scores: min 1.50 	0.00/0.00/3/0.00/0 	max 507.75 mean 18.88
100 scores: min 1.50 	0.00/0.00/3/0.00/0 	max 509.25 mean 23.89
100 scores: min 1.50 	0.00/0.00/3/0.00/0 	max 503.75 mean 8.60
100 scores: min 1.50 	0.00/0.00/3/0.00/0 	max 507.75 mean 13.81
100 scores: min 1.50 	0.00/0.00/3/0.00/0 	max 512.25 mean 14.21
100 scores: min 1.50 	0.00/0.00/3/0.00/0 	max 511.25 mean 28.64
100 scores: min 1.50 	0.00/0.00/3/0.00/0 	max 509.25 mean 18.90
100 scores: min 1.50 	0.00/0.00/3/0.00/0 	max 502.75 mean 8.96
100 scores: min 1.50 	0.00/0.00/3/0.00/0 	max 509.75 mean 14.30
100 scores: min 1.50 	0.00/0.00/3/0.00/0 	max 509.75 mean 8.47
100 scores: min 1.50 	0.00/0.00/3/0.00/0 	max 505.25 mean 24.00
100 scores: min 1.50 	0.00/0.00/3/0.00/0 	max 506.25 mean 13.98
100 scores: min 1.50 	0.00/0.00/3/0.00/0 	max 510.25 mean 33.65
100 scores: min 1.50 	0.00/0.00/3/0.00/0 	max 506.75 mean 8.57
100 scores: min 1.50 	0.00/0.00/3/0.00/0 	max 502.75 mean 8.82
100 scores: min 1.50 	0.00/0.00/3/0.00/0 	max 503.75 mean 8.59
100 scores: min 1.50 	0.00/0.00/3/0.00/0 	max 504.25 mean 9.05
100 scores: min 1.50 	0.00/0.00/3/0.00/0 	max 509.25 mean 8.85
100 scores: min 1.50 	0.00/0.00/3/0.00/0 	max 502.75 mean 8.67
100 scores: min 1.50 	0.00/0.00/3/0.00/0 	max 1257.25 mean 46.74
100 scores: min 1.50 	0.00/0.00/3/0.00/0 	max 10.51 mean 3.71
100 scores: min 1.50 	0.00/0.00/3/0.00/0 	max 510.75 mean 19.00
100 scores: min 1.50 	0.00/0.00/3/0.00/0 	max 508.75 mean 18.73
100 scores: min 1.50 	0.00/0.00/3/0.00/0 	max 505.75 mean 8.51
100 scores: min 1.50 	0.00/0.00/3/0.00/0 	max 10.01 mean 3.85
100 scores: min 1.50 	0.00/0.00/3/0.00/0 	max 511.75 mean 23.83
100 scores: min 1.50 	0.00/0.00/3/0.00/0 	max 506.75 mean 9.26
100 scores: min 1.50 	0.00/0.00/3/0.00/0 	max 506.25 mean 14.11
100 scores: min 1.50 	0.00/0.00/3/0.00/0 	max 511.25 mean 9.33
100 scores: min 1.50 	0.00/0.00/3/0.00/0 	max 509.75 mean 19.22
100 scores: min 1.50 	0.00/0.00/3/0.00/0 	max 11.50 mean 3.95
100 scores: min 1.50 	0.00/0.00/3/0.00/0 	max 511.75 mean 24.36
100 scores: min 1.50 	0.00/0.00/3/0.00/0 	max 510.00 mean 18.92
100 scores: min 1.50 	0.00/0.00/3/0.00/0 	max 506.25 mean 18.72
100 scores: min 1.50 	0.00/0.00/3/0.00/0 	max 509.75 mean 23.80
100 scores: min 1.50 	0.00/0.00/3/0.00/0 	max 503.25 mean 9.06
100 scores: min 1.50 	0.00/0.00/3/0.00/0 	max 10.51 mean 3.63
100 scores: min 1.50 	0.00/0.00/3/0.00/0 	max 502.75 mean 19.03
100 scores: min 1.50 	0.00/0.00/3/0.00/0 	max 509.25 mean 13.70
100 scores: min 1.50 	0.00/0.00/3/0.00/0 	max 503.75 mean 19.61
100 scores: min 1.50 	0.00/0.00/3/0.00/0 	max 504.25 mean 8.91
100 scores: min 1.50 	0.00/0.00/3/0.00/0 	max 511.25 mean 284.97
100 scores: min 1.50 	0.00/0.00/3/0.00/0 	max 1261.25 mean 266.87
100 scores: min 1.50 	0.00/0.00/3/0.00/0 	max 511.75 mean 269.14
100 scores: min 1.50 	0.00/0.00/3/0.00/0 	max 510.75 mean 324.71
100 scores: min 1.50 	0.00/0.00/3/0.00/0 	max 511.25 mean 319.24
100 scores: min 1.50 	0.00/0.00/3/0.00/0 	max 511.25 mean 274.48
100 scores: min 1.50 	0.00/0.00/3/0.00/0 	max 510.25 mean 253.91
100 scores: min 1.50 	0.00/0.00/3/0.00/0 	max 510.75 mean 269.42
100 scores: min 1.50 	0.00/0.00/3/0.00/0 	max 510.25 mean 324.41
100 scores: min 1.50 	0.00/0.00/3/0.00/0 	max 511.25 mean 273.96
100 scores: min 1.50 	0.00/0.00/3/0.00/0 	max 513.25 mean 234.62
100 scores: min 1.50 	0.00/0.00/3/0.00/0 	max 511.25 mean 314.35
100 scores: min 1.50 	0.00/0.00/3/0.00/0 	max 504.75 mean 13.78
100 scores: min 1.50 	0.00/0.00/3/0.00/0 	max 506.25 mean 18.92
100 scores: min 1.50 	0.00/0.00/3/0.00/0 	max 508.75 mean 18.82
100 scores: min 1.50 	0.00/0.00/3/0.00/0 	max 503.75 mean 23.66
100 scores: min 1.50 	0.00/0.00/3/0.00/0 	max 504.25 mean 33.58
100 scores: min 1.50 	0.00/0.00/3/0.00/0 	max 503.50 mean 8.77
100 scores: min 1.50 	0.00/0.00/3/0.00/0 	max 14.50 mean 4.10
100 scores: min 1.50 	0.00/0.00/3/0.00/0 	max 508.25 mean 13.97
100 scores: min 1.50 	0.00/0.00/3/0.00/0 	max 503.25 mean 13.70
100 scores: min 1.50 	0.00/0.00/3/0.00/0 	max 511.75 mean 8.97
100 scores: min 1.50 	0.00/0.00/3/0.00/0 	max 503.25 mean 8.94
100 scores: min 1.50 	0.00/0.00/3/0.00/0 	max 504.00 mean 13.92
100 scores: min 1.50 	0.00/0.00/3/0.00/0 	max 510.75 mean 23.81
100 scores: min 1.50 	0.00/0.00/3/0.00/0 	max 507.75 mean 14.04
100 scores: min 1.50 	0.00/0.00/3/0.00/0 	max 504.50 mean 13.11
100 scores: min 1.50 	0.00/0.00/3/0.00/0 	max 511.75 mean 23.94
100 scores: min 1.50 	0.00/0.00/3/0.00/0 	max 510.75 mean 9.44
100 scores: min 1.50 	0.00/0.00/3/0.00/0 	max 508.25 mean 9.40
100 scores: min 1.50 	0.00/0.00/3/0.00/0 	max 508.25 mean 18.66
100 scores: min 1.50 	0.00/0.00/3/0.00/0 	max 508.75 mean 19.15
100 scores: min 1.50 	0.00/0.00/3/0.00/0 	max 508.75 mean 19.01
100 scores: min 1.50 	0.00/0.00/3/0.00/0 	max 511.25 mean 8.53
100 scores: min 1.50 	0.00/0.00/3/0.00/0 	max 505.25 mean 13.97
100 scores: min 1.50 	0.00/0.00/3/0.00/0 	max 509.75 mean 18.72
100 scores: min 1.50 	0.00/0.00/3/0.00/0 	max 506.25 mean 19.00
100 scores: min 1.50 	0.00/0.00/3/0.00/0 	max 503.25 mean 8.86
100 scores: min 1.50 	0.00/0.00/3/0.00/0 	max 510.75 mean 29.39
100 scores: min 1.50 	0.00/0.00/3/0.00/0 	max 507.75 mean 24.18
100 scores: min 1.50 	0.00/0.00/3/0.00/0 	max 508.75 mean 14.03
100 scores: min 1.50 	0.00/0.00/3/0.00/0 	max 12.50 mean 4.31
100 scores: min 1.50 	0.00/0.00/3/0.00/0 	max 10.51 mean 4.09
100 scores: min 1.50 	0.00/0.00/3/0.00/0 	max 511.25 mean 24.16
100 scores: min 1.50 	0.00/0.00/3/0.00/0 	max 503.75 mean 44.08
100 scores: min 1.50 	0.00/0.00/3/0.00/0 	max 502.75 mean 14.05
100 scores: min 1.50 	0.00/0.00/3/0.00/0 	max 509.75 mean 24.10
100 scores: min 1.50 	0.00/0.00/3/0.00/0 	max 512.00 mean 9.59
100 scores: min 1.50 	0.00/0.00/3/0.00/0 	max 508.75 mean 13.67
100 scores: min 1.50 	0.00/0.00/3/0.00/0 	max 508.75 mean 13.93
100 scores: min 1.50 	0.00/0.00/3/0.00/0 	max 512.25 mean 19.49
100 scores: min 1.50 	0.00/0.00/3/0.00/0 	max 511.25 mean 23.99
100 scores: min 1.50 	0.00/0.00/3/0.00/0 	max 508.75 mean 9.17
100 scores: min 1.50 	0.00/0.00/3/0.00/0 	max 508.25 mean 13.93
100 scores: min 1.50 	0.00/0.00/3/0.00/0 	max 507.75 mean 13.57
100 scores: min 1.50 	0.00/0.00/3/0.00/0 	max 509.75 mean 9.07
100 scores: min 1.50 	0.00/0.00/3/0.00/0 	max 11.01 mean 4.24
100 scores: min 1.50 	0.00/0.00/3/0.00/0 	max 10.51 mean 3.94
All static routes:
	771:1:65536	744:1:65536	980:1:65536	936:1:65536	609:1:16	556:1:16	585:1:16	638:1:16	799:1:16	713:3:1	713:3:1	713:3:1	846:1:1	892:1:1	686:1:1
All dynamic routes:

Best score is 1.50
Used 0 VCs for endpoint coloring.
	Used 0 VCs.
[[32mproute[0m] 	Used 0 VCs.
[[32mproute[0m] DynHopsVec:0, DynHopsScal:0, StatHopsVec:458752, StatHopsScal:220
[pir] Finished 66-PlastisimPlacementCodegen to [36mfinal.place[0m in 68154.53272ms
[pir] Running 67-PlastisimDotCodegen ...[pir] Finished 67-PlastisimDotCodegen to [36mpsim.dot[0m in 110.750605ms
[pir] Running 68-PlastisimConfigCodegen ...[[33mcommand[0m] ln -f /home/yaqiz/plastisim/configs/mesh_generic.cfg /home/yaqiz/plastisim/configs/finals/DotProduct__N_1048576_ts_65536_op_1_psim_D_v1_s4/
[[33mpsim[0m] /home/yaqiz/plastisim/plastisim -f /home/yaqiz/plastisim/configs/finals/DotProduct__N_1048576_ts_65536_op_1_psim_D_v1_s4/config.psim -p /home/yaqiz/plastisim/configs/finals/DotProduct__N_1048576_ts_65536_op_1_psim_D_v1_s4/final.place -c 100000000 -l B -w 512 -q1
[[33mpsim[0m] log in /home/yaqiz/pir/out/DotProduct__N_1048576_ts_65536_op_1_psim_D_v1_s4/psim.log
Error setting saddr = 4
Error setting daddr = 19
Error setting daddr = 35
Error setting daddr = 18
Error setting class = 0
Error setting class = 0
Error setting class = 1
Error setting lat = 3
Error setting lat = 3
Error setting lat = 2
Error setting saddr = 4
Error setting daddr = 35
Error setting class = 1
Error setting lat = 3
Error setting saddr = 4
Error setting daddr = 19
Error setting class = 1
Error setting lat = 2
Error setting saddr = 33
Error setting daddr = 34
Error setting class = 1
Error setting lat = 1
Error setting saddr = 32
Error setting daddr = 50
Error setting class = 0
Error setting lat = 3
Error setting saddr = 16
Error setting daddr = 33
Error setting class = 0
Error setting lat = 2
Error setting saddr = 50
Error setting daddr = 34
Error setting class = 0
Error setting lat = 1
Error setting saddr = 35
Error setting daddr = 32
Error setting class = 0
Error setting lat = 3
Error setting saddr = 19
Error setting daddr = 16
Error setting class = 0
Error setting lat = 3
Error setting saddr = 35
Error setting daddr = 32
Error setting class = 1
Error setting lat = 3
Error setting saddr = 19
Error setting daddr = 16
Error setting class = 1
Error setting lat = 3
Error setting saddr = 34
Error setting daddr = 18
Error setting class = 0
Set non-priority VC slowdown to 1
Error setting lat = 1
Error setting saddr = 18
Error setting daddr = 4
Error setting class = 0
Changing to config directory: /home/yaqiz/plastisim/configs/finals/DotProduct__N_1048576_ts_65536_op_1_psim_D_v1_s4
Error setting lat = 3
Constructing NetworkLink.
Constructing NetworkLink.
== Loading device model file '/home/yaqiz/plastisim/configs/DDR3_micron_64M_8B_x4_sg15.ini' == 
Constructing NetworkLink.
== Loading system model file '/home/yaqiz/plastisim/configs/system.ini' == 
Constructing NetworkLink.
Constructing NetworkLink.
Constructing NetworkLink.
Constructing NetworkLink.
Constructing NetworkLink.
Constructing NetworkLink.
Constructing NetworkLink.
Constructing NetworkLink.
Constructing NetworkLink.
Constructing NetworkLink.
Added all names to the symbol table.
===== MemorySystem 0 =====
Adding static hop for route 771 (356->344, lat 1).
CH. 0 TOTAL_STORAGE : 4096MB | 1 Ranks | 16 Devices per rank
Adding static hop for route 744 (355->344, lat 1).
===== MemorySystem 1 =====
Adding static hop for route 980 (135->356, lat 3).
CH. 1 TOTAL_STORAGE : 4096MB | 1 Ranks | 16 Devices per rank
Adding static hop for route 936 (73->355, lat 2).
===== MemorySystem 2 =====
Adding static hop for route 609 (352->135, lat 3).
CH. 2 TOTAL_STORAGE : 4096MB | 1 Ranks | 16 Devices per rank
Adding static hop for route 556 (349->73, lat 3).
===== MemorySystem 3 =====
Adding static hop for route 585 (349->73, lat 3).
CH. 3 TOTAL_STORAGE : 4096MB | 1 Ranks | 16 Devices per rank
Adding static hop for route 638 (352->135, lat 3).
Adding static hop for route 799 (344->345, lat 1).
Adding static hop for route 713 (259->352, lat 3).
Adding static hop for route 713 (259->345, lat 2).
Adding static hop for route 713 (259->349, lat 3).
Adding static hop for route 846 (259->349, lat 2).
Adding static hop for route 892 (259->352, lat 3).
Adding static hop for route 686 (345->259, lat 3).
Printing hop routes
4	686: X, vc0
16	556: X, vc0
	585: X, vc1
18	713: X, vc1
	799: X, vc0
19	713: X, vc0
	846: X, vc1
32	609: X, vc0
	638: X, vc1
33	936: X, vc0
34	744: X, vc1
	771: X, vc0
35	713: X, vc0
	892: X, vc1
50	980: X, vc0
Parsed placement file.
Set ejection VC at addr 19 to 0
Set ejection VC at addr 35 to 0
Set ejection VC at addr 18 to 1
Link specified in placement file.
Changing link to static with placed latencies.
Set lat 3 from 0 to 0
Set lat 3 from 0 to 1
Set lat 2 from 0 to 2
Set ejection VC at addr 35 to 1
Link specified in placement file.
Changing link to static with placed latencies.
Set lat 3 from 0 to 0
Set ejection VC at addr 19 to 1
Link specified in placement file.
Changing link to static with placed latencies.
Set lat 2 from 0 to 0
Set ejection VC at addr 34 to 1
Link specified in placement file.
Changing link to static with placed latencies.
Set lat 1 from 0 to 0
Set ejection VC at addr 50 to 0
Link specified in placement file.
Changing link to static with placed latencies.
Set lat 3 from 0 to 0
Set ejection VC at addr 33 to 0
Link specified in placement file.
Changing link to static with placed latencies.
Set lat 2 from 0 to 0
Set ejection VC at addr 34 to 0
Link specified in placement file.
Changing link to static with placed latencies.
Set lat 1 from 0 to 0
Set ejection VC at addr 32 to 0
Link specified in placement file.
Changing link to static with placed latencies.
Set lat 3 from 0 to 0
Set ejection VC at addr 16 to 0
Link specified in placement file.
Changing link to static with placed latencies.
Set lat 3 from 0 to 0
Set ejection VC at addr 32 to 1
Link specified in placement file.
Changing link to static with placed latencies.
Set lat 3 from 0 to 0
Set ejection VC at addr 16 to 1
Link specified in placement file.
Changing link to static with placed latencies.
Set lat 3 from 0 to 0
Set lat 1 from 0 to 0
Set lat 1 from 0 to 0
Set ejection VC at addr 18 to 0
Link specified in placement file.
Changing link to static with placed latencies.
Set lat 1 from 0 to 0
Set ejection VC at addr 4 to 0
Link specified in placement file.
Changing link to static with placed latencies.
Set lat 3 from 0 to 0
Number of network classes: 2
Child process has pid 18206
Set non-priority VC slowdown to 1
Changing to config directory: /home/yaqiz/plastisim/configs/finals/DotProduct__N_1048576_ts_65536_op_1_psim_D_v1_s4
DRAMSim2 Clock Frequency =800000000Hz, CPU Clock Frequency=1000000000Hz
Constructing NetworkLink.
Constructing NetworkLink.
Constructing NetworkLink.
Constructing NetworkLink.
Constructing NetworkLink.
Constructing NetworkLink.
Constructing NetworkLink.
Constructing NetworkLink.
Constructing NetworkLink.
Constructing NetworkLink.
Constructing NetworkLink.
Constructing NetworkLink.
Constructing NetworkLink.
Added all names to the symbol table.
Adding static hop for route 771 (356->344, lat 1).
Adding static hop for route 744 (355->344, lat 1).
Adding static hop for route 980 (135->356, lat 3).
Adding static hop for route 936 (73->355, lat 2).
Adding static hop for route 609 (352->135, lat 3).
Adding static hop for route 556 (349->73, lat 3).
Adding static hop for route 585 (349->73, lat 3).
Adding static hop for route 638 (352->135, lat 3).
Adding static hop for route 799 (344->345, lat 1).
Adding static hop for route 713 (259->352, lat 3).
Adding static hop for route 713 (259->345, lat 2).
Adding static hop for route 713 (259->349, lat 3).
Adding static hop for route 846 (259->349, lat 2).
Adding static hop for route 892 (259->352, lat 3).
Adding static hop for route 686 (345->259, lat 3).
Printing hop routes
4	686: X, vc0
16	556: X, vc0
	585: X, vc1
18	713: X, vc1
	799: X, vc0
19	713: X, vc0
	846: X, vc1
32	609: X, vc0
	638: X, vc1
33	936: X, vc0
34	744: X, vc1
	771: X, vc0
35	713: X, vc0
	892: X, vc1
50	980: X, vc0
Parsed placement file.
Set ejection VC at addr 19 to 0
Set ejection VC at addr 35 to 0
Set ejection VC at addr 18 to 1
Link specified in placement file.
Changing link to static with placed latencies.
Set lat 3 from 0 to 0
Set lat 3 from 0 to 1
Set lat 2 from 0 to 2
Set ejection VC at addr 35 to 1
Link specified in placement file.
Changing link to static with placed latencies.
Set lat 3 from 0 to 0
Set ejection VC at addr 19 to 1
Link specified in placement file.
Changing link to static with placed latencies.
Set lat 2 from 0 to 0
Set ejection VC at addr 34 to 1
Link specified in placement file.
Changing link to static with placed latencies.
Set lat 1 from 0 to 0
Set ejection VC at addr 50 to 0
Link specified in placement file.
Changing link to static with placed latencies.
Set lat 3 from 0 to 0
Set ejection VC at addr 33 to 0
Link specified in placement file.
Changing link to static with placed latencies.
Set lat 2 from 0 to 0
Set ejection VC at addr 34 to 0
Link specified in placement file.
Changing link to static with placed latencies.
Set lat 1 from 0 to 0
Set ejection VC at addr 32 to 0
Link specified in placement file.
Changing link to static with placed latencies.
Set lat 3 from 0 to 0
Set ejection VC at addr 16 to 0
Link specified in placement file.
Changing link to static with placed latencies.
Set lat 3 from 0 to 0
Set ejection VC at addr 32 to 1
Link specified in placement file.
Changing link to static with placed latencies.
Set lat 3 from 0 to 0
Set ejection VC at addr 16 to 1
Link specified in placement file.
Changing link to static with placed latencies.
Set lat 3 from 0 to 0
Set lat 1 from 0 to 0
Set lat 1 from 0 to 0
Set ejection VC at addr 18 to 0
Link specified in placement file.
Changing link to static with placed latencies.
Set lat 1 from 0 to 0
Set ejection VC at addr 4 to 0
Link specified in placement file.
Changing link to static with placed latencies.
Set lat 3 from 0 to 0
Number of network classes: 2
I'm the child process!
GPGPU-Sim uArch: interconnect node map (shaderID+MemID to icntID)
GPGPU-Sim uArch: Memory nodes ID start from index: 256
GPGPU-Sim uArch:    0   1   2   3   4   5   6   7   8   9  10  11  12  13  14  15
GPGPU-Sim uArch:   16  17  18  19  20  21  22  23  24  25  26  27  28  29  30  31
GPGPU-Sim uArch:   32  33  34  35  36  37  38  39  40  41  42  43  44  45  46  47
GPGPU-Sim uArch:   48  49  50  51  52  53  54  55  56  57  58  59  60  61  62  63
GPGPU-Sim uArch:   64  65  66  67  68  69  70  71  72  73  74  75  76  77  78  79
GPGPU-Sim uArch:   80  81  82  83  84  85  86  87  88  89  90  91  92  93  94  95
GPGPU-Sim uArch:   96  97  98  99 100 101 102 103 104 105 106 107 108 109 110 111
GPGPU-Sim uArch:  112 113 114 115 116 117 118 119 120 121 122 123 124 125 126 127
GPGPU-Sim uArch:  128 129 130 131 132 133 134 135 136 137 138 139 140 141 142 143
GPGPU-Sim uArch:  144 145 146 147 148 149 150 151 152 153 154 155 156 157 158 159
GPGPU-Sim uArch:  160 161 162 163 164 165 166 167 168 169 170 171 172 173 174 175
GPGPU-Sim uArch:  176 177 178 179 180 181 182 183 184 185 186 187 188 189 190 191
GPGPU-Sim uArch:  192 193 194 195 196 197 198 199 200 201 202 203 204 205 206 207
GPGPU-Sim uArch:  208 209 210 211 212 213 214 215 216 217 218 219 220 221 222 223
GPGPU-Sim uArch:  224 225 226 227 228 229 230 231 232 233 234 235 236 237 238 239
GPGPU-Sim uArch:  240 241 242 243 244 245 246 247 248 249 250 251 252 253 254 255
GPGPU-Sim uArch: interconnect node reverse map (icntID to shaderID+MemID)
GPGPU-Sim uArch: Memory nodes start from ID: 256
GPGPU-Sim uArch:    0   1   2   3   4   5   6   7   8   9  10  11  12  13  14  15
GPGPU-Sim uArch:   16  17  18  19  20  21  22  23  24  25  26  27  28  29  30  31
GPGPU-Sim uArch:   32  33  34  35  36  37  38  39  40  41  42  43  44  45  46  47
GPGPU-Sim uArch:   48  49  50  51  52  53  54  55  56  57  58  59  60  61  62  63
GPGPU-Sim uArch:   64  65  66  67  68  69  70  71  72  73  74  75  76  77  78  79
GPGPU-Sim uArch:   80  81  82  83  84  85  86  87  88  89  90  91  92  93  94  95
GPGPU-Sim uArch:   96  97  98  99 100 101 102 103 104 105 106 107 108 109 110 111
GPGPU-Sim uArch:  112 113 114 115 116 117 118 119 120 121 122 123 124 125 126 127
GPGPU-Sim uArch:  128 129 130 131 132 133 134 135 136 137 138 139 140 141 142 143
GPGPU-Sim uArch:  144 145 146 147 148 149 150 151 152 153 154 155 156 157 158 159
GPGPU-Sim uArch:  160 161 162 163 164 165 166 167 168 169 170 171 172 173 174 175
GPGPU-Sim uArch:  176 177 178 179 180 181 182 183 184 185 186 187 188 189 190 191
GPGPU-Sim uArch:  192 193 194 195 196 197 198 199 200 201 202 203 204 205 206 207
GPGPU-Sim uArch:  208 209 210 211 212 213 214 215 216 217 218 219 220 221 222 223
GPGPU-Sim uArch:  224 225 226 227 228 229 230 231 232 233 234 235 236 237 238 239
GPGPU-Sim uArch:  240 241 242 243 244 245 246 247 248 249 250 251 252 253 254 255
Parsed definitions of all elements.
Total of 15 links:
  0: ArgIn358_ArgIn380_ArgIn662
    
  1: DramAddress115
    
  2: DramAddress53
    
  3: RetimingFIFO416
    
  4: RetimingFIFO483
    
  5: RetimingFIFO454
    
  6: RetimingFIFO444
    
  7: StreamOut106
    
  8: StreamOut44
    
  9: StreamOut107
    
  10: StreamOut45
    
  11: SRAM33
    
  12: SRAM34
    
  13: Reg166
    
  14: ArgOut12
    
Total of 12 nodes:
  0: CE1028
    [StreamOut45 *4096 /1] [StreamOut44 *4096 /1]  => [RetimingFIFO454] 
  1: CE1148
    [RetimingFIFO454 *1 /1]  => [SRAM33] 
  2: CE1138
    [SRAM33 *4096 /1]  => [RetimingFIFO416] 
  3: CE1042
    [StreamOut107 *4096 /1] [StreamOut106 *4096 /1]  => [RetimingFIFO483] 
  4: CE1168
    [RetimingFIFO483 *1 /1]  => [SRAM34] 
  5: CE1158
    [SRAM34 *4096 /1]  => [RetimingFIFO444] 
  6: CE1076
    [RetimingFIFO416 *1 /1] [RetimingFIFO444 *1 /1]  => [Reg166] 
  7: CE1056
     => [ArgIn358_ArgIn380_ArgIn662] [DramAddress53] [DramAddress115] 
  8: CE1066
    [ArgOut12 *1 /1]  => 
  9: CE1090
    [ArgIn358_ArgIn380_ArgIn662 *16 /1] [Reg166 *1 /1]  => [ArgOut12] 
  10: CE1106
    [ArgIn358_ArgIn380_ArgIn662 *16 /1] [DramAddress53 *16 /1]  => [StreamOut45] [StreamOut44] 
  11: CE1124
    [ArgIn358_ArgIn380_ArgIn662 *16 /1] [DramAddress115 *16 /1]  => [StreamOut107] [StreamOut106] 

10000...
20000...
30000...
40000...
50000...
60000...
70000...
80000...
90000...
100000...
110000...
120000...
130000...
140000...
150000...
160000...
170000...
Starting remote loop
Dumping flits:
IPC layer sent 173015 msgs recvd 173015 msgs
Simulation complete at cycle: 173015
[[32mpsim[0m] Simulation complete at cycle: 173015
CE1028: Active:  37.9 Stalled:   0.0 Starved:   2.6 Total Active:    65536 Total Output:    65536 Expected Active:    65536 Last Activity: 4446 
	   65536    65536 
	DRAM:  24.24 GB/s ( 24.24 GB/s R,   0.00 GB/s W)
	ROB remaining: 0
CE1148: Active:  37.9 Stalled:   0.0 Starved:  62.1 Total Active:    65536 Total Output:    65536 Expected Active:    65536 Last Activity: 4123 
	   65536 
CE1138: Active:  37.9 Stalled:   0.0 Starved:  62.1 Total Active:    65536 Total Output:    65536 Expected Active:    65536 Last Activity: 22 
	   65536 
CE1042: Active:  37.9 Stalled:   0.0 Starved:   3.0 Total Active:    65536 Total Output:    65536 Expected Active:    65536 Last Activity: 5250 
	   65536    65536 
	DRAM:  24.24 GB/s ( 24.24 GB/s R,   0.00 GB/s W)
	ROB remaining: 0
CE1168: Active:  37.9 Stalled:   0.0 Starved:  62.1 Total Active:    65536 Total Output:    65536 Expected Active:    65536 Last Activity: 4516 
	   65536 
CE1158: Active:  37.9 Stalled:   5.1 Starved:  57.0 Total Active:    65536 Total Output:    65536 Expected Active:    65536 Last Activity: 26 
	   65536 
CE1076: Active:  37.9 Stalled:   0.0 Starved:  62.1 Total Active:    65536 Total Output:    65536 Expected Active:    65536 Last Activity: 16 
	   65536    65536 
CE1056: Active:   0.0 Stalled:   0.0 Starved: 100.0 Total Active:        1 Total Output:        1 Expected Active:        1 Last Activity: 173014 
	
CE1066: Active:   0.0 Stalled:   0.0 Starved: 100.0 Total Active:        1 Total Output:        1 Expected Active:        1 Last Activity: 1 
	       1 
CE1090: Active:   0.0 Stalled:   0.0 Starved: 100.0 Total Active:       16 Total Output:       16 Expected Active:       16 Last Activity: 8 
	      16       16 
CE1106: Active:   0.0 Stalled:   0.0 Starved: 100.0 Total Active:       16 Total Output:       16 Expected Active:       16 Last Activity: 172995 
	      16       16 
CE1124: Active:   0.0 Stalled:   0.0 Starved: 100.0 Total Active:       16 Total Output:       16 Expected Active:       16 Last Activity: 172995 
	      16       16 
Total DRAM:	  48.48 GB/s ( 48.48 GB/s R,   0.00 GB/s W)
[[32mpsim[0m] Total DRAM:	  48.48 GB/s ( 48.48 GB/s R,   0.00 GB/s W)
Pending Read: 0	 Pending Write: 0	
Sending shutdown IPC message.
IPC layer sent 173015 msgs recvd 173015 msgs
[pir] Finished 68-PlastisimConfigCodegen to [36mconfig.psim[0m in 27221.309174ms
[pir] Running 69-PlastisimDotCodegen ...[pir] Finished 69-PlastisimDotCodegen to [36mpsim.dot[0m in 129.98091ms
[pir] Saving node prism.Session@6e8b00a8 to /home/yaqiz/pir/out/DotProduct__N_1048576_ts_65536_op_1_psim_D_v1_s4/DotProduct__N_1048576_ts_65536_op_1.sess
[0m[[32msuccess[0m] [0mTotal time: 128 s, completed Aug 7, 2018 5:49:14 AM[0m
-------------PASS (DONE)------------
