Java HotSpot(TM) 64-Bit Server VM warning: ignoring option MaxPermSize=1g; support was removed in 8.0
Picked up _JAVA_OPTIONS: -Xss8192k
[0m[[0minfo[0m] [0mLoading global plugins from /home/yaqiz/.sbt/0.13/plugins[0m
[0m[[0minfo[0m] [0mLoading project definition from /home/yaqiz/pir/project[0m
[0m[[0minfo[0m] [0mSet current project to default-675fdc (in build file:/home/yaqiz/pir/)[0m
[0m[[0minfo[0m] [0mSet current project to apps (in build file:/home/yaqiz/pir/)[0m
[0m[[0minfo[0m] [0mRunning DotProduct__N_1048576_ts_65536_op_1 --out=/home/yaqiz/pir/out/DotProduct__N_1048576_ts_65536_op_1_psim_D_v2_s4 --psim-out=/home/yaqiz/plastisim/configs/finals/DotProduct__N_1048576_ts_65536_op_1_psim_D_v2_s4 --debug=false --verbose=true --dot=false --load-pir=true --save-pir=true --psim=true --trace=true --ctrl=true --bp=false --stat=true --routing-algo=proute --proute-iter=1000 --run-psim=true --arch=MyDesign --row=16 --col=8 --topo=mesh --argin=64 --tokenout=32 --pcu-stage=6 --vc=4 --net=dynamic --vlink=2 --slink=4 --fifo-depth=4 --vfifo=4 --proute-algo=route_min_directed_valient --link-prop=db --flit-width=512 --proute-seed=2[0m
[pir] args=[--load-pir=true, --run-psim=false, --trace=false, --net=static, --stat=false, --vlink=2, --slink=4, --vfifo=4, --row=16, --col=8, --topo=mesh, --routing-algo=proute, --psim-timeout=100000000, --mapping=true, --splitting=true, --save-pir=true, --load-spade=false, --save-spade=false, --splitting-algo=alias_weighted_igraph, --ctrl=true, --bp=false, --snapint=10, --snapshot=false, --dot=true, --psim=true, --arch=MyDesign, --nn=false, --dag=true, --pattern=checkerboard, --argin=20, --argout=4, --tokenout=5, --fifo-depth=10, --vc=10, --routing-cost=H-hop, --out=/home/yaqiz/pir/out/DotProduct__N_1048576_ts_65536_op_1_psim_D_v2_s4, --psim-out=/home/yaqiz/plastisim/configs/finals/DotProduct__N_1048576_ts_65536_op_1_psim_D_v2_s4, --debug=false, --verbose=true, --dot=false, --load-pir=true, --save-pir=true, --psim=true, --trace=true, --ctrl=true, --bp=false, --stat=true, --routing-algo=proute, --proute-iter=1000, --run-psim=true, --arch=MyDesign, --row=16, --col=8, --topo=mesh, --argin=64, --tokenout=32, --pcu-stage=6, --vc=4, --net=dynamic, --vlink=2, --slink=4, --fifo-depth=4, --vfifo=4, --proute-algo=route_min_directed_valient, --link-prop=db, --flit-width=512, --proute-seed=2]
[pir] Output directory set to [36m/home/yaqiz/pir/out/DotProduct__N_1048576_ts_65536_op_1_psim_D_v2_s4[0m
[pir] Loading from /home/yaqiz/pir/out/DotProduct__N_1048576_ts_65536_op_1_psim_D_v2_s4/DotProduct__N_1048576_ts_65536_op_1.pir[pir] Loading PIRDesign() from /home/yaqiz/pir/out/DotProduct__N_1048576_ts_65536_op_1_psim_D_v2_s4/DotProduct__N_1048576_ts_65536_op_1.pir
[pir] Configuring spade MyDesign ...
[pir] Loading from /home/yaqiz/pir/out/DotProduct__N_1048576_ts_65536_op_1_psim_D_v2_s4/DotProduct__N_1048576_ts_65536_op_1.sess[pir] Loading prism.Session@57ad423 from /home/yaqiz/pir/out/DotProduct__N_1048576_ts_65536_op_1_psim_D_v2_s4/DotProduct__N_1048576_ts_65536_op_1.sess
[pir] Saving node PIRDesign() to /home/yaqiz/pir/out/DotProduct__N_1048576_ts_65536_op_1_psim_D_v2_s4/DotProduct__N_1048576_ts_65536_op_1.pir
[pir] Running 53-PlastisimDotCodegen ...[pir] Finished 53-PlastisimDotCodegen to [36mpsim.dot[0m in 597.586672ms
[pir] Running 54-ControllerDotCodegen ...[pir] Finished 54-ControllerDotCodegen to [36mcontroller.dot[0m in 67.569712ms
[pir] Running 55-PIRIRDotCodegen ...[pir] Finished 55-PIRIRDotCodegen to [36mtop.dot[0m in 251.400679ms
[pir] Running 56-SimpleIRDotCodegen ...[pir] Finished 56-SimpleIRDotCodegen to [36msimple.dot[0m in 82.968449ms
[pir] Running 58-CUPruning ...[pir] Finished 58-CUPruning in 1384.641668ms
[pir] Running 59-CUPlacer ...[[32msuccess[0m] CUPlacer succeeded
[pir] Finished 59-CUPlacer in 19302.421297ms
[pir] Running 60-CUStatistics ...[pir] =========== Post-splitting CU Statistics ==================
[pir] number of cus=9
[pir] number of pcu = 1
[pir] - cin (0.00,0.00,0.00) sin (0.00,0.00,0.00) vin (2.00,2.00,2.00)
[pir] - cout (0.00,0.00,0.00) sout (1.00,1.00,1.00) vout (0.00,0.00,0.00)
[pir] - stages (6.00,6.00,6.00)
[pir] number of dag = 2
[pir] - cin (0.00,0.00,0.00) sin (2.00,2.00,2.00) vin (0.00,0.00,0.00)
[pir] - cout (0.00,0.00,0.00) sout (2.00,2.00,2.00) vout (0.00,0.00,0.00)
[pir] - stages (2.00,2.00,2.00)
[pir] number of pmu = 2
[pir] - cin (0.00,0.00,0.00) sin (0.00,0.00,0.00) vin (1.00,1.00,1.00)
[pir] - cout (0.00,0.00,0.00) sout (0.00,0.00,0.00) vout (1.00,1.00,1.00)
[pir] - stages (0.00,0.00,0.00)
[pir] number of dfg = 2
[pir] - cin (0.00,0.00,0.00) sin (2.00,2.00,2.00) vin (0.00,0.00,0.00)
[pir] - cout (0.00,0.00,0.00) sout (0.00,0.00,0.00) vout (1.00,1.00,1.00)
[pir] - stages (0.00,0.00,0.00)
[pir] number of scu = 1
[pir] - cin (0.00,0.00,0.00) sin (2.00,2.00,2.00) vin (0.00,0.00,0.00)
[pir] - cout (0.00,0.00,0.00) sout (1.00,1.00,1.00) vout (0.00,0.00,0.00)
[pir] - stages (1.00,1.00,1.00)
[pir] number of afg = 1
[pir] - cin (0.00,0.00,0.00) sin (1.00,1.00,1.00) vin (0.00,0.00,0.00)
[pir] - cout (0.00,0.00,0.00) sout (3.00,3.00,3.00) vout (0.00,0.00,0.00)
[pir] - stages (0.00,0.00,0.00)
[pir] compute CU = 2
[pir] memory CU = 2
[pir] mc CU = 2
[pir] Total = 4
[pir] PCU = 2 / 64 (3.13%)
[pir] PMU-comp = 1 / 63 (1.59%)
[pir] PMU-mem = 2 / 63 (3.17%)
[pir] AG-ag = 0 / 32 (0.00%)
[pir] AG-comp = 0 / 32 (0.00%)
[pir] MC = 2 / 32 (6.25%)
[pir] Finished 60-CUStatistics to [36mstat.json[0m in 686.4627ms
[pir] Running 61-PIRNetworkDotCodegen ...[pir] Finished 61-PIRNetworkDotCodegen to [36mcontrol.dot[0m in 512.25547ms
[pir] Running 62-PIRNetworkDotCodegen ...[pir] Finished 62-PIRNetworkDotCodegen to [36mscalar.dot[0m in 381.547893ms
[pir] Running 63-PIRNetworkDotCodegen ...[pir] Finished 63-PIRNetworkDotCodegen to [36mvector.dot[0m in 438.126335ms
[pir] Running 64-TerminalCSVCodegen ...[pir] Finished 64-TerminalCSVCodegen to [36mnode.csv[0m in 3.799442ms
[pir] Running 65-LinkCSVCodegen ...[pir] Finished 65-LinkCSVCodegen to [36mlink.csv[0m in 74.709439ms
[pir] Running 66-PlastisimPlacementCodegen ...[[33mproute[0m] /home/yaqiz/plastiroute/plastiroute -n /home/yaqiz/plastisim/configs/finals/DotProduct__N_1048576_ts_65536_op_1_psim_D_v2_s4/node.csv -l /home/yaqiz/plastisim/configs/finals/DotProduct__N_1048576_ts_65536_op_1_psim_D_v2_s4/link.csv -o /home/yaqiz/plastisim/configs/finals/DotProduct__N_1048576_ts_65536_op_1_psim_D_v2_s4/final.place -r 16 -c 8 -g /home/yaqiz/plastisim/configs/finals/DotProduct__N_1048576_ts_65536_op_1_psim_D_v2_s4/proute.dot -v /home/yaqiz/plastisim/configs/finals/DotProduct__N_1048576_ts_65536_op_1_psim_D_v2_s4/summary.csv -x2 -e 4 -a route_min_directed_valient  -q1  -s2  -i1000 -p100 -t1 -d100
[[33mproute[0m] log in /home/yaqiz/pir/out/DotProduct__N_1048576_ts_65536_op_1_psim_D_v2_s4/proute.log
Max static: 2vec 4scal
100 scores: min 2.01 	0.00/0.00/4/0.00/1 	max 11.50 mean 7.26
100 scores: min 2.00 	0.00/0.00/4/0.00/0 	max 11.51 mean 3.51
100 scores: min 2.00 	0.00/0.00/4/0.00/0 	max 9.51 mean 3.39
100 scores: min 2.00 	0.00/0.00/4/0.00/0 	max 11.51 mean 3.06
100 scores: min 2.00 	0.00/0.00/4/0.00/0 	max 10.51 mean 3.67
100 scores: min 2.00 	0.00/0.00/4/0.00/0 	max 10.50 mean 3.29
100 scores: min 1.51 	0.00/0.00/3/0.00/1 	max 10.51 mean 3.31
100 scores: min 1.50 	0.00/0.00/3/0.00/0 	max 11.01 mean 3.43
100 scores: min 1.50 	0.00/0.00/3/0.00/0 	max 10.51 mean 3.38
100 scores: min 1.50 	0.00/0.00/3/0.00/0 	max 11.00 mean 3.63
100 scores: min 1.50 	0.00/0.00/3/0.00/0 	max 10.51 mean 3.68
100 scores: min 1.50 	0.00/0.00/3/0.00/0 	max 11.01 mean 4.35
100 scores: min 1.50 	0.00/0.00/3/0.00/0 	max 10.51 mean 3.11
100 scores: min 1.50 	0.00/0.00/3/0.00/0 	max 11.51 mean 3.77
100 scores: min 1.50 	0.00/0.00/3/0.00/0 	max 12.00 mean 3.69
100 scores: min 1.50 	0.00/0.00/3/0.00/0 	max 12.50 mean 3.52
100 scores: min 1.50 	0.00/0.00/3/0.00/0 	max 11.01 mean 3.45
100 scores: min 1.50 	0.00/0.00/3/0.00/0 	max 10.51 mean 3.16
100 scores: min 1.50 	0.00/0.00/3/0.00/0 	max 11.00 mean 3.47
100 scores: min 1.50 	0.00/0.00/3/0.00/0 	max 10.51 mean 3.47
100 scores: min 1.50 	0.00/0.00/3/0.00/0 	max 11.51 mean 3.72
100 scores: min 1.50 	0.00/0.00/3/0.00/0 	max 10.50 mean 3.96
100 scores: min 1.50 	0.00/0.00/3/0.00/0 	max 11.50 mean 3.89
100 scores: min 1.50 	0.00/0.00/3/0.00/0 	max 12.00 mean 3.98
100 scores: min 1.50 	0.00/0.00/3/0.00/0 	max 10.51 mean 3.33
100 scores: min 1.50 	0.00/0.00/3/0.00/0 	max 10.51 mean 3.78
100 scores: min 1.50 	0.00/0.00/3/0.00/0 	max 11.01 mean 3.22
100 scores: min 1.50 	0.00/0.00/3/0.00/0 	max 10.01 mean 3.53
100 scores: min 1.50 	0.00/0.00/3/0.00/0 	max 10.50 mean 3.62
100 scores: min 1.50 	0.00/0.00/3/0.00/0 	max 12.50 mean 3.45
100 scores: min 1.50 	0.00/0.00/3/0.00/0 	max 11.01 mean 3.82
100 scores: min 1.50 	0.00/0.00/3/0.00/0 	max 11.01 mean 4.10
100 scores: min 1.50 	0.00/0.00/3/0.00/0 	max 11.01 mean 3.43
100 scores: min 1.50 	0.00/0.00/3/0.00/0 	max 11.51 mean 3.41
100 scores: min 1.50 	0.00/0.00/3/0.00/0 	max 11.51 mean 3.55
100 scores: min 1.50 	0.00/0.00/3/0.00/0 	max 11.50 mean 3.82
100 scores: min 1.50 	0.00/0.00/3/0.00/0 	max 11.01 mean 3.61
100 scores: min 1.50 	0.00/0.00/3/0.00/0 	max 11.51 mean 3.95
100 scores: min 1.50 	0.00/0.00/3/0.00/0 	max 10.51 mean 3.23
100 scores: min 1.50 	0.00/0.00/3/0.00/0 	max 11.51 mean 3.99
100 scores: min 1.50 	0.00/0.00/3/0.00/0 	max 10.51 mean 3.91
100 scores: min 1.50 	0.00/0.00/3/0.00/0 	max 10.51 mean 3.94
100 scores: min 1.50 	0.00/0.00/3/0.00/0 	max 10.51 mean 3.27
100 scores: min 1.50 	0.00/0.00/3/0.00/0 	max 11.01 mean 4.39
100 scores: min 1.50 	0.00/0.00/3/0.00/0 	max 10.51 mean 3.24
100 scores: min 1.50 	0.00/0.00/3/0.00/0 	max 12.00 mean 3.96
100 scores: min 1.50 	0.00/0.00/3/0.00/0 	max 11.51 mean 3.33
100 scores: min 1.50 	0.00/0.00/3/0.00/0 	max 12.50 mean 3.54
100 scores: min 1.50 	0.00/0.00/3/0.00/0 	max 11.00 mean 3.36
100 scores: min 1.50 	0.00/0.00/3/0.00/0 	max 10.51 mean 3.46
100 scores: min 1.50 	0.00/0.00/3/0.00/0 	max 12.00 mean 3.55
100 scores: min 1.50 	0.00/0.00/3/0.00/0 	max 11.51 mean 3.59
100 scores: min 1.50 	0.00/0.00/3/0.00/0 	max 10.51 mean 3.47
100 scores: min 1.50 	0.00/0.00/3/0.00/0 	max 11.00 mean 2.98
100 scores: min 1.50 	0.00/0.00/3/0.00/0 	max 11.01 mean 3.19
100 scores: min 1.50 	0.00/0.00/3/0.00/0 	max 11.51 mean 3.40
100 scores: min 1.50 	0.00/0.00/3/0.00/0 	max 10.51 mean 3.07
100 scores: min 1.50 	0.00/0.00/3/0.00/0 	max 11.51 mean 4.00
100 scores: min 1.50 	0.00/0.00/3/0.00/0 	max 11.01 mean 3.32
100 scores: min 1.50 	0.00/0.00/3/0.00/0 	max 10.51 mean 3.64
100 scores: min 1.50 	0.00/0.00/3/0.00/0 	max 13.00 mean 3.34
100 scores: min 1.50 	0.00/0.00/3/0.00/0 	max 10.51 mean 2.95
100 scores: min 1.50 	0.00/0.00/3/0.00/0 	max 12.00 mean 3.50
100 scores: min 1.50 	0.00/0.00/3/0.00/0 	max 10.50 mean 3.00
100 scores: min 1.50 	0.00/0.00/3/0.00/0 	max 10.51 mean 3.77
100 scores: min 1.50 	0.00/0.00/3/0.00/0 	max 11.00 mean 3.60
100 scores: min 1.50 	0.00/0.00/3/0.00/0 	max 10.50 mean 3.60
100 scores: min 1.50 	0.00/0.00/3/0.00/0 	max 10.51 mean 3.64
100 scores: min 1.50 	0.00/0.00/3/0.00/0 	max 11.51 mean 3.67
100 scores: min 1.50 	0.00/0.00/3/0.00/0 	max 10.51 mean 3.91
100 scores: min 1.50 	0.00/0.00/3/0.00/0 	max 11.00 mean 3.27
100 scores: min 1.50 	0.00/0.00/3/0.00/0 	max 11.51 mean 3.41
100 scores: min 1.50 	0.00/0.00/3/0.00/0 	max 10.50 mean 3.65
100 scores: min 1.50 	0.00/0.00/3/0.00/0 	max 11.51 mean 4.12
100 scores: min 1.50 	0.00/0.00/3/0.00/0 	max 11.51 mean 3.40
100 scores: min 1.50 	0.00/0.00/3/0.00/0 	max 10.51 mean 3.51
100 scores: min 1.50 	0.00/0.00/3/0.00/0 	max 11.51 mean 3.23
100 scores: min 1.50 	0.00/0.00/3/0.00/0 	max 11.51 mean 3.71
100 scores: min 1.50 	0.00/0.00/3/0.00/0 	max 10.51 mean 3.27
100 scores: min 1.50 	0.00/0.00/3/0.00/0 	max 11.01 mean 3.60
100 scores: min 1.50 	0.00/0.00/3/0.00/0 	max 11.01 mean 3.27
100 scores: min 1.50 	0.00/0.00/3/0.00/0 	max 11.00 mean 3.43
100 scores: min 1.50 	0.00/0.00/3/0.00/0 	max 11.50 mean 3.84
100 scores: min 1.50 	0.00/0.00/3/0.00/0 	max 10.51 mean 3.46
100 scores: min 1.50 	0.00/0.00/3/0.00/0 	max 11.00 mean 3.52
100 scores: min 1.50 	0.00/0.00/3/0.00/0 	max 10.51 mean 3.19
100 scores: min 1.50 	0.00/0.00/3/0.00/0 	max 10.51 mean 3.58
100 scores: min 1.50 	0.00/0.00/3/0.00/0 	max 10.50 mean 3.48
100 scores: min 1.50 	0.00/0.00/3/0.00/0 	max 9.50 mean 3.42
100 scores: min 1.50 	0.00/0.00/3/0.00/0 	max 10.51 mean 3.42
100 scores: min 1.50 	0.00/0.00/3/0.00/0 	max 10.01 mean 3.41
100 scores: min 1.50 	0.00/0.00/3/0.00/0 	max 10.51 mean 3.57
100 scores: min 1.50 	0.00/0.00/3/0.00/0 	max 10.51 mean 3.36
100 scores: min 1.50 	0.00/0.00/3/0.00/0 	max 11.50 mean 3.43
100 scores: min 1.50 	0.00/0.00/3/0.00/0 	max 11.01 mean 3.58
100 scores: min 1.50 	0.00/0.00/3/0.00/0 	max 11.51 mean 4.06
100 scores: min 1.50 	0.00/0.00/3/0.00/0 	max 15.50 mean 3.80
100 scores: min 1.50 	0.00/0.00/3/0.00/0 	max 11.01 mean 3.98
100 scores: min 1.50 	0.00/0.00/3/0.00/0 	max 11.50 mean 4.04
100 scores: min 1.50 	0.00/0.00/3/0.00/0 	max 10.51 mean 3.85
100 scores: min 1.50 	0.00/0.00/3/0.00/0 	max 10.51 mean 3.93
100 scores: min 1.50 	0.00/0.00/3/0.00/0 	max 9.51 mean 3.72
100 scores: min 1.50 	0.00/0.00/3/0.00/0 	max 10.51 mean 3.95
100 scores: min 1.50 	0.00/0.00/3/0.00/0 	max 9.51 mean 3.36
100 scores: min 1.50 	0.00/0.00/3/0.00/0 	max 10.51 mean 3.45
100 scores: min 1.50 	0.00/0.00/3/0.00/0 	max 10.50 mean 3.40
100 scores: min 1.50 	0.00/0.00/3/0.00/0 	max 10.51 mean 3.49
100 scores: min 1.50 	0.00/0.00/3/0.00/0 	max 10.50 mean 3.46
100 scores: min 1.50 	0.00/0.00/3/0.00/0 	max 11.01 mean 4.01
100 scores: min 1.50 	0.00/0.00/3/0.00/0 	max 11.50 mean 3.69
100 scores: min 1.50 	0.00/0.00/3/0.00/0 	max 10.51 mean 3.82
100 scores: min 1.50 	0.00/0.00/3/0.00/0 	max 9.51 mean 3.31
100 scores: min 1.50 	0.00/0.00/3/0.00/0 	max 10.01 mean 3.58
100 scores: min 1.50 	0.00/0.00/3/0.00/0 	max 11.50 mean 3.32
100 scores: min 1.50 	0.00/0.00/3/0.00/0 	max 10.50 mean 3.87
100 scores: min 1.50 	0.00/0.00/3/0.00/0 	max 10.51 mean 3.64
100 scores: min 1.50 	0.00/0.00/3/0.00/0 	max 10.51 mean 3.64
100 scores: min 1.50 	0.00/0.00/3/0.00/0 	max 11.50 mean 3.71
100 scores: min 1.50 	0.00/0.00/3/0.00/0 	max 10.01 mean 3.46
100 scores: min 1.50 	0.00/0.00/3/0.00/0 	max 10.51 mean 3.99
100 scores: min 1.50 	0.00/0.00/3/0.00/0 	max 10.50 mean 3.73
100 scores: min 1.50 	0.00/0.00/3/0.00/0 	max 9.51 mean 3.75
100 scores: min 1.50 	0.00/0.00/3/0.00/0 	max 10.51 mean 3.24
100 scores: min 1.50 	0.00/0.00/3/0.00/0 	max 11.00 mean 3.28
100 scores: min 1.50 	0.00/0.00/3/0.00/0 	max 11.01 mean 3.90
100 scores: min 1.50 	0.00/0.00/3/0.00/0 	max 8.51 mean 3.20
100 scores: min 1.50 	0.00/0.00/3/0.00/0 	max 9.51 mean 3.37
100 scores: min 1.50 	0.00/0.00/3/0.00/0 	max 11.50 mean 3.44
100 scores: min 1.50 	0.00/0.00/3/0.00/0 	max 10.01 mean 3.42
100 scores: min 1.50 	0.00/0.00/3/0.00/0 	max 11.50 mean 3.85
100 scores: min 1.50 	0.00/0.00/3/0.00/0 	max 11.50 mean 3.46
100 scores: min 1.50 	0.00/0.00/3/0.00/0 	max 11.01 mean 3.86
100 scores: min 1.50 	0.00/0.00/3/0.00/0 	max 10.51 mean 3.90
100 scores: min 1.50 	0.00/0.00/3/0.00/0 	max 10.01 mean 3.38
100 scores: min 1.50 	0.00/0.00/3/0.00/0 	max 9.51 mean 4.05
100 scores: min 1.50 	0.00/0.00/3/0.00/0 	max 11.01 mean 3.30
100 scores: min 1.50 	0.00/0.00/3/0.00/0 	max 10.50 mean 3.54
100 scores: min 1.50 	0.00/0.00/3/0.00/0 	max 10.51 mean 3.59
100 scores: min 1.50 	0.00/0.00/3/0.00/0 	max 10.51 mean 3.44
100 scores: min 1.50 	0.00/0.00/3/0.00/0 	max 10.51 mean 3.48
100 scores: min 1.50 	0.00/0.00/3/0.00/0 	max 11.00 mean 3.34
100 scores: min 1.50 	0.00/0.00/3/0.00/0 	max 10.51 mean 3.54
100 scores: min 1.50 	0.00/0.00/3/0.00/0 	max 11.00 mean 3.62
100 scores: min 1.50 	0.00/0.00/3/0.00/0 	max 11.01 mean 3.68
100 scores: min 1.50 	0.00/0.00/3/0.00/0 	max 10.51 mean 3.43
100 scores: min 1.50 	0.00/0.00/3/0.00/0 	max 9.51 mean 3.14
100 scores: min 1.50 	0.00/0.00/3/0.00/0 	max 10.00 mean 3.52
100 scores: min 1.50 	0.00/0.00/3/0.00/0 	max 10.51 mean 3.66
100 scores: min 1.50 	0.00/0.00/3/0.00/0 	max 11.50 mean 3.32
100 scores: min 1.50 	0.00/0.00/3/0.00/0 	max 10.51 mean 4.13
100 scores: min 1.50 	0.00/0.00/3/0.00/0 	max 9.51 mean 3.19
100 scores: min 1.50 	0.00/0.00/3/0.00/0 	max 10.51 mean 3.39
100 scores: min 1.50 	0.00/0.00/3/0.00/0 	max 10.51 mean 3.34
100 scores: min 1.50 	0.00/0.00/3/0.00/0 	max 11.50 mean 3.70
100 scores: min 1.50 	0.00/0.00/3/0.00/0 	max 10.51 mean 3.74
100 scores: min 1.50 	0.00/0.00/3/0.00/0 	max 10.51 mean 4.14
100 scores: min 1.50 	0.00/0.00/3/0.00/0 	max 11.01 mean 4.06
100 scores: min 1.50 	0.00/0.00/3/0.00/0 	max 10.51 mean 4.03
100 scores: min 1.50 	0.00/0.00/3/0.00/0 	max 12.50 mean 4.34
100 scores: min 1.50 	0.00/0.00/3/0.00/0 	max 10.50 mean 4.03
100 scores: min 1.50 	0.00/0.00/3/0.00/0 	max 11.50 mean 4.07
100 scores: min 1.50 	0.00/0.00/3/0.00/0 	max 12.50 mean 4.03
100 scores: min 1.50 	0.00/0.00/3/0.00/0 	max 12.50 mean 4.12
100 scores: min 1.50 	0.00/0.00/3/0.00/0 	max 10.51 mean 4.18
100 scores: min 1.50 	0.00/0.00/3/0.00/0 	max 9.51 mean 4.00
100 scores: min 1.50 	0.00/0.00/3/0.00/0 	max 9.51 mean 4.45
100 scores: min 1.50 	0.00/0.00/3/0.00/0 	max 10.51 mean 3.69
100 scores: min 1.50 	0.00/0.00/3/0.00/0 	max 10.01 mean 3.51
100 scores: min 1.50 	0.00/0.00/3/0.00/0 	max 11.01 mean 3.49
100 scores: min 1.50 	0.00/0.00/3/0.00/0 	max 11.01 mean 3.71
100 scores: min 1.50 	0.00/0.00/3/0.00/0 	max 10.01 mean 2.94
100 scores: min 1.50 	0.00/0.00/3/0.00/0 	max 10.51 mean 3.45
100 scores: min 1.50 	0.00/0.00/3/0.00/0 	max 10.51 mean 3.27
100 scores: min 1.50 	0.00/0.00/3/0.00/0 	max 10.51 mean 3.46
100 scores: min 1.50 	0.00/0.00/3/0.00/0 	max 10.51 mean 3.72
100 scores: min 1.50 	0.00/0.00/3/0.00/0 	max 10.51 mean 3.49
100 scores: min 1.50 	0.00/0.00/3/0.00/0 	max 11.01 mean 3.44
100 scores: min 1.50 	0.00/0.00/3/0.00/0 	max 9.51 mean 3.31
100 scores: min 1.50 	0.00/0.00/3/0.00/0 	max 12.50 mean 3.24
100 scores: min 1.50 	0.00/0.00/3/0.00/0 	max 10.50 mean 3.47
100 scores: min 1.50 	0.00/0.00/3/0.00/0 	max 11.51 mean 4.00
100 scores: min 1.50 	0.00/0.00/3/0.00/0 	max 11.51 mean 3.65
100 scores: min 1.50 	0.00/0.00/3/0.00/0 	max 11.01 mean 3.82
100 scores: min 1.50 	0.00/0.00/3/0.00/0 	max 12.00 mean 4.03
100 scores: min 1.50 	0.00/0.00/3/0.00/0 	max 11.01 mean 3.24
100 scores: min 1.50 	0.00/0.00/3/0.00/0 	max 13.00 mean 3.46
100 scores: min 1.50 	0.00/0.00/3/0.00/0 	max 11.00 mean 4.64
100 scores: min 1.50 	0.00/0.00/3/0.00/0 	max 11.00 mean 3.77
100 scores: min 1.50 	0.00/0.00/3/0.00/0 	max 11.01 mean 4.02
100 scores: min 1.50 	0.00/0.00/3/0.00/0 	max 10.51 mean 3.57
100 scores: min 1.50 	0.00/0.00/3/0.00/0 	max 10.50 mean 3.53
100 scores: min 1.50 	0.00/0.00/3/0.00/0 	max 10.51 mean 3.58
100 scores: min 1.50 	0.00/0.00/3/0.00/0 	max 11.01 mean 3.64
100 scores: min 1.50 	0.00/0.00/3/0.00/0 	max 11.01 mean 3.80
100 scores: min 1.50 	0.00/0.00/3/0.00/0 	max 11.01 mean 3.16
100 scores: min 1.50 	0.00/0.00/3/0.00/0 	max 10.51 mean 3.28
100 scores: min 1.50 	0.00/0.00/3/0.00/0 	max 11.01 mean 3.52
100 scores: min 1.50 	0.00/0.00/3/0.00/0 	max 11.51 mean 3.43
100 scores: min 1.50 	0.00/0.00/3/0.00/0 	max 11.01 mean 3.48
100 scores: min 1.50 	0.00/0.00/3/0.00/0 	max 11.01 mean 3.93
100 scores: min 1.50 	0.00/0.00/3/0.00/0 	max 11.01 mean 3.48
100 scores: min 1.50 	0.00/0.00/3/0.00/0 	max 11.00 mean 3.92
100 scores: min 1.50 	0.00/0.00/3/0.00/0 	max 11.00 mean 3.48
100 scores: min 1.50 	0.00/0.00/3/0.00/0 	max 10.51 mean 3.48
100 scores: min 1.50 	0.00/0.00/3/0.00/0 	max 11.01 mean 3.10
100 scores: min 1.50 	0.00/0.00/3/0.00/0 	max 10.51 mean 4.07
100 scores: min 1.50 	0.00/0.00/3/0.00/0 	max 11.01 mean 3.51
100 scores: min 1.50 	0.00/0.00/3/0.00/0 	max 9.50 mean 3.49
100 scores: min 1.50 	0.00/0.00/3/0.00/0 	max 11.01 mean 3.55
100 scores: min 1.50 	0.00/0.00/3/0.00/0 	max 10.00 mean 3.53
100 scores: min 1.50 	0.00/0.00/3/0.00/0 	max 11.01 mean 3.70
100 scores: min 1.50 	0.00/0.00/3/0.00/0 	max 11.01 mean 3.72
100 scores: min 1.50 	0.00/0.00/3/0.00/0 	max 11.01 mean 3.21
100 scores: min 1.50 	0.00/0.00/3/0.00/0 	max 9.01 mean 2.95
100 scores: min 1.50 	0.00/0.00/3/0.00/0 	max 10.01 mean 3.41
100 scores: min 1.50 	0.00/0.00/3/0.00/0 	max 9.51 mean 3.50
100 scores: min 1.50 	0.00/0.00/3/0.00/0 	max 11.01 mean 3.61
100 scores: min 1.50 	0.00/0.00/3/0.00/0 	max 10.51 mean 3.55
100 scores: min 1.50 	0.00/0.00/3/0.00/0 	max 10.50 mean 3.89
100 scores: min 1.50 	0.00/0.00/3/0.00/0 	max 10.51 mean 3.54
100 scores: min 1.50 	0.00/0.00/3/0.00/0 	max 10.01 mean 3.57
100 scores: min 1.50 	0.00/0.00/3/0.00/0 	max 10.01 mean 3.16
100 scores: min 1.50 	0.00/0.00/3/0.00/0 	max 11.01 mean 4.13
100 scores: min 1.50 	0.00/0.00/3/0.00/0 	max 10.51 mean 3.47
100 scores: min 1.50 	0.00/0.00/3/0.00/0 	max 11.50 mean 3.71
100 scores: min 1.50 	0.00/0.00/3/0.00/0 	max 10.51 mean 3.62
100 scores: min 1.50 	0.00/0.00/3/0.00/0 	max 10.01 mean 3.16
100 scores: min 1.50 	0.00/0.00/3/0.00/0 	max 12.00 mean 3.54
100 scores: min 1.50 	0.00/0.00/3/0.00/0 	max 11.51 mean 3.41
100 scores: min 1.50 	0.00/0.00/3/0.00/0 	max 10.51 mean 3.36
100 scores: min 1.50 	0.00/0.00/3/0.00/0 	max 11.01 mean 3.68
100 scores: min 1.50 	0.00/0.00/3/0.00/0 	max 10.50 mean 3.37
100 scores: min 1.50 	0.00/0.00/3/0.00/0 	max 11.50 mean 3.79
100 scores: min 1.50 	0.00/0.00/3/0.00/0 	max 10.51 mean 3.08
100 scores: min 1.50 	0.00/0.00/3/0.00/0 	max 12.00 mean 3.36
100 scores: min 1.50 	0.00/0.00/3/0.00/0 	max 10.51 mean 3.66
100 scores: min 1.50 	0.00/0.00/3/0.00/0 	max 10.01 mean 3.75
100 scores: min 1.50 	0.00/0.00/3/0.00/0 	max 11.01 mean 3.51
100 scores: min 1.50 	0.00/0.00/3/0.00/0 	max 11.01 mean 3.86
100 scores: min 1.50 	0.00/0.00/3/0.00/0 	max 10.51 mean 3.76
100 scores: min 1.50 	0.00/0.00/3/0.00/0 	max 11.51 mean 3.42
100 scores: min 1.50 	0.00/0.00/3/0.00/0 	max 10.51 mean 3.58
100 scores: min 1.50 	0.00/0.00/3/0.00/0 	max 12.50 mean 3.87
100 scores: min 1.50 	0.00/0.00/3/0.00/0 	max 10.51 mean 3.89
100 scores: min 1.50 	0.00/0.00/3/0.00/0 	max 9.51 mean 3.39
100 scores: min 1.50 	0.00/0.00/3/0.00/0 	max 11.01 mean 3.95
100 scores: min 1.50 	0.00/0.00/3/0.00/0 	max 11.01 mean 3.73
100 scores: min 1.50 	0.00/0.00/3/0.00/0 	max 10.51 mean 3.56
100 scores: min 1.50 	0.00/0.00/3/0.00/0 	max 10.51 mean 3.39
100 scores: min 1.50 	0.00/0.00/3/0.00/0 	max 11.01 mean 3.35
100 scores: min 1.50 	0.00/0.00/3/0.00/0 	max 11.00 mean 4.03
100 scores: min 1.50 	0.00/0.00/3/0.00/0 	max 10.01 mean 3.20
100 scores: min 1.50 	0.00/0.00/3/0.00/0 	max 11.01 mean 3.45
100 scores: min 1.50 	0.00/0.00/3/0.00/0 	max 11.01 mean 3.48
100 scores: min 1.50 	0.00/0.00/3/0.00/0 	max 10.51 mean 3.72
100 scores: min 1.50 	0.00/0.00/3/0.00/0 	max 11.01 mean 3.62
100 scores: min 1.50 	0.00/0.00/3/0.00/0 	max 10.51 mean 3.24
100 scores: min 1.50 	0.00/0.00/3/0.00/0 	max 12.50 mean 3.80
100 scores: min 1.50 	0.00/0.00/3/0.00/0 	max 11.01 mean 3.95
100 scores: min 1.50 	0.00/0.00/3/0.00/0 	max 11.01 mean 3.87
100 scores: min 1.50 	0.00/0.00/3/0.00/0 	max 10.01 mean 3.47
100 scores: min 1.50 	0.00/0.00/3/0.00/0 	max 10.01 mean 3.52
100 scores: min 1.50 	0.00/0.00/3/0.00/0 	max 11.50 mean 3.92
100 scores: min 1.50 	0.00/0.00/3/0.00/0 	max 11.01 mean 3.32
100 scores: min 1.50 	0.00/0.00/3/0.00/0 	max 11.01 mean 4.25
100 scores: min 1.50 	0.00/0.00/3/0.00/0 	max 11.00 mean 3.41
100 scores: min 1.50 	0.00/0.00/3/0.00/0 	max 11.51 mean 3.48
100 scores: min 1.50 	0.00/0.00/3/0.00/0 	max 11.01 mean 3.74
100 scores: min 1.50 	0.00/0.00/3/0.00/0 	max 10.50 mean 3.67
100 scores: min 1.50 	0.00/0.00/3/0.00/0 	max 11.51 mean 4.09
100 scores: min 1.50 	0.00/0.00/3/0.00/0 	max 11.51 mean 3.61
100 scores: min 1.50 	0.00/0.00/3/0.00/0 	max 11.01 mean 3.23
100 scores: min 1.50 	0.00/0.00/3/0.00/0 	max 10.51 mean 3.70
100 scores: min 1.50 	0.00/0.00/3/0.00/0 	max 10.51 mean 3.42
100 scores: min 1.50 	0.00/0.00/3/0.00/0 	max 11.51 mean 3.72
100 scores: min 1.50 	0.00/0.00/3/0.00/0 	max 11.01 mean 3.21
100 scores: min 1.50 	0.00/0.00/3/0.00/0 	max 11.50 mean 4.02
100 scores: min 1.50 	0.00/0.00/3/0.00/0 	max 12.00 mean 3.52
100 scores: min 1.50 	0.00/0.00/3/0.00/0 	max 10.51 mean 3.65
100 scores: min 1.50 	0.00/0.00/3/0.00/0 	max 12.50 mean 3.33
100 scores: min 1.50 	0.00/0.00/3/0.00/0 	max 11.01 mean 3.81
100 scores: min 1.50 	0.00/0.00/3/0.00/0 	max 11.01 mean 3.42
100 scores: min 1.50 	0.00/0.00/3/0.00/0 	max 10.51 mean 3.57
100 scores: min 1.50 	0.00/0.00/3/0.00/0 	max 11.01 mean 3.72
100 scores: min 1.50 	0.00/0.00/3/0.00/0 	max 10.51 mean 3.98
100 scores: min 1.50 	0.00/0.00/3/0.00/0 	max 11.50 mean 3.76
100 scores: min 1.50 	0.00/0.00/3/0.00/0 	max 11.01 mean 3.58
100 scores: min 1.50 	0.00/0.00/3/0.00/0 	max 10.01 mean 3.42
100 scores: min 1.50 	0.00/0.00/3/0.00/0 	max 9.51 mean 3.45
100 scores: min 1.50 	0.00/0.00/3/0.00/0 	max 11.01 mean 4.32
100 scores: min 1.50 	0.00/0.00/3/0.00/0 	max 11.01 mean 3.57
100 scores: min 1.50 	0.00/0.00/3/0.00/0 	max 11.01 mean 3.48
100 scores: min 1.50 	0.00/0.00/3/0.00/0 	max 11.01 mean 3.68
100 scores: min 1.50 	0.00/0.00/3/0.00/0 	max 10.00 mean 2.98
100 scores: min 1.50 	0.00/0.00/3/0.00/0 	max 13.00 mean 3.85
100 scores: min 1.50 	0.00/0.00/3/0.00/0 	max 10.01 mean 3.34
100 scores: min 1.50 	0.00/0.00/3/0.00/0 	max 10.51 mean 3.73
100 scores: min 1.50 	0.00/0.00/3/0.00/0 	max 10.01 mean 4.14
100 scores: min 1.50 	0.00/0.00/3/0.00/0 	max 11.51 mean 3.99
100 scores: min 1.50 	0.00/0.00/3/0.00/0 	max 10.51 mean 3.60
100 scores: min 1.50 	0.00/0.00/3/0.00/0 	max 11.50 mean 3.94
100 scores: min 1.50 	0.00/0.00/3/0.00/0 	max 11.01 mean 3.20
100 scores: min 1.50 	0.00/0.00/3/0.00/0 	max 11.01 mean 3.49
100 scores: min 1.50 	0.00/0.00/3/0.00/0 	max 11.50 mean 3.67
100 scores: min 1.50 	0.00/0.00/3/0.00/0 	max 10.50 mean 3.08
100 scores: min 1.50 	0.00/0.00/3/0.00/0 	max 11.00 mean 3.47
100 scores: min 1.50 	0.00/0.00/3/0.00/0 	max 10.51 mean 3.67
100 scores: min 1.50 	0.00/0.00/3/0.00/0 	max 10.50 mean 3.56
100 scores: min 1.50 	0.00/0.00/3/0.00/0 	max 11.01 mean 4.06
100 scores: min 1.50 	0.00/0.00/3/0.00/0 	max 10.51 mean 3.24
100 scores: min 1.50 	0.00/0.00/3/0.00/0 	max 10.50 mean 3.53
100 scores: min 1.50 	0.00/0.00/3/0.00/0 	max 11.01 mean 3.73
100 scores: min 1.50 	0.00/0.00/3/0.00/0 	max 10.51 mean 3.50
100 scores: min 1.50 	0.00/0.00/3/0.00/0 	max 10.51 mean 3.52
100 scores: min 1.50 	0.00/0.00/3/0.00/0 	max 11.00 mean 3.63
100 scores: min 1.50 	0.00/0.00/3/0.00/0 	max 11.01 mean 3.34
100 scores: min 1.50 	0.00/0.00/3/0.00/0 	max 11.00 mean 3.65
100 scores: min 1.50 	0.00/0.00/3/0.00/0 	max 11.01 mean 4.02
100 scores: min 1.50 	0.00/0.00/3/0.00/0 	max 10.51 mean 3.08
100 scores: min 1.50 	0.00/0.00/3/0.00/0 	max 12.50 mean 3.56
100 scores: min 1.50 	0.00/0.00/3/0.00/0 	max 11.01 mean 4.15
100 scores: min 1.50 	0.00/0.00/3/0.00/0 	max 11.01 mean 3.41
100 scores: min 1.50 	0.00/0.00/3/0.00/0 	max 10.51 mean 3.60
100 scores: min 1.50 	0.00/0.00/3/0.00/0 	max 10.50 mean 3.52
100 scores: min 1.50 	0.00/0.00/3/0.00/0 	max 10.51 mean 3.62
100 scores: min 1.50 	0.00/0.00/3/0.00/0 	max 11.01 mean 3.87
100 scores: min 1.50 	0.00/0.00/3/0.00/0 	max 11.01 mean 3.91
100 scores: min 1.50 	0.00/0.00/3/0.00/0 	max 11.01 mean 3.91
100 scores: min 1.50 	0.00/0.00/3/0.00/0 	max 11.01 mean 3.62
100 scores: min 1.50 	0.00/0.00/3/0.00/0 	max 11.01 mean 4.04
100 scores: min 1.50 	0.00/0.00/3/0.00/0 	max 10.00 mean 3.54
100 scores: min 1.50 	0.00/0.00/3/0.00/0 	max 11.50 mean 3.55
100 scores: min 1.50 	0.00/0.00/3/0.00/0 	max 11.51 mean 4.15
100 scores: min 1.50 	0.00/0.00/3/0.00/0 	max 11.00 mean 3.86
100 scores: min 1.50 	0.00/0.00/3/0.00/0 	max 10.51 mean 3.70
100 scores: min 1.50 	0.00/0.00/3/0.00/0 	max 10.50 mean 3.38
100 scores: min 1.50 	0.00/0.00/3/0.00/0 	max 9.51 mean 3.34
100 scores: min 1.50 	0.00/0.00/3/0.00/0 	max 10.51 mean 3.50
100 scores: min 1.50 	0.00/0.00/3/0.00/0 	max 10.00 mean 3.59
100 scores: min 1.50 	0.00/0.00/3/0.00/0 	max 10.51 mean 3.29
100 scores: min 1.50 	0.00/0.00/3/0.00/0 	max 10.51 mean 3.77
100 scores: min 1.50 	0.00/0.00/3/0.00/0 	max 10.01 mean 3.60
100 scores: min 1.50 	0.00/0.00/3/0.00/0 	max 11.01 mean 3.85
100 scores: min 1.50 	0.00/0.00/3/0.00/0 	max 11.01 mean 4.16
100 scores: min 1.50 	0.00/0.00/3/0.00/0 	max 11.51 mean 3.39
100 scores: min 1.50 	0.00/0.00/3/0.00/0 	max 9.51 mean 3.50
100 scores: min 1.50 	0.00/0.00/3/0.00/0 	max 11.50 mean 3.57
100 scores: min 1.50 	0.00/0.00/3/0.00/0 	max 10.01 mean 3.63
100 scores: min 1.50 	0.00/0.00/3/0.00/0 	max 11.01 mean 4.07
100 scores: min 1.50 	0.00/0.00/3/0.00/0 	max 11.01 mean 3.65
100 scores: min 1.50 	0.00/0.00/3/0.00/0 	max 11.01 mean 3.96
100 scores: min 1.50 	0.00/0.00/3/0.00/0 	max 10.01 mean 3.23
100 scores: min 1.50 	0.00/0.00/3/0.00/0 	max 11.01 mean 3.46
100 scores: min 1.50 	0.00/0.00/3/0.00/0 	max 11.01 mean 3.34
100 scores: min 1.50 	0.00/0.00/3/0.00/0 	max 11.01 mean 3.60
100 scores: min 1.50 	0.00/0.00/3/0.00/0 	max 11.01 mean 3.21
100 scores: min 1.50 	0.00/0.00/3/0.00/0 	max 11.51 mean 3.25
100 scores: min 1.50 	0.00/0.00/3/0.00/0 	max 11.00 mean 3.53
100 scores: min 1.50 	0.00/0.00/3/0.00/0 	max 11.01 mean 3.69
100 scores: min 1.50 	0.00/0.00/3/0.00/0 	max 11.50 mean 3.51
100 scores: min 1.50 	0.00/0.00/3/0.00/0 	max 11.00 mean 3.78
100 scores: min 1.50 	0.00/0.00/3/0.00/0 	max 11.01 mean 3.68
100 scores: min 1.50 	0.00/0.00/3/0.00/0 	max 10.51 mean 3.42
100 scores: min 1.50 	0.00/0.00/3/0.00/0 	max 11.50 mean 3.42
100 scores: min 1.50 	0.00/0.00/3/0.00/0 	max 11.01 mean 3.87
100 scores: min 1.50 	0.00/0.00/3/0.00/0 	max 10.01 mean 4.10
100 scores: min 1.50 	0.00/0.00/3/0.00/0 	max 11.01 mean 3.66
100 scores: min 1.50 	0.00/0.00/3/0.00/0 	max 11.51 mean 3.48
100 scores: min 1.50 	0.00/0.00/3/0.00/0 	max 9.51 mean 3.70
100 scores: min 1.50 	0.00/0.00/3/0.00/0 	max 13.00 mean 4.16
100 scores: min 1.50 	0.00/0.00/3/0.00/0 	max 11.01 mean 3.48
100 scores: min 1.50 	0.00/0.00/3/0.00/0 	max 11.01 mean 3.96
100 scores: min 1.50 	0.00/0.00/3/0.00/0 	max 10.51 mean 3.23
100 scores: min 1.50 	0.00/0.00/3/0.00/0 	max 11.50 mean 3.80
100 scores: min 1.50 	0.00/0.00/3/0.00/0 	max 11.01 mean 3.94
100 scores: min 1.50 	0.00/0.00/3/0.00/0 	max 10.51 mean 3.79
100 scores: min 1.50 	0.00/0.00/3/0.00/0 	max 11.01 mean 3.44
100 scores: min 1.50 	0.00/0.00/3/0.00/0 	max 11.01 mean 3.50
100 scores: min 1.50 	0.00/0.00/3/0.00/0 	max 10.51 mean 3.71
100 scores: min 1.50 	0.00/0.00/3/0.00/0 	max 11.51 mean 3.48
100 scores: min 1.50 	0.00/0.00/3/0.00/0 	max 10.51 mean 3.74
100 scores: min 1.50 	0.00/0.00/3/0.00/0 	max 11.50 mean 3.60
100 scores: min 1.50 	0.00/0.00/3/0.00/0 	max 11.01 mean 3.43
100 scores: min 1.50 	0.00/0.00/3/0.00/0 	max 9.51 mean 3.43
100 scores: min 1.50 	0.00/0.00/3/0.00/0 	max 10.50 mean 3.40
100 scores: min 1.50 	0.00/0.00/3/0.00/0 	max 11.01 mean 3.83
100 scores: min 1.50 	0.00/0.00/3/0.00/0 	max 11.00 mean 3.61
100 scores: min 1.50 	0.00/0.00/3/0.00/0 	max 11.01 mean 3.65
100 scores: min 1.50 	0.00/0.00/3/0.00/0 	max 10.51 mean 3.50
100 scores: min 1.50 	0.00/0.00/3/0.00/0 	max 11.01 mean 3.92
100 scores: min 1.50 	0.00/0.00/3/0.00/0 	max 11.01 mean 3.94
100 scores: min 1.50 	0.00/0.00/3/0.00/0 	max 10.51 mean 3.42
100 scores: min 1.50 	0.00/0.00/3/0.00/0 	max 10.51 mean 3.72
100 scores: min 1.50 	0.00/0.00/3/0.00/0 	max 10.01 mean 3.72
100 scores: min 1.50 	0.00/0.00/3/0.00/0 	max 12.00 mean 3.52
100 scores: min 1.50 	0.00/0.00/3/0.00/0 	max 11.51 mean 3.87
100 scores: min 1.50 	0.00/0.00/3/0.00/0 	max 10.50 mean 4.05
100 scores: min 1.50 	0.00/0.00/3/0.00/0 	max 11.01 mean 3.87
100 scores: min 1.50 	0.00/0.00/3/0.00/0 	max 11.01 mean 4.32
100 scores: min 1.50 	0.00/0.00/3/0.00/0 	max 11.01 mean 3.43
100 scores: min 1.50 	0.00/0.00/3/0.00/0 	max 10.51 mean 3.95
100 scores: min 1.50 	0.00/0.00/3/0.00/0 	max 11.01 mean 3.27
100 scores: min 1.50 	0.00/0.00/3/0.00/0 	max 11.51 mean 3.46
100 scores: min 1.50 	0.00/0.00/3/0.00/0 	max 10.01 mean 3.43
100 scores: min 1.50 	0.00/0.00/3/0.00/0 	max 11.50 mean 3.68
100 scores: min 1.50 	0.00/0.00/3/0.00/0 	max 11.51 mean 3.73
100 scores: min 1.50 	0.00/0.00/3/0.00/0 	max 10.51 mean 3.91
100 scores: min 1.50 	0.00/0.00/3/0.00/0 	max 11.00 mean 3.44
100 scores: min 1.50 	0.00/0.00/3/0.00/0 	max 10.50 mean 3.63
100 scores: min 1.50 	0.00/0.00/3/0.00/0 	max 11.50 mean 3.68
100 scores: min 1.50 	0.00/0.00/3/0.00/0 	max 10.50 mean 3.83
100 scores: min 1.50 	0.00/0.00/3/0.00/0 	max 11.01 mean 3.03
100 scores: min 1.50 	0.00/0.00/3/0.00/0 	max 11.01 mean 3.32
100 scores: min 1.50 	0.00/0.00/3/0.00/0 	max 10.01 mean 3.36
100 scores: min 1.50 	0.00/0.00/3/0.00/0 	max 9.51 mean 3.62
100 scores: min 1.50 	0.00/0.00/3/0.00/0 	max 10.01 mean 3.61
100 scores: min 1.50 	0.00/0.00/3/0.00/0 	max 10.51 mean 3.49
100 scores: min 1.50 	0.00/0.00/3/0.00/0 	max 11.51 mean 3.53
100 scores: min 1.50 	0.00/0.00/3/0.00/0 	max 10.00 mean 3.62
100 scores: min 1.50 	0.00/0.00/3/0.00/0 	max 11.01 mean 3.55
100 scores: min 1.50 	0.00/0.00/3/0.00/0 	max 11.01 mean 3.31
100 scores: min 1.50 	0.00/0.00/3/0.00/0 	max 11.01 mean 3.60
100 scores: min 1.50 	0.00/0.00/3/0.00/0 	max 10.51 mean 3.46
100 scores: min 1.50 	0.00/0.00/3/0.00/0 	max 10.51 mean 3.40
100 scores: min 1.50 	0.00/0.00/3/0.00/0 	max 10.51 mean 3.38
100 scores: min 1.50 	0.00/0.00/3/0.00/0 	max 10.01 mean 3.48
100 scores: min 1.50 	0.00/0.00/3/0.00/0 	max 11.00 mean 4.00
100 scores: min 1.50 	0.00/0.00/3/0.00/0 	max 11.01 mean 3.31
100 scores: min 1.50 	0.00/0.00/3/0.00/0 	max 10.51 mean 3.34
100 scores: min 1.50 	0.00/0.00/3/0.00/0 	max 11.51 mean 3.85
100 scores: min 1.50 	0.00/0.00/3/0.00/0 	max 11.51 mean 4.20
100 scores: min 1.50 	0.00/0.00/3/0.00/0 	max 11.01 mean 3.59
100 scores: min 1.50 	0.00/0.00/3/0.00/0 	max 12.50 mean 3.76
100 scores: min 1.50 	0.00/0.00/3/0.00/0 	max 10.51 mean 3.10
100 scores: min 1.50 	0.00/0.00/3/0.00/0 	max 11.01 mean 3.28
100 scores: min 1.50 	0.00/0.00/3/0.00/0 	max 10.01 mean 3.31
100 scores: min 1.50 	0.00/0.00/3/0.00/0 	max 11.01 mean 3.78
100 scores: min 1.50 	0.00/0.00/3/0.00/0 	max 11.51 mean 3.65
100 scores: min 1.50 	0.00/0.00/3/0.00/0 	max 13.00 mean 3.87
100 scores: min 1.50 	0.00/0.00/3/0.00/0 	max 11.01 mean 3.82
100 scores: min 1.50 	0.00/0.00/3/0.00/0 	max 10.51 mean 3.84
100 scores: min 1.50 	0.00/0.00/3/0.00/0 	max 10.01 mean 3.91
100 scores: min 1.50 	0.00/0.00/3/0.00/0 	max 11.01 mean 3.57
100 scores: min 1.50 	0.00/0.00/3/0.00/0 	max 10.00 mean 3.14
100 scores: min 1.50 	0.00/0.00/3/0.00/0 	max 10.51 mean 3.73
100 scores: min 1.50 	0.00/0.00/3/0.00/0 	max 11.51 mean 3.18
100 scores: min 1.50 	0.00/0.00/3/0.00/0 	max 11.51 mean 4.04
100 scores: min 1.50 	0.00/0.00/3/0.00/0 	max 10.01 mean 3.60
100 scores: min 1.50 	0.00/0.00/3/0.00/0 	max 11.01 mean 3.65
100 scores: min 1.50 	0.00/0.00/3/0.00/0 	max 10.01 mean 3.69
100 scores: min 1.50 	0.00/0.00/3/0.00/0 	max 11.01 mean 3.40
100 scores: min 1.50 	0.00/0.00/3/0.00/0 	max 11.01 mean 3.23
100 scores: min 1.50 	0.00/0.00/3/0.00/0 	max 11.50 mean 3.43
100 scores: min 1.50 	0.00/0.00/3/0.00/0 	max 11.50 mean 3.74
100 scores: min 1.50 	0.00/0.00/3/0.00/0 	max 11.51 mean 3.81
100 scores: min 1.50 	0.00/0.00/3/0.00/0 	max 11.00 mean 3.71
100 scores: min 1.50 	0.00/0.00/3/0.00/0 	max 11.00 mean 3.51
100 scores: min 1.50 	0.00/0.00/3/0.00/0 	max 10.00 mean 3.44
100 scores: min 1.50 	0.00/0.00/3/0.00/0 	max 12.00 mean 3.70
100 scores: min 1.50 	0.00/0.00/3/0.00/0 	max 10.01 mean 2.92
100 scores: min 1.50 	0.00/0.00/3/0.00/0 	max 10.51 mean 3.37
100 scores: min 1.50 	0.00/0.00/3/0.00/0 	max 10.51 mean 3.65
100 scores: min 1.50 	0.00/0.00/3/0.00/0 	max 10.01 mean 3.41
100 scores: min 1.50 	0.00/0.00/3/0.00/0 	max 11.01 mean 3.85
100 scores: min 1.50 	0.00/0.00/3/0.00/0 	max 10.51 mean 3.87
100 scores: min 1.50 	0.00/0.00/3/0.00/0 	max 10.01 mean 3.15
100 scores: min 1.50 	0.00/0.00/3/0.00/0 	max 13.50 mean 3.66
100 scores: min 1.50 	0.00/0.00/3/0.00/0 	max 11.01 mean 3.83
100 scores: min 1.50 	0.00/0.00/3/0.00/0 	max 10.51 mean 3.51
100 scores: min 1.50 	0.00/0.00/3/0.00/0 	max 11.01 mean 3.97
100 scores: min 1.50 	0.00/0.00/3/0.00/0 	max 11.01 mean 3.99
100 scores: min 1.50 	0.00/0.00/3/0.00/0 	max 11.01 mean 3.13
100 scores: min 1.50 	0.00/0.00/3/0.00/0 	max 10.51 mean 3.57
100 scores: min 1.50 	0.00/0.00/3/0.00/0 	max 10.51 mean 3.13
100 scores: min 1.50 	0.00/0.00/3/0.00/0 	max 11.01 mean 3.71
100 scores: min 1.50 	0.00/0.00/3/0.00/0 	max 10.01 mean 3.24
100 scores: min 1.50 	0.00/0.00/3/0.00/0 	max 11.50 mean 3.55
100 scores: min 1.50 	0.00/0.00/3/0.00/0 	max 11.00 mean 3.66
100 scores: min 1.50 	0.00/0.00/3/0.00/0 	max 11.50 mean 4.01
100 scores: min 1.50 	0.00/0.00/3/0.00/0 	max 11.01 mean 3.98
100 scores: min 1.50 	0.00/0.00/3/0.00/0 	max 11.50 mean 3.76
100 scores: min 1.50 	0.00/0.00/3/0.00/0 	max 11.01 mean 3.93
100 scores: min 1.50 	0.00/0.00/3/0.00/0 	max 10.50 mean 3.64
100 scores: min 1.50 	0.00/0.00/3/0.00/0 	max 10.01 mean 3.46
100 scores: min 1.50 	0.00/0.00/3/0.00/0 	max 11.01 mean 3.46
100 scores: min 1.50 	0.00/0.00/3/0.00/0 	max 9.50 mean 3.02
100 scores: min 1.50 	0.00/0.00/3/0.00/0 	max 11.50 mean 3.68
100 scores: min 1.50 	0.00/0.00/3/0.00/0 	max 11.50 mean 3.59
100 scores: min 1.50 	0.00/0.00/3/0.00/0 	max 10.51 mean 3.66
100 scores: min 1.50 	0.00/0.00/3/0.00/0 	max 11.01 mean 3.78
100 scores: min 1.50 	0.00/0.00/3/0.00/0 	max 11.51 mean 4.19
100 scores: min 1.50 	0.00/0.00/3/0.00/0 	max 11.50 mean 3.83
100 scores: min 1.50 	0.00/0.00/3/0.00/0 	max 10.51 mean 3.98
100 scores: min 1.50 	0.00/0.00/3/0.00/0 	max 9.51 mean 3.86
100 scores: min 1.50 	0.00/0.00/3/0.00/0 	max 11.01 mean 4.09
100 scores: min 1.50 	0.00/0.00/3/0.00/0 	max 11.00 mean 3.47
100 scores: min 1.50 	0.00/0.00/3/0.00/0 	max 10.51 mean 3.24
100 scores: min 1.50 	0.00/0.00/3/0.00/0 	max 10.51 mean 3.84
100 scores: min 1.50 	0.00/0.00/3/0.00/0 	max 11.01 mean 3.52
100 scores: min 1.50 	0.00/0.00/3/0.00/0 	max 11.01 mean 4.11
100 scores: min 1.50 	0.00/0.00/3/0.00/0 	max 10.01 mean 3.35
100 scores: min 1.50 	0.00/0.00/3/0.00/0 	max 10.51 mean 3.47
100 scores: min 1.50 	0.00/0.00/3/0.00/0 	max 11.01 mean 3.42
100 scores: min 1.50 	0.00/0.00/3/0.00/0 	max 10.51 mean 3.80
100 scores: min 1.50 	0.00/0.00/3/0.00/0 	max 11.01 mean 3.46
100 scores: min 1.50 	0.00/0.00/3/0.00/0 	max 8.51 mean 3.37
100 scores: min 1.50 	0.00/0.00/3/0.00/0 	max 12.00 mean 3.55
100 scores: min 1.50 	0.00/0.00/3/0.00/0 	max 10.51 mean 3.55
100 scores: min 1.50 	0.00/0.00/3/0.00/0 	max 11.01 mean 3.78
100 scores: min 1.50 	0.00/0.00/3/0.00/0 	max 11.01 mean 3.40
100 scores: min 1.50 	0.00/0.00/3/0.00/0 	max 11.50 mean 3.73
100 scores: min 1.50 	0.00/0.00/3/0.00/0 	max 11.01 mean 3.64
100 scores: min 1.50 	0.00/0.00/3/0.00/0 	max 11.01 mean 3.75
100 scores: min 1.50 	0.00/0.00/3/0.00/0 	max 11.01 mean 3.67
100 scores: min 1.50 	0.00/0.00/3/0.00/0 	max 11.01 mean 3.67
100 scores: min 1.50 	0.00/0.00/3/0.00/0 	max 9.51 mean 3.39
100 scores: min 1.50 	0.00/0.00/3/0.00/0 	max 11.01 mean 3.39
100 scores: min 1.50 	0.00/0.00/3/0.00/0 	max 10.51 mean 3.72
100 scores: min 1.50 	0.00/0.00/3/0.00/0 	max 11.01 mean 3.53
100 scores: min 1.50 	0.00/0.00/3/0.00/0 	max 11.50 mean 3.94
100 scores: min 1.50 	0.00/0.00/3/0.00/0 	max 11.01 mean 3.93
100 scores: min 1.50 	0.00/0.00/3/0.00/0 	max 9.51 mean 3.89
100 scores: min 1.50 	0.00/0.00/3/0.00/0 	max 11.01 mean 3.34
100 scores: min 1.50 	0.00/0.00/3/0.00/0 	max 10.01 mean 3.89
100 scores: min 1.50 	0.00/0.00/3/0.00/0 	max 11.01 mean 3.39
100 scores: min 1.50 	0.00/0.00/3/0.00/0 	max 10.51 mean 3.82
100 scores: min 1.50 	0.00/0.00/3/0.00/0 	max 11.50 mean 3.92
100 scores: min 1.50 	0.00/0.00/3/0.00/0 	max 10.51 mean 3.35
100 scores: min 1.50 	0.00/0.00/3/0.00/0 	max 10.01 mean 3.91
100 scores: min 1.50 	0.00/0.00/3/0.00/0 	max 10.51 mean 3.52
100 scores: min 1.50 	0.00/0.00/3/0.00/0 	max 10.01 mean 3.39
100 scores: min 1.50 	0.00/0.00/3/0.00/0 	max 12.50 mean 3.76
100 scores: min 1.50 	0.00/0.00/3/0.00/0 	max 12.00 mean 4.17
100 scores: min 1.50 	0.00/0.00/3/0.00/0 	max 11.01 mean 3.35
100 scores: min 1.50 	0.00/0.00/3/0.00/0 	max 10.51 mean 3.33
100 scores: min 1.50 	0.00/0.00/3/0.00/0 	max 11.01 mean 3.78
100 scores: min 1.50 	0.00/0.00/3/0.00/0 	max 10.51 mean 3.70
100 scores: min 1.50 	0.00/0.00/3/0.00/0 	max 11.01 mean 3.77
100 scores: min 1.50 	0.00/0.00/3/0.00/0 	max 11.01 mean 3.54
100 scores: min 1.50 	0.00/0.00/3/0.00/0 	max 11.50 mean 3.62
100 scores: min 1.50 	0.00/0.00/3/0.00/0 	max 11.01 mean 3.15
100 scores: min 1.50 	0.00/0.00/3/0.00/0 	max 11.01 mean 3.30
100 scores: min 1.50 	0.00/0.00/3/0.00/0 	max 10.51 mean 3.54
100 scores: min 1.50 	0.00/0.00/3/0.00/0 	max 11.51 mean 3.73
100 scores: min 1.50 	0.00/0.00/3/0.00/0 	max 10.51 mean 3.65
100 scores: min 1.50 	0.00/0.00/3/0.00/0 	max 10.50 mean 3.81
100 scores: min 1.50 	0.00/0.00/3/0.00/0 	max 11.00 mean 3.49
100 scores: min 1.50 	0.00/0.00/3/0.00/0 	max 11.01 mean 4.12
100 scores: min 1.50 	0.00/0.00/3/0.00/0 	max 11.00 mean 3.76
100 scores: min 1.50 	0.00/0.00/3/0.00/0 	max 11.51 mean 3.55
100 scores: min 1.50 	0.00/0.00/3/0.00/0 	max 10.51 mean 3.41
100 scores: min 1.50 	0.00/0.00/3/0.00/0 	max 10.51 mean 3.72
100 scores: min 1.50 	0.00/0.00/3/0.00/0 	max 10.01 mean 3.13
100 scores: min 1.50 	0.00/0.00/3/0.00/0 	max 10.51 mean 3.63
100 scores: min 1.50 	0.00/0.00/3/0.00/0 	max 11.00 mean 4.36
100 scores: min 1.50 	0.00/0.00/3/0.00/0 	max 10.51 mean 4.24
100 scores: min 1.50 	0.00/0.00/3/0.00/0 	max 10.51 mean 4.13
100 scores: min 1.50 	0.00/0.00/3/0.00/0 	max 11.50 mean 4.01
100 scores: min 1.50 	0.00/0.00/3/0.00/0 	max 11.01 mean 3.69
100 scores: min 1.50 	0.00/0.00/3/0.00/0 	max 10.51 mean 4.15
100 scores: min 1.50 	0.00/0.00/3/0.00/0 	max 11.01 mean 4.10
100 scores: min 1.50 	0.00/0.00/3/0.00/0 	max 11.50 mean 4.22
100 scores: min 1.50 	0.00/0.00/3/0.00/0 	max 10.01 mean 4.01
100 scores: min 1.50 	0.00/0.00/3/0.00/0 	max 10.51 mean 4.07
100 scores: min 1.50 	0.00/0.00/3/0.00/0 	max 10.00 mean 4.31
100 scores: min 1.50 	0.00/0.00/3/0.00/0 	max 9.51 mean 4.17
100 scores: min 1.50 	0.00/0.00/3/0.00/0 	max 10.51 mean 3.99
100 scores: min 1.50 	0.00/0.00/3/0.00/0 	max 11.01 mean 4.04
100 scores: min 1.50 	0.00/0.00/3/0.00/0 	max 13.50 mean 3.93
100 scores: min 1.50 	0.00/0.00/3/0.00/0 	max 10.51 mean 4.13
100 scores: min 1.50 	0.00/0.00/3/0.00/0 	max 11.50 mean 4.45
100 scores: min 1.50 	0.00/0.00/3/0.00/0 	max 10.51 mean 4.51
100 scores: min 1.50 	0.00/0.00/3/0.00/0 	max 10.51 mean 4.09
100 scores: min 1.50 	0.00/0.00/3/0.00/0 	max 11.01 mean 4.43
100 scores: min 1.50 	0.00/0.00/3/0.00/0 	max 11.00 mean 4.52
100 scores: min 1.50 	0.00/0.00/3/0.00/0 	max 10.51 mean 4.48
100 scores: min 1.50 	0.00/0.00/3/0.00/0 	max 11.01 mean 4.11
100 scores: min 1.50 	0.00/0.00/3/0.00/0 	max 11.01 mean 4.41
100 scores: min 1.50 	0.00/0.00/3/0.00/0 	max 11.01 mean 4.42
100 scores: min 1.50 	0.00/0.00/3/0.00/0 	max 10.50 mean 4.17
100 scores: min 1.50 	0.00/0.00/3/0.00/0 	max 10.51 mean 4.08
100 scores: min 1.50 	0.00/0.00/3/0.00/0 	max 11.01 mean 3.81
100 scores: min 1.50 	0.00/0.00/3/0.00/0 	max 10.50 mean 4.15
100 scores: min 1.50 	0.00/0.00/3/0.00/0 	max 10.51 mean 4.09
100 scores: min 1.50 	0.00/0.00/3/0.00/0 	max 10.01 mean 4.46
100 scores: min 1.50 	0.00/0.00/3/0.00/0 	max 10.51 mean 4.06
100 scores: min 1.50 	0.00/0.00/3/0.00/0 	max 10.01 mean 4.16
100 scores: min 1.50 	0.00/0.00/3/0.00/0 	max 9.51 mean 4.15
100 scores: min 1.50 	0.00/0.00/3/0.00/0 	max 10.51 mean 4.29
100 scores: min 1.50 	0.00/0.00/3/0.00/0 	max 11.01 mean 4.40
100 scores: min 1.50 	0.00/0.00/3/0.00/0 	max 10.51 mean 4.34
100 scores: min 1.50 	0.00/0.00/3/0.00/0 	max 11.01 mean 3.86
100 scores: min 1.50 	0.00/0.00/3/0.00/0 	max 11.01 mean 3.71
100 scores: min 1.50 	0.00/0.00/3/0.00/0 	max 10.51 mean 3.97
100 scores: min 1.50 	0.00/0.00/3/0.00/0 	max 11.00 mean 4.13
100 scores: min 1.50 	0.00/0.00/3/0.00/0 	max 11.01 mean 4.55
100 scores: min 1.50 	0.00/0.00/3/0.00/0 	max 10.50 mean 4.18
100 scores: min 1.50 	0.00/0.00/3/0.00/0 	max 10.50 mean 3.98
100 scores: min 1.50 	0.00/0.00/3/0.00/0 	max 10.51 mean 4.30
100 scores: min 1.50 	0.00/0.00/3/0.00/0 	max 11.50 mean 3.86
100 scores: min 1.50 	0.00/0.00/3/0.00/0 	max 11.01 mean 4.87
100 scores: min 1.50 	0.00/0.00/3/0.00/0 	max 11.00 mean 4.37
100 scores: min 1.50 	0.00/0.00/3/0.00/0 	max 11.01 mean 4.56
100 scores: min 1.50 	0.00/0.00/3/0.00/0 	max 10.51 mean 4.78
100 scores: min 1.50 	0.00/0.00/3/0.00/0 	max 11.50 mean 4.35
100 scores: min 1.50 	0.00/0.00/3/0.00/0 	max 11.01 mean 4.07
100 scores: min 1.50 	0.00/0.00/3/0.00/0 	max 11.50 mean 4.40
100 scores: min 1.50 	0.00/0.00/3/0.00/0 	max 10.51 mean 3.83
100 scores: min 1.50 	0.00/0.00/3/0.00/0 	max 11.50 mean 4.42
100 scores: min 1.50 	0.00/0.00/3/0.00/0 	max 10.51 mean 4.11
100 scores: min 1.50 	0.00/0.00/3/0.00/0 	max 11.00 mean 4.02
100 scores: min 1.50 	0.00/0.00/3/0.00/0 	max 10.50 mean 3.93
100 scores: min 1.50 	0.00/0.00/3/0.00/0 	max 11.01 mean 4.35
100 scores: min 1.50 	0.00/0.00/3/0.00/0 	max 10.51 mean 3.79
100 scores: min 1.50 	0.00/0.00/3/0.00/0 	max 10.50 mean 4.32
100 scores: min 1.50 	0.00/0.00/3/0.00/0 	max 12.00 mean 4.07
100 scores: min 1.50 	0.00/0.00/3/0.00/0 	max 11.01 mean 4.41
100 scores: min 1.50 	0.00/0.00/3/0.00/0 	max 10.51 mean 4.08
100 scores: min 1.50 	0.00/0.00/3/0.00/0 	max 10.51 mean 4.19
100 scores: min 1.50 	0.00/0.00/3/0.00/0 	max 11.01 mean 4.23
100 scores: min 1.50 	0.00/0.00/3/0.00/0 	max 11.50 mean 4.06
100 scores: min 1.50 	0.00/0.00/3/0.00/0 	max 10.50 mean 3.86
100 scores: min 1.50 	0.00/0.00/3/0.00/0 	max 10.51 mean 4.15
100 scores: min 1.50 	0.00/0.00/3/0.00/0 	max 11.01 mean 4.27
100 scores: min 1.50 	0.00/0.00/3/0.00/0 	max 11.00 mean 4.17
100 scores: min 1.50 	0.00/0.00/3/0.00/0 	max 11.51 mean 4.11
100 scores: min 1.50 	0.00/0.00/3/0.00/0 	max 11.01 mean 3.80
100 scores: min 1.50 	0.00/0.00/3/0.00/0 	max 10.51 mean 3.80
100 scores: min 1.50 	0.00/0.00/3/0.00/0 	max 10.51 mean 3.73
100 scores: min 1.50 	0.00/0.00/3/0.00/0 	max 11.01 mean 4.20
100 scores: min 1.50 	0.00/0.00/3/0.00/0 	max 10.51 mean 3.80
100 scores: min 1.50 	0.00/0.00/3/0.00/0 	max 10.50 mean 3.90
100 scores: min 1.50 	0.00/0.00/3/0.00/0 	max 11.00 mean 4.55
100 scores: min 1.50 	0.00/0.00/3/0.00/0 	max 11.00 mean 4.19
100 scores: min 1.50 	0.00/0.00/3/0.00/0 	max 11.01 mean 4.36
100 scores: min 1.50 	0.00/0.00/3/0.00/0 	max 10.01 mean 3.71
100 scores: min 1.50 	0.00/0.00/3/0.00/0 	max 11.01 mean 4.01
100 scores: min 1.50 	0.00/0.00/3/0.00/0 	max 11.00 mean 3.44
100 scores: min 1.50 	0.00/0.00/3/0.00/0 	max 11.50 mean 3.77
100 scores: min 1.50 	0.00/0.00/3/0.00/0 	max 11.51 mean 3.76
100 scores: min 1.50 	0.00/0.00/3/0.00/0 	max 11.01 mean 3.26
100 scores: min 1.50 	0.00/0.00/3/0.00/0 	max 10.01 mean 3.69
100 scores: min 1.50 	0.00/0.00/3/0.00/0 	max 11.51 mean 3.92
100 scores: min 1.50 	0.00/0.00/3/0.00/0 	max 10.01 mean 3.69
100 scores: min 1.50 	0.00/0.00/3/0.00/0 	max 11.01 mean 3.82
100 scores: min 1.50 	0.00/0.00/3/0.00/0 	max 10.01 mean 3.46
100 scores: min 1.50 	0.00/0.00/3/0.00/0 	max 10.50 mean 3.78
100 scores: min 1.50 	0.00/0.00/3/0.00/0 	max 13.50 mean 3.59
100 scores: min 1.50 	0.00/0.00/3/0.00/0 	max 11.00 mean 3.87
100 scores: min 1.50 	0.00/0.00/3/0.00/0 	max 11.01 mean 3.53
100 scores: min 1.50 	0.00/0.00/3/0.00/0 	max 10.01 mean 3.65
100 scores: min 1.50 	0.00/0.00/3/0.00/0 	max 11.01 mean 3.62
100 scores: min 1.50 	0.00/0.00/3/0.00/0 	max 11.01 mean 4.18
100 scores: min 1.50 	0.00/0.00/3/0.00/0 	max 11.01 mean 3.12
100 scores: min 1.50 	0.00/0.00/3/0.00/0 	max 11.51 mean 3.93
100 scores: min 1.50 	0.00/0.00/3/0.00/0 	max 11.51 mean 3.63
100 scores: min 1.50 	0.00/0.00/3/0.00/0 	max 10.51 mean 4.10
100 scores: min 1.50 	0.00/0.00/3/0.00/0 	max 11.50 mean 3.57
100 scores: min 1.50 	0.00/0.00/3/0.00/0 	max 11.51 mean 3.30
100 scores: min 1.50 	0.00/0.00/3/0.00/0 	max 10.00 mean 3.74
100 scores: min 1.50 	0.00/0.00/3/0.00/0 	max 10.50 mean 4.04
100 scores: min 1.50 	0.00/0.00/3/0.00/0 	max 11.00 mean 3.50
100 scores: min 1.50 	0.00/0.00/3/0.00/0 	max 11.01 mean 3.71
100 scores: min 1.50 	0.00/0.00/3/0.00/0 	max 12.50 mean 3.24
100 scores: min 1.50 	0.00/0.00/3/0.00/0 	max 11.01 mean 4.14
100 scores: min 1.50 	0.00/0.00/3/0.00/0 	max 12.50 mean 3.93
100 scores: min 1.50 	0.00/0.00/3/0.00/0 	max 11.01 mean 4.25
100 scores: min 1.50 	0.00/0.00/3/0.00/0 	max 11.01 mean 3.99
100 scores: min 1.50 	0.00/0.00/3/0.00/0 	max 10.51 mean 3.71
100 scores: min 1.50 	0.00/0.00/3/0.00/0 	max 11.01 mean 3.53
100 scores: min 1.50 	0.00/0.00/3/0.00/0 	max 11.50 mean 3.47
100 scores: min 1.50 	0.00/0.00/3/0.00/0 	max 11.01 mean 3.73
100 scores: min 1.50 	0.00/0.00/3/0.00/0 	max 9.51 mean 3.44
100 scores: min 1.50 	0.00/0.00/3/0.00/0 	max 11.00 mean 4.29
100 scores: min 1.50 	0.00/0.00/3/0.00/0 	max 10.51 mean 3.88
100 scores: min 1.50 	0.00/0.00/3/0.00/0 	max 11.00 mean 4.27
100 scores: min 1.50 	0.00/0.00/3/0.00/0 	max 10.51 mean 3.68
100 scores: min 1.50 	0.00/0.00/3/0.00/0 	max 12.00 mean 3.82
100 scores: min 1.50 	0.00/0.00/3/0.00/0 	max 10.51 mean 4.65
100 scores: min 1.50 	0.00/0.00/3/0.00/0 	max 10.50 mean 4.07
100 scores: min 1.50 	0.00/0.00/3/0.00/0 	max 11.01 mean 4.06
100 scores: min 1.50 	0.00/0.00/3/0.00/0 	max 11.50 mean 4.03
100 scores: min 1.50 	0.00/0.00/3/0.00/0 	max 10.51 mean 4.72
100 scores: min 1.50 	0.00/0.00/3/0.00/0 	max 10.50 mean 3.96
100 scores: min 1.50 	0.00/0.00/3/0.00/0 	max 10.51 mean 4.24
100 scores: min 1.50 	0.00/0.00/3/0.00/0 	max 11.00 mean 4.14
100 scores: min 1.50 	0.00/0.00/3/0.00/0 	max 11.01 mean 4.07
100 scores: min 1.50 	0.00/0.00/3/0.00/0 	max 11.01 mean 4.00
100 scores: min 1.50 	0.00/0.00/3/0.00/0 	max 10.51 mean 4.43
100 scores: min 1.50 	0.00/0.00/3/0.00/0 	max 10.51 mean 4.23
100 scores: min 1.50 	0.00/0.00/3/0.00/0 	max 10.51 mean 3.99
100 scores: min 1.50 	0.00/0.00/3/0.00/0 	max 9.51 mean 4.29
100 scores: min 1.50 	0.00/0.00/3/0.00/0 	max 10.00 mean 4.12
100 scores: min 1.50 	0.00/0.00/3/0.00/0 	max 9.51 mean 3.80
100 scores: min 1.50 	0.00/0.00/3/0.00/0 	max 10.51 mean 4.29
100 scores: min 1.50 	0.00/0.00/3/0.00/0 	max 10.01 mean 3.89
100 scores: min 1.50 	0.00/0.00/3/0.00/0 	max 10.01 mean 4.08
100 scores: min 1.50 	0.00/0.00/3/0.00/0 	max 10.51 mean 4.52
100 scores: min 1.50 	0.00/0.00/3/0.00/0 	max 11.01 mean 4.27
100 scores: min 1.50 	0.00/0.00/3/0.00/0 	max 11.01 mean 4.42
100 scores: min 1.50 	0.00/0.00/3/0.00/0 	max 10.51 mean 3.81
100 scores: min 1.50 	0.00/0.00/3/0.00/0 	max 11.01 mean 3.66
100 scores: min 1.50 	0.00/0.00/3/0.00/0 	max 10.50 mean 3.95
100 scores: min 1.50 	0.00/0.00/3/0.00/0 	max 10.51 mean 4.10
100 scores: min 1.50 	0.00/0.00/3/0.00/0 	max 10.51 mean 4.07
100 scores: min 1.50 	0.00/0.00/3/0.00/0 	max 10.50 mean 4.02
100 scores: min 1.50 	0.00/0.00/3/0.00/0 	max 11.00 mean 4.23
100 scores: min 1.50 	0.00/0.00/3/0.00/0 	max 11.00 mean 3.97
100 scores: min 1.50 	0.00/0.00/3/0.00/0 	max 10.51 mean 4.21
100 scores: min 1.50 	0.00/0.00/3/0.00/0 	max 10.50 mean 4.12
100 scores: min 1.50 	0.00/0.00/3/0.00/0 	max 11.01 mean 4.23
100 scores: min 1.50 	0.00/0.00/3/0.00/0 	max 10.51 mean 4.17
100 scores: min 1.50 	0.00/0.00/3/0.00/0 	max 11.00 mean 3.96
100 scores: min 1.50 	0.00/0.00/3/0.00/0 	max 10.51 mean 3.69
100 scores: min 1.50 	0.00/0.00/3/0.00/0 	max 10.51 mean 4.20
100 scores: min 1.50 	0.00/0.00/3/0.00/0 	max 10.51 mean 4.10
100 scores: min 1.50 	0.00/0.00/3/0.00/0 	max 12.50 mean 4.25
100 scores: min 1.50 	0.00/0.00/3/0.00/0 	max 10.51 mean 3.90
100 scores: min 1.50 	0.00/0.00/3/0.00/0 	max 10.51 mean 4.10
100 scores: min 1.50 	0.00/0.00/3/0.00/0 	max 11.51 mean 3.74
100 scores: min 1.50 	0.00/0.00/3/0.00/0 	max 10.51 mean 4.12
100 scores: min 1.50 	0.00/0.00/3/0.00/0 	max 10.51 mean 3.72
100 scores: min 1.50 	0.00/0.00/3/0.00/0 	max 10.50 mean 3.68
100 scores: min 1.50 	0.00/0.00/3/0.00/0 	max 10.51 mean 4.20
100 scores: min 1.50 	0.00/0.00/3/0.00/0 	max 10.51 mean 4.52
100 scores: min 1.50 	0.00/0.00/3/0.00/0 	max 11.00 mean 3.92
100 scores: min 1.50 	0.00/0.00/3/0.00/0 	max 11.50 mean 4.17
100 scores: min 1.50 	0.00/0.00/3/0.00/0 	max 10.50 mean 4.07
100 scores: min 1.50 	0.00/0.00/3/0.00/0 	max 11.01 mean 3.87
100 scores: min 1.50 	0.00/0.00/3/0.00/0 	max 10.51 mean 4.07
100 scores: min 1.50 	0.00/0.00/3/0.00/0 	max 10.51 mean 4.27
100 scores: min 1.50 	0.00/0.00/3/0.00/0 	max 10.51 mean 3.78
100 scores: min 1.50 	0.00/0.00/3/0.00/0 	max 10.51 mean 4.06
100 scores: min 1.50 	0.00/0.00/3/0.00/0 	max 12.00 mean 3.94
100 scores: min 1.50 	0.00/0.00/3/0.00/0 	max 9.51 mean 4.04
100 scores: min 1.50 	0.00/0.00/3/0.00/0 	max 10.50 mean 4.10
100 scores: min 1.50 	0.00/0.00/3/0.00/0 	max 9.50 mean 3.59
100 scores: min 1.50 	0.00/0.00/3/0.00/0 	max 10.01 mean 4.07
100 scores: min 1.50 	0.00/0.00/3/0.00/0 	max 10.51 mean 4.25
100 scores: min 1.50 	0.00/0.00/3/0.00/0 	max 11.00 mean 3.67
100 scores: min 1.50 	0.00/0.00/3/0.00/0 	max 10.51 mean 3.85
100 scores: min 1.50 	0.00/0.00/3/0.00/0 	max 11.50 mean 4.17
100 scores: min 1.50 	0.00/0.00/3/0.00/0 	max 11.00 mean 3.75
100 scores: min 1.50 	0.00/0.00/3/0.00/0 	max 10.51 mean 3.93
100 scores: min 1.50 	0.00/0.00/3/0.00/0 	max 10.51 mean 3.96
100 scores: min 1.50 	0.00/0.00/3/0.00/0 	max 10.50 mean 3.85
100 scores: min 1.50 	0.00/0.00/3/0.00/0 	max 11.01 mean 4.39
100 scores: min 1.50 	0.00/0.00/3/0.00/0 	max 9.51 mean 3.89
100 scores: min 1.50 	0.00/0.00/3/0.00/0 	max 11.01 mean 4.10
100 scores: min 1.50 	0.00/0.00/3/0.00/0 	max 10.50 mean 4.07
100 scores: min 1.50 	0.00/0.00/3/0.00/0 	max 9.51 mean 4.07
100 scores: min 1.50 	0.00/0.00/3/0.00/0 	max 12.00 mean 3.97
100 scores: min 1.50 	0.00/0.00/3/0.00/0 	max 11.51 mean 4.29
100 scores: min 1.50 	0.00/0.00/3/0.00/0 	max 10.50 mean 3.88
100 scores: min 1.50 	0.00/0.00/3/0.00/0 	max 10.51 mean 3.88
100 scores: min 1.50 	0.00/0.00/3/0.00/0 	max 12.50 mean 3.89
100 scores: min 1.50 	0.00/0.00/3/0.00/0 	max 9.51 mean 4.29
100 scores: min 1.50 	0.00/0.00/3/0.00/0 	max 10.51 mean 3.99
100 scores: min 1.50 	0.00/0.00/3/0.00/0 	max 11.00 mean 3.98
100 scores: min 1.50 	0.00/0.00/3/0.00/0 	max 11.00 mean 4.35
100 scores: min 1.50 	0.00/0.00/3/0.00/0 	max 9.51 mean 3.65
100 scores: min 1.50 	0.00/0.00/3/0.00/0 	max 11.01 mean 4.02
100 scores: min 1.50 	0.00/0.00/3/0.00/0 	max 11.00 mean 3.88
100 scores: min 1.50 	0.00/0.00/3/0.00/0 	max 10.51 mean 3.98
100 scores: min 1.50 	0.00/0.00/3/0.00/0 	max 10.51 mean 4.37
100 scores: min 1.50 	0.00/0.00/3/0.00/0 	max 10.00 mean 3.79
100 scores: min 1.50 	0.00/0.00/3/0.00/0 	max 11.50 mean 4.35
100 scores: min 1.50 	0.00/0.00/3/0.00/0 	max 11.01 mean 4.04
100 scores: min 1.50 	0.00/0.00/3/0.00/0 	max 12.00 mean 4.06
100 scores: min 1.50 	0.00/0.00/3/0.00/0 	max 12.50 mean 4.21
100 scores: min 1.50 	0.00/0.00/3/0.00/0 	max 10.50 mean 3.80
100 scores: min 1.50 	0.00/0.00/3/0.00/0 	max 9.50 mean 3.47
100 scores: min 1.50 	0.00/0.00/3/0.00/0 	max 11.01 mean 4.01
100 scores: min 1.50 	0.00/0.00/3/0.00/0 	max 9.51 mean 4.46
100 scores: min 1.50 	0.00/0.00/3/0.00/0 	max 10.50 mean 4.27
100 scores: min 1.50 	0.00/0.00/3/0.00/0 	max 9.51 mean 3.80
100 scores: min 1.50 	0.00/0.00/3/0.00/0 	max 11.50 mean 3.95
100 scores: min 1.50 	0.00/0.00/3/0.00/0 	max 10.51 mean 4.19
100 scores: min 1.50 	0.00/0.00/3/0.00/0 	max 10.51 mean 4.26
100 scores: min 1.50 	0.00/0.00/3/0.00/0 	max 10.51 mean 4.08
100 scores: min 1.50 	0.00/0.00/3/0.00/0 	max 12.00 mean 3.98
100 scores: min 1.50 	0.00/0.00/3/0.00/0 	max 10.01 mean 4.20
100 scores: min 1.50 	0.00/0.00/3/0.00/0 	max 11.01 mean 4.01
100 scores: min 1.50 	0.00/0.00/3/0.00/0 	max 11.00 mean 3.75
100 scores: min 1.50 	0.00/0.00/3/0.00/0 	max 11.51 mean 4.35
100 scores: min 1.50 	0.00/0.00/3/0.00/0 	max 11.50 mean 4.02
100 scores: min 1.50 	0.00/0.00/3/0.00/0 	max 10.51 mean 4.09
100 scores: min 1.50 	0.00/0.00/3/0.00/0 	max 10.50 mean 4.11
100 scores: min 1.50 	0.00/0.00/3/0.00/0 	max 9.51 mean 4.04
100 scores: min 1.50 	0.00/0.00/3/0.00/0 	max 11.01 mean 4.33
100 scores: min 1.50 	0.00/0.00/3/0.00/0 	max 11.01 mean 4.38
100 scores: min 1.50 	0.00/0.00/3/0.00/0 	max 11.50 mean 4.30
100 scores: min 1.50 	0.00/0.00/3/0.00/0 	max 11.01 mean 3.88
100 scores: min 1.50 	0.00/0.00/3/0.00/0 	max 11.01 mean 3.84
100 scores: min 1.50 	0.00/0.00/3/0.00/0 	max 10.51 mean 4.00
100 scores: min 1.50 	0.00/0.00/3/0.00/0 	max 10.51 mean 3.88
100 scores: min 1.50 	0.00/0.00/3/0.00/0 	max 10.01 mean 4.34
100 scores: min 1.50 	0.00/0.00/3/0.00/0 	max 11.01 mean 4.35
100 scores: min 1.50 	0.00/0.00/3/0.00/0 	max 10.51 mean 3.99
100 scores: min 1.50 	0.00/0.00/3/0.00/0 	max 10.51 mean 4.22
100 scores: min 1.50 	0.00/0.00/3/0.00/0 	max 11.50 mean 4.07
100 scores: min 1.50 	0.00/0.00/3/0.00/0 	max 10.51 mean 4.19
100 scores: min 1.50 	0.00/0.00/3/0.00/0 	max 10.51 mean 4.12
100 scores: min 1.50 	0.00/0.00/3/0.00/0 	max 10.51 mean 4.08
100 scores: min 1.50 	0.00/0.00/3/0.00/0 	max 10.50 mean 4.75
100 scores: min 1.50 	0.00/0.00/3/0.00/0 	max 9.51 mean 4.09
100 scores: min 1.50 	0.00/0.00/3/0.00/0 	max 10.51 mean 4.11
100 scores: min 1.50 	0.00/0.00/3/0.00/0 	max 10.51 mean 4.20
100 scores: min 1.50 	0.00/0.00/3/0.00/0 	max 9.50 mean 4.06
100 scores: min 1.50 	0.00/0.00/3/0.00/0 	max 10.51 mean 4.16
100 scores: min 1.50 	0.00/0.00/3/0.00/0 	max 12.00 mean 4.22
100 scores: min 1.50 	0.00/0.00/3/0.00/0 	max 10.51 mean 4.29
100 scores: min 1.50 	0.00/0.00/3/0.00/0 	max 9.51 mean 3.58
100 scores: min 1.50 	0.00/0.00/3/0.00/0 	max 11.00 mean 3.75
100 scores: min 1.50 	0.00/0.00/3/0.00/0 	max 11.50 mean 3.85
100 scores: min 1.50 	0.00/0.00/3/0.00/0 	max 9.51 mean 3.53
100 scores: min 1.50 	0.00/0.00/3/0.00/0 	max 11.51 mean 3.91
100 scores: min 1.50 	0.00/0.00/3/0.00/0 	max 10.01 mean 4.08
100 scores: min 1.50 	0.00/0.00/3/0.00/0 	max 9.51 mean 3.85
100 scores: min 1.50 	0.00/0.00/3/0.00/0 	max 10.50 mean 3.95
100 scores: min 1.50 	0.00/0.00/3/0.00/0 	max 10.51 mean 3.91
100 scores: min 1.50 	0.00/0.00/3/0.00/0 	max 11.51 mean 3.98
100 scores: min 1.50 	0.00/0.00/3/0.00/0 	max 11.00 mean 4.28
100 scores: min 1.50 	0.00/0.00/3/0.00/0 	max 9.51 mean 3.70
100 scores: min 1.50 	0.00/0.00/3/0.00/0 	max 10.51 mean 3.94
100 scores: min 1.50 	0.00/0.00/3/0.00/0 	max 10.51 mean 4.04
100 scores: min 1.50 	0.00/0.00/3/0.00/0 	max 11.01 mean 4.23
100 scores: min 1.50 	0.00/0.00/3/0.00/0 	max 10.51 mean 3.97
100 scores: min 1.50 	0.00/0.00/3/0.00/0 	max 10.51 mean 4.07
100 scores: min 1.50 	0.00/0.00/3/0.00/0 	max 10.51 mean 4.15
100 scores: min 1.50 	0.00/0.00/3/0.00/0 	max 9.51 mean 3.91
100 scores: min 1.50 	0.00/0.00/3/0.00/0 	max 10.01 mean 3.67
100 scores: min 1.50 	0.00/0.00/3/0.00/0 	max 11.50 mean 4.02
100 scores: min 1.50 	0.00/0.00/3/0.00/0 	max 11.01 mean 3.90
100 scores: min 1.50 	0.00/0.00/3/0.00/0 	max 9.51 mean 3.79
100 scores: min 1.50 	0.00/0.00/3/0.00/0 	max 11.50 mean 4.46
100 scores: min 1.50 	0.00/0.00/3/0.00/0 	max 10.50 mean 3.96
100 scores: min 1.50 	0.00/0.00/3/0.00/0 	max 11.50 mean 3.70
100 scores: min 1.50 	0.00/0.00/3/0.00/0 	max 10.51 mean 4.16
100 scores: min 1.50 	0.00/0.00/3/0.00/0 	max 10.51 mean 4.33
100 scores: min 1.50 	0.00/0.00/3/0.00/0 	max 11.01 mean 4.41
100 scores: min 1.50 	0.00/0.00/3/0.00/0 	max 10.51 mean 4.20
100 scores: min 1.50 	0.00/0.00/3/0.00/0 	max 10.51 mean 4.41
100 scores: min 1.50 	0.00/0.00/3/0.00/0 	max 11.01 mean 4.17
100 scores: min 1.50 	0.00/0.00/3/0.00/0 	max 10.51 mean 4.21
100 scores: min 1.50 	0.00/0.00/3/0.00/0 	max 10.51 mean 4.06
100 scores: min 1.50 	0.00/0.00/3/0.00/0 	max 10.51 mean 3.61
100 scores: min 1.50 	0.00/0.00/3/0.00/0 	max 10.51 mean 3.77
100 scores: min 1.50 	0.00/0.00/3/0.00/0 	max 11.50 mean 4.21
100 scores: min 1.50 	0.00/0.00/3/0.00/0 	max 11.00 mean 4.08
100 scores: min 1.50 	0.00/0.00/3/0.00/0 	max 10.51 mean 3.53
100 scores: min 1.50 	0.00/0.00/3/0.00/0 	max 10.51 mean 3.94
100 scores: min 1.50 	0.00/0.00/3/0.00/0 	max 11.00 mean 3.98
100 scores: min 1.50 	0.00/0.00/3/0.00/0 	max 10.51 mean 4.09
100 scores: min 1.50 	0.00/0.00/3/0.00/0 	max 10.01 mean 3.96
100 scores: min 1.50 	0.00/0.00/3/0.00/0 	max 11.01 mean 3.81
100 scores: min 1.50 	0.00/0.00/3/0.00/0 	max 9.51 mean 4.30
100 scores: min 1.50 	0.00/0.00/3/0.00/0 	max 10.51 mean 4.35
100 scores: min 1.50 	0.00/0.00/3/0.00/0 	max 10.51 mean 4.52
100 scores: min 1.50 	0.00/0.00/3/0.00/0 	max 10.51 mean 3.65
100 scores: min 1.50 	0.00/0.00/3/0.00/0 	max 11.50 mean 4.19
100 scores: min 1.50 	0.00/0.00/3/0.00/0 	max 10.50 mean 4.08
100 scores: min 1.50 	0.00/0.00/3/0.00/0 	max 11.01 mean 3.98
100 scores: min 1.50 	0.00/0.00/3/0.00/0 	max 10.51 mean 3.88
100 scores: min 1.50 	0.00/0.00/3/0.00/0 	max 10.51 mean 4.27
100 scores: min 1.50 	0.00/0.00/3/0.00/0 	max 10.51 mean 4.02
100 scores: min 1.50 	0.00/0.00/3/0.00/0 	max 9.51 mean 4.02
100 scores: min 1.50 	0.00/0.00/3/0.00/0 	max 10.51 mean 4.25
100 scores: min 1.50 	0.00/0.00/3/0.00/0 	max 10.51 mean 3.92
100 scores: min 1.50 	0.00/0.00/3/0.00/0 	max 10.50 mean 4.39
100 scores: min 1.50 	0.00/0.00/3/0.00/0 	max 11.01 mean 3.94
100 scores: min 1.50 	0.00/0.00/3/0.00/0 	max 13.00 mean 4.11
100 scores: min 1.50 	0.00/0.00/3/0.00/0 	max 10.50 mean 4.12
100 scores: min 1.50 	0.00/0.00/3/0.00/0 	max 11.50 mean 4.41
100 scores: min 1.50 	0.00/0.00/3/0.00/0 	max 10.50 mean 4.13
100 scores: min 1.50 	0.00/0.00/3/0.00/0 	max 10.51 mean 4.21
100 scores: min 1.50 	0.00/0.00/3/0.00/0 	max 10.51 mean 4.01
100 scores: min 1.50 	0.00/0.00/3/0.00/0 	max 11.50 mean 4.22
100 scores: min 1.50 	0.00/0.00/3/0.00/0 	max 11.00 mean 4.29
100 scores: min 1.50 	0.00/0.00/3/0.00/0 	max 10.51 mean 4.27
100 scores: min 1.50 	0.00/0.00/3/0.00/0 	max 12.50 mean 3.99
100 scores: min 1.50 	0.00/0.00/3/0.00/0 	max 11.51 mean 4.22
100 scores: min 1.50 	0.00/0.00/3/0.00/0 	max 12.50 mean 4.41
100 scores: min 1.50 	0.00/0.00/3/0.00/0 	max 10.51 mean 3.95
100 scores: min 1.50 	0.00/0.00/3/0.00/0 	max 10.50 mean 4.06
100 scores: min 1.50 	0.00/0.00/3/0.00/0 	max 11.01 mean 4.05
100 scores: min 1.50 	0.00/0.00/3/0.00/0 	max 10.51 mean 3.61
100 scores: min 1.50 	0.00/0.00/3/0.00/0 	max 9.51 mean 4.00
100 scores: min 1.50 	0.00/0.00/3/0.00/0 	max 9.50 mean 3.89
100 scores: min 1.50 	0.00/0.00/3/0.00/0 	max 10.50 mean 3.81
100 scores: min 1.50 	0.00/0.00/3/0.00/0 	max 10.51 mean 4.32
100 scores: min 1.50 	0.00/0.00/3/0.00/0 	max 10.50 mean 3.99
100 scores: min 1.50 	0.00/0.00/3/0.00/0 	max 11.50 mean 4.09
100 scores: min 1.50 	0.00/0.00/3/0.00/0 	max 10.50 mean 4.23
100 scores: min 1.50 	0.00/0.00/3/0.00/0 	max 10.51 mean 3.80
100 scores: min 1.50 	0.00/0.00/3/0.00/0 	max 11.50 mean 3.96
100 scores: min 1.50 	0.00/0.00/3/0.00/0 	max 11.00 mean 3.95
100 scores: min 1.50 	0.00/0.00/3/0.00/0 	max 10.51 mean 4.12
100 scores: min 1.50 	0.00/0.00/3/0.00/0 	max 10.51 mean 3.77
100 scores: min 1.50 	0.00/0.00/3/0.00/0 	max 10.50 mean 4.17
100 scores: min 1.50 	0.00/0.00/3/0.00/0 	max 9.51 mean 4.01
100 scores: min 1.50 	0.00/0.00/3/0.00/0 	max 11.51 mean 3.93
100 scores: min 1.50 	0.00/0.00/3/0.00/0 	max 11.50 mean 3.45
100 scores: min 1.50 	0.00/0.00/3/0.00/0 	max 10.00 mean 3.90
100 scores: min 1.50 	0.00/0.00/3/0.00/0 	max 11.50 mean 3.94
100 scores: min 1.50 	0.00/0.00/3/0.00/0 	max 11.01 mean 3.94
100 scores: min 1.50 	0.00/0.00/3/0.00/0 	max 11.51 mean 3.92
100 scores: min 1.50 	0.00/0.00/3/0.00/0 	max 10.01 mean 3.91
100 scores: min 1.50 	0.00/0.00/3/0.00/0 	max 10.51 mean 3.72
100 scores: min 1.50 	0.00/0.00/3/0.00/0 	max 10.01 mean 4.38
100 scores: min 1.50 	0.00/0.00/3/0.00/0 	max 12.00 mean 4.40
100 scores: min 1.50 	0.00/0.00/3/0.00/0 	max 10.51 mean 4.39
100 scores: min 1.50 	0.00/0.00/3/0.00/0 	max 9.51 mean 3.67
100 scores: min 1.50 	0.00/0.00/3/0.00/0 	max 10.51 mean 3.99
100 scores: min 1.50 	0.00/0.00/3/0.00/0 	max 11.00 mean 4.41
100 scores: min 1.50 	0.00/0.00/3/0.00/0 	max 10.51 mean 4.09
100 scores: min 1.50 	0.00/0.00/3/0.00/0 	max 10.51 mean 4.55
100 scores: min 1.50 	0.00/0.00/3/0.00/0 	max 11.50 mean 3.83
100 scores: min 1.50 	0.00/0.00/3/0.00/0 	max 10.51 mean 3.94
100 scores: min 1.50 	0.00/0.00/3/0.00/0 	max 10.51 mean 4.01
100 scores: min 1.50 	0.00/0.00/3/0.00/0 	max 10.51 mean 4.13
100 scores: min 1.50 	0.00/0.00/3/0.00/0 	max 12.50 mean 4.07
100 scores: min 1.50 	0.00/0.00/3/0.00/0 	max 11.01 mean 4.08
100 scores: min 1.50 	0.00/0.00/3/0.00/0 	max 10.51 mean 4.28
100 scores: min 1.50 	0.00/0.00/3/0.00/0 	max 11.50 mean 4.10
100 scores: min 1.50 	0.00/0.00/3/0.00/0 	max 10.51 mean 3.95
100 scores: min 1.50 	0.00/0.00/3/0.00/0 	max 10.51 mean 3.96
100 scores: min 1.50 	0.00/0.00/3/0.00/0 	max 10.51 mean 4.30
100 scores: min 1.50 	0.00/0.00/3/0.00/0 	max 11.01 mean 3.93
100 scores: min 1.50 	0.00/0.00/3/0.00/0 	max 10.01 mean 4.26
100 scores: min 1.50 	0.00/0.00/3/0.00/0 	max 11.01 mean 3.74
100 scores: min 1.50 	0.00/0.00/3/0.00/0 	max 11.01 mean 4.37
100 scores: min 1.50 	0.00/0.00/3/0.00/0 	max 10.50 mean 4.32
100 scores: min 1.50 	0.00/0.00/3/0.00/0 	max 10.51 mean 4.30
100 scores: min 1.50 	0.00/0.00/3/0.00/0 	max 10.51 mean 3.91
100 scores: min 1.50 	0.00/0.00/3/0.00/0 	max 11.50 mean 4.30
100 scores: min 1.50 	0.00/0.00/3/0.00/0 	max 9.51 mean 3.90
100 scores: min 1.50 	0.00/0.00/3/0.00/0 	max 10.50 mean 4.03
100 scores: min 1.50 	0.00/0.00/3/0.00/0 	max 10.51 mean 4.43
100 scores: min 1.50 	0.00/0.00/3/0.00/0 	max 11.01 mean 3.89
100 scores: min 1.50 	0.00/0.00/3/0.00/0 	max 10.01 mean 3.81
100 scores: min 1.50 	0.00/0.00/3/0.00/0 	max 10.50 mean 3.87
100 scores: min 1.50 	0.00/0.00/3/0.00/0 	max 11.00 mean 4.07
100 scores: min 1.50 	0.00/0.00/3/0.00/0 	max 10.51 mean 4.14
100 scores: min 1.50 	0.00/0.00/3/0.00/0 	max 10.51 mean 3.58
100 scores: min 1.50 	0.00/0.00/3/0.00/0 	max 10.50 mean 4.56
100 scores: min 1.50 	0.00/0.00/3/0.00/0 	max 9.51 mean 4.35
100 scores: min 1.50 	0.00/0.00/3/0.00/0 	max 12.50 mean 4.39
100 scores: min 1.50 	0.00/0.00/3/0.00/0 	max 10.51 mean 3.84
100 scores: min 1.50 	0.00/0.00/3/0.00/0 	max 9.51 mean 4.03
100 scores: min 1.50 	0.00/0.00/3/0.00/0 	max 10.51 mean 4.19
100 scores: min 1.50 	0.00/0.00/3/0.00/0 	max 9.51 mean 4.11
100 scores: min 1.50 	0.00/0.00/3/0.00/0 	max 11.00 mean 4.28
100 scores: min 1.50 	0.00/0.00/3/0.00/0 	max 11.50 mean 4.66
100 scores: min 1.50 	0.00/0.00/3/0.00/0 	max 10.50 mean 4.24
100 scores: min 1.50 	0.00/0.00/3/0.00/0 	max 10.51 mean 3.69
100 scores: min 1.50 	0.00/0.00/3/0.00/0 	max 11.01 mean 4.35
100 scores: min 1.50 	0.00/0.00/3/0.00/0 	max 10.51 mean 4.04
100 scores: min 1.50 	0.00/0.00/3/0.00/0 	max 10.00 mean 4.12
100 scores: min 1.50 	0.00/0.00/3/0.00/0 	max 10.51 mean 3.95
100 scores: min 1.50 	0.00/0.00/3/0.00/0 	max 11.00 mean 3.95
100 scores: min 1.50 	0.00/0.00/3/0.00/0 	max 11.01 mean 4.10
100 scores: min 1.50 	0.00/0.00/3/0.00/0 	max 10.01 mean 4.38
100 scores: min 1.50 	0.00/0.00/3/0.00/0 	max 12.00 mean 4.17
100 scores: min 1.50 	0.00/0.00/3/0.00/0 	max 10.01 mean 3.75
100 scores: min 1.50 	0.00/0.00/3/0.00/0 	max 10.01 mean 4.25
100 scores: min 1.50 	0.00/0.00/3/0.00/0 	max 10.51 mean 4.25
100 scores: min 1.50 	0.00/0.00/3/0.00/0 	max 9.51 mean 3.67
100 scores: min 1.50 	0.00/0.00/3/0.00/0 	max 10.51 mean 4.03
100 scores: min 1.50 	0.00/0.00/3/0.00/0 	max 9.51 mean 3.86
100 scores: min 1.50 	0.00/0.00/3/0.00/0 	max 10.01 mean 4.10
100 scores: min 1.50 	0.00/0.00/3/0.00/0 	max 10.50 mean 4.22
100 scores: min 1.50 	0.00/0.00/3/0.00/0 	max 11.50 mean 3.85
100 scores: min 1.50 	0.00/0.00/3/0.00/0 	max 10.01 mean 4.15
100 scores: min 1.50 	0.00/0.00/3/0.00/0 	max 10.01 mean 3.83
100 scores: min 1.50 	0.00/0.00/3/0.00/0 	max 10.51 mean 4.29
100 scores: min 1.50 	0.00/0.00/3/0.00/0 	max 10.51 mean 3.89
100 scores: min 1.50 	0.00/0.00/3/0.00/0 	max 10.51 mean 4.26
100 scores: min 1.50 	0.00/0.00/3/0.00/0 	max 10.51 mean 4.01
100 scores: min 1.50 	0.00/0.00/3/0.00/0 	max 10.51 mean 4.11
100 scores: min 1.50 	0.00/0.00/3/0.00/0 	max 11.01 mean 3.72
100 scores: min 1.50 	0.00/0.00/3/0.00/0 	max 11.50 mean 3.79
100 scores: min 1.50 	0.00/0.00/3/0.00/0 	max 10.01 mean 4.02
100 scores: min 1.50 	0.00/0.00/3/0.00/0 	max 11.01 mean 4.19
100 scores: min 1.50 	0.00/0.00/3/0.00/0 	max 10.50 mean 4.15
100 scores: min 1.50 	0.00/0.00/3/0.00/0 	max 10.50 mean 3.95
100 scores: min 1.50 	0.00/0.00/3/0.00/0 	max 10.00 mean 3.80
100 scores: min 1.50 	0.00/0.00/3/0.00/0 	max 11.00 mean 4.16
100 scores: min 1.50 	0.00/0.00/3/0.00/0 	max 11.00 mean 4.14
100 scores: min 1.50 	0.00/0.00/3/0.00/0 	max 10.51 mean 4.31
100 scores: min 1.50 	0.00/0.00/3/0.00/0 	max 10.51 mean 4.15
100 scores: min 1.50 	0.00/0.00/3/0.00/0 	max 11.01 mean 4.11
100 scores: min 1.50 	0.00/0.00/3/0.00/0 	max 10.01 mean 4.25
100 scores: min 1.50 	0.00/0.00/3/0.00/0 	max 11.01 mean 4.36
100 scores: min 1.50 	0.00/0.00/3/0.00/0 	max 11.50 mean 4.03
100 scores: min 1.50 	0.00/0.00/3/0.00/0 	max 12.00 mean 4.36
100 scores: min 1.50 	0.00/0.00/3/0.00/0 	max 9.51 mean 3.76
100 scores: min 1.50 	0.00/0.00/3/0.00/0 	max 9.51 mean 3.76
100 scores: min 1.50 	0.00/0.00/3/0.00/0 	max 11.01 mean 3.95
100 scores: min 1.50 	0.00/0.00/3/0.00/0 	max 10.51 mean 4.19
All static routes:
	771:1:65536	744:1:65536	980:1:65536	936:1:65536	609:1:16	556:1:16	585:1:16	638:1:16	799:1:16	713:3:1	713:3:1	713:3:1	846:1:1	892:1:1	686:1:1
All dynamic routes:

Best score is 1.50
Used 0 VCs for endpoint coloring.
	Used 0 VCs.
[[32mproute[0m] 	Used 0 VCs.
[[32mproute[0m] 
StatHopsScal: 188,DynHopsScal: 0,StatHopsVec: 786432,DynHopsVec: 0
[pir] Finished 66-PlastisimPlacementCodegen to [36mfinal.place[0m in 80533.192516ms
[pir] Running 67-PlastisimDotCodegen ...[pir] Finished 67-PlastisimDotCodegen to [36mpsim.dot[0m in 222.117354ms
[pir] Running 68-PlastisimConfigCodegen ...[[33mcommand[0m] ln -f /home/yaqiz/plastisim/configs/mesh_generic.cfg /home/yaqiz/plastisim/configs/finals/DotProduct__N_1048576_ts_65536_op_1_psim_D_v2_s4/
[[33mpsim[0m] /home/yaqiz/plastisim/plastisim -f /home/yaqiz/plastisim/configs/finals/DotProduct__N_1048576_ts_65536_op_1_psim_D_v2_s4/config.psim -p /home/yaqiz/plastisim/configs/finals/DotProduct__N_1048576_ts_65536_op_1_psim_D_v2_s4/final.place -c 100000000 -l B -w 512 -q1
[[33mpsim[0m] log in /home/yaqiz/pir/out/DotProduct__N_1048576_ts_65536_op_1_psim_D_v2_s4/psim.log
Set non-priority VC slowdown to 1
Changing to config directory: /home/yaqiz/plastisim/configs/finals/DotProduct__N_1048576_ts_65536_op_1_psim_D_v2_s4
Constructing NetworkLink.
Constructing NetworkLink.
Constructing NetworkLink.
Constructing NetworkLink.
Constructing NetworkLink.
Constructing NetworkLink.
Constructing NetworkLink.
Constructing NetworkLink.
Constructing NetworkLink.
Constructing NetworkLink.
Constructing NetworkLink.
Constructing NetworkLink.
Constructing NetworkLink.
Added all names to the symbol table.
Adding static hop for route 771 (356->344, lat 3).
Adding static hop for route 744 (355->344, lat 3).
Adding static hop for route 980 (135->356, lat 3).
Adding static hop for route 936 (73->355, lat 3).
Adding static hop for route 609 (352->135, lat 3).
Adding static hop for route 556 (349->73, lat 2).
Adding static hop for route 585 (349->73, lat 2).
Adding static hop for route 638 (352->135, lat 3).
Adding static hop for route 799 (344->345, lat 1).
Adding static hop for route 713 (259->345, lat 1).
Adding static hop for route 713 (259->349, lat 2).
Adding static hop for route 713 (259->352, lat 3).
Adding static hop for route 846 (259->349, lat 2).
Adding static hop for route 892 (259->352, lat 3).
Adding static hop for route 686 (345->259, lat 1).
Printing hop routes
0	556: X, vc0
	585: X, vc1
2	713: X, vc0
	846: X, vc1
4	686: X, vc0
7	713: X, vc0
	892: X, vc1
20	713: X, vc1
	799: X, vc0
25	609: X, vc0
	638: X, vc1
33	936: X, vc0
36	744: X, vc1
	771: X, vc0
39	980: X, vc0
Parsed placement file.
Set ejection VC at addr 2 to 0
Set ejection VC at addr 7 to 0
Set ejection VC at addr 20 to 1
Link specified in placement file.
Changing link to static with placed latencies.
Set lat 2 from 0 to 0
Set lat 3 from 0 to 1
Set lat 1 from 0 to 2
Set ejection VC at addr 7 to 1
Link specified in placement file.
Changing link to static with placed latencies.
Set lat 3 from 0 to 0
Set ejection VC at addr 2 to 1
Link specified in placement file.
Changing link to static with placed latencies.
Set lat 2 from 0 to 0
Set ejection VC at addr 36 to 1
Link specified in placement file.
Changing link to static with placed latencies.
Set lat 3 from 0 to 0
Set ejection VC at addr 39 to 0
Link specified in placement file.
Changing link to static with placed latencies.
Set lat 3 from 0 to 0
Set ejection VC at addr 33 to 0
Link specified in placement file.
Changing link to static with placed latencies.
Set lat 3 from 0 to 0
Set ejection VC at addr 36 to 0
Link specified in placement file.
Changing link to static with placed latencies.
Set lat 3 from 0 to 0
Set ejection VC at addr 25 to 0
Link specified in placement file.
Changing link to static with placed latencies.
Set lat 3 from 0 to 0
Set ejection VC at addr 0 to 0
Link specified in placement file.
Changing link to static with placed latencies.
Set lat 2 from 0 to 0
Set ejection VC at addr 25 to 1
Link specified in placement file.
Changing link to static with placed latencies.
Set lat 3 from 0 to 0
Set ejection VC at addr 0 to 1
Link specified in placement file.
Changing link to static with placed latencies.
Set lat 2 from 0 to 0
Set lat 1 from 0 to 0
Set lat 1 from 0 to 0
Set ejection VC at addr 20 to 0
Link specified in placement file.
Changing link to static with placed latencies.
Set lat 1 from 0 to 0
Set ejection VC at addr 4 to 0
Link specified in placement file.
Changing link to static with placed latencies.
Set lat 1 from 0 to 0
Number of network classes: 2
Child process has pid 12298
Error setting saddr = 4
Error setting daddr = 2
Error setting daddr = 7
Error setting daddr = 20
Error setting class = 0
Error setting class = 0
Error setting class = 1
Error setting lat = 2
Error setting lat = 3
Error setting lat = 1
Error setting saddr = 4
Error setting daddr = 7
Error setting class = 1
Error setting lat = 3
Error setting saddr = 4
Error setting daddr = 2
Error setting class = 1
Error setting lat = 2
Error setting saddr = 33
Error setting daddr = 36
Error setting class = 1
Error setting lat = 3
Error setting saddr = 25
Error setting daddr = 39
Error setting class = 0
Error setting lat = 3
Error setting saddr = 0
Error setting daddr = 33
Error setting class = 0
Error setting lat = 3
Error setting saddr = 39
Error setting daddr = 36
Error setting class = 0
Error setting lat = 3
Error setting saddr = 7
Error setting daddr = 25
Error setting class = 0
Error setting lat = 3
Error setting saddr = 2
Error setting daddr = 0
Error setting class = 0
Error setting lat = 2
Error setting saddr = 7
Error setting daddr = 25
Error setting class = 1
Error setting lat = 3
Error setting saddr = 2
Error setting daddr = 0
Error setting class = 1
Error setting lat = 2
Error setting saddr = 36
Error setting daddr = 20
Error setting class = 0
Error setting lat = 1
Error setting saddr = 20
Error setting daddr = 4
Error setting class = 0
Error setting lat = 1
== Loading device model file '/home/yaqiz/plastisim/configs/DDR3_micron_64M_8B_x4_sg15.ini' == 
== Loading system model file '/home/yaqiz/plastisim/configs/system.ini' == 
===== MemorySystem 0 =====
CH. 0 TOTAL_STORAGE : 4096MB | 1 Ranks | 16 Devices per rank
===== MemorySystem 1 =====
CH. 1 TOTAL_STORAGE : 4096MB | 1 Ranks | 16 Devices per rank
===== MemorySystem 2 =====
CH. 2 TOTAL_STORAGE : 4096MB | 1 Ranks | 16 Devices per rank
===== MemorySystem 3 =====
CH. 3 TOTAL_STORAGE : 4096MB | 1 Ranks | 16 Devices per rank
Set non-priority VC slowdown to 1
Changing to config directory: /home/yaqiz/plastisim/configs/finals/DotProduct__N_1048576_ts_65536_op_1_psim_D_v2_s4
Constructing NetworkLink.
Constructing NetworkLink.
Constructing NetworkLink.
Constructing NetworkLink.
Constructing NetworkLink.
Constructing NetworkLink.
Constructing NetworkLink.
Constructing NetworkLink.
Constructing NetworkLink.
Constructing NetworkLink.
Constructing NetworkLink.
Constructing NetworkLink.
Constructing NetworkLink.
Added all names to the symbol table.
Adding static hop for route 771 (356->344, lat 3).
Adding static hop for route 744 (355->344, lat 3).
Adding static hop for route 980 (135->356, lat 3).
Adding static hop for route 936 (73->355, lat 3).
Adding static hop for route 609 (352->135, lat 3).
Adding static hop for route 556 (349->73, lat 2).
Adding static hop for route 585 (349->73, lat 2).
Adding static hop for route 638 (352->135, lat 3).
Adding static hop for route 799 (344->345, lat 1).
Adding static hop for route 713 (259->345, lat 1).
Adding static hop for route 713 (259->349, lat 2).
Adding static hop for route 713 (259->352, lat 3).
Adding static hop for route 846 (259->349, lat 2).
Adding static hop for route 892 (259->352, lat 3).
Adding static hop for route 686 (345->259, lat 1).
Printing hop routes
0	556: X, vc0
	585: X, vc1
2	713: X, vc0
	846: X, vc1
4	686: X, vc0
7	713: X, vc0
	892: X, vc1
20	713: X, vc1
	799: X, vc0
25	609: X, vc0
	638: X, vc1
33	936: X, vc0
36	744: X, vc1
	771: X, vc0
39	980: X, vc0
Parsed placement file.
Set ejection VC at addr 2 to 0
Set ejection VC at addr 7 to 0
Set ejection VC at addr 20 to 1
Link specified in placement file.
Changing link to static with placed latencies.
Set lat 2 from 0 to 0
Set lat 3 from 0 to 1
Set lat 1 from 0 to 2
Set ejection VC at addr 7 to 1
Link specified in placement file.
Changing link to static with placed latencies.
Set lat 3 from 0 to 0
Set ejection VC at addr 2 to 1
Link specified in placement file.
Changing link to static with placed latencies.
Set lat 2 from 0 to 0
Set ejection VC at addr 36 to 1
Link specified in placement file.
Changing link to static with placed latencies.
Set lat 3 from 0 to 0
Set ejection VC at addr 39 to 0
Link specified in placement file.
Changing link to static with placed latencies.
Set lat 3 from 0 to 0
Set ejection VC at addr 33 to 0
Link specified in placement file.
Changing link to static with placed latencies.
Set lat 3 from 0 to 0
Set ejection VC at addr 36 to 0
Link specified in placement file.
Changing link to static with placed latencies.
Set lat 3 from 0 to 0
Set ejection VC at addr 25 to 0
Link specified in placement file.
Changing link to static with placed latencies.
Set lat 3 from 0 to 0
Set ejection VC at addr 0 to 0
Link specified in placement file.
Changing link to static with placed latencies.
Set lat 2 from 0 to 0
Set ejection VC at addr 25 to 1
Link specified in placement file.
Changing link to static with placed latencies.
Set lat 3 from 0 to 0
Set ejection VC at addr 0 to 1
Link specified in placement file.
Changing link to static with placed latencies.
Set lat 2 from 0 to 0
Set lat 1 from 0 to 0
Set lat 1 from 0 to 0
Set ejection VC at addr 20 to 0
Link specified in placement file.
Changing link to static with placed latencies.
Set lat 1 from 0 to 0
Set ejection VC at addr 4 to 0
Link specified in placement file.
Changing link to static with placed latencies.
Set lat 1 from 0 to 0
Number of network classes: 2
I'm the child process!
GPGPU-Sim uArch: interconnect node map (shaderID+MemID to icntID)
GPGPU-Sim uArch: Memory nodes ID start from index: 256
GPGPU-Sim uArch:    0   1   2   3   4   5   6   7   8   9  10  11  12  13  14  15
GPGPU-Sim uArch:   16  17  18  19  20  21  22  23  24  25  26  27  28  29  30  31
GPGPU-Sim uArch:   32  33  34  35  36  37  38  39  40  41  42  43  44  45  46  47
GPGPU-Sim uArch:   48  49  50  51  52  53  54  55  56  57  58  59  60  61  62  63
GPGPU-Sim uArch:   64  65  66  67  68  69  70  71  72  73  74  75  76  77  78  79
GPGPU-Sim uArch:   80  81  82  83  84  85  86  87  88  89  90  91  92  93  94  95
GPGPU-Sim uArch:   96  97  98  99 100 101 102 103 104 105 106 107 108 109 110 111
GPGPU-Sim uArch:  112 113 114 115 116 117 118 119 120 121 122 123 124 125 126 127
GPGPU-Sim uArch:  128 129 130 131 132 133 134 135 136 137 138 139 140 141 142 143
GPGPU-Sim uArch:  144 145 146 147 148 149 150 151 152 153 154 155 156 157 158 159
GPGPU-Sim uArch:  160 161 162 163 164 165 166 167 168 169 170 171 172 173 174 175
GPGPU-Sim uArch:  176 177 178 179 180 181 182 183 184 185 186 187 188 189 190 191
GPGPU-Sim uArch:  192 193 194 195 196 197 198 199 200 201 202 203 204 205 206 207
GPGPU-Sim uArch:  208 209 210 211 212 213 214 215 216 217 218 219 220 221 222 223
GPGPU-Sim uArch:  224 225 226 227 228 229 230 231 232 233 234 235 236 237 238 239
GPGPU-Sim uArch:  240 241 242 243 244 245 246 247 248 249 250 251 252 253 254 255
GPGPU-Sim uArch: interconnect node reverse map (icntID to shaderID+MemID)
GPGPU-Sim uArch: Memory nodes start from ID: 256
GPGPU-Sim uArch:    0   1   2   3   4   5   6   7   8   9  10  11  12  13  14  15
GPGPU-Sim uArch:   16  17  18  19  20  21  22  23  24  25  26  27  28  29  30  31
GPGPU-Sim uArch:   32  33  34  35  36  37  38  39  40  41  42  43  44  45  46  47
GPGPU-Sim uArch:   48  49  50  51  52  53  54  55  56  57  58  59  60  61  62  63
GPGPU-Sim uArch:   64  65  66  67  68  69  70  71  72  73  74  75  76  77  78  79
GPGPU-Sim uArch:   80  81  82  83  84  85  86  87  88  89  90  91  92  93  94  95
GPGPU-Sim uArch:   96  97  98  99 100 101 102 103 104 105 106 107 108 109 110 111
GPGPU-Sim uArch:  112 113 114 115 116 117 118 119 120 121 122 123 124 125 126 127
GPGPU-Sim uArch:  128 129 130 131 132 133 134 135 136 137 138 139 140 141 142 143
GPGPU-Sim uArch:  144 145 146 147 148 149 150 151 152 153 154 155 156 157 158 159
GPGPU-Sim uArch:  160 161 162 163 164 165 166 167 168 169 170 171 172 173 174 175
GPGPU-Sim uArch:  176 177 178 179 180 181 182 183 184 185 186 187 188 189 190 191
GPGPU-Sim uArch:  192 193 194 195 196 197 198 199 200 201 202 203 204 205 206 207
GPGPU-Sim uArch:  208 209 210 211 212 213 214 215 216 217 218 219 220 221 222 223
GPGPU-Sim uArch:  224 225 226 227 228 229 230 231 232 233 234 235 236 237 238 239
GPGPU-Sim uArch:  240 241 242 243 244 245 246 247 248 249 250 251 252 253 254 255
Parsed definitions of all elements.
Total of 15 links:
  0: ArgIn358_ArgIn380_ArgIn662
    
  1: DramAddress115
    
  2: DramAddress53
    
  3: RetimingFIFO416
    
  4: RetimingFIFO483
    
  5: RetimingFIFO454
    
  6: RetimingFIFO444
    
  7: StreamOut106
    
  8: StreamOut44
    
  9: StreamOut107
    
  10: StreamOut45
    
  11: SRAM33
    
  12: SRAM34
    
  13: Reg166
    
  14: ArgOut12
    
Total of 12 nodes:
  0: CE1028
    [StreamOut45 *4096 /1] [StreamOut44 *4096 /1]  => [RetimingFIFO454] 
  1: CE1148
    [RetimingFIFO454 *1 /1]  => [SRAM33] 
  2: CE1138
    [SRAM33 *4096 /1]  => [RetimingFIFO416] 
  3: CE1042
    [StreamOut107 *4096 /1] [StreamOut106 *4096 /1]  => [RetimingFIFO483] 
  4: CE1168
    [RetimingFIFO483 *1 /1]  => [SRAM34] 
  5: CE1158
    [SRAM34 *4096 /1]  => [RetimingFIFO444] 
  6: CE1076
    [RetimingFIFO416 *1 /1] [RetimingFIFO444 *1 /1]  => [Reg166] 
  7: CE1056
     => [ArgIn358_ArgIn380_ArgIn662] [DramAddress53] [DramAddress115] 
  8: CE1066
    [ArgOut12 *1 /1]  => 
  9: CE1090
    [ArgIn358_ArgIn380_ArgIn662 *16 /1] [Reg166 *1 /1]  => [ArgOut12] 
  10: CE1106
    [ArgIn358_ArgIn380_ArgIn662 *16 /1] [DramAddress53 *16 /1]  => [StreamOut45] [StreamOut44] 
  11: CE1124
    [ArgIn358_ArgIn380_ArgIn662 *16 /1] [DramAddress115 *16 /1]  => [StreamOut107] [StreamOut106] 

DRAMSim2 Clock Frequency =800000000Hz, CPU Clock Frequency=1000000000Hz
10000...
20000...
30000...
40000...
50000...
60000...
70000...
80000...
90000...
100000...
110000...
120000...
130000...
140000...
150000...
160000...
170000...
Starting remote loop
Dumping flits:
IPC layer sent 173016 msgs recvd 173016 msgs
Simulation complete at cycle: 173016
[[32mpsim[0m] Simulation complete at cycle: 173016
CE1028: Active:  37.9 Stalled:   0.0 Starved:   2.6 Total Active:    65536 Total Output:    65536 Expected Active:    65536 Last Activity: 4447 
	   65536    65536 
	DRAM:  24.24 GB/s ( 24.24 GB/s R,   0.00 GB/s W)
	ROB remaining: 0
CE1148: Active:  37.9 Stalled:   0.0 Starved:  62.1 Total Active:    65536 Total Output:    65536 Expected Active:    65536 Last Activity: 4124 
	   65536 
CE1138: Active:  37.9 Stalled:   0.0 Starved:  62.1 Total Active:    65536 Total Output:    65536 Expected Active:    65536 Last Activity: 23 
	   65536 
CE1042: Active:  37.9 Stalled:   0.0 Starved:   3.0 Total Active:    65536 Total Output:    65536 Expected Active:    65536 Last Activity: 5251 
	   65536    65536 
	DRAM:  24.24 GB/s ( 24.24 GB/s R,   0.00 GB/s W)
	ROB remaining: 0
CE1168: Active:  37.9 Stalled:   0.0 Starved:  62.1 Total Active:    65536 Total Output:    65536 Expected Active:    65536 Last Activity: 4517 
	   65536 
CE1158: Active:  37.9 Stalled:   5.1 Starved:  57.0 Total Active:    65536 Total Output:    65536 Expected Active:    65536 Last Activity: 29 
	   65536 
CE1076: Active:  37.9 Stalled:   0.0 Starved:  62.1 Total Active:    65536 Total Output:    65536 Expected Active:    65536 Last Activity: 16 
	   65536    65536 
CE1056: Active:   0.0 Stalled:   0.0 Starved: 100.0 Total Active:        1 Total Output:        1 Expected Active:        1 Last Activity: 173015 
	
CE1066: Active:   0.0 Stalled:   0.0 Starved: 100.0 Total Active:        1 Total Output:        1 Expected Active:        1 Last Activity: 1 
	       1 
CE1090: Active:   0.0 Stalled:   0.0 Starved: 100.0 Total Active:       16 Total Output:       16 Expected Active:       16 Last Activity: 8 
	      16       16 
CE1106: Active:   0.0 Stalled:   0.0 Starved: 100.0 Total Active:       16 Total Output:       16 Expected Active:       16 Last Activity: 172996 
	      16       16 
CE1124: Active:   0.0 Stalled:   0.0 Starved: 100.0 Total Active:       16 Total Output:       16 Expected Active:       16 Last Activity: 172996 
	      16       16 
Total DRAM:	  48.48 GB/s ( 48.48 GB/s R,   0.00 GB/s W)
[[32mpsim[0m] Total DRAM:	  48.48 GB/s ( 48.48 GB/s R,   0.00 GB/s W)
Pending Read: 0	 Pending Write: 0	
Sending shutdown IPC message.
IPC layer sent 173016 msgs recvd 173016 msgs
[pir] Finished 68-PlastisimConfigCodegen to [36mconfig.psim[0m in 40676.699018ms
[pir] Running 69-PlastisimDotCodegen ...[pir] Finished 69-PlastisimDotCodegen to [36mpsim.dot[0m in 140.744535ms
[pir] Running 70-AreaPowerStat ...
[pir] pcu_total_active = 65552
[pir] pmu_total_active = 131104
[pir] dag_total_active = 0
[[33mpir[0m] python /home/yaqiz/pir/out/DotProduct__N_1048576_ts_65536_op_1_psim_D_v2_s4/area_power_model.py
[[33mpir[0m] log in /home/yaqiz/pir/out/DotProduct__N_1048576_ts_65536_op_1_psim_D_v2_s4/area_power.log
router_unit_area                127695.32 (um^2)
vswitch_unit_area                66731.77 (um^2)
sswitch_unit_area                 9221.71 (um^2)
pcu_unit_area                   849000.00 (um^2)
pmu_unit_area                   532000.00 (um^2)
total_router_area                   20.43 (mm^2)
total_vswitch_area                  10.68 (mm^2)
total_sswitch_area                   1.48 (mm^2)
total_pcu_area                      54.34 (mm^2)
total_pmu_area                      33.52 (mm^2)
total_net_area                      32.58 (mm^2)
total_area                         120.44 (mm^2)
router_flit_energy                  18.49 (pJ)
router_flit_energy_scalar            9.66 (pJ)
vswitch_flit_energy                  7.25 (pJ)
sswitch_flit_energy                388.18 (fJ)
total_router_energy                  0.00 (fJ)
total_vswitch_energy                 5.70 (uJ)
total_sswitch_energy                72.98 (pJ)
total_net_energy                     5.70 (uJ)
pcu_unit_energy                    224.00 (pJ)
pmu_unit_energy                    300.31 (pJ)
dag_unit_energy                     31.41 (pJ)
total_pcu_energy                    14.68 (uJ)
total_pmu_energy                    39.37 (uJ)
total_dag_energy                     0.00 (fJ)
total_energy                        59.76 (uJ)
total_router_power                   0.00 (pW)
total_vswitch_power                 32.97 (mW)
total_sswitch_power                421.80 (nW)
total_net_power                     32.97 (mW)
total_pcu_power                     84.87 (mW)
total_pmu_power                    227.56 (mW)
total_dag_power                      0.00 (pW)
total_power                        345.40 (mW)
[pir] Finished 70-AreaPowerStat to [36marea_power_model.py[0m in 1600.747798ms
[pir] Saving node prism.Session@57ad423 to /home/yaqiz/pir/out/DotProduct__N_1048576_ts_65536_op_1_psim_D_v2_s4/DotProduct__N_1048576_ts_65536_op_1.sess
[0m[[32msuccess[0m] [0mTotal time: 164 s, completed Aug 17, 2018 4:46:48 PM[0m
-------------PASS (DONE)------------
