Java HotSpot(TM) 64-Bit Server VM warning: ignoring option MaxPermSize=1g; support was removed in 8.0
Picked up _JAVA_OPTIONS: -Xss8192k
[0m[[0minfo[0m] [0mLoading global plugins from /home/yaqiz/.sbt/0.13/plugins[0m
[0m[[0minfo[0m] [0mLoading project definition from /home/yaqiz/pir/project[0m
[0m[[0minfo[0m] [0mSet current project to default-675fdc (in build file:/home/yaqiz/pir/)[0m
[0m[[0minfo[0m] [0mSet current project to apps (in build file:/home/yaqiz/pir/)[0m
[0m[[0minfo[0m] [0mRunning DotProduct__N_1048576_ts_65536_op_1 --out=/home/yaqiz/pir/out/DotProduct__N_1048576_ts_65536_op_1_psim_D_v0_s4 --psim-out=/home/yaqiz/plastisim/configs/finals/DotProduct__N_1048576_ts_65536_op_1_psim_D_v0_s4 --debug=false --verbose=true --dot=false --load-pir=true --save-pir=true --psim=true --trace=true --ctrl=true --bp=false --stat=true --routing-algo=proute --proute-iter=1000 --run-psim=true --arch=MyDesign --row=16 --col=8 --topo=mesh --argin=64 --tokenout=32 --pcu-stage=6 --vc=4 --net=dynamic --vlink=0 --slink=4 --fifo-depth=4 --vfifo=4 --proute-algo=route_min_directed_valient --link-prop=db --flit-width=512 --proute-seed=2[0m
[pir] args=[--load-pir=true, --run-psim=false, --trace=false, --net=static, --stat=false, --vlink=2, --slink=4, --vfifo=4, --row=16, --col=8, --topo=mesh, --routing-algo=proute, --psim-timeout=100000000, --mapping=true, --splitting=true, --save-pir=true, --load-spade=false, --save-spade=false, --splitting-algo=alias_weighted_igraph, --ctrl=true, --bp=false, --snapint=10, --snapshot=false, --dot=true, --psim=true, --arch=MyDesign, --nn=false, --dag=true, --pattern=checkerboard, --argin=20, --argout=4, --tokenout=5, --fifo-depth=10, --vc=10, --routing-cost=H-hop, --out=/home/yaqiz/pir/out/DotProduct__N_1048576_ts_65536_op_1_psim_D_v0_s4, --psim-out=/home/yaqiz/plastisim/configs/finals/DotProduct__N_1048576_ts_65536_op_1_psim_D_v0_s4, --debug=false, --verbose=true, --dot=false, --load-pir=true, --save-pir=true, --psim=true, --trace=true, --ctrl=true, --bp=false, --stat=true, --routing-algo=proute, --proute-iter=1000, --run-psim=true, --arch=MyDesign, --row=16, --col=8, --topo=mesh, --argin=64, --tokenout=32, --pcu-stage=6, --vc=4, --net=dynamic, --vlink=0, --slink=4, --fifo-depth=4, --vfifo=4, --proute-algo=route_min_directed_valient, --link-prop=db, --flit-width=512, --proute-seed=2]
[pir] Output directory set to [36m/home/yaqiz/pir/out/DotProduct__N_1048576_ts_65536_op_1_psim_D_v0_s4[0m
[pir] Loading from /home/yaqiz/pir/out/DotProduct__N_1048576_ts_65536_op_1_psim_D_v0_s4/DotProduct__N_1048576_ts_65536_op_1.pir[pir] Loading PIRDesign() from /home/yaqiz/pir/out/DotProduct__N_1048576_ts_65536_op_1_psim_D_v0_s4/DotProduct__N_1048576_ts_65536_op_1.pir
[pir] Configuring spade MyDesign ...
[pir] Loading from /home/yaqiz/pir/out/DotProduct__N_1048576_ts_65536_op_1_psim_D_v0_s4/DotProduct__N_1048576_ts_65536_op_1.sess[pir] Loading prism.Session@4cde20f1 from /home/yaqiz/pir/out/DotProduct__N_1048576_ts_65536_op_1_psim_D_v0_s4/DotProduct__N_1048576_ts_65536_op_1.sess
[pir] Saving node PIRDesign() to /home/yaqiz/pir/out/DotProduct__N_1048576_ts_65536_op_1_psim_D_v0_s4/DotProduct__N_1048576_ts_65536_op_1.pir
[pir] Running 53-PlastisimDotCodegen ...[pir] Finished 53-PlastisimDotCodegen to [36mpsim.dot[0m in 460.786018ms
[pir] Running 54-ControllerDotCodegen ...[pir] Finished 54-ControllerDotCodegen to [36mcontroller.dot[0m in 55.837829ms
[pir] Running 55-PIRIRDotCodegen ...[pir] Finished 55-PIRIRDotCodegen to [36mtop.dot[0m in 144.017813ms
[pir] Running 56-SimpleIRDotCodegen ...[pir] Finished 56-SimpleIRDotCodegen to [36msimple.dot[0m in 37.345041ms
[pir] Running 58-CUPruning ...[pir] Finished 58-CUPruning in 1193.117335ms
[pir] Running 59-CUPlacer ...[[32msuccess[0m] CUPlacer succeeded
[pir] Finished 59-CUPlacer in 21506.012431ms
[pir] Running 60-CUStatistics ...[pir] =========== Post-splitting CU Statistics ==================
[pir] number of cus=9
[pir] number of pcu = 1
[pir] - cin (0.00,0.00,0.00) sin (0.00,0.00,0.00) vin (2.00,2.00,2.00)
[pir] - cout (0.00,0.00,0.00) sout (1.00,1.00,1.00) vout (0.00,0.00,0.00)
[pir] - stages (6.00,6.00,6.00)
[pir] number of dag = 2
[pir] - cin (0.00,0.00,0.00) sin (2.00,2.00,2.00) vin (0.00,0.00,0.00)
[pir] - cout (0.00,0.00,0.00) sout (2.00,2.00,2.00) vout (0.00,0.00,0.00)
[pir] - stages (2.00,2.00,2.00)
[pir] number of pmu = 2
[pir] - cin (0.00,0.00,0.00) sin (0.00,0.00,0.00) vin (1.00,1.00,1.00)
[pir] - cout (0.00,0.00,0.00) sout (0.00,0.00,0.00) vout (1.00,1.00,1.00)
[pir] - stages (0.00,0.00,0.00)
[pir] number of dfg = 2
[pir] - cin (0.00,0.00,0.00) sin (2.00,2.00,2.00) vin (0.00,0.00,0.00)
[pir] - cout (0.00,0.00,0.00) sout (0.00,0.00,0.00) vout (1.00,1.00,1.00)
[pir] - stages (0.00,0.00,0.00)
[pir] number of scu = 1
[pir] - cin (0.00,0.00,0.00) sin (2.00,2.00,2.00) vin (0.00,0.00,0.00)
[pir] - cout (0.00,0.00,0.00) sout (1.00,1.00,1.00) vout (0.00,0.00,0.00)
[pir] - stages (1.00,1.00,1.00)
[pir] number of afg = 1
[pir] - cin (0.00,0.00,0.00) sin (1.00,1.00,1.00) vin (0.00,0.00,0.00)
[pir] - cout (0.00,0.00,0.00) sout (3.00,3.00,3.00) vout (0.00,0.00,0.00)
[pir] - stages (0.00,0.00,0.00)
[pir] compute CU = 2
[pir] memory CU = 2
[pir] mc CU = 2
[pir] Total = 4
[pir] PCU = 2 / 64 (3.13%)
[pir] PMU-comp = 1 / 63 (1.59%)
[pir] PMU-mem = 2 / 63 (3.17%)
[pir] AG-ag = 0 / 32 (0.00%)
[pir] AG-comp = 0 / 32 (0.00%)
[pir] MC = 2 / 32 (6.25%)
[pir] Finished 60-CUStatistics to [36mstat.json[0m in 955.064048ms
[pir] Running 61-PIRNetworkDotCodegen ...[pir] Finished 61-PIRNetworkDotCodegen to [36mcontrol.dot[0m in 826.963288ms
[pir] Running 62-PIRNetworkDotCodegen ...[pir] Finished 62-PIRNetworkDotCodegen to [36mscalar.dot[0m in 474.540729ms
[pir] Running 63-PIRNetworkDotCodegen ...[pir] Finished 63-PIRNetworkDotCodegen to [36mvector.dot[0m in 568.065255ms
[pir] Running 64-TerminalCSVCodegen ...[pir] Finished 64-TerminalCSVCodegen to [36mnode.csv[0m in 5.999155ms
[pir] Running 65-LinkCSVCodegen ...[pir] Finished 65-LinkCSVCodegen to [36mlink.csv[0m in 88.100153ms
[pir] Running 66-PlastisimPlacementCodegen ...[[33mproute[0m] /home/yaqiz/plastiroute/plastiroute -n /home/yaqiz/plastisim/configs/finals/DotProduct__N_1048576_ts_65536_op_1_psim_D_v0_s4/node.csv -l /home/yaqiz/plastisim/configs/finals/DotProduct__N_1048576_ts_65536_op_1_psim_D_v0_s4/link.csv -o /home/yaqiz/plastisim/configs/finals/DotProduct__N_1048576_ts_65536_op_1_psim_D_v0_s4/final.place -r 16 -c 8 -g /home/yaqiz/plastisim/configs/finals/DotProduct__N_1048576_ts_65536_op_1_psim_D_v0_s4/proute.dot -v /home/yaqiz/plastisim/configs/finals/DotProduct__N_1048576_ts_65536_op_1_psim_D_v0_s4/summary.csv -x0 -e 4 -a route_min_directed_valient  -q1  -s2  -i1000 -p100 -t1 -d100
[[33mproute[0m] log in /home/yaqiz/pir/out/DotProduct__N_1048576_ts_65536_op_1_psim_D_v0_s4/proute.log
Max static: 0vec 4scal
100 scores: min 753.75 	1.00/2.00/5/1.25/1 	max 1768.50 mean 899.59
100 scores: min 753.25 	1.00/2.00/4/1.25/1 	max 1756.25 mean 784.62
100 scores: min 753.25 	1.00/2.00/4/1.25/1 	max 1754.75 mean 794.41
100 scores: min 753.25 	1.00/2.00/4/1.25/1 	max 1762.75 mean 828.43
100 scores: min 753.25 	1.00/2.00/4/1.25/1 	max 1756.75 mean 805.13
100 scores: min 753.25 	1.00/2.00/4/1.25/1 	max 1762.75 mean 776.41
100 scores: min 753.25 	1.00/2.00/4/1.25/1 	max 1760.25 mean 776.30
100 scores: min 753.25 	1.00/2.00/4/1.25/1 	max 1771.00 mean 766.71
100 scores: min 753.25 	1.00/2.00/4/1.25/1 	max 1755.25 mean 766.24
100 scores: min 753.25 	1.00/2.00/4/1.25/1 	max 1756.25 mean 766.35
100 scores: min 753.25 	1.00/2.00/4/1.25/1 	max 1767.25 mean 777.69
100 scores: min 753.25 	1.00/2.00/4/1.25/1 	max 1521.75 mean 765.57
100 scores: min 753.25 	1.00/2.00/4/1.25/1 	max 1763.50 mean 773.26
100 scores: min 753.25 	1.00/2.00/4/1.25/1 	max 1771.00 mean 816.92
100 scores: min 752.75 	1.00/2.00/3/1.25/1 	max 1757.75 mean 787.27
100 scores: min 752.75 	1.00/2.00/3/1.25/1 	max 1766.75 mean 796.17
100 scores: min 752.75 	1.00/2.00/3/1.25/1 	max 1767.00 mean 835.79
100 scores: min 752.75 	1.00/2.00/3/1.25/1 	max 1504.75 mean 762.56
100 scores: min 752.75 	1.00/2.00/3/1.25/1 	max 1756.75 mean 782.95
100 scores: min 752.75 	1.00/2.00/3/1.25/1 	max 1760.75 mean 806.05
100 scores: min 752.75 	1.00/2.00/3/1.25/1 	max 1762.25 mean 786.48
100 scores: min 752.50 	1.00/2.00/3/1.00/1 	max 1763.00 mean 796.20
100 scores: min 752.50 	1.00/2.00/3/1.00/1 	max 1772.25 mean 806.98
100 scores: min 752.50 	1.00/2.00/3/1.00/1 	max 1765.75 mean 816.07
100 scores: min 752.50 	1.00/2.00/3/1.00/1 	max 1768.50 mean 780.73
100 scores: min 752.50 	1.00/2.00/3/1.00/1 	max 1755.25 mean 783.91
100 scores: min 752.50 	1.00/2.00/3/1.00/1 	max 1769.00 mean 765.42
100 scores: min 752.50 	1.00/2.00/3/1.00/1 	max 1762.00 mean 765.86
100 scores: min 752.50 	1.00/2.00/3/1.00/1 	max 1755.75 mean 775.80
100 scores: min 752.50 	1.00/2.00/3/1.00/1 	max 1773.00 mean 815.85
100 scores: min 752.50 	1.00/2.00/3/1.00/1 	max 1769.00 mean 811.54
100 scores: min 752.50 	1.00/2.00/3/1.00/1 	max 1770.25 mean 806.85
100 scores: min 752.50 	1.00/2.00/3/1.00/1 	max 1755.75 mean 766.08
100 scores: min 752.50 	1.00/2.00/3/1.00/1 	max 1768.50 mean 773.49
100 scores: min 752.50 	1.00/2.00/3/1.00/1 	max 1755.00 mean 765.43
100 scores: min 752.50 	1.00/2.00/3/1.00/1 	max 1769.00 mean 796.64
100 scores: min 752.50 	1.00/2.00/3/1.00/1 	max 772.00 mean 756.42
100 scores: min 752.50 	1.00/2.00/3/1.00/1 	max 1763.00 mean 803.54
100 scores: min 752.50 	1.00/2.00/3/1.00/1 	max 1773.00 mean 775.83
100 scores: min 752.50 	1.00/2.00/3/1.00/1 	max 1756.25 mean 786.21
100 scores: min 752.50 	1.00/2.00/3/1.00/1 	max 1753.50 mean 766.33
100 scores: min 752.50 	1.00/2.00/3/1.00/1 	max 1756.00 mean 791.35
100 scores: min 752.50 	1.00/2.00/3/1.00/1 	max 1765.75 mean 795.94
100 scores: min 752.50 	1.00/2.00/3/1.00/1 	max 2263.50 mean 801.91
100 scores: min 752.50 	1.00/2.00/3/1.00/1 	max 1766.25 mean 803.06
100 scores: min 752.50 	1.00/2.00/3/1.00/1 	max 1763.50 mean 783.15
100 scores: min 752.50 	1.00/2.00/3/1.00/1 	max 1756.25 mean 785.79
100 scores: min 752.50 	1.00/2.00/3/1.00/1 	max 1755.00 mean 794.95
100 scores: min 752.50 	1.00/2.00/3/1.00/1 	max 1754.50 mean 773.20
100 scores: min 752.50 	1.00/2.00/3/1.00/1 	max 1765.75 mean 805.33
100 scores: min 752.50 	1.00/2.00/3/1.00/1 	max 1775.49 mean 765.92
100 scores: min 752.50 	1.00/2.00/3/1.00/1 	max 1761.75 mean 795.93
100 scores: min 752.50 	1.00/2.00/3/1.00/1 	max 1755.50 mean 782.93
100 scores: min 752.50 	1.00/2.00/3/1.00/1 	max 1767.00 mean 790.29
100 scores: min 752.50 	1.00/2.00/3/1.00/1 	max 1756.25 mean 795.95
100 scores: min 752.50 	1.00/2.00/3/1.00/1 	max 1755.25 mean 795.69
100 scores: min 752.50 	1.00/2.00/3/1.00/1 	max 1765.25 mean 785.17
100 scores: min 752.50 	1.00/2.00/3/1.00/1 	max 1754.00 mean 774.23
100 scores: min 752.50 	1.00/2.00/3/1.00/1 	max 1772.00 mean 772.82
100 scores: min 752.50 	1.00/2.00/3/1.00/1 	max 1768.75 mean 813.61
100 scores: min 752.50 	1.00/2.00/3/1.00/1 	max 1760.25 mean 795.20
100 scores: min 752.50 	1.00/2.00/3/1.00/1 	max 1755.25 mean 764.62
100 scores: min 752.50 	1.00/2.00/3/1.00/1 	max 1770.00 mean 785.62
100 scores: min 752.50 	1.00/2.00/3/1.00/1 	max 1756.75 mean 782.92
100 scores: min 752.50 	1.00/2.00/3/1.00/1 	max 1755.75 mean 785.69
100 scores: min 752.50 	1.00/2.00/3/1.00/1 	max 1503.50 mean 762.93
100 scores: min 752.50 	1.00/2.00/3/1.00/1 	max 1764.25 mean 773.64
100 scores: min 752.50 	1.00/2.00/3/1.00/1 	max 771.25 mean 755.47
100 scores: min 752.50 	1.00/2.00/3/1.00/1 	max 1765.00 mean 791.25
100 scores: min 752.50 	1.00/2.00/3/1.00/1 	max 771.25 mean 756.52
100 scores: min 752.50 	1.00/2.00/3/1.00/1 	max 1756.00 mean 795.46
100 scores: min 752.50 	1.00/2.00/3/1.00/1 	max 1766.00 mean 776.01
100 scores: min 752.50 	1.00/2.00/3/1.00/1 	max 1755.75 mean 783.93
100 scores: min 752.50 	1.00/2.00/3/1.00/1 	max 1763.50 mean 786.68
100 scores: min 752.50 	1.00/2.00/3/1.00/1 	max 1767.00 mean 802.90
100 scores: min 752.50 	1.00/2.00/3/1.00/1 	max 1768.75 mean 793.61
100 scores: min 752.50 	1.00/2.00/3/1.00/1 	max 1755.25 mean 775.11
100 scores: min 752.50 	1.00/2.00/3/1.00/1 	max 1754.25 mean 791.46
100 scores: min 752.50 	1.00/2.00/3/1.00/1 	max 1766.75 mean 785.28
100 scores: min 752.50 	1.00/2.00/3/1.00/1 	max 1753.50 mean 765.63
100 scores: min 752.50 	1.00/2.00/3/1.00/1 	max 1768.75 mean 775.74
100 scores: min 752.50 	1.00/2.00/3/1.00/1 	max 1754.75 mean 772.77
100 scores: min 752.50 	1.00/2.00/3/1.00/1 	max 1772.50 mean 807.01
100 scores: min 752.50 	1.00/2.00/3/1.00/1 	max 1769.50 mean 800.92
100 scores: min 752.50 	1.00/2.00/3/1.00/1 	max 1755.25 mean 793.42
100 scores: min 752.50 	1.00/2.00/3/1.00/1 	max 1767.00 mean 784.76
100 scores: min 752.50 	1.00/2.00/3/1.00/1 	max 1768.00 mean 806.04
100 scores: min 752.50 	1.00/2.00/3/1.00/1 	max 1754.25 mean 765.42
100 scores: min 752.50 	1.00/2.00/3/1.00/1 	max 1765.75 mean 783.00
100 scores: min 752.50 	1.00/2.00/3/1.00/1 	max 1771.50 mean 794.94
100 scores: min 752.50 	1.00/2.00/3/1.00/1 	max 1755.75 mean 785.29
100 scores: min 752.50 	1.00/2.00/3/1.00/1 	max 774.00 mean 755.75
100 scores: min 752.50 	1.00/2.00/3/1.00/1 	max 1768.00 mean 785.41
100 scores: min 752.50 	1.00/2.00/3/1.00/1 	max 1772.25 mean 795.27
100 scores: min 752.50 	1.00/2.00/3/1.00/1 	max 1754.75 mean 783.40
100 scores: min 752.50 	1.00/2.00/3/1.00/1 	max 1754.00 mean 765.96
100 scores: min 752.50 	1.00/2.00/3/1.00/1 	max 1766.50 mean 806.43
100 scores: min 752.50 	1.00/2.00/3/1.00/1 	max 1764.25 mean 781.28
100 scores: min 752.50 	1.00/2.00/3/1.00/1 	max 1768.00 mean 786.83
100 scores: min 752.50 	1.00/2.00/3/1.00/1 	max 768.50 mean 755.59
100 scores: min 752.50 	1.00/2.00/3/1.00/1 	max 1763.75 mean 774.97
100 scores: min 752.50 	1.00/2.00/3/1.00/1 	max 1762.50 mean 772.14
100 scores: min 752.50 	1.00/2.00/3/1.00/1 	max 1767.00 mean 796.27
100 scores: min 752.50 	1.00/2.00/3/1.00/1 	max 1767.75 mean 765.55
100 scores: min 752.50 	1.00/2.00/3/1.00/1 	max 1773.99 mean 803.19
100 scores: min 752.50 	1.00/2.00/3/1.00/1 	max 1754.00 mean 765.20
100 scores: min 752.50 	1.00/2.00/3/1.00/1 	max 770.50 mean 755.75
100 scores: min 752.50 	1.00/2.00/3/1.00/1 	max 1771.75 mean 810.29
100 scores: min 752.50 	1.00/2.00/3/1.00/1 	max 1772.75 mean 784.07
100 scores: min 752.50 	1.00/2.00/3/1.00/1 	max 1775.00 mean 793.26
100 scores: min 752.50 	1.00/2.00/3/1.00/1 	max 1755.50 mean 776.03
100 scores: min 752.50 	1.00/2.00/3/1.00/1 	max 1755.25 mean 800.37
100 scores: min 752.50 	1.00/2.00/3/1.00/1 	max 1755.25 mean 765.72
100 scores: min 752.50 	1.00/2.00/3/1.00/1 	max 1766.00 mean 775.65
100 scores: min 752.50 	1.00/2.00/3/1.00/1 	max 1756.25 mean 776.75
100 scores: min 752.50 	1.00/2.00/3/1.00/1 	max 772.50 mean 755.75
100 scores: min 752.50 	1.00/2.00/3/1.00/1 	max 1756.25 mean 776.13
100 scores: min 752.50 	1.00/2.00/3/1.00/1 	max 1756.75 mean 783.36
100 scores: min 752.50 	1.00/2.00/3/1.00/1 	max 1754.00 mean 782.93
100 scores: min 752.50 	1.00/2.00/3/1.00/1 	max 1766.75 mean 776.32
100 scores: min 752.50 	1.00/2.00/3/1.00/1 	max 1773.00 mean 806.19
100 scores: min 752.50 	1.00/2.00/3/1.00/1 	max 1755.00 mean 774.14
100 scores: min 752.50 	1.00/2.00/3/1.00/1 	max 1755.50 mean 785.79
100 scores: min 752.50 	1.00/2.00/3/1.00/1 	max 1755.75 mean 775.73
100 scores: min 752.50 	1.00/2.00/3/1.00/1 	max 1762.00 mean 766.38
100 scores: min 752.50 	1.00/2.00/3/1.00/1 	max 1772.50 mean 785.55
100 scores: min 752.50 	1.00/2.00/3/1.00/1 	max 1771.25 mean 765.67
100 scores: min 752.50 	1.00/2.00/3/1.00/1 	max 1767.25 mean 775.95
100 scores: min 752.50 	1.00/2.00/3/1.00/1 	max 1765.75 mean 776.38
100 scores: min 752.50 	1.00/2.00/3/1.00/1 	max 1767.25 mean 781.09
100 scores: min 752.50 	1.00/2.00/3/1.00/1 	max 1759.75 mean 766.19
100 scores: min 752.50 	1.00/2.00/3/1.00/1 	max 1767.00 mean 766.63
100 scores: min 752.50 	1.00/2.00/3/1.00/1 	max 1768.00 mean 775.84
100 scores: min 752.50 	1.00/2.00/3/1.00/1 	max 1769.50 mean 785.66
100 scores: min 752.50 	1.00/2.00/3/1.00/1 	max 1768.25 mean 793.88
100 scores: min 752.50 	1.00/2.00/3/1.00/1 	max 1757.00 mean 785.26
100 scores: min 752.50 	1.00/2.00/3/1.00/1 	max 1766.75 mean 795.14
100 scores: min 752.50 	1.00/2.00/3/1.00/1 	max 1763.75 mean 785.70
100 scores: min 752.50 	1.00/2.00/3/1.00/1 	max 1507.25 mean 777.73
100 scores: min 752.50 	1.00/2.00/3/1.00/1 	max 1755.75 mean 766.05
100 scores: min 752.50 	1.00/2.00/3/1.00/1 	max 1756.75 mean 792.63
100 scores: min 752.50 	1.00/2.00/3/1.00/1 	max 1770.25 mean 785.99
100 scores: min 752.50 	1.00/2.00/3/1.00/1 	max 1756.25 mean 790.73
100 scores: min 752.50 	1.00/2.00/3/1.00/1 	max 1769.25 mean 796.04
100 scores: min 752.50 	1.00/2.00/3/1.00/1 	max 1768.25 mean 765.27
100 scores: min 752.50 	1.00/2.00/3/1.00/1 	max 1755.25 mean 775.11
100 scores: min 752.50 	1.00/2.00/3/1.00/1 	max 1766.00 mean 783.38
100 scores: min 752.50 	1.00/2.00/3/1.00/1 	max 1759.75 mean 775.59
100 scores: min 752.50 	1.00/2.00/3/1.00/1 	max 1754.00 mean 782.81
100 scores: min 752.50 	1.00/2.00/3/1.00/1 	max 1766.00 mean 786.36
100 scores: min 752.50 	1.00/2.00/3/1.00/1 	max 1771.75 mean 805.41
100 scores: min 752.50 	1.00/2.00/3/1.00/1 	max 1755.75 mean 775.26
100 scores: min 752.50 	1.00/2.00/3/1.00/1 	max 1769.25 mean 780.00
100 scores: min 752.50 	1.00/2.00/3/1.00/1 	max 1768.00 mean 786.13
100 scores: min 752.50 	1.00/2.00/3/1.00/1 	max 1756.25 mean 775.19
100 scores: min 752.50 	1.00/2.00/3/1.00/1 	max 1768.00 mean 816.34
100 scores: min 752.50 	1.00/2.00/3/1.00/1 	max 1753.50 mean 764.63
100 scores: min 752.50 	1.00/2.00/3/1.00/1 	max 1755.00 mean 775.51
100 scores: min 752.50 	1.00/2.00/3/1.00/1 	max 1756.75 mean 800.68
100 scores: min 752.50 	1.00/2.00/3/1.00/1 	max 1761.25 mean 784.94
100 scores: min 752.50 	1.00/2.00/3/1.00/1 	max 1504.25 mean 762.68
100 scores: min 752.50 	1.00/2.00/3/1.00/1 	max 771.00 mean 756.20
100 scores: min 752.50 	1.00/2.00/3/1.00/1 	max 1766.50 mean 793.27
100 scores: min 752.50 	1.00/2.00/3/1.00/1 	max 1766.75 mean 793.64
100 scores: min 752.50 	1.00/2.00/3/1.00/1 	max 1754.75 mean 787.77
100 scores: min 752.50 	1.00/2.00/3/1.00/1 	max 1770.50 mean 786.85
100 scores: min 752.50 	1.00/2.00/3/1.00/1 	max 1767.00 mean 775.09
100 scores: min 752.50 	1.00/2.00/3/1.00/1 	max 773.00 mean 755.97
100 scores: min 752.50 	1.00/2.00/3/1.00/1 	max 1767.00 mean 775.92
100 scores: min 752.50 	1.00/2.00/3/1.00/1 	max 1756.25 mean 806.30
100 scores: min 752.50 	1.00/2.00/3/1.00/1 	max 1769.75 mean 765.00
100 scores: min 752.50 	1.00/2.00/3/1.00/1 	max 1765.50 mean 793.42
100 scores: min 752.50 	1.00/2.00/3/1.00/1 	max 1769.00 mean 775.64
100 scores: min 752.50 	1.00/2.00/3/1.00/1 	max 1755.75 mean 793.55
100 scores: min 752.50 	1.00/2.00/3/1.00/1 	max 1755.25 mean 765.85
100 scores: min 752.50 	1.00/2.00/3/1.00/1 	max 1766.75 mean 776.00
100 scores: min 752.50 	1.00/2.00/3/1.00/1 	max 1754.00 mean 782.98
100 scores: min 752.50 	1.00/2.00/3/1.00/1 	max 1763.25 mean 782.92
100 scores: min 752.50 	1.00/2.00/3/1.00/1 	max 1755.25 mean 772.86
100 scores: min 752.50 	1.00/2.00/3/1.00/1 	max 1766.50 mean 775.26
100 scores: min 752.50 	1.00/2.00/3/1.00/1 	max 1765.50 mean 785.38
100 scores: min 752.50 	1.00/2.00/3/1.00/1 	max 1755.75 mean 765.62
100 scores: min 752.50 	1.00/2.00/3/1.00/1 	max 1767.25 mean 803.14
100 scores: min 752.50 	1.00/2.00/3/1.00/1 	max 1759.75 mean 776.83
100 scores: min 752.50 	1.00/2.00/3/1.00/1 	max 1755.50 mean 772.66
100 scores: min 752.50 	1.00/2.00/3/1.00/1 	max 1769.50 mean 765.61
100 scores: min 752.50 	1.00/2.00/3/1.00/1 	max 1771.00 mean 777.16
100 scores: min 752.50 	1.00/2.00/3/1.00/1 	max 1755.50 mean 795.68
100 scores: min 752.50 	1.00/2.00/3/1.00/1 	max 1769.75 mean 816.08
100 scores: min 752.50 	1.00/2.00/3/1.00/1 	max 1755.75 mean 775.68
100 scores: min 752.50 	1.00/2.00/3/1.00/1 	max 1766.00 mean 783.31
100 scores: min 752.50 	1.00/2.00/3/1.00/1 	max 1755.50 mean 783.00
100 scores: min 752.50 	1.00/2.00/3/1.00/1 	max 1764.75 mean 802.85
100 scores: min 752.50 	1.00/2.00/3/1.00/1 	max 1773.00 mean 815.83
100 scores: min 752.50 	1.00/2.00/3/1.00/1 	max 1767.25 mean 765.00
100 scores: min 752.50 	1.00/2.00/3/1.00/1 	max 1771.25 mean 765.12
100 scores: min 752.50 	1.00/2.00/3/1.00/1 	max 1769.75 mean 785.80
100 scores: min 752.50 	1.00/2.00/3/1.00/1 	max 1756.25 mean 765.68
100 scores: min 752.50 	1.00/2.00/3/1.00/1 	max 1754.75 mean 766.03
100 scores: min 752.50 	1.00/2.00/3/1.00/1 	max 1767.00 mean 781.85
100 scores: min 752.50 	1.00/2.00/3/1.00/1 	max 1763.50 mean 793.45
100 scores: min 752.50 	1.00/2.00/3/1.00/1 	max 1761.25 mean 786.29
100 scores: min 752.50 	1.00/2.00/3/1.00/1 	max 1766.50 mean 795.57
100 scores: min 752.50 	1.00/2.00/3/1.00/1 	max 2270.25 mean 818.42
100 scores: min 752.50 	1.00/2.00/3/1.00/1 	max 1763.00 mean 795.81
100 scores: min 752.50 	1.00/2.00/3/1.00/1 	max 1768.00 mean 796.10
100 scores: min 752.50 	1.00/2.00/3/1.00/1 	max 774.00 mean 756.37
100 scores: min 752.50 	1.00/2.00/3/1.00/1 	max 1756.25 mean 775.51
100 scores: min 752.50 	1.00/2.00/3/1.00/1 	max 1767.75 mean 782.61
100 scores: min 752.50 	1.00/2.00/3/1.00/1 	max 1766.75 mean 775.24
100 scores: min 752.50 	1.00/2.00/3/1.00/1 	max 1755.50 mean 766.26
100 scores: min 752.50 	1.00/2.00/3/1.00/1 	max 1754.50 mean 766.41
100 scores: min 752.50 	1.00/2.00/3/1.00/1 	max 1768.00 mean 775.27
100 scores: min 752.50 	1.00/2.00/3/1.00/1 	max 775.25 mean 755.46
100 scores: min 752.50 	1.00/2.00/3/1.00/1 	max 1764.75 mean 766.00
100 scores: min 752.50 	1.00/2.00/3/1.00/1 	max 1756.25 mean 785.75
100 scores: min 752.50 	1.00/2.00/3/1.00/1 	max 1754.75 mean 783.42
100 scores: min 752.50 	1.00/2.00/3/1.00/1 	max 1755.25 mean 793.01
100 scores: min 752.50 	1.00/2.00/3/1.00/1 	max 1517.00 mean 763.95
100 scores: min 752.50 	1.00/2.00/3/1.00/1 	max 1755.00 mean 765.69
100 scores: min 752.50 	1.00/2.00/3/1.00/1 	max 1768.00 mean 775.74
100 scores: min 752.50 	1.00/2.00/3/1.00/1 	max 1753.50 mean 764.47
100 scores: min 752.50 	1.00/2.00/3/1.00/1 	max 1768.50 mean 786.82
100 scores: min 752.50 	1.00/2.00/3/1.00/1 	max 1755.00 mean 765.50
100 scores: min 752.50 	1.00/2.00/3/1.00/1 	max 1766.00 mean 766.14
100 scores: min 752.50 	1.00/2.00/3/1.00/1 	max 1507.00 mean 770.35
100 scores: min 752.50 	1.00/2.00/3/1.00/1 	max 1765.50 mean 795.18
100 scores: min 752.50 	1.00/2.00/3/1.00/1 	max 1773.50 mean 785.56
100 scores: min 752.50 	1.00/2.00/3/1.00/1 	max 1767.75 mean 775.91
100 scores: min 752.50 	1.00/2.00/3/1.00/1 	max 1756.25 mean 764.95
100 scores: min 752.50 	1.00/2.00/3/1.00/1 	max 1760.75 mean 793.06
100 scores: min 752.50 	1.00/2.00/3/1.00/1 	max 1766.75 mean 795.48
100 scores: min 752.50 	1.00/2.00/3/1.00/1 	max 1768.00 mean 773.49
100 scores: min 752.50 	1.00/2.00/3/1.00/1 	max 1767.25 mean 774.96
100 scores: min 752.50 	1.00/2.00/3/1.00/1 	max 1774.25 mean 775.63
100 scores: min 752.50 	1.00/2.00/3/1.00/1 	max 1507.00 mean 763.06
100 scores: min 752.50 	1.00/2.00/3/1.00/1 	max 1762.00 mean 795.96
100 scores: min 752.50 	1.00/2.00/3/1.00/1 	max 1765.00 mean 775.24
100 scores: min 752.50 	1.00/2.00/3/1.00/1 	max 1766.75 mean 785.94
100 scores: min 752.50 	1.00/2.00/3/1.00/1 	max 1768.50 mean 776.05
100 scores: min 752.50 	1.00/2.00/3/1.00/1 	max 775.50 mean 756.01
100 scores: min 752.50 	1.00/2.00/3/1.00/1 	max 1762.00 mean 785.49
100 scores: min 752.50 	1.00/2.00/3/1.00/1 	max 1773.00 mean 783.51
100 scores: min 752.50 	1.00/2.00/3/1.00/1 	max 1775.50 mean 806.47
100 scores: min 752.50 	1.00/2.00/3/1.00/1 	max 1755.75 mean 765.73
100 scores: min 752.50 	1.00/2.00/3/1.00/1 	max 1773.00 mean 806.43
100 scores: min 752.50 	1.00/2.00/3/1.00/1 	max 1755.25 mean 783.90
100 scores: min 752.50 	1.00/2.00/3/1.00/1 	max 1762.25 mean 806.57
100 scores: min 752.50 	1.00/2.00/3/1.00/1 	max 1756.75 mean 780.06
100 scores: min 752.50 	1.00/2.00/3/1.00/1 	max 1768.00 mean 764.74
100 scores: min 752.50 	1.00/2.00/3/1.00/1 	max 1755.00 mean 793.90
100 scores: min 752.50 	1.00/2.00/3/1.00/1 	max 1762.50 mean 783.07
100 scores: min 752.50 	1.00/2.00/3/1.00/1 	max 1760.50 mean 785.63
100 scores: min 752.50 	1.00/2.00/3/1.00/1 	max 1754.75 mean 765.31
100 scores: min 752.50 	1.00/2.00/3/1.00/1 	max 1765.50 mean 823.43
100 scores: min 752.50 	1.00/2.00/3/1.00/1 	max 1756.25 mean 783.63
100 scores: min 752.50 	1.00/2.00/3/1.00/1 	max 1755.50 mean 779.87
100 scores: min 752.50 	1.00/2.00/3/1.00/1 	max 1754.25 mean 765.96
100 scores: min 752.50 	1.00/2.00/3/1.00/1 	max 1766.75 mean 776.01
100 scores: min 752.50 	1.00/2.00/3/1.00/1 	max 1760.00 mean 776.41
100 scores: min 752.50 	1.00/2.00/3/1.00/1 	max 1769.50 mean 775.69
100 scores: min 752.50 	1.00/2.00/3/1.00/1 	max 1772.00 mean 813.37
100 scores: min 752.50 	1.00/2.00/3/1.00/1 	max 1768.50 mean 806.63
100 scores: min 752.50 	1.00/2.00/3/1.00/1 	max 1754.00 mean 765.33
100 scores: min 752.50 	1.00/2.00/3/1.00/1 	max 1766.00 mean 794.00
100 scores: min 752.50 	1.00/2.00/3/1.00/1 	max 1758.00 mean 774.94
100 scores: min 752.50 	1.00/2.00/3/1.00/1 	max 1518.50 mean 762.68
100 scores: min 752.50 	1.00/2.00/3/1.00/1 	max 775.74 mean 756.03
100 scores: min 752.50 	1.00/2.00/3/1.00/1 	max 1764.75 mean 776.15
100 scores: min 752.50 	1.00/2.00/3/1.00/1 	max 1765.25 mean 776.59
100 scores: min 752.50 	1.00/2.00/3/1.00/1 	max 1763.25 mean 798.51
100 scores: min 752.50 	1.00/2.00/3/1.00/1 	max 1765.75 mean 795.20
100 scores: min 752.50 	1.00/2.00/3/1.00/1 	max 1763.25 mean 773.62
100 scores: min 752.50 	1.00/2.00/3/1.00/1 	max 1769.50 mean 775.76
100 scores: min 752.50 	1.00/2.00/3/1.00/1 	max 1764.25 mean 773.62
100 scores: min 752.50 	1.00/2.00/3/1.00/1 	max 772.50 mean 755.33
100 scores: min 752.50 	1.00/2.00/3/1.00/1 	max 1767.00 mean 810.90
100 scores: min 752.50 	1.00/2.00/3/1.00/1 	max 1762.50 mean 785.42
100 scores: min 752.50 	1.00/2.00/3/1.00/1 	max 1762.25 mean 773.51
100 scores: min 752.50 	1.00/2.00/3/1.00/1 	max 1755.50 mean 773.13
100 scores: min 752.50 	1.00/2.00/3/1.00/1 	max 1774.00 mean 814.00
100 scores: min 752.50 	1.00/2.00/3/1.00/1 	max 1768.25 mean 775.19
100 scores: min 752.50 	1.00/2.00/3/1.00/1 	max 1754.75 mean 783.22
100 scores: min 752.50 	1.00/2.00/3/1.00/1 	max 1767.25 mean 776.00
100 scores: min 752.50 	1.00/2.00/3/1.00/1 	max 1755.00 mean 766.11
100 scores: min 752.50 	1.00/2.00/3/1.00/1 	max 1764.00 mean 776.03
100 scores: min 752.50 	1.00/2.00/3/1.00/1 	max 1766.75 mean 785.90
100 scores: min 752.50 	1.00/2.00/3/1.00/1 	max 1755.75 mean 783.31
100 scores: min 752.50 	1.00/2.00/3/1.00/1 	max 1766.00 mean 785.59
100 scores: min 752.50 	1.00/2.00/3/1.00/1 	max 1762.25 mean 773.84
100 scores: min 752.50 	1.00/2.00/3/1.00/1 	max 1769.75 mean 796.14
100 scores: min 752.50 	1.00/2.00/3/1.00/1 	max 1766.50 mean 793.90
100 scores: min 752.50 	1.00/2.00/3/1.00/1 	max 1755.00 mean 785.66
100 scores: min 752.50 	1.00/2.00/3/1.00/1 	max 1761.50 mean 785.14
100 scores: min 752.50 	1.00/2.00/3/1.00/1 	max 1772.25 mean 796.62
100 scores: min 752.50 	1.00/2.00/3/1.00/1 	max 1756.25 mean 810.93
100 scores: min 752.50 	1.00/2.00/3/1.00/1 	max 1758.50 mean 783.26
100 scores: min 752.50 	1.00/2.00/3/1.00/1 	max 1756.50 mean 807.58
100 scores: min 752.50 	1.00/2.00/3/1.00/1 	max 1762.00 mean 786.72
100 scores: min 752.50 	1.00/2.00/3/1.00/1 	max 1770.50 mean 795.89
100 scores: min 752.50 	1.00/2.00/3/1.00/1 	max 1521.00 mean 764.37
100 scores: min 752.50 	1.00/2.00/3/1.00/1 	max 1770.00 mean 785.58
100 scores: min 752.50 	1.00/2.00/3/1.00/1 	max 1763.25 mean 785.73
100 scores: min 752.50 	1.00/2.00/3/1.00/1 	max 1771.50 mean 786.47
100 scores: min 752.50 	1.00/2.00/3/1.00/1 	max 1763.00 mean 775.53
100 scores: min 752.50 	1.00/2.00/3/1.00/1 	max 1762.50 mean 765.23
100 scores: min 752.50 	1.00/2.00/3/1.00/1 	max 1753.50 mean 765.74
100 scores: min 752.50 	1.00/2.00/3/1.00/1 	max 1756.25 mean 775.96
100 scores: min 752.50 	1.00/2.00/3/1.00/1 	max 1765.00 mean 786.72
100 scores: min 752.50 	1.00/2.00/3/1.00/1 	max 1756.25 mean 793.11
100 scores: min 752.50 	1.00/2.00/3/1.00/1 	max 1762.50 mean 796.06
100 scores: min 752.50 	1.00/2.00/3/1.00/1 	max 1763.75 mean 783.97
100 scores: min 752.50 	1.00/2.00/3/1.00/1 	max 1768.00 mean 813.33
100 scores: min 752.50 	1.00/2.00/3/1.00/1 	max 1764.50 mean 796.37
100 scores: min 752.50 	1.00/2.00/3/1.00/1 	max 1756.25 mean 775.70
100 scores: min 752.50 	1.00/2.00/3/1.00/1 	max 1770.75 mean 796.20
100 scores: min 752.50 	1.00/2.00/3/1.00/1 	max 1757.25 mean 808.41
100 scores: min 752.50 	1.00/2.00/3/1.00/1 	max 1755.25 mean 766.27
100 scores: min 752.50 	1.00/2.00/3/1.00/1 	max 1755.75 mean 775.37
100 scores: min 752.50 	1.00/2.00/3/1.00/1 	max 1768.00 mean 786.10
100 scores: min 752.50 	1.00/2.00/3/1.00/1 	max 1774.00 mean 784.36
100 scores: min 752.50 	1.00/2.00/3/1.00/1 	max 1755.75 mean 766.25
100 scores: min 752.50 	1.00/2.00/3/1.00/1 	max 1756.75 mean 785.91
100 scores: min 752.50 	1.00/2.00/3/1.00/1 	max 1764.50 mean 775.04
100 scores: min 752.50 	1.00/2.00/3/1.00/1 	max 1768.50 mean 765.58
100 scores: min 752.50 	1.00/2.00/3/1.00/1 	max 2264.25 mean 780.64
100 scores: min 752.50 	1.00/2.00/3/1.00/1 	max 1771.50 mean 806.23
100 scores: min 752.50 	1.00/2.00/3/1.00/1 	max 1755.75 mean 773.32
100 scores: min 752.50 	1.00/2.00/3/1.00/1 	max 1753.50 mean 765.63
100 scores: min 752.50 	1.00/2.00/3/1.00/1 	max 1754.00 mean 766.18
100 scores: min 752.50 	1.00/2.00/3/1.00/1 	max 1764.25 mean 790.62
100 scores: min 752.50 	1.00/2.00/3/1.00/1 	max 1768.75 mean 785.56
100 scores: min 752.50 	1.00/2.00/3/1.00/1 	max 1771.00 mean 806.21
100 scores: min 752.50 	1.00/2.00/3/1.00/1 	max 1507.00 mean 762.96
100 scores: min 752.50 	1.00/2.00/3/1.00/1 	max 1769.25 mean 785.74
100 scores: min 752.50 	1.00/2.00/3/1.00/1 	max 1754.75 mean 784.99
100 scores: min 752.50 	1.00/2.00/3/1.00/1 	max 1756.75 mean 772.90
100 scores: min 752.50 	1.00/2.00/3/1.00/1 	max 1764.00 mean 782.84
100 scores: min 752.50 	1.00/2.00/3/1.00/1 	max 1756.25 mean 775.77
100 scores: min 752.50 	1.00/2.00/3/1.00/1 	max 1765.25 mean 792.75
100 scores: min 752.50 	1.00/2.00/3/1.00/1 	max 1767.00 mean 830.80
100 scores: min 752.50 	1.00/2.00/3/1.00/1 	max 1762.75 mean 811.21
100 scores: min 752.50 	1.00/2.00/3/1.00/1 	max 1766.50 mean 776.02
100 scores: min 752.50 	1.00/2.00/3/1.00/1 	max 1755.75 mean 797.24
100 scores: min 752.50 	1.00/2.00/3/1.00/1 	max 1755.75 mean 773.08
100 scores: min 752.50 	1.00/2.00/3/1.00/1 	max 1767.25 mean 806.23
100 scores: min 752.50 	1.00/2.00/3/1.00/1 	max 1754.25 mean 765.21
100 scores: min 752.50 	1.00/2.00/3/1.00/1 	max 1774.50 mean 786.56
100 scores: min 752.50 	1.00/2.00/3/1.00/1 	max 1756.75 mean 776.40
100 scores: min 752.50 	1.00/2.00/3/1.00/1 	max 1768.50 mean 816.28
100 scores: min 752.50 	1.00/2.00/3/1.00/1 	max 775.50 mean 756.44
100 scores: min 752.50 	1.00/2.00/3/1.00/1 	max 1766.50 mean 823.26
100 scores: min 752.50 	1.00/2.00/3/1.00/1 	max 1755.75 mean 813.15
100 scores: min 752.50 	1.00/2.00/3/1.00/1 	max 1763.75 mean 785.95
100 scores: min 752.50 	1.00/2.00/3/1.00/1 	max 1756.25 mean 815.48
100 scores: min 752.50 	1.00/2.00/3/1.00/1 	max 1772.25 mean 765.41
100 scores: min 752.50 	1.00/2.00/3/1.00/1 	max 1755.50 mean 774.88
100 scores: min 752.50 	1.00/2.00/3/1.00/1 	max 1761.25 mean 785.74
100 scores: min 752.50 	1.00/2.00/3/1.00/1 	max 1756.25 mean 786.25
100 scores: min 752.50 	1.00/2.00/3/1.00/1 	max 1754.25 mean 766.57
100 scores: min 752.50 	1.00/2.00/3/1.00/1 	max 1756.25 mean 776.09
100 scores: min 752.50 	1.00/2.00/3/1.00/1 	max 771.00 mean 756.05
100 scores: min 752.50 	1.00/2.00/3/1.00/1 	max 1753.75 mean 765.51
100 scores: min 752.50 	1.00/2.00/3/1.00/1 	max 1768.25 mean 773.29
100 scores: min 752.50 	1.00/2.00/3/1.00/1 	max 1766.00 mean 785.99
100 scores: min 752.50 	1.00/2.00/3/1.00/1 	max 1771.00 mean 816.37
100 scores: min 752.50 	1.00/2.00/3/1.00/1 	max 1766.75 mean 796.24
100 scores: min 752.50 	1.00/2.00/3/1.00/1 	max 1778.99 mean 776.13
100 scores: min 752.50 	1.00/2.00/3/1.00/1 	max 1767.75 mean 786.09
100 scores: min 752.50 	1.00/2.00/3/1.00/1 	max 1762.25 mean 787.22
100 scores: min 752.50 	1.00/2.00/3/1.00/1 	max 1753.75 mean 766.03
100 scores: min 752.50 	1.00/2.00/3/1.00/1 	max 1756.00 mean 793.66
100 scores: min 752.50 	1.00/2.00/3/1.00/1 	max 1767.00 mean 775.43
100 scores: min 752.50 	1.00/2.00/3/1.00/1 	max 1756.25 mean 803.87
100 scores: min 752.50 	1.00/2.00/3/1.00/1 	max 1766.25 mean 784.24
100 scores: min 752.50 	1.00/2.00/3/1.00/1 	max 1765.50 mean 796.23
100 scores: min 752.50 	1.00/2.00/3/1.00/1 	max 1771.25 mean 786.07
100 scores: min 752.50 	1.00/2.00/3/1.00/1 	max 1762.50 mean 775.85
100 scores: min 752.50 	1.00/2.00/3/1.00/1 	max 1773.00 mean 786.47
100 scores: min 752.50 	1.00/2.00/3/1.00/1 	max 1754.00 mean 782.57
100 scores: min 752.50 	1.00/2.00/3/1.00/1 	max 1767.25 mean 823.92
100 scores: min 752.50 	1.00/2.00/3/1.00/1 	max 771.00 mean 756.09
100 scores: min 752.50 	1.00/2.00/3/1.00/1 	max 1754.25 mean 775.77
100 scores: min 752.50 	1.00/2.00/3/1.00/1 	max 1767.50 mean 825.85
100 scores: min 752.50 	1.00/2.00/3/1.00/1 	max 1755.75 mean 785.49
100 scores: min 752.50 	1.00/2.00/3/1.00/1 	max 1755.75 mean 766.15
100 scores: min 752.50 	1.00/2.00/3/1.00/1 	max 1768.25 mean 783.09
100 scores: min 752.50 	1.00/2.00/3/1.00/1 	max 1756.25 mean 785.80
100 scores: min 752.50 	1.00/2.00/3/1.00/1 	max 1765.75 mean 785.50
100 scores: min 752.50 	1.00/2.00/3/1.00/1 	max 1769.50 mean 776.17
100 scores: min 752.50 	1.00/2.00/3/1.00/1 	max 1766.00 mean 783.83
100 scores: min 752.50 	1.00/2.00/3/1.00/1 	max 1763.50 mean 782.84
100 scores: min 752.50 	1.00/2.00/3/1.00/1 	max 1759.25 mean 793.16
100 scores: min 752.50 	1.00/2.00/3/1.00/1 	max 1770.25 mean 785.75
100 scores: min 752.50 	1.00/2.00/3/1.00/1 	max 1766.00 mean 785.85
100 scores: min 752.50 	1.00/2.00/3/1.00/1 	max 1765.00 mean 785.68
100 scores: min 752.50 	1.00/2.00/3/1.00/1 	max 1768.75 mean 775.81
100 scores: min 752.50 	1.00/2.00/3/1.00/1 	max 1769.25 mean 804.35
100 scores: min 752.50 	1.00/2.00/3/1.00/1 	max 1507.00 mean 764.06
100 scores: min 752.50 	1.00/2.00/3/1.00/1 	max 1754.25 mean 790.51
100 scores: min 752.50 	1.00/2.00/3/1.00/1 	max 1767.50 mean 796.46
100 scores: min 752.50 	1.00/2.00/3/1.00/1 	max 1770.00 mean 782.82
100 scores: min 752.50 	1.00/2.00/3/1.00/1 	max 1755.75 mean 802.60
100 scores: min 752.50 	1.00/2.00/3/1.00/1 	max 1768.00 mean 802.93
100 scores: min 752.50 	1.00/2.00/3/1.00/1 	max 771.75 mean 755.35
100 scores: min 752.50 	1.00/2.00/3/1.00/1 	max 1755.75 mean 783.17
100 scores: min 752.50 	1.00/2.00/3/1.00/1 	max 1767.00 mean 765.98
100 scores: min 752.50 	1.00/2.00/3/1.00/1 	max 1766.75 mean 765.51
100 scores: min 752.50 	1.00/2.00/3/1.00/1 	max 1770.75 mean 780.54
100 scores: min 752.50 	1.00/2.00/3/1.00/1 	max 773.75 mean 755.96
100 scores: min 752.50 	1.00/2.00/3/1.00/1 	max 1763.00 mean 776.05
100 scores: min 752.50 	1.00/2.00/3/1.00/1 	max 1765.75 mean 794.76
100 scores: min 752.50 	1.00/2.00/3/1.00/1 	max 1755.75 mean 780.08
100 scores: min 752.50 	1.00/2.00/3/1.00/1 	max 1767.75 mean 825.59
100 scores: min 752.50 	1.00/2.00/3/1.00/1 	max 1769.75 mean 776.28
100 scores: min 752.50 	1.00/2.00/3/1.00/1 	max 1759.75 mean 773.15
100 scores: min 752.50 	1.00/2.00/3/1.00/1 	max 1759.75 mean 765.51
100 scores: min 752.50 	1.00/2.00/3/1.00/1 	max 1754.00 mean 765.61
100 scores: min 752.50 	1.00/2.00/3/1.00/1 	max 1763.75 mean 765.93
100 scores: min 752.50 	1.00/2.00/3/1.00/1 	max 1763.50 mean 775.87
100 scores: min 752.50 	1.00/2.00/3/1.00/1 	max 1762.50 mean 802.63
100 scores: min 752.50 	1.00/2.00/3/1.00/1 	max 1768.25 mean 795.97
100 scores: min 752.50 	1.00/2.00/3/1.00/1 	max 1755.00 mean 775.44
100 scores: min 752.50 	1.00/2.00/3/1.00/1 	max 1761.50 mean 772.96
100 scores: min 752.50 	1.00/2.00/3/1.00/1 	max 1756.25 mean 785.41
100 scores: min 752.50 	1.00/2.00/3/1.00/1 	max 1766.50 mean 775.75
100 scores: min 752.50 	1.00/2.00/3/1.00/1 	max 771.75 mean 756.39
100 scores: min 752.50 	1.00/2.00/3/1.00/1 	max 1754.00 mean 773.07
100 scores: min 752.50 	1.00/2.00/3/1.00/1 	max 1767.75 mean 785.28
100 scores: min 752.50 	1.00/2.00/3/1.00/1 	max 1769.75 mean 806.43
100 scores: min 752.50 	1.00/2.00/3/1.00/1 	max 1774.50 mean 773.76
100 scores: min 752.50 	1.00/2.00/3/1.00/1 	max 1760.50 mean 795.53
100 scores: min 752.50 	1.00/2.00/3/1.00/1 	max 1757.25 mean 782.95
100 scores: min 752.50 	1.00/2.00/3/1.00/1 	max 1755.75 mean 802.83
100 scores: min 752.50 	1.00/2.00/3/1.00/1 	max 1755.75 mean 764.89
100 scores: min 752.50 	1.00/2.00/3/1.00/1 	max 1766.00 mean 792.78
100 scores: min 752.50 	1.00/2.00/3/1.00/1 	max 1764.75 mean 765.80
100 scores: min 752.50 	1.00/2.00/3/1.00/1 	max 1755.00 mean 765.63
100 scores: min 752.50 	1.00/2.00/3/1.00/1 	max 1755.25 mean 773.49
100 scores: min 752.50 	1.00/2.00/3/1.00/1 	max 1763.00 mean 786.05
100 scores: min 752.50 	1.00/2.00/3/1.00/1 	max 1774.00 mean 795.64
100 scores: min 752.50 	1.00/2.00/3/1.00/1 	max 1762.25 mean 786.57
100 scores: min 752.50 	1.00/2.00/3/1.00/1 	max 1755.75 mean 775.24
100 scores: min 752.50 	1.00/2.00/3/1.00/1 	max 1754.75 mean 765.00
100 scores: min 752.50 	1.00/2.00/3/1.00/1 	max 771.75 mean 755.58
100 scores: min 752.50 	1.00/2.00/3/1.00/1 	max 1756.75 mean 790.10
100 scores: min 752.50 	1.00/2.00/3/1.00/1 	max 1768.25 mean 786.07
100 scores: min 752.50 	1.00/2.00/3/1.00/1 	max 1770.00 mean 795.61
100 scores: min 752.50 	1.00/2.00/3/1.00/1 	max 1772.50 mean 805.67
100 scores: min 752.50 	1.00/2.00/3/1.00/1 	max 1761.25 mean 765.99
100 scores: min 752.50 	1.00/2.00/3/1.00/1 	max 1766.00 mean 785.36
100 scores: min 752.50 	1.00/2.00/3/1.00/1 	max 1764.50 mean 783.00
100 scores: min 752.50 	1.00/2.00/3/1.00/1 	max 1766.50 mean 782.82
100 scores: min 752.50 	1.00/2.00/3/1.00/1 	max 1770.50 mean 785.92
100 scores: min 752.50 	1.00/2.00/3/1.00/1 	max 1755.75 mean 796.26
100 scores: min 752.50 	1.00/2.00/3/1.00/1 	max 1755.75 mean 775.92
100 scores: min 752.50 	1.00/2.00/3/1.00/1 	max 1753.50 mean 772.80
100 scores: min 752.50 	1.00/2.00/3/1.00/1 	max 1759.50 mean 775.84
100 scores: min 752.50 	1.00/2.00/3/1.00/1 	max 1755.75 mean 766.09
100 scores: min 752.50 	1.00/2.00/3/1.00/1 	max 1503.50 mean 761.89
100 scores: min 752.50 	1.00/2.00/3/1.00/1 	max 1757.00 mean 795.34
100 scores: min 752.50 	1.00/2.00/3/1.00/1 	max 1770.00 mean 836.55
100 scores: min 752.50 	1.00/2.00/3/1.00/1 	max 1753.50 mean 773.35
100 scores: min 752.50 	1.00/2.00/3/1.00/1 	max 1507.00 mean 771.35
100 scores: min 752.50 	1.00/2.00/3/1.00/1 	max 1518.00 mean 763.59
100 scores: min 752.50 	1.00/2.00/3/1.00/1 	max 1755.00 mean 772.70
100 scores: min 752.50 	1.00/2.00/3/1.00/1 	max 1765.00 mean 785.10
100 scores: min 752.50 	1.00/2.00/3/1.00/1 	max 1755.75 mean 788.79
100 scores: min 752.50 	1.00/2.00/3/1.00/1 	max 1756.25 mean 765.27
100 scores: min 752.50 	1.00/2.00/3/1.00/1 	max 1770.25 mean 806.25
100 scores: min 752.50 	1.00/2.00/3/1.00/1 	max 1766.50 mean 806.22
100 scores: min 752.50 	1.00/2.00/3/1.00/1 	max 1754.25 mean 772.46
100 scores: min 752.50 	1.00/2.00/3/1.00/1 	max 1755.25 mean 785.55
100 scores: min 752.50 	1.00/2.00/3/1.00/1 	max 1754.75 mean 764.96
100 scores: min 752.50 	1.00/2.00/3/1.00/1 	max 1755.50 mean 790.93
100 scores: min 752.50 	1.00/2.00/3/1.00/1 	max 1763.00 mean 795.22
100 scores: min 752.50 	1.00/2.00/3/1.00/1 	max 1757.00 mean 765.75
100 scores: min 752.50 	1.00/2.00/3/1.00/1 	max 773.25 mean 756.17
100 scores: min 752.50 	1.00/2.00/3/1.00/1 	max 1764.25 mean 776.61
100 scores: min 752.50 	1.00/2.00/3/1.00/1 	max 768.50 mean 755.94
100 scores: min 752.50 	1.00/2.00/3/1.00/1 	max 1755.00 mean 765.89
100 scores: min 752.50 	1.00/2.00/3/1.00/1 	max 1766.50 mean 776.32
100 scores: min 752.50 	1.00/2.00/3/1.00/1 	max 1768.00 mean 776.47
100 scores: min 752.50 	1.00/2.00/3/1.00/1 	max 1760.50 mean 785.95
100 scores: min 752.50 	1.00/2.00/3/1.00/1 	max 1767.50 mean 802.84
100 scores: min 752.50 	1.00/2.00/3/1.00/1 	max 1763.50 mean 832.77
100 scores: min 752.50 	1.00/2.00/3/1.00/1 	max 1753.50 mean 766.28
100 scores: min 752.50 	1.00/2.00/3/1.00/1 	max 1769.00 mean 823.62
100 scores: min 752.50 	1.00/2.00/3/1.00/1 	max 1758.75 mean 765.31
100 scores: min 752.50 	1.00/2.00/3/1.00/1 	max 1756.25 mean 766.41
100 scores: min 752.50 	1.00/2.00/3/1.00/1 	max 1765.00 mean 776.45
100 scores: min 752.50 	1.00/2.00/3/1.00/1 	max 1755.75 mean 783.39
100 scores: min 752.50 	1.00/2.00/3/1.00/1 	max 1756.00 mean 816.75
100 scores: min 752.50 	1.00/2.00/3/1.00/1 	max 1765.00 mean 828.38
100 scores: min 752.50 	1.00/2.00/3/1.00/1 	max 1755.25 mean 816.84
100 scores: min 752.50 	1.00/2.00/3/1.00/1 	max 768.00 mean 755.39
100 scores: min 752.50 	1.00/2.00/3/1.00/1 	max 1754.75 mean 775.37
100 scores: min 752.50 	1.00/2.00/3/1.00/1 	max 1768.00 mean 774.05
100 scores: min 752.50 	1.00/2.00/3/1.00/1 	max 1765.50 mean 786.11
100 scores: min 752.50 	1.00/2.00/3/1.00/1 	max 1772.50 mean 791.40
100 scores: min 752.50 	1.00/2.00/3/1.00/1 	max 1766.75 mean 795.75
100 scores: min 752.50 	1.00/2.00/3/1.00/1 	max 1759.50 mean 783.70
100 scores: min 752.50 	1.00/2.00/3/1.00/1 	max 1769.25 mean 783.48
100 scores: min 752.50 	1.00/2.00/3/1.00/1 	max 1756.25 mean 796.13
100 scores: min 752.50 	1.00/2.00/3/1.00/1 	max 1754.00 mean 776.17
100 scores: min 752.50 	1.00/2.00/3/1.00/1 	max 1766.25 mean 806.19
100 scores: min 752.50 	1.00/2.00/3/1.00/1 	max 1771.00 mean 815.87
100 scores: min 752.50 	1.00/2.00/3/1.00/1 	max 1772.00 mean 773.09
100 scores: min 752.50 	1.00/2.00/3/1.00/1 	max 1764.75 mean 803.72
100 scores: min 752.50 	1.00/2.00/3/1.00/1 	max 1755.25 mean 795.79
100 scores: min 752.50 	1.00/2.00/3/1.00/1 	max 1765.00 mean 795.94
100 scores: min 752.50 	1.00/2.00/3/1.00/1 	max 1770.50 mean 796.50
100 scores: min 752.50 	1.00/2.00/3/1.00/1 	max 1770.00 mean 813.66
100 scores: min 752.50 	1.00/2.00/3/1.00/1 	max 1520.00 mean 763.75
100 scores: min 752.50 	1.00/2.00/3/1.00/1 	max 1756.75 mean 813.21
100 scores: min 752.50 	1.00/2.00/3/1.00/1 	max 1762.75 mean 785.55
100 scores: min 752.50 	1.00/2.00/3/1.00/1 	max 1765.50 mean 783.09
100 scores: min 752.50 	1.00/2.00/3/1.00/1 	max 1756.75 mean 775.94
100 scores: min 752.50 	1.00/2.00/3/1.00/1 	max 1766.50 mean 775.25
100 scores: min 752.50 	1.00/2.00/3/1.00/1 	max 1768.75 mean 783.32
100 scores: min 752.50 	1.00/2.00/3/1.00/1 	max 1756.00 mean 786.31
100 scores: min 752.50 	1.00/2.00/3/1.00/1 	max 1764.25 mean 766.00
100 scores: min 752.50 	1.00/2.00/3/1.00/1 	max 1755.25 mean 772.29
100 scores: min 752.50 	1.00/2.00/3/1.00/1 	max 1756.25 mean 776.22
100 scores: min 752.50 	1.00/2.00/3/1.00/1 	max 1755.00 mean 772.95
100 scores: min 752.50 	1.00/2.00/3/1.00/1 	max 1755.25 mean 765.74
100 scores: min 752.50 	1.00/2.00/3/1.00/1 	max 1775.50 mean 783.44
100 scores: min 752.50 	1.00/2.00/3/1.00/1 	max 1755.25 mean 782.68
100 scores: min 752.50 	1.00/2.00/3/1.00/1 	max 1768.50 mean 786.51
100 scores: min 752.50 	1.00/2.00/3/1.00/1 	max 1767.50 mean 795.88
100 scores: min 752.50 	1.00/2.00/3/1.00/1 	max 1755.00 mean 775.58
100 scores: min 752.50 	1.00/2.00/3/1.00/1 	max 1765.75 mean 786.46
100 scores: min 752.50 	1.00/2.00/3/1.00/1 	max 1767.25 mean 794.18
100 scores: min 752.50 	1.00/2.00/3/1.00/1 	max 1768.75 mean 780.56
100 scores: min 752.50 	1.00/2.00/3/1.00/1 	max 1515.75 mean 770.42
100 scores: min 752.50 	1.00/2.00/3/1.00/1 	max 1768.50 mean 785.41
100 scores: min 752.50 	1.00/2.00/3/1.00/1 	max 1754.00 mean 766.14
100 scores: min 752.50 	1.00/2.00/3/1.00/1 	max 1754.00 mean 798.52
100 scores: min 752.50 	1.00/2.00/3/1.00/1 	max 1771.75 mean 776.03
100 scores: min 752.50 	1.00/2.00/3/1.00/1 	max 1764.00 mean 766.04
100 scores: min 752.50 	1.00/2.00/3/1.00/1 	max 1755.75 mean 782.52
100 scores: min 752.50 	1.00/2.00/3/1.00/1 	max 1755.75 mean 775.08
100 scores: min 752.50 	1.00/2.00/3/1.00/1 	max 1763.50 mean 793.00
100 scores: min 752.50 	1.00/2.00/3/1.00/1 	max 1755.75 mean 785.84
100 scores: min 752.50 	1.00/2.00/3/1.00/1 	max 1768.25 mean 805.64
100 scores: min 752.50 	1.00/2.00/3/1.00/1 	max 1754.25 mean 773.51
100 scores: min 752.50 	1.00/2.00/3/1.00/1 	max 1755.50 mean 764.97
100 scores: min 752.50 	1.00/2.00/3/1.00/1 	max 1755.75 mean 773.98
100 scores: min 752.50 	1.00/2.00/3/1.00/1 	max 1766.25 mean 766.14
100 scores: min 752.50 	1.00/2.00/3/1.00/1 	max 1765.25 mean 775.47
100 scores: min 752.50 	1.00/2.00/3/1.00/1 	max 1755.25 mean 765.21
100 scores: min 752.50 	1.00/2.00/3/1.00/1 	max 1769.75 mean 776.04
100 scores: min 752.50 	1.00/2.00/3/1.00/1 	max 1766.00 mean 795.06
100 scores: min 752.50 	1.00/2.00/3/1.00/1 	max 1756.00 mean 775.56
100 scores: min 752.50 	1.00/2.00/3/1.00/1 	max 1507.00 mean 762.69
100 scores: min 752.50 	1.00/2.00/3/1.00/1 	max 1765.25 mean 774.05
100 scores: min 752.50 	1.00/2.00/3/1.00/1 	max 1755.00 mean 765.58
100 scores: min 752.50 	1.00/2.00/3/1.00/1 	max 1766.75 mean 793.20
100 scores: min 752.50 	1.00/2.00/3/1.00/1 	max 1770.50 mean 812.12
100 scores: min 752.50 	1.00/2.00/3/1.00/1 	max 1767.75 mean 775.38
100 scores: min 752.50 	1.00/2.00/3/1.00/1 	max 1764.75 mean 766.26
100 scores: min 752.50 	1.00/2.00/3/1.00/1 	max 1757.00 mean 775.56
100 scores: min 752.50 	1.00/2.00/3/1.00/1 	max 1754.75 mean 765.77
100 scores: min 752.50 	1.00/2.00/3/1.00/1 	max 1754.75 mean 766.09
100 scores: min 752.50 	1.00/2.00/3/1.00/1 	max 1768.00 mean 783.21
100 scores: min 752.50 	1.00/2.00/3/1.00/1 	max 1767.50 mean 811.50
100 scores: min 752.50 	1.00/2.00/3/1.00/1 	max 1756.25 mean 775.71
100 scores: min 752.50 	1.00/2.00/3/1.00/1 	max 1754.25 mean 766.01
100 scores: min 752.50 	1.00/2.00/3/1.00/1 	max 1755.75 mean 813.25
100 scores: min 752.50 	1.00/2.00/3/1.00/1 	max 1765.25 mean 766.33
100 scores: min 752.50 	1.00/2.00/3/1.00/1 	max 1770.00 mean 806.60
100 scores: min 752.50 	1.00/2.00/3/1.00/1 	max 1756.25 mean 776.80
100 scores: min 752.50 	1.00/2.00/3/1.00/1 	max 1756.25 mean 795.96
100 scores: min 752.50 	1.00/2.00/3/1.00/1 	max 1769.50 mean 833.35
100 scores: min 752.50 	1.00/2.00/3/1.00/1 	max 1756.25 mean 776.63
100 scores: min 752.50 	1.00/2.00/3/1.00/1 	max 1767.75 mean 796.97
100 scores: min 752.50 	1.00/2.00/3/1.00/1 	max 772.75 mean 755.42
100 scores: min 752.50 	1.00/2.00/3/1.00/1 	max 1767.00 mean 796.06
100 scores: min 752.50 	1.00/2.00/3/1.00/1 	max 1754.00 mean 780.43
100 scores: min 752.50 	1.00/2.00/3/1.00/1 	max 1764.00 mean 765.91
100 scores: min 752.50 	1.00/2.00/3/1.00/1 	max 1771.25 mean 793.22
100 scores: min 752.50 	1.00/2.00/3/1.00/1 	max 1765.50 mean 765.12
100 scores: min 752.50 	1.00/2.00/3/1.00/1 	max 1767.00 mean 785.92
100 scores: min 752.50 	1.00/2.00/3/1.00/1 	max 1765.25 mean 812.83
100 scores: min 752.50 	1.00/2.00/3/1.00/1 	max 1754.25 mean 765.99
100 scores: min 752.50 	1.00/2.00/3/1.00/1 	max 1764.50 mean 795.57
100 scores: min 752.50 	1.00/2.00/3/1.00/1 	max 1766.75 mean 780.92
100 scores: min 752.50 	1.00/2.00/3/1.00/1 	max 1753.50 mean 765.88
100 scores: min 752.50 	1.00/2.00/3/1.00/1 	max 1762.75 mean 785.19
100 scores: min 752.50 	1.00/2.00/3/1.00/1 	max 1762.00 mean 810.78
100 scores: min 752.50 	1.00/2.00/3/1.00/1 	max 1763.00 mean 785.74
100 scores: min 752.50 	1.00/2.00/3/1.00/1 	max 1767.75 mean 783.01
100 scores: min 752.50 	1.00/2.00/3/1.00/1 	max 1755.25 mean 774.76
100 scores: min 752.50 	1.00/2.00/3/1.00/1 	max 1754.25 mean 765.29
100 scores: min 752.50 	1.00/2.00/3/1.00/1 	max 1755.75 mean 793.05
100 scores: min 752.50 	1.00/2.00/3/1.00/1 	max 1764.25 mean 813.58
100 scores: min 752.50 	1.00/2.00/3/1.00/1 	max 1764.75 mean 775.40
100 scores: min 752.50 	1.00/2.00/3/1.00/1 	max 1769.75 mean 775.53
100 scores: min 752.50 	1.00/2.00/3/1.00/1 	max 1763.25 mean 783.22
100 scores: min 752.50 	1.00/2.00/3/1.00/1 	max 1765.50 mean 785.44
100 scores: min 752.50 	1.00/2.00/3/1.00/1 	max 1769.00 mean 785.79
100 scores: min 752.50 	1.00/2.00/3/1.00/1 	max 1755.25 mean 773.57
100 scores: min 752.50 	1.00/2.00/3/1.00/1 	max 1756.25 mean 765.87
100 scores: min 752.50 	1.00/2.00/3/1.00/1 	max 1755.75 mean 765.73
100 scores: min 752.50 	1.00/2.00/3/1.00/1 	max 1762.00 mean 775.78
100 scores: min 752.50 	1.00/2.00/3/1.00/1 	max 1755.50 mean 779.90
100 scores: min 752.50 	1.00/2.00/3/1.00/1 	max 1755.00 mean 776.27
100 scores: min 752.50 	1.00/2.00/3/1.00/1 	max 1768.25 mean 822.40
100 scores: min 752.50 	1.00/2.00/3/1.00/1 	max 1756.25 mean 766.22
100 scores: min 752.50 	1.00/2.00/3/1.00/1 	max 770.75 mean 755.63
100 scores: min 752.50 	1.00/2.00/3/1.00/1 	max 1756.00 mean 785.35
100 scores: min 752.50 	1.00/2.00/3/1.00/1 	max 1755.75 mean 775.05
100 scores: min 752.50 	1.00/2.00/3/1.00/1 	max 1768.50 mean 765.84
100 scores: min 752.50 	1.00/2.00/3/1.00/1 	max 1757.00 mean 784.72
100 scores: min 752.50 	1.00/2.00/3/1.00/1 	max 1766.50 mean 800.93
100 scores: min 752.50 	1.00/2.00/3/1.00/1 	max 1770.00 mean 795.61
100 scores: min 752.50 	1.00/2.00/3/1.00/1 	max 1772.00 mean 785.85
100 scores: min 752.50 	1.00/2.00/3/1.00/1 	max 1767.50 mean 793.54
100 scores: min 752.50 	1.00/2.00/3/1.00/1 	max 1755.75 mean 765.79
100 scores: min 752.50 	1.00/2.00/3/1.00/1 	max 1765.00 mean 782.88
100 scores: min 752.50 	1.00/2.00/3/1.00/1 	max 1755.25 mean 775.29
100 scores: min 752.50 	1.00/2.00/3/1.00/1 	max 1766.25 mean 783.01
100 scores: min 752.50 	1.00/2.00/3/1.00/1 	max 1758.00 mean 823.64
100 scores: min 752.50 	1.00/2.00/3/1.00/1 	max 1761.75 mean 800.41
100 scores: min 752.50 	1.00/2.00/3/1.00/1 	max 1768.50 mean 798.70
100 scores: min 752.50 	1.00/2.00/3/1.00/1 	max 1765.50 mean 792.94
100 scores: min 752.50 	1.00/2.00/3/1.00/1 	max 774.25 mean 755.47
100 scores: min 752.50 	1.00/2.00/3/1.00/1 	max 1754.75 mean 782.16
100 scores: min 752.50 	1.00/2.00/3/1.00/1 	max 1755.25 mean 765.38
100 scores: min 752.50 	1.00/2.00/3/1.00/1 	max 1766.75 mean 815.89
100 scores: min 752.50 	1.00/2.00/3/1.00/1 	max 1764.75 mean 803.33
100 scores: min 752.50 	1.00/2.00/3/1.00/1 	max 1761.25 mean 795.33
100 scores: min 752.50 	1.00/2.00/3/1.00/1 	max 1765.25 mean 785.91
100 scores: min 752.50 	1.00/2.00/3/1.00/1 	max 1764.75 mean 775.78
100 scores: min 752.50 	1.00/2.00/3/1.00/1 	max 1753.50 mean 766.07
100 scores: min 752.50 	1.00/2.00/3/1.00/1 	max 1754.25 mean 765.67
100 scores: min 752.50 	1.00/2.00/3/1.00/1 	max 1756.25 mean 775.71
100 scores: min 752.50 	1.00/2.00/3/1.00/1 	max 1766.50 mean 822.83
100 scores: min 752.50 	1.00/2.00/3/1.00/1 	max 1755.75 mean 775.69
100 scores: min 752.50 	1.00/2.00/3/1.00/1 	max 1765.50 mean 803.09
100 scores: min 752.50 	1.00/2.00/3/1.00/1 	max 778.24 mean 755.50
100 scores: min 752.50 	1.00/2.00/3/1.00/1 	max 1754.00 mean 775.94
100 scores: min 752.50 	1.00/2.00/3/1.00/1 	max 1773.00 mean 795.95
100 scores: min 752.50 	1.00/2.00/3/1.00/1 	max 1766.50 mean 773.49
100 scores: min 752.50 	1.00/2.00/3/1.00/1 	max 1770.75 mean 765.84
100 scores: min 752.50 	1.00/2.00/3/1.00/1 	max 1755.75 mean 790.54
100 scores: min 752.50 	1.00/2.00/3/1.00/1 	max 1764.50 mean 793.39
100 scores: min 752.50 	1.00/2.00/3/1.00/1 	max 774.50 mean 755.98
100 scores: min 752.50 	1.00/2.00/3/1.00/1 	max 1769.50 mean 765.96
100 scores: min 752.50 	1.00/2.00/3/1.00/1 	max 1756.25 mean 765.74
100 scores: min 752.50 	1.00/2.00/3/1.00/1 	max 1770.75 mean 803.24
100 scores: min 752.50 	1.00/2.00/3/1.00/1 	max 1754.00 mean 773.19
100 scores: min 752.50 	1.00/2.00/3/1.00/1 	max 1763.00 mean 776.69
100 scores: min 752.50 	1.00/2.00/3/1.00/1 	max 1756.00 mean 765.35
100 scores: min 752.50 	1.00/2.00/3/1.00/1 	max 769.50 mean 756.01
100 scores: min 752.50 	1.00/2.00/3/1.00/1 	max 1755.25 mean 765.66
100 scores: min 752.50 	1.00/2.00/3/1.00/1 	max 1755.00 mean 776.93
100 scores: min 752.50 	1.00/2.00/3/1.00/1 	max 1767.75 mean 775.74
100 scores: min 752.50 	1.00/2.00/3/1.00/1 	max 1504.25 mean 762.74
100 scores: min 752.50 	1.00/2.00/3/1.00/1 	max 1765.50 mean 785.95
100 scores: min 752.50 	1.00/2.00/3/1.00/1 	max 1759.50 mean 796.81
100 scores: min 752.50 	1.00/2.00/3/1.00/1 	max 771.00 mean 755.63
100 scores: min 752.50 	1.00/2.00/3/1.00/1 	max 1518.50 mean 770.64
100 scores: min 752.50 	1.00/2.00/3/1.00/1 	max 1770.50 mean 765.41
100 scores: min 752.50 	1.00/2.00/3/1.00/1 	max 1756.75 mean 766.75
100 scores: min 752.50 	1.00/2.00/3/1.00/1 	max 1770.75 mean 806.49
100 scores: min 752.50 	1.00/2.00/3/1.00/1 	max 1755.75 mean 773.27
100 scores: min 752.50 	1.00/2.00/3/1.00/1 	max 1755.50 mean 785.86
100 scores: min 752.50 	1.00/2.00/3/1.00/1 	max 1765.00 mean 806.03
100 scores: min 752.50 	1.00/2.00/3/1.00/1 	max 1770.75 mean 793.48
100 scores: min 752.50 	1.00/2.00/3/1.00/1 	max 1767.00 mean 815.75
100 scores: min 752.50 	1.00/2.00/3/1.00/1 	max 1755.75 mean 785.80
100 scores: min 752.50 	1.00/2.00/3/1.00/1 	max 1771.75 mean 785.54
100 scores: min 752.50 	1.00/2.00/3/1.00/1 	max 1753.50 mean 780.36
100 scores: min 752.50 	1.00/2.00/3/1.00/1 	max 1767.75 mean 790.46
100 scores: min 752.50 	1.00/2.00/3/1.00/1 	max 1773.50 mean 793.23
100 scores: min 752.50 	1.00/2.00/3/1.00/1 	max 773.25 mean 755.19
100 scores: min 752.50 	1.00/2.00/3/1.00/1 	max 773.75 mean 755.42
100 scores: min 752.50 	1.00/2.00/3/1.00/1 	max 1754.25 mean 765.99
100 scores: min 752.50 	1.00/2.00/3/1.00/1 	max 1756.25 mean 782.87
100 scores: min 752.50 	1.00/2.00/3/1.00/1 	max 1769.50 mean 808.75
100 scores: min 752.50 	1.00/2.00/3/1.00/1 	max 1765.00 mean 776.02
100 scores: min 752.50 	1.00/2.00/3/1.00/1 	max 1774.00 mean 803.97
100 scores: min 752.50 	1.00/2.00/3/1.00/1 	max 1754.00 mean 773.21
100 scores: min 752.50 	1.00/2.00/3/1.00/1 	max 1762.25 mean 765.51
100 scores: min 752.50 	1.00/2.00/3/1.00/1 	max 1766.00 mean 816.01
100 scores: min 752.50 	1.00/2.00/3/1.00/1 	max 1765.50 mean 782.65
100 scores: min 752.50 	1.00/2.00/3/1.00/1 	max 1767.00 mean 810.97
100 scores: min 752.50 	1.00/2.00/3/1.00/1 	max 772.25 mean 756.21
100 scores: min 752.50 	1.00/2.00/3/1.00/1 	max 1756.25 mean 783.55
100 scores: min 752.50 	1.00/2.00/3/1.00/1 	max 1766.25 mean 795.66
100 scores: min 752.50 	1.00/2.00/3/1.00/1 	max 1766.75 mean 765.59
100 scores: min 752.50 	1.00/2.00/3/1.00/1 	max 1772.00 mean 801.08
100 scores: min 752.50 	1.00/2.00/3/1.00/1 	max 1754.50 mean 765.14
100 scores: min 752.50 	1.00/2.00/3/1.00/1 	max 1754.00 mean 773.34
100 scores: min 752.50 	1.00/2.00/3/1.00/1 	max 1763.25 mean 793.08
100 scores: min 752.50 	1.00/2.00/3/1.00/1 	max 1763.00 mean 793.34
100 scores: min 752.50 	1.00/2.00/3/1.00/1 	max 1766.00 mean 786.24
100 scores: min 752.50 	1.00/2.00/3/1.00/1 	max 1756.25 mean 786.03
100 scores: min 752.50 	1.00/2.00/3/1.00/1 	max 1769.75 mean 776.13
100 scores: min 752.50 	1.00/2.00/3/1.00/1 	max 1755.75 mean 790.32
100 scores: min 752.50 	1.00/2.00/3/1.00/1 	max 1756.25 mean 813.23
100 scores: min 752.50 	1.00/2.00/3/1.00/1 	max 774.25 mean 755.54
100 scores: min 752.50 	1.00/2.00/3/1.00/1 	max 1767.00 mean 783.77
100 scores: min 752.50 	1.00/2.00/3/1.00/1 	max 1755.00 mean 775.15
100 scores: min 752.50 	1.00/2.00/3/1.00/1 	max 1757.00 mean 785.15
100 scores: min 752.50 	1.00/2.00/3/1.00/1 	max 1767.25 mean 803.85
100 scores: min 752.50 	1.00/2.00/3/1.00/1 	max 772.25 mean 755.58
100 scores: min 752.50 	1.00/2.00/3/1.00/1 	max 1754.25 mean 765.32
100 scores: min 752.50 	1.00/2.00/3/1.00/1 	max 1768.25 mean 801.28
100 scores: min 752.50 	1.00/2.00/3/1.00/1 	max 1764.25 mean 773.35
100 scores: min 752.50 	1.00/2.00/3/1.00/1 	max 1766.50 mean 775.44
100 scores: min 752.50 	1.00/2.00/3/1.00/1 	max 1766.75 mean 793.31
100 scores: min 752.50 	1.00/2.00/3/1.00/1 	max 1754.75 mean 775.48
100 scores: min 752.50 	1.00/2.00/3/1.00/1 	max 1770.00 mean 816.09
100 scores: min 752.50 	1.00/2.00/3/1.00/1 	max 1764.00 mean 765.47
100 scores: min 752.50 	1.00/2.00/3/1.00/1 	max 1764.50 mean 785.36
100 scores: min 752.50 	1.00/2.00/3/1.00/1 	max 1768.25 mean 783.88
100 scores: min 752.50 	1.00/2.00/3/1.00/1 	max 1754.25 mean 765.39
100 scores: min 752.50 	1.00/2.00/3/1.00/1 	max 1773.00 mean 765.56
100 scores: min 752.50 	1.00/2.00/3/1.00/1 	max 1767.25 mean 786.22
100 scores: min 752.50 	1.00/2.00/3/1.00/1 	max 1764.25 mean 774.94
100 scores: min 752.50 	1.00/2.00/3/1.00/1 	max 1754.00 mean 775.58
100 scores: min 752.50 	1.00/2.00/3/1.00/1 	max 1768.50 mean 765.86
100 scores: min 752.50 	1.00/2.00/3/1.00/1 	max 1768.75 mean 804.56
100 scores: min 752.50 	1.00/2.00/3/1.00/1 	max 1763.50 mean 816.13
100 scores: min 752.50 	1.00/2.00/3/1.00/1 	max 1770.75 mean 796.07
100 scores: min 752.50 	1.00/2.00/3/1.00/1 	max 1767.00 mean 776.25
100 scores: min 752.50 	1.00/2.00/3/1.00/1 	max 769.75 mean 755.15
100 scores: min 752.50 	1.00/2.00/3/1.00/1 	max 1763.75 mean 785.71
100 scores: min 752.50 	1.00/2.00/3/1.00/1 	max 1756.25 mean 786.23
100 scores: min 752.50 	1.00/2.00/3/1.00/1 	max 1754.25 mean 775.22
100 scores: min 752.50 	1.00/2.00/3/1.00/1 	max 1764.75 mean 795.98
100 scores: min 752.50 	1.00/2.00/3/1.00/1 	max 1754.25 mean 785.21
100 scores: min 752.50 	1.00/2.00/3/1.00/1 	max 1755.00 mean 773.58
100 scores: min 752.50 	1.00/2.00/3/1.00/1 	max 1765.25 mean 796.35
100 scores: min 752.50 	1.00/2.00/3/1.00/1 	max 1755.25 mean 795.42
100 scores: min 752.50 	1.00/2.00/3/1.00/1 	max 1769.75 mean 793.36
100 scores: min 752.50 	1.00/2.00/3/1.00/1 	max 773.00 mean 756.51
100 scores: min 752.50 	1.00/2.00/3/1.00/1 	max 1755.75 mean 785.92
100 scores: min 752.50 	1.00/2.00/3/1.00/1 	max 1756.25 mean 773.13
100 scores: min 752.50 	1.00/2.00/3/1.00/1 	max 1766.25 mean 783.50
100 scores: min 752.50 	1.00/2.00/3/1.00/1 	max 1755.50 mean 765.11
100 scores: min 752.50 	1.00/2.00/3/1.00/1 	max 1756.00 mean 775.71
100 scores: min 752.50 	1.00/2.00/3/1.00/1 	max 1772.50 mean 776.13
100 scores: min 752.50 	1.00/2.00/3/1.00/1 	max 1754.25 mean 766.55
100 scores: min 752.50 	1.00/2.00/3/1.00/1 	max 1764.25 mean 797.00
100 scores: min 752.50 	1.00/2.00/3/1.00/1 	max 770.50 mean 755.91
100 scores: min 752.50 	1.00/2.00/3/1.00/1 	max 1768.00 mean 815.84
100 scores: min 752.50 	1.00/2.00/3/1.00/1 	max 1754.25 mean 764.98
100 scores: min 752.50 	1.00/2.00/3/1.00/1 	max 1755.25 mean 795.55
100 scores: min 752.50 	1.00/2.00/3/1.00/1 	max 1767.25 mean 765.84
100 scores: min 752.50 	1.00/2.00/3/1.00/1 	max 1772.50 mean 786.33
100 scores: min 752.50 	1.00/2.00/3/1.00/1 	max 1756.25 mean 765.79
100 scores: min 752.50 	1.00/2.00/3/1.00/1 	max 1765.75 mean 765.50
100 scores: min 752.50 	1.00/2.00/3/1.00/1 	max 1761.75 mean 773.37
100 scores: min 752.50 	1.00/2.00/3/1.00/1 	max 1755.75 mean 773.18
100 scores: min 752.50 	1.00/2.00/3/1.00/1 	max 1771.00 mean 802.96
100 scores: min 752.50 	1.00/2.00/3/1.00/1 	max 1755.00 mean 765.59
100 scores: min 752.50 	1.00/2.00/3/1.00/1 	max 1768.75 mean 776.42
100 scores: min 752.50 	1.00/2.00/3/1.00/1 	max 1768.25 mean 795.68
100 scores: min 752.50 	1.00/2.00/3/1.00/1 	max 1771.75 mean 785.87
100 scores: min 752.50 	1.00/2.00/3/1.00/1 	max 1770.00 mean 806.00
100 scores: min 752.50 	1.00/2.00/3/1.00/1 	max 1756.25 mean 806.17
100 scores: min 752.50 	1.00/2.00/3/1.00/1 	max 1768.25 mean 806.73
100 scores: min 752.50 	1.00/2.00/3/1.00/1 	max 1754.75 mean 803.41
100 scores: min 752.50 	1.00/2.00/3/1.00/1 	max 772.75 mean 756.51
100 scores: min 752.50 	1.00/2.00/3/1.00/1 	max 1760.50 mean 766.23
100 scores: min 752.50 	1.00/2.00/3/1.00/1 	max 1756.25 mean 773.14
100 scores: min 752.50 	1.00/2.00/3/1.00/1 	max 1754.75 mean 766.30
100 scores: min 752.50 	1.00/2.00/3/1.00/1 	max 1756.25 mean 801.04
100 scores: min 752.50 	1.00/2.00/3/1.00/1 	max 1762.50 mean 795.25
100 scores: min 752.50 	1.00/2.00/3/1.00/1 	max 1771.75 mean 825.88
100 scores: min 752.50 	1.00/2.00/3/1.00/1 	max 1755.75 mean 794.00
100 scores: min 752.50 	1.00/2.00/3/1.00/1 	max 1754.75 mean 776.75
100 scores: min 752.50 	1.00/2.00/3/1.00/1 	max 1764.50 mean 820.82
100 scores: min 752.50 	1.00/2.00/3/1.00/1 	max 1761.75 mean 846.16
100 scores: min 752.50 	1.00/2.00/3/1.00/1 	max 1755.25 mean 813.77
100 scores: min 752.50 	1.00/2.00/3/1.00/1 	max 1768.50 mean 793.56
100 scores: min 752.50 	1.00/2.00/3/1.00/1 	max 1773.50 mean 776.53
100 scores: min 752.50 	1.00/2.00/3/1.00/1 	max 1765.00 mean 775.77
100 scores: min 752.50 	1.00/2.00/3/1.00/1 	max 1753.50 mean 765.15
100 scores: min 752.50 	1.00/2.00/3/1.00/1 	max 1763.75 mean 765.30
100 scores: min 752.50 	1.00/2.00/3/1.00/1 	max 1755.75 mean 782.50
100 scores: min 752.50 	1.00/2.00/3/1.00/1 	max 1759.25 mean 780.99
100 scores: min 752.50 	1.00/2.00/3/1.00/1 	max 1768.00 mean 813.34
100 scores: min 752.50 	1.00/2.00/3/1.00/1 	max 1755.75 mean 775.73
100 scores: min 752.50 	1.00/2.00/3/1.00/1 	max 1763.50 mean 795.44
100 scores: min 752.50 	1.00/2.00/3/1.00/1 	max 1756.00 mean 785.83
100 scores: min 752.50 	1.00/2.00/3/1.00/1 	max 1755.75 mean 783.34
100 scores: min 752.50 	1.00/2.00/3/1.00/1 	max 1766.00 mean 811.34
100 scores: min 752.50 	1.00/2.00/3/1.00/1 	max 1505.00 mean 764.19
100 scores: min 752.50 	1.00/2.00/3/1.00/1 	max 1765.25 mean 775.45
100 scores: min 752.50 	1.00/2.00/3/1.00/1 	max 1770.00 mean 785.15
100 scores: min 752.50 	1.00/2.00/3/1.00/1 	max 1755.75 mean 790.78
100 scores: min 752.50 	1.00/2.00/3/1.00/1 	max 1755.00 mean 774.50
100 scores: min 752.50 	1.00/2.00/3/1.00/1 	max 1755.75 mean 786.44
100 scores: min 752.50 	1.00/2.00/3/1.00/1 	max 1767.00 mean 796.62
100 scores: min 752.50 	1.00/2.00/3/1.00/1 	max 1766.00 mean 791.12
100 scores: min 752.50 	1.00/2.00/3/1.00/1 	max 1761.00 mean 765.82
100 scores: min 752.50 	1.00/2.00/3/1.00/1 	max 776.99 mean 755.80
100 scores: min 752.50 	1.00/2.00/3/1.00/1 	max 1764.75 mean 773.12
100 scores: min 752.50 	1.00/2.00/3/1.00/1 	max 1755.25 mean 785.80
100 scores: min 752.50 	1.00/2.00/3/1.00/1 	max 1760.00 mean 780.66
100 scores: min 752.50 	1.00/2.00/3/1.00/1 	max 1770.00 mean 824.90
100 scores: min 752.50 	1.00/2.00/3/1.00/1 	max 1770.00 mean 775.88
100 scores: min 752.50 	1.00/2.00/3/1.00/1 	max 1758.75 mean 806.04
100 scores: min 752.50 	1.00/2.00/3/1.00/1 	max 1756.25 mean 800.31
100 scores: min 752.50 	1.00/2.00/3/1.00/1 	max 1771.00 mean 783.67
100 scores: min 752.50 	1.00/2.00/3/1.00/1 	max 1755.00 mean 766.02
100 scores: min 752.50 	1.00/2.00/3/1.00/1 	max 1768.00 mean 813.73
100 scores: min 752.50 	1.00/2.00/3/1.00/1 	max 1766.25 mean 780.39
100 scores: min 752.50 	1.00/2.00/3/1.00/1 	max 1762.75 mean 765.12
100 scores: min 752.50 	1.00/2.00/3/1.00/1 	max 1761.75 mean 765.51
100 scores: min 752.50 	1.00/2.00/3/1.00/1 	max 1763.00 mean 785.48
100 scores: min 752.50 	1.00/2.00/3/1.00/1 	max 1770.75 mean 775.27
100 scores: min 752.50 	1.00/2.00/3/1.00/1 	max 1774.00 mean 785.63
100 scores: min 752.50 	1.00/2.00/3/1.00/1 	max 1763.50 mean 795.79
100 scores: min 752.50 	1.00/2.00/3/1.00/1 	max 1765.00 mean 785.27
100 scores: min 752.50 	1.00/2.00/3/1.00/1 	max 1765.25 mean 775.66
100 scores: min 752.50 	1.00/2.00/3/1.00/1 	max 1765.75 mean 785.94
100 scores: min 752.50 	1.00/2.00/3/1.00/1 	max 1756.25 mean 765.61
100 scores: min 752.50 	1.00/2.00/3/1.00/1 	max 1763.25 mean 793.69
100 scores: min 752.50 	1.00/2.00/3/1.00/1 	max 1755.00 mean 774.53
100 scores: min 752.50 	1.00/2.00/3/1.00/1 	max 1770.25 mean 805.58
100 scores: min 752.50 	1.00/2.00/3/1.00/1 	max 1769.25 mean 785.90
100 scores: min 752.50 	1.00/2.00/3/1.00/1 	max 1770.25 mean 786.78
100 scores: min 752.50 	1.00/2.00/3/1.00/1 	max 1760.25 mean 776.18
100 scores: min 752.50 	1.00/2.00/3/1.00/1 	max 1763.00 mean 775.93
100 scores: min 752.50 	1.00/2.00/3/1.00/1 	max 1753.75 mean 785.99
100 scores: min 752.50 	1.00/2.00/3/1.00/1 	max 1766.25 mean 785.93
100 scores: min 752.50 	1.00/2.00/3/1.00/1 	max 1754.25 mean 774.20
100 scores: min 752.50 	1.00/2.00/3/1.00/1 	max 1764.00 mean 785.37
100 scores: min 752.50 	1.00/2.00/3/1.00/1 	max 1768.00 mean 785.37
100 scores: min 752.50 	1.00/2.00/3/1.00/1 	max 1764.25 mean 802.81
100 scores: min 752.50 	1.00/2.00/3/1.00/1 	max 1766.50 mean 796.53
100 scores: min 752.50 	1.00/2.00/3/1.00/1 	max 1763.25 mean 775.63
100 scores: min 752.50 	1.00/2.00/3/1.00/1 	max 1754.00 mean 765.34
100 scores: min 752.50 	1.00/2.00/3/1.00/1 	max 1769.25 mean 765.42
100 scores: min 752.50 	1.00/2.00/3/1.00/1 	max 1755.25 mean 786.09
100 scores: min 752.50 	1.00/2.00/3/1.00/1 	max 1755.75 mean 773.77
100 scores: min 752.50 	1.00/2.00/3/1.00/1 	max 1766.75 mean 775.37
100 scores: min 752.50 	1.00/2.00/3/1.00/1 	max 1762.50 mean 793.58
100 scores: min 752.50 	1.00/2.00/3/1.00/1 	max 1755.75 mean 783.74
100 scores: min 752.50 	1.00/2.00/3/1.00/1 	max 1763.50 mean 775.72
100 scores: min 752.50 	1.00/2.00/3/1.00/1 	max 1764.00 mean 776.26
100 scores: min 752.50 	1.00/2.00/3/1.00/1 	max 1772.25 mean 795.05
100 scores: min 752.50 	1.00/2.00/3/1.00/1 	max 1756.25 mean 772.85
100 scores: min 752.50 	1.00/2.00/3/1.00/1 	max 1775.74 mean 783.73
100 scores: min 752.50 	1.00/2.00/3/1.00/1 	max 1766.25 mean 815.62
100 scores: min 752.50 	1.00/2.00/3/1.00/1 	max 1771.50 mean 785.00
100 scores: min 752.50 	1.00/2.00/3/1.00/1 	max 1764.50 mean 775.48
100 scores: min 752.50 	1.00/2.00/3/1.00/1 	max 1768.25 mean 803.78
100 scores: min 752.50 	1.00/2.00/3/1.00/1 	max 1753.50 mean 765.26
100 scores: min 752.50 	1.00/2.00/3/1.00/1 	max 1759.75 mean 780.37
100 scores: min 752.50 	1.00/2.00/3/1.00/1 	max 1768.50 mean 772.64
100 scores: min 752.50 	1.00/2.00/3/1.00/1 	max 1770.00 mean 775.14
100 scores: min 752.50 	1.00/2.00/3/1.00/1 	max 771.50 mean 755.82
100 scores: min 752.50 	1.00/2.00/3/1.00/1 	max 1754.00 mean 773.55
100 scores: min 752.50 	1.00/2.00/3/1.00/1 	max 1766.75 mean 792.84
100 scores: min 752.50 	1.00/2.00/3/1.00/1 	max 774.50 mean 755.52
100 scores: min 752.50 	1.00/2.00/3/1.00/1 	max 1770.75 mean 810.73
100 scores: min 752.50 	1.00/2.00/3/1.00/1 	max 1773.25 mean 820.35
100 scores: min 752.50 	1.00/2.00/3/1.00/1 	max 1762.00 mean 775.45
100 scores: min 752.50 	1.00/2.00/3/1.00/1 	max 1765.25 mean 774.70
100 scores: min 752.50 	1.00/2.00/3/1.00/1 	max 1762.75 mean 775.58
100 scores: min 752.50 	1.00/2.00/3/1.00/1 	max 1503.50 mean 763.16
100 scores: min 752.50 	1.00/2.00/3/1.00/1 	max 1756.75 mean 783.31
100 scores: min 752.50 	1.00/2.00/3/1.00/1 	max 1756.25 mean 785.28
100 scores: min 752.50 	1.00/2.00/3/1.00/1 	max 1763.50 mean 775.40
100 scores: min 752.50 	1.00/2.00/3/1.00/1 	max 1768.00 mean 803.72
100 scores: min 752.50 	1.00/2.00/3/1.00/1 	max 1769.75 mean 773.45
100 scores: min 752.50 	1.00/2.00/3/1.00/1 	max 1763.75 mean 803.57
100 scores: min 752.50 	1.00/2.00/3/1.00/1 	max 1756.25 mean 786.35
100 scores: min 752.50 	1.00/2.00/3/1.00/1 	max 1766.25 mean 807.78
100 scores: min 752.50 	1.00/2.00/3/1.00/1 	max 1755.00 mean 773.76
100 scores: min 752.50 	1.00/2.00/3/1.00/1 	max 771.00 mean 755.89
100 scores: min 752.50 	1.00/2.00/3/1.00/1 	max 1768.00 mean 803.12
100 scores: min 752.50 	1.00/2.00/3/1.00/1 	max 1507.00 mean 764.05
100 scores: min 752.50 	1.00/2.00/3/1.00/1 	max 1766.25 mean 776.88
100 scores: min 752.50 	1.00/2.00/3/1.00/1 	max 1766.50 mean 795.86
100 scores: min 752.50 	1.00/2.00/3/1.00/1 	max 1755.75 mean 781.69
100 scores: min 752.50 	1.00/2.00/3/1.00/1 	max 1766.00 mean 796.86
100 scores: min 752.50 	1.00/2.00/3/1.00/1 	max 1767.50 mean 785.98
100 scores: min 752.50 	1.00/2.00/3/1.00/1 	max 1767.75 mean 806.20
100 scores: min 752.50 	1.00/2.00/3/1.00/1 	max 1771.75 mean 795.84
100 scores: min 752.50 	1.00/2.00/3/1.00/1 	max 1766.75 mean 795.43
100 scores: min 752.50 	1.00/2.00/3/1.00/1 	max 1754.25 mean 765.88
100 scores: min 752.50 	1.00/2.00/3/1.00/1 	max 1756.25 mean 775.13
100 scores: min 752.50 	1.00/2.00/3/1.00/1 	max 1506.00 mean 762.51
100 scores: min 752.50 	1.00/2.00/3/1.00/1 	max 1769.50 mean 776.46
100 scores: min 752.50 	1.00/2.00/3/1.00/1 	max 1755.25 mean 773.47
100 scores: min 752.50 	1.00/2.00/3/1.00/1 	max 1760.50 mean 785.55
100 scores: min 752.50 	1.00/2.00/3/1.00/1 	max 1753.50 mean 773.55
100 scores: min 752.50 	1.00/2.00/3/1.00/1 	max 1755.75 mean 765.36
100 scores: min 752.50 	1.00/2.00/3/1.00/1 	max 1757.25 mean 805.84
100 scores: min 752.50 	1.00/2.00/3/1.00/1 	max 1755.75 mean 783.00
100 scores: min 752.50 	1.00/2.00/3/1.00/1 	max 1755.25 mean 776.12
100 scores: min 752.50 	1.00/2.00/3/1.00/1 	max 1770.25 mean 802.36
100 scores: min 752.50 	1.00/2.00/3/1.00/1 	max 773.25 mean 756.24
100 scores: min 752.50 	1.00/2.00/3/1.00/1 	max 1764.50 mean 785.09
100 scores: min 752.50 	1.00/2.00/3/1.00/1 	max 1753.50 mean 765.58
100 scores: min 752.50 	1.00/2.00/3/1.00/1 	max 771.00 mean 754.95
100 scores: min 752.50 	1.00/2.00/3/1.00/1 	max 1765.75 mean 795.11
100 scores: min 752.50 	1.00/2.00/3/1.00/1 	max 1760.25 mean 794.91
100 scores: min 752.50 	1.00/2.00/3/1.00/1 	max 1767.00 mean 766.05
100 scores: min 752.50 	1.00/2.00/3/1.00/1 	max 1754.00 mean 776.05
100 scores: min 752.50 	1.00/2.00/3/1.00/1 	max 1768.00 mean 775.95
100 scores: min 752.50 	1.00/2.00/3/1.00/1 	max 1754.25 mean 773.04
100 scores: min 752.50 	1.00/2.00/3/1.00/1 	max 1761.50 mean 808.33
100 scores: min 752.50 	1.00/2.00/3/1.00/1 	max 1758.75 mean 786.41
100 scores: min 752.50 	1.00/2.00/3/1.00/1 	max 1754.25 mean 766.36
100 scores: min 752.50 	1.00/2.00/3/1.00/1 	max 1507.00 mean 762.98
100 scores: min 752.50 	1.00/2.00/3/1.00/1 	max 1767.50 mean 786.09
100 scores: min 752.50 	1.00/2.00/3/1.00/1 	max 1764.50 mean 776.36
100 scores: min 752.50 	1.00/2.00/3/1.00/1 	max 1764.75 mean 803.11
100 scores: min 752.50 	1.00/2.00/3/1.00/1 	max 1512.75 mean 764.48
100 scores: min 752.50 	1.00/2.00/3/1.00/1 	max 1772.00 mean 795.56
100 scores: min 752.50 	1.00/2.00/3/1.00/1 	max 1772.00 mean 793.92
100 scores: min 752.50 	1.00/2.00/3/1.00/1 	max 1768.00 mean 775.45
100 scores: min 752.50 	1.00/2.00/3/1.00/1 	max 1755.75 mean 765.83
100 scores: min 752.50 	1.00/2.00/3/1.00/1 	max 1765.75 mean 785.61
100 scores: min 752.50 	1.00/2.00/3/1.00/1 	max 1768.75 mean 796.12
100 scores: min 752.50 	1.00/2.00/3/1.00/1 	max 1765.50 mean 784.01
100 scores: min 752.50 	1.00/2.00/3/1.00/1 	max 1754.50 mean 800.93
100 scores: min 752.50 	1.00/2.00/3/1.00/1 	max 1755.75 mean 773.77
100 scores: min 752.50 	1.00/2.00/3/1.00/1 	max 1767.50 mean 806.34
100 scores: min 752.50 	1.00/2.00/3/1.00/1 	max 1770.50 mean 814.64
100 scores: min 752.50 	1.00/2.00/3/1.00/1 	max 1772.00 mean 813.81
100 scores: min 752.50 	1.00/2.00/3/1.00/1 	max 1756.25 mean 793.63
100 scores: min 752.50 	1.00/2.00/3/1.00/1 	max 1767.50 mean 815.90
100 scores: min 752.50 	1.00/2.00/3/1.00/1 	max 1755.00 mean 776.79
100 scores: min 752.50 	1.00/2.00/3/1.00/1 	max 1770.75 mean 776.50
100 scores: min 752.50 	1.00/2.00/3/1.00/1 	max 771.50 mean 756.01
100 scores: min 752.50 	1.00/2.00/3/1.00/1 	max 1768.00 mean 795.46
100 scores: min 752.50 	1.00/2.00/3/1.00/1 	max 1755.75 mean 804.10
100 scores: min 752.50 	1.00/2.00/3/1.00/1 	max 1756.75 mean 785.70
100 scores: min 752.50 	1.00/2.00/3/1.00/1 	max 1753.75 mean 766.07
100 scores: min 752.50 	1.00/2.00/3/1.00/1 	max 1765.75 mean 796.58
100 scores: min 752.50 	1.00/2.00/3/1.00/1 	max 1768.25 mean 795.73
100 scores: min 752.50 	1.00/2.00/3/1.00/1 	max 1765.50 mean 805.91
100 scores: min 752.50 	1.00/2.00/3/1.00/1 	max 1766.75 mean 786.06
100 scores: min 752.50 	1.00/2.00/3/1.00/1 	max 1755.75 mean 796.29
100 scores: min 752.50 	1.00/2.00/3/1.00/1 	max 1771.00 mean 786.34
100 scores: min 752.50 	1.00/2.00/3/1.00/1 	max 771.50 mean 754.78
100 scores: min 752.50 	1.00/2.00/3/1.00/1 	max 1754.75 mean 766.44
100 scores: min 752.50 	1.00/2.00/3/1.00/1 	max 775.99 mean 756.68
100 scores: min 752.50 	1.00/2.00/3/1.00/1 	max 1770.25 mean 796.59
100 scores: min 752.50 	1.00/2.00/3/1.00/1 	max 1755.00 mean 764.89
100 scores: min 752.50 	1.00/2.00/3/1.00/1 	max 1763.25 mean 785.54
100 scores: min 752.50 	1.00/2.00/3/1.00/1 	max 1762.75 mean 785.94
100 scores: min 752.50 	1.00/2.00/3/1.00/1 	max 1755.00 mean 765.33
100 scores: min 752.50 	1.00/2.00/3/1.00/1 	max 1768.25 mean 775.62
100 scores: min 752.50 	1.00/2.00/3/1.00/1 	max 1769.00 mean 816.23
100 scores: min 752.50 	1.00/2.00/3/1.00/1 	max 1766.00 mean 793.76
100 scores: min 752.50 	1.00/2.00/3/1.00/1 	max 1756.75 mean 784.97
100 scores: min 752.50 	1.00/2.00/3/1.00/1 	max 1769.75 mean 806.15
100 scores: min 752.50 	1.00/2.00/3/1.00/1 	max 1763.00 mean 775.68
100 scores: min 752.50 	1.00/2.00/3/1.00/1 	max 1768.50 mean 765.51
100 scores: min 752.50 	1.00/2.00/3/1.00/1 	max 775.50 mean 755.38
100 scores: min 752.50 	1.00/2.00/3/1.00/1 	max 1769.50 mean 803.25
100 scores: min 752.50 	1.00/2.00/3/1.00/1 	max 1763.25 mean 793.79
100 scores: min 752.50 	1.00/2.00/3/1.00/1 	max 1767.50 mean 806.74
100 scores: min 752.50 	1.00/2.00/3/1.00/1 	max 1768.25 mean 792.95
100 scores: min 752.50 	1.00/2.00/3/1.00/1 	max 1769.25 mean 785.68
100 scores: min 752.50 	1.00/2.00/3/1.00/1 	max 1766.25 mean 785.81
100 scores: min 752.50 	1.00/2.00/3/1.00/1 	max 1763.00 mean 773.49
100 scores: min 752.50 	1.00/2.00/3/1.00/1 	max 1772.50 mean 780.24
100 scores: min 752.50 	1.00/2.00/3/1.00/1 	max 1763.75 mean 773.46
100 scores: min 752.50 	1.00/2.00/3/1.00/1 	max 1753.50 mean 780.68
100 scores: min 752.50 	1.00/2.00/3/1.00/1 	max 1755.25 mean 773.51
100 scores: min 752.50 	1.00/2.00/3/1.00/1 	max 1773.00 mean 775.90
100 scores: min 752.50 	1.00/2.00/3/1.00/1 	max 1766.00 mean 775.19
100 scores: min 752.50 	1.00/2.00/3/1.00/1 	max 1771.00 mean 775.06
100 scores: min 752.50 	1.00/2.00/3/1.00/1 	max 1503.50 mean 762.91
100 scores: min 752.50 	1.00/2.00/3/1.00/1 	max 1769.75 mean 793.38
100 scores: min 752.50 	1.00/2.00/3/1.00/1 	max 1765.50 mean 782.38
100 scores: min 752.50 	1.00/2.00/3/1.00/1 	max 1767.00 mean 802.89
100 scores: min 752.50 	1.00/2.00/3/1.00/1 	max 1766.50 mean 775.98
100 scores: min 752.50 	1.00/2.00/3/1.00/1 	max 771.75 mean 755.70
100 scores: min 752.50 	1.00/2.00/3/1.00/1 	max 1513.00 mean 763.03
100 scores: min 752.50 	1.00/2.00/3/1.00/1 	max 1771.00 mean 785.43
100 scores: min 752.50 	1.00/2.00/3/1.00/1 	max 1754.25 mean 766.02
100 scores: min 752.50 	1.00/2.00/3/1.00/1 	max 1767.00 mean 795.38
100 scores: min 752.50 	1.00/2.00/3/1.00/1 	max 1770.00 mean 795.72
100 scores: min 752.50 	1.00/2.00/3/1.00/1 	max 1773.00 mean 815.71
100 scores: min 752.50 	1.00/2.00/3/1.00/1 	max 775.00 mean 756.08
100 scores: min 752.50 	1.00/2.00/3/1.00/1 	max 1769.00 mean 796.00
100 scores: min 752.50 	1.00/2.00/3/1.00/1 	max 1768.50 mean 775.90
100 scores: min 752.50 	1.00/2.00/3/1.00/1 	max 1768.50 mean 773.45
100 scores: min 752.50 	1.00/2.00/3/1.00/1 	max 1756.25 mean 776.05
100 scores: min 752.50 	1.00/2.00/3/1.00/1 	max 1753.50 mean 773.50
100 scores: min 752.50 	1.00/2.00/3/1.00/1 	max 1516.25 mean 770.82
100 scores: min 752.50 	1.00/2.00/3/1.00/1 	max 770.50 mean 756.06
100 scores: min 752.50 	1.00/2.00/3/1.00/1 	max 1754.75 mean 775.74
100 scores: min 752.50 	1.00/2.00/3/1.00/1 	max 1756.50 mean 773.60
100 scores: min 752.50 	1.00/2.00/3/1.00/1 	max 1755.75 mean 775.19
100 scores: min 752.50 	1.00/2.00/3/1.00/1 	max 1755.25 mean 765.29
100 scores: min 752.50 	1.00/2.00/3/1.00/1 	max 1776.99 mean 810.89
100 scores: min 752.50 	1.00/2.00/3/1.00/1 	max 1760.25 mean 783.22
All static routes:
	609:1:16	556:1:16	585:1:16	638:1:16	799:1:16	713:3:1	713:3:1	713:3:1	846:1:1	892:1:1
All dynamic routes:
	771:1:65536	744:1:65536	980:1:65536	936:1:65536	686:1:1
Best score is 752.50
Used 1 VCs for endpoint coloring.
	Used 1 VCs.
[[32mproute[0m] 	Used 1 VCs.
[[32mproute[0m] 
StatHopsScal: 186,DynHopsScal: 3,StatHopsVec: 0,DynHopsVec: 262144
[pir] Finished 66-PlastisimPlacementCodegen to [36mfinal.place[0m in 80892.104075ms
[pir] Running 67-PlastisimDotCodegen ...[pir] Finished 67-PlastisimDotCodegen to [36mpsim.dot[0m in 269.376646ms
[pir] Running 68-PlastisimConfigCodegen ...[[33mcommand[0m] ln -f /home/yaqiz/plastisim/configs/mesh_generic.cfg /home/yaqiz/plastisim/configs/finals/DotProduct__N_1048576_ts_65536_op_1_psim_D_v0_s4/
[[33mpsim[0m] /home/yaqiz/plastisim/plastisim -f /home/yaqiz/plastisim/configs/finals/DotProduct__N_1048576_ts_65536_op_1_psim_D_v0_s4/config.psim -p /home/yaqiz/plastisim/configs/finals/DotProduct__N_1048576_ts_65536_op_1_psim_D_v0_s4/final.place -c 100000000 -l B -w 512 -q1
[[33mpsim[0m] log in /home/yaqiz/pir/out/DotProduct__N_1048576_ts_65536_op_1_psim_D_v0_s4/psim.log
Set non-priority VC slowdown to 1
Changing to config directory: /home/yaqiz/plastisim/configs/finals/DotProduct__N_1048576_ts_65536_op_1_psim_D_v0_s4
Constructing NetworkLink.
Constructing NetworkLink.
Constructing NetworkLink.
Constructing NetworkLink.
Constructing NetworkLink.
Error setting saddr = 4
Constructing NetworkLink.
Error setting daddr = 2
Constructing NetworkLink.
Error setting daddr = 35
Constructing NetworkLink.
Error setting daddr = 18
Constructing NetworkLink.
Error setting class = 0
Constructing NetworkLink.
Error setting class = 0
Constructing NetworkLink.
Error setting class = 1
Constructing NetworkLink.
Error setting lat = 2
Constructing NetworkLink.
Error setting lat = 3
Added all names to the symbol table.
Error setting lat = 3
Adding static hop for route 609 (352->135, lat 3).
Error setting saddr = 4
Adding static hop for route 556 (349->73, lat 2).
Error setting daddr = 35
Adding static hop for route 585 (349->73, lat 2).
Error setting class = 1
Adding static hop for route 638 (352->135, lat 3).
Error setting lat = 3
Adding static hop for route 799 (344->345, lat 1).
Error setting saddr = 4
Adding static hop for route 713 (259->349, lat 2).
Error setting daddr = 2
Adding static hop for route 713 (259->345, lat 3).
Error setting class = 1
Adding static hop for route 713 (259->352, lat 3).
Error setting lat = 2
Adding static hop for route 846 (259->349, lat 2).
Error setting qdiv = 512
Adding static hop for route 892 (259->352, lat 3).
Error setting sendvc = 0
Printing hop routes
Error setting saddr = 1
0	556: X, vc0
Error setting daddr = 17
	585: X, vc1
Error setting class = 1
	936: E, vc0
Error setting class = 1
1	744: S, vc0
Error setting qdiv = 512
	936: X, vc0
Error setting sendvc = 0
2	686: E, vc0
Error setting saddr = 32
	713: X, vc0
Error setting daddr = 33
	846: X, vc1
Error setting class = 0
3	686: E, vc0
Error setting class = 0
4	686: X, vc0
Error setting qdiv = 512
17	744: X, vc1
Error setting sendvc = 0
	771: X, vc0
Error setting saddr = 0
18	686: N, vc0
Error setting daddr = 1
	713: X, vc1
Error setting class = 0
	799: X, vc0
Error setting class = 0
32	609: X, vc0
Error setting qdiv = 512
	638: X, vc1
Error setting sendvc = 0
	980: E, vc0
33	771: N, vc0
	980: X, vc0
35	713: X, vc0
	892: X, vc1
Parsed placement file.
Set ejection VC at addr 2 to 0
Set ejection VC at addr 35 to 0
Set ejection VC at addr 18 to 1
Link specified in placement file.
Changing link to static with placed latencies.
Set lat 2 from 0 to 0
Set lat 3 from 0 to 1
Set lat 3 from 0 to 2
Set ejection VC at addr 35 to 1
Link specified in placement file.
Changing link to static with placed latencies.
Set lat 3 from 0 to 0
Set ejection VC at addr 2 to 1
Link specified in placement file.
Changing link to static with placed latencies.
Set lat 2 from 0 to 0
Setting quality factor slowdown of 1 for 744
Set bits per phit to 512
Set ejection VC at addr 17 to 1
Link specified in placement file.
Updating dynamic link exit VCs.
1 hops for route 744
1 hops for route 744
Set exit class for pos 0 to 1 (rt 744)
Setting quality factor slowdown of 1 for 980
Set bits per phit to 512
Set ejection VC at addr 33 to 0
Link specified in placement file.
Updating dynamic link exit VCs.
1 hops for route 980
1 hops for route 980
Set exit class for pos 0 to 0 (rt 980)
Setting quality factor slowdown of 1 for 936
Set bits per phit to 512
Set ejection VC at addr 1 to 0
Link specified in placement file.
Updating dynamic link exit VCs.
1 hops for route 936
1 hops for route 936
Set exit class for pos 0 to 0 (rt 936)
Setting quality factor slowdown of 1 for 771
Set bits per phit to 512
Set ejection VC at addr 17 to 0
Link specified in placement file.
Updating dynamic link exit VCs.
1 hops for route 771
Set exit class for pos 0 to 0 (rt 771)
1 hops for route 771
Set ejection VC at addr 32 to 0
Link specified in placement file.
Changing link to static with placed latencies.
Set lat 3 from 0 to 0
Set ejection VC at addr 0 to 0
Link specified in placement file.
Changing link to static with placed latencies.
Set lat 2 from 0 to 0
Set ejection VC at addr 32 to 1
Link specified in placement file.
Changing link to static with placed latencies.
Set lat 3 from 0 to 0
Set ejection VC at addr 0 to 1
Link specified in placement file.
Changing link to static with placed latencies.
Set lat 2 from 0 to 0
Set lat 1 from 0 to 0
Set lat 1 from 0 to 0
Set ejection VC at addr 18 to 0
Link specified in placement file.
Changing link to static with placed latencies.
Set lat 1 from 0 to 0
Setting quality factor slowdown of 1 for 686
Set bits per phit to 512
Set ejection VC at addr 4 to 0
Link specified in placement file.
Updating dynamic link exit VCs.
1 hops for route 686
1 hops for route 686
1 hops for route 686
Set exit class for pos 0 to 0 (rt 686)
1 hops for route 686
Number of network classes: 2
Child process has pid 12287
Sleeping for other message queue.
Sleeping for other message queue.
Sleeping for other message queue.
Sleeping for other message queue.
Sleeping for other message queue.
Sleeping for other message queue.
Sleeping for other message queue.
Error setting saddr = 33
Error setting daddr = 17
Error setting class = 0
Error setting class = 0
Error setting saddr = 35
Error setting daddr = 32
Error setting class = 0
Error setting lat = 3
Error setting saddr = 2
Error setting daddr = 0
Error setting class = 0
Error setting lat = 2
Error setting saddr = 35
Error setting daddr = 32
Error setting class = 1
Error setting lat = 3
Error setting saddr = 2
Error setting daddr = 0
Error setting class = 1
Error setting lat = 2
Error setting saddr = 17
Error setting daddr = 18
Error setting class = 0
Error setting lat = 1
Error setting qdiv = 512
Error setting sendvc = 0
Error setting saddr = 18
Error setting daddr = 4
Error setting class = 0
Error setting class = 0
== Loading device model file '/home/yaqiz/plastisim/configs/DDR3_micron_64M_8B_x4_sg15.ini' == 
== Loading system model file '/home/yaqiz/plastisim/configs/system.ini' == 
===== MemorySystem 0 =====
CH. 0 TOTAL_STORAGE : 4096MB | 1 Ranks | 16 Devices per rank
===== MemorySystem 1 =====
CH. 1 TOTAL_STORAGE : 4096MB | 1 Ranks | 16 Devices per rank
===== MemorySystem 2 =====
CH. 2 TOTAL_STORAGE : 4096MB | 1 Ranks | 16 Devices per rank
===== MemorySystem 3 =====
CH. 3 TOTAL_STORAGE : 4096MB | 1 Ranks | 16 Devices per rank
Set non-priority VC slowdown to 1
DRAMSim2 Clock Frequency =800000000Hz, CPU Clock Frequency=1000000000Hz
Changing to config directory: /home/yaqiz/plastisim/configs/finals/DotProduct__N_1048576_ts_65536_op_1_psim_D_v0_s4
Constructing NetworkLink.
Constructing NetworkLink.
Constructing NetworkLink.
Constructing NetworkLink.
Constructing NetworkLink.
Constructing NetworkLink.
Constructing NetworkLink.
Constructing NetworkLink.
Constructing NetworkLink.
Constructing NetworkLink.
Constructing NetworkLink.
Constructing NetworkLink.
Constructing NetworkLink.
Added all names to the symbol table.
Adding static hop for route 609 (352->135, lat 3).
Adding static hop for route 556 (349->73, lat 2).
Adding static hop for route 585 (349->73, lat 2).
Adding static hop for route 638 (352->135, lat 3).
Adding static hop for route 799 (344->345, lat 1).
Adding static hop for route 713 (259->349, lat 2).
Adding static hop for route 713 (259->345, lat 3).
Adding static hop for route 713 (259->352, lat 3).
Adding static hop for route 846 (259->349, lat 2).
Adding static hop for route 892 (259->352, lat 3).
Printing hop routes
0	556: X, vc0
	585: X, vc1
	936: E, vc0
1	744: S, vc0
	936: X, vc0
2	686: E, vc0
	713: X, vc0
	846: X, vc1
3	686: E, vc0
4	686: X, vc0
17	744: X, vc1
	771: X, vc0
18	686: N, vc0
	713: X, vc1
	799: X, vc0
32	609: X, vc0
	638: X, vc1
	980: E, vc0
33	771: N, vc0
	980: X, vc0
35	713: X, vc0
	892: X, vc1
Parsed placement file.
Set ejection VC at addr 2 to 0
Set ejection VC at addr 35 to 0
Set ejection VC at addr 18 to 1
Link specified in placement file.
Changing link to static with placed latencies.
Set lat 2 from 0 to 0
Set lat 3 from 0 to 1
Set lat 3 from 0 to 2
Set ejection VC at addr 35 to 1
Link specified in placement file.
Changing link to static with placed latencies.
Set lat 3 from 0 to 0
Set ejection VC at addr 2 to 1
Link specified in placement file.
Changing link to static with placed latencies.
Set lat 2 from 0 to 0
Setting quality factor slowdown of 1 for 744
Set bits per phit to 512
Set ejection VC at addr 17 to 1
Link specified in placement file.
Updating dynamic link exit VCs.
1 hops for route 744
1 hops for route 744
Set exit class for pos 0 to 1 (rt 744)
Setting quality factor slowdown of 1 for 980
Set bits per phit to 512
Set ejection VC at addr 33 to 0
Link specified in placement file.
Updating dynamic link exit VCs.
1 hops for route 980
1 hops for route 980
Set exit class for pos 0 to 0 (rt 980)
Setting quality factor slowdown of 1 for 936
Set bits per phit to 512
Set ejection VC at addr 1 to 0
Link specified in placement file.
Updating dynamic link exit VCs.
1 hops for route 936
1 hops for route 936
Set exit class for pos 0 to 0 (rt 936)
Setting quality factor slowdown of 1 for 771
Set bits per phit to 512
Set ejection VC at addr 17 to 0
Link specified in placement file.
Updating dynamic link exit VCs.
1 hops for route 771
Set exit class for pos 0 to 0 (rt 771)
1 hops for route 771
Set ejection VC at addr 32 to 0
Link specified in placement file.
Changing link to static with placed latencies.
Set lat 3 from 0 to 0
Set ejection VC at addr 0 to 0
Link specified in placement file.
Changing link to static with placed latencies.
Set lat 2 from 0 to 0
Set ejection VC at addr 32 to 1
Link specified in placement file.
Changing link to static with placed latencies.
Set lat 3 from 0 to 0
Set ejection VC at addr 0 to 1
Link specified in placement file.
Changing link to static with placed latencies.
Set lat 2 from 0 to 0
Set lat 1 from 0 to 0
Set lat 1 from 0 to 0
Set ejection VC at addr 18 to 0
Link specified in placement file.
Changing link to static with placed latencies.
Set lat 1 from 0 to 0
Setting quality factor slowdown of 1 for 686
Set bits per phit to 512
Set ejection VC at addr 4 to 0
Link specified in placement file.
Updating dynamic link exit VCs.
1 hops for route 686
1 hops for route 686
1 hops for route 686
Set exit class for pos 0 to 0 (rt 686)
1 hops for route 686
Number of network classes: 2
I'm the child process!
GPGPU-Sim uArch: interconnect node map (shaderID+MemID to icntID)
GPGPU-Sim uArch: Memory nodes ID start from index: 256
GPGPU-Sim uArch:    0   1   2   3   4   5   6   7   8   9  10  11  12  13  14  15
GPGPU-Sim uArch:   16  17  18  19  20  21  22  23  24  25  26  27  28  29  30  31
GPGPU-Sim uArch:   32  33  34  35  36  37  38  39  40  41  42  43  44  45  46  47
GPGPU-Sim uArch:   48  49  50  51  52  53  54  55  56  57  58  59  60  61  62  63
GPGPU-Sim uArch:   64  65  66  67  68  69  70  71  72  73  74  75  76  77  78  79
GPGPU-Sim uArch:   80  81  82  83  84  85  86  87  88  89  90  91  92  93  94  95
GPGPU-Sim uArch:   96  97  98  99 100 101 102 103 104 105 106 107 108 109 110 111
GPGPU-Sim uArch:  112 113 114 115 116 117 118 119 120 121 122 123 124 125 126 127
GPGPU-Sim uArch:  128 129 130 131 132 133 134 135 136 137 138 139 140 141 142 143
GPGPU-Sim uArch:  144 145 146 147 148 149 150 151 152 153 154 155 156 157 158 159
GPGPU-Sim uArch:  160 161 162 163 164 165 166 167 168 169 170 171 172 173 174 175
GPGPU-Sim uArch:  176 177 178 179 180 181 182 183 184 185 186 187 188 189 190 191
GPGPU-Sim uArch:  192 193 194 195 196 197 198 199 200 201 202 203 204 205 206 207
GPGPU-Sim uArch:  208 209 210 211 212 213 214 215 216 217 218 219 220 221 222 223
GPGPU-Sim uArch:  224 225 226 227 228 229 230 231 232 233 234 235 236 237 238 239
GPGPU-Sim uArch:  240 241 242 243 244 245 246 247 248 249 250 251 252 253 254 255
GPGPU-Sim uArch: interconnect node reverse map (icntID to shaderID+MemID)
GPGPU-Sim uArch: Memory nodes start from ID: 256
GPGPU-Sim uArch:    0   1   2   3   4   5   6   7   8   9  10  11  12  13  14  15
GPGPU-Sim uArch:   16  17  18  19  20  21  22  23  24  25  26  27  28  29  30  31
GPGPU-Sim uArch:   32  33  34  35  36  37  38  39  40  41  42  43  44  45  46  47
GPGPU-Sim uArch:   48  49  50  51  52  53  54  55  56  57  58  59  60  61  62  63
GPGPU-Sim uArch:   64  65  66  67  68  69  70  71  72  73  74  75  76  77  78  79
GPGPU-Sim uArch:   80  81  82  83  84  85  86  87  88  89  90  91  92  93  94  95
GPGPU-Sim uArch:   96  97  98  99 100 101 102 103 104 105 106 107 108 109 110 111
GPGPU-Sim uArch:  112 113 114 115 116 117 118 119 120 121 122 123 124 125 126 127
GPGPU-Sim uArch:  128 129 130 131 132 133 134 135 136 137 138 139 140 141 142 143
GPGPU-Sim uArch:  144 145 146 147 148 149 150 151 152 153 154 155 156 157 158 159
GPGPU-Sim uArch:  160 161 162 163 164 165 166 167 168 169 170 171 172 173 174 175
GPGPU-Sim uArch:  176 177 178 179 180 181 182 183 184 185 186 187 188 189 190 191
GPGPU-Sim uArch:  192 193 194 195 196 197 198 199 200 201 202 203 204 205 206 207
GPGPU-Sim uArch:  208 209 210 211 212 213 214 215 216 217 218 219 220 221 222 223
GPGPU-Sim uArch:  224 225 226 227 228 229 230 231 232 233 234 235 236 237 238 239
GPGPU-Sim uArch:  240 241 242 243 244 245 246 247 248 249 250 251 252 253 254 255
Parsed definitions of all elements.
Total of 15 links:
  0: ArgIn358_ArgIn380_ArgIn662
    
  1: DramAddress115
    
  2: DramAddress53
    
  3: RetimingFIFO416
    
  4: RetimingFIFO483
    
  5: RetimingFIFO454
    
  6: RetimingFIFO444
    
  7: StreamOut106
    
  8: StreamOut44
    
  9: StreamOut107
    
  10: StreamOut45
    
  11: SRAM33
    
  12: SRAM34
    
  13: Reg166
    
  14: ArgOut12
    
Total of 12 nodes:
  0: CE1028
    [StreamOut45 *4096 /1] [StreamOut44 *4096 /1]  => [RetimingFIFO454] 
  1: CE1148
    [RetimingFIFO454 *1 /1]  => [SRAM33] 
  2: CE1138
    [SRAM33 *4096 /1]  => [RetimingFIFO416] 
  3: CE1042
    [StreamOut107 *4096 /1] [StreamOut106 *4096 /1]  => [RetimingFIFO483] 
  4: CE1168
    [RetimingFIFO483 *1 /1]  => [SRAM34] 
  5: CE1158
    [SRAM34 *4096 /1]  => [RetimingFIFO444] 
  6: CE1076
    [RetimingFIFO416 *1 /1] [RetimingFIFO444 *1 /1]  => [Reg166] 
  7: CE1056
     => [ArgIn358_ArgIn380_ArgIn662] [DramAddress53] [DramAddress115] 
  8: CE1066
    [ArgOut12 *1 /1]  => 
  9: CE1090
    [ArgIn358_ArgIn380_ArgIn662 *16 /1] [Reg166 *1 /1]  => [ArgOut12] 
  10: CE1106
    [ArgIn358_ArgIn380_ArgIn662 *16 /1] [DramAddress53 *16 /1]  => [StreamOut45] [StreamOut44] 
  11: CE1124
    [ArgIn358_ArgIn380_ArgIn662 *16 /1] [DramAddress115 *16 /1]  => [StreamOut107] [StreamOut106] 

10000...
20000...
30000...
40000...
50000...
60000...
70000...
80000...
90000...
100000...
110000...
120000...
130000...
140000...
150000...
160000...
170000...
180000...
190000...
200000...
Starting remote loop
Dumping flits:
IPC layer sent 209228 msgs recvd 209228 msgs
Simulation complete at cycle: 209228
[[32mpsim[0m] Simulation complete at cycle: 209228
CE1028: Active:  31.3 Stalled:  62.6 Starved:   6.3 Total Active:    65536 Total Output:    65536 Expected Active:    65536 Last Activity: 13146 
	   65536    65536 
	DRAM:  20.05 GB/s ( 20.05 GB/s R,   0.00 GB/s W)
	ROB remaining: 0
CE1148: Active:  31.3 Stalled:   0.0 Starved:  68.7 Total Active:    65536 Total Output:    65536 Expected Active:    65536 Last Activity: 12350 
	   65536 
CE1138: Active:  31.3 Stalled:  62.6 Starved:   6.2 Total Active:    65536 Total Output:    65536 Expected Active:    65536 Last Activity: 79 
	   65536 
CE1042: Active:  31.3 Stalled:  62.6 Starved:   6.3 Total Active:    65536 Total Output:    65536 Expected Active:    65536 Last Activity: 13079 
	   65536    65536 
	DRAM:  20.05 GB/s ( 20.05 GB/s R,   0.00 GB/s W)
	ROB remaining: 0
CE1168: Active:  31.3 Stalled:   0.0 Starved:  68.7 Total Active:    65536 Total Output:    65536 Expected Active:    65536 Last Activity: 12418 
	   65536 
CE1158: Active:  31.3 Stalled:  62.7 Starved:   6.0 Total Active:    65536 Total Output:    65536 Expected Active:    65536 Last Activity: 107 
	   65536 
CE1076: Active:  31.3 Stalled:   0.0 Starved:  68.7 Total Active:    65536 Total Output:    65536 Expected Active:    65536 Last Activity: 39 
	   65536    65536 
CE1056: Active:   0.0 Stalled:   0.0 Starved: 100.0 Total Active:        1 Total Output:        1 Expected Active:        1 Last Activity: 209227 
	
CE1066: Active:   0.0 Stalled:   0.0 Starved: 100.0 Total Active:        1 Total Output:        1 Expected Active:        1 Last Activity: 1 
	       1 
CE1090: Active:   0.0 Stalled:   0.0 Starved: 100.0 Total Active:       16 Total Output:       16 Expected Active:       16 Last Activity: 31 
	      16       16 
CE1106: Active:   0.0 Stalled:   0.0 Starved: 100.0 Total Active:       16 Total Output:       16 Expected Active:       16 Last Activity: 209208 
	      16       16 
CE1124: Active:   0.0 Stalled:   0.0 Starved: 100.0 Total Active:       16 Total Output:       16 Expected Active:       16 Last Activity: 209208 
	      16       16 
Total DRAM:	  40.09 GB/s ( 40.09 GB/s R,   0.00 GB/s W)
[[32mpsim[0m] Total DRAM:	  40.09 GB/s ( 40.09 GB/s R,   0.00 GB/s W)
Pending Read: 0	 Pending Write: 0	
Sending shutdown IPC message.
IPC layer sent 209228 msgs recvd 209228 msgs
[pir] Finished 68-PlastisimConfigCodegen to [36mconfig.psim[0m in 52264.347816ms
[pir] Running 69-PlastisimDotCodegen ...[pir] Finished 69-PlastisimDotCodegen to [36mpsim.dot[0m in 190.294682ms
[pir] Running 70-AreaPowerStat ...
[pir] pcu_total_active = 65552
[pir] pmu_total_active = 131104
[pir] dag_total_active = 0
[[33mpir[0m] python /home/yaqiz/pir/out/DotProduct__N_1048576_ts_65536_op_1_psim_D_v0_s4/area_power_model.py
[[33mpir[0m] log in /home/yaqiz/pir/out/DotProduct__N_1048576_ts_65536_op_1_psim_D_v0_s4/area_power.log
router_unit_area                127695.32 (um^2)
vswitch_unit_area                    0.00 (um^2)
sswitch_unit_area                 9221.71 (um^2)
pcu_unit_area                   849000.00 (um^2)
pmu_unit_area                   532000.00 (um^2)
total_router_area                   20.43 (mm^2)
total_vswitch_area                   0.00 (um^2)
total_sswitch_area                   1.48 (mm^2)
total_pcu_area                      54.34 (mm^2)
total_pmu_area                      33.52 (mm^2)
total_net_area                      21.91 (mm^2)
total_area                         109.76 (mm^2)
router_flit_energy                  18.49 (pJ)
router_flit_energy_scalar            9.66 (pJ)
vswitch_flit_energy                  0.00 (fJ)
sswitch_flit_energy                388.18 (fJ)
total_router_energy                  4.85 (uJ)
total_vswitch_energy                 0.00 (fJ)
total_sswitch_energy                72.20 (pJ)
total_net_energy                     4.85 (uJ)
pcu_unit_energy                    224.00 (pJ)
pmu_unit_energy                    300.31 (pJ)
dag_unit_energy                     31.41 (pJ)
total_pcu_energy                    14.68 (uJ)
total_pmu_energy                    39.37 (uJ)
total_dag_energy                     0.00 (fJ)
total_energy                        58.90 (uJ)
total_router_power                  23.16 (mW)
total_vswitch_power                  0.00 (pW)
total_sswitch_power                345.09 (nW)
total_net_power                     23.16 (mW)
total_pcu_power                     70.18 (mW)
total_pmu_power                    188.18 (mW)
total_dag_power                      0.00 (pW)
total_power                        281.52 (mW)
[pir] Finished 70-AreaPowerStat to [36marea_power_model.py[0m in 1565.861828ms
[pir] Saving node prism.Session@4cde20f1 to /home/yaqiz/pir/out/DotProduct__N_1048576_ts_65536_op_1_psim_D_v0_s4/DotProduct__N_1048576_ts_65536_op_1.sess
[0m[[32msuccess[0m] [0mTotal time: 177 s, completed Aug 17, 2018 4:46:57 PM[0m
-------------PASS (DONE)------------
