Java HotSpot(TM) 64-Bit Server VM warning: ignoring option MaxPermSize=1g; support was removed in 8.0
Picked up _JAVA_OPTIONS: -Xss8192k
[0m[[0minfo[0m] [0mLoading global plugins from /home/yaqiz/.sbt/0.13/plugins[0m
[0m[[0minfo[0m] [0mLoading project definition from /home/yaqiz/pir/project[0m
[0m[[0minfo[0m] [0mSet current project to default-675fdc (in build file:/home/yaqiz/pir/)[0m
[0m[[0minfo[0m] [0mSet current project to apps (in build file:/home/yaqiz/pir/)[0m
[0m[[0minfo[0m] [0mRunning DotProduct__N_1048576_ts_65536_op_1 --out=/home/yaqiz/pir/out/DotProduct__N_1048576_ts_65536_op_1_dynamic_v0_s0 --psim-out=/home/yaqiz/plastisim/configs/finals/DotProduct__N_1048576_ts_65536_op_1_dynamic_v0_s0 --debug=false --verbose=true --dot=false --mapping=true --load-pir=true --save-pir=true --psim=true --trace=true --ctrl=true --bp=false --stat=true --net=dynamic --routing-algo=proute --proute-iter=1000 --run-psim=true --arch=MyDesign --row=16 --col=8 --topo=mesh --argin=64 --tokenout=32 --fifo-depth=4 --vfifo=4 --vc=8 --vlink=0 --slink=0[0m
[pir] args=[--load-pir=false, --run-psim=false, --trace=false, --net=static, --stat=false, --vlink=2, --slink=6, --vfifo=4, --row=16, --col=8, --topo=mesh, --routing-algo=dor, --psim-timeout=100000000, --mapping=true, --splitting=true, --save-pir=true, --load-spade=false, --save-spade=false, --splitting-algo=alias_weighted_igraph, --ctrl=true, --bp=false, --snapint=10, --snapshot=false, --dot=true, --psim=false, --arch=MyDesign, --nn=false, --dag=true, --pattern=checkerboard, --argin=20, --argout=4, --tokenout=5, --fifo-depth=10, --vc=10, --routing-cost=H-hop, --out=/home/yaqiz/pir/out/DotProduct__N_1048576_ts_65536_op_1_dynamic_v0_s0, --psim-out=/home/yaqiz/plastisim/configs/finals/DotProduct__N_1048576_ts_65536_op_1_dynamic_v0_s0, --debug=false, --verbose=true, --dot=false, --mapping=true, --load-pir=true, --save-pir=true, --psim=true, --trace=true, --ctrl=true, --bp=false, --stat=true, --net=dynamic, --routing-algo=proute, --proute-iter=1000, --run-psim=true, --arch=MyDesign, --row=16, --col=8, --topo=mesh, --argin=64, --tokenout=32, --fifo-depth=4, --vfifo=4, --vc=8, --vlink=0, --slink=0]
[pir] Output directory set to [36m/home/yaqiz/pir/out/DotProduct__N_1048576_ts_65536_op_1_dynamic_v0_s0[0m
[pir] Loading from /home/yaqiz/pir/out/DotProduct__N_1048576_ts_65536_op_1_dynamic_v0_s0/DotProduct__N_1048576_ts_65536_op_1.pir[pir] Loading PIRDesign() from /home/yaqiz/pir/out/DotProduct__N_1048576_ts_65536_op_1_dynamic_v0_s0/DotProduct__N_1048576_ts_65536_op_1.pir
[pir] Configuring spade MyDesign ...
[pir] Loading from /home/yaqiz/pir/out/DotProduct__N_1048576_ts_65536_op_1_dynamic_v0_s0/DotProduct__N_1048576_ts_65536_op_1.sess[pir] Loading prism.Session@62bfea73 from /home/yaqiz/pir/out/DotProduct__N_1048576_ts_65536_op_1_dynamic_v0_s0/DotProduct__N_1048576_ts_65536_op_1.sess
[pir] Saving node PIRDesign() to /home/yaqiz/pir/out/DotProduct__N_1048576_ts_65536_op_1_dynamic_v0_s0/DotProduct__N_1048576_ts_65536_op_1.pir
[pir] Running 50-PlastisimTraceCodegen ...[[33mcommand[0m] mkdir -p /home/yaqiz/plastisim/configs/finals/DotProduct__N_1048576_ts_65536_op_1_dynamic_v0_s0/traces
[[33mcommand[0m] mkdir -p /home/yaqiz/plastisim/configs/finals/DotProduct__N_1048576_ts_65536_op_1_dynamic_v0_s0/trace_classes
[[33mtrace[0m] /home/yaqiz/pir/bin/run_trace /home/yaqiz/pir/out/DotProduct__N_1048576_ts_65536_op_1_dynamic_v0_s0 /home/yaqiz/plastisim/configs/finals/DotProduct__N_1048576_ts_65536_op_1_dynamic_v0_s0
[[33mtrace[0m] log in /home/yaqiz/pir/out/DotProduct__N_1048576_ts_65536_op_1_dynamic_v0_s0/trace.log
[pir] Finished 50-PlastisimTraceCodegen to [36mgen_trace.scala[0m in 14786.899574ms
[pir] Running 51-PlastisimLinkAnalyzer ...[pir] Finished 51-PlastisimLinkAnalyzer in 264.37433ms
[pir] Running 52-PlastisimDotCodegen ...[pir] Finished 52-PlastisimDotCodegen to [36mpsim.dot[0m in 303.71479ms
[pir] Running 53-PlastisimCountCheck ...[pir] Finished 53-PlastisimCountCheck in 57.409768ms
[pir] Running 58-CUPruning ...[pir] Finished 58-CUPruning in 1844.313263ms
[pir] Running 59-CUPlacer ...[[32msuccess[0m] CUPlacer succeeded
[pir] Finished 59-CUPlacer in 15005.033951ms
[pir] Running 60-CUStatistics ...[pir] =========== Post-splitting CU Statistics ==================
[pir] 
[pir] number of cus=9
[pir] number of pcu = 1
[pir] - cin (0.00,0.00,0.00) sin (0.00,0.00,0.00) vin (2.00,2.00,2.00)
[pir] - cout (0.00,0.00,0.00) sout (1.00,1.00,1.00) vout (0.00,0.00,0.00)
[pir] - stages (6.00,6.00,6.00)
[pir] number of dag = 2
[pir] - cin (0.00,0.00,0.00) sin (2.00,2.00,2.00) vin (0.00,0.00,0.00)
[pir] - cout (0.00,0.00,0.00) sout (2.00,2.00,2.00) vout (0.00,0.00,0.00)
[pir] - stages (2.00,2.00,2.00)
[pir] number of pmu = 2
[pir] - cin (0.00,0.00,0.00) sin (0.00,0.00,0.00) vin (1.00,1.00,1.00)
[pir] - cout (0.00,0.00,0.00) sout (0.00,0.00,0.00) vout (1.00,1.00,1.00)
[pir] - stages (0.00,0.00,0.00)
[pir] number of dfg = 2
[pir] - cin (0.00,0.00,0.00) sin (2.00,2.00,2.00) vin (0.00,0.00,0.00)
[pir] - cout (0.00,0.00,0.00) sout (0.00,0.00,0.00) vout (1.00,1.00,1.00)
[pir] - stages (0.00,0.00,0.00)
[pir] number of scu = 1
[pir] - cin (0.00,0.00,0.00) sin (2.00,2.00,2.00) vin (0.00,0.00,0.00)
[pir] - cout (0.00,0.00,0.00) sout (1.00,1.00,1.00) vout (0.00,0.00,0.00)
[pir] - stages (1.00,1.00,1.00)
[pir] number of afg = 1
[pir] - cin (0.00,0.00,0.00) sin (1.00,1.00,1.00) vin (0.00,0.00,0.00)
[pir] - cout (0.00,0.00,0.00) sout (3.00,3.00,3.00) vout (0.00,0.00,0.00)
[pir] - stages (0.00,0.00,0.00)
[pir] compute CU = 2
[pir] memory CU = 2
[pir] mc CU = 2
[pir] Total = 4
[pir] PCU = 2 / 64 (3.13%)
[pir] PMU-comp = 1 / 63 (1.59%)
[pir] PMU-mem = 2 / 63 (3.17%)
[pir] AG-ag = 0 / 32 (0.00%)
[pir] AG-comp = 0 / 32 (0.00%)
[pir] MC = 2 / 32 (6.25%)
[pir] Finished 60-CUStatistics to [36mstat.json[0m in 1387.541738ms
[pir] Running 61-PIRNetworkDotCodegen ...[pir] Finished 61-PIRNetworkDotCodegen to [36mcontrol.dot[0m in 996.484642ms
[pir] Running 62-PIRNetworkDotCodegen ...[pir] Finished 62-PIRNetworkDotCodegen to [36mscalar.dot[0m in 813.500656ms
[pir] Running 63-PIRNetworkDotCodegen ...[pir] Finished 63-PIRNetworkDotCodegen to [36mvector.dot[0m in 1001.514371ms
[pir] Running 64-TerminalCSVCodegen ...[pir] Finished 64-TerminalCSVCodegen to [36mnode.csv[0m in 3.895577ms
[pir] Running 65-LinkCSVCodegen ...[pir] Finished 65-LinkCSVCodegen to [36mlink.csv[0m in 79.711209ms
[pir] Running 66-PlastisimPlacementCodegen ...[[33mproute[0m] /home/yaqiz/plastiroute/plastiroute -n /home/yaqiz/plastisim/configs/finals/DotProduct__N_1048576_ts_65536_op_1_dynamic_v0_s0/node.csv -l /home/yaqiz/plastisim/configs/finals/DotProduct__N_1048576_ts_65536_op_1_dynamic_v0_s0/link.csv -o /home/yaqiz/plastisim/configs/finals/DotProduct__N_1048576_ts_65536_op_1_dynamic_v0_s0/final.place -r 16 -c 8 -s1 -g /home/yaqiz/plastisim/configs/finals/DotProduct__N_1048576_ts_65536_op_1_dynamic_v0_s0/proute.dot -x0 -e 0 -i100 -p100 -t1 -d100 -a route_min_directed_valient -s0
[[33mproute[0m] log in /home/yaqiz/pir/out/DotProduct__N_1048576_ts_65536_op_1_dynamic_v0_s0/proute.log
Start scoring thread: 0
Start scoring thread: 0
100 scores: min 203.25 	1.00/1.00/4/1.25/2 	max 817.50 mean 445.99
Start scoring thread: 0
100 scores: min 202.50 	1.00/1.00/4/0.50/1 	max 804.25 mean 253.02
Start scoring thread: 0
100 scores: min 202.50 	1.00/1.00/4/0.50/1 	max 519.25 mean 231.78
Start scoring thread: 0
100 scores: min 202.50 	1.00/1.00/4/0.50/1 	max 820.50 mean 246.38
Start scoring thread: 0
100 scores: min 202.50 	1.00/1.00/4/0.50/1 	max 814.75 mean 240.23
Start scoring thread: 0
100 scores: min 202.50 	1.00/1.00/4/0.50/1 	max 820.25 mean 239.69
Start scoring thread: 0
100 scores: min 202.50 	1.00/1.00/4/0.50/1 	max 805.50 mean 254.76
Start scoring thread: 0
100 scores: min 202.50 	1.00/1.00/4/0.50/1 	max 520.50 mean 225.33
Start scoring thread: 0
100 scores: min 202.50 	1.00/1.00/4/0.50/1 	max 522.50 mean 231.42
Start scoring thread: 0
100 scores: min 202.50 	1.00/1.00/4/0.50/1 	max 524.75 mean 234.10
Start scoring thread: 0
100 scores: min 202.50 	1.00/1.00/4/0.50/1 	max 521.25 mean 236.85
Start scoring thread: 0
100 scores: min 202.50 	1.00/1.00/4/0.50/1 	max 520.75 mean 246.10
Start scoring thread: 0
100 scores: min 202.50 	1.00/1.00/4/0.50/1 	max 523.75 mean 243.13
Start scoring thread: 0
100 scores: min 202.50 	1.00/1.00/4/0.50/1 	max 814.75 mean 214.61
Start scoring thread: 0
100 scores: min 202.50 	1.00/1.00/4/0.50/1 	max 520.75 mean 236.72
Start scoring thread: 0
100 scores: min 202.50 	1.00/1.00/4/0.50/1 	max 520.00 mean 222.17
Start scoring thread: 0
100 scores: min 202.50 	1.00/1.00/4/0.50/1 	max 820.25 mean 248.76
Start scoring thread: 0
100 scores: min 202.50 	1.00/1.00/4/0.50/1 	max 818.00 mean 268.44
Start scoring thread: 0
100 scores: min 202.50 	1.00/1.00/4/0.50/1 	max 520.25 mean 227.54
Start scoring thread: 0
100 scores: min 202.50 	1.00/1.00/4/0.50/1 	max 814.25 mean 240.05
Start scoring thread: 0
100 scores: min 202.50 	1.00/1.00/4/0.50/1 	max 523.75 mean 225.05
Start scoring thread: 0
100 scores: min 202.50 	1.00/1.00/4/0.50/1 	max 523.50 mean 246.60
Start scoring thread: 0
100 scores: min 202.50 	1.00/1.00/4/0.50/1 	max 805.75 mean 233.40
Start scoring thread: 0
100 scores: min 202.50 	1.00/1.00/4/0.50/1 	max 521.75 mean 224.93
Start scoring thread: 0
100 scores: min 202.50 	1.00/1.00/4/0.50/1 	max 523.50 mean 249.30
Start scoring thread: 0
100 scores: min 202.50 	1.00/1.00/4/0.50/1 	max 521.75 mean 243.54
Start scoring thread: 0
100 scores: min 202.50 	1.00/1.00/4/0.50/1 	max 521.25 mean 221.50
Start scoring thread: 0
100 scores: min 202.50 	1.00/1.00/4/0.50/1 	max 816.00 mean 246.26
Start scoring thread: 0
100 scores: min 202.50 	1.00/1.00/4/0.50/1 	max 812.00 mean 245.56
Start scoring thread: 0
100 scores: min 202.50 	1.00/1.00/4/0.50/1 	max 518.50 mean 224.35
Start scoring thread: 0
100 scores: min 202.50 	1.00/1.00/4/0.50/1 	max 810.00 mean 237.02
Start scoring thread: 0
100 scores: min 202.50 	1.00/1.00/4/0.50/1 	max 523.25 mean 237.49
Start scoring thread: 0
100 scores: min 202.50 	1.00/1.00/4/0.50/1 	max 818.50 mean 223.96
Start scoring thread: 0
100 scores: min 202.50 	1.00/1.00/4/0.50/1 	max 818.25 mean 252.48
Start scoring thread: 0
100 scores: min 202.50 	1.00/1.00/4/0.50/1 	max 522.00 mean 233.83
Start scoring thread: 0
100 scores: min 202.50 	1.00/1.00/4/0.50/1 	max 522.75 mean 237.86
Start scoring thread: 0
100 scores: min 202.50 	1.00/1.00/4/0.50/1 	max 524.50 mean 227.59
Start scoring thread: 0
100 scores: min 202.50 	1.00/1.00/4/0.50/1 	max 818.25 mean 237.77
Start scoring thread: 0
100 scores: min 202.50 	1.00/1.00/4/0.50/1 	max 522.00 mean 256.70
Start scoring thread: 0
100 scores: min 202.50 	1.00/1.00/4/0.50/1 	max 519.25 mean 218.67
Start scoring thread: 0
100 scores: min 202.50 	1.00/1.00/4/0.50/1 	max 523.00 mean 231.22
Start scoring thread: 0
100 scores: min 202.50 	1.00/1.00/4/0.50/1 	max 815.75 mean 248.64
Start scoring thread: 0
100 scores: min 202.50 	1.00/1.00/4/0.50/1 	max 815.50 mean 237.79
Start scoring thread: 0
100 scores: min 202.50 	1.00/1.00/4/0.50/1 	max 519.00 mean 230.74
Start scoring thread: 0
100 scores: min 202.50 	1.00/1.00/4/0.50/1 	max 820.75 mean 236.38
Start scoring thread: 0
100 scores: min 202.50 	1.00/1.00/4/0.50/1 	max 522.25 mean 256.08
Start scoring thread: 0
100 scores: min 202.50 	1.00/1.00/4/0.50/1 	max 522.00 mean 236.47
Start scoring thread: 0
100 scores: min 202.50 	1.00/1.00/4/0.50/1 	max 522.50 mean 230.99
Start scoring thread: 0
100 scores: min 202.50 	1.00/1.00/4/0.50/1 	max 526.25 mean 225.16
Start scoring thread: 0
100 scores: min 202.50 	1.00/1.00/4/0.50/1 	max 521.50 mean 227.66
Start scoring thread: 0
100 scores: min 202.00 	1.00/1.00/3/0.50/1 	max 521.25 mean 230.60
Start scoring thread: 0
100 scores: min 1.50 	0.00/0.00/3/0.00/1 	max 819.50 mean 231.40
Best score is 1.50
Used 1 VCs for endpoint coloring.
	Used 1 VCs.
[[32mproute[0m] 	Used 1 VCs.
[pir] Finished 66-PlastisimPlacementCodegen to [36mfinal.place[0m in 7925.515132ms
[pir] Running 67-PlastisimDotCodegen ...[pir] Finished 67-PlastisimDotCodegen to [36mpsim.dot[0m in 182.24844ms
[pir] Running 68-PlastisimConfigCodegen ...[[33mcommand[0m] ln -f /home/yaqiz/plastisim/configs/mesh_generic.cfg /home/yaqiz/plastisim/configs/finals/DotProduct__N_1048576_ts_65536_op_1_dynamic_v0_s0/
[[33mpsim[0m] /home/yaqiz/plastisim/plastisim -f /home/yaqiz/plastisim/configs/finals/DotProduct__N_1048576_ts_65536_op_1_dynamic_v0_s0/config.psim -p /home/yaqiz/plastisim/configs/finals/DotProduct__N_1048576_ts_65536_op_1_dynamic_v0_s0/final.place -c 100000000 -l B
[[33mpsim[0m] log in /home/yaqiz/pir/out/DotProduct__N_1048576_ts_65536_op_1_dynamic_v0_s0/psim.log
Changing to config directory: /home/yaqiz/plastisim/configs/finals/DotProduct__N_1048576_ts_65536_op_1_dynamic_v0_s0
Constructing NetworkLink.
Constructing NetworkLink.
Constructing NetworkLink.
Constructing NetworkLink.
Constructing NetworkLink.
Constructing NetworkLink.
Constructing NetworkLink.
Constructing NetworkLink.
Constructing NetworkLink.
Constructing NetworkLink.
Constructing NetworkLink.
Constructing NetworkLink.
Constructing NetworkLink.
Added all names to the symbol table.
Adding static hop for route 980 (135->356, lat 1).
Adding static hop for route 936 (73->355, lat 1).
Adding static hop for route 771 (356->344, lat 1).
Adding static hop for route 744 (355->344, lat 1).
Adding static hop for route 713 (259->349, lat 2).
Adding static hop for route 713 (259->345, lat 1).
Adding static hop for route 713 (259->352, lat 3).
Adding static hop for route 892 (259->352, lat 3).
Adding static hop for route 846 (259->349, lat 2).
Adding static hop for route 686 (345->259, lat 1).
Printing hop routes
0	556: X, vc1
	585: X, vc0
1	556: W, vc0
	585: W, vc0
	799: E, vc0
2	556: W, vc0
	585: W, vc0
	799: E, vc0
3	799: X, vc0
17	799: N, vc0
32	609: X, vc1
	638: X, vc0
33	609: W, vc0
	638: W, vc0
34	609: W, vc0
	638: W, vc0
35	609: W, vc0
	638: W, vc0
Parsed placement file.
Link specified in placement file.
Changing link to static with placed latencies.
Set lat 2 from 0 to 0
Set lat 3 from 0 to 1
Set lat 1 from 0 to 2
Link specified in placement file.
Changing link to static with placed latencies.
Set lat 3 from 0 to 0
Link specified in placement file.
Changing link to static with placed latencies.
Set lat 2 from 0 to 0
Link specified in placement file.
Changing link to static with placed latencies.
Set lat 1 from 0 to 0
Link specified in placement file.
Changing link to static with placed latencies.
Set lat 1 from 0 to 0
Link specified in placement file.
Changing link to static with placed latencies.
Set lat 1 from 0 to 0
Link specified in placement file.
Changing link to static with placed latencies.
Set lat 1 from 0 to 0
Link specified in placement file.
Updating dynamic link exit VCs.
1 hops for route 556
Set exit class for pos 0 to 1 (rt 556)
1 hops for route 556
1 hops for route 556
Link specified in placement file.
Updating dynamic link exit VCs.
1 hops for route 609
Set exit class for pos 0 to 1 (rt 609)
1 hops for route 609
1 hops for route 609
1 hops for route 609
Link specified in placement file.
Updating dynamic link exit VCs.
1 hops for route 585
Set exit class for pos 0 to 0 (rt 585)
1 hops for route 585
1 hops for route 585
Link specified in placement file.
Updating dynamic link exit VCs.
1 hops for route 638
Set exit class for pos 0 to 0 (rt 638)
1 hops for route 638
1 hops for route 638
1 hops for route 638
Set lat 1 from 0 to 0
Set lat 1 from 0 to 0
Link specified in placement file.
Changing link to static with placed latencies.
Set lat 1 from 0 to 0
Link specified in placement file.
Updating dynamic link exit VCs.
1 hops for route 799
1 hops for route 799
1 hops for route 799
Set exit class for pos 0 to 0 (rt 799)
1 hops for route 799
Child process has pid -24731
Changing to config directory: /home/yaqiz/plastisim/configs/finals/DotProduct__N_1048576_ts_65536_op_1_dynamic_v0_s0
Constructing NetworkLink.
Constructing NetworkLink.
Constructing NetworkLink.
Constructing NetworkLink.
Constructing NetworkLink.
Constructing NetworkLink.
Constructing NetworkLink.
Constructing NetworkLink.
Constructing NetworkLink.
Constructing NetworkLink.
Constructing NetworkLink.
Constructing NetworkLink.
Constructing NetworkLink.
Added all names to the symbol table.
Adding static hop for route 980 (135->356, lat 1).
Adding static hop for route 936 (73->355, lat 1).
Adding static hop for route 771 (356->344, lat 1).
Adding static hop for route 744 (355->344, lat 1).
Adding static hop for route 713 (259->349, lat 2).
Adding static hop for route 713 (259->345, lat 1).
Adding static hop for route 713 (259->352, lat 3).
Adding static hop for route 892 (259->352, lat 3).
Adding static hop for route 846 (259->349, lat 2).
Adding static hop for route 686 (345->259, lat 1).
Printing hop routes
0	556: X, vc1
	585: X, vc0
1	556: W, vc0
	585: W, vc0
	799: E, vc0
2	556: W, vc0
	585: W, vc0
	799: E, vc0
3	799: X, vc0
17	799: N, vc0
32	609: X, vc1
	638: X, vc0
33	609: W, vc0
	638: W, vc0
34	609: W, vc0
	638: W, vc0
35	609: W, vc0
	638: W, vc0
Parsed placement file.
Link specified in placement file.
Changing link to static with placed latencies.
Set lat 2 from 0 to 0
Set lat 3 from 0 to 1
Set lat 1 from 0 to 2
Link specified in placement file.
Changing link to static with placed latencies.
Set lat 3 from 0 to 0
Link specified in placement file.
Changing link to static with placed latencies.
Set lat 2 from 0 to 0
Link specified in placement file.
Changing link to static with placed latencies.
Set lat 1 from 0 to 0
Link specified in placement file.
Changing link to static with placed latencies.
Set lat 1 from 0 to 0
Link specified in placement file.
Changing link to static with placed latencies.
Set lat 1 from 0 to 0
Link specified in placement file.
Changing link to static with placed latencies.
Set lat 1 from 0 to 0
Link specified in placement file.
Updating dynamic link exit VCs.
1 hops for route 556
Set exit class for pos 0 to 1 (rt 556)
1 hops for route 556
1 hops for route 556
Link specified in placement file.
Updating dynamic link exit VCs.
1 hops for route 609
Set exit class for pos 0 to 1 (rt 609)
1 hops for route 609
1 hops for route 609
1 hops for route 609
Link specified in placement file.
Updating dynamic link exit VCs.
1 hops for route 585
Set exit class for pos 0 to 0 (rt 585)
1 hops for route 585
1 hops for route 585
Link specified in placement file.
Updating dynamic link exit VCs.
1 hops for route 638
Set exit class for pos 0 to 0 (rt 638)
1 hops for route 638
1 hops for route 638
1 hops for route 638
Set lat 1 from 0 to 0
Set lat 1 from 0 to 0
Link specified in placement file.
Changing link to static with placed latencies.
Set lat 1 from 0 to 0
Link specified in placement file.
Updating dynamic link exit VCs.
1 hops for route 799
1 hops for route 799
1 hops for route 799
Set exit class for pos 0 to 0 (rt 799)
1 hops for route 799
I'm the child process!
GPGPU-Sim uArch: interconnect node map (shaderID+MemID to icntID)
GPGPU-Sim uArch: Memory nodes ID start from index: 256
GPGPU-Sim uArch:    0   1   2   3   4   5   6   7   8   9  10  11  12  13  14  15
GPGPU-Sim uArch:   16  17  18  19  20  21  22  23  24  25  26  27  28  29  30  31
GPGPU-Sim uArch:   32  33  34  35  36  37  38  39  40  41  42  43  44  45  46  47
GPGPU-Sim uArch:   48  49  50  51  52  53  54  55  56  57  58  59  60  61  62  63
GPGPU-Sim uArch:   64  65  66  67  68  69  70  71  72  73  74  75  76  77  78  79
GPGPU-Sim uArch:   80  81  82  83  84  85  86  87  88  89  90  91  92  93  94  95
GPGPU-Sim uArch:   96  97  98  99 100 101 102 103 104 105 106 107 108 109 110 111
GPGPU-Sim uArch:  112 113 114 115 116 117 118 119 120 121 122 123 124 125 126 127
GPGPU-Sim uArch:  128 129 130 131 132 133 134 135 136 137 138 139 140 141 142 143
GPGPU-Sim uArch:  144 145 146 147 148 149 150 151 152 153 154 155 156 157 158 159
GPGPU-Sim uArch:  160 161 162 163 164 165 166 167 168 169 170 171 172 173 174 175
GPGPU-Sim uArch:  176 177 178 179 180 181 182 183 184 185 186 187 188 189 190 191
GPGPU-Sim uArch:  192 193 194 195 196 197 198 199 200 201 202 203 204 205 206 207
GPGPU-Sim uArch:  208 209 210 211 212 213 214 215 216 217 218 219 220 221 222 223
GPGPU-Sim uArch:  224 225 226 227 228 229 230 231 232 233 234 235 236 237 238 239
GPGPU-Sim uArch:  240 241 242 243 244 245 246 247 248 249 250 251 252 253 254 255
GPGPU-Sim uArch: interconnect node reverse map (icntID to shaderID+MemID)
GPGPU-Sim uArch: Memory nodes start from ID: 256
GPGPU-Sim uArch:    0   1   2   3   4   5   6   7   8   9  10  11  12  13  14  15
GPGPU-Sim uArch:   16  17  18  19  20  21  22  23  24  25  26  27  28  29  30  31
GPGPU-Sim uArch:   32  33  34  35  36  37  38  39  40  41  42  43  44  45  46  47
GPGPU-Sim uArch:   48  49  50  51  52  53  54  55  56  57  58  59  60  61  62  63
GPGPU-Sim uArch:   64  65  66  67  68  69  70  71  72  73  74  75  76  77  78  79
GPGPU-Sim uArch:   80  81  82  83  84  85  86  87  88  89  90  91  92  93  94  95
GPGPU-Sim uArch:   96  97  98  99 100 101 102 103 104 105 106 107 108 109 110 111
GPGPU-Sim uArch:  112 113 114 115 116 117 118 119 120 121 122 123 124 125 126 127
GPGPU-Sim uArch:  128 129 130 131 132 133 134 135 136 137 138 139 140 141 142 143
GPGPU-Sim uArch:  144 145 146 147 148 149 150 151 152 153 154 155 156 157 158 159
GPGPU-Sim uArch:  160 161 162 163 164 165 166 167 168 169 170 171 172 173 174 175
GPGPU-Sim uArch:  176 177 178 179 180 181 182 183 184 185 186 187 188 189 190 191
GPGPU-Sim uArch:  192 193 194 195 196 197 198 199 200 201 202 203 204 205 206 207
GPGPU-Sim uArch:  208 209 210 211 212 213 214 215 216 217 218 219 220 221 222 223
GPGPU-Sim uArch:  224 225 226 227 228 229 230 231 232 233 234 235 236 237 238 239
GPGPU-Sim uArch:  240 241 242 243 244 245 246 247 248 249 250 251 252 253 254 255
Parsed definitions of all elements.
Total of 15 links:
  0: ArgIn358_ArgIn380_ArgIn662
    
  1: DramAddress115
    
  2: DramAddress53
    
  3: RetimingFIFO444
    
  4: RetimingFIFO454
    
  5: RetimingFIFO483
    
  6: RetimingFIFO416
    
  7: StreamOut44
    
  8: StreamOut106
    
  9: StreamOut45
    
  10: StreamOut107
    
  11: SRAM34
    
  12: SRAM33
    
  13: ArgOut12
    
  14: Reg166
    
Total of 12 nodes:
  0: CE1028
    [StreamOut45 *4096 /1] [StreamOut44 *4096 /1]  => [RetimingFIFO454] 
  1: CE1148
    [RetimingFIFO454 *1 /1]  => [SRAM33] 
  2: CE1138
    [SRAM33 *4096 /1]  => [RetimingFIFO416] 
  3: CE1042
    [StreamOut107 *4096 /1] [StreamOut106 *4096 /1]  => [RetimingFIFO483] 
  4: CE1168
    [RetimingFIFO483 *1 /1]  => [SRAM34] 
  5: CE1158
    [SRAM34 *4096 /1]  => [RetimingFIFO444] 
  6: CE1076
    [RetimingFIFO416 *1 /1] [RetimingFIFO444 *1 /1]  => [Reg166] 
  7: CE1056
     => [ArgIn358_ArgIn380_ArgIn662] [DramAddress53] [DramAddress115] 
  8: CE1066
    [ArgOut12 *1 /1]  => 
  9: CE1090
    [ArgIn358_ArgIn380_ArgIn662 *16 /1] [Reg166 *1 /1]  => [ArgOut12] 
  10: CE1106
    [ArgIn358_ArgIn380_ArgIn662 *16 /1] [DramAddress53 *16 /1]  => [StreamOut45] [StreamOut44] 
  11: CE1124
    [ArgIn358_ArgIn380_ArgIn662 *16 /1] [DramAddress115 *16 /1]  => [StreamOut107] [StreamOut106] 

10000...
20000...
30000...
40000...
50000...
60000...
70000...
80000...
90000...
100000...
110000...
120000...
130000...
140000...
150000...
160000...
170000...
Simulation complete at cycle: 173037
[[32mpsim[0m] Simulation complete at cycle: 173037
CE1028: Active:  37.9 Stalled:   0.0 Starved:   2.6 Total Active:    65536 Total Output:    65536 Expected Active:    65536 Last Activity: 4453
[0m[[31merror[0m] [0m(Thread-17) java.lang.NumberFormatException: For input string: "65536 Total Output:    65536"[0m
java.lang.NumberFormatException: For input string: "65536 Total Output:    65536"
	at java.lang.NumberFormatException.forInputString(NumberFormatException.java:65)
	at java.lang.Long.parseLong(Long.java:589)
	at java.lang.Long.parseLong(Long.java:631)
	at scala.collection.immutable.StringLike.toLong(StringLike.scala:306)
	at scala.collection.immutable.StringLike.toLong$(StringLike.scala:306)
	at scala.collection.immutable.StringOps.toLong(StringOps.scala:29)
	at pir.codegen.PlastisimConfigCodegen.$anonfun$processOutput$1(PlastisimConfigCodegen.scala:55)
	at pir.codegen.PlastisimConfigCodegen.$anonfun$processOutput$1$adapted(PlastisimConfigCodegen.scala:54)
	at scala.Option.foreach(Option.scala:257)
	at pir.codegen.PlastisimConfigCodegen.processOutput(PlastisimConfigCodegen.scala:54)
	at pir.codegen.PlastisimConfigCodegen.$anonfun$runPsim$5(PlastisimConfigCodegen.scala:82)
	at pir.codegen.PlastisimConfigCodegen.$anonfun$runPsim$5$adapted(PlastisimConfigCodegen.scala:82)
	at prism.util.Misc.$anonfun$shell$7(Misc.scala:88)
	at prism.util.Misc.$anonfun$shell$7$adapted(Misc.scala:88)
	at scala.Option.foreach(Option.scala:257)
	at prism.util.Misc.$anonfun$shell$5(Misc.scala:88)
	at prism.util.Misc.$anonfun$shell$5$adapted(Misc.scala:88)
	at scala.sys.process.ProcessLogger$$anon$1.out(ProcessLogger.scala:97)
	at scala.sys.process.BasicIO$.$anonfun$processOutFully$1(BasicIO.scala:136)
	at scala.sys.process.BasicIO$.$anonfun$processOutFully$1$adapted(BasicIO.scala:136)
	at scala.sys.process.BasicIO$.readFully$1(BasicIO.scala:184)
	at scala.sys.process.BasicIO$.$anonfun$processFully$1$adapted(BasicIO.scala:188)
	at scala.sys.process.ProcessBuilderImpl$Simple.$anonfun$run$3(ProcessBuilderImpl.scala:76)
	at scala.sys.process.ProcessImpl$Spawn$$anon$1.run(ProcessImpl.scala:23)
[0m[[31mtrace[0m] [0mStack trace suppressed: run [34mlast apps/compile:runMain[0m for the full output.[0m
[pir] Finished 68-PlastisimConfigCodegen to [36mconfig.psim[0m in 38259.477078ms
[pir] Running 69-PlastisimDotCodegen ...[pir] Finished 69-PlastisimDotCodegen to [36mpsim.dot[0m in 152.187322ms
[pir] Saving node prism.Session@62bfea73 to /home/yaqiz/pir/out/DotProduct__N_1048576_ts_65536_op_1_dynamic_v0_s0/DotProduct__N_1048576_ts_65536_op_1.sess
[0m[[32msuccess[0m] [0mTotal time: 93 s, completed Aug 1, 2018 7:47:08 PM[0m
-------------PASS (DONE)------------
