Java HotSpot(TM) 64-Bit Server VM warning: ignoring option MaxPermSize=1g; support was removed in 8.0
Picked up _JAVA_OPTIONS: -Xss8192k
[0m[[0minfo[0m] [0mLoading global plugins from /home/yaqiz/.sbt/0.13/plugins[0m
[0m[[0minfo[0m] [0mLoading project definition from /home/yaqiz/pir/project[0m
[0m[[0minfo[0m] [0mSet current project to default-675fdc (in build file:/home/yaqiz/pir/)[0m
[0m[[0minfo[0m] [0mSet current project to apps (in build file:/home/yaqiz/pir/)[0m
[0m[[0minfo[0m] [0mRunning OuterProduct__M_4096_N_4096_ts1_64_ts2_1024_op1_1_op2_2_ip2_16_ip1_1 --out=/home/yaqiz/pir/out/OuterProduct__M_4096_N_4096_ts1_64_ts2_1024_op1_1_op2_2_ip2_16_ip1_1_psim_v3_s4_cd --psim-out=/home/yaqiz/plastisim/configs/finals/OuterProduct__M_4096_N_4096_ts1_64_ts2_1024_op1_1_op2_2_ip2_16_ip1_1_psim_v3_s4_cd --debug=false --verbose=true --dot=false --load-pir=true --save-pir=true --psim=true --trace=true --ctrl=true --bp=false --stat=true --routing-algo=proute --proute-iter=1000 --run-psim=true --arch=MyDesign --row=16 --col=8 --topo=mesh --argin=64 --tokenout=32 --pcu-stage=6 --vc=4 --net=static --vlink=3 --slink=4 --fifo-depth=4 --vfifo=4 --link-prop=cd --flit-width=512[0m
[pir] args=[--load-pir=true, --run-psim=false, --trace=false, --net=static, --stat=false, --vlink=2, --slink=4, --vfifo=4, --row=16, --col=8, --topo=mesh, --routing-algo=proute, --psim-timeout=100000000, --mapping=true, --splitting=true, --save-pir=true, --load-spade=false, --save-spade=false, --splitting-algo=alias_weighted_igraph, --ctrl=true, --bp=false, --snapint=10, --snapshot=false, --dot=true, --psim=true, --arch=MyDesign, --nn=false, --dag=true, --pattern=checkerboard, --argin=20, --argout=4, --tokenout=5, --fifo-depth=10, --vc=10, --routing-cost=H-hop, --out=/home/yaqiz/pir/out/OuterProduct__M_4096_N_4096_ts1_64_ts2_1024_op1_1_op2_2_ip2_16_ip1_1_psim_v3_s4_cd, --psim-out=/home/yaqiz/plastisim/configs/finals/OuterProduct__M_4096_N_4096_ts1_64_ts2_1024_op1_1_op2_2_ip2_16_ip1_1_psim_v3_s4_cd, --debug=false, --verbose=true, --dot=false, --load-pir=true, --save-pir=true, --psim=true, --trace=true, --ctrl=true, --bp=false, --stat=true, --routing-algo=proute, --proute-iter=1000, --run-psim=true, --arch=MyDesign, --row=16, --col=8, --topo=mesh, --argin=64, --tokenout=32, --pcu-stage=6, --vc=4, --net=static, --vlink=3, --slink=4, --fifo-depth=4, --vfifo=4, --link-prop=cd, --flit-width=512]
[pir] Output directory set to [36m/home/yaqiz/pir/out/OuterProduct__M_4096_N_4096_ts1_64_ts2_1024_op1_1_op2_2_ip2_16_ip1_1_psim_v3_s4_cd[0m
[pir] Loading from /home/yaqiz/pir/out/OuterProduct__M_4096_N_4096_ts1_64_ts2_1024_op1_1_op2_2_ip2_16_ip1_1_psim_v3_s4_cd/OuterProduct__M_4096_N_4096_ts1_64_ts2_1024_op1_1_op2_2_ip2_16_ip1_1.pir[pir] Loading PIRDesign() from /home/yaqiz/pir/out/OuterProduct__M_4096_N_4096_ts1_64_ts2_1024_op1_1_op2_2_ip2_16_ip1_1_psim_v3_s4_cd/OuterProduct__M_4096_N_4096_ts1_64_ts2_1024_op1_1_op2_2_ip2_16_ip1_1.pir
[pir] Configuring spade MyDesign ...
[pir] Loading from /home/yaqiz/pir/out/OuterProduct__M_4096_N_4096_ts1_64_ts2_1024_op1_1_op2_2_ip2_16_ip1_1_psim_v3_s4_cd/OuterProduct__M_4096_N_4096_ts1_64_ts2_1024_op1_1_op2_2_ip2_16_ip1_1.sess[pir] Loading prism.Session@2ff6939 from /home/yaqiz/pir/out/OuterProduct__M_4096_N_4096_ts1_64_ts2_1024_op1_1_op2_2_ip2_16_ip1_1_psim_v3_s4_cd/OuterProduct__M_4096_N_4096_ts1_64_ts2_1024_op1_1_op2_2_ip2_16_ip1_1.sess
[pir] Saving node PIRDesign() to /home/yaqiz/pir/out/OuterProduct__M_4096_N_4096_ts1_64_ts2_1024_op1_1_op2_2_ip2_16_ip1_1_psim_v3_s4_cd/OuterProduct__M_4096_N_4096_ts1_64_ts2_1024_op1_1_op2_2_ip2_16_ip1_1.pir
[pir] Running 53-PlastisimDotCodegen ...[pir] Finished 53-PlastisimDotCodegen to [36mpsim.dot[0m in 1906.390386ms
[pir] Running 54-ControllerDotCodegen ...[pir] Finished 54-ControllerDotCodegen to [36mcontroller.dot[0m in 673.075387ms
[pir] Running 55-PIRIRDotCodegen ...[pir] Finished 55-PIRIRDotCodegen to [36mtop.dot[0m in 1003.338469ms
[pir] Running 56-SimpleIRDotCodegen ...[pir] Finished 56-SimpleIRDotCodegen to [36msimple.dot[0m in 317.923406ms
[pir] Running 58-CUPruning ...[pir] Finished 58-CUPruning in 1426.337574ms
[pir] Running 59-CUPlacer ...[[32msuccess[0m] CUPlacer succeeded
[pir] Finished 59-CUPlacer in 448482.463806ms
[pir] Running 60-CUStatistics ...[pir] =========== Post-splitting CU Statistics ==================
[pir] number of cus=21
[pir] number of ocu = 2
[pir] - cin (1.00,1.00,1.00) sin (2.00,2.00,2.00) vin (0.00,0.00,0.00)
[pir] - cout (1.00,1.00,1.00) sout (0.00,0.00,0.00) vout (0.00,0.00,0.00)
[pir] - stages (0.00,0.00,0.00)
[pir] number of pcu = 2
[pir] - cin (0.00,0.00,0.00) sin (0.00,0.00,0.00) vin (2.00,2.00,2.00)
[pir] - cout (0.00,0.00,0.00) sout (0.00,0.00,0.00) vout (1.00,1.00,1.00)
[pir] - stages (1.00,1.00,1.00)
[pir] number of dag = 5
[pir] - cin (0.00,0.00,0.00) sin (2.00,2.80,3.00) vin (0.00,0.00,0.00)
[pir] - cout (0.00,0.00,0.00) sout (2.00,2.00,2.00) vout (0.00,0.00,0.00)
[pir] - stages (2.00,3.20,5.00)
[pir] number of pmu = 6
[pir] - cin (0.00,0.00,0.00) sin (0.00,0.67,2.00) vin (1.00,1.00,1.00)
[pir] - cout (0.00,0.00,0.00) sout (0.00,0.00,0.00) vout (1.00,1.00,1.00)
[pir] - stages (0.00,1.33,4.00)
[pir] number of dfg = 5
[pir] - cin (0.00,0.00,0.00) sin (2.00,2.00,2.00) vin (0.00,0.40,1.00)
[pir] - cout (0.00,0.40,1.00) sout (0.00,0.00,0.00) vout (0.00,0.60,1.00)
[pir] - stages (0.00,0.00,0.00)
[pir] number of afg = 1
[pir] - cin (2.00,2.00,2.00) sin (0.00,0.00,0.00) vin (0.00,0.00,0.00)
[pir] - cout (0.00,0.00,0.00) sout (7.00,7.00,7.00) vout (0.00,0.00,0.00)
[pir] - stages (0.00,0.00,0.00)
[pir] compute CU = 4
[pir] memory CU = 6
[pir] mc CU = 5
[pir] Total = 9
[pir] PCU = 7 / 64 (10.94%)
[pir] PMU-comp = 0 / 64 (0.00%)
[pir] PMU-mem = 6 / 64 (9.38%)
[pir] AG-ag = 0 / 34 (0.00%)
[pir] AG-comp = 1 / 34 (2.94%)
[pir] MC = 5 / 34 (14.71%)
[pir] Finished 60-CUStatistics to [36mstat.json[0m in 872.8994ms
[pir] Running 61-PIRNetworkDotCodegen ...[pir] Finished 61-PIRNetworkDotCodegen to [36mcontrol.dot[0m in 1271.464312ms
[pir] Running 62-PIRNetworkDotCodegen ...[pir] Finished 62-PIRNetworkDotCodegen to [36mscalar.dot[0m in 921.727791ms
[pir] Running 63-PIRNetworkDotCodegen ...[pir] Finished 63-PIRNetworkDotCodegen to [36mvector.dot[0m in 831.562682ms
[pir] Running 64-TerminalCSVCodegen ...[pir] Finished 64-TerminalCSVCodegen to [36mnode.csv[0m in 5.319771ms
[pir] Running 65-LinkCSVCodegen ...[pir] Finished 65-LinkCSVCodegen to [36mlink.csv[0m in 629.180805ms
[pir] Running 66-PlastisimPlacementCodegen ...[[32mpir[0m] 
StatHopsCtrl: 3670051,StatHopsScal: 101067,StatHopsVec: 11584512
[pir] Finished 66-PlastisimPlacementCodegen to [36mfinal.place[0m in 869.397743ms
[pir] Running 67-PlastisimDotCodegen ...[pir] Finished 67-PlastisimDotCodegen to [36mpsim.dot[0m in 1312.12212ms
[pir] Running 68-PlastisimConfigCodegen ...[[33mcommand[0m] ln -f /home/yaqiz/plastisim/configs/mesh_generic.cfg /home/yaqiz/plastisim/configs/finals/OuterProduct__M_4096_N_4096_ts1_64_ts2_1024_op1_1_op2_2_ip2_16_ip1_1_psim_v3_s4_cd/
[[33mpsim[0m] /home/yaqiz/plastisim/plastisim -f /home/yaqiz/plastisim/configs/finals/OuterProduct__M_4096_N_4096_ts1_64_ts2_1024_op1_1_op2_2_ip2_16_ip1_1_psim_v3_s4_cd/config.psim -p /home/yaqiz/plastisim/configs/finals/OuterProduct__M_4096_N_4096_ts1_64_ts2_1024_op1_1_op2_2_ip2_16_ip1_1_psim_v3_s4_cd/final.place -c 100000000 -l C -w 512 -q1
[[33mpsim[0m] log in /home/yaqiz/pir/out/OuterProduct__M_4096_N_4096_ts1_64_ts2_1024_op1_1_op2_2_ip2_16_ip1_1_psim_v3_s4_cd/psim.log
Set non-priority VC slowdown to 1
Error setting saddr = 0
Error setting daddr = 0
Changing to config directory: /home/yaqiz/plastisim/configs/finals/OuterProduct__M_4096_N_4096_ts1_64_ts2_1024_op1_1_op2_2_ip2_16_ip1_1_psim_v3_s4_cd
Constructing NetworkLink.
Constructing NetworkLink.
Constructing NetworkLink.
Constructing NetworkLink.
Constructing NetworkLink.
Constructing NetworkLink.
Constructing NetworkLink.
Constructing NetworkLink.
Constructing NetworkLink.
Constructing NetworkLink.
Constructing NetworkLink.
Constructing NetworkLink.
Constructing NetworkLink.
Constructing NetworkLink.
Constructing NetworkLink.
Error setting daddr = 0
Constructing NetworkLink.
Error setting daddr = 0
Constructing NetworkLink.
Error setting daddr = 0
Constructing NetworkLink.
Error setting daddr = 0
Constructing NetworkLink.
Error setting daddr = 0
Constructing NetworkLink.
Error setting daddr = 0
Constructing NetworkLink.
Error setting daddr = 0
Constructing NetworkLink.
Error setting class = 0
Constructing NetworkLink.
Error setting class = 0
Constructing NetworkLink.
Error setting class = 0
Constructing NetworkLink.
Error setting class = 0
Constructing NetworkLink.
Error setting class = 0
Constructing NetworkLink.
Error setting class = 0
Constructing NetworkLink.
Error setting class = 0
Constructing NetworkLink.
Error setting class = 0
Constructing NetworkLink.
Error setting lat = 14
Constructing NetworkLink.
Error setting lat = 19
Constructing NetworkLink.
Error setting lat = 18
Added all names to the symbol table.
Error setting lat = 17
Adding static hop for route 1707 (877->78, lat 4).
Error setting lat = 16
Adding static hop for route 1736 (877->78, lat 5).
Error setting lat = 14
Adding static hop for route 1760 (895->183, lat 4).
Error setting lat = 15
Adding static hop for route 1789 (895->183, lat 5).
Error setting lat = 13
Adding static hop for route 2961 (183->911, lat 3).
Error setting saddr = 0
Adding static hop for route 1813 (898->252, lat 3).
Error setting daddr = 0
Adding static hop for route 1842 (898->252, lat 4).
Error setting class = 0
Adding static hop for route 3006 (252->912, lat 3).
Error setting lat = 15
Adding static hop for route 2386 (678->877, lat 15).
Error setting saddr = 0
Adding static hop for route 2280 (678->877, lat 17).
Error setting daddr = 0
Adding static hop for route 2560 (678->895, lat 13).
Error setting class = 0
Adding static hop for route 2310 (678->895, lat 13).
Error setting lat = 13
Adding static hop for route 2280 (678->895, lat 13).
Error setting saddr = 0
Adding static hop for route 2630 (678->898, lat 13).
Error setting daddr = 0
Adding static hop for route 2310 (678->898, lat 14).
Error setting class = 0
Adding static hop for route 2280 (678->898, lat 14).
Error setting lat = 13
Adding static hop for route 2707 (678->901, lat 17).
Error setting saddr = 0
Adding static hop for route 2310 (678->901, lat 17).
Error setting daddr = 0
Adding static hop for route 2280 (678->901, lat 18).
Error setting class = 0
Adding static hop for route 2784 (678->905, lat 15).
Error setting lat = 3
Adding static hop for route 2310 (678->905, lat 15).
Error setting saddr = 0
Adding static hop for route 2280 (678->905, lat 16).
Error setting daddr = 0
Adding static hop for route 3054 (889->913, lat 2).
Error setting class = 0
Adding static hop for route 1866 (901->545, lat 2).
Error setting lat = 4
Adding static hop for route 1895 (901->545, lat 3).
Error setting saddr = 0
Adding static hop for route 1919 (913->545, lat 3).
Error setting daddr = 0
Adding static hop for route 3102 (890->914, lat 3).
Error setting class = 0
Adding static hop for route 1944 (905->666, lat 3).
Error setting lat = 2
Adding static hop for route 1973 (905->666, lat 4).
Error setting saddr = 0
Adding static hop for route 1997 (914->666, lat 4).
Error setting daddr = 0
Adding static hop for route 2102 (806->678, lat 17).
Error setting class = 0
Adding static hop for route 2209 (849->678, lat 18).
Error setting lat = 2
Adding static hop for route 2233 (545->806, lat 4).
Error setting saddr = 0
Adding static hop for route 2280 (678->806, lat 19).
Error setting daddr = 0
Adding static hop for route 2310 (678->806, lat 19).
Error setting class = 0
Adding static hop for route 2256 (666->849, lat 3).
Error setting lat = 2
Adding static hop for route 2280 (678->849, lat 18).
Error setting saddr = 0
Adding static hop for route 2310 (678->849, lat 18).
Error setting daddr = 0
Adding static hop for route 2852 (78->909, lat 2).
Error setting class = 0
Adding static hop for route 2310 (678->909, lat 16).
Error setting lat = 2
Adding static hop for route 2280 (678->909, lat 16).
Error setting saddr = 0
Adding static hop for route 2852 (78->910, lat 3).
Error setting daddr = 0
Adding static hop for route 2310 (678->910, lat 14).
Adding static hop for route 2280 (678->910, lat 14).
Adding static hop for route 2410 (909->889, lat 2).
Adding static hop for route 2437 (911->889, lat 2).
Adding static hop for route 2462 (910->890, lat 2).
Adding static hop for route 2489 (912->890, lat 4).
Printing hop routes
Parsed placement file.
Set ejection VC at addr 0 to 0
Set ejection VC at addr 0 to 0
Set ejection VC at addr 0 to 0
Set ejection VC at addr 0 to 0
Set ejection VC at addr 0 to 0
Set ejection VC at addr 0 to 0
Set ejection VC at addr 0 to 0
Set ejection VC at addr 0 to 0
Link specified in placement file.
Changing link to static with placed latencies.
Error setting class = 0
Set lat 15 from 0 to 0
Error setting lat = 3
Set lat 20 from 0 to 1
Error setting saddr = 0
Set lat 19 from 0 to 2
Error setting daddr = 0
Set lat 18 from 0 to 3
Error setting class = 0
Set lat 17 from 0 to 4
Error setting lat = 3
Set lat 15 from 0 to 5
Error setting saddr = 0
Set lat 16 from 0 to 6
Error setting daddr = 0
Set lat 14 from 0 to 7
Error setting class = 0
Set lat 1 from 0 to 0
Error setting lat = 3
Set lat 1 from 0 to 0
Error setting saddr = 0
Set ejection VC at addr 0 to 0
Error setting daddr = 0
Link specified in placement file.
Error setting class = 0
Changing link to static with placed latencies.
Error setting lat = 2
Set lat 16 from 0 to 0
Error setting saddr = 0
Set ejection VC at addr 0 to 0
Error setting daddr = 0
Link specified in placement file.
Error setting class = 0
Changing link to static with placed latencies.
Error setting lat = 3
Set lat 14 from 0 to 0
Error setting saddr = 0
Set ejection VC at addr 0 to 0
Error setting daddr = 0
Link specified in placement file.
Error setting class = 0
Changing link to static with placed latencies.
Error setting lat = 4
Set lat 14 from 0 to 0
Error setting saddr = 0
Set ejection VC at addr 0 to 0
Error setting daddr = 0
Link specified in placement file.
Error setting class = 0
Changing link to static with placed latencies.
Error setting lat = 4
Set lat 4 from 0 to 0
Error setting saddr = 0
Set ejection VC at addr 0 to 0
Error setting daddr = 0
Link specified in placement file.
Error setting class = 0
Changing link to static with placed latencies.
Error setting lat = 4
Set lat 5 from 0 to 0
Error setting saddr = 0
Set ejection VC at addr 0 to 0
Error setting daddr = 0
Link specified in placement file.
Error setting class = 0
Changing link to static with placed latencies.
Error setting lat = 3
Set lat 3 from 0 to 0
Error setting saddr = 0
Set ejection VC at addr 0 to 0
Error setting daddr = 0
Link specified in placement file.
Error setting class = 0
Changing link to static with placed latencies.
Error setting lat = 4
Set lat 3 from 0 to 0
Error setting saddr = 0
Set ejection VC at addr 0 to 0
Error setting daddr = 0
Link specified in placement file.
Error setting class = 0
Changing link to static with placed latencies.
Error setting lat = 5
Set lat 3 from 0 to 0
Error setting saddr = 0
Set ejection VC at addr 0 to 0
Error setting daddr = 0
Link specified in placement file.
Error setting class = 0
Changing link to static with placed latencies.
Error setting lat = 5
Set lat 3 from 0 to 0
Error setting saddr = 0
Set ejection VC at addr 0 to 0
Error setting daddr = 0
Link specified in placement file.
Error setting daddr = 0
Changing link to static with placed latencies.
Error setting class = 0
Set lat 4 from 0 to 0
Error setting class = 0
Set ejection VC at addr 0 to 0
Error setting lat = 2
Link specified in placement file.
Error setting lat = 3
Changing link to static with placed latencies.
Error setting saddr = 0
Set lat 4 from 0 to 0
Error setting daddr = 0
Set ejection VC at addr 0 to 0
Error setting class = 0
Link specified in placement file.
Error setting lat = 17
Changing link to static with placed latencies.
Error setting saddr = 0
Set lat 4 from 0 to 0
Error setting daddr = 0
Set ejection VC at addr 0 to 0
Error setting class = 0
Link specified in placement file.
Error setting lat = 15
Changing link to static with placed latencies.
Error setting saddr = 0
Set lat 3 from 0 to 0
Error setting daddr = 0
Set ejection VC at addr 0 to 0
Error setting class = 0
Link specified in placement file.
Error setting lat = 4
Changing link to static with placed latencies.
Error setting saddr = 0
Set lat 4 from 0 to 0
Error setting daddr = 0
Set ejection VC at addr 0 to 0
Error setting class = 0
Link specified in placement file.
Error setting lat = 3
Changing link to static with placed latencies.
Error setting saddr = 0
Set lat 5 from 0 to 0
Error setting daddr = 0
Set ejection VC at addr 0 to 0
Error setting class = 0
Link specified in placement file.
Error setting lat = 17
Changing link to static with placed latencies.
Error setting saddr = 0
Set lat 5 from 0 to 0
Error setting daddr = 0
Set lat 1 from 0 to 0
Error setting class = 0
Set lat 1 from 0 to 0
Error setting lat = 18
Set ejection VC at addr 0 to 0
Error setting saddr = 0
Link specified in placement file.
Error setting daddr = 0
Changing link to static with placed latencies.
Error setting daddr = 0
Set lat 5 from 0 to 0
Error setting daddr = 0
Set ejection VC at addr 0 to 0
Error setting daddr = 0
Link specified in placement file.
Error setting daddr = 0
Changing link to static with placed latencies.
Error setting daddr = 0
Set lat 4 from 0 to 0
Error setting daddr = 0
Set ejection VC at addr 0 to 0
Error setting daddr = 0
Link specified in placement file.
Error setting daddr = 0
Changing link to static with placed latencies.
Error setting class = 0
Set lat 5 from 0 to 0
Error setting class = 0
Set ejection VC at addr 0 to 0
Error setting class = 0
Link specified in placement file.
Error setting class = 0
Changing link to static with placed latencies.
Error setting class = 0
Set lat 6 from 0 to 0
Error setting class = 0
Set ejection VC at addr 0 to 0
Error setting class = 0
Link specified in placement file.
Error setting class = 0
Changing link to static with placed latencies.
Error setting class = 0
Set lat 6 from 0 to 0
Error setting lat = 14
Set lat 1 from 0 to 0
Error setting lat = 19
Set lat 1 from 0 to 0
Error setting lat = 18
Set ejection VC at addr 0 to 0
Error setting lat = 18
Set ejection VC at addr 0 to 0
Error setting lat = 16
Link specified in placement file.
Error setting lat = 14
Changing link to static with placed latencies.
Error setting lat = 16
Set lat 3 from 0 to 0
Error setting lat = 13
Set lat 4 from 0 to 1
Error setting lat = 17
Set ejection VC at addr 0 to 0
Error setting saddr = 0
Link specified in placement file.
Error setting daddr = 0
Changing link to static with placed latencies.
Error setting class = 0
Set lat 18 from 0 to 0
Error setting lat = 3
Set ejection VC at addr 0 to 0
Link specified in placement file.
Changing link to static with placed latencies.
Set lat 16 from 0 to 0
Set ejection VC at addr 0 to 0
Link specified in placement file.
Changing link to static with placed latencies.
Error setting saddr = 0
Error setting daddr = 0
Error setting class = 0
Set lat 5 from 0 to 0
Set ejection VC at addr 0 to 0
Link specified in placement file.
Changing link to static with placed latencies.
Set lat 4 from 0 to 0
Set ejection VC at addr 0 to 0
Link specified in placement file.
Changing link to static with placed latencies.
Set lat 18 from 0 to 0
Set ejection VC at addr 0 to 0
Link specified in placement file.
Changing link to static with placed latencies.
Set lat 19 from 0 to 0
Set ejection VC at addr 0 to 0
Set ejection VC at addr 0 to 0
Set ejection VC at addr 0 to 0
Set ejection VC at addr 0 to 0
Set ejection VC at addr 0 to 0
Set ejection VC at addr 0 to 0
Set ejection VC at addr 0 to 0
Set ejection VC at addr 0 to 0
Set ejection VC at addr 0 to 0
Link specified in placement file.
Changing link to static with placed latencies.
Set lat 15 from 0 to 0
Set lat 20 from 0 to 1
Set lat 19 from 0 to 2
Set lat 19 from 0 to 3
Set lat 17 from 0 to 4
Set lat 15 from 0 to 5
Set lat 17 from 0 to 6
Set lat 14 from 0 to 7
Set lat 18 from 0 to 8
Set ejection VC at addr 0 to 0
Link specified in placement file.
Changing link to static with placed latencies.
Set lat 4 from 0 to 0
Set ejection VC at addr 0 to 0
Link specified in placement file.
Changing link to static with placed latencies.
Set lat 5 from 0 to 0
Parsed definitions of all elements.
Total of 38 links:
  0: ArgIn975_ArgIn1084_ArgIn916_ArgIn1006_ArgIn2041_ArgIn2148_ArgIn2820_ArgIn2888
    
  1: SRAM132
    
  2: SRAM131
    
  3: DramAddress58
    
  4: DramAddress159
    
  5: DramAddress228
    
  6: RetimingFIFO1384
    
  7: RetimingFIFO1374
    
  8: RetimingFIFO1251
    
  9: RetimingFIFO1241
    
  10: RetimingFIFO1335
    
  11: RetimingFIFO1202
    
  12: RetimingFIFO1467
    
  13: RetimingFIFO1438
    
  14: StreamOut573
    
  15: StreamOut452
    
  16: StreamOut219
    
  17: StreamOut150
    
  18: StreamOut49
    
  19: SRAM40
    
  20: SRAM39
    
  21: StreamOut574
    
  22: StreamOut453
    
  23: StreamOut220
    
  24: StreamOut151
    
  25: StreamOut50
    
  26: SRAM287
    
  27: SRAM288
    
  28: RetimingFIFO1114_RetimingFIFO1143
    
  29: DramAddress478
    
  30: DramAddress599
    
  31: StreamIn455
    
  32: StreamIn576
    
  33: TokenOut813
    
  34: TokenOut855
    
  35: ArgIn1065_ArgIn938_ArgIn1028_ArgIn2022_ArgIn2129_ArgIn2529_ArgIn2599_ArgIn3274_ArgIn3317
    
  36: StreamOut454
    
  37: StreamOut575
    
Total of 28 nodes:
  0: CE3388
    [StreamOut50 *4 /1] [StreamOut49 *4 /1]  => [RetimingFIFO1114_RetimingFIFO1143] 
  1: CE3402
    [StreamOut151 *64 /1] [StreamOut150 *64 /1]  => [RetimingFIFO1438] 
  2: CE3740
    [RetimingFIFO1438 *1 /1]  => [SRAM131] 
  3: CE3730
    [SRAM131 *4096 /1]  => [RetimingFIFO1241] 
  4: CE3416
    [StreamOut220 *64 /1] [StreamOut219 *64 /1]  => [RetimingFIFO1467] 
  5: CE3760
    [RetimingFIFO1467 *1 /1]  => [SRAM132] 
  6: CE3750
    [SRAM132 *4096 /1]  => [RetimingFIFO1374] 
  7: CE3544
    [ArgIn1065_ArgIn938_ArgIn1028_ArgIn2022_ArgIn2129_ArgIn2529_ArgIn2599_ArgIn3274_ArgIn3317 *64 /1] [DramAddress58 *64 /1]  => [StreamOut50] [StreamOut49] 
  8: CE3592
    [ArgIn975_ArgIn1084_ArgIn916_ArgIn1006_ArgIn2041_ArgIn2148_ArgIn2820_ArgIn2888 *128 /1] [ArgIn1065_ArgIn938_ArgIn1028_ArgIn2022_ArgIn2129_ArgIn2529_ArgIn2599_ArgIn3274_ArgIn3317 *128 /1] [DramAddress159 *128 /1]  => [StreamOut151] [StreamOut150] 
  9: CE3614
    [ArgIn975_ArgIn1084_ArgIn916_ArgIn1006_ArgIn2041_ArgIn2148_ArgIn2820_ArgIn2888 *128 /1] [ArgIn1065_ArgIn938_ArgIn1028_ArgIn2022_ArgIn2129_ArgIn2529_ArgIn2599_ArgIn3274_ArgIn3317 *128 /1] [DramAddress228 *128 /1]  => [StreamOut220] [StreamOut219] 
  10: CE3636
    [ArgIn975_ArgIn1084_ArgIn916_ArgIn1006_ArgIn2041_ArgIn2148_ArgIn2820_ArgIn2888 *8192 /1] [DramAddress478 *8192 /1] [ArgIn1065_ArgIn938_ArgIn1028_ArgIn2022_ArgIn2129_ArgIn2529_ArgIn2599_ArgIn3274_ArgIn3317 *8192 /1]  => [StreamOut453] [StreamOut452] 
  11: CE3658
    [ArgIn975_ArgIn1084_ArgIn916_ArgIn1006_ArgIn2041_ArgIn2148_ArgIn2820_ArgIn2888 *8192 /1] [DramAddress599 *8192 /1] [ArgIn1065_ArgIn938_ArgIn1028_ArgIn2022_ArgIn2129_ArgIn2529_ArgIn2599_ArgIn3274_ArgIn3317 *8192 /1]  => [StreamOut574] [StreamOut573] 
  12: CE3780
    [RetimingFIFO1251 *1 /1]  => [SRAM287] 
  13: CE3770
    [SRAM287 *4096 /1]  => [StreamOut454] 
  14: CE3432
    [StreamOut453 *64 /1] [StreamOut454 *1 /1] [StreamOut452 *64 /1]  => [StreamIn455] 
  15: CE3800
    [RetimingFIFO1384 *1 /1]  => [SRAM288] 
  16: CE3790
    [SRAM288 *4096 /1]  => [StreamOut575] 
  17: CE3450
    [StreamOut574 *64 /1] [StreamOut575 *1 /1] [StreamOut573 *64 /1]  => [StreamIn576] 
  18: CE3474
     => [ArgIn975_ArgIn1084_ArgIn916_ArgIn1006_ArgIn2041_ArgIn2148_ArgIn2820_ArgIn2888] [DramAddress58] [DramAddress159] [DramAddress228] [DramAddress478] [DramAddress599] [ArgIn1065_ArgIn938_ArgIn1028_ArgIn2022_ArgIn2129_ArgIn2529_ArgIn2599_ArgIn3274_ArgIn3317] 
  19: CE3494
    [TokenOut813 *1 /1] [TokenOut855 *1 /1]  => 
  20: CE3508
    [ArgIn975_ArgIn1084_ArgIn916_ArgIn1006_ArgIn2041_ArgIn2148_ArgIn2820_ArgIn2888 *524288 /1] [ArgIn1065_ArgIn938_ArgIn1028_ArgIn2022_ArgIn2129_ArgIn2529_ArgIn2599_ArgIn3274_ArgIn3317 *524288 /1] [StreamIn455 *1 /1]  => [TokenOut813] 
  21: CE3526
    [ArgIn975_ArgIn1084_ArgIn916_ArgIn1006_ArgIn2041_ArgIn2148_ArgIn2820_ArgIn2888 *524288 /1] [ArgIn1065_ArgIn938_ArgIn1028_ArgIn2022_ArgIn2129_ArgIn2529_ArgIn2599_ArgIn3274_ArgIn3317 *524288 /1] [StreamIn576 *1 /1]  => [TokenOut855] 
  22: CE3692
    [RetimingFIFO1114_RetimingFIFO1143 *1 /1]  => [SRAM39] 
  23: CE3678
    [SRAM39 *8192 /1] [ArgIn975_ArgIn1084_ArgIn916_ArgIn1006_ArgIn2041_ArgIn2148_ArgIn2820_ArgIn2888 *524288 /1] [ArgIn1065_ArgIn938_ArgIn1028_ArgIn2022_ArgIn2129_ArgIn2529_ArgIn2599_ArgIn3274_ArgIn3317 *524288 /1]  => [RetimingFIFO1202] 
  24: CE3720
    [RetimingFIFO1114_RetimingFIFO1143 *1 /1]  => [SRAM40] 
  25: CE3706
    [SRAM40 *8192 /1] [ArgIn975_ArgIn1084_ArgIn916_ArgIn1006_ArgIn2041_ArgIn2148_ArgIn2820_ArgIn2888 *524288 /1] [ArgIn1065_ArgIn938_ArgIn1028_ArgIn2022_ArgIn2129_ArgIn2529_ArgIn2599_ArgIn3274_ArgIn3317 *524288 /1]  => [RetimingFIFO1335] 
  26: CE3560
    [RetimingFIFO1202 *1 /1] [RetimingFIFO1241 *1 /1]  => [RetimingFIFO1251] 
  27: CE3574
    [RetimingFIFO1335 *1 /1] [RetimingFIFO1374 *1 /1]  => [RetimingFIFO1384] 

Error setting lat = 4
== Loading device model file '/home/yaqiz/plastisim/configs/DDR3_micron_64M_8B_x4_sg15.ini' == 
== Loading system model file '/home/yaqiz/plastisim/configs/system.ini' == 
===== MemorySystem 0 =====
CH. 0 TOTAL_STORAGE : 4096MB | 1 Ranks | 16 Devices per rank
===== MemorySystem 1 =====
CH. 1 TOTAL_STORAGE : 4096MB | 1 Ranks | 16 Devices per rank
===== MemorySystem 2 =====
CH. 2 TOTAL_STORAGE : 4096MB | 1 Ranks | 16 Devices per rank
===== MemorySystem 3 =====
CH. 3 TOTAL_STORAGE : 4096MB | 1 Ranks | 16 Devices per rank
DRAMSim2 Clock Frequency =800000000Hz, CPU Clock Frequency=1000000000Hz
10000...
20000...
30000...
40000...
50000...
60000...
70000...
80000...
90000...
100000...
110000...
120000...
130000...
140000...
150000...
160000...
170000...
180000...
190000...
200000...
210000...
220000...
230000...
240000...
250000...
260000...
270000...
280000...
290000...
300000...
310000...
320000...
330000...
340000...
350000...
360000...
370000...
380000...
390000...
400000...
410000...
420000...
430000...
440000...
450000...
460000...
470000...
480000...
490000...
500000...
510000...
520000...
530000...
540000...
550000...
560000...
570000...
580000...
590000...
600000...
610000...
620000...
630000...
640000...
650000...
660000...
670000...
680000...
690000...
700000...
710000...
720000...
730000...
740000...
750000...
760000...
770000...
780000...
790000...
800000...
810000...
820000...
830000...
840000...
850000...
860000...
870000...
880000...
890000...
900000...
910000...
920000...
930000...
940000...
950000...
960000...
970000...
980000...
990000...
1000000...
1010000...
1020000...
1030000...
1040000...
1050000...
1060000...
1070000...
1080000...
1090000...
1100000...
1110000...
1120000...
1130000...
1140000...
1150000...
1160000...
1170000...
1180000...
1190000...
1200000...
1210000...
1220000...
1230000...
1240000...
1250000...
1260000...
1270000...
1280000...
1290000...
1300000...
1310000...
1320000...
1330000...
1340000...
1350000...
1360000...
1370000...
1380000...
1390000...
1400000...
1410000...
1420000...
1430000...
1440000...
1450000...
1460000...
1470000...
Simulation complete at cycle: 1471322
[[32mpsim[0m] Simulation complete at cycle: 1471322
CE3388: Active:   0.0 Stalled:  81.2 Starved:  79.1 Total Active:      256 Total Output:      256 Expected Active:      256 Last Activity: 1163815 
	     256      256 
	DRAM:   0.01 GB/s (  0.01 GB/s R,   0.00 GB/s W)
	ROB remaining: 0
CE3402: Active:   0.6 Stalled:  89.2 Starved:  13.3 Total Active:     8192 Total Output:     8192 Expected Active:     8192 Last Activity: 196096 
	    8192     8192 
	DRAM:   0.71 GB/s (  0.71 GB/s R,   0.00 GB/s W)
	ROB remaining: 0
CE3740: Active:   0.6 Stalled:  89.4 Starved:  10.8 Total Active:     8192 Total Output:     8192 Expected Active:     8192 Last Activity: 150621 
	    8192 
CE3730: Active:  35.6 Stalled:  59.5 Starved:   4.9 Total Active:   524288 Total Output:   524288 Expected Active:   524288 Last Activity: 71135 
	  524288 
CE3416: Active:   0.6 Stalled:  87.8 Starved:  14.7 Total Active:     8192 Total Output:     8192 Expected Active:     8192 Last Activity: 215940 
	    8192     8192 
	DRAM:   0.71 GB/s (  0.71 GB/s R,   0.00 GB/s W)
	ROB remaining: 0
CE3760: Active:   0.6 Stalled:  88.0 Starved:  12.2 Total Active:     8192 Total Output:     8192 Expected Active:     8192 Last Activity: 170546 
	    8192 
CE3750: Active:  35.6 Stalled:  58.1 Starved:   6.3 Total Active:   524288 Total Output:   524288 Expected Active:   524288 Last Activity: 92459 
	  524288 
CE3544: Active:   0.0 Stalled:   0.0 Starved: 100.0 Total Active:       64 Total Output:       64 Expected Active:       64 Last Activity: 1471104 
	      64       64 
CE3592: Active:   0.0 Stalled:  73.5 Starved:  32.0 Total Active:      128 Total Output:      128 Expected Active:      128 Last Activity: 470906 
	     128      128      128 
CE3614: Active:   0.0 Stalled:  72.2 Starved:  31.7 Total Active:      128 Total Output:      128 Expected Active:      128 Last Activity: 465957 
	     128      128      128 
CE3636: Active:   0.6 Stalled:  99.2 Starved:   0.3 Total Active:     8192 Total Output:     8192 Expected Active:     8192 Last Activity: 4507 
	    8192     8192     8192 
CE3658: Active:   0.6 Stalled:  97.6 Starved:   1.9 Total Active:     8192 Total Output:     8192 Expected Active:     8192 Last Activity: 27932 
	    8192     8192     8192 
CE3780: Active:  35.6 Stalled:  42.0 Starved:  22.7 Total Active:   524288 Total Output:   524288 Expected Active:   524288 Last Activity: 71109 
	  524288 
CE3770: Active:  35.6 Stalled:  63.9 Starved:   0.5 Total Active:   524288 Total Output:   524288 Expected Active:   524288 Last Activity: 725 
	  524288 
CE3432: Active:  35.6 Stalled:  51.6 Starved:   0.5 Total Active:   524288 Total Output:   524288 Expected Active:   524288 Last Activity: 672 
	  524288   524288   524288 
	DRAM:  22.81 GB/s (  0.00 GB/s R,  22.81 GB/s W)
	ROB remaining: 0
CE3800: Active:  35.6 Stalled:   4.7 Starved:  59.7 Total Active:   524288 Total Output:   524288 Expected Active:   524288 Last Activity: 92429 
	  524288 
CE3790: Active:  35.6 Stalled:  62.0 Starved:   2.3 Total Active:   524288 Total Output:   524288 Expected Active:   524288 Last Activity: 23883 
	  524288 
CE3450: Active:  35.6 Stalled:  32.5 Starved:   2.3 Total Active:   524288 Total Output:   524288 Expected Active:   524288 Last Activity: 23843 
	  524288   524288   524288 
	DRAM:  22.81 GB/s (  0.00 GB/s R,  22.81 GB/s W)
	ROB remaining: 0
CE3474: Active:   0.0 Stalled:   0.0 Starved: 100.0 Total Active:        1 Total Output:        1 Expected Active:        1 Last Activity: 1471321 
	
CE3494: Active:   0.0 Stalled:   0.0 Starved: 100.0 Total Active:        1 Total Output:        1 Expected Active:        1 Last Activity: 1 
	       1        1 
CE3508: Active:  35.6 Stalled:   0.0 Starved:  64.4 Total Active:   524288 Total Output:   524288 Expected Active:   524288 Last Activity: 26 
	  524288   524288   524288 
CE3526: Active:  35.6 Stalled:   0.0 Starved:  64.4 Total Active:   524288 Total Output:   524288 Expected Active:   524288 Last Activity: 23087 
	  524288   524288   524288 
CE3692: Active:   0.0 Stalled:  82.5 Starved:  33.5 Total Active:      256 Total Output:      256 Expected Active:      256 Last Activity: 253385 
	     256 
CE3678: Active:  35.6 Stalled:  59.5 Starved:   4.8 Total Active:   524288 Total Output:   524288 Expected Active:   524288 Last Activity: 71135 
	  524288   524288   524288 
CE3720: Active:   0.0 Stalled:  84.5 Starved:  18.6 Total Active:      256 Total Output:      256 Expected Active:      256 Last Activity: 272845 
	     256 
CE3706: Active:  35.6 Stalled:  58.1 Starved:   6.3 Total Active:   524288 Total Output:   524288 Expected Active:   524288 Last Activity: 92461 
	  524288   524288   524288 
CE3560: Active:  35.6 Stalled:  57.8 Starved:   6.6 Total Active:   524288 Total Output:   524288 Expected Active:   524288 Last Activity: 71123 
	  524288   524288 
CE3574: Active:  35.6 Stalled:   4.6 Starved:  59.7 Total Active:   524288 Total Output:   524288 Expected Active:   524288 Last Activity: 92440 
	  524288   524288 
Total DRAM:	  46.34 GB/s (  0.72 GB/s R,  45.61 GB/s W)
[[32mpsim[0m] Total DRAM:	  46.34 GB/s (  0.72 GB/s R,  45.61 GB/s W)
Pending Read: 0	 Pending Write: 0	
[pir] Finished 68-PlastisimConfigCodegen to [36mconfig.psim[0m in 49476.755376ms
[pir] Running 69-PlastisimDotCodegen ...[pir] Finished 69-PlastisimDotCodegen to [36mpsim.dot[0m in 1300.253685ms
[pir] Running 70-AreaPowerStat ...
[pir] pcu_total_active = 1589440
[pir] pmu_total_active = 3145856
[pir] dag_total_active = 524288
[[33mpir[0m] python /home/yaqiz/pir/out/OuterProduct__M_4096_N_4096_ts1_64_ts2_1024_op1_1_op2_2_ip2_16_ip1_1_psim_v3_s4_cd/area_power_model.py
[[33mpir[0m] log in /home/yaqiz/pir/out/OuterProduct__M_4096_N_4096_ts1_64_ts2_1024_op1_1_op2_2_ip2_16_ip1_1_psim_v3_s4_cd/area_power.log
router_unit_area                     0.00 (um^2)
vswitch_unit_area               102262.91 (um^2)
sswitch_unit_area                 7490.46 (um^2)
pcu_unit_area                   849000.00 (um^2)
pmu_unit_area                   532000.00 (um^2)
total_router_area                    0.00 (um^2)
total_vswitch_area                  15.65 (mm^2)
total_sswitch_area                   1.15 (mm^2)
total_pcu_area                      54.34 (mm^2)
total_pmu_area                      34.05 (mm^2)
total_net_area                      16.79 (mm^2)
total_area                         105.18 (mm^2)
router_flit_energy                   0.00 (fJ)
router_flit_energy_scalar            0.00 (fJ)
vswitch_flit_energy                  6.95 (pJ)
sswitch_flit_energy                206.23 (fJ)
total_router_energy                  0.00 (fJ)
total_vswitch_energy                80.47 (uJ)
total_sswitch_energy                20.84 (nJ)
total_net_energy                    80.49 (uJ)
pcu_unit_energy                    224.00 (pJ)
pmu_unit_energy                    300.31 (pJ)
dag_unit_energy                     31.41 (pJ)
total_pcu_energy                   356.03 (uJ)
total_pmu_energy                   944.74 (uJ)
total_dag_energy                    16.47 (uJ)
total_energy                         1.40 (mJ)
total_router_power                   0.00 (pW)
total_vswitch_power                 54.69 (mW)
total_sswitch_power                 14.17 (uW)
total_net_power                     54.71 (mW)
total_pcu_power                    241.98 (mW)
total_pmu_power                    642.10 (mW)
total_dag_power                     11.19 (mW)
total_power                        949.99 (mW)
[pir] Finished 70-AreaPowerStat to [36marea_power_model.py[0m in 1355.431181ms
[pir] Saving node prism.Session@2ff6939 to /home/yaqiz/pir/out/OuterProduct__M_4096_N_4096_ts1_64_ts2_1024_op1_1_op2_2_ip2_16_ip1_1_psim_v3_s4_cd/OuterProduct__M_4096_N_4096_ts1_64_ts2_1024_op1_1_op2_2_ip2_16_ip1_1.sess
[0m[[32msuccess[0m] [0mTotal time: 533 s, completed Aug 17, 2018 4:54:31 PM[0m
-------------PASS (DONE)------------
