Java HotSpot(TM) 64-Bit Server VM warning: ignoring option MaxPermSize=1g; support was removed in 8.0
Picked up _JAVA_OPTIONS: -Xss8192k
[0m[[0minfo[0m] [0mLoading global plugins from /home/yaqiz/.sbt/0.13/plugins[0m
[0m[[0minfo[0m] [0mLoading project definition from /home/yaqiz/pir/project[0m
[0m[[0minfo[0m] [0mSet current project to default-675fdc (in build file:/home/yaqiz/pir/)[0m
[0m[[0minfo[0m] [0mSet current project to apps (in build file:/home/yaqiz/pir/)[0m
[0m[[0minfo[0m] [0mRunning OuterProduct__M_4096_N_4096_ts1_64_ts2_1024_op1_1_op2_2_ip2_16_ip1_1 --out=/home/yaqiz/pir/out/OuterProduct__M_4096_N_4096_ts1_64_ts2_1024_op1_1_op2_2_ip2_16_ip1_1_psim_D_v1_s4_rq4 --psim-out=/home/yaqiz/plastisim/configs/finals/OuterProduct__M_4096_N_4096_ts1_64_ts2_1024_op1_1_op2_2_ip2_16_ip1_1_psim_D_v1_s4_rq4 --debug=false --verbose=true --dot=false --load-pir=true --save-pir=true --psim=true --trace=true --ctrl=true --bp=false --stat=true --routing-algo=proute --proute-iter=1000 --run-psim=true --arch=MyDesign --row=16 --col=8 --topo=mesh --argin=64 --tokenout=32 --pcu-stage=4 --vc=4 --net=dynamic --vlink=1 --slink=4 --fifo-depth=4 --vfifo=4 --proute-algo=route_min_directed_valient --link-prop=db --flit-width=512 --proute-q=4[0m
[pir] args=[--load-pir=true, --run-psim=false, --trace=false, --net=static, --stat=false, --vlink=2, --slink=6, --vfifo=4, --row=16, --col=8, --topo=mesh, --routing-algo=dor, --psim-timeout=100000000, --mapping=true, --splitting=true, --save-pir=true, --load-spade=false, --save-spade=false, --splitting-algo=alias_weighted_igraph, --ctrl=true, --bp=false, --snapint=10, --snapshot=false, --dot=true, --psim=false, --arch=MyDesign, --nn=false, --dag=true, --pattern=checkerboard, --argin=20, --argout=4, --tokenout=5, --fifo-depth=10, --vc=10, --routing-cost=H-hop, --out=/home/yaqiz/pir/out/OuterProduct__M_4096_N_4096_ts1_64_ts2_1024_op1_1_op2_2_ip2_16_ip1_1_psim_D_v1_s4_rq4, --psim-out=/home/yaqiz/plastisim/configs/finals/OuterProduct__M_4096_N_4096_ts1_64_ts2_1024_op1_1_op2_2_ip2_16_ip1_1_psim_D_v1_s4_rq4, --debug=false, --verbose=true, --dot=false, --load-pir=true, --save-pir=true, --psim=true, --trace=true, --ctrl=true, --bp=false, --stat=true, --routing-algo=proute, --proute-iter=1000, --run-psim=true, --arch=MyDesign, --row=16, --col=8, --topo=mesh, --argin=64, --tokenout=32, --pcu-stage=4, --vc=4, --net=dynamic, --vlink=1, --slink=4, --fifo-depth=4, --vfifo=4, --proute-algo=route_min_directed_valient, --link-prop=db, --flit-width=512, --proute-q=4]
[pir] Output directory set to [36m/home/yaqiz/pir/out/OuterProduct__M_4096_N_4096_ts1_64_ts2_1024_op1_1_op2_2_ip2_16_ip1_1_psim_D_v1_s4_rq4[0m
[pir] Loading from /home/yaqiz/pir/out/OuterProduct__M_4096_N_4096_ts1_64_ts2_1024_op1_1_op2_2_ip2_16_ip1_1_psim_D_v1_s4_rq4/OuterProduct__M_4096_N_4096_ts1_64_ts2_1024_op1_1_op2_2_ip2_16_ip1_1.pir[pir] Loading PIRDesign() from /home/yaqiz/pir/out/OuterProduct__M_4096_N_4096_ts1_64_ts2_1024_op1_1_op2_2_ip2_16_ip1_1_psim_D_v1_s4_rq4/OuterProduct__M_4096_N_4096_ts1_64_ts2_1024_op1_1_op2_2_ip2_16_ip1_1.pir
[pir] Configuring spade MyDesign ...
[pir] Loading from /home/yaqiz/pir/out/OuterProduct__M_4096_N_4096_ts1_64_ts2_1024_op1_1_op2_2_ip2_16_ip1_1_psim_D_v1_s4_rq4/OuterProduct__M_4096_N_4096_ts1_64_ts2_1024_op1_1_op2_2_ip2_16_ip1_1.sess[pir] Loading prism.Session@4beade89 from /home/yaqiz/pir/out/OuterProduct__M_4096_N_4096_ts1_64_ts2_1024_op1_1_op2_2_ip2_16_ip1_1_psim_D_v1_s4_rq4/OuterProduct__M_4096_N_4096_ts1_64_ts2_1024_op1_1_op2_2_ip2_16_ip1_1.sess
[pir] Saving node PIRDesign() to /home/yaqiz/pir/out/OuterProduct__M_4096_N_4096_ts1_64_ts2_1024_op1_1_op2_2_ip2_16_ip1_1_psim_D_v1_s4_rq4/OuterProduct__M_4096_N_4096_ts1_64_ts2_1024_op1_1_op2_2_ip2_16_ip1_1.pir
[pir] Running 53-PlastisimDotCodegen ...[pir] Finished 53-PlastisimDotCodegen to [36mpsim.dot[0m in 1482.588156ms
[pir] Running 54-ControllerDotCodegen ...[pir] Finished 54-ControllerDotCodegen to [36mcontroller.dot[0m in 503.727608ms
[pir] Running 55-PIRIRDotCodegen ...[pir] Finished 55-PIRIRDotCodegen to [36mtop.dot[0m in 921.430532ms
[pir] Running 56-SimpleIRDotCodegen ...[pir] Finished 56-SimpleIRDotCodegen to [36msimple.dot[0m in 260.422149ms
[pir] Running 58-CUPruning ...[pir] Finished 58-CUPruning in 1807.237524ms
[pir] Running 59-CUPlacer ...[[32msuccess[0m] CUPlacer succeeded
[pir] Finished 59-CUPlacer in 41827.935796ms
[pir] Running 60-CUStatistics ...[pir] =========== Post-splitting CU Statistics ==================
[pir] 
[pir] number of cus=21
[pir] number of ocu = 2
[pir] - cin (1.00,1.00,1.00) sin (2.00,2.00,2.00) vin (0.00,0.00,0.00)
[pir] - cout (1.00,1.00,1.00) sout (0.00,0.00,0.00) vout (0.00,0.00,0.00)
[pir] - stages (0.00,0.00,0.00)
[pir] number of pcu = 2
[pir] - cin (0.00,0.00,0.00) sin (0.00,0.00,0.00) vin (2.00,2.00,2.00)
[pir] - cout (0.00,0.00,0.00) sout (0.00,0.00,0.00) vout (1.00,1.00,1.00)
[pir] - stages (1.00,1.00,1.00)
[pir] number of dag = 5
[pir] - cin (0.00,0.00,0.00) sin (2.00,2.80,3.00) vin (0.00,0.00,0.00)
[pir] - cout (0.00,0.00,0.00) sout (2.00,2.00,2.00) vout (0.00,0.00,0.00)
[pir] - stages (2.00,3.20,5.00)
[pir] number of pmu = 6
[pir] - cin (0.00,0.00,0.00) sin (0.00,0.67,2.00) vin (1.00,1.00,1.00)
[pir] - cout (0.00,0.00,0.00) sout (0.00,0.00,0.00) vout (1.00,1.00,1.00)
[pir] - stages (0.00,1.33,4.00)
[pir] number of dfg = 5
[pir] - cin (0.00,0.00,0.00) sin (2.00,2.00,2.00) vin (0.00,0.40,1.00)
[pir] - cout (0.00,0.40,1.00) sout (0.00,0.00,0.00) vout (0.00,0.60,1.00)
[pir] - stages (0.00,0.00,0.00)
[pir] number of afg = 1
[pir] - cin (2.00,2.00,2.00) sin (0.00,0.00,0.00) vin (0.00,0.00,0.00)
[pir] - cout (0.00,0.00,0.00) sout (7.00,7.00,7.00) vout (0.00,0.00,0.00)
[pir] - stages (0.00,0.00,0.00)
[pir] compute CU = 4
[pir] memory CU = 6
[pir] mc CU = 5
[pir] Total = 9
[pir] PCU = 4 / 64 (6.25%)
[pir] PMU-comp = 0 / 63 (0.00%)
[pir] PMU-mem = 6 / 63 (9.52%)
[pir] AG-ag = 3 / 32 (9.38%)
[pir] AG-comp = 2 / 32 (6.25%)
[pir] MC = 5 / 32 (15.63%)
[pir] Finished 60-CUStatistics to [36mstat.json[0m in 731.308546ms
[pir] Running 61-PIRNetworkDotCodegen ...[pir] Finished 61-PIRNetworkDotCodegen to [36mcontrol.dot[0m in 564.864914ms
[pir] Running 62-PIRNetworkDotCodegen ...[pir] Finished 62-PIRNetworkDotCodegen to [36mscalar.dot[0m in 479.318964ms
[pir] Running 63-PIRNetworkDotCodegen ...[pir] Finished 63-PIRNetworkDotCodegen to [36mvector.dot[0m in 567.012805ms
[pir] Running 64-TerminalCSVCodegen ...[pir] Finished 64-TerminalCSVCodegen to [36mnode.csv[0m in 5.695602ms
[pir] Running 65-LinkCSVCodegen ...[pir] Finished 65-LinkCSVCodegen to [36mlink.csv[0m in 523.346299ms
[pir] Running 66-PlastisimPlacementCodegen ...[[33mproute[0m] /home/yaqiz/plastiroute/plastiroute -n /home/yaqiz/plastisim/configs/finals/OuterProduct__M_4096_N_4096_ts1_64_ts2_1024_op1_1_op2_2_ip2_16_ip1_1_psim_D_v1_s4_rq4/node.csv -l /home/yaqiz/plastisim/configs/finals/OuterProduct__M_4096_N_4096_ts1_64_ts2_1024_op1_1_op2_2_ip2_16_ip1_1_psim_D_v1_s4_rq4/link.csv -o /home/yaqiz/plastisim/configs/finals/OuterProduct__M_4096_N_4096_ts1_64_ts2_1024_op1_1_op2_2_ip2_16_ip1_1_psim_D_v1_s4_rq4/final.place -r 16 -c 8 -g /home/yaqiz/plastisim/configs/finals/OuterProduct__M_4096_N_4096_ts1_64_ts2_1024_op1_1_op2_2_ip2_16_ip1_1_psim_D_v1_s4_rq4/proute.dot -v /home/yaqiz/plastisim/configs/finals/OuterProduct__M_4096_N_4096_ts1_64_ts2_1024_op1_1_op2_2_ip2_16_ip1_1_psim_D_v1_s4_rq4/summary.csv -x1 -e 4 -a route_min_directed_valient  -q4  -i1000 -p100 -t1 -d100 -s0
[[33mproute[0m] log in /home/yaqiz/pir/out/OuterProduct__M_4096_N_4096_ts1_64_ts2_1024_op1_1_op2_2_ip2_16_ip1_1_psim_D_v1_s4_rq4/proute.log
Max static: 1vec 4scal
100 scores: min 3.01 	0.00/0.00/6/0.00/2 	max 1012.87 mean 173.63
100 scores: min 3.00 	0.00/0.00/6/0.00/1 	max 503.60 mean 19.75
100 scores: min 3.00 	0.00/0.00/6/0.00/0 	max 761.30 mean 67.61
All static routes:
	2233:1:524288	3054:1:524288	2256:1:524288	2410:1:524288	3102:1:524288	2437:1:524288	1997:1:524288	2462:1:524288	2489:1:524288	1919:1:524288	1973:1:8192	3006:1:8192	1895:1:8192	1944:1:8192	2961:1:8192	1866:1:8192	2852:2:256	2852:2:256	1813:1:128	1842:1:128	1760:1:128	1789:1:128	1736:1:64	1707:1:64	2280:9:1	2280:9:1	2280:9:1	2280:9:1	2280:9:1	2280:9:1	2280:9:1	2280:9:1	2280:9:1	2310:8:1	2310:8:1	2310:8:1	2310:8:1	2310:8:1	2310:8:1	2310:8:1	2310:8:1	2630:1:1	2707:1:1	2209:1:1	2560:1:1	2102:1:1	2784:1:1	2386:1:1
All dynamic routes:

Best score is 3.00
Used 0 VCs for endpoint coloring.
	Used 0 VCs.
[[32mproute[0m] 	Used 0 VCs.
[[32mproute[0m] DynHopsVec:0, DynHopsScal:0, StatHopsVec:10004480, StatHopsScal:557504
[pir] Finished 66-PlastisimPlacementCodegen to [36mfinal.place[0m in 2072.306337ms
[pir] Running 67-PlastisimDotCodegen ...[pir] Finished 67-PlastisimDotCodegen to [36mpsim.dot[0m in 800.013969ms
[pir] Running 68-PlastisimConfigCodegen ...[[33mcommand[0m] ln -f /home/yaqiz/plastisim/configs/mesh_generic.cfg /home/yaqiz/plastisim/configs/finals/OuterProduct__M_4096_N_4096_ts1_64_ts2_1024_op1_1_op2_2_ip2_16_ip1_1_psim_D_v1_s4_rq4/
[[33mpsim[0m] /home/yaqiz/plastisim/plastisim -f /home/yaqiz/plastisim/configs/finals/OuterProduct__M_4096_N_4096_ts1_64_ts2_1024_op1_1_op2_2_ip2_16_ip1_1_psim_D_v1_s4_rq4/config.psim -p /home/yaqiz/plastisim/configs/finals/OuterProduct__M_4096_N_4096_ts1_64_ts2_1024_op1_1_op2_2_ip2_16_ip1_1_psim_D_v1_s4_rq4/final.place -c 100000000 -l B -w 512 -q1
[[33mpsim[0m] log in /home/yaqiz/pir/out/OuterProduct__M_4096_N_4096_ts1_64_ts2_1024_op1_1_op2_2_ip2_16_ip1_1_psim_D_v1_s4_rq4/psim.log
Set non-priority VC slowdown to 1
Changing to config directory: /home/yaqiz/plastisim/configs/finals/OuterProduct__M_4096_N_4096_ts1_64_ts2_1024_op1_1_op2_2_ip2_16_ip1_1_psim_D_v1_s4_rq4
Constructing NetworkLink.
Constructing NetworkLink.
Constructing NetworkLink.
Constructing NetworkLink.
Constructing NetworkLink.
Constructing NetworkLink.
Constructing NetworkLink.
Constructing NetworkLink.
Constructing NetworkLink.
Constructing NetworkLink.
Constructing NetworkLink.
Constructing NetworkLink.
Constructing NetworkLink.
Constructing NetworkLink.
Constructing NetworkLink.
Constructing NetworkLink.
Constructing NetworkLink.
Constructing NetworkLink.
Constructing NetworkLink.
Constructing NetworkLink.
Constructing NetworkLink.
Constructing NetworkLink.
Constructing NetworkLink.
Constructing NetworkLink.
Constructing NetworkLink.
Constructing NetworkLink.
Constructing NetworkLink.
Constructing NetworkLink.
Constructing NetworkLink.
Constructing NetworkLink.
Constructing NetworkLink.
Constructing NetworkLink.
Added all names to the symbol table.
Error setting saddr = 4
Adding static hop for route 2233 (545->806, lat 1).
Adding static hop for route 3054 (889->913, lat 3).
Adding static hop for route 2256 (666->849, lat 1).
Adding static hop for route 2410 (909->889, lat 1).
Adding static hop for route 3102 (890->914, lat 1).
Adding static hop for route 2437 (911->889, lat 5).
Adding static hop for route 1997 (914->666, lat 6).
Adding static hop for route 2462 (910->890, lat 1).
Adding static hop for route 2489 (912->890, lat 1).
Adding static hop for route 1919 (913->545, lat 1).
Adding static hop for route 1973 (905->666, lat 1).
Adding static hop for route 3006 (252->912, lat 4).
Adding static hop for route 1895 (901->545, lat 2).
Adding static hop for route 1944 (905->666, lat 1).
Adding static hop for route 2961 (183->911, lat 1).
Adding static hop for route 1866 (901->545, lat 2).
Adding static hop for route 2852 (78->910, lat 4).
Adding static hop for route 2852 (78->909, lat 6).
Adding static hop for route 1813 (898->252, lat 1).
Adding static hop for route 1842 (898->252, lat 1).
Adding static hop for route 1760 (895->183, lat 1).
Adding static hop for route 1789 (895->183, lat 1).
Adding static hop for route 1736 (877->78, lat 3).
Adding static hop for route 1707 (877->78, lat 3).
Adding static hop for route 2280 (678->910, lat 1).
Adding static hop for route 2280 (678->909, lat 3).
Adding static hop for route 2280 (678->898, lat 6).
Adding static hop for route 2280 (678->895, lat 4).
Adding static hop for route 2280 (678->806, lat 5).
Adding static hop for route 2280 (678->905, lat 4).
Adding static hop for route 2280 (678->901, lat 5).
Adding static hop for route 2280 (678->877, lat 4).
Adding static hop for route 2280 (678->849, lat 6).
Adding static hop for route 2310 (678->910, lat 1).
Adding static hop for route 2310 (678->909, lat 3).
Adding static hop for route 2310 (678->806, lat 4).
Adding static hop for route 2310 (678->905, lat 5).
Adding static hop for route 2310 (678->901, lat 6).
Adding static hop for route 2310 (678->898, lat 5).
Adding static hop for route 2310 (678->895, lat 6).
Adding static hop for route 2310 (678->849, lat 6).
Adding static hop for route 2630 (678->898, lat 5).
Adding static hop for route 2707 (678->901, lat 4).
Adding static hop for route 2209 (849->678, lat 6).
Adding static hop for route 2560 (678->895, lat 4).
Adding static hop for route 2102 (806->678, lat 6).
Adding static hop for route 2784 (678->905, lat 5).
Adding static hop for route 2386 (678->877, lat 6).
Printing hop routes
0	1760: X, vc0
	1789: X, vc1
	2280: X, vc2
	2310: X, vc3
	2560: X, vc4
1	2961: X, vc0
4	2102: X, vc1
	2209: X, vc0
5	3102: X, vc0
6	2462: X, vc0
	2489: X, vc1
7	2280: X, vc1
	2310: X, vc2
	2852: X, vc0
8	2280: X, vc0
	2386: X, vc1
9	1813: X, vc0
	1842: X, vc1
	2280: X, vc2
	2310: X, vc3
Error setting daddr = 9
	2630: X, vc4
Error setting daddr = 25
16	1944: X, vc2
Error setting daddr = 32
	1973: X, vc1
Error setting daddr = 23
	1997: X, vc0
	2280: X, vc3
Error setting daddr = 20
	2310: X, vc4
Error setting daddr = 7
	2784: X, vc5
Error setting daddr = 16
20	2280: X, vc1
Error setting daddr = 0
	2310: X, vc2
Error setting class = 3
	2852: X, vc0
Error setting class = 5
21	2410: X, vc0
Error setting class = 2
	2437: X, vc1
Error setting class = 1
22	3006: X, vc0
Error setting class = 2
23	2280: X, vc0
Error setting class = 2
	2310: X, vc1
Error setting class = 4
	2707: X, vc2
Error setting class = 3
Error setting lat = 5
24	3054: X, vc0
Error setting lat = 4
25	1866: X, vc3
Error setting lat = 6
	1895: X, vc2
Error setting lat = 6
	1919: X, vc1
Error setting lat = 3
	2233: X, vc0
Error setting lat = 1
	2280: X, vc4
Error setting lat = 5
	2310: X, vc5
Error setting lat = 6
Error setting saddr = 4
Error setting daddr = 8
32	2256: X, vc0
Error setting class = 1
	2280: X, vc1
Error setting lat = 6
	2310: X, vc2
Error setting saddr = 4
41	1707: X, vc1
Error setting daddr = 0
	1736: X, vc0
Error setting class = 4
Parsed placement file.
Error setting lat = 4
Set ejection VC at addr 9 to 3
Error setting saddr = 4
Set ejection VC at addr 25 to 5
Error setting daddr = 9
Set ejection VC at addr 32 to 2
Error setting class = 4
Set ejection VC at addr 23 to 1
Error setting lat = 5
Set ejection VC at addr 20 to 2
Error setting saddr = 6
Set ejection VC at addr 7 to 2
Error setting daddr = 5
Set ejection VC at addr 16 to 4
Error setting class = 0
Set ejection VC at addr 0 to 3
Error setting lat = 1
Error setting saddr = 22
Link specified in placement file.
Error setting daddr = 6
Changing link to static with placed latencies.
Error setting class = 1
Set lat 5 from 0 to 0
Error setting lat = 1
Set lat 4 from 0 to 1
Error setting saddr = 21
Set lat 6 from 0 to 2
Error setting daddr = 24
Set lat 6 from 0 to 3
Error setting class = 0
Set lat 3 from 0 to 4
Error setting lat = 3
Error setting saddr = 1
Set lat 1 from 0 to 5
Error setting daddr = 21
Set lat 5 from 0 to 6
Error setting class = 1
Set lat 6 from 0 to 7
Error setting lat = 5
Set lat 1 from 0 to 0
Error setting saddr = 7
Set lat 1 from 0 to 0
Error setting daddr = 6
Set ejection VC at addr 8 to 1
Error setting class = 0
Link specified in placement file.
Error setting lat = 1
Changing link to static with placed latencies.
Error setting saddr = 20
Set lat 6 from 0 to 0
Error setting daddr = 21
Set ejection VC at addr 0 to 4
Error setting class = 0
Link specified in placement file.
Error setting lat = 1
Changing link to static with placed latencies.
Error setting saddr = 9
Set lat 4 from 0 to 0
Error setting daddr = 22
Set ejection VC at addr 9 to 4
Error setting class = 0
Link specified in placement file.
Error setting lat = 4
Changing link to static with placed latencies.
Error setting saddr = 0
Set lat 5 from 0 to 0
Error setting daddr = 1
Set ejection VC at addr 5 to 0
Error setting class = 0
Link specified in placement file.
Error setting lat = 1
Changing link to static with placed latencies.
Error setting saddr = 16
Set lat 1 from 0 to 0
Error setting daddr = 16
Set ejection VC at addr 6 to 1
Link specified in placement file.
Changing link to static with placed latencies.
Set lat 1 from 0 to 0
Error setting class = 2
Error setting lat = 1
Set ejection VC at addr 24 to 0
Error setting saddr = 23
Link specified in placement file.
Changing link to static with placed latencies.
Set lat 3 from 0 to 0
Set ejection VC at addr 21 to 1
Link specified in placement file.
Changing link to static with placed latencies.
Set lat 5 from 0 to 0
Set ejection VC at addr 6 to 0
Link specified in placement file.
Changing link to static with placed latencies.
Set lat 1 from 0 to 0
Set ejection VC at addr 21 to 0
Link specified in placement file.
Changing link to static with placed latencies.
Set lat 1 from 0 to 0
Set ejection VC at addr 22 to 0
Link specified in placement file.
Changing link to static with placed latencies.
Set lat 4 from 0 to 0
Error setting daddr = 25
Set ejection VC at addr 1 to 0
Error setting class = 3
Link specified in placement file.
Error setting lat = 2
Changing link to static with placed latencies.
Error setting saddr = 9
Set lat 1 from 0 to 0
Error setting daddr = 9
Set ejection VC at addr 16 to 2
Error setting class = 0
Link specified in placement file.
Error setting lat = 1
Changing link to static with placed latencies.
Error setting saddr = 0
Set lat 1 from 0 to 0
Error setting daddr = 0
Set ejection VC at addr 25 to 3
Error setting class = 0
Link specified in placement file.
Error setting lat = 1
Changing link to static with placed latencies.
Error setting saddr = 8
Set lat 2 from 0 to 0
Error setting daddr = 41
Set ejection VC at addr 9 to 0
Error setting class = 1
Link specified in placement file.
Error setting lat = 3
Changing link to static with placed latencies.
Error setting saddr = 16
Set lat 1 from 0 to 0
Error setting daddr = 16
Set ejection VC at addr 0 to 0
Error setting class = 1
Link specified in placement file.
Error setting lat = 1
Changing link to static with placed latencies.
Error setting saddr = 23
Set lat 1 from 0 to 0
Error setting daddr = 25
Set ejection VC at addr 41 to 1
Error setting class = 2
Link specified in placement file.
Error setting lat = 2
Error setting saddr = 9
Changing link to static with placed latencies.
Error setting daddr = 9
Set lat 3 from 0 to 0
Error setting class = 1
Set lat 1 from 0 to 0
Error setting lat = 1
Set lat 1 from 0 to 0
Error setting saddr = 0
Set ejection VC at addr 16 to 1
Error setting daddr = 0
Link specified in placement file.
Error setting class = 1
Changing link to static with placed latencies.
Error setting lat = 1
Set lat 1 from 0 to 0
Error setting saddr = 8
Set ejection VC at addr 25 to 2
Error setting daddr = 41
Link specified in placement file.
Error setting class = 0
Changing link to static with placed latencies.
Error setting lat = 3
Set lat 2 from 0 to 0
Error setting saddr = 41
Set ejection VC at addr 9 to 1
Error setting daddr = 20
Link specified in placement file.
Error setting daddr = 7
Changing link to static with placed latencies.
Error setting class = 0
Set lat 1 from 0 to 0
Error setting class = 0
Set ejection VC at addr 0 to 1
Error setting lat = 6
Link specified in placement file.
Error setting lat = 4
Changing link to static with placed latencies.
Error setting saddr = 4
Set lat 1 from 0 to 0
Error setting daddr = 23
Set ejection VC at addr 41 to 0
Error setting class = 2
Link specified in placement file.
Error setting lat = 4
Changing link to static with placed latencies.
Error setting saddr = 4
Set lat 3 from 0 to 0
Error setting daddr = 16
Set lat 1 from 0 to 0
Error setting class = 5
Set lat 1 from 0 to 0
Error setting lat = 5
Set ejection VC at addr 20 to 0
Error setting saddr = 25
Set ejection VC at addr 7 to 0
Error setting daddr = 25
Link specified in placement file.
Error setting class = 0
Error setting lat = 1
Changing link to static with placed latencies.
Error setting saddr = 16
Error setting daddr = 32
Error setting class = 0
Set lat 6 from 0 to 0
Error setting lat = 1
Set lat 4 from 0 to 1
Error setting saddr = 25
Set ejection VC at addr 23 to 2
Link specified in placement file.
Changing link to static with placed latencies.
Set lat 4 from 0 to 0
Set ejection VC at addr 16 to 5
Error setting daddr = 4
Link specified in placement file.
Error setting class = 1
Changing link to static with placed latencies.
Set lat 5 from 0 to 0
Set ejection VC at addr 25 to 0
Link specified in placement file.
Changing link to static with placed latencies.
Set lat 1 from 0 to 0
Set ejection VC at addr 32 to 0
Error setting lat = 6
Link specified in placement file.
Error setting saddr = 32
Changing link to static with placed latencies.
Error setting daddr = 4
Set lat 1 from 0 to 0
Error setting class = 0
Set ejection VC at addr 4 to 1
Error setting lat = 6
Link specified in placement file.
Error setting saddr = 4
Changing link to static with placed latencies.
Error setting daddr = 9
Set lat 6 from 0 to 0
Error setting daddr = 25
Set ejection VC at addr 4 to 0
Error setting daddr = 32
Link specified in placement file.
Error setting daddr = 23
Changing link to static with placed latencies.
Error setting daddr = 20
Set lat 6 from 0 to 0
Error setting daddr = 7
Set ejection VC at addr 9 to 2
Error setting daddr = 16
Set ejection VC at addr 25 to 4
Error setting daddr = 0
Set ejection VC at addr 32 to 1
Error setting daddr = 8
Set ejection VC at addr 23 to 0
Error setting class = 2
Set ejection VC at addr 20 to 1
Error setting class = 4
Set ejection VC at addr 7 to 1
Error setting class = 1
Set ejection VC at addr 16 to 3
Error setting class = 0
Set ejection VC at addr 0 to 2
Error setting class = 1
Set ejection VC at addr 8 to 0
Error setting class = 1
Link specified in placement file.
Error setting class = 3
Changing link to static with placed latencies.
Error setting class = 2
Set lat 6 from 0 to 0
Error setting class = 0
Set lat 5 from 0 to 1
Error setting lat = 6
Set lat 6 from 0 to 2
Error setting lat = 5
Set lat 5 from 0 to 3
Error setting lat = 6
Set lat 3 from 0 to 4
Error setting lat = 5
Set lat 1 from 0 to 5
Error setting lat = 3
Set lat 4 from 0 to 6
Error setting lat = 1
Set lat 4 from 0 to 7
Error setting lat = 4
Set lat 4 from 0 to 8
Error setting lat = 4
Set ejection VC at addr 25 to 1
Error setting lat = 4
Link specified in placement file.
Error setting saddr = 24
Changing link to static with placed latencies.
Error setting daddr = 25
Set lat 1 from 0 to 0
Error setting class = 1
Set ejection VC at addr 16 to 0
Error setting lat = 1
Link specified in placement file.
Error setting saddr = 5
Changing link to static with placed latencies.
Error setting daddr = 16
Set lat 6 from 0 to 0
Error setting class = 0
Error setting lat = 6
Number of network classes: 6
== Loading device model file '/home/yaqiz/plastisim/configs/DDR3_micron_64M_8B_x4_sg15.ini' == 
Child process has pid -22440
== Loading system model file '/home/yaqiz/plastisim/configs/system.ini' == 
Parsed definitions of all elements.
===== MemorySystem 0 =====
Total of 38 links:
CH. 0 TOTAL_STORAGE : 4096MB | 1 Ranks | 16 Devices per rank
  0: ArgIn975_ArgIn1084_ArgIn916_ArgIn1006_ArgIn2041_ArgIn2148_ArgIn2820_ArgIn2888
===== MemorySystem 1 =====
    
CH. 1 TOTAL_STORAGE : 4096MB | 1 Ranks | 16 Devices per rank
  1: SRAM132
===== MemorySystem 2 =====
    
CH. 2 TOTAL_STORAGE : 4096MB | 1 Ranks | 16 Devices per rank
  2: SRAM131
===== MemorySystem 3 =====
    
CH. 3 TOTAL_STORAGE : 4096MB | 1 Ranks | 16 Devices per rank
  3: DramAddress58
    
  4: DramAddress159
    
  5: DramAddress228
    
  6: RetimingFIFO1384
    
  7: RetimingFIFO1374
    
  8: RetimingFIFO1251
    
  9: RetimingFIFO1241
    
  10: RetimingFIFO1335
    
  11: RetimingFIFO1202
    
  12: RetimingFIFO1467
    
  13: RetimingFIFO1438
    
  14: StreamOut573
    
  15: StreamOut452
    
  16: StreamOut219
    
  17: StreamOut150
    
  18: StreamOut49
    
  19: SRAM40
    
  20: SRAM39
    
  21: StreamOut574
    
  22: StreamOut453
    
  23: StreamOut220
    
  24: StreamOut151
    
  25: StreamOut50
    
  26: SRAM287
    
  27: SRAM288
    
  28: RetimingFIFO1114_RetimingFIFO1143
    
  29: DramAddress478
    
  30: DramAddress599
    
  31: StreamIn455
    
  32: StreamIn576
    
  33: TokenOut813
    
  34: TokenOut855
    
  35: ArgIn1065_ArgIn938_ArgIn1028_ArgIn2022_ArgIn2129_ArgIn2529_ArgIn2599_ArgIn3274_ArgIn3317
    
  36: StreamOut454
    
  37: StreamOut575
    
Total of 28 nodes:
  0: CE3388
    [StreamOut50 *4 /1] [StreamOut49 *4 /1]  => [RetimingFIFO1114_RetimingFIFO1143] 
  1: CE3402
    [StreamOut151 *64 /1] [StreamOut150 *64 /1]  => [RetimingFIFO1438] 
  2: CE3740
    [RetimingFIFO1438 *1 /1]  => [SRAM131] 
  3: CE3730
    [SRAM131 *4096 /1]  => [RetimingFIFO1241] 
  4: CE3416
    [StreamOut220 *64 /1] [StreamOut219 *64 /1]  => [RetimingFIFO1467] 
  5: CE3760
    [RetimingFIFO1467 *1 /1]  => [SRAM132] 
  6: CE3750
    [SRAM132 *4096 /1]  => [RetimingFIFO1374] 
  7: CE3544
    [ArgIn1065_ArgIn938_ArgIn1028_ArgIn2022_ArgIn2129_ArgIn2529_ArgIn2599_ArgIn3274_ArgIn3317 *64 /1] [DramAddress58 *64 /1]  => [StreamOut50] [StreamOut49] 
  8: CE3592
    [ArgIn975_ArgIn1084_ArgIn916_ArgIn1006_ArgIn2041_ArgIn2148_ArgIn2820_ArgIn2888 *128 /1] [ArgIn1065_ArgIn938_ArgIn1028_ArgIn2022_ArgIn2129_ArgIn2529_ArgIn2599_ArgIn3274_ArgIn3317 *128 /1] [DramAddress159 *128 /1]  => [StreamOut151] [StreamOut150] 
  9: CE3614
    [ArgIn975_ArgIn1084_ArgIn916_ArgIn1006_ArgIn2041_ArgIn2148_ArgIn2820_ArgIn2888 *128 /1] [ArgIn1065_ArgIn938_ArgIn1028_ArgIn2022_ArgIn2129_ArgIn2529_ArgIn2599_ArgIn3274_ArgIn3317 *128 /1] [DramAddress228 *128 /1]  => [StreamOut220] [StreamOut219] 
  10: CE3636
    [ArgIn975_ArgIn1084_ArgIn916_ArgIn1006_ArgIn2041_ArgIn2148_ArgIn2820_ArgIn2888 *8192 /1] [DramAddress478 *8192 /1] [ArgIn1065_ArgIn938_ArgIn1028_ArgIn2022_ArgIn2129_ArgIn2529_ArgIn2599_ArgIn3274_ArgIn3317 *8192 /1]  => [StreamOut453] [StreamOut452] 
  11: CE3658
    [ArgIn975_ArgIn1084_ArgIn916_ArgIn1006_ArgIn2041_ArgIn2148_ArgIn2820_ArgIn2888 *8192 /1] [DramAddress599 *8192 /1] [ArgIn1065_ArgIn938_ArgIn1028_ArgIn2022_ArgIn2129_ArgIn2529_ArgIn2599_ArgIn3274_ArgIn3317 *8192 /1]  => [StreamOut574] [StreamOut573] 
  12: CE3780
    [RetimingFIFO1251 *1 /1]  => [SRAM287] 
  13: CE3770
    [SRAM287 *4096 /1]  => [StreamOut454] 
  14: CE3432
    [StreamOut453 *64 /1] [StreamOut454 *1 /1] [StreamOut452 *64 /1]  => [StreamIn455] 
  15: CE3800
    [RetimingFIFO1384 *1 /1]  => [SRAM288] 
  16: CE3790
    [SRAM288 *4096 /1]  => [StreamOut575] 
  17: CE3450
    [StreamOut574 *64 /1] [StreamOut575 *1 /1] [StreamOut573 *64 /1]  => [StreamIn576] 
  18: CE3474
     => [ArgIn975_ArgIn1084_ArgIn916_ArgIn1006_ArgIn2041_ArgIn2148_ArgIn2820_ArgIn2888] [DramAddress58] [DramAddress159] [DramAddress228] [DramAddress478] [DramAddress599] [ArgIn1065_ArgIn938_ArgIn1028_ArgIn2022_ArgIn2129_ArgIn2529_ArgIn2599_ArgIn3274_ArgIn3317] 
  19: CE3494
    [TokenOut813 *1 /1] [TokenOut855 *1 /1]  => 
  20: CE3508
    [ArgIn975_ArgIn1084_ArgIn916_ArgIn1006_ArgIn2041_ArgIn2148_ArgIn2820_ArgIn2888 *524288 /1] [ArgIn1065_ArgIn938_ArgIn1028_ArgIn2022_ArgIn2129_ArgIn2529_ArgIn2599_ArgIn3274_ArgIn3317 *524288 /1] [StreamIn455 *1 /1]  => [TokenOut813] 
  21: CE3526
    [ArgIn975_ArgIn1084_ArgIn916_ArgIn1006_ArgIn2041_ArgIn2148_ArgIn2820_ArgIn2888 *524288 /1] [ArgIn1065_ArgIn938_ArgIn1028_ArgIn2022_ArgIn2129_ArgIn2529_ArgIn2599_ArgIn3274_ArgIn3317 *524288 /1] [Stret lat 5 from 0 to 0
DRAMSim2 Clock Frequency =800000000Hz, CPU Clock Frequency=1000000000Hz
Set ejection VC at addr 25 to 0
Link specified in placement file.
Changing link to static with placed latencies.
Set lat 1 from 0 to 0
Set ejection VC at addr 32 to 0
Link specified in placement file.
Changing link to static with placed latencies.
Set lat 1 from 0 to 0
Set ejection VC at addr 4 to 1
Link specified in placement file.
Changing link to static with placed latencies.
Set lat 6 from 0 to 0
Set ejection VC at addr 4 to 0
Link specified in placement file.
Changing link to static with placed latencies.
Set lat 6 from 0 to 0
Set ejection VC at addr 9 to 2
Set ejection VC at addr 25 to 4
Set ejection VC at addr 32 to 1
Set ejection VC at addr 23 to 0
Set ejection VC at addr 20 to 1
Set ejection VC at addr 7 to 1
Set ejection VC at addr 16 to 3
Set ejection VC at addr 0 to 2
Set ejection VC at addr 8 to 0
Link specified in placement file.
Changing link to static with placed latencies.
Set lat 6 from 0 to 0
Set lat 5 from 0 to 1
Set lat 6 from 0 to 2
Set lat 5 from 0 to 3
Set lat 3 from 0 to 4
Set lat 1 from 0 to 5
Set lat 4 from 0 to 6
Set lat 4 from 0 to 7
Set lat 4 from 0 to 8
Set ejection VC at addr 25 to 1
Link specified in placement file.
Changing link to static with placed latencies.
Set lat 1 from 0 to 0
Set ejection VC at addr 16 to 0
Link specified in placement file.
Changing link to static with placed latencies.
Set lat 6 from 0 to 0
Number of network classes: 6
I'm the child process!
GPGPU-Sim uArch: interconnect node map (shaderID+MemID to icntID)
GPGPU-Sim uArch: Memory nodes ID start from index: 256
GPGPU-Sim uArch:    0   1   2   3   4   5   6   7   8   9  10  11  12  13  14  15
GPGPU-Sim uArch:   16  17  18  19  20  21  22  23  24  25  26  27  28  29  30  31
GPGPU-Sim uArch:   32  33  34  35  36  37  38  39  40  41  42  43  44  45  46  47
GPGPU-Sim uArch:   48  49  50  51  52  53  54  55  56  57  58  59  60  61  62  63
GPGPU-Sim uArch:   64  65  66  67  68  69  70  71  72  73  74  75  76  77  78  79
GPGPU-Sim uArch:   80  81  82  83  84  85  86  87  88  89  90  91  92  93  94  95
GPGPU-Sim uArch:   96  97  98  99 100 101 102 103 104 105 106 107 108 109 110 111
GPGPU-Sim uArch:  112 113 114 115 116 117 118 119 120 121 122 123 124 125 126 127
GPGPU-Sim uArch:  128 129 130 131 132 133 134 135 136 137 138 139 140 141 142 143
GPGPU-Sim uArch:  144 145 146 147 148 149 150 151 152 153 154 155 156 157 158 159
GPGPU-Sim uArch:  160 161 162 163 164 165 166 167 168 169 170 171 172 173 174 175
GPGPU-Sim uArch:  176 177 178 179 180 181 182 183 184 185 186 187 188 189 190 191
GPGPU-Sim uArch:  192 193 194 195 196 197 198 199 200 201 202 203 204 205 206 207
GPGPU-Sim uArch:  208 209 210 211 212 213 214 215 216 217 218 219 220 221 222 223
GPGPU-Sim uArch:  224 225 226 227 228 229 230 231 232 233 234 235 236 237 238 239
GPGPU-Sim uArch:  240 241 242 243 244 245 246 247 248 249 250 251 252 253 254 255
GPGPU-Sim uArch: interconnect node reverse map (icntID to shaderID+MemID)
GPGPU-Sim uArch: Memory nodes start from ID: 256
GPGPU-Sim uArch:    0   1   2   3   4   5   6   7   8   9  10  11  12  13  14  15
GPGPU-Sim uArch:   16  17  18  19  20  21  22  23  24  25  26  27  28  29  30  31
GPGPU-Sim uArch:   32  33  34  35  36  37  38  39  40  41  42  43  44  45  46  47
GPGPU-Sim uArch:   48  49  50  51  52  53  54  55  56  57  58  59  60  61  62  63
GPGPU-Sim uArch:   64  65  66  67  68  69  70  71  72  73  74  75  76  77  78  79
GPGPU-Sim uArch:   80  81  82  83  84  85  86  87  88  89  90  91  92  93  94  95
GPGPU-Sim uArch:   96  97  98  99 100 101 102 103 104 105 106 107 108 109 110 111
GPGPU-Sim uArch:  112 113 114 115 116 117 118 119 120 121 122 123 124 125 126 127
GPGPU-Sim uArch:  128 129 130 131 132 133 134 135 136 137 138 139 140 141 142 143
GPGPU-Sim uArch:  144 145 146 147 148 149 150 151 152 153 154 155 156 157 158 159
GPGPU-Sim uArch:  160 161 162 163 164 165 166 167 168 169 170 171 172 173 174 175
GPGPU-Sim uArch:  176 177 178 179 180 181 182 183 184 185 186 187 188 189 190 191
GPGPU-Sim uArch:  192 193 194 195 196 197 198 199 200 201 202 203 204 205 206 207
GPGPU-Sim uArch:  208 209 210 211 212 213 214 215 216 217 218 219 220 221 222 223
GPGPU-Sim uArch:  224 225 226 227 228 229 230 231 232 233 234 235 236 237 238 239
GPGPU-Sim uArch:  240 241 242 243 244 245 246 247 248 249 250 251 252 253 254 255
eamIn576 *1 /1]  => [TokenOut855] 
  22: CE3692
    [RetimingFIFO1114_RetimingFIFO1143 *1 /1]  => [SRAM39] 
  23: CE3678
    [SRAM39 *8192 /1] [ArgIn975_ArgIn1084_ArgIn916_ArgIn1006_ArgIn2041_ArgIn2148_ArgIn2820_ArgIn2888 *524288 /1] [ArgIn1065_ArgIn938_ArgIn1028_ArgIn2022_ArgIn2129_ArgIn2529_ArgIn2599_ArgIn3274_ArgIn3317 *524288 /1]  => [RetimingFIFO1202] 
  24: CE3720
    [RetimingFIFO1114_RetimingFIFO1143 *1 /1]  => [SRAM40] 
  25: CE3706
    [SRAM40 *8192 /1] [ArgIn975_ArgIn1084_ArgIn916_ArgIn1006_ArgIn2041_ArgIn2148_ArgIn2820_ArgIn2888 *524288 /1] [ArgIn1065_ArgIn938_ArgIn1028_ArgIn2022_ArgIn2129_ArgIn2529_ArgIn2599_ArgIn3274_ArgIn3317 *524288 /1]  => [RetimingFIFO1335] 
  26: CE3560
    [RetimingFIFO1202 *1 /1] [RetimingFIFO1241 *1 /1]  => [RetimingFIFO1251] 
  27: CE3574
    [RetimingFIFO1335 *1 /1] [RetimingFIFO1374 *1 /1]  => [RetimingFIFO1384] 

10000...
20000...
30000...
40000...
50000...
60000...
70000...
80000...
90000...
100000...
110000...
120000...
130000...
140000...
150000...
160000...
170000...
180000...
190000...
200000...
210000...
220000...
230000...
240000...
250000...
260000...
270000...
280000...
290000...
300000...
310000...
320000...
330000...
340000...
350000...
360000...
370000...
380000...
390000...
400000...
410000...
420000...
430000...
440000...
450000...
460000...
470000...
480000...
490000...
500000...
510000...
520000...
530000...
540000...
550000...
560000...
570000...
580000...
590000...
600000...
610000...
620000...
630000...
640000...
650000...
660000...
670000...
680000...
690000...
700000...
710000...
720000...
730000...
740000...
750000...
760000...
770000...
780000...
790000...
800000...
810000...
820000...
830000...
840000...
850000...
860000...
870000...
880000...
890000...
900000...
910000...
920000...
930000...
940000...
950000...
960000...
970000...
980000...
990000...
1000000...
1010000...
1020000...
1030000...
1040000...
1050000...
1060000...
1070000...
1080000...
1090000...
1100000...
1110000...
1120000...
1130000...
1140000...
1150000...
1160000...
1170000...
1180000...
1190000...
1200000...
1210000...
1220000...
1230000...
1240000...
1250000...
1260000...
1270000...
1280000...
1290000...
1300000...
1310000...
1320000...
1330000...
1340000...
1350000...
1360000...
1370000...
1380000...
1390000...
1400000...
1410000...
1420000...
1430000...
Simulation complete at cycle: 1437362
[[32mpsim[0m] Simulation complete at cycle: 1437362
CE3388: Active:   0.0 Stalled:  77.7 Starved:  76.8 Total Active:      256 Total Output:      256 Expected Active:      256 Last Activity: 1104302 
	     256      256 
	DRAM:   0.01 GB/s (  0.01 GB/s R,   0.00 GB/s W)
	ROB remaining: 0
CE3402: Active:   0.6 Stalled:  88.9 Starved:  13.6 Total Active:     8192 Total Output:     8192 Expected Active:     8192 Last Activity: 195233 
	    8192     8192 
	DRAM:   0.73 GB/s (  0.73 GB/s R,   0.00 GB/s W)
	ROB remaining: 0
CE3740: Active:   0.6 Stalled:  89.7 Starved:  10.5 Total Active:     8192 Total Output:     8192 Expected Active:     8192 Last Activity: 150149 
	    8192 
CE3730: Active:  36.5 Stalled:  58.4 Starved:   5.2 Total Active:   524288 Total Output:   524288 Expected Active:   524288 Last Activity: 73795 
	  524288 
CE3416: Active:   0.6 Stalled:  89.0 Starved:  13.6 Total Active:     8192 Total Output:     8192 Expected Active:     8192 Last Activity: 194964 
	    8192     8192 
	DRAM:   0.73 GB/s (  0.73 GB/s R,   0.00 GB/s W)
	ROB remaining: 0
CE3760: Active:   0.6 Stalled:  89.7 Starved:  10.5 Total Active:     8192 Total Output:     8192 Expected Active:     8192 Last Activity: 149844 
	    8192 
CE3750: Active:  36.5 Stalled:  58.4 Starved:   5.1 Total Active:   524288 Total Output:   524288 Expected Active:   524288 Last Activity: 73533 
	  524288 
CE3544: Active:   0.0 Stalled:   0.0 Starved: 100.0 Total Active:       64 Total Output:       64 Expected Active:       64 Last Activity: 1437210 
	      64       64 
CE3592: Active:   0.0 Stalled:  71.5 Starved:  35.5 Total Active:      128 Total Output:      128 Expected Active:      128 Last Activity: 510177 
	     128      128      128 
CE3614: Active:   0.0 Stalled:  71.6 Starved:  35.5 Total Active:      128 Total Output:      128 Expected Active:      128 Last Activity: 509886 
	     128      128      128 
CE3636: Active:   0.6 Stalled:  99.1 Starved:   0.4 Total Active:     8192 Total Output:     8192 Expected Active:     8192 Last Activity: 5806 
	    8192     8192     8192 
CE3658: Active:   0.6 Stalled:  99.2 Starved:   0.4 Total Active:     8192 Total Output:     8192 Expected Active:     8192 Last Activity: 5458 
	    8192     8192     8192 
CE3780: Active:  36.5 Stalled:  58.8 Starved:   5.2 Total Active:   524288 Total Output:   524288 Expected Active:   524288 Last Activity: 73765 
	  524288 
CE3770: Active:  36.5 Stalled:  63.2 Starved:   0.4 Total Active:   524288 Total Output:   524288 Expected Active:   524288 Last Activity: 852 
	  524288 
CE3432: Active:  36.5 Stalled:   0.0 Starved:   0.4 Total Active:   524288 Total Output:   524288 Expected Active:   524288 Last Activity: 810 
	  524288   524288   524288 
	DRAM:  23.34 GB/s (  0.00 GB/s R,  23.34 GB/s W)
	ROB remaining: 0
CE3800: Active:  36.5 Stalled:  58.9 Starved:   5.1 Total Active:   524288 Total Output:   524288 Expected Active:   524288 Last Activity: 73510 
	  524288 
CE3790: Active:  36.5 Stalled:  63.2 Starved:   0.3 Total Active:   524288 Total Output:   524288 Expected Active:   524288 Last Activity: 528 
	  524288 
CE3450: Active:  36.5 Stalled:   0.0 Starved:   0.3 Total Active:   524288 Total Output:   524288 Expected Active:   524288 Last Activity: 500 
	  524288   524288   524288 
	DRAM:  23.34 GB/s (  0.00 GB/s R,  23.34 GB/s W)
	ROB remaining: 0
CE3474: Active:   0.0 Stalled:   0.0 Starved: 100.0 Total Active:        1 Total Output:        1 Expected Active:        1 Last Activity: 1437361 
	
CE3494: Active:   0.0 Stalled:   0.0 Starved: 100.0 Total Active:        1 Total Output:        1 Expected Active:        1 Last Activity: 1 
	       1        1 
CE3508: Active:  36.5 Stalled:   0.0 Starved:  63.5 Total Active:   524288 Total Output:   524288 Expected Active:   524288 Last Activity: 171 
	  524288   524288   524288 
CE3526: Active:  36.5 Stalled:   0.0 Starved:  63.5 Total Active:   524288 Total Output:   524288 Expected Active:   524288 Last Activity: 12 
	  524288   524288   524288 
CE3692: Active:   0.0 Stalled:  85.6 Starved:  17.5 Total Active:      256 Total Output:      256 Expected Active:      256 Last Activity: 251915 
	     256 
CE3678: Active:  36.5 Stalled:  58.4 Starved:   5.1 Total Active:   524288 Total Output:   524288 Expected Active:   524288 Last Activity: 73790 
	  524288   524288   524288 
CE3720: Active:   0.0 Stalled:  85.6 Starved:  17.5 Total Active:      256 Total Output:      256 Expected Active:      256 Last Activity: 251628 
	     256 
CE3706: Active:  36.5 Stalled:  58.4 Starved:   5.1 Total Active:   524288 Total Output:   524288 Expected Active:   524288 Last Activity: 73533 
	  524288   524288   524288 
CE3560: Active:  36.5 Stalled:  58.4 Starved:   5.2 Total Active:   524288 Total Output:   524288 Expected Active:   524288 Last Activity: 73780 
	  524288   524288 
CE3574: Active:  36.5 Stalled:  58.4 Starved:   5.1 Total Active:   524288 Total Output:   524288 Expected Active:   524288 Last Activity: 73523 
	  524288   524288 
Total DRAM:	  47.43 GB/s (  0.74 GB/s R,  46.69 GB/s W)
[[32mpsim[0m] Total DRAM:	  47.43 GB/s (  0.74 GB/s R,  46.69 GB/s W)
Pending Read: 0	 Pending Write: 0	
Sending shutdown IPC message.
IPC layer sent 1437362 msgs recvd 1437362 msgs
[pir] Finished 68-PlastisimConfigCodegen to [36mconfig.psim[0m in 331551.803605ms
[pir] Running 69-PlastisimDotCodegen ...[pir] Finished 69-PlastisimDotCodegen to [36mpsim.dot[0m in 783.608452ms
[pir] Saving node prism.Session@4beade89 to /home/yaqiz/pir/out/OuterProduct__M_4096_N_4096_ts1_64_ts2_1024_op1_1_op2_2_ip2_16_ip1_1_psim_D_v1_s4_rq4/OuterProduct__M_4096_N_4096_ts1_64_ts2_1024_op1_1_op2_2_ip2_16_ip1_1.sess
[0m[[32msuccess[0m] [0mTotal time: 398 s, completed Aug 6, 2018 1:39:20 AM[0m
-------------PASS (DONE)------------
