Java HotSpot(TM) 64-Bit Server VM warning: ignoring option MaxPermSize=1g; support was removed in 8.0
Picked up _JAVA_OPTIONS: -Xss8192k
[0m[[0minfo[0m] [0mLoading global plugins from /home/yaqiz/.sbt/0.13/plugins[0m
[0m[[0minfo[0m] [0mLoading project definition from /home/yaqiz/pir/project[0m
[0m[[0minfo[0m] [0mSet current project to default-675fdc (in build file:/home/yaqiz/pir/)[0m
[0m[[0minfo[0m] [0mSet current project to apps (in build file:/home/yaqiz/pir/)[0m
[0m[[0minfo[0m] [0mRunning OuterProduct__M_4096_N_4096_ts1_64_ts2_1024_op1_1_op2_2_ip2_16_ip1_1 --out=/home/yaqiz/pir/out/OuterProduct__M_4096_N_4096_ts1_64_ts2_1024_op1_1_op2_2_ip2_16_ip1_1_dynamic_v1_s6 --psim-out=/home/yaqiz/plastisim/configs/finals/OuterProduct__M_4096_N_4096_ts1_64_ts2_1024_op1_1_op2_2_ip2_16_ip1_1_dynamic_v1_s6 --debug=false --verbose=true --dot=false --mapping=true --load-pir=true --save-pir=true --psim=true --trace=true --ctrl=true --bp=false --stat=true --net=dynamic --routing-algo=proute --proute-iter=1000 --run-psim=true --arch=MyDesign --row=16 --col=8 --topo=mesh --argin=64 --tokenout=32 --fifo-depth=4 --vfifo=4 --vc=8 --vlink=1 --slink=6[0m
[pir] args=[--load-pir=false, --run-psim=false, --trace=false, --net=static, --stat=false, --vlink=2, --slink=6, --vfifo=4, --row=16, --col=8, --topo=mesh, --routing-algo=dor, --psim-timeout=100000000, --mapping=true, --splitting=true, --save-pir=true, --load-spade=false, --save-spade=false, --splitting-algo=alias_weighted_igraph, --ctrl=true, --bp=false, --snapint=10, --snapshot=false, --dot=true, --psim=false, --arch=MyDesign, --nn=false, --dag=true, --pattern=checkerboard, --argin=20, --argout=4, --tokenout=5, --fifo-depth=10, --vc=10, --routing-cost=H-hop, --out=/home/yaqiz/pir/out/OuterProduct__M_4096_N_4096_ts1_64_ts2_1024_op1_1_op2_2_ip2_16_ip1_1_dynamic_v1_s6, --psim-out=/home/yaqiz/plastisim/configs/finals/OuterProduct__M_4096_N_4096_ts1_64_ts2_1024_op1_1_op2_2_ip2_16_ip1_1_dynamic_v1_s6, --debug=false, --verbose=true, --dot=false, --mapping=true, --load-pir=true, --save-pir=true, --psim=true, --trace=true, --ctrl=true, --bp=false, --stat=true, --net=dynamic, --routing-algo=proute, --proute-iter=1000, --run-psim=true, --arch=MyDesign, --row=16, --col=8, --topo=mesh, --argin=64, --tokenout=32, --fifo-depth=4, --vfifo=4, --vc=8, --vlink=1, --slink=6]
[pir] Output directory set to [36m/home/yaqiz/pir/out/OuterProduct__M_4096_N_4096_ts1_64_ts2_1024_op1_1_op2_2_ip2_16_ip1_1_dynamic_v1_s6[0m
[pir] Loading from /home/yaqiz/pir/out/OuterProduct__M_4096_N_4096_ts1_64_ts2_1024_op1_1_op2_2_ip2_16_ip1_1_dynamic_v1_s6/OuterProduct__M_4096_N_4096_ts1_64_ts2_1024_op1_1_op2_2_ip2_16_ip1_1.pir[pir] Loading PIRDesign() from /home/yaqiz/pir/out/OuterProduct__M_4096_N_4096_ts1_64_ts2_1024_op1_1_op2_2_ip2_16_ip1_1_dynamic_v1_s6/OuterProduct__M_4096_N_4096_ts1_64_ts2_1024_op1_1_op2_2_ip2_16_ip1_1.pir
[pir] Configuring spade MyDesign ...
[pir] Loading from /home/yaqiz/pir/out/OuterProduct__M_4096_N_4096_ts1_64_ts2_1024_op1_1_op2_2_ip2_16_ip1_1_dynamic_v1_s6/OuterProduct__M_4096_N_4096_ts1_64_ts2_1024_op1_1_op2_2_ip2_16_ip1_1.sess[pir] Loading prism.Session@50e16224 from /home/yaqiz/pir/out/OuterProduct__M_4096_N_4096_ts1_64_ts2_1024_op1_1_op2_2_ip2_16_ip1_1_dynamic_v1_s6/OuterProduct__M_4096_N_4096_ts1_64_ts2_1024_op1_1_op2_2_ip2_16_ip1_1.sess
[pir] Saving node PIRDesign() to /home/yaqiz/pir/out/OuterProduct__M_4096_N_4096_ts1_64_ts2_1024_op1_1_op2_2_ip2_16_ip1_1_dynamic_v1_s6/OuterProduct__M_4096_N_4096_ts1_64_ts2_1024_op1_1_op2_2_ip2_16_ip1_1.pir
[pir] Running 50-PlastisimTraceCodegen ...[[33mcommand[0m] mkdir -p /home/yaqiz/plastisim/configs/finals/OuterProduct__M_4096_N_4096_ts1_64_ts2_1024_op1_1_op2_2_ip2_16_ip1_1_dynamic_v1_s6/traces
[[33mcommand[0m] mkdir -p /home/yaqiz/plastisim/configs/finals/OuterProduct__M_4096_N_4096_ts1_64_ts2_1024_op1_1_op2_2_ip2_16_ip1_1_dynamic_v1_s6/trace_classes
[[33mtrace[0m] /home/yaqiz/pir/bin/run_trace /home/yaqiz/pir/out/OuterProduct__M_4096_N_4096_ts1_64_ts2_1024_op1_1_op2_2_ip2_16_ip1_1_dynamic_v1_s6 /home/yaqiz/plastisim/configs/finals/OuterProduct__M_4096_N_4096_ts1_64_ts2_1024_op1_1_op2_2_ip2_16_ip1_1_dynamic_v1_s6
[[33mtrace[0m] log in /home/yaqiz/pir/out/OuterProduct__M_4096_N_4096_ts1_64_ts2_1024_op1_1_op2_2_ip2_16_ip1_1_dynamic_v1_s6/trace.log
[pir] Finished 50-PlastisimTraceCodegen to [36mgen_trace.scala[0m in 20659.098178ms
[pir] Running 51-PlastisimLinkAnalyzer ...[pir] Finished 51-PlastisimLinkAnalyzer in 2021.103047ms
[pir] Running 52-PlastisimDotCodegen ...[pir] Finished 52-PlastisimDotCodegen to [36mpsim.dot[0m in 1589.214396ms
[pir] Running 53-PlastisimCountCheck ...[pir] Finished 53-PlastisimCountCheck in 124.836899ms
[pir] Running 58-CUPruning ...[pir] Finished 58-CUPruning in 2061.209652ms
[pir] Running 59-CUPlacer ...[[32msuccess[0m] CUPlacer succeeded
[pir] Finished 59-CUPlacer in 34398.010325ms
[pir] Running 60-CUStatistics ...[pir] =========== Post-splitting CU Statistics ==================
[pir] 
[pir] number of cus=21
[pir] number of ocu = 2
[pir] - cin (1.00,1.00,1.00) sin (2.00,2.00,2.00) vin (0.00,0.00,0.00)
[pir] - cout (1.00,1.00,1.00) sout (0.00,0.00,0.00) vout (0.00,0.00,0.00)
[pir] - stages (0.00,0.00,0.00)
[pir] number of pcu = 2
[pir] - cin (0.00,0.00,0.00) sin (0.00,0.00,0.00) vin (2.00,2.00,2.00)
[pir] - cout (0.00,0.00,0.00) sout (0.00,0.00,0.00) vout (1.00,1.00,1.00)
[pir] - stages (1.00,1.00,1.00)
[pir] number of dag = 5
[pir] - cin (0.00,0.00,0.00) sin (2.00,2.80,3.00) vin (0.00,0.00,0.00)
[pir] - cout (0.00,0.00,0.00) sout (2.00,2.00,2.00) vout (0.00,0.00,0.00)
[pir] - stages (2.00,3.20,5.00)
[pir] number of pmu = 6
[pir] - cin (0.00,0.00,0.00) sin (0.00,0.67,2.00) vin (1.00,1.00,1.00)
[pir] - cout (0.00,0.00,0.00) sout (0.00,0.00,0.00) vout (1.00,1.00,1.00)
[pir] - stages (0.00,1.33,4.00)
[pir] number of dfg = 5
[pir] - cin (0.00,0.00,0.00) sin (2.00,2.00,2.00) vin (0.00,0.40,1.00)
[pir] - cout (0.00,0.40,1.00) sout (0.00,0.00,0.00) vout (0.00,0.60,1.00)
[pir] - stages (0.00,0.00,0.00)
[pir] number of afg = 1
[pir] - cin (2.00,2.00,2.00) sin (0.00,0.00,0.00) vin (0.00,0.00,0.00)
[pir] - cout (0.00,0.00,0.00) sout (7.00,7.00,7.00) vout (0.00,0.00,0.00)
[pir] - stages (0.00,0.00,0.00)
[pir] compute CU = 4
[pir] memory CU = 6
[pir] mc CU = 5
[pir] Total = 9
[pir] PCU = 4 / 64 (6.25%)
[pir] PMU-comp = 0 / 63 (0.00%)
[pir] PMU-mem = 6 / 63 (9.52%)
[pir] AG-ag = 3 / 32 (9.38%)
[pir] AG-comp = 2 / 32 (6.25%)
[pir] MC = 5 / 32 (15.63%)
[pir] Finished 60-CUStatistics to [36mstat.json[0m in 1299.091969ms
[pir] Running 61-PIRNetworkDotCodegen ...[pir] Finished 61-PIRNetworkDotCodegen to [36mcontrol.dot[0m in 862.993696ms
[pir] Running 62-PIRNetworkDotCodegen ...[pir] Finished 62-PIRNetworkDotCodegen to [36mscalar.dot[0m in 711.57306ms
[pir] Running 63-PIRNetworkDotCodegen ...[pir] Finished 63-PIRNetworkDotCodegen to [36mvector.dot[0m in 715.590357ms
[pir] Running 64-TerminalCSVCodegen ...[pir] Finished 64-TerminalCSVCodegen to [36mnode.csv[0m in 3.933941ms
[pir] Running 65-LinkCSVCodegen ...[pir] Finished 65-LinkCSVCodegen to [36mlink.csv[0m in 761.582591ms
[pir] Running 66-PlastisimPlacementCodegen ...[[33mproute[0m] /home/yaqiz/plastiroute/plastiroute -n /home/yaqiz/plastisim/configs/finals/OuterProduct__M_4096_N_4096_ts1_64_ts2_1024_op1_1_op2_2_ip2_16_ip1_1_dynamic_v1_s6/node.csv -l /home/yaqiz/plastisim/configs/finals/OuterProduct__M_4096_N_4096_ts1_64_ts2_1024_op1_1_op2_2_ip2_16_ip1_1_dynamic_v1_s6/link.csv -o /home/yaqiz/plastisim/configs/finals/OuterProduct__M_4096_N_4096_ts1_64_ts2_1024_op1_1_op2_2_ip2_16_ip1_1_dynamic_v1_s6/final.place -r 16 -c 8 -s1 -g /home/yaqiz/plastisim/configs/finals/OuterProduct__M_4096_N_4096_ts1_64_ts2_1024_op1_1_op2_2_ip2_16_ip1_1_dynamic_v1_s6/proute.dot -x1 -e 6 -i100 -p100 -t1 -d100 -a route_min_directed_valient -s0
[[33mproute[0m] log in /home/yaqiz/pir/out/OuterProduct__M_4096_N_4096_ts1_64_ts2_1024_op1_1_op2_2_ip2_16_ip1_1_dynamic_v1_s6/proute.log
Start scoring thread: 0
Start scoring thread: 0
100 scores: min 3.00 	0.00/0.00/6/0.00/0 	max 211.68 mean 47.26
Best score is 3.00
Used 0 VCs for endpoint coloring.
	Used 0 VCs.
[[32mproute[0m] 	Used 0 VCs.
[pir] Finished 66-PlastisimPlacementCodegen to [36mfinal.place[0m in 2413.914122ms
[pir] Running 67-PlastisimDotCodegen ...[pir] Finished 67-PlastisimDotCodegen to [36mpsim.dot[0m in 1192.833824ms
[pir] Running 68-PlastisimConfigCodegen ...[[33mcommand[0m] ln -f /home/yaqiz/plastisim/configs/mesh_generic.cfg /home/yaqiz/plastisim/configs/finals/OuterProduct__M_4096_N_4096_ts1_64_ts2_1024_op1_1_op2_2_ip2_16_ip1_1_dynamic_v1_s6/
[[33mpsim[0m] /home/yaqiz/plastisim/plastisim -f /home/yaqiz/plastisim/configs/finals/OuterProduct__M_4096_N_4096_ts1_64_ts2_1024_op1_1_op2_2_ip2_16_ip1_1_dynamic_v1_s6/config.psim -p /home/yaqiz/plastisim/configs/finals/OuterProduct__M_4096_N_4096_ts1_64_ts2_1024_op1_1_op2_2_ip2_16_ip1_1_dynamic_v1_s6/final.place -c 100000000 -l B
[[33mpsim[0m] log in /home/yaqiz/pir/out/OuterProduct__M_4096_N_4096_ts1_64_ts2_1024_op1_1_op2_2_ip2_16_ip1_1_dynamic_v1_s6/psim.log
Changing to config directory: /home/yaqiz/plastisim/configs/finals/OuterProduct__M_4096_N_4096_ts1_64_ts2_1024_op1_1_op2_2_ip2_16_ip1_1_dynamic_v1_s6
Constructing NetworkLink.
Constructing NetworkLink.
Constructing NetworkLink.
Constructing NetworkLink.
Constructing NetworkLink.
Constructing NetworkLink.
Constructing NetworkLink.
Constructing NetworkLink.
Constructing NetworkLink.
Constructing NetworkLink.
Constructing NetworkLink.
Constructing NetworkLink.
Constructing NetworkLink.
Constructing NetworkLink.
Constructing NetworkLink.
Constructing NetworkLink.
Constructing NetworkLink.
Constructing NetworkLink.
Constructing NetworkLink.
Constructing NetworkLink.
Constructing NetworkLink.
Constructing NetworkLink.
Constructing NetworkLink.
Constructing NetworkLink.
Constructing NetworkLink.
Constructing NetworkLink.
Constructing NetworkLink.
Constructing NetworkLink.
Constructing NetworkLink.
Constructing NetworkLink.
Constructing NetworkLink.
Constructing NetworkLink.
Added all names to the symbol table.
Adding static hop for route 3102 (890->914, lat 5).
Adding static hop for route 3054 (889->913, lat 3).
Adding static hop for route 2489 (912->890, lat 3).
Adding static hop for route 2462 (910->890, lat 1).
Adding static hop for route 2437 (911->889, lat 1).
Adding static hop for route 2410 (909->889, lat 1).
Adding static hop for route 2256 (666->849, lat 1).
Adding static hop for route 2233 (545->806, lat 1).
Adding static hop for route 1997 (914->666, lat 2).
Adding static hop for route 1919 (913->545, lat 2).
Adding static hop for route 3006 (252->912, lat 1).
Adding static hop for route 2961 (183->911, lat 5).
Adding static hop for route 1973 (905->666, lat 1).
Adding static hop for route 1944 (905->666, lat 1).
Adding static hop for route 1895 (901->545, lat 3).
Adding static hop for route 1866 (901->545, lat 3).
Adding static hop for route 2852 (78->910, lat 6).
Adding static hop for route 2852 (78->909, lat 6).
Adding static hop for route 1842 (898->252, lat 1).
Adding static hop for route 1813 (898->252, lat 1).
Adding static hop for route 1789 (895->183, lat 1).
Adding static hop for route 1760 (895->183, lat 1).
Adding static hop for route 2280 (678->910, lat 1).
Adding static hop for route 2280 (678->898, lat 5).
Adding static hop for route 2280 (678->806, lat 6).
Adding static hop for route 2280 (678->901, lat 4).
Adding static hop for route 2280 (678->877, lat 4).
Adding static hop for route 2280 (678->849, lat 4).
Adding static hop for route 2280 (678->905, lat 5).
Adding static hop for route 2280 (678->909, lat 1).
Adding static hop for route 2280 (678->895, lat 6).
Adding static hop for route 2310 (678->910, lat 1).
Adding static hop for route 2310 (678->806, lat 6).
Adding static hop for route 2310 (678->901, lat 4).
Adding static hop for route 2310 (678->898, lat 5).
Adding static hop for route 2310 (678->849, lat 4).
Adding static hop for route 2310 (678->905, lat 5).
Adding static hop for route 2310 (678->909, lat 1).
Adding static hop for route 2310 (678->895, lat 6).
Adding static hop for route 1736 (877->78, lat 3).
Adding static hop for route 1707 (877->78, lat 3).
Adding static hop for route 2784 (678->905, lat 5).
Adding static hop for route 2707 (678->901, lat 4).
Adding static hop for route 2630 (678->898, lat 5).
Adding static hop for route 2560 (678->895, lat 6).
Adding static hop for route 2386 (678->877, lat 4).
Adding static hop for route 2209 (849->678, lat 4).
Adding static hop for route 2102 (806->678, lat 6).
Printing hop routes
Parsed placement file.
Link specified in placement file.
Changing link to static with placed latencies.
Set lat 5 from 0 to 0
Set lat 6 from 0 to 1
Set lat 4 from 0 to 2
Set lat 4 from 0 to 3
Set lat 1 from 0 to 4
Set lat 1 from 0 to 5
Set lat 5 from 0 to 6
Set lat 6 from 0 to 7
Set lat 1 from 0 to 0
Set lat 1 from 0 to 0
Link specified in placement file.
Changing link to static with placed latencies.
Set lat 5 from 0 to 0
Link specified in placement file.
Changing link to static with placed latencies.
Set lat 6 from 0 to 0
Link specified in placement file.
Changing link to static with placed latencies.
Set lat 4 from 0 to 0
Link specified in placement file.
Changing link to static with placed latencies.
Set lat 5 from 0 to 0
Link specified in placement file.
Changing link to static with placed latencies.
Set lat 1 from 0 to 0
Link specified in placement file.
Changing link to static with placed latencies.
Set lat 1 from 0 to 0
Link specified in placement file.
Changing link to static with placed latencies.
Set lat 1 from 0 to 0
Link specified in placement file.
Changing link to static with placed latencies.
Set lat 1 from 0 to 0
Link specified in placement file.
Changing link to static with placed latencies.
Set lat 3 from 0 to 0
Link specified in placement file.
Changing link to static with placed latencies.
Set lat 3 from 0 to 0
Link specified in placement file.
Changing link to static with placed latencies.
Set lat 5 from 0 to 0
Link specified in placement file.
Changing link to static with placed latencies.
Set lat 3 from 0 to 0
Link specified in placement file.
Changing link to static with placed latencies.
Set lat 1 from 0 to 0
Link specified in placement file.
Changing link to static with placed latencies.
Set lat 1 from 0 to 0
Link specified in placement file.
Changing link to static with placed latencies.
Set lat 3 from 0 to 0
Link specified in placement file.
Changing link to static with placed latencies.
Set lat 1 from 0 to 0
Set lat 1 from 0 to 0
Set lat 1 from 0 to 0
Link specified in placement file.
Changing link to static with placed latencies.
Set lat 3 from 0 to 0
Link specified in placement file.
Changing link to static with placed latencies.
Set lat 1 from 0 to 0
Link specified in placement file.
Changing link to static with placed latencies.
Set lat 1 from 0 to 0
Link specified in placement file.
Changing link to static with placed latencies.
Set lat 3 from 0 to 0
Link specified in placement file.
Changing link to static with placed latencies.
Set lat 1 from 0 to 0
Set lat 1 from 0 to 0
Set lat 1 from 0 to 0
Link specified in placement file.
Changing link to static with placed latencies.
Set lat 6 from 0 to 0
Set lat 6 from 0 to 1
Link specified in placement file.
Changing link to static with placed latencies.
Set lat 5 from 0 to 0
Link specified in placement file.
Changing link to static with placed latencies.
Set lat 4 from 0 to 0
Link specified in placement file.
Changing link to static with placed latencies.
Set lat 1 from 0 to 0
Link specified in placement file.
Changing link to static with placed latencies.
Set lat 1 from 0 to 0
Link specified in placement file.
Changing link to static with placed latencies.
Set lat 4 from 0 to 0
Link specified in placement file.
Changing link to static with placed latencies.
Set lat 6 from 0 to 0
Link specified in placement file.
Changing link to static with placed latencies.
Set lat 5 from 0 to 0
Set lat 6 from 0 to 1
Set lat 4 from 0 to 2
Set lat 4 from 0 to 3
Set lat 1 from 0 to 4
Set lat 1 from 0 to 5
Set lat 5 from 0 to 6
Set lat 6 from 0 to 7
Set lat 4 from 0 to 8
Link specified in placement file.
Changing link to static with placed latencies.
Set lat 2 from 0 to 0
Link specified in placement file.
Changing link to static with placed latencies.
Set lat 2 from 0 to 0
Child process has pid 25545
Parsed definitions of all elements.
Total of 38 links:
  0: ArgIn975_ArgIn1084_ArgIn916_ArgIn1006_ArgIn2041_ArgIn2148_ArgIn2820_ArgIn2888
    
  1: SRAM131
    
  2: SRAM132
    
  3: DramAddress228
    
  4: DramAddress159
    
  5: DramAddress58
    
  6: RetimingFIFO1438
    
  7: RetimingFIFO1467
    
  8: RetimingFIFO1202
    
  9: RetimingFIFO1335
    
  10: RetimingFIFO1241
    
  11: RetimingFIFO1251
    
  12: RetimingFIFO1374
    
  13: RetimingFIFO1384
    
  14: StreamOut49
    
  15: StreamOut150
    
  16: StreamOut219
    
  17: StreamOut452
    
  18: StreamOut573
    
  19: SRAM39
    
  20: SRAM40
    
  21: StreamOut50
    
  22: StreamOut151
    
  23: StreamOut220
    
  24: StreamOut453
    
  25: StreamOut574
    
  26: SRAM288
    
  27: SRAM287
    
  28: RetimingFIFO1114_RetimingFIFO1143
    
  29: DramAddress599
    
  30: DramAddress478
    
  31: StreamIn576
    
  32: StreamIn455
    
  33: TokenOut855
    
  34: TokenOut813
    
  35: ArgIn1065_ArgIn938_ArgIn1028_ArgIn2022_ArgIn2129_ArgIn2529_ArgIn2599_ArgIn3274_ArgIn3317
    
  36: StreamOut575
    
  37: StreamOut454
    
Total of 28 nodes:
  0: CE3388
    [StreamOut50 *4 /1] [StreamOut49 *4 /1]  => [RetimingFIFO1114_RetimingFIFO1143] 
  1: CE3402
    [StreamOut151 *64 /1] [StreamOut150 *64 /1]  => [RetimingFIFO1438] 
  2: CE3740
    [RetimingFIFO1438 *1 /1]  => [SRAM131] 
  3: CE3730
    [SRAM131 *4096 /1]  => [RetimingFIFO1241] 
  4: CE3416
    [StreamOut220 *64 /1] [StreamOut219 *64 /1]  => [RetimingFIFO1467] 
  5: CE3760
    [RetimingFIFO1467 *1 /1]  => [SRAM132] 
  6: CE3750
    [SRAM132 *4096 /1]  => [RetimingFIFO1374] 
  7: CE3544
    [ArgIn1065_ArgIn938_ArgIn1028_ArgIn2022_ArgIn2129_ArgIn2529_ArgIn2599_ArgIn3274_ArgIn3317 *64 /1] [DramAddress58 *64 /1]  => [StreamOut50] [StreamOut49] 
  8: CE3592
    [ArgIn975_ArgIn1084_ArgIn916_ArgIn1006_ArgIn2041_ArgIn2148_ArgIn2820_ArgIn2888 *128 /1] [ArgIn1065_ArgIn938_ArgIn1028_ArgIn2022_ArgIn2129_ArgIn2529_ArgIn2599_ArgIn3274_ArgIn3317 *128 /1] [DramAddress159 *128 /1]  => [StreamOut151] [StreamOut150] 
  9: CE3614
    [ArgIn975_ArgIn1084_ArgIn916_ArgIn1006_ArgIn2041_ArgIn2148_ArgIn2820_ArgIn2888 *128 /1] [ArgIn1065_ArgIn938_ArgIn1028_ArgIn2022_ArgIn2129_ArgIn2529_ArgIn2599_ArgIn3274_ArgIn3317 *128 /1] [DramAddress228 *128 /1]  => [StreamOut220] [StreamOut219] 
  10: CE3636
    [ArgIn975_ArgIn1084_ArgIn916_ArgIn1006_ArgIn2041_ArgIn2148_ArgIn2820_ArgIn2888 *8192 /1] [DramAddress478 *8192 /1] [ArgIn1065_ArgIn938_ArgIn1028_ArgIn2022_ArgIn2129_ArgIn2529_ArgIn2599_ArgIn3274_ArgIn3317 *8192 /1]  => [StreamOut453] [StreamOut452] 
  11: CE3658
    [ArgIn975_ArgIn1084_ArgIn916_ArgIn1006_ArgIn2041_ArgIn2148_ArgIn2820_ArgIn2888 *8192 /1] [DramAddress599 *8192 /1] [ArgIn1065_ArgIn938_ArgIn1028_ArgIn2022_ArgIn2129_ArgIn2529_ArgIn2599_ArgIn3274_ArgIn3317 *8192 /1]  => [StreamOut574] [StreamOut573] 
  12: CE3780
    [RetimingFIFO1251 *1 /1]  => [SRAM287] 
  13: CE3770
    [SRAM287 *4096 /1]  => [StreamOut454] 
  14: CE3432
    [StreamOut453 *64 /1] [StreamOut454 *1 /1] [StreamOut452 *64 /1]  => [StreamIn455] 
  15: CE3800
    [RetimingFIFO1384 *1 /1]  => [SRAM288] 
  16: CE3790
    [SRAM288 *4096 /1]  => [StreamOut575] 
  17: CE3450
    [StreamOut574 *64 /1] [StreamOut575 *1 /1] [StreamOut573 *64 /1]  => [StreamIn576] 
  18: CE3474
     => [ArgIn975_ArgIn1084_ArgIn916_ArgIn1006_ArgIn2041_ArgIn2148_ArgIn2820_ArgIn2888] [DramAddress58] [DramAddress159] [DramAddress228] [DramAddress478] [DramAddress599] [ArgIn1065_ArgIn938_ArgIn1028_ArgIn2022_ArgIn2129_ArgIn2529_ArgIn2599_ArgIn3274_ArgIn3317] 
  19: CE3494
    [TokenOut813 *1 /1] [TokenOut855 *1 /1]  => 
  20: CE3508
    [ArgIn975_ArgIn1084_ArgIn916_ArgIn1006_ArgIn2041_ArgIn2148_ArgIn2820_ArgIn2888 *524288 /1] [ArgIn1065_ArgIn938_ArgIn1028_ArgIn2022_ArgIn2129_ArgIn2529_ArgIn2599_ArgIn3274_ArgIn3317 *524288 /1] [StreamIn455 *1 /1]  => [TokenOut813] 
  21: CE3526
    [ArgIn975_ArgIn1084_ArgIn916_ArgIn1006_ArgIn2041_ArgIn2148_ArgIn2820_ArgIn2888 *524288 /1] [ArgIn1065_ArgIn938_ArgIn1028_ArgIn2022_ArgIn2129_ArgIn2529_ArgIn2599_ArgIn3274_ArgIn3317 *524288 /1] [Strhanging link to static with placed latencies.
Set lat 4 from 0 to 0
Link specified in placement file.
Changing link to static with placed latencies.
Set lat 5 from 0 to 0
Link specified in placement file.
Changing link to static with placed latencies.
Set lat 1 from 0 to 0
Link specified in placement file.
Changing link to static with placed latencies.
Set lat 1 from 0 to 0
Link specified in placement file.
Changing link to static with placed latencies.
Set lat 1 from 0 to 0
Link specified in placement file.
Changing link to static with placed latencies.
Set lat 1 from 0 to 0
Link specified in placement file.
Changing link to static with placed latencies.
Set lat 3 from 0 to 0
Link specified in placement file.
Changing link to static with placed latencies.
Set lat 3 from 0 to 0
Link specified in placement file.
Changing link to static with placed latencies.
Set lat 5 from 0 to 0
Link specified in placement file.
Changing link to static with placed latencies.
Set lat 3 from 0 to 0
Link specified in placement file.
Changing link to static with placed latencies.
Set lat 1 from 0 to 0
Link specified in placement file.
Changing link to static with placed latencies.
Set lat 1 from 0 to 0
Link specified in placement file.
Changing link to static with placed latencies.
Set lat 3 from 0 to 0
Link specified in placement file.
Changing link to static with placed latencies.
Set lat 1 from 0 to 0
Set lat 1 from 0 to 0
Set lat 1 from 0 to 0
Link specified in placement file.
Changing link to static with placed latencies.
Set lat 3 from 0 to 0
Link specified in placement file.
Changing link to static with placed latencies.
Set lat 1 from 0 to 0
Link specified in placement file.
Changing link to static with placed latencies.
Set lat 1 from 0 to 0
Link specified in placement file.
Changing link to static with placed latencies.
Set lat 3 from 0 to 0
Link specified in placement file.
Changing link to static with placed latencies.
Set lat 1 from 0 to 0
Set lat 1 from 0 to 0
Set lat 1 from 0 to 0
Link specified in placement file.
Changing link to static with placed latencies.
Set lat 6 from 0 to 0
Set lat 6 from 0 to 1
Link specified in placement file.
Changing link to static with placed latencies.
Set lat 5 from 0 to 0
Link specified in placement file.
Changing link to static with placed latencies.
Set lat 4 from 0 to 0
Link specified in placement file.
Changing link to static with placed latencies.
Set lat 1 from 0 to 0
Link specified in placement file.
Changing link to static with placed latencies.
Set lat 1 from 0 to 0
Link specified in placement file.
Changing link to static with placed latencies.
Set lat 4 from 0 to 0
Link specified in placement file.
Changing link to static with placed latencies.
Set lat 6 from 0 to 0
Link specified in placement file.
Changing link to static with placed latencies.
Set lat 5 from 0 to 0
Set lat 6 from 0 to 1
Set lat 4 from 0 to 2
Set lat 4 from 0 to 3
Set lat 1 from 0 to 4
Set lat 1 from 0 to 5
Set lat 5 from 0 to 6
Set lat 6 from 0 to 7
Set lat 4 from 0 to 8
Link specified in placement file.
Changing link to static with placed latencies.
Set lat 2 from 0 to 0
Link specified in placement file.
Changing link to static with placed latencies.
Set lat 2 from 0 to 0
I'm the child process!
GPGPU-Sim uArch: interconnect node map (shaderID+MemID to icntID)
GPGPU-Sim uArch: Memory nodes ID start from index: 256
GPGPU-Sim uArch:    0   1   2   3   4   5   6   7   8   9  10  11  12  13  14  15
GPGPU-Sim uArch:   16  17  18  19  20  21  22  23  24  25  26  27  28  29  30  31
GPGPU-Sim uArch:   32  33  34  35  36  37  38  39  40  41  42  43  44  45  46  47
GPGPU-Sim uArch:   48  49  50  51  52  53  54  55  56  57  58  59  60  61  62  63
GPGPU-Sim uArch:   64  65  66  67  68  69  70  71  72  73  74  75  76  77  78  79
GPGPU-Sim uArch:   80  81  82  83  84  85  86  87  88  89  90  91  92  93  94  95
GPGPU-Sim uArch:   96  97  98  99 100 101 102 103 104 105 106 107 108 109 110 111
GPGPU-Sim uArch:  112 113 114 115 116 117 118 119 120 121 122 123 124 125 126 127
GPGPU-Sim uArch:  128 129 130 131 132 133 134 135 136 137 138 139 140 141 142 143
GPGPU-Sim uArch:  144 145 146 147 148 149 150 151 152 153 154 155 156 157 158 159
GPGPU-Sim uArch:  160 161 162 163 164 165 166 167 168 169 170 171 172 173 174 175
GPGPU-Sim uArch:  176 177 178 179 180 181 182 183 184 185 186 187 188 189 190 191
GPGPU-Sim uArch:  192 193 194 195 196 197 198 199 200 201 202 203 204 205 206 207
GPGPU-Sim uArch:  208 209 210 211 212 213 214 215 216 217 218 219 220 221 222 223
GPGPU-Sim uArch:  224 225 226 227 228 229 230 231 232 233 234 235 236 237 238 239
GPGPU-Sim uArch:  240 241 242 243 244 245 246 247 248 249 250 251 252 253 254 255
GPGPU-Sim uArch: interconnect node reverse map (icntID to shaderID+MemID)
GPGPU-Sim uArch: Memory nodes start from ID: 256
GPGPU-Sim uArch:    0   1   2   3   4   5   6   7   8   9  10  11  12  13  14  15
GPGPU-Sim uArch:   16  17  18  19  20  21  22  23  24  25  26  27  28  29  30  31
GPGPU-Sim uArch:   32  33  34  35  36  37  38  39  40  41  42  43  44  45  46  47
GPGPU-Sim uArch:   48  49  50  51  52  53  54  55  56  57  58  59  60  61  62  63
GPGPU-Sim uArch:   64  65  66  67  68  69  70  71  72  73  74  75  76  77  78  79
GPGPU-Sim uArch:   80  81  82  83  84  85  86  87  88  89  90  91  92  93  94  95
GPGPU-Sim uArch:   96  97  98  99 100 101 102 103 104 105 106 107 108 109 110 111
GPGPU-Sim uArch:  112 113 114 115 116 117 118 119 120 121 122 123 124 125 126 127
GPGPU-Sim uArch:  128 129 130 131 132 133 134 135 136 137 138 139 140 141 142 143
GPGPU-Sim uArch:  144 145 146 147 148 149 150 151 152 153 154 155 156 157 158 159
GPGPU-Sim uArch:  160 161 162 163 164 165 166 167 168 169 170 171 172 173 174 175
GPGPU-Sim uArch:  176 177 178 179 180 181 182 183 184 185 186 187 188 189 190 191
GPGPU-Sim uArch:  192 193 194 195 196 197 198 199 200 201 202 203 204 205 206 207
GPGPU-Sim uArch:  208 209 210 211 212 213 214 215 216 217 218 219 220 221 222 223
GPGPU-Sim uArch:  224 225 226 227 228 229 230 231 232 233 234 235 236 237 238 239
GPGPU-Sim uArch:  240 241 242 243 244 245 246 247 248 249 250 251 252 253 254 255
eamIn576 *1 /1]  => [TokenOut855] 
  22: CE3692
    [RetimingFIFO1114_RetimingFIFO1143 *1 /1]  => [SRAM39] 
  23: CE3678
    [SRAM39 *8192 /1] [ArgIn975_ArgIn1084_ArgIn916_ArgIn1006_ArgIn2041_ArgIn2148_ArgIn2820_ArgIn2888 *524288 /1] [ArgIn1065_ArgIn938_ArgIn1028_ArgIn2022_ArgIn2129_ArgIn2529_ArgIn2599_ArgIn3274_ArgIn3317 *524288 /1]  => [RetimingFIFO1202] 
  24: CE3720
    [RetimingFIFO1114_RetimingFIFO1143 *1 /1]  => [SRAM40] 
  25: CE3706
    [SRAM40 *8192 /1] [ArgIn975_ArgIn1084_ArgIn916_ArgIn1006_ArgIn2041_ArgIn2148_ArgIn2820_ArgIn2888 *524288 /1] [ArgIn1065_ArgIn938_ArgIn1028_ArgIn2022_ArgIn2129_ArgIn2529_ArgIn2599_ArgIn3274_ArgIn3317 *524288 /1]  => [RetimingFIFO1335] 
  26: CE3560
    [RetimingFIFO1202 *1 /1] [RetimingFIFO1241 *1 /1]  => [RetimingFIFO1251] 
  27: CE3574
    [RetimingFIFO1335 *1 /1] [RetimingFIFO1374 *1 /1]  => [RetimingFIFO1384] 

10000...
20000...
30000...
40000...
50000...
60000...
70000...
80000...
90000...
100000...
110000...
120000...
130000...
140000...
150000...
160000...
170000...
180000...
190000...
200000...
210000...
220000...
230000...
240000...
250000...
260000...
270000...
280000...
290000...
300000...
310000...
320000...
330000...
340000...
350000...
360000...
370000...
380000...
390000...
400000...
410000...
420000...
430000...
440000...
450000...
460000...
470000...
480000...
490000...
500000...
510000...
520000...
530000...
540000...
550000...
560000...
570000...
580000...
590000...
600000...
610000...
620000...
630000...
640000...
650000...
660000...
670000...
680000...
690000...
700000...
710000...
720000...
730000...
740000...
750000...
760000...
770000...
780000...
790000...
800000...
810000...
820000...
830000...
840000...
850000...
860000...
870000...
880000...
890000...
900000...
910000...
920000...
930000...
940000...
950000...
960000...
970000...
980000...
990000...
1000000...
1010000...
1020000...
1030000...
1040000...
1050000...
1060000...
1070000...
1080000...
1090000...
1100000...
1110000...
1120000...
1130000...
1140000...
1150000...
1160000...
1170000...
1180000...
1190000...
1200000...
1210000...
1220000...
1230000...
1240000...
1250000...
1260000...
1270000...
1280000...
1290000...
1300000...
1310000...
1320000...
1330000...
1340000...
1350000...
1360000...
1370000...
1380000...
1390000...
1400000...
1410000...
1420000...
1430000...
1440000...
Simulation complete at cycle: 1444513
[[32mpsim[0m] Simulation complete at cycle: 1444513
CE3388: Active:   0.0 Stalled:  76.1 Starved:  80.0 Total Active:      256 Total Output:      256 Expected Active:      256 Last Activity: 1156053
[0m[[31merror[0m] [0m(Thread-17) java.lang.NumberFormatException: For input string: "256 Total Output:      256"[0m
java.lang.NumberFormatException: For input string: "256 Total Output:      256"
	at java.lang.NumberFormatException.forInputString(NumberFormatException.java:65)
	at java.lang.Long.parseLong(Long.java:589)
	at java.lang.Long.parseLong(Long.java:631)
	at scala.collection.immutable.StringLike.toLong(StringLike.scala:306)
	at scala.collection.immutable.StringLike.toLong$(StringLike.scala:306)
	at scala.collection.immutable.StringOps.toLong(StringOps.scala:29)
	at pir.codegen.PlastisimConfigCodegen.$anonfun$processOutput$1(PlastisimConfigCodegen.scala:55)
	at pir.codegen.PlastisimConfigCodegen.$anonfun$processOutput$1$adapted(PlastisimConfigCodegen.scala:54)
	at scala.Option.foreach(Option.scala:257)
	at pir.codegen.PlastisimConfigCodegen.processOutput(PlastisimConfigCodegen.scala:54)
	at pir.codegen.PlastisimConfigCodegen.$anonfun$runPsim$5(PlastisimConfigCodegen.scala:82)
	at pir.codegen.PlastisimConfigCodegen.$anonfun$runPsim$5$adapted(PlastisimConfigCodegen.scala:82)
	at prism.util.Misc.$anonfun$shell$7(Misc.scala:88)
	at prism.util.Misc.$anonfun$shell$7$adapted(Misc.scala:88)
	at scala.Option.foreach(Option.scala:257)
	at prism.util.Misc.$anonfun$shell$5(Misc.scala:88)
	at prism.util.Misc.$anonfun$shell$5$adapted(Misc.scala:88)
	at scala.sys.process.ProcessLogger$$anon$1.out(ProcessLogger.scala:97)
	at scala.sys.process.BasicIO$.$anonfun$processOutFully$1(BasicIO.scala:136)
	at scala.sys.process.BasicIO$.$anonfun$processOutFully$1$adapted(BasicIO.scala:136)
	at scala.sys.process.BasicIO$.readFully$1(BasicIO.scala:184)
	at scala.sys.process.BasicIO$.$anonfun$processFully$1$adapted(BasicIO.scala:188)
	at scala.sys.process.ProcessBuilderImpl$Simple.$anonfun$run$3(ProcessBuilderImpl.scala:76)
	at scala.sys.process.ProcessImpl$Spawn$$anon$1.run(ProcessImpl.scala:23)
[0m[[31mtrace[0m] [0mStack trace suppressed: run [34mlast apps/compile:runMain[0m for the full output.[0m
[[31merror[0m] failed /home/yaqiz/plastisim/plastisim -f /home/yaqiz/plastisim/configs/finals/OuterProduct__M_4096_N_4096_ts1_64_ts2_1024_op1_1_op2_2_ip2_16_ip1_1_dynamic_v1_s6/config.psim -p /home/yaqiz/plastisim/configs/finals/OuterProduct__M_4096_N_4096_ts1_64_ts2_1024_op1_1_op2_2_ip2_16_ip1_1_dynamic_v1_s6/final.place -c 100000000 -l B
[pir] Finished 68-PlastisimConfigCodegen to [36mconfig.psim[0m in 284354.888281ms
[pir] Running 69-PlastisimDotCodegen ...[pir] Finished 69-PlastisimDotCodegen to [36mpsim.dot[0m in 1181.643885ms
[pir] Saving node prism.Session@50e16224 to /home/yaqiz/pir/out/OuterProduct__M_4096_N_4096_ts1_64_ts2_1024_op1_1_op2_2_ip2_16_ip1_1_dynamic_v1_s6/OuterProduct__M_4096_N_4096_ts1_64_ts2_1024_op1_1_op2_2_ip2_16_ip1_1.sess
[0m[[32msuccess[0m] [0mTotal time: 367 s, completed Aug 1, 2018 7:38:14 PM[0m
-------------PASS (DONE)------------
