Java HotSpot(TM) 64-Bit Server VM warning: ignoring option MaxPermSize=1g; support was removed in 8.0
[0m[[0minfo[0m] [0mLoading global plugins from /home/yaqiz/.sbt/0.13/plugins[0m
[0m[[0minfo[0m] [0mLoading project definition from /home/yaqiz/spatial-lang/project[0m
[0m[[0minfo[0m] [0mSet current project to spatial-lang (in build file:/home/yaqiz/spatial-lang/)[0m
[0m[[33mwarn[0m] [0mThe `-` command is deprecated in favor of `onFailure` and will be removed in 0.14.0[0m
Waiting for lock on /home/yaqiz/.ivy2/.sbt.ivy.lock to be available...
[0m[[0minfo[0m] [0mCompiling 4 Scala sources to /home/yaqiz/spatial-lang/apps/target/scala-2.12/classes...[0m
[0m[[0minfo[0m] [0mRunning BlackScholes__N_1310720_ts_65536_op_1 --dot --cgra+ --pirsrc /home/yaqiz/pir/pir/apps/src/gen[0m
Loaded RoutingLUTs model from file
Loaded FanoutRegisters model from file
Loaded UnavailableALMs model from file
Loaded TileLoadModel model from file
Compiling BlackScholes__N_1310720_ts_65536_op_1 to /home/yaqiz/spatial-lang/gen/BlackScholes__N_1310720_ts_65536_op_1
[[33mwarn[0m] Plasticine only support 32 bit wordwidth. FixConvert to LongType. Use single precision instead BlackScholes__N_1310720_ts_65536_op_1.scala:106:21
[[33mwarn[0m] Plasticine only support 32 bit wordwidth. FixConvert to LongType. Use single precision instead BlackScholes__N_1310720_ts_65536_op_1.scala:107:21
[[33mwarn[0m] Plasticine only support 32 bit wordwidth. FixConvert to LongType. Use single precision instead BlackScholes__N_1310720_ts_65536_op_1.scala:108:21
[[33mwarn[0m] Plasticine only support 32 bit wordwidth. FixConvert to LongType. Use single precision instead BlackScholes__N_1310720_ts_65536_op_1.scala:109:21
[[33mwarn[0m] Plasticine only support 32 bit wordwidth. FixConvert to LongType. Use single precision instead BlackScholes__N_1310720_ts_65536_op_1.scala:110:21
[[33mwarn[0m] Plasticine only support 32 bit wordwidth. FixConvert to LongType. Use single precision instead BlackScholes__N_1310720_ts_65536_op_1.scala:111:21
[[33mwarn[0m] Plasticine only support 32 bit wordwidth. FixConvert to LongType. Use single precision instead BlackScholes__N_1310720_ts_65536_op_1.scala:118:34
[[34minfo[0m] mkdir -p /home/yaqiz/pir/pir/apps/src/gen
cp /home/yaqiz/spatial-lang/gen/BlackScholes__N_1310720_ts_65536_op_1/pir/main.scala /home/yaqiz/pir/pir/apps/src/gen/BlackScholes__N_1310720_ts_65536_op_1.scala
rm /home/yaqiz/pir/out/BlackScholes__N_1310720_ts_65536_op_1/BlackScholes__N_1310720_ts_65536_op_1.pir
rm: cannot remove ‘/home/yaqiz/pir/out/BlackScholes__N_1310720_ts_65536_op_1/BlackScholes__N_1310720_ts_65536_op_1.pir’: No such file or directory
[[32mcompleted[0m] Total time: 17.0600 seconds
[0m[[32msuccess[0m] [0mTotal time: 37 s, completed Jul 1, 2018 10:38:12 PM[0m
sbt -batch "apps/run-main BlackScholes__N_1310720_ts_65536_op_1 --dot --cgra+ --pirsrc /home/yaqiz/pir/pir/apps/src/gen"
-------------PASS (DONE)------------
