Java HotSpot(TM) 64-Bit Server VM warning: ignoring option MaxPermSize=1g; support was removed in 8.0
[0m[[0minfo[0m] [0mLoading global plugins from /home/yaqiz/.sbt/0.13/plugins[0m
[0m[[0minfo[0m] [0mLoading project definition from /home/yaqiz/spatial-lang/project[0m
[0m[[0minfo[0m] [0mSet current project to spatial-lang (in build file:/home/yaqiz/spatial-lang/)[0m
[0m[[33mwarn[0m] [0mThe `-` command is deprecated in favor of `onFailure` and will be removed in 0.14.0[0m
[0m[[0minfo[0m] [0mCompiling 2 Scala sources to /home/yaqiz/spatial-lang/spatial/core/target/scala-2.12/classes...[0m
[0m[[0minfo[0m] [0mCompiling 266 Scala sources to /home/yaqiz/spatial-lang/apps/target/scala-2.12/classes...[0m
[0m[[0minfo[0m] [0mRunning OuterProduct__M_12288_N_12288_ts1_64_ts2_1024_op1_2_op2_2_ip2_16_ip1_1 --dot --cgra+ --pirsrc /home/yaqiz/pir/pir/apps/src[0m
Loaded RoutingLUTs model from file
Loaded FanoutRegisters model from file
Loaded UnavailableALMs model from file
Loaded TileLoadModel model from file
Compiling OuterProduct__M_12288_N_12288_ts1_64_ts2_1024_op1_2_op2_2_ip2_16_ip1_1 to /home/yaqiz/spatial-lang/gen/OuterProduct__M_12288_N_12288_ts1_64_ts2_1024_op1_2_op2_2_ip2_16_ip1_1
[[33mwarn[0m] Plasticine only support 32 bit wordwidth. FixConvert to LongType. Use single precision instead OuterProduct__M_12288_N_12288_ts1_64_ts2_1024_op1_2_op2_2_ip2_16_ip1_1.scala:36:12
[[33mwarn[0m] Plasticine only support 32 bit wordwidth. FixConvert to LongType. Use single precision instead OuterProduct__M_12288_N_12288_ts1_64_ts2_1024_op1_2_op2_2_ip2_16_ip1_1.scala:36:12
[[33mwarn[0m] Plasticine only support 32 bit wordwidth. FixConvert to LongType. Use single precision instead OuterProduct__M_12288_N_12288_ts1_64_ts2_1024_op1_2_op2_2_ip2_16_ip1_1.scala:39:14
[[33mwarn[0m] Plasticine only support 32 bit wordwidth. FixConvert to LongType. Use single precision instead OuterProduct__M_12288_N_12288_ts1_64_ts2_1024_op1_2_op2_2_ip2_16_ip1_1.scala:39:14
[[33mwarn[0m] Plasticine only support 32 bit wordwidth. FixConvert to LongType. Use single precision instead OuterProduct__M_12288_N_12288_ts1_64_ts2_1024_op1_2_op2_2_ip2_16_ip1_1.scala:42:43
[[33mwarn[0m] Plasticine only support 32 bit wordwidth. FixConvert to LongType. Use single precision instead OuterProduct__M_12288_N_12288_ts1_64_ts2_1024_op1_2_op2_2_ip2_16_ip1_1.scala:42:43
[[33mwarn[0m] Plasticine only support 32 bit wordwidth. FixConvert to LongType. Use single precision instead OuterProduct__M_12288_N_12288_ts1_64_ts2_1024_op1_2_op2_2_ip2_16_ip1_1.scala:39:14
[[33mwarn[0m] Plasticine only support 32 bit wordwidth. FixConvert to LongType. Use single precision instead OuterProduct__M_12288_N_12288_ts1_64_ts2_1024_op1_2_op2_2_ip2_16_ip1_1.scala:39:14
[[33mwarn[0m] Plasticine only support 32 bit wordwidth. FixConvert to LongType. Use single precision instead OuterProduct__M_12288_N_12288_ts1_64_ts2_1024_op1_2_op2_2_ip2_16_ip1_1.scala:42:43
[[33mwarn[0m] Plasticine only support 32 bit wordwidth. FixConvert to LongType. Use single precision instead OuterProduct__M_12288_N_12288_ts1_64_ts2_1024_op1_2_op2_2_ip2_16_ip1_1.scala:42:43
[[34minfo[0m] mkdir -p /home/yaqiz/pir/pir/apps/src
cp /home/yaqiz/spatial-lang/gen/OuterProduct__M_12288_N_12288_ts1_64_ts2_1024_op1_2_op2_2_ip2_16_ip1_1/pir/main.scala /home/yaqiz/pir/pir/apps/src/OuterProduct__M_12288_N_12288_ts1_64_ts2_1024_op1_2_op2_2_ip2_16_ip1_1.scala
rm /home/yaqiz/pir/out/OuterProduct__M_12288_N_12288_ts1_64_ts2_1024_op1_2_op2_2_ip2_16_ip1_1/OuterProduct__M_12288_N_12288_ts1_64_ts2_1024_op1_2_op2_2_ip2_16_ip1_1.pir
rm: cannot remove ‘/home/yaqiz/pir/out/OuterProduct__M_12288_N_12288_ts1_64_ts2_1024_op1_2_op2_2_ip2_16_ip1_1/OuterProduct__M_12288_N_12288_ts1_64_ts2_1024_op1_2_op2_2_ip2_16_ip1_1.pir’: No such file or directory
[[32mcompleted[0m] Total time: 9.2820 seconds
[0m[[32msuccess[0m] [0mTotal time: 285 s, completed Jul 20, 2018 11:34:28 PM[0m
sbt -batch "apps/run-main OuterProduct__M_12288_N_12288_ts1_64_ts2_1024_op1_2_op2_2_ip2_16_ip1_1 --dot --cgra+ --pirsrc /home/yaqiz/pir/pir/apps/src"
-------------PASS (DONE)------------
