Java HotSpot(TM) 64-Bit Server VM warning: ignoring option MaxPermSize=1g; support was removed in 8.0
Picked up _JAVA_OPTIONS: -Xss8192k
[0m[[0minfo[0m] [0mLoading global plugins from /home/yaqiz/.sbt/0.13/plugins[0m
[0m[[0minfo[0m] [0mLoading project definition from /home/yaqiz/pir/project[0m
[0m[[0minfo[0m] [0mSet current project to default-675fdc (in build file:/home/yaqiz/pir/)[0m
[0m[[0minfo[0m] [0mSet current project to apps (in build file:/home/yaqiz/pir/)[0m
[0m[[0minfo[0m] [0mRunning OuterProduct__M_983040_N_983040_ts1_64_ts2_1024_op1_4_op2_2_ip2_16_ip1_1 --debug --mapping=true --load-pir=true --save-pir=false --net=static --psim=true --psim_out=/home/yaqiz/plastisim/configs/gen/OuterProduct__M_983040_N_983040_ts1_64_ts2_1024_op1_4_op2_2_ip2_16_ip1_1_static/ --run-psim=true --trace=false --ctrl=true --bp=false --stat=false --arch=MyDesign --row=16 --col=8 --argin=64 --tokenout=32[0m
[pir] args=[--load-pir=true, --save-pir=true, --load-spade=false, --save-spade=false, --mapping=true, --splitting=true, --splitting-algo=alias_weighted_igraph, --psim=true, --ctrl=true, --trace=true, --bp=false, --snapint=10, --snapshot=false, --dot=true, --arch=MyDesign, --row=4, --col=4, --net=dynamic, --topo=mesh, --nn=false, --dag=true, --pattern=checkerboard, --argin=20, --argout=4, --tokenout=5, --routing-algo=dor, --routing-cost=H-hop, --debug, --mapping=true, --load-pir=true, --save-pir=false, --net=static, --psim=true, --psim_out=/home/yaqiz/plastisim/configs/gen/OuterProduct__M_983040_N_983040_ts1_64_ts2_1024_op1_4_op2_2_ip2_16_ip1_1_static/, --run-psim=true, --trace=false, --ctrl=true, --bp=false, --stat=false, --arch=MyDesign, --row=16, --col=8, --argin=64, --tokenout=32]
[pir] Loading from /home/yaqiz/pir/out/OuterProduct__M_983040_N_983040_ts1_64_ts2_1024_op1_4_op2_2_ip2_16_ip1_1/OuterProduct__M_983040_N_983040_ts1_64_ts2_1024_op1_4_op2_2_ip2_16_ip1_1.pir[pir] Loading PIRDesign() from /home/yaqiz/pir/out/OuterProduct__M_983040_N_983040_ts1_64_ts2_1024_op1_4_op2_2_ip2_16_ip1_1/OuterProduct__M_983040_N_983040_ts1_64_ts2_1024_op1_4_op2_2_ip2_16_ip1_1.pir
[pir] Configuring spade MyDesign ...
[pir] Loading from /home/yaqiz/pir/out/OuterProduct__M_983040_N_983040_ts1_64_ts2_1024_op1_4_op2_2_ip2_16_ip1_1/OuterProduct__M_983040_N_983040_ts1_64_ts2_1024_op1_4_op2_2_ip2_16_ip1_1.sess[pir] Loading prism.Session@764a34d5 from /home/yaqiz/pir/out/OuterProduct__M_983040_N_983040_ts1_64_ts2_1024_op1_4_op2_2_ip2_16_ip1_1/OuterProduct__M_983040_N_983040_ts1_64_ts2_1024_op1_4_op2_2_ip2_16_ip1_1.sess
[pir] Running 49-CUStatistics ...[pir] Finished 49-CUStatistics to [36mout/OuterProduct__M_983040_N_983040_ts1_64_ts2_1024_op1_4_op2_2_ip2_16_ip1_1/stat.json[0m in 1507.355653ms
[pir] Running 50-PlastisimLinkAnalyzer ...[pir] Finished 50-PlastisimLinkAnalyzer in 13492.00695ms
[pir] Running 51-ControllerDotCodegen ...[pir] Finished 51-ControllerDotCodegen to [36mout/OuterProduct__M_983040_N_983040_ts1_64_ts2_1024_op1_4_op2_2_ip2_16_ip1_1/controller.dot[0m in 5595.07123ms
[pir] Running 52-PIRIRDotCodegen ...[pir] Finished 52-PIRIRDotCodegen to [36mout/OuterProduct__M_983040_N_983040_ts1_64_ts2_1024_op1_4_op2_2_ip2_16_ip1_1/top.dot[0m in 11049.764904ms
[pir] Running 53-SimpleIRDotCodegen ...[pir] Finished 53-SimpleIRDotCodegen to [36mout/OuterProduct__M_983040_N_983040_ts1_64_ts2_1024_op1_4_op2_2_ip2_16_ip1_1/simple.dot[0m in 2359.102544ms
[pir] Running 54-PIRPrinter ...[pir] Finished 54-PIRPrinter to [36mout/OuterProduct__M_983040_N_983040_ts1_64_ts2_1024_op1_4_op2_2_ip2_16_ip1_1/IR.txt[0m in 10301.282393ms
[pir] Running 55-PlastisimDotCodegen ...[pir] [33mcreating output directory: [36m/home/yaqiz/plastisim/configs/gen/OuterProduct__M_983040_N_983040_ts1_64_ts2_1024_op1_4_op2_2_ip2_16_ip1_1_static/[0m[0m
[pir] Finished 55-PlastisimDotCodegen to [36mout/OuterProduct__M_983040_N_983040_ts1_64_ts2_1024_op1_4_op2_2_ip2_16_ip1_1/psim.dot[0m in 14425.67873ms
[pir] Running 56-CUPruning ...[pir] Finished 56-CUPruning in 3087.269787ms
[pir] Running 57-CUPlacer ...-------------PASS (DONE)------------
