Java HotSpot(TM) 64-Bit Server VM warning: ignoring option MaxPermSize=1g; support was removed in 8.0
Picked up _JAVA_OPTIONS: -Xss8192k
[0m[[0minfo[0m] [0mLoading global plugins from /home/yaqiz/.sbt/0.13/plugins[0m
[0m[[0minfo[0m] [0mLoading project definition from /home/yaqiz/pir/project[0m
[0m[[0minfo[0m] [0mSet current project to default-675fdc (in build file:/home/yaqiz/pir/)[0m
[0m[[0minfo[0m] [0mSet current project to apps (in build file:/home/yaqiz/pir/)[0m
[0m[[0minfo[0m] [0mRunning BlackScholes__N_67108864_ts_65536_op_2 --debug --mapping=true --load-pir=true --save-pir=false --net=asic --psim=true --psim_out=/home/yaqiz/plastisim/configs/gen/BlackScholes__N_67108864_ts_65536_op_2_asic/ --run-psim=true --trace=false --ctrl=true --bp=false --stat=false --arch=MyDesign --row=16 --col=8 --argin=64 --tokenout=32[0m
[pir] args=[--load-pir=true, --save-pir=true, --load-spade=false, --save-spade=false, --mapping=true, --splitting=true, --splitting-algo=alias_weighted_igraph, --psim=true, --ctrl=true, --trace=true, --bp=false, --snapint=10, --snapshot=false, --dot=true, --arch=MyDesign, --row=4, --col=4, --net=dynamic, --topo=mesh, --nn=false, --dag=true, --pattern=checkerboard, --argin=20, --argout=4, --tokenout=5, --routing-algo=dor, --routing-cost=H-hop, --debug, --mapping=true, --load-pir=true, --save-pir=false, --net=asic, --psim=true, --psim_out=/home/yaqiz/plastisim/configs/gen/BlackScholes__N_67108864_ts_65536_op_2_asic/, --run-psim=true, --trace=false, --ctrl=true, --bp=false, --stat=false, --arch=MyDesign, --row=16, --col=8, --argin=64, --tokenout=32]
[pir] Loading from /home/yaqiz/pir/out/BlackScholes__N_67108864_ts_65536_op_2/BlackScholes__N_67108864_ts_65536_op_2.pir[pir] Loading PIRDesign() from /home/yaqiz/pir/out/BlackScholes__N_67108864_ts_65536_op_2/BlackScholes__N_67108864_ts_65536_op_2.pir
[pir] Configuring spade MyDesign ...
[pir] Loading from /home/yaqiz/pir/out/BlackScholes__N_67108864_ts_65536_op_2/BlackScholes__N_67108864_ts_65536_op_2.sess[pir] Loading prism.Session@465544d from /home/yaqiz/pir/out/BlackScholes__N_67108864_ts_65536_op_2/BlackScholes__N_67108864_ts_65536_op_2.sess
[pir] Running 49-CUStatistics ...[pir] Finished 49-CUStatistics to [36mout/BlackScholes__N_67108864_ts_65536_op_2/stat.json[0m in 4421.417625ms
[pir] Running 50-PlastisimLinkAnalyzer ...[pir] Finished 50-PlastisimLinkAnalyzer in 22551.187413ms
[pir] Running 51-ControllerDotCodegen ...[pir] Finished 51-ControllerDotCodegen to [36mout/BlackScholes__N_67108864_ts_65536_op_2/controller.dot[0m in 6899.179188ms
[pir] Running 52-PIRIRDotCodegen ...[pir] Finished 52-PIRIRDotCodegen to [36mout/BlackScholes__N_67108864_ts_65536_op_2/top.dot[0m in 32646.757164ms
[pir] Running 53-SimpleIRDotCodegen ...[pir] Finished 53-SimpleIRDotCodegen to [36mout/BlackScholes__N_67108864_ts_65536_op_2/simple.dot[0m in 9272.222222ms
[pir] Running 54-PIRPrinter ...[pir] Finished 54-PIRPrinter to [36mout/BlackScholes__N_67108864_ts_65536_op_2/IR.txt[0m in 34171.762237ms
[pir] Running 55-PlastisimDotCodegen ...[pir] [33mcreating output directory: [36m/home/yaqiz/plastisim/configs/gen/BlackScholes__N_67108864_ts_65536_op_2_asic/[0m[0m
[pir] Finished 55-PlastisimDotCodegen to [36mout/BlackScholes__N_67108864_ts_65536_op_2/psim.dot[0m in 27246.722254ms
[pir] Running 56-CUPruning ...[pir] Finished 56-CUPruning in 166.318874ms
[pir] Running 57-CUPlacer ...[[32msuccess[0m] CUPlacer succeeded
[pir] Finished 57-CUPlacer in 8.424045ms
[pir] Running 58-PIRNetworkDotCodegen ...[pir] Finished 58-PIRNetworkDotCodegen to [36mout/BlackScholes__N_67108864_ts_65536_op_2/control.dot[0m in 0.611258ms
[pir] Running 59-PIRNetworkDotCodegen ...[pir] Finished 59-PIRNetworkDotCodegen to [36mout/BlackScholes__N_67108864_ts_65536_op_2/scalar.dot[0m in 0.202764ms
[pir] Running 60-PIRNetworkDotCodegen ...[pir] Finished 60-PIRNetworkDotCodegen to [36mout/BlackScholes__N_67108864_ts_65536_op_2/vector.dot[0m in 0.202442ms
[pir] Running 61-TerminalCSVCodegen ...[pir] Finished 61-TerminalCSVCodegen to [36mout/BlackScholes__N_67108864_ts_65536_op_2/node.csv[0m in 7586.819985ms
[pir] Running 62-LinkCSVCodegen ...[pir] Finished 62-LinkCSVCodegen to [36mout/BlackScholes__N_67108864_ts_65536_op_2/link.csv[0m in 28794.243066ms
[pir] Running 65-PlastisimDotCodegen ...[pir] Finished 65-PlastisimDotCodegen to [36mout/BlackScholes__N_67108864_ts_65536_op_2/psim.dot[0m in 27191.825192ms
[pir] Running 66-PlastisimConfigCodegen ...[[33mcommand[0m] ln -f /home/yaqiz/plastisim/configs/mesh_generic.cfg /home/yaqiz/plastisim/configs/gen/BlackScholes__N_67108864_ts_65536_op_2_asic//
[[33mpsim[0m] /home/yaqiz/plastisim/plastisim -f /home/yaqiz/plastisim/configs/gen/BlackScholes__N_67108864_ts_65536_op_2_asic//config.psim
[[33mpsim[0m] log in /home/yaqiz/pir/out/BlackScholes__N_67108864_ts_65536_op_2/psim.log
[[32mpsim[0m] Simulation complete at cycle: 14863101
[pir] Finished 66-PlastisimConfigCodegen to [36mout/BlackScholes__N_67108864_ts_65536_op_2/config.psim[0m in 1720227.651666ms
compilation elapsed time: 1925.346s
[0m[[32msuccess[0m] [0mTotal time: 1928 s, completed Jul 2, 2018 1:34:02 PM[0m
-------------PASS (DONE)------------
