Java HotSpot(TM) 64-Bit Server VM warning: ignoring option MaxPermSize=1g; support was removed in 8.0
Picked up _JAVA_OPTIONS: -Xss8192k
[0m[[0minfo[0m] [0mLoading global plugins from /home/yaqiz/.sbt/0.13/plugins[0m
[0m[[0minfo[0m] [0mLoading project definition from /home/yaqiz/pir/project[0m
[0m[[0minfo[0m] [0mSet current project to default-675fdc (in build file:/home/yaqiz/pir/)[0m
[0m[[0minfo[0m] [0mSet current project to apps (in build file:/home/yaqiz/pir/)[0m
[0m[[0minfo[0m] [0mRunning BlackScholes__N_67108864_ts_65536_op_2 --debug --mapping=true --load-pir=true --save-pir=false --net=static --psim=true --psim_out=/home/yaqiz/plastisim/configs/gen/BlackScholes__N_67108864_ts_65536_op_2_static/ --run-psim=true --trace=false --ctrl=true --bp=false --stat=false --arch=MyDesign --row=16 --col=8 --argin=64 --tokenout=32[0m
[pir] args=[--load-pir=true, --save-pir=true, --load-spade=false, --save-spade=false, --mapping=true, --splitting=true, --splitting-algo=alias_weighted_igraph, --psim=true, --ctrl=true, --trace=true, --bp=false, --snapint=10, --snapshot=false, --dot=true, --arch=MyDesign, --row=4, --col=4, --net=dynamic, --topo=mesh, --nn=false, --dag=true, --pattern=checkerboard, --argin=20, --argout=4, --tokenout=5, --routing-algo=dor, --routing-cost=H-hop, --debug, --mapping=true, --load-pir=true, --save-pir=false, --net=static, --psim=true, --psim_out=/home/yaqiz/plastisim/configs/gen/BlackScholes__N_67108864_ts_65536_op_2_static/, --run-psim=true, --trace=false, --ctrl=true, --bp=false, --stat=false, --arch=MyDesign, --row=16, --col=8, --argin=64, --tokenout=32]
[pir] Loading from /home/yaqiz/pir/out/BlackScholes__N_67108864_ts_65536_op_2/BlackScholes__N_67108864_ts_65536_op_2.pir[pir] Loading PIRDesign() from /home/yaqiz/pir/out/BlackScholes__N_67108864_ts_65536_op_2/BlackScholes__N_67108864_ts_65536_op_2.pir
[pir] Configuring spade MyDesign ...
[pir] Loading from /home/yaqiz/pir/out/BlackScholes__N_67108864_ts_65536_op_2/BlackScholes__N_67108864_ts_65536_op_2.sess[pir] Loading prism.Session@2edf468b from /home/yaqiz/pir/out/BlackScholes__N_67108864_ts_65536_op_2/BlackScholes__N_67108864_ts_65536_op_2.sess
[pir] Running 49-CUStatistics ...[pir] Finished 49-CUStatistics to [36mout/BlackScholes__N_67108864_ts_65536_op_2/stat.json[0m in 4687.026383ms
[pir] Running 50-PlastisimLinkAnalyzer ...[pir] Finished 50-PlastisimLinkAnalyzer in 21186.84626ms
[pir] Running 51-ControllerDotCodegen ...[pir] Finished 51-ControllerDotCodegen to [36mout/BlackScholes__N_67108864_ts_65536_op_2/controller.dot[0m in 6606.684176ms
[pir] Running 52-PIRIRDotCodegen ...[pir] Finished 52-PIRIRDotCodegen to [36mout/BlackScholes__N_67108864_ts_65536_op_2/top.dot[0m in 31157.408596ms
[pir] Running 53-SimpleIRDotCodegen ...[pir] Finished 53-SimpleIRDotCodegen to [36mout/BlackScholes__N_67108864_ts_65536_op_2/simple.dot[0m in 9466.937907ms
[pir] Running 54-PIRPrinter ...[pir] Finished 54-PIRPrinter to [36mout/BlackScholes__N_67108864_ts_65536_op_2/IR.txt[0m in 36968.341434ms
[pir] Running 55-PlastisimDotCodegen ...[pir] [33mcreating output directory: [36m/home/yaqiz/plastisim/configs/gen/BlackScholes__N_67108864_ts_65536_op_2_static/[0m[0m
[pir] Finished 55-PlastisimDotCodegen to [36mout/BlackScholes__N_67108864_ts_65536_op_2/psim.dot[0m in 29275.926096ms
[pir] Running 56-CUPruning ...[pir] Finished 56-CUPruning in 7083.098092ms
[pir] Running 57-CUPlacer ...[[32msuccess[0m] CUPlacer succeeded
[pir] Finished 57-CUPlacer in 786121.934734ms
[pir] Running 58-PIRNetworkDotCodegen ...[pir] Finished 58-PIRNetworkDotCodegen to [36mout/BlackScholes__N_67108864_ts_65536_op_2/control.dot[0m in 1172.244297ms
[pir] Running 59-PIRNetworkDotCodegen ...[pir] Finished 59-PIRNetworkDotCodegen to [36mout/BlackScholes__N_67108864_ts_65536_op_2/scalar.dot[0m in 1200.843817ms
[pir] Running 60-PIRNetworkDotCodegen ...[pir] Finished 60-PIRNetworkDotCodegen to [36mout/BlackScholes__N_67108864_ts_65536_op_2/vector.dot[0m in 1152.439063ms
[pir] Running 61-TerminalCSVCodegen ...[pir] Finished 61-TerminalCSVCodegen to [36mout/BlackScholes__N_67108864_ts_65536_op_2/node.csv[0m in 7195.548457ms
[pir] Running 62-LinkCSVCodegen ...[pir] Finished 62-LinkCSVCodegen to [36mout/BlackScholes__N_67108864_ts_65536_op_2/link.csv[0m in 31679.070639ms
[pir] Running 63-PlastisimPlacementCodegen ...[[31merror[0m] 63-PlastisimPlacementCodegen throw java.lang.AssertionError: assertion failed: More than one element in List(Input54477, Input54423) for outport=Output43803 marker=GlobalOutput10388
[pir] Finished 63-PlastisimPlacementCodegen to [36mout/BlackScholes__N_67108864_ts_65536_op_2/pir.place[0m in 4734.035518ms
[pir] Running 65-PlastisimDotCodegen ...[[31merror[0m] 65-PlastisimDotCodegen throw java.lang.AssertionError: assertion failed: More than one element in List(Input54477, Input54423) for outport=Output53649 marker=GlobalOutput10388
[pir] Finished 65-PlastisimDotCodegen to [36mout/BlackScholes__N_67108864_ts_65536_op_2/psim.dot[0m in 28699.625359ms
[pir] Running 66-PlastisimConfigCodegen ...[[31merror[0m] 66-PlastisimConfigCodegen throw java.lang.AssertionError: assertion failed: More than one element in List(Input54477, Input54423) for outport=Output53649 marker=GlobalOutput10388
[pir] Finished 66-PlastisimConfigCodegen to [36mout/BlackScholes__N_67108864_ts_65536_op_2/config.psim[0m in 31553.398958ms
compilation elapsed time: 1052.192s
[0m[[32msuccess[0m] [0mTotal time: 1055 s, completed Jul 2, 2018 1:51:42 PM[0m
-------------PASS (DONE)------------
