Java HotSpot(TM) 64-Bit Server VM warning: ignoring option MaxPermSize=1g; support was removed in 8.0
Picked up _JAVA_OPTIONS: -Xss16M
[0m[[0minfo[0m] [0mLoading global plugins from /home/yaqiz/.sbt/0.13/plugins[0m
[0m[[0minfo[0m] [0mLoading project definition from /home/yaqiz/spatial-lang/project[0m
[0m[[0minfo[0m] [0mSet current project to spatial-lang (in build file:/home/yaqiz/spatial-lang/)[0m
[0m[[33mwarn[0m] [0mThe `-` command is deprecated in favor of `onFailure` and will be removed in 0.14.0[0m
[0m[[0minfo[0m] [0mCompiling 7 Scala sources to /home/yaqiz/spatial-lang/apps/target/scala-2.12/classes...[0m
[0m[[0minfo[0m] [0mRunning LogReg__D_128_iters_1_N_196608_ts_512_op_6_mp_2 --dot --cgra+ --pirsrc /home/yaqiz/pir/pir/apps/src/gen[0m
Loaded RoutingLUTs model from file
Loaded FanoutRegisters model from file
Loaded UnavailableALMs model from file
Loaded TileLoadModel model from file
Compiling LogReg__D_128_iters_1_N_196608_ts_512_op_6_mp_2 to /home/yaqiz/spatial-lang/gen/LogReg__D_128_iters_1_N_196608_ts_512_op_6_mp_2
[[33mwarn[0m] Plasticine only support 32 bit wordwidth. FixConvert to LongType. Use single precision instead LogReg__D_128_iters_1_N_196608_ts_512_op_6_mp_2.scala:46:14
[[33mwarn[0m] Plasticine only support 32 bit wordwidth. FixConvert to LongType. Use single precision instead LogReg__D_128_iters_1_N_196608_ts_512_op_6_mp_2.scala:54:19
[[33mwarn[0m] Plasticine only support 32 bit wordwidth. FixConvert to LongType. Use single precision instead LogReg__D_128_iters_1_N_196608_ts_512_op_6_mp_2.scala:55:19
[[33mwarn[0m] Plasticine only support 32 bit wordwidth. FixConvert to LongType. Use single precision instead LogReg__D_128_iters_1_N_196608_ts_512_op_6_mp_2.scala:54:19
[[33mwarn[0m] Plasticine only support 32 bit wordwidth. FixConvert to LongType. Use single precision instead LogReg__D_128_iters_1_N_196608_ts_512_op_6_mp_2.scala:55:19
[[33mwarn[0m] Plasticine only support 32 bit wordwidth. FixConvert to LongType. Use single precision instead LogReg__D_128_iters_1_N_196608_ts_512_op_6_mp_2.scala:54:19
[[33mwarn[0m] Plasticine only support 32 bit wordwidth. FixConvert to LongType. Use single precision instead LogReg__D_128_iters_1_N_196608_ts_512_op_6_mp_2.scala:55:19
[[33mwarn[0m] Plasticine only support 32 bit wordwidth. FixConvert to LongType. Use single precision instead LogReg__D_128_iters_1_N_196608_ts_512_op_6_mp_2.scala:54:19
[[33mwarn[0m] Plasticine only support 32 bit wordwidth. FixConvert to LongType. Use single precision instead LogReg__D_128_iters_1_N_196608_ts_512_op_6_mp_2.scala:55:19
[[33mwarn[0m] Plasticine only support 32 bit wordwidth. FixConvert to LongType. Use single precision instead LogReg__D_128_iters_1_N_196608_ts_512_op_6_mp_2.scala:54:19
[[33mwarn[0m] Plasticine only support 32 bit wordwidth. FixConvert to LongType. Use single precision instead LogReg__D_128_iters_1_N_196608_ts_512_op_6_mp_2.scala:55:19
[[33mwarn[0m] Plasticine only support 32 bit wordwidth. FixConvert to LongType. Use single precision instead LogReg__D_128_iters_1_N_196608_ts_512_op_6_mp_2.scala:54:19
[[33mwarn[0m] Plasticine only support 32 bit wordwidth. FixConvert to LongType. Use single precision instead LogReg__D_128_iters_1_N_196608_ts_512_op_6_mp_2.scala:55:19
[[33mwarn[0m] Plasticine only support 32 bit wordwidth. FixConvert to LongType. Use single precision instead LogReg__D_128_iters_1_N_196608_ts_512_op_6_mp_2.scala:75:26
[[34minfo[0m] mkdir -p /home/yaqiz/pir/pir/apps/src/gen
cp /home/yaqiz/spatial-lang/gen/LogReg__D_128_iters_1_N_196608_ts_512_op_6_mp_2/pir/main.scala /home/yaqiz/pir/pir/apps/src/gen/LogReg__D_128_iters_1_N_196608_ts_512_op_6_mp_2.scala
rm /home/yaqiz/pir/out/LogReg__D_128_iters_1_N_196608_ts_512_op_6_mp_2/LogReg__D_128_iters_1_N_196608_ts_512_op_6_mp_2.pir
rm: cannot remove ‘/home/yaqiz/pir/out/LogReg__D_128_iters_1_N_196608_ts_512_op_6_mp_2/LogReg__D_128_iters_1_N_196608_ts_512_op_6_mp_2.pir’: No such file or directory
[[32mcompleted[0m] Total time: 28.2220 seconds
[0m[[32msuccess[0m] [0mTotal time: 61 s, completed Jul 1, 2018 11:51:53 PM[0m
sbt -batch "apps/run-main LogReg__D_128_iters_1_N_196608_ts_512_op_6_mp_2 --dot --cgra+ --pirsrc /home/yaqiz/pir/pir/apps/src/gen"
-------------PASS (DONE)------------
